Log file open, 09/18/14 22:02:38
LogInit:Display: Running engine for game: MyProject2
LogInit: Version: 4.2.1-2101290+++depot+UE4-Releases+4.2
LogInit: Compiled (64-bit): Jun 10 2014 22:21:56
LogInit: Build Configuration: Development
LogInit: Branch Name: ++depot+UE4-Releases+4.2
LogInit: Command line:  
LogInit: Base directory: C:/Program Files/Unreal Engine/4.2/Engine/Binaries/Win64/
LogInit: Rocket: 1
[2014.09.19-02.02.38:463][  0]LogTaskGraph: Started task graph with 3 named threads and 4 total threads.
[2014.09.19-02.02.38:495][  0]LogOnline:Warning: No default platform service specified for OnlineSubsystem
[2014.09.19-02.02.38:890][  0]LogInit: Presizing for 0 objects not considered by GC, pre-allocating 0 bytes.
[2014.09.19-02.02.38:905][  0]LogInit: Object subsystem initialized
[2014.09.19-02.02.38:909][  0]LogInit: Selected Device Profile: [Windows]
[2014.09.19-02.02.38:909][  0]LogInit: Applying CVar settings loaded from the selected device profile: [Windows]
[2014.09.19-02.02.38:968][  0]LogInit: Computer: VERONICA
[2014.09.19-02.02.38:968][  0]LogInit: User: Zeetermin
[2014.09.19-02.02.38:969][  0]LogInit: CPU Page size=4096, Cores=4
[2014.09.19-02.02.38:969][  0]LogInit: High frequency timer resolution =2.597714 MHz
[2014.09.19-02.02.38:969][  0]LogMemory: Memory total: Physical=6.0GB (6GB approx) Virtual=8192.0GB
[2014.09.19-02.02.38:969][  0]LogMemory: Platform Memory Stats for Windows
[2014.09.19-02.02.38:969][  0]LogMemory: Process Physical Memory: 56.08 MB used, 56.08 MB peak
[2014.09.19-02.02.38:969][  0]LogMemory: Process Virtual Memory: 32.58 MB used, 32.82 MB peak
[2014.09.19-02.02.38:969][  0]LogMemory: Physical Memory: 3123.73 MB used, 6135.18 MB total
[2014.09.19-02.02.38:969][  0]LogMemory: Virtual Memory: 238.59 MB used, 8388608.00 MB total
[2014.09.19-02.02.39:670][  0]LogD3D11RHI: Found D3D11 adapter 0: AMD Radeon R7 200 Series (Feature Level 11_0)
[2014.09.19-02.02.39:670][  0]LogD3D11RHI: Adapter has 2033MB of dedicated video memory, 0MB of dedicated system memory, and 2811MB of shared system memory, 2 output[s]
[2014.09.19-02.02.39:670][  0]LogD3D11RHI: Chosen D3D11 Adapter Id = 0
[2014.09.19-02.02.39:678][  0]LogRHI: Texture pool is 1361 MB (70% of 1945 MB)
[2014.09.19-02.02.39:684][  0]LogD3D11RHI: Async texture creation disabled: no driver support
[2014.09.19-02.02.41:480][  0]LogContentStreaming: Texture pool size is 0.000000MB
[2014.09.19-02.02.44:927][  0]LogTargetPlatformManager:Display: Building Assets For Windows
[2014.09.19-02.02.46:212][  0]LogTargetPlatformManager:Display: Building Assets For Windows
[2014.09.19-02.02.46:339][  0]LogDerivedDataCache:Display: Max Cache Size: 512 MB
[2014.09.19-02.02.47:320][  0]LogDerivedDataCache: Loaded boot cache 0.94s 39MB C:/Users/Zeetermin/AppData/Local/UnrealEngine/4.2/DerivedDataCache/Boot.ddc.
[2014.09.19-02.02.47:320][  0]LogDerivedDataCache:Display: Loaded Boot cache: C:/Users/Zeetermin/AppData/Local/UnrealEngine/4.2/DerivedDataCache/Boot.ddc
[2014.09.19-02.02.47:320][  0]LogDerivedDataCache: FDerivedDataBackendGraph:  Pak pak cache file ../../../../../../Users/Zeetermin/Documents/2014 Fall/SpaceVines/Space_Vines/Link-Object_prototype/DerivedDataCache/DDC.ddp not found, will not use a pak cache.
[2014.09.19-02.02.47:320][  0]LogDerivedDataCache: Unable to find inner node Pak for hierarchical cache Hierarchy.
[2014.09.19-02.02.47:405][  0]LogDerivedDataCache:Display: Pak cache opened for reading ../../../Engine/DerivedDataCache/DDC.ddp.
[2014.09.19-02.02.47:417][  0]LogDerivedDataCache: Using Local data cache path C:/Users/Zeetermin/AppData/Local/UnrealEngine/4.2/DerivedDataCache: Writable
[2014.09.19-02.02.51:228][  0]LogMeshUtilities: No automatic mesh reduction module available
[2014.09.19-02.02.51:228][  0]LogMeshUtilities: No automatic mesh merging module available
[2014.09.19-02.02.53:411][  0]LogInit: WinSock: version 1.1 (2.2), MaxSocks=32767, MaxUdp=65467
[2014.09.19-02.03.09:644][  0]LogStreaming:Warning: Failed to read file '../../../Engine/Content/Editor/Slate/Icons/ActorIcons/GroupActor_16x.png' error.
[2014.09.19-02.03.09:644][  0]LogSlate: Could not find file for Slate resource: ../../../Engine/Content/Editor/Slate/Icons/ActorIcons/GroupActor_16x.png
[2014.09.19-02.03.09:888][  0]LogStreaming:Warning: Failed to read file '../../../Engine/Content/Editor/Slate/Icons/ActorIcons/DecalActor_16x.png' error.
[2014.09.19-02.03.09:888][  0]LogSlate: Could not find file for Slate resource: ../../../Engine/Content/Editor/Slate/Icons/ActorIcons/DecalActor_16x.png
[2014.09.19-02.03.17:362][  0]UdpMessaging: Initializing bridge on interface 0.0.0.0:0 to multicast group 230.0.0.1:6666.
[2014.09.19-02.03.18:029][  0]SourceControl: Info Source control is disabled
[2014.09.19-02.03.18:029][  0]SourceControl: Info Source control is disabled
[2014.09.19-02.03.18:041][  0]SourceControl: Info Source control is disabled
[2014.09.19-02.03.19:454][  0]BlueprintLog: New page: Editor Load
[2014.09.19-02.03.20:874][  0]LogObj: 19137 objects as part of root set at end of initial load.
[2014.09.19-02.03.20:874][  0]LogUObjectAllocator: 3804784 out of 0 bytes used by permanent object pool.
[2014.09.19-02.03.21:506][  0]LogEngine: Initializing Engine...
[2014.09.19-02.03.22:057][  0]LogInit: XAudio2 using 'Speakers (High Definition Audio Device)' : 2 channels at 44.1 kHz using 16 bits per sample (channel mask 0x3)
[2014.09.19-02.03.22:069][  0]LogInit: FAudioDevice initialized.
[2014.09.19-02.03.22:147][  0]LogDerivedDataCache: Saved boot cache 0.08s 39MB C:/Users/Zeetermin/AppData/Local/UnrealEngine/4.2/DerivedDataCache/Boot.ddc.
[2014.09.19-02.03.22:152][  0]LogInit: Texture streaming: Enabled
[2014.09.19-02.03.22:950][  0]LogInit: Transaction tracking system initialized
[2014.09.19-02.03.27:315][  0]LogAssetRegistry: FAssetRegistry took 0.0094 seconds to start up
[2014.09.19-02.03.33:349][  0]LogModuleManager:Warning: ModuleManager: Unable to load module '' because the file was not found.
[2014.09.19-02.03.33:359][  0]LogModuleManager:Warning: ModuleManager: Unable to load module '' because the file was not found.
[2014.09.19-02.03.34:264][  0]LogConsoleResponse:Display: 
[2014.09.19-02.03.41:195][  0]SourceControl: Info Source control is disabled
[2014.09.19-02.03.41:195][  0]Cmd: MAP LOAD FILE="../../../../../../Users/Zeetermin/Documents/2014 Fall/SpaceVines/Space_Vines/Link-Object_prototype/Content/Maps/Example_Map.umap" TEMPLATE=0 SHOWPROGRESS=1 WORLDCOMPOSITION=0
[2014.09.19-02.03.41:231][  0]LightingResults: New page: Lighting Build
[2014.09.19-02.03.41:244][  0]MapCheck: New page: Map Check
[2014.09.19-02.03.41:244][  0]LightingResults: New page: Lighting Build
[2014.09.19-02.03.41:261][  0]LogParticles: Destroying 0 GPU particle simulations for FXSystem 0x0000000010F6D580
[2014.09.19-02.03.45:275][  0]LogEditorServer: Finished looking for orphan Actors (0.000 secs)
[2014.09.19-02.03.45:275][  0]Cmd: MAP CHECKDEP
[2014.09.19-02.03.45:275][  0]MapCheck: New page: Example_Map - Sep 18, 2014, 6:03:45 PM
[2014.09.19-02.03.45:338][  0]MapCheck: Info ========== Map Check: 0 Error(s), 0 Warning(s), [62.895ms] ==========
[2014.09.19-02.03.45:338][  0]LogFileHelpers: Loading map 'Example_Map' took 4.143
[2014.09.19-02.03.45:548][  0]LogCollectionManager: Loaded 0 collections in 0.001657 seconds
[2014.09.19-02.03.46:195][  0]LogCrashTracker: Crashtracker disabled due to settings.
[2014.09.19-02.03.46:196][  0]Cmd: MODE PLACEMENT
[2014.09.19-02.03.46:245][  0]LogLoad: Full Startup: 71.09 seconds (BP compile: 0.12 seconds)
[2014.09.19-02.03.46:262][  0]LogContentBrowser:Verbose: The content browser source was changed by the sources view to '/Game/Materials/ColorCodes'
[2014.09.19-02.03.47:806][  0]LogRenderer:Warning: Reallocating scene render targets to support 1216x968.
[2014.09.19-02.03.48:164][  1]LogEpicStorage:Warning: EnumerateFiles request failed. Invalid response. code=403 error=<?xml version="1.0" encoding="UTF-8"?>
<Error><Code>AccessDenied</Code><Message>Access Denied</Message><RequestId>7013A4E4954E5AA1</RequestId><HostId>QxgTHXCGMGMLO7LtcqCtcNH7ra/wZwo7V+jKud5xN0Vb/Yyx7YE1PZ1/VmwhNbuib5kYKjNVrSc=</HostId></Error>
[2014.09.19-02.03.48:206][  2]LogEpicSurvey:Warning: EnumerateFiles request failed. Invalid response. code=403 error=<?xml version="1.0" encoding="UTF-8"?>
<Error><Code>AccessDenied</Code><Message>Access Denied</Message><RequestId>31EB07CA904A9667</RequestId><HostId>LUpYASP7PhErIvo6v/907OP60GYmrLs/WKR9Yr4jWwdo8nsXP58BjFiEMctRuvmUJtrM6uiImUI=</HostId></Error>
[2014.09.19-02.03.48:213][  2]LogAssetRegistry: Asset discovery search completed in 20.9079 seconds
[2014.09.19-02.03.48:240][  3]LogEpicStorage:Warning: EnumerateFiles request failed. Invalid response. code=403 error=<?xml version="1.0" encoding="UTF-8"?>
<Error><Code>AccessDenied</Code><Message>Access Denied</Message><RequestId>7495D54B975116A7</RequestId><HostId>FISuJ8iBpL1gKQIZrbzAB9Uatw3CBVtyl/SbMxLA/nW21pMbp6XnHae6b93aF8Kl</HostId></Error>
[2014.09.19-02.03.48:297][  4]LogEpicSurvey:Warning: EnumerateFiles request failed. Invalid response. code=403 error=<?xml version="1.0" encoding="UTF-8"?>
<Error><Code>AccessDenied</Code><Message>Access Denied</Message><RequestId>EF34ADFF20173BAD</RequestId><HostId>0x07Ao3ddiMz6bMAfyZf6Ts7qvFauon4TpsxUxP/AQLidpr2BHW4ObCmqJxEY085</HostId></Error>
[2014.09.19-02.03.48:801][  7]LogEpicStorage:Warning: ReadFile request failed. File request already pending for filename=http://cdn.unrealengine.com/newsfeed/blueprint_icon_b.png
[2014.09.19-02.03.48:931][  7]LogEpicStorage:Warning: ReadFile request failed. File request already pending for filename=http://cdn.unrealengine.com/newsfeed/blueprint_icon_b.png
[2014.09.19-02.04.16:833][504]Cmd: MAP LOAD FILE="../../../../../../Users/Zeetermin/Documents/2014 Fall/SpaceVines/Space_Vines/Link-Object_prototype/Content/Maps/GameLevels/Three.umap" TEMPLATE=0 SHOWPROGRESS=1 WORLDCOMPOSITION=0
[2014.09.19-02.04.16:834][504]LightingResults: New page: Lighting Build
[2014.09.19-02.04.16:834][504]Cmd: MODE PLACEMENT
[2014.09.19-02.04.16:848][504]LoadErrors: New page: Loading map: Three.umap
[2014.09.19-02.04.16:848][504]MapCheck: New page: Map Check
[2014.09.19-02.04.16:848][504]LightingResults: New page: Lighting Build
[2014.09.19-02.04.16:867][504]LogParticles: Destroying 0 GPU particle simulations for FXSystem 0x000000000D4BB7E0
[2014.09.19-02.04.19:435][504]LogEditorServer: Finished looking for orphan Actors (0.000 secs)
[2014.09.19-02.04.19:454][504]Cmd: MAP CHECKDEP
[2014.09.19-02.04.19:454][504]MapCheck: New page: Three - Sep 18, 2014, 6:04:19 PM
[2014.09.19-02.04.19:515][504]MapCheck: Info ========== Map Check: 0 Error(s), 0 Warning(s), [60.109ms] ==========
[2014.09.19-02.04.19:515][504]LogFileHelpers: Loading map 'Three' took 2.681
[2014.09.19-02.05.07:104][134]Cmd: QUIT_EDITOR
[2014.09.19-02.05.07:190][134]LogWindowsTextInputMethodSystem:Error: Terminating failed while unadvising the language notification sink from the TSF source.
[2014.09.19-02.05.07:192][134]LogExit: Preparing to exit.
[2014.09.19-02.05.07:503][134]LogExit: Editor shut down
[2014.09.19-02.05.07:503][134]LogExit: Transaction tracking system shut down
[2014.09.19-02.05.07:504][134]LogParticles: Destroying 0 GPU particle simulations for FXSystem 0x0000000010DE1940
[2014.09.19-02.05.07:505][134]LogParticles: Destroying 0 GPU particle simulations for FXSystem 0x0000000010DE11C0
[2014.09.19-02.05.07:524][134]LogExit: Object subsystem successfully closed.
[2014.09.19-02.05.07:561][134]LogModuleManager: Shutting down and abandoning module AndroidDeviceDetection (164)
[2014.09.19-02.05.07:561][134]LogModuleManager: Shutting down and abandoning module CrashTracker (163)
[2014.09.19-02.05.07:561][134]LogModuleManager: Shutting down and abandoning module HTTP (162)
[2014.09.19-02.05.07:561][134]LogModuleManager: Shutting down and abandoning module NewsFeed (161)
[2014.09.19-02.05.07:561][134]LogModuleManager: Shutting down and abandoning module SceneOutliner (160)
[2014.09.19-02.05.07:561][134]LogModuleManager: Shutting down and abandoning module EditorWidgets (159)
[2014.09.19-02.05.07:561][134]LogModuleManager: Shutting down and abandoning module CollectionManager (158)
[2014.09.19-02.05.07:561][134]LogModuleManager: Shutting down and abandoning module StatsViewer (157)
[2014.09.19-02.05.07:561][134]LogModuleManager: Shutting down and abandoning module FoliageEdit (156)
[2014.09.19-02.05.07:562][134]LogModuleManager: Shutting down and abandoning module LandscapeEditor (155)
[2014.09.19-02.05.07:566][134]LogModuleManager: Shutting down and abandoning module MeshPaint (154)
[2014.09.19-02.05.07:566][134]LogModuleManager: Shutting down and abandoning module ActorPickerMode (153)
[2014.09.19-02.05.07:566][134]LogModuleManager: Shutting down and abandoning module GeometryMode (152)
[2014.09.19-02.05.07:566][134]LogModuleManager: Shutting down and abandoning module TextureAlignMode (151)
[2014.09.19-02.05.07:566][134]LogModuleManager: Shutting down and abandoning module BspMode (150)
[2014.09.19-02.05.07:566][134]LogModuleManager: Shutting down and abandoning module PlacementMode (149)
[2014.09.19-02.05.07:566][134]LogModuleManager: Shutting down and abandoning module AutomationWorker (148)
[2014.09.19-02.05.07:566][134]LogModuleManager: Shutting down and abandoning module ViewportSnapping (147)
[2014.09.19-02.05.07:566][134]LogModuleManager: Shutting down and abandoning module DeviceProfileEditor (146)
[2014.09.19-02.05.07:566][134]LogModuleManager: Shutting down and abandoning module UndoHistory (145)
[2014.09.19-02.05.07:566][134]LogModuleManager: Shutting down and abandoning module GameplayTagsEditor (144)
[2014.09.19-02.05.07:566][134]LogModuleManager: Shutting down and abandoning module UserFeedback (143)
[2014.09.19-02.05.07:566][134]LogModuleManager: Shutting down and abandoning module XmlParser (142)
[2014.09.19-02.05.07:566][134]LogModuleManager: Shutting down and abandoning module Blutility (141)
[2014.09.19-02.05.07:566][134]LogModuleManager: Shutting down and abandoning module AndroidPlatformEditor (138)
[2014.09.19-02.05.07:566][134]LogModuleManager: Shutting down and abandoning module AndroidRuntimeSettings (137)
[2014.09.19-02.05.07:566][134]LogModuleManager: Shutting down and abandoning module ProjectSettingsViewer (136)
[2014.09.19-02.05.07:566][134]LogModuleManager: Shutting down and abandoning module InputBindingEditor (135)
[2014.09.19-02.05.07:566][134]LogModuleManager: Shutting down and abandoning module EditorSettingsViewer (134)
[2014.09.19-02.05.07:567][134]LogModuleManager: Shutting down and abandoning module SettingsEditor (133)
[2014.09.19-02.05.07:567][134]LogModuleManager: Shutting down and abandoning module SessionLauncher (132)
[2014.09.19-02.05.07:567][134]LogModuleManager: Shutting down and abandoning module SessionFrontend (131)
[2014.09.19-02.05.07:567][134]LogModuleManager: Shutting down and abandoning module ProfilerClient (130)
[2014.09.19-02.05.07:567][134]LogModuleManager: Shutting down and abandoning module TargetDeviceServices (129)
[2014.09.19-02.05.07:567][134]LogModuleManager: Shutting down and abandoning module DeviceManager (128)
[2014.09.19-02.05.07:567][134]LogModuleManager: Shutting down and abandoning module AutomationController (127)
[2014.09.19-02.05.07:567][134]LogModuleManager: Shutting down and abandoning module AutomationWindow (126)
[2014.09.19-02.05.07:567][134]LogModuleManager: Shutting down and abandoning module Layers (125)
[2014.09.19-02.05.07:567][134]LogModuleManager: Shutting down and abandoning module ComponentVisualizers (124)
[2014.09.19-02.05.07:567][134]LogModuleManager: Shutting down and abandoning module DetailCustomizations (123)
[2014.09.19-02.05.07:567][134]LogModuleManager: Shutting down and abandoning module PackagesDialog (122)
[2014.09.19-02.05.07:567][134]LogModuleManager: Shutting down and abandoning module PropertyEditor (121)
[2014.09.19-02.05.07:567][134]LogModuleManager: Shutting down and abandoning module DirectoryWatcher (120)
[2014.09.19-02.05.07:567][134]LogModuleManager: Shutting down and abandoning module AssetRegistry (119)
[2014.09.19-02.05.07:677][134]LogModuleManager: Shutting down and abandoning module Persona (118)
[2014.09.19-02.05.07:677][134]LogModuleManager: Shutting down and abandoning module GraphEditor (117)
[2014.09.19-02.05.07:677][134]LogModuleManager: Shutting down and abandoning module ContentBrowser (116)
[2014.09.19-02.05.07:677][134]LogModuleManager: Shutting down and abandoning module ClassViewer (115)
[2014.09.19-02.05.07:677][134]LogModuleManager: Shutting down and abandoning module Toolbox (114)
[2014.09.19-02.05.07:677][134]LogModuleManager: Shutting down and abandoning module ModuleUI (113)
[2014.09.19-02.05.07:677][134]LogModuleManager: Shutting down and abandoning module Sequencer (112)
[2014.09.19-02.05.07:678][134]LogModuleManager: Shutting down and abandoning module AssetTools (111)
[2014.09.19-02.05.07:678][134]LogModuleManager: Shutting down and abandoning module MovieSceneTools (110)
[2014.09.19-02.05.07:678][134]LogModuleManager: Shutting down and abandoning module OutputLog (109)
[2014.09.19-02.05.07:678][134]LogModuleManager: Shutting down and abandoning module GammaUI (108)
[2014.09.19-02.05.07:678][134]LogModuleManager: Shutting down and abandoning module Documentation (107)
[2014.09.19-02.05.07:678][134]LogModuleManager: Shutting down and abandoning module DesktopPlatform (106)
[2014.09.19-02.05.07:678][134]LogModuleManager: Shutting down and abandoning module StreamingPauseRendering (105)
[2014.09.19-02.05.07:678][134]LogModuleManager: Shutting down and abandoning module AnalyticsET (104)
[2014.09.19-02.05.07:678][134]LogModuleManager: Shutting down and abandoning module Analytics (103)
[2014.09.19-02.05.07:678][134]LogModuleManager: Shutting down and abandoning module ProfilerService (102)
[2014.09.19-02.05.07:885][134]LogModuleManager: Shutting down and abandoning module TaskGraph (101)
[2014.09.19-02.05.07:885][134]LogModuleManager: Shutting down and abandoning module GameProjectGeneration (100)
[2014.09.19-02.05.07:885][134]LogModuleManager: Shutting down and abandoning module Matinee (99)
[2014.09.19-02.05.07:885][134]LogModuleManager: Shutting down and abandoning module Kismet (98)
[2014.09.19-02.05.07:885][134]LogModuleManager: Shutting down and abandoning module SlateReflector (97)
[2014.09.19-02.05.07:885][134]LogModuleManager: Shutting down and abandoning module LevelEditor (96)
[2014.09.19-02.05.07:886][134]LogModuleManager: Shutting down and abandoning module MainFrame (95)
[2014.09.19-02.05.07:886][134]LogModuleManager: Shutting down and abandoning module SourceControl (94)
[2014.09.19-02.05.07:886][134]LogModuleManager: Shutting down and abandoning module ImageWrapper (93)
[2014.09.19-02.05.07:886][134]LogModuleManager: Shutting down and abandoning module OnlineBlueprintSupport (92)
[2014.09.19-02.05.07:886][134]LogModuleManager: Shutting down and abandoning module FunctionalTesting (91)
[2014.09.19-02.05.07:886][134]LogModuleManager: Shutting down and abandoning module CollisionAnalyzer (90)
[2014.09.19-02.05.07:886][134]LogModuleManager: Shutting down and abandoning module WorkspaceMenuStructure (89)
[2014.09.19-02.05.07:886][134]LogModuleManager: Shutting down and abandoning module MessageLog (88)
[2014.09.19-02.05.07:886][134]LogModuleManager: Shutting down and abandoning module Slate (87)
[2014.09.19-02.05.07:886][134]LogModuleManager: Shutting down and abandoning module EditorStyle (86)
[2014.09.19-02.05.07:888][134]LogModuleManager: Shutting down and abandoning module SessionServices (85)
[2014.09.19-02.05.07:888][134]LogModuleManager: Shutting down and abandoning module Messaging (84)
[2014.09.19-02.05.07:888][134]LogModuleManager: Shutting down and abandoning module SourceCodeAccess (83)
[2014.09.19-02.05.07:888][134]LogModuleManager: Shutting down and abandoning module HeadMountedDisplay (82)
[2014.09.19-02.05.07:888][134]LogModuleManager: Shutting down and abandoning module XAudio2 (81)
[2014.09.19-02.05.07:888][134]LogModuleManager: Shutting down and abandoning module Networking (79)
[2014.09.19-02.05.07:888][134]LogModuleManager: Shutting down and abandoning module Core (78)
[2014.09.19-02.05.07:888][134]LogModuleManager: Shutting down and abandoning module KismetCompiler (77)
[2014.09.19-02.05.07:888][134]LogModuleManager: Shutting down and abandoning module PhysXFormats (76)
[2014.09.19-02.05.07:888][134]LogModuleManager: Shutting down and abandoning module SimplygonMeshReduction (75)
[2014.09.19-02.05.07:888][134]LogModuleManager: Shutting down and abandoning module MeshUtilities (74)
[2014.09.19-02.05.07:888][134]LogModuleManager: Shutting down and abandoning module DerivedDataCache (73)
[2014.09.19-02.05.07:929][134]LogDerivedDataCache: Shutdown
[2014.09.19-02.05.07:929][134]LogModuleManager: Shutting down and abandoning module ShaderFormatOpenGL (72)
[2014.09.19-02.05.07:929][134]LogModuleManager: Shutting down and abandoning module ShaderFormatD3D (71)
[2014.09.19-02.05.07:929][134]LogModuleManager: Shutting down and abandoning module TextureFormatUncompressed (70)
[2014.09.19-02.05.07:929][134]LogModuleManager: Shutting down and abandoning module TextureFormatPVR (69)
[2014.09.19-02.05.07:929][134]LogModuleManager: Shutting down and abandoning module TextureFormatDXT (68)
[2014.09.19-02.05.07:929][134]LogModuleManager: Shutting down and abandoning module TextureFormatAndroid (67)
[2014.09.19-02.05.07:929][134]LogModuleManager: Shutting down and abandoning module AudioFormatOpus (66)
[2014.09.19-02.05.07:929][134]LogModuleManager: Shutting down and abandoning module AudioFormatOgg (65)
[2014.09.19-02.05.07:929][134]LogModuleManager: Shutting down and abandoning module AudioFormatADPCM (64)
[2014.09.19-02.05.07:929][134]LogModuleManager: Shutting down and abandoning module Android_PVRTCTargetPlatform (63)
[2014.09.19-02.05.07:929][134]LogModuleManager: Shutting down and abandoning module Android_ETC2TargetPlatform (62)
[2014.09.19-02.05.07:929][134]LogModuleManager: Shutting down and abandoning module Android_ETC1TargetPlatform (61)
[2014.09.19-02.05.07:929][134]LogModuleManager: Shutting down and abandoning module Android_DXTTargetPlatform (60)
[2014.09.19-02.05.07:929][134]LogModuleManager: Shutting down and abandoning module Android_ATCTargetPlatform (59)
[2014.09.19-02.05.07:929][134]LogModuleManager: Shutting down and abandoning module AndroidTargetPlatform (58)
[2014.09.19-02.05.07:929][134]LogModuleManager: Shutting down and abandoning module WindowsTargetPlatform (57)
[2014.09.19-02.05.07:929][134]LogModuleManager: Shutting down and abandoning module WindowsServerTargetPlatform (56)
[2014.09.19-02.05.07:929][134]LogModuleManager: Shutting down and abandoning module WindowsNoEditorTargetPlatform (55)
[2014.09.19-02.05.07:929][134]LogModuleManager: Shutting down and abandoning module WindowsClientTargetPlatform (54)
[2014.09.19-02.05.07:929][134]LogModuleManager: Shutting down and abandoning module TargetPlatform (53)
[2014.09.19-02.05.07:929][134]LogModuleManager: Shutting down and abandoning module InputCore (52)
[2014.09.19-02.05.07:929][134]LogModuleManager: Shutting down and abandoning module Settings (51)
[2014.09.19-02.05.07:929][134]LogModuleManager: Shutting down and abandoning module TextureCompressor (48)
[2014.09.19-02.05.07:929][134]LogModuleManager: Shutting down and abandoning module ShaderCore (47)
[2014.09.19-02.05.07:929][134]LogModuleManager: Shutting down and abandoning module OpenGLDrv (46)
[2014.09.19-02.05.07:929][134]LogModuleManager: Shutting down and abandoning module D3D11RHI (45)
[2014.09.19-02.05.07:929][134]LogModuleManager: Shutting down and abandoning module SlateRHIRenderer (44)
[2014.09.19-02.05.07:929][134]LogModuleManager: Shutting down and abandoning module Renderer (43)
[2014.09.19-02.05.07:929][134]LogModuleManager: Shutting down and abandoning module Engine (42)
[2014.09.19-02.05.07:929][134]LogModuleManager: Shutting down and abandoning module SlateRemote (41)
[2014.09.19-02.05.07:929][134]LogModuleManager: Shutting down and abandoning module ScriptPlugin (40)
[2014.09.19-02.05.07:929][134]LogModuleManager: Shutting down and abandoning module ScriptEditorPlugin (38)
[2014.09.19-02.05.07:929][134]LogModuleManager: Shutting down and abandoning module WindowsMoviePlayer (37)
[2014.09.19-02.05.07:931][134]LogModuleManager: Shutting down and abandoning module ExampleDeviceProfileSelector (32)
[2014.09.19-02.05.07:931][134]LogModuleManager: Shutting down and abandoning module CustomMeshComponent (31)
[2014.09.19-02.05.07:931][134]LogModuleManager: Shutting down and abandoning module CableComponent (30)
[2014.09.19-02.05.07:931][134]LogModuleManager: Shutting down and abandoning module OculusRift (26)
[2014.09.19-02.05.07:931][134]LogModuleManager: Shutting down and abandoning module UdpMessaging (25)
[2014.09.19-02.05.08:031][134]LogModuleManager: Shutting down and abandoning module MessagingDebugger (24)
[2014.09.19-02.05.08:031][134]LogModuleManager: Shutting down and abandoning module PluginsEditor (14)
[2014.09.19-02.05.08:031][134]LogModuleManager: Shutting down and abandoning module IntroTutorials (13)
[2014.09.19-02.05.08:031][134]LogModuleManager: Shutting down and abandoning module EpicSurvey (12)
[2014.09.19-02.05.08:031][134]LogModuleManager: Shutting down and abandoning module VisualStudioSourceCodeAccess (10)
[2014.09.19-02.05.08:031][134]LogModuleManager: Shutting down and abandoning module UObjectPlugin (9)
[2014.09.19-02.05.08:031][134]LogModuleManager: Shutting down and abandoning module SubversionSourceControl (8)
[2014.09.19-02.05.08:031][134]LogModuleManager: Shutting down and abandoning module PerforceSourceControl (7)
[2014.09.19-02.05.08:031][134]LogModuleManager: Shutting down and abandoning module BlankPlugin (6)
[2014.09.19-02.05.08:031][134]LogModuleManager: Shutting down and abandoning module CoreUObject (5)
[2014.09.19-02.05.08:031][134]LogModuleManager: Shutting down and abandoning module NetworkFile (4)
[2014.09.19-02.05.08:031][134]LogModuleManager: Shutting down and abandoning module StreamingFile (3)
[2014.09.19-02.05.08:031][134]LogModuleManager: Shutting down and abandoning module SandboxFile (2)
[2014.09.19-02.05.08:031][134]LogModuleManager: Shutting down and abandoning module PakFile (1)
[2014.09.19-02.05.08:031][134]LogExit: Exiting.
[2014.09.19-02.05.08:035][134]Log file closed, 09/18/14 22:05:08
