Log file open, 09/25/14 18:19:33
LogInit:Display: Running engine for game: MyProject2
LogInit: Version: 4.2.1-2101290+++depot+UE4-Releases+4.2
LogInit: Compiled (64-bit): Jun 10 2014 22:21:56
LogInit: Build Configuration: Development
LogInit: Branch Name: ++depot+UE4-Releases+4.2
LogInit: Command line:  
LogInit: Base directory: C:/Program Files/Unreal Engine/4.2/Engine/Binaries/Win64/
LogInit: Rocket: 1
[2014.09.25-22.19.33:716][  0]LogTaskGraph: Started task graph with 3 named threads and 4 total threads.
[2014.09.25-22.19.33:751][  0]LogOnline:Warning: No default platform service specified for OnlineSubsystem
[2014.09.25-22.19.34:130][  0]LogInit: Presizing for 0 objects not considered by GC, pre-allocating 0 bytes.
[2014.09.25-22.19.34:144][  0]LogInit: Object subsystem initialized
[2014.09.25-22.19.34:148][  0]LogInit: Selected Device Profile: [Windows]
[2014.09.25-22.19.34:148][  0]LogInit: Applying CVar settings loaded from the selected device profile: [Windows]
[2014.09.25-22.19.34:157][  0]LogInit: Computer: VERONICA
[2014.09.25-22.19.34:157][  0]LogInit: User: Zeetermin
[2014.09.25-22.19.34:158][  0]LogInit: CPU Page size=4096, Cores=4
[2014.09.25-22.19.34:158][  0]LogInit: High frequency timer resolution =2.597724 MHz
[2014.09.25-22.19.34:158][  0]LogMemory: Memory total: Physical=6.0GB (6GB approx) Virtual=8192.0GB
[2014.09.25-22.19.34:158][  0]LogMemory: Platform Memory Stats for Windows
[2014.09.25-22.19.34:158][  0]LogMemory: Process Physical Memory: 56.62 MB used, 56.62 MB peak
[2014.09.25-22.19.34:158][  0]LogMemory: Process Virtual Memory: 32.62 MB used, 32.86 MB peak
[2014.09.25-22.19.34:158][  0]LogMemory: Physical Memory: 4074.41 MB used, 6135.18 MB total
[2014.09.25-22.19.34:158][  0]LogMemory: Virtual Memory: 238.59 MB used, 8388608.00 MB total
[2014.09.25-22.19.34:827][  0]LogD3D11RHI: Found D3D11 adapter 0: AMD Radeon R7 200 Series (Feature Level 11_0)
[2014.09.25-22.19.34:827][  0]LogD3D11RHI: Adapter has 2033MB of dedicated video memory, 0MB of dedicated system memory, and 2811MB of shared system memory, 2 output[s]
[2014.09.25-22.19.34:827][  0]LogD3D11RHI: Chosen D3D11 Adapter Id = 0
[2014.09.25-22.19.34:838][  0]LogRHI: Texture pool is 1361 MB (70% of 1945 MB)
[2014.09.25-22.19.34:844][  0]LogD3D11RHI: Async texture creation disabled: no driver support
[2014.09.25-22.19.36:231][  0]LogContentStreaming: Texture pool size is 0.000000MB
[2014.09.25-22.19.38:387][  0]LogTargetPlatformManager:Display: Building Assets For Windows
[2014.09.25-22.19.39:871][  0]LogTargetPlatformManager:Display: Building Assets For Windows
[2014.09.25-22.19.39:965][  0]LogDerivedDataCache:Display: Max Cache Size: 512 MB
[2014.09.25-22.19.40:033][  0]LogDerivedDataCache: Loaded boot cache 0.07s 39MB C:/Users/Zeetermin/AppData/Local/UnrealEngine/4.2/DerivedDataCache/Boot.ddc.
[2014.09.25-22.19.40:033][  0]LogDerivedDataCache:Display: Loaded Boot cache: C:/Users/Zeetermin/AppData/Local/UnrealEngine/4.2/DerivedDataCache/Boot.ddc
[2014.09.25-22.19.40:033][  0]LogDerivedDataCache: FDerivedDataBackendGraph:  Pak pak cache file ../../../../../../Users/Zeetermin/Documents/2014 Fall/SpaceVines/Space_Vines/Link-Object_prototype/DerivedDataCache/DDC.ddp not found, will not use a pak cache.
[2014.09.25-22.19.40:033][  0]LogDerivedDataCache: Unable to find inner node Pak for hierarchical cache Hierarchy.
[2014.09.25-22.19.40:045][  0]LogDerivedDataCache:Display: Pak cache opened for reading ../../../Engine/DerivedDataCache/DDC.ddp.
[2014.09.25-22.19.40:057][  0]LogDerivedDataCache: Using Local data cache path C:/Users/Zeetermin/AppData/Local/UnrealEngine/4.2/DerivedDataCache: Writable
[2014.09.25-22.19.40:667][  0]LogMeshUtilities: No automatic mesh reduction module available
[2014.09.25-22.19.40:667][  0]LogMeshUtilities: No automatic mesh merging module available
[2014.09.25-22.19.41:139][  0]LogInit: WinSock: version 1.1 (2.2), MaxSocks=32767, MaxUdp=65467
[2014.09.25-22.19.42:535][  0]LogStreaming:Warning: Failed to read file '../../../Engine/Content/Editor/Slate/Icons/ActorIcons/GroupActor_16x.png' error.
[2014.09.25-22.19.42:535][  0]LogSlate: Could not find file for Slate resource: ../../../Engine/Content/Editor/Slate/Icons/ActorIcons/GroupActor_16x.png
[2014.09.25-22.19.42:542][  0]LogStreaming:Warning: Failed to read file '../../../Engine/Content/Editor/Slate/Icons/ActorIcons/DecalActor_16x.png' error.
[2014.09.25-22.19.42:542][  0]LogSlate: Could not find file for Slate resource: ../../../Engine/Content/Editor/Slate/Icons/ActorIcons/DecalActor_16x.png
[2014.09.25-22.19.42:989][  0]UdpMessaging: Initializing bridge on interface 0.0.0.0:0 to multicast group 230.0.0.1:6666.
[2014.09.25-22.19.43:248][  0]SourceControl: Info Source control is disabled
[2014.09.25-22.19.43:248][  0]SourceControl: Info Source control is disabled
[2014.09.25-22.19.43:256][  0]SourceControl: Info Source control is disabled
[2014.09.25-22.19.43:455][  0]BlueprintLog: New page: Editor Load
[2014.09.25-22.19.43:595][  0]LogObj: 19137 objects as part of root set at end of initial load.
[2014.09.25-22.19.43:595][  0]LogUObjectAllocator: 3804784 out of 0 bytes used by permanent object pool.
[2014.09.25-22.19.43:895][  0]LogEngine: Initializing Engine...
[2014.09.25-22.19.44:029][  0]LogInit: XAudio2 using 'Speakers (High Definition Audio Device)' : 2 channels at 44.1 kHz using 16 bits per sample (channel mask 0x3)
[2014.09.25-22.19.44:039][  0]LogInit: FAudioDevice initialized.
[2014.09.25-22.19.44:063][  0]LogDerivedDataCache: Saved boot cache 0.02s 39MB C:/Users/Zeetermin/AppData/Local/UnrealEngine/4.2/DerivedDataCache/Boot.ddc.
[2014.09.25-22.19.44:069][  0]LogInit: Texture streaming: Enabled
[2014.09.25-22.19.44:251][  0]LogInit: Transaction tracking system initialized
[2014.09.25-22.19.44:516][  0]LogAssetRegistry: FAssetRegistry took 0.0101 seconds to start up
[2014.09.25-22.19.44:980][  0]LogModuleManager:Warning: ModuleManager: Unable to load module '' because the file was not found.
[2014.09.25-22.19.44:988][  0]LogModuleManager:Warning: ModuleManager: Unable to load module '' because the file was not found.
[2014.09.25-22.19.45:113][  0]LogConsoleResponse:Display: 
[2014.09.25-22.19.45:493][  0]SourceControl: Info Source control is disabled
[2014.09.25-22.19.45:493][  0]Cmd: MAP LOAD FILE="../../../../../../Users/Zeetermin/Documents/2014 Fall/SpaceVines/Space_Vines/Link-Object_prototype/Content/Maps/GameLevels/Two.umap" TEMPLATE=0 SHOWPROGRESS=1 WORLDCOMPOSITION=0
[2014.09.25-22.19.45:493][  0]LightingResults: New page: Lighting Build
[2014.09.25-22.19.45:503][  0]MapCheck: New page: Map Check
[2014.09.25-22.19.45:503][  0]LightingResults: New page: Lighting Build
[2014.09.25-22.19.45:521][  0]LogParticles: Destroying 0 GPU particle simulations for FXSystem 0x0000000011C49580
[2014.09.25-22.19.45:911][  0]LogMaterial:Warning: Material /Game/lore.lore needed to have new flag set bUsedWithStaticLighting !
[2014.09.25-22.19.45:962][  0]LogMaterial: Missing cached shader map for material lore, compiling.
[2014.09.25-22.19.45:979][  0]LogMaterial: 0.000111 seconds spent updating 1 materials, 1 interfaces, 0 instances, 0 with static permutations.
[2014.09.25-22.19.46:036][  0]LogEditorServer: Finished looking for orphan Actors (0.000 secs)
[2014.09.25-22.19.46:038][  0]Cmd: MAP CHECKDEP
[2014.09.25-22.19.46:038][  0]MapCheck: New page: Two - Sep 25, 2014, 2:19:46 PM
[2014.09.25-22.19.46:137][  0]MapCheck: Info ========== Map Check: 0 Error(s), 0 Warning(s), [97.989ms] ==========
[2014.09.25-22.19.46:137][  0]LogFileHelpers: Loading map 'Two' took 0.644
[2014.09.25-22.19.46:281][  0]LogCollectionManager: Loaded 0 collections in 0.001543 seconds
[2014.09.25-22.19.46:660][  0]LogCrashTracker: Crashtracker disabled due to settings.
[2014.09.25-22.19.46:660][  0]Cmd: MODE PLACEMENT
[2014.09.25-22.19.46:704][  0]LogLoad: Full Startup: 14.82 seconds (BP compile: 0.07 seconds)
[2014.09.25-22.19.46:727][  0]LogContentBrowser:Verbose: The content browser source was changed by the sources view to '/Game/Meshes/Environment'
[2014.09.25-22.19.46:867][  1]LogEpicStorage:Warning: EnumerateFiles request failed. Invalid response. code=403 error=<?xml version="1.0" encoding="UTF-8"?>
<Error><Code>AccessDenied</Code><Message>Access Denied</Message><RequestId>85050E401489D260</RequestId><HostId>eaDpAxjQIzdvXmKHI9pv6k9XFcA7gNYuQLZW6T43Sty6G7y+7fgZmLY6szMGVG0j</HostId></Error>
[2014.09.25-22.19.46:903][  2]LogRenderer:Warning: Reallocating scene render targets to support 824x608.
[2014.09.25-22.19.47:129][  2]LogEpicSurvey:Warning: EnumerateFiles request failed. Invalid response. code=403 error=<?xml version="1.0" encoding="UTF-8"?>
<Error><Code>AccessDenied</Code><Message>Access Denied</Message><RequestId>35A412731953A972</RequestId><HostId>8A+mRXq4Aq6iTe4gTF6l8NoPqKYo9Juw1RKJ19CvFMDJ/2rbIz5NYx1MNbURDwTX</HostId></Error>
[2014.09.25-22.19.47:161][  3]LogEpicStorage:Warning: EnumerateFiles request failed. Invalid response. code=403 error=<?xml version="1.0" encoding="UTF-8"?>
<Error><Code>AccessDenied</Code><Message>Access Denied</Message><RequestId>DFACFDED42D2672C</RequestId><HostId>OnRZui73U56bLBRSjwxu58jJYgIZxc/B5sg856Wt8srvGymK2rhyhHrxu6xq9hla</HostId></Error>
[2014.09.25-22.19.47:172][  3]LogAssetRegistry: Asset discovery search completed in 2.6669 seconds
[2014.09.25-22.19.47:199][  4]LogEpicSurvey:Warning: EnumerateFiles request failed. Invalid response. code=403 error=<?xml version="1.0" encoding="UTF-8"?>
<Error><Code>AccessDenied</Code><Message>Access Denied</Message><RequestId>A274E07D807CE67C</RequestId><HostId>F7MTF35zUNCxe/M1NcEHyYF/ZUEGyHz3+2wc3n57AEDnlg506S8pgw4AK03sHBVF</HostId></Error>
[2014.09.25-22.19.47:265][  7]LogEpicStorage:Warning: ReadFile request failed. File request already pending for filename=http://cdn.unrealengine.com/newsfeed/blueprint_icon_b.png
[2014.09.25-22.19.47:267][  7]LogEpicStorage:Warning: ReadFile request failed. File request already pending for filename=http://cdn.unrealengine.com/newsfeed/blueprint_icon_b.png
[2014.09.25-22.21.59:726][702]Cmd: MAP LOAD FILE="../../../../../../Users/Zeetermin/Documents/2014 Fall/SpaceVines/Space_Vines/Link-Object_prototype/Content/Maps/GameLevels/Three.umap" TEMPLATE=0 SHOWPROGRESS=1 WORLDCOMPOSITION=0
[2014.09.25-22.21.59:727][702]LightingResults: New page: Lighting Build
[2014.09.25-22.21.59:727][702]Cmd: MODE PLACEMENT
[2014.09.25-22.21.59:745][702]LoadErrors: New page: Loading map: Three.umap
[2014.09.25-22.21.59:747][702]MapCheck: New page: Map Check
[2014.09.25-22.21.59:747][702]LightingResults: New page: Lighting Build
[2014.09.25-22.21.59:777][702]LogParticles: Destroying 0 GPU particle simulations for FXSystem 0x000000000A927C40
[2014.09.25-22.22.00:173][702]LogEditorServer: Finished looking for orphan Actors (0.000 secs)
[2014.09.25-22.22.00:247][702]Cmd: MAP CHECKDEP
[2014.09.25-22.22.00:247][702]MapCheck: New page: Three - Sep 25, 2014, 2:22:00 PM
[2014.09.25-22.22.00:318][702]MapCheck: Info ========== Map Check: 0 Error(s), 0 Warning(s), [71.165ms] ==========
[2014.09.25-22.22.00:318][702]LogFileHelpers: Loading map 'Three' took 0.592
[2014.09.25-22.22.00:401][703]Cmd: UpdateLandscapeEditorData -warnings
[2014.09.25-22.22.00:401][703]Cmd: UpdateLandscapeEditorData
[2014.09.25-22.22.05:891][ 35]LogEditorViewport: Clicking on Actor (LMB): Landscape (asteroid bits)
[2014.09.25-22.22.17:563][504]LogInstancedFoliage: Map Rebuilt - Update all BSP painted foliage!
[2014.09.25-22.22.17:889][505]Cmd: UpdateLandscapeEditorData
[2014.09.25-22.22.25:369][743]LogInstancedFoliage: Map Rebuilt - Update all BSP painted foliage!
[2014.09.25-22.22.25:565][744]Cmd: UpdateLandscapeEditorData
[2014.09.25-22.22.30:782][851]LogInstancedFoliage: Map Rebuilt - Update all BSP painted foliage!
[2014.09.25-22.22.30:972][852]Cmd: UpdateLandscapeEditorData
[2014.09.25-22.23.02:110][590]LogPhysics:Warning: FDerivedDataPhysXCooker::BuildTriMesh: Triangle data from '/Game/Maps/GameLevels/Three.Three:PersistentLevel.ModelComponent_277' invalid (35810 verts, 0 indices).
[2014.09.25-22.25.55:097][299]Cmd: DUPLICATE
[2014.09.25-22.25.55:097][299]Cmd: ACTOR DUPLICATE
[2014.09.25-22.25.55:131][299]LogUObjectHash:Warning: Ambiguous search, could be Model /Game/Maps/GameLevels/Three.Three:PersistentLevel.SphereBrush_17.Model_7 or Model /Game/Maps/GameLevels/Three.Three:PersistentLevel.SphereBrush_16.Model_7
[2014.09.25-22.25.55:131][299]LogUObjectHash:Warning: Ambiguous search, could be Model /Game/Maps/GameLevels/Three.Three:PersistentLevel.SphereBrush_17.Model_7 or Model /Game/Maps/GameLevels/Three.Three:PersistentLevel.roof.Model_7
[2014.09.25-22.25.55:131][299]LogUObjectHash:Warning: Ambiguous search, could be Model /Game/Maps/GameLevels/Three.Three:PersistentLevel.SphereBrush_17.Model_7 or Model /Game/Maps/GameLevels/Three.Three:PersistentLevel.BoxBrush_99.Model_7
[2014.09.25-22.25.55:131][299]LogUObjectHash:Warning: Ambiguous search, could be Model /Game/Maps/GameLevels/Three.Three:PersistentLevel.SphereBrush_17.Model_7 or Model /Game/Maps/GameLevels/Three.Three:PersistentLevel.BoxBrush_98.Model_7
[2014.09.25-22.25.55:131][299]LogUObjectHash:Warning: Ambiguous search, could be Model /Game/Maps/GameLevels/Three.Three:PersistentLevel.SphereBrush_17.Model_7 or Model /Game/Maps/GameLevels/Three.Three:PersistentLevel.BoxBrush_97.Model_7
[2014.09.25-22.25.55:131][299]LogUObjectHash:Warning: Ambiguous search, could be Model /Game/Maps/GameLevels/Three.Three:PersistentLevel.SphereBrush_17.Model_7 or Model /Game/Maps/GameLevels/Three.Three:PersistentLevel.BoxBrush_96.Model_7
[2014.09.25-22.25.55:131][299]LogUObjectHash:Warning: Ambiguous search, could be Model /Game/Maps/GameLevels/Three.Three:PersistentLevel.SphereBrush_17.Model_7 or Model /Game/Maps/GameLevels/Three.Three:PersistentLevel.BoxBrush_93.Model_7
[2014.09.25-22.25.55:131][299]LogUObjectHash:Warning: Ambiguous search, could be Model /Game/Maps/GameLevels/Three.Three:PersistentLevel.SphereBrush_17.Model_7 or Model /Game/Maps/GameLevels/Three.Three:PersistentLevel.BoxBrush_92.Model_7
[2014.09.25-22.25.55:131][299]LogUObjectHash:Warning: Ambiguous search, could be Model /Game/Maps/GameLevels/Three.Three:PersistentLevel.SphereBrush_17.Model_7 or Model /Game/Maps/GameLevels/Three.Three:PersistentLevel.BoxBrush_91.Model_7
[2014.09.25-22.25.55:131][299]LogUObjectHash:Warning: Ambiguous search, could be Model /Game/Maps/GameLevels/Three.Three:PersistentLevel.SphereBrush_17.Model_7 or Model /Game/Maps/GameLevels/Three.Three:PersistentLevel.BoxBrush_90.Model_7
[2014.09.25-22.25.55:131][299]LogUObjectHash:Warning: Ambiguous search, could be Model /Game/Maps/GameLevels/Three.Three:PersistentLevel.SphereBrush_17.Model_7 or Model /Game/Maps/GameLevels/Three.Three:PersistentLevel.BoxBrush_9.Model_7
[2014.09.25-22.25.55:131][299]LogUObjectHash:Warning: Ambiguous search, could be Model /Game/Maps/GameLevels/Three.Three:PersistentLevel.SphereBrush_17.Model_7 or Model /Game/Maps/GameLevels/Three.Three:PersistentLevel.BoxBrush_89.Model_7
[2014.09.25-22.25.55:131][299]LogUObjectHash:Warning: Ambiguous search, could be Model /Game/Maps/GameLevels/Three.Three:PersistentLevel.SphereBrush_17.Model_7 or Model /Game/Maps/GameLevels/Three.Three:PersistentLevel.BoxBrush_88.Model_7
[2014.09.25-22.25.55:131][299]LogUObjectHash:Warning: Ambiguous search, could be Model /Game/Maps/GameLevels/Three.Three:PersistentLevel.SphereBrush_17.Model_7 or Model /Game/Maps/GameLevels/Three.Three:PersistentLevel.BoxBrush_84.Model_7
[2014.09.25-22.25.55:131][299]LogUObjectHash:Warning: Ambiguous search, could be Model /Game/Maps/GameLevels/Three.Three:PersistentLevel.SphereBrush_17.Model_7 or Model /Game/Maps/GameLevels/Three.Three:PersistentLevel.BoxBrush_83.Model_7
[2014.09.25-22.25.55:131][299]LogUObjectHash:Warning: Ambiguous search, could be Model /Game/Maps/GameLevels/Three.Three:PersistentLevel.SphereBrush_17.Model_7 or Model /Game/Maps/GameLevels/Three.Three:PersistentLevel.BoxBrush_82.Model_7
[2014.09.25-22.25.55:131][299]LogUObjectHash:Warning: Ambiguous search, could be Model /Game/Maps/GameLevels/Three.Three:PersistentLevel.SphereBrush_17.Model_7 or Model /Game/Maps/GameLevels/Three.Three:PersistentLevel.BoxBrush_81.Model_7
[2014.09.25-22.25.55:131][299]LogUObjectHash:Warning: Ambiguous search, could be Model /Game/Maps/GameLevels/Three.Three:PersistentLevel.SphereBrush_17.Model_7 or Model /Game/Maps/GameLevels/Three.Three:PersistentLevel.BoxBrush_80.Model_7
[2014.09.25-22.25.55:131][299]LogUObjectHash:Warning: Ambiguous search, could be Model /Game/Maps/GameLevels/Three.Three:PersistentLevel.SphereBrush_17.Model_7 or Model /Game/Maps/GameLevels/Three.Three:PersistentLevel.BoxBrush_8.Model_7
[2014.09.25-22.25.55:131][299]LogUObjectHash:Warning: Ambiguous search, could be Model /Game/Maps/GameLevels/Three.Three:PersistentLevel.SphereBrush_17.Model_7 or Model /Game/Maps/GameLevels/Three.Three:PersistentLevel.BoxBrush_79.Model_7
[2014.09.25-22.25.55:131][299]LogUObjectHash:Warning: Ambiguous search, could be Model /Game/Maps/GameLevels/Three.Three:PersistentLevel.SphereBrush_17.Model_7 or Model /Game/Maps/GameLevels/Three.Three:PersistentLevel.BoxBrush_78.Model_7
[2014.09.25-22.25.55:131][299]LogUObjectHash:Warning: Ambiguous search, could be Model /Game/Maps/GameLevels/Three.Three:PersistentLevel.SphereBrush_17.Model_7 or Model /Game/Maps/GameLevels/Three.Three:PersistentLevel.BoxBrush_77.Model_7
[2014.09.25-22.25.55:131][299]LogUObjectHash:Warning: Ambiguous search, could be Model /Game/Maps/GameLevels/Three.Three:PersistentLevel.SphereBrush_17.Model_7 or Model /Game/Maps/GameLevels/Three.Three:PersistentLevel.BoxBrush_76.Model_7
[2014.09.25-22.25.55:132][299]LogUObjectHash:Warning: Ambiguous search, could be Model /Game/Maps/GameLevels/Three.Three:PersistentLevel.SphereBrush_17.Model_7 or Model /Game/Maps/GameLevels/Three.Three:PersistentLevel.BoxBrush_75.Model_7
[2014.09.25-22.25.55:132][299]LogUObjectHash:Warning: Ambiguous search, could be Model /Game/Maps/GameLevels/Three.Three:PersistentLevel.SphereBrush_17.Model_7 or Model /Game/Maps/GameLevels/Three.Three:PersistentLevel.BoxBrush_74.Model_7
[2014.09.25-22.25.55:132][299]LogUObjectHash:Warning: Ambiguous search, could be Model /Game/Maps/GameLevels/Three.Three:PersistentLevel.SphereBrush_17.Model_7 or Model /Game/Maps/GameLevels/Three.Three:PersistentLevel.BoxBrush_72.Model_7
[2014.09.25-22.25.55:132][299]LogUObjectHash:Warning: Ambiguous search, could be Model /Game/Maps/GameLevels/Three.Three:PersistentLevel.SphereBrush_17.Model_7 or Model /Game/Maps/GameLevels/Three.Three:PersistentLevel.BoxBrush_71.Model_7
[2014.09.25-22.25.55:132][299]LogUObjectHash:Warning: Ambiguous search, could be Model /Game/Maps/GameLevels/Three.Three:PersistentLevel.SphereBrush_17.Model_7 or Model /Game/Maps/GameLevels/Three.Three:PersistentLevel.BoxBrush_70.Model_7
[2014.09.25-22.25.55:132][299]LogUObjectHash:Warning: Ambiguous search, could be Model /Game/Maps/GameLevels/Three.Three:PersistentLevel.SphereBrush_17.Model_7 or Model /Game/Maps/GameLevels/Three.Three:PersistentLevel.BoxBrush_7.Model_7
[2014.09.25-22.25.55:132][299]LogUObjectHash:Warning: Ambiguous search, could be Model /Game/Maps/GameLevels/Three.Three:PersistentLevel.SphereBrush_17.Model_7 or Model /Game/Maps/GameLevels/Three.Three:PersistentLevel.BoxBrush_69.Model_7
[2014.09.25-22.25.55:132][299]LogUObjectHash:Warning: Ambiguous search, could be Model /Game/Maps/GameLevels/Three.Three:PersistentLevel.SphereBrush_17.Model_7 or Model /Game/Maps/GameLevels/Three.Three:PersistentLevel.BoxBrush_68.Model_7
[2014.09.25-22.25.55:132][299]LogUObjectHash:Warning: Ambiguous search, could be Model /Game/Maps/GameLevels/Three.Three:PersistentLevel.SphereBrush_17.Model_7 or Model /Game/Maps/GameLevels/Three.Three:PersistentLevel.BoxBrush_67.Model_7
[2014.09.25-22.25.55:132][299]LogUObjectHash:Warning: Ambiguous search, could be Model /Game/Maps/GameLevels/Three.Three:PersistentLevel.SphereBrush_17.Model_7 or Model /Game/Maps/GameLevels/Three.Three:PersistentLevel.BoxBrush_66.Model_7
[2014.09.25-22.25.55:132][299]LogUObjectHash:Warning: Ambiguous search, could be Model /Game/Maps/GameLevels/Three.Three:PersistentLevel.SphereBrush_17.Model_7 or Model /Game/Maps/GameLevels/Three.Three:PersistentLevel.BoxBrush_65.Model_7
[2014.09.25-22.25.55:132][299]LogUObjectHash:Warning: Ambiguous search, could be Model /Game/Maps/GameLevels/Three.Three:PersistentLevel.SphereBrush_17.Model_7 or Model /Game/Maps/GameLevels/Three.Three:PersistentLevel.BoxBrush_64.Model_7
[2014.09.25-22.25.55:132][299]LogUObjectHash:Warning: Ambiguous search, could be Model /Game/Maps/GameLevels/Three.Three:PersistentLevel.SphereBrush_17.Model_7 or Model /Game/Maps/GameLevels/Three.Three:PersistentLevel.BoxBrush_63.Model_7
[2014.09.25-22.25.55:132][299]LogUObjectHash:Warning: Ambiguous search, could be Model /Game/Maps/GameLevels/Three.Three:PersistentLevel.SphereBrush_17.Model_7 or Model /Game/Maps/GameLevels/Three.Three:PersistentLevel.BoxBrush_62.Model_7
[2014.09.25-22.25.55:132][299]LogUObjectHash:Warning: Ambiguous search, could be Model /Game/Maps/GameLevels/Three.Three:PersistentLevel.SphereBrush_17.Model_7 or Model /Game/Maps/GameLevels/Three.Three:PersistentLevel.BoxBrush_61.Model_7
[2014.09.25-22.25.55:132][299]LogUObjectHash:Warning: Ambiguous search, could be Model /Game/Maps/GameLevels/Three.Three:PersistentLevel.SphereBrush_17.Model_7 or Model /Game/Maps/GameLevels/Three.Three:PersistentLevel.BoxBrush_60.Model_7
[2014.09.25-22.25.55:132][299]LogUObjectHash:Warning: Ambiguous search, could be Model /Game/Maps/GameLevels/Three.Three:PersistentLevel.SphereBrush_17.Model_7 or Model /Game/Maps/GameLevels/Three.Three:PersistentLevel.BoxBrush_6.Model_7
[2014.09.25-22.25.55:132][299]LogUObjectHash:Warning: Ambiguous search, could be Model /Game/Maps/GameLevels/Three.Three:PersistentLevel.SphereBrush_17.Model_7 or Model /Game/Maps/GameLevels/Three.Three:PersistentLevel.BoxBrush_59.Model_7
[2014.09.25-22.25.55:132][299]LogUObjectHash:Warning: Ambiguous search, could be Model /Game/Maps/GameLevels/Three.Three:PersistentLevel.SphereBrush_17.Model_7 or Model /Game/Maps/GameLevels/Three.Three:PersistentLevel.BoxBrush_58.Model_7
[2014.09.25-22.25.55:132][299]LogUObjectHash:Warning: Ambiguous search, could be Model /Game/Maps/GameLevels/Three.Three:PersistentLevel.SphereBrush_17.Model_7 or Model /Game/Maps/GameLevels/Three.Three:PersistentLevel.BoxBrush_57.Model_7
[2014.09.25-22.25.55:132][299]LogUObjectHash:Warning: Ambiguous search, could be Model /Game/Maps/GameLevels/Three.Three:PersistentLevel.SphereBrush_17.Model_7 or Model /Game/Maps/GameLevels/Three.Three:PersistentLevel.BoxBrush_55.Model_7
[2014.09.25-22.25.55:132][299]LogUObjectHash:Warning: Ambiguous search, could be Model /Game/Maps/GameLevels/Three.Three:PersistentLevel.SphereBrush_17.Model_7 or Model /Game/Maps/GameLevels/Three.Three:PersistentLevel.BoxBrush_52.Model_7
[2014.09.25-22.25.55:132][299]LogUObjectHash:Warning: Ambiguous search, could be Model /Game/Maps/GameLevels/Three.Three:PersistentLevel.SphereBrush_17.Model_7 or Model /Game/Maps/GameLevels/Three.Three:PersistentLevel.BoxBrush_51.Model_7
[2014.09.25-22.25.55:132][299]LogUObjectHash:Warning: Ambiguous search, could be Model /Game/Maps/GameLevels/Three.Three:PersistentLevel.SphereBrush_17.Model_7 or Model /Game/Maps/GameLevels/Three.Three:PersistentLevel.BoxBrush_50.Model_7
[2014.09.25-22.25.55:132][299]LogUObjectHash:Warning: Ambiguous search, could be Model /Game/Maps/GameLevels/Three.Three:PersistentLevel.SphereBrush_17.Model_7 or Model /Game/Maps/GameLevels/Three.Three:PersistentLevel.BoxBrush_5.Model_7
[2014.09.25-22.25.55:132][299]LogUObjectHash:Warning: Ambiguous search, could be Model /Game/Maps/GameLevels/Three.Three:PersistentLevel.SphereBrush_17.Model_7 or Model /Game/Maps/GameLevels/Three.Three:PersistentLevel.BoxBrush_49.Model_7
[2014.09.25-22.25.55:132][299]LogUObjectHash:Warning: Ambiguous search, could be Model /Game/Maps/GameLevels/Three.Three:PersistentLevel.SphereBrush_17.Model_7 or Model /Game/Maps/GameLevels/Three.Three:PersistentLevel.BoxBrush_48.Model_7
[2014.09.25-22.25.55:132][299]LogUObjectHash:Warning: Ambiguous search, could be Model /Game/Maps/GameLevels/Three.Three:PersistentLevel.SphereBrush_17.Model_7 or Model /Game/Maps/GameLevels/Three.Three:PersistentLevel.BoxBrush_47.Model_7
[2014.09.25-22.25.55:132][299]LogUObjectHash:Warning: Ambiguous search, could be Model /Game/Maps/GameLevels/Three.Three:PersistentLevel.SphereBrush_17.Model_7 or Model /Game/Maps/GameLevels/Three.Three:PersistentLevel.BoxBrush_46.Model_7
[2014.09.25-22.25.55:132][299]LogUObjectHash:Warning: Ambiguous search, could be Model /Game/Maps/GameLevels/Three.Three:PersistentLevel.SphereBrush_17.Model_7 or Model /Game/Maps/GameLevels/Three.Three:PersistentLevel.BoxBrush_45.Model_7
[2014.09.25-22.25.55:132][299]LogUObjectHash:Warning: Ambiguous search, could be Model /Game/Maps/GameLevels/Three.Three:PersistentLevel.SphereBrush_17.Model_7 or Model /Game/Maps/GameLevels/Three.Three:PersistentLevel.BoxBrush_44.Model_7
[2014.09.25-22.25.55:132][299]LogUObjectHash:Warning: Ambiguous search, could be Model /Game/Maps/GameLevels/Three.Three:PersistentLevel.SphereBrush_17.Model_7 or Model /Game/Maps/GameLevels/Three.Three:PersistentLevel.BoxBrush_43.Model_7
[2014.09.25-22.25.55:132][299]LogUObjectHash:Warning: Ambiguous search, could be Model /Game/Maps/GameLevels/Three.Three:PersistentLevel.SphereBrush_17.Model_7 or Model /Game/Maps/GameLevels/Three.Three:PersistentLevel.BoxBrush_41.Model_7
[2014.09.25-22.25.55:132][299]LogUObjectHash:Warning: Ambiguous search, could be Model /Game/Maps/GameLevels/Three.Three:PersistentLevel.SphereBrush_17.Model_7 or Model /Game/Maps/GameLevels/Three.Three:PersistentLevel.BoxBrush_4.Model_7
[2014.09.25-22.25.55:132][299]LogUObjectHash:Warning: Ambiguous search, could be Model /Game/Maps/GameLevels/Three.Three:PersistentLevel.SphereBrush_17.Model_7 or Model /Game/Maps/GameLevels/Three.Three:PersistentLevel.BoxBrush_39.Model_7
[2014.09.25-22.25.55:132][299]LogUObjectHash:Warning: Ambiguous search, could be Model /Game/Maps/GameLevels/Three.Three:PersistentLevel.SphereBrush_17.Model_7 or Model /Game/Maps/GameLevels/Three.Three:PersistentLevel.BoxBrush_38.Model_7
[2014.09.25-22.25.55:132][299]LogUObjectHash:Warning: Ambiguous search, could be Model /Game/Maps/GameLevels/Three.Three:PersistentLevel.SphereBrush_17.Model_7 or Model /Game/Maps/GameLevels/Three.Three:PersistentLevel.BoxBrush_35.Model_7
[2014.09.25-22.25.55:132][299]LogUObjectHash:Warning: Ambiguous search, could be Model /Game/Maps/GameLevels/Three.Three:PersistentLevel.SphereBrush_17.Model_7 or Model /Game/Maps/GameLevels/Three.Three:PersistentLevel.BoxBrush_34.Model_7
[2014.09.25-22.25.55:132][299]LogUObjectHash:Warning: Ambiguous search, could be Model /Game/Maps/GameLevels/Three.Three:PersistentLevel.SphereBrush_17.Model_7 or Model /Game/Maps/GameLevels/Three.Three:PersistentLevel.BoxBrush_33.Model_7
[2014.09.25-22.25.55:132][299]LogUObjectHash:Warning: Ambiguous search, could be Model /Game/Maps/GameLevels/Three.Three:PersistentLevel.SphereBrush_17.Model_7 or Model /Game/Maps/GameLevels/Three.Three:PersistentLevel.BoxBrush_32.Model_7
[2014.09.25-22.25.55:132][299]LogUObjectHash:Warning: Ambiguous search, could be Model /Game/Maps/GameLevels/Three.Three:PersistentLevel.SphereBrush_17.Model_7 or Model /Game/Maps/GameLevels/Three.Three:PersistentLevel.BoxBrush_27.Model_7
[2014.09.25-22.25.55:132][299]LogUObjectHash:Warning: Ambiguous search, could be Model /Game/Maps/GameLevels/Three.Three:PersistentLevel.SphereBrush_17.Model_7 or Model /Game/Maps/GameLevels/Three.Three:PersistentLevel.BoxBrush_24.Model_7
[2014.09.25-22.25.55:132][299]LogUObjectHash:Warning: Ambiguous search, could be Model /Game/Maps/GameLevels/Three.Three:PersistentLevel.SphereBrush_17.Model_7 or Model /Game/Maps/GameLevels/Three.Three:PersistentLevel.BoxBrush_23.Model_7
[2014.09.25-22.25.55:132][299]LogUObjectHash:Warning: Ambiguous search, could be Model /Game/Maps/GameLevels/Three.Three:PersistentLevel.SphereBrush_17.Model_7 or Model /Game/Maps/GameLevels/Three.Three:PersistentLevel.BoxBrush_22.Model_7
[2014.09.25-22.25.55:132][299]LogUObjectHash:Warning: Ambiguous search, could be Model /Game/Maps/GameLevels/Three.Three:PersistentLevel.SphereBrush_17.Model_7 or Model /Game/Maps/GameLevels/Three.Three:PersistentLevel.BoxBrush_21.Model_7
[2014.09.25-22.25.55:132][299]LogUObjectHash:Warning: Ambiguous search, could be Model /Game/Maps/GameLevels/Three.Three:PersistentLevel.SphereBrush_17.Model_7 or Model /Game/Maps/GameLevels/Three.Three:PersistentLevel.BoxBrush_20.Model_7
[2014.09.25-22.25.55:132][299]LogUObjectHash:Warning: Ambiguous search, could be Model /Game/Maps/GameLevels/Three.Three:PersistentLevel.SphereBrush_17.Model_7 or Model /Game/Maps/GameLevels/Three.Three:PersistentLevel.BoxBrush_2.Model_7
[2014.09.25-22.25.55:132][299]LogUObjectHash:Warning: Ambiguous search, could be Model /Game/Maps/GameLevels/Three.Three:PersistentLevel.SphereBrush_17.Model_7 or Model /Game/Maps/GameLevels/Three.Three:PersistentLevel.BoxBrush_199.Model_7
[2014.09.25-22.25.55:132][299]LogUObjectHash:Warning: Ambiguous search, could be Model /Game/Maps/GameLevels/Three.Three:PersistentLevel.SphereBrush_17.Model_7 or Model /Game/Maps/GameLevels/Three.Three:PersistentLevel.BoxBrush_194.Model_7
[2014.09.25-22.25.55:133][299]LogUObjectHash:Warning: Ambiguous search, could be Model /Game/Maps/GameLevels/Three.Three:PersistentLevel.SphereBrush_17.Model_7 or Model /Game/Maps/GameLevels/Three.Three:PersistentLevel.BoxBrush_19.Model_7
[2014.09.25-22.25.55:133][299]LogUObjectHash:Warning: Ambiguous search, could be Model /Game/Maps/GameLevels/Three.Three:PersistentLevel.SphereBrush_17.Model_7 or Model /Game/Maps/GameLevels/Three.Three:PersistentLevel.BoxBrush_18.Model_7
[2014.09.25-22.25.55:133][299]LogUObjectHash:Warning: Ambiguous search, could be Model /Game/Maps/GameLevels/Three.Three:PersistentLevel.SphereBrush_17.Model_7 or Model /Game/Maps/GameLevels/Three.Three:PersistentLevel.BoxBrush_17.Model_7
[2014.09.25-22.25.55:133][299]LogUObjectHash:Warning: Ambiguous search, could be Model /Game/Maps/GameLevels/Three.Three:PersistentLevel.SphereBrush_17.Model_7 or Model /Game/Maps/GameLevels/Three.Three:PersistentLevel.BoxBrush_162.Model_7
[2014.09.25-22.25.55:133][299]LogUObjectHash:Warning: Ambiguous search, could be Model /Game/Maps/GameLevels/Three.Three:PersistentLevel.SphereBrush_17.Model_7 or Model /Game/Maps/GameLevels/Three.Three:PersistentLevel.BoxBrush_16.Model_7
[2014.09.25-22.25.55:133][299]LogUObjectHash:Warning: Ambiguous search, could be Model /Game/Maps/GameLevels/Three.Three:PersistentLevel.SphereBrush_17.Model_7 or Model /Game/Maps/GameLevels/Three.Three:PersistentLevel.BoxBrush_159.Model_7
[2014.09.25-22.25.55:133][299]LogUObjectHash:Warning: Ambiguous search, could be Model /Game/Maps/GameLevels/Three.Three:PersistentLevel.SphereBrush_17.Model_7 or Model /Game/Maps/GameLevels/Three.Three:PersistentLevel.BoxBrush_158.Model_7
[2014.09.25-22.25.55:133][299]LogUObjectHash:Warning: Ambiguous search, could be Model /Game/Maps/GameLevels/Three.Three:PersistentLevel.SphereBrush_17.Model_7 or Model /Game/Maps/GameLevels/Three.Three:PersistentLevel.BoxBrush_157.Model_7
[2014.09.25-22.25.55:133][299]LogUObjectHash:Warning: Ambiguous search, could be Model /Game/Maps/GameLevels/Three.Three:PersistentLevel.SphereBrush_17.Model_7 or Model /Game/Maps/GameLevels/Three.Three:PersistentLevel.BoxBrush_156.Model_7
[2014.09.25-22.25.55:133][299]LogUObjectHash:Warning: Ambiguous search, could be Model /Game/Maps/GameLevels/Three.Three:PersistentLevel.SphereBrush_17.Model_7 or Model /Game/Maps/GameLevels/Three.Three:PersistentLevel.BoxBrush_155.Model_7
[2014.09.25-22.25.55:133][299]LogUObjectHash:Warning: Ambiguous search, could be Model /Game/Maps/GameLevels/Three.Three:PersistentLevel.SphereBrush_17.Model_7 or Model /Game/Maps/GameLevels/Three.Three:PersistentLevel.BoxBrush_154.Model_7
[2014.09.25-22.25.55:133][299]LogUObjectHash:Warning: Ambiguous search, could be Model /Game/Maps/GameLevels/Three.Three:PersistentLevel.SphereBrush_17.Model_7 or Model /Game/Maps/GameLevels/Three.Three:PersistentLevel.BoxBrush_153.Model_7
[2014.09.25-22.25.55:133][299]LogUObjectHash:Warning: Ambiguous search, could be Model /Game/Maps/GameLevels/Three.Three:PersistentLevel.SphereBrush_17.Model_7 or Model /Game/Maps/GameLevels/Three.Three:PersistentLevel.BoxBrush_152.Model_7
[2014.09.25-22.25.55:133][299]LogUObjectHash:Warning: Ambiguous search, could be Model /Game/Maps/GameLevels/Three.Three:PersistentLevel.SphereBrush_17.Model_7 or Model /Game/Maps/GameLevels/Three.Three:PersistentLevel.BoxBrush_151.Model_7
[2014.09.25-22.25.55:133][299]LogUObjectHash:Warning: Ambiguous search, could be Model /Game/Maps/GameLevels/Three.Three:PersistentLevel.SphereBrush_17.Model_7 or Model /Game/Maps/GameLevels/Three.Three:PersistentLevel.BoxBrush_150.Model_7
[2014.09.25-22.25.55:133][299]LogUObjectHash:Warning: Ambiguous search, could be Model /Game/Maps/GameLevels/Three.Three:PersistentLevel.SphereBrush_17.Model_7 or Model /Game/Maps/GameLevels/Three.Three:PersistentLevel.BoxBrush_148.Model_7
[2014.09.25-22.25.55:133][299]LogUObjectHash:Warning: Ambiguous search, could be Model /Game/Maps/GameLevels/Three.Three:PersistentLevel.SphereBrush_17.Model_7 or Model /Game/Maps/GameLevels/Three.Three:PersistentLevel.BoxBrush_147.Model_7
[2014.09.25-22.25.55:133][299]LogUObjectHash:Warning: Ambiguous search, could be Model /Game/Maps/GameLevels/Three.Three:PersistentLevel.SphereBrush_17.Model_7 or Model /Game/Maps/GameLevels/Three.Three:PersistentLevel.BoxBrush_146.Model_7
[2014.09.25-22.25.55:133][299]LogUObjectHash:Warning: Ambiguous search, could be Model /Game/Maps/GameLevels/Three.Three:PersistentLevel.SphereBrush_17.Model_7 or Model /Game/Maps/GameLevels/Three.Three:PersistentLevel.BoxBrush_145.Model_7
[2014.09.25-22.25.55:133][299]LogUObjectHash:Warning: Ambiguous search, could be Model /Game/Maps/GameLevels/Three.Three:PersistentLevel.SphereBrush_17.Model_7 or Model /Game/Maps/GameLevels/Three.Three:PersistentLevel.BoxBrush_144.Model_7
[2014.09.25-22.25.55:133][299]LogUObjectHash:Warning: Ambiguous search, could be Model /Game/Maps/GameLevels/Three.Three:PersistentLevel.SphereBrush_17.Model_7 or Model /Game/Maps/GameLevels/Three.Three:PersistentLevel.BoxBrush_143.Model_7
[2014.09.25-22.25.55:133][299]LogUObjectHash:Warning: Ambiguous search, could be Model /Game/Maps/GameLevels/Three.Three:PersistentLevel.SphereBrush_17.Model_7 or Model /Game/Maps/GameLevels/Three.Three:PersistentLevel.BoxBrush_142.Model_7
[2014.09.25-22.25.55:133][299]LogUObjectHash:Warning: Ambiguous search, could be Model /Game/Maps/GameLevels/Three.Three:PersistentLevel.SphereBrush_17.Model_7 or Model /Game/Maps/GameLevels/Three.Three:PersistentLevel.BoxBrush_141.Model_7
[2014.09.25-22.25.55:133][299]LogUObjectHash:Warning: Ambiguous search, could be Model /Game/Maps/GameLevels/Three.Three:PersistentLevel.SphereBrush_17.Model_7 or Model /Game/Maps/GameLevels/Three.Three:PersistentLevel.BoxBrush_140.Model_7
[2014.09.25-22.25.55:133][299]LogUObjectHash:Warning: Ambiguous search, could be Model /Game/Maps/GameLevels/Three.Three:PersistentLevel.SphereBrush_17.Model_7 or Model /Game/Maps/GameLevels/Three.Three:PersistentLevel.BoxBrush_14.Model_7
[2014.09.25-22.25.55:133][299]LogUObjectHash:Warning: Ambiguous search, could be Model /Game/Maps/GameLevels/Three.Three:PersistentLevel.SphereBrush_17.Model_7 or Model /Game/Maps/GameLevels/Three.Three:PersistentLevel.BoxBrush_138.Model_7
[2014.09.25-22.25.55:133][299]LogUObjectHash:Warning: Ambiguous search, could be Model /Game/Maps/GameLevels/Three.Three:PersistentLevel.SphereBrush_17.Model_7 or Model /Game/Maps/GameLevels/Three.Three:PersistentLevel.BoxBrush_137.Model_7
[2014.09.25-22.25.55:133][299]LogUObjectHash:Warning: Ambiguous search, could be Model /Game/Maps/GameLevels/Three.Three:PersistentLevel.SphereBrush_17.Model_7 or Model /Game/Maps/GameLevels/Three.Three:PersistentLevel.BoxBrush_136.Model_7
[2014.09.25-22.25.55:133][299]LogUObjectHash:Warning: Ambiguous search, could be Model /Game/Maps/GameLevels/Three.Three:PersistentLevel.SphereBrush_17.Model_7 or Model /Game/Maps/GameLevels/Three.Three:PersistentLevel.BoxBrush_135.Model_7
[2014.09.25-22.25.55:133][299]LogUObjectHash:Warning: Ambiguous search, could be Model /Game/Maps/GameLevels/Three.Three:PersistentLevel.SphereBrush_17.Model_7 or Model /Game/Maps/GameLevels/Three.Three:PersistentLevel.BoxBrush_134.Model_7
[2014.09.25-22.25.55:133][299]LogUObjectHash:Warning: Ambiguous search, could be Model /Game/Maps/GameLevels/Three.Three:PersistentLevel.SphereBrush_17.Model_7 or Model /Game/Maps/GameLevels/Three.Three:PersistentLevel.BoxBrush_133.Model_7
[2014.09.25-22.25.55:133][299]LogUObjectHash:Warning: Ambiguous search, could be Model /Game/Maps/GameLevels/Three.Three:PersistentLevel.SphereBrush_17.Model_7 or Model /Game/Maps/GameLevels/Three.Three:PersistentLevel.BoxBrush_132.Model_7
[2014.09.25-22.25.55:133][299]LogUObjectHash:Warning: Ambiguous search, could be Model /Game/Maps/GameLevels/Three.Three:PersistentLevel.SphereBrush_17.Model_7 or Model /Game/Maps/GameLevels/Three.Three:PersistentLevel.BoxBrush_13.Model_7
[2014.09.25-22.25.55:133][299]LogUObjectHash:Warning: Ambiguous search, could be Model /Game/Maps/GameLevels/Three.Three:PersistentLevel.SphereBrush_17.Model_7 or Model /Game/Maps/GameLevels/Three.Three:PersistentLevel.BoxBrush_127.Model_7
[2014.09.25-22.25.55:133][299]LogUObjectHash:Warning: Ambiguous search, could be Model /Game/Maps/GameLevels/Three.Three:PersistentLevel.SphereBrush_17.Model_7 or Model /Game/Maps/GameLevels/Three.Three:PersistentLevel.BoxBrush_125.Model_7
[2014.09.25-22.25.55:133][299]LogUObjectHash:Warning: Ambiguous search, could be Model /Game/Maps/GameLevels/Three.Three:PersistentLevel.SphereBrush_17.Model_7 or Model /Game/Maps/GameLevels/Three.Three:PersistentLevel.BoxBrush_124.Model_7
[2014.09.25-22.25.55:133][299]LogUObjectHash:Warning: Ambiguous search, could be Model /Game/Maps/GameLevels/Three.Three:PersistentLevel.SphereBrush_17.Model_7 or Model /Game/Maps/GameLevels/Three.Three:PersistentLevel.BoxBrush_12.Model_7
[2014.09.25-22.25.55:133][299]LogUObjectHash:Warning: Ambiguous search, could be Model /Game/Maps/GameLevels/Three.Three:PersistentLevel.SphereBrush_17.Model_7 or Model /Game/Maps/GameLevels/Three.Three:PersistentLevel.BoxBrush_119.Model_7
[2014.09.25-22.25.55:133][299]LogUObjectHash:Warning: Ambiguous search, could be Model /Game/Maps/GameLevels/Three.Three:PersistentLevel.SphereBrush_17.Model_7 or Model /Game/Maps/GameLevels/Three.Three:PersistentLevel.BoxBrush_117.Model_7
[2014.09.25-22.25.55:133][299]LogUObjectHash:Warning: Ambiguous search, could be Model /Game/Maps/GameLevels/Three.Three:PersistentLevel.SphereBrush_17.Model_7 or Model /Game/Maps/GameLevels/Three.Three:PersistentLevel.BoxBrush_116.Model_7
[2014.09.25-22.25.55:133][299]LogUObjectHash:Warning: Ambiguous search, could be Model /Game/Maps/GameLevels/Three.Three:PersistentLevel.SphereBrush_17.Model_7 or Model /Game/Maps/GameLevels/Three.Three:PersistentLevel.BoxBrush_114.Model_7
[2014.09.25-22.25.55:133][299]LogUObjectHash:Warning: Ambiguous search, could be Model /Game/Maps/GameLevels/Three.Three:PersistentLevel.SphereBrush_17.Model_7 or Model /Game/Maps/GameLevels/Three.Three:PersistentLevel.BoxBrush_113.Model_7
[2014.09.25-22.25.55:133][299]LogUObjectHash:Warning: Ambiguous search, could be Model /Game/Maps/GameLevels/Three.Three:PersistentLevel.SphereBrush_17.Model_7 or Model /Game/Maps/GameLevels/Three.Three:PersistentLevel.BoxBrush_112.Model_7
[2014.09.25-22.25.55:133][299]LogUObjectHash:Warning: Ambiguous search, could be Model /Game/Maps/GameLevels/Three.Three:PersistentLevel.SphereBrush_17.Model_7 or Model /Game/Maps/GameLevels/Three.Three:PersistentLevel.BoxBrush_111.Model_7
[2014.09.25-22.25.55:133][299]LogUObjectHash:Warning: Ambiguous search, could be Model /Game/Maps/GameLevels/Three.Three:PersistentLevel.SphereBrush_17.Model_7 or Model /Game/Maps/GameLevels/Three.Three:PersistentLevel.BoxBrush_110.Model_7
[2014.09.25-22.25.55:133][299]LogUObjectHash:Warning: Ambiguous search, could be Model /Game/Maps/GameLevels/Three.Three:PersistentLevel.SphereBrush_17.Model_7 or Model /Game/Maps/GameLevels/Three.Three:PersistentLevel.BoxBrush_109.Model_7
[2014.09.25-22.25.55:133][299]LogUObjectHash:Warning: Ambiguous search, could be Model /Game/Maps/GameLevels/Three.Three:PersistentLevel.SphereBrush_17.Model_7 or Model /Game/Maps/GameLevels/Three.Three:PersistentLevel.BoxBrush_108.Model_7
[2014.09.25-22.25.55:133][299]LogUObjectHash:Warning: Ambiguous search, could be Model /Game/Maps/GameLevels/Three.Three:PersistentLevel.SphereBrush_17.Model_7 or Model /Game/Maps/GameLevels/Three.Three:PersistentLevel.BoxBrush_107.Model_7
[2014.09.25-22.25.55:133][299]LogUObjectHash:Warning: Ambiguous search, could be Model /Game/Maps/GameLevels/Three.Three:PersistentLevel.SphereBrush_17.Model_7 or Model /Game/Maps/GameLevels/Three.Three:PersistentLevel.BoxBrush_106.Model_7
[2014.09.25-22.25.55:134][299]LogUObjectHash:Warning: Ambiguous search, could be Model /Game/Maps/GameLevels/Three.Three:PersistentLevel.SphereBrush_17.Model_7 or Model /Game/Maps/GameLevels/Three.Three:PersistentLevel.BoxBrush_105.Model_7
[2014.09.25-22.25.55:134][299]LogUObjectHash:Warning: Ambiguous search, could be Model /Game/Maps/GameLevels/Three.Three:PersistentLevel.SphereBrush_17.Model_7 or Model /Game/Maps/GameLevels/Three.Three:PersistentLevel.BoxBrush_104.Model_7
[2014.09.25-22.25.55:134][299]LogUObjectHash:Warning: Ambiguous search, could be Model /Game/Maps/GameLevels/Three.Three:PersistentLevel.SphereBrush_17.Model_7 or Model /Game/Maps/GameLevels/Three.Three:PersistentLevel.BoxBrush_103.Model_7
[2014.09.25-22.25.55:134][299]LogUObjectHash:Warning: Ambiguous search, could be Model /Game/Maps/GameLevels/Three.Three:PersistentLevel.SphereBrush_17.Model_7 or Model /Game/Maps/GameLevels/Three.Three:PersistentLevel.BoxBrush_102.Model_7
[2014.09.25-22.25.55:134][299]LogUObjectHash:Warning: Ambiguous search, could be Model /Game/Maps/GameLevels/Three.Three:PersistentLevel.SphereBrush_17.Model_7 or Model /Game/Maps/GameLevels/Three.Three:PersistentLevel.BoxBrush_101.Model_7
[2014.09.25-22.25.55:134][299]LogUObjectHash:Warning: Ambiguous search, could be Model /Game/Maps/GameLevels/Three.Three:PersistentLevel.SphereBrush_17.Model_7 or Model /Game/Maps/GameLevels/Three.Three:PersistentLevel.BoxBrush_10.Model_7
[2014.09.25-22.25.55:134][299]LogUObjectHash:Warning: Ambiguous search, could be Model /Game/Maps/GameLevels/Three.Three:PersistentLevel.SphereBrush_17.Model_7 or Model /Game/Maps/GameLevels/Three.Three:PersistentLevel.BoxBrush.Model_7
[2014.09.25-22.25.59:115][299]LogInstancedFoliage: Map Rebuilt - Update all BSP painted foliage!
[2014.09.25-22.25.59:308][300]Cmd: UpdateLandscapeEditorData
[2014.09.25-22.26.07:205][638]LogInstancedFoliage: Map Rebuilt - Update all BSP painted foliage!
[2014.09.25-22.26.07:462][639]Cmd: UpdateLandscapeEditorData
[2014.09.25-22.26.19:942][339]LogInstancedFoliage: Map Rebuilt - Update all BSP painted foliage!
[2014.09.25-22.26.20:109][340]Cmd: UpdateLandscapeEditorData
[2014.09.25-22.26.31:946][891]LogInstancedFoliage: Map Rebuilt - Update all BSP painted foliage!
[2014.09.25-22.26.32:155][892]Cmd: UpdateLandscapeEditorData
[2014.09.25-22.26.39:152][204]LogInstancedFoliage: Map Rebuilt - Update all BSP painted foliage!
[2014.09.25-22.26.39:319][205]Cmd: UpdateLandscapeEditorData
[2014.09.25-22.26.46:030][468]LogInstancedFoliage: Map Rebuilt - Update all BSP painted foliage!
[2014.09.25-22.26.46:196][469]Cmd: UpdateLandscapeEditorData
[2014.09.25-22.26.57:417][ 36]LogInstancedFoliage: Map Rebuilt - Update all BSP painted foliage!
[2014.09.25-22.26.57:585][ 37]Cmd: UpdateLandscapeEditorData
[2014.09.25-22.27.07:332][497]LogInstancedFoliage: Map Rebuilt - Update all BSP painted foliage!
[2014.09.25-22.27.07:578][498]Cmd: UpdateLandscapeEditorData
[2014.09.25-22.27.29:964][ 49]LogInstancedFoliage: Map Rebuilt - Update all BSP painted foliage!
[2014.09.25-22.27.30:133][ 50]Cmd: UpdateLandscapeEditorData
[2014.09.25-22.28.03:945][253]LogInstancedFoliage: Map Rebuilt - Update all BSP painted foliage!
[2014.09.25-22.28.04:114][254]Cmd: UpdateLandscapeEditorData
[2014.09.25-22.28.14:105][726]LogInstancedFoliage: Map Rebuilt - Update all BSP painted foliage!
[2014.09.25-22.28.14:299][727]Cmd: UpdateLandscapeEditorData
[2014.09.25-22.28.16:490][887]Cmd: TRANSACTION UNDO
[2014.09.25-22.28.16:490][887]LogEditorTransaction: Undo Move Actors
[2014.09.25-22.29.48:966][887]LogDerivedDataCache:Warning: C:/Users/Zeetermin/AppData/Local/UnrealEngine/4.2/DerivedDataCache access is very slow, consider disabling it.
[2014.09.25-22.29.48:966][887]LogDerivedDataCache:Warning: C:/Users/Zeetermin/AppData/Local/UnrealEngine/4.2/DerivedDataCache access is very slow, consider disabling it.
[2014.09.25-22.30.34:834][887]LogDerivedDataCache:Warning: C:/Users/Zeetermin/AppData/Local/UnrealEngine/4.2/DerivedDataCache access is very slow, consider disabling it.
[2014.09.25-22.30.34:834][887]LogDerivedDataCache:Warning: C:/Users/Zeetermin/AppData/Local/UnrealEngine/4.2/DerivedDataCache access is very slow, consider disabling it.
[2014.09.25-22.30.34:834][887]LogDerivedDataCache:Warning: C:/Users/Zeetermin/AppData/Local/UnrealEngine/4.2/DerivedDataCache access is very slow, consider disabling it.
[2014.09.25-22.31.54:349][887]LogInstancedFoliage: Map Rebuilt - Update all BSP painted foliage!
[2014.09.25-22.32.01:161][887]LogSavePackage: Save=1076.414917ms
[2014.09.25-22.32.01:161][887]LogSavePackage: Moving '../../../../../../Users/Zeetermin/Documents/2014 Fall/SpaceVines/Space_Vines/Link-Object_prototype/Saved/Three8CAF03124171006C355B23BD4B451E78.tmp' to '../../../../../../Users/Zeetermin/Documents/2014 Fall/SpaceVines/Space_Vines/Link-Object_prototype/Content/Maps/GameLevels/Three.umap'
[2014.09.25-22.32.01:215][887]LogFileHelpers: Saving map 'Three' took 4.247
[2014.09.25-22.32.01:598][888]Cmd: UpdateLandscapeEditorData
[2014.09.25-22.32.01:598][888]Cmd: QUIT_EDITOR
[2014.09.25-22.32.01:662][888]LogWindowsTextInputMethodSystem:Error: Terminating failed while unadvising the language notification sink from the TSF source.
[2014.09.25-22.32.01:664][888]LogExit: Preparing to exit.
[2014.09.25-22.32.02:111][888]LogActorComponent: UnregisterComponent: (None.None) Not registered. Aborting.
[2014.09.25-22.32.02:111][888]LogActorComponent: UnregisterComponent: (None.None) Not registered. Aborting.
[2014.09.25-22.32.02:111][888]LogActorComponent: UnregisterComponent: (None.None) Not registered. Aborting.
[2014.09.25-22.32.02:111][888]LogActorComponent: UnregisterComponent: (None.None) Not registered. Aborting.
[2014.09.25-22.32.02:111][888]LogActorComponent: UnregisterComponent: (None.None) Not registered. Aborting.
[2014.09.25-22.32.02:111][888]LogActorComponent: UnregisterComponent: (None.None) Not registered. Aborting.
[2014.09.25-22.32.02:111][888]LogActorComponent: UnregisterComponent: (None.None) Not registered. Aborting.
[2014.09.25-22.32.02:111][888]LogActorComponent: UnregisterComponent: (None.None) Not registered. Aborting.
[2014.09.25-22.32.02:111][888]LogActorComponent: UnregisterComponent: (None.None) Not registered. Aborting.
[2014.09.25-22.32.02:111][888]LogActorComponent: UnregisterComponent: (None.None) Not registered. Aborting.
[2014.09.25-22.32.02:111][888]LogActorComponent: UnregisterComponent: (None.None) Not registered. Aborting.
[2014.09.25-22.32.02:111][888]LogActorComponent: UnregisterComponent: (None.None) Not registered. Aborting.
[2014.09.25-22.32.02:132][888]LogExit: Editor shut down
[2014.09.25-22.32.02:132][888]LogExit: Transaction tracking system shut down
[2014.09.25-22.32.02:133][888]LogParticles: Destroying 0 GPU particle simulations for FXSystem 0x000000001E177A60
[2014.09.25-22.32.02:133][888]LogParticles: Destroying 0 GPU particle simulations for FXSystem 0x000000001E177D80
[2014.09.25-22.32.02:134][888]LogParticles: Destroying 0 GPU particle simulations for FXSystem 0x000000000A66B920
[2014.09.25-22.32.02:161][888]LogExit: Object subsystem successfully closed.
[2014.09.25-22.32.02:239][888]LogModuleManager: Shutting down and abandoning module AndroidDeviceDetection (164)
[2014.09.25-22.32.02:239][888]LogModuleManager: Shutting down and abandoning module CrashTracker (163)
[2014.09.25-22.32.02:239][888]LogModuleManager: Shutting down and abandoning module HTTP (162)
[2014.09.25-22.32.02:239][888]LogModuleManager: Shutting down and abandoning module NewsFeed (161)
[2014.09.25-22.32.02:239][888]LogModuleManager: Shutting down and abandoning module SceneOutliner (160)
[2014.09.25-22.32.02:239][888]LogModuleManager: Shutting down and abandoning module EditorWidgets (159)
[2014.09.25-22.32.02:239][888]LogModuleManager: Shutting down and abandoning module CollectionManager (158)
[2014.09.25-22.32.02:239][888]LogModuleManager: Shutting down and abandoning module StatsViewer (157)
[2014.09.25-22.32.02:239][888]LogModuleManager: Shutting down and abandoning module FoliageEdit (156)
[2014.09.25-22.32.02:240][888]LogModuleManager: Shutting down and abandoning module LandscapeEditor (155)
[2014.09.25-22.32.02:244][888]LogModuleManager: Shutting down and abandoning module MeshPaint (154)
[2014.09.25-22.32.02:244][888]LogModuleManager: Shutting down and abandoning module ActorPickerMode (153)
[2014.09.25-22.32.02:244][888]LogModuleManager: Shutting down and abandoning module GeometryMode (152)
[2014.09.25-22.32.02:244][888]LogModuleManager: Shutting down and abandoning module TextureAlignMode (151)
[2014.09.25-22.32.02:244][888]LogModuleManager: Shutting down and abandoning module BspMode (150)
[2014.09.25-22.32.02:244][888]LogModuleManager: Shutting down and abandoning module PlacementMode (149)
[2014.09.25-22.32.02:245][888]LogModuleManager: Shutting down and abandoning module AutomationWorker (148)
[2014.09.25-22.32.02:245][888]LogModuleManager: Shutting down and abandoning module ViewportSnapping (147)
[2014.09.25-22.32.02:245][888]LogModuleManager: Shutting down and abandoning module DeviceProfileEditor (146)
[2014.09.25-22.32.02:245][888]LogModuleManager: Shutting down and abandoning module UndoHistory (145)
[2014.09.25-22.32.02:245][888]LogModuleManager: Shutting down and abandoning module GameplayTagsEditor (144)
[2014.09.25-22.32.02:245][888]LogModuleManager: Shutting down and abandoning module UserFeedback (143)
[2014.09.25-22.32.02:245][888]LogModuleManager: Shutting down and abandoning module XmlParser (142)
[2014.09.25-22.32.02:245][888]LogModuleManager: Shutting down and abandoning module Blutility (141)
[2014.09.25-22.32.02:245][888]LogModuleManager: Shutting down and abandoning module AndroidPlatformEditor (138)
[2014.09.25-22.32.02:245][888]LogModuleManager: Shutting down and abandoning module AndroidRuntimeSettings (137)
[2014.09.25-22.32.02:245][888]LogModuleManager: Shutting down and abandoning module ProjectSettingsViewer (136)
[2014.09.25-22.32.02:245][888]LogModuleManager: Shutting down and abandoning module InputBindingEditor (135)
[2014.09.25-22.32.02:245][888]LogModuleManager: Shutting down and abandoning module EditorSettingsViewer (134)
[2014.09.25-22.32.02:245][888]LogModuleManager: Shutting down and abandoning module SettingsEditor (133)
[2014.09.25-22.32.02:245][888]LogModuleManager: Shutting down and abandoning module SessionLauncher (132)
[2014.09.25-22.32.02:245][888]LogModuleManager: Shutting down and abandoning module SessionFrontend (131)
[2014.09.25-22.32.02:245][888]LogModuleManager: Shutting down and abandoning module ProfilerClient (130)
[2014.09.25-22.32.02:245][888]LogModuleManager: Shutting down and abandoning module TargetDeviceServices (129)
[2014.09.25-22.32.02:245][888]LogModuleManager: Shutting down and abandoning module DeviceManager (128)
[2014.09.25-22.32.02:245][888]LogModuleManager: Shutting down and abandoning module AutomationController (127)
[2014.09.25-22.32.02:245][888]LogModuleManager: Shutting down and abandoning module AutomationWindow (126)
[2014.09.25-22.32.02:245][888]LogModuleManager: Shutting down and abandoning module Layers (125)
[2014.09.25-22.32.02:245][888]LogModuleManager: Shutting down and abandoning module ComponentVisualizers (124)
[2014.09.25-22.32.02:245][888]LogModuleManager: Shutting down and abandoning module DetailCustomizations (123)
[2014.09.25-22.32.02:245][888]LogModuleManager: Shutting down and abandoning module PackagesDialog (122)
[2014.09.25-22.32.02:245][888]LogModuleManager: Shutting down and abandoning module PropertyEditor (121)
[2014.09.25-22.32.02:245][888]LogModuleManager: Shutting down and abandoning module DirectoryWatcher (120)
[2014.09.25-22.32.02:246][888]LogModuleManager: Shutting down and abandoning module AssetRegistry (119)
[2014.09.25-22.32.02:377][888]LogModuleManager: Shutting down and abandoning module Persona (118)
[2014.09.25-22.32.02:378][888]LogModuleManager: Shutting down and abandoning module GraphEditor (117)
[2014.09.25-22.32.02:378][888]LogModuleManager: Shutting down and abandoning module ContentBrowser (116)
[2014.09.25-22.32.02:378][888]LogModuleManager: Shutting down and abandoning module ClassViewer (115)
[2014.09.25-22.32.02:378][888]LogModuleManager: Shutting down and abandoning module Toolbox (114)
[2014.09.25-22.32.02:378][888]LogModuleManager: Shutting down and abandoning module ModuleUI (113)
[2014.09.25-22.32.02:378][888]LogModuleManager: Shutting down and abandoning module Sequencer (112)
[2014.09.25-22.32.02:378][888]LogModuleManager: Shutting down and abandoning module AssetTools (111)
[2014.09.25-22.32.02:378][888]LogModuleManager: Shutting down and abandoning module MovieSceneTools (110)
[2014.09.25-22.32.02:378][888]LogModuleManager: Shutting down and abandoning module OutputLog (109)
[2014.09.25-22.32.02:378][888]LogModuleManager: Shutting down and abandoning module GammaUI (108)
[2014.09.25-22.32.02:378][888]LogModuleManager: Shutting down and abandoning module Documentation (107)
[2014.09.25-22.32.02:378][888]LogModuleManager: Shutting down and abandoning module DesktopPlatform (106)
[2014.09.25-22.32.02:378][888]LogModuleManager: Shutting down and abandoning module StreamingPauseRendering (105)
[2014.09.25-22.32.02:378][888]LogModuleManager: Shutting down and abandoning module AnalyticsET (104)
[2014.09.25-22.32.02:378][888]LogModuleManager: Shutting down and abandoning module Analytics (103)
[2014.09.25-22.32.02:378][888]LogModuleManager: Shutting down and abandoning module ProfilerService (102)
[2014.09.25-22.32.02:448][888]LogModuleManager: Shutting down and abandoning module TaskGraph (101)
[2014.09.25-22.32.02:448][888]LogModuleManager: Shutting down and abandoning module GameProjectGeneration (100)
[2014.09.25-22.32.02:448][888]LogModuleManager: Shutting down and abandoning module Matinee (99)
[2014.09.25-22.32.02:448][888]LogModuleManager: Shutting down and abandoning module Kismet (98)
[2014.09.25-22.32.02:448][888]LogModuleManager: Shutting down and abandoning module SlateReflector (97)
[2014.09.25-22.32.02:448][888]LogModuleManager: Shutting down and abandoning module LevelEditor (96)
[2014.09.25-22.32.02:449][888]LogModuleManager: Shutting down and abandoning module MainFrame (95)
[2014.09.25-22.32.02:449][888]LogModuleManager: Shutting down and abandoning module SourceControl (94)
[2014.09.25-22.32.02:449][888]LogModuleManager: Shutting down and abandoning module ImageWrapper (93)
[2014.09.25-22.32.02:450][888]LogModuleManager: Shutting down and abandoning module OnlineBlueprintSupport (92)
[2014.09.25-22.32.02:450][888]LogModuleManager: Shutting down and abandoning module FunctionalTesting (91)
[2014.09.25-22.32.02:450][888]LogModuleManager: Shutting down and abandoning module CollisionAnalyzer (90)
[2014.09.25-22.32.02:450][888]LogModuleManager: Shutting down and abandoning module WorkspaceMenuStructure (89)
[2014.09.25-22.32.02:450][888]LogModuleManager: Shutting down and abandoning module MessageLog (88)
[2014.09.25-22.32.02:450][888]LogModuleManager: Shutting down and abandoning module Slate (87)
[2014.09.25-22.32.02:450][888]LogModuleManager: Shutting down and abandoning module EditorStyle (86)
[2014.09.25-22.32.02:452][888]LogModuleManager: Shutting down and abandoning module SessionServices (85)
[2014.09.25-22.32.02:452][888]LogModuleManager: Shutting down and abandoning module Messaging (84)
[2014.09.25-22.32.02:452][888]LogModuleManager: Shutting down and abandoning module SourceCodeAccess (83)
[2014.09.25-22.32.02:452][888]LogModuleManager: Shutting down and abandoning module HeadMountedDisplay (82)
[2014.09.25-22.32.02:452][888]LogModuleManager: Shutting down and abandoning module XAudio2 (81)
[2014.09.25-22.32.02:453][888]LogModuleManager: Shutting down and abandoning module Networking (79)
[2014.09.25-22.32.02:453][888]LogModuleManager: Shutting down and abandoning module Core (78)
[2014.09.25-22.32.02:453][888]LogModuleManager: Shutting down and abandoning module KismetCompiler (77)
[2014.09.25-22.32.02:453][888]LogModuleManager: Shutting down and abandoning module PhysXFormats (76)
[2014.09.25-22.32.02:453][888]LogModuleManager: Shutting down and abandoning module SimplygonMeshReduction (75)
[2014.09.25-22.32.02:453][888]LogModuleManager: Shutting down and abandoning module MeshUtilities (74)
[2014.09.25-22.32.02:453][888]LogModuleManager: Shutting down and abandoning module DerivedDataCache (73)
[2014.09.25-22.32.03:490][888]LogDerivedDataCache: Shutdown
[2014.09.25-22.32.03:490][888]LogModuleManager: Shutting down and abandoning module ShaderFormatOpenGL (72)
[2014.09.25-22.32.03:490][888]LogModuleManager: Shutting down and abandoning module ShaderFormatD3D (71)
[2014.09.25-22.32.03:490][888]LogModuleManager: Shutting down and abandoning module TextureFormatUncompressed (70)
[2014.09.25-22.32.03:491][888]LogModuleManager: Shutting down and abandoning module TextureFormatPVR (69)
[2014.09.25-22.32.03:491][888]LogModuleManager: Shutting down and abandoning module TextureFormatDXT (68)
[2014.09.25-22.32.03:491][888]LogModuleManager: Shutting down and abandoning module TextureFormatAndroid (67)
[2014.09.25-22.32.03:491][888]LogModuleManager: Shutting down and abandoning module AudioFormatOpus (66)
[2014.09.25-22.32.03:491][888]LogModuleManager: Shutting down and abandoning module AudioFormatOgg (65)
[2014.09.25-22.32.03:491][888]LogModuleManager: Shutting down and abandoning module AudioFormatADPCM (64)
[2014.09.25-22.32.03:491][888]LogModuleManager: Shutting down and abandoning module Android_PVRTCTargetPlatform (63)
[2014.09.25-22.32.03:491][888]LogModuleManager: Shutting down and abandoning module Android_ETC2TargetPlatform (62)
[2014.09.25-22.32.03:491][888]LogModuleManager: Shutting down and abandoning module Android_ETC1TargetPlatform (61)
[2014.09.25-22.32.03:491][888]LogModuleManager: Shutting down and abandoning module Android_DXTTargetPlatform (60)
[2014.09.25-22.32.03:491][888]LogModuleManager: Shutting down and abandoning module Android_ATCTargetPlatform (59)
[2014.09.25-22.32.03:491][888]LogModuleManager: Shutting down and abandoning module AndroidTargetPlatform (58)
[2014.09.25-22.32.03:491][888]LogModuleManager: Shutting down and abandoning module WindowsTargetPlatform (57)
[2014.09.25-22.32.03:491][888]LogModuleManager: Shutting down and abandoning module WindowsServerTargetPlatform (56)
[2014.09.25-22.32.03:491][888]LogModuleManager: Shutting down and abandoning module WindowsNoEditorTargetPlatform (55)
[2014.09.25-22.32.03:491][888]LogModuleManager: Shutting down and abandoning module WindowsClientTargetPlatform (54)
[2014.09.25-22.32.03:491][888]LogModuleManager: Shutting down and abandoning module TargetPlatform (53)
[2014.09.25-22.32.03:491][888]LogModuleManager: Shutting down and abandoning module InputCore (52)
[2014.09.25-22.32.03:491][888]LogModuleManager: Shutting down and abandoning module Settings (51)
[2014.09.25-22.32.03:491][888]LogModuleManager: Shutting down and abandoning module TextureCompressor (48)
[2014.09.25-22.32.03:491][888]LogModuleManager: Shutting down and abandoning module ShaderCore (47)
[2014.09.25-22.32.03:491][888]LogModuleManager: Shutting down and abandoning module OpenGLDrv (46)
[2014.09.25-22.32.03:491][888]LogModuleManager: Shutting down and abandoning module D3D11RHI (45)
[2014.09.25-22.32.03:491][888]LogModuleManager: Shutting down and abandoning module SlateRHIRenderer (44)
[2014.09.25-22.32.03:491][888]LogModuleManager: Shutting down and abandoning module Renderer (43)
[2014.09.25-22.32.03:491][888]LogModuleManager: Shutting down and abandoning module Engine (42)
[2014.09.25-22.32.03:491][888]LogModuleManager: Shutting down and abandoning module SlateRemote (41)
[2014.09.25-22.32.03:491][888]LogModuleManager: Shutting down and abandoning module ScriptPlugin (40)
[2014.09.25-22.32.03:491][888]LogModuleManager: Shutting down and abandoning module ScriptEditorPlugin (38)
[2014.09.25-22.32.03:491][888]LogModuleManager: Shutting down and abandoning module WindowsMoviePlayer (37)
[2014.09.25-22.32.03:494][888]LogModuleManager: Shutting down and abandoning module ExampleDeviceProfileSelector (32)
[2014.09.25-22.32.03:494][888]LogModuleManager: Shutting down and abandoning module CustomMeshComponent (31)
[2014.09.25-22.32.03:494][888]LogModuleManager: Shutting down and abandoning module CableComponent (30)
[2014.09.25-22.32.03:494][888]LogModuleManager: Shutting down and abandoning module OculusRift (26)
[2014.09.25-22.32.03:494][888]LogModuleManager: Shutting down and abandoning module UdpMessaging (25)
[2014.09.25-22.32.03:594][888]LogModuleManager: Shutting down and abandoning module MessagingDebugger (24)
[2014.09.25-22.32.03:594][888]LogModuleManager: Shutting down and abandoning module PluginsEditor (14)
[2014.09.25-22.32.03:594][888]LogModuleManager: Shutting down and abandoning module IntroTutorials (13)
[2014.09.25-22.32.03:594][888]LogModuleManager: Shutting down and abandoning module EpicSurvey (12)
[2014.09.25-22.32.03:594][888]LogModuleManager: Shutting down and abandoning module VisualStudioSourceCodeAccess (10)
[2014.09.25-22.32.03:594][888]LogModuleManager: Shutting down and abandoning module UObjectPlugin (9)
[2014.09.25-22.32.03:594][888]LogModuleManager: Shutting down and abandoning module SubversionSourceControl (8)
[2014.09.25-22.32.03:594][888]LogModuleManager: Shutting down and abandoning module PerforceSourceControl (7)
[2014.09.25-22.32.03:594][888]LogModuleManager: Shutting down and abandoning module BlankPlugin (6)
[2014.09.25-22.32.03:594][888]LogModuleManager: Shutting down and abandoning module CoreUObject (5)
[2014.09.25-22.32.03:594][888]LogModuleManager: Shutting down and abandoning module NetworkFile (4)
[2014.09.25-22.32.03:594][888]LogModuleManager: Shutting down and abandoning module StreamingFile (3)
[2014.09.25-22.32.03:594][888]LogModuleManager: Shutting down and abandoning module SandboxFile (2)
[2014.09.25-22.32.03:594][888]LogModuleManager: Shutting down and abandoning module PakFile (1)
[2014.09.25-22.32.03:618][888]LogExit: Exiting.
[2014.09.25-22.32.03:623][888]Log file closed, 09/25/14 18:32:03
