Log file open, 09/22/14 17:52:47
LogInit:Display: Running engine for game: MyProject2
LogInit: Version: 4.2.0-2092659+++depot+UE4-Releases+4.2
LogInit: Compiled (64-bit): Jun  3 2014 00:56:21
LogInit: Build Configuration: Development
LogInit: Branch Name: ++depot+UE4-Releases+4.2
LogInit: Command line:  
LogInit: Base directory: C:/Program Files/Unreal Engine/4.2/Engine/Binaries/Win64/
LogInit: Rocket: 1
[2014.09.22-21.52.47:547][  0]LogTaskGraph: Started task graph with 3 named threads and 4 total threads.
[2014.09.22-21.52.47:679][  0]LogOnline:Warning: No default platform service specified for OnlineSubsystem
[2014.09.22-21.52.47:989][  0]LogInit: Presizing for 0 objects not considered by GC, pre-allocating 0 bytes.
[2014.09.22-21.52.48:644][  0]LogInit: Object subsystem initialized
[2014.09.22-21.52.48:908][  0]LogInit: Selected Device Profile: [Windows]
[2014.09.22-21.52.48:911][  0]LogInit: Applying CVar settings loaded from the selected device profile: [Windows]
[2014.09.22-21.52.49:124][  0]LogInit: Computer: RSIVALICE
[2014.09.22-21.52.49:124][  0]LogInit: User: ryanw
[2014.09.22-21.52.49:127][  0]LogInit: CPU Page size=4096, Cores=2
[2014.09.22-21.52.49:146][  0]LogInit: High frequency timer resolution =2.338448 MHz
[2014.09.22-21.52.49:146][  0]LogMemory: Memory total: Physical=3.8GB (4GB approx) Virtual=131072.0GB
[2014.09.22-21.52.49:157][  0]LogMemory: Platform Memory Stats for Windows
[2014.09.22-21.52.49:158][  0]LogMemory: Process Physical Memory: 52.54 MB used, 52.54 MB peak
[2014.09.22-21.52.49:158][  0]LogMemory: Process Virtual Memory: 29.53 MB used, 29.53 MB peak
[2014.09.22-21.52.49:158][  0]LogMemory: Physical Memory: 3772.63 MB used, 3941.41 MB total
[2014.09.22-21.52.49:158][  0]LogMemory: Virtual Memory: 254.58 MB used, 134217728.00 MB total
[2014.09.22-21.52.49:458][  0]LogD3D11RHI: Found D3D11 adapter 0: Intel(R) HD Graphics (Feature Level 10_0)
[2014.09.22-21.52.49:458][  0]LogD3D11RHI: Adapter has 32MB of dedicated video memory, 0MB of dedicated system memory, and 1632MB of shared system memory, 1 output[s]
[2014.09.22-21.52.49:518][  0]LogD3D11RHI: Found D3D11 adapter 1: Microsoft Basic Render Driver (Feature Level 11_0)
[2014.09.22-21.52.49:518][  0]LogD3D11RHI: Adapter has 0MB of dedicated video memory, 0MB of dedicated system memory, and 256MB of shared system memory, 0 output[s]
[2014.09.22-21.52.49:518][  0]LogD3D11RHI: Chosen D3D11 Adapter Id = 0
[2014.09.22-21.52.49:852][  0]LogRHI: Texture pool is 593 MB (70% of 848 MB)
[2014.09.22-21.52.49:866][  0]LogD3D11RHI: Async texture creation enabled
[2014.09.22-21.52.53:988][  0]LogContentStreaming: Texture pool size is 0.000000MB
[2014.09.22-21.53.08:107][  0]LogTargetPlatformManager:Display: Building Assets For Windows
[2014.09.22-21.53.09:305][  0]LogTargetPlatformManager:Display: Building Assets For Windows
[2014.09.22-21.53.09:503][  0]LogDerivedDataCache:Display: Max Cache Size: 512 MB
[2014.09.22-21.53.10:856][  0]LogDerivedDataCache: Loaded boot cache 1.31s 34MB C:/Users/ryanw/AppData/Local/UnrealEngine/4.2/DerivedDataCache/Boot.ddc.
[2014.09.22-21.53.10:856][  0]LogDerivedDataCache:Display: Loaded Boot cache: C:/Users/ryanw/AppData/Local/UnrealEngine/4.2/DerivedDataCache/Boot.ddc
[2014.09.22-21.53.10:856][  0]LogDerivedDataCache: FDerivedDataBackendGraph:  Pak pak cache file ../../../../../../Users/ryanw/Documents/GitHub/Space_Vines/Link-Object_prototype/DerivedDataCache/DDC.ddp not found, will not use a pak cache.
[2014.09.22-21.53.10:856][  0]LogDerivedDataCache: Unable to find inner node Pak for hierarchical cache Hierarchy.
[2014.09.22-21.53.13:543][  0]LogDerivedDataCache:Display: Pak cache opened for reading ../../../Engine/DerivedDataCache/DDC.ddp.
[2014.09.22-21.53.13:567][  0]LogDerivedDataCache: Using Local data cache path C:/Users/ryanw/AppData/Local/UnrealEngine/4.2/DerivedDataCache: Writable
[2014.09.22-21.53.43:024][  0]LogMeshUtilities: No automatic mesh reduction module available
[2014.09.22-21.53.43:024][  0]LogMeshUtilities: No automatic mesh merging module available
[2014.09.22-21.53.56:270][  0]LogInit: WinSock: version 1.1 (2.2), MaxSocks=32767, MaxUdp=65467
[2014.09.22-21.54.28:320][  0]LogStreaming:Warning: Failed to read file '../../../Engine/Content/Editor/Slate/Icons/ActorIcons/GroupActor_16x.png' error.
[2014.09.22-21.54.28:344][  0]LogSlate: Could not find file for Slate resource: ../../../Engine/Content/Editor/Slate/Icons/ActorIcons/GroupActor_16x.png
[2014.09.22-21.54.28:664][  0]LogStreaming:Warning: Failed to read file '../../../Engine/Content/Editor/Slate/Icons/ActorIcons/DecalActor_16x.png' error.
[2014.09.22-21.54.28:664][  0]LogSlate: Could not find file for Slate resource: ../../../Engine/Content/Editor/Slate/Icons/ActorIcons/DecalActor_16x.png
[2014.09.22-21.54.48:863][  0]UdpMessaging: Initializing bridge on interface 0.0.0.0:0 to multicast group 230.0.0.1:6666.
[2014.09.22-21.54.50:418][  0]SourceControl: Info Source control is disabled
[2014.09.22-21.54.50:521][  0]SourceControl: Info Source control is disabled
[2014.09.22-21.54.50:537][  0]SourceControl: Info Source control is disabled
[2014.09.22-21.54.57:547][  0]BlueprintLog: New page: Editor Load
[2014.09.22-21.55.02:208][  0]LogObj: 19136 objects as part of root set at end of initial load.
[2014.09.22-21.55.02:211][  0]LogUObjectAllocator: 3804656 out of 0 bytes used by permanent object pool.
[2014.09.22-21.55.07:239][  0]LogAutomationTest:Warning: Smoke tests took > 1s to run: 3.93s
[2014.09.22-21.55.07:346][  0]LogEngine: Initializing Engine...
[2014.09.22-21.55.09:499][  0]LogInit: XAudio2 using 'Speakers (Realtek High Definition Audio)' : 2 channels at 48 kHz using 32 bits per sample (channel mask 0x3)
[2014.09.22-21.55.10:283][  0]LogInit: FAudioDevice initialized.
[2014.09.22-21.55.20:019][  0]LogDerivedDataCache: Saved boot cache 0.34s 34MB C:/Users/ryanw/AppData/Local/UnrealEngine/4.2/DerivedDataCache/Boot.ddc.
[2014.09.22-21.55.24:352][  0]LogInit: Texture streaming: Enabled
[2014.09.22-21.55.37:781][  0]LogInit: Transaction tracking system initialized
[2014.09.22-21.55.42:178][  0]LogAssetRegistry: FAssetRegistry took 0.0651 seconds to start up
[2014.09.22-21.55.58:978][  0]LogModuleManager:Warning: ModuleManager: Unable to load module '' because the file was not found.
[2014.09.22-21.55.58:988][  0]LogModuleManager:Warning: ModuleManager: Unable to load module '' because the file was not found.
[2014.09.22-21.56.02:668][  0]LogConsoleResponse:Display: 
[2014.09.22-21.56.26:428][  0]SourceControl: Info Source control is disabled
[2014.09.22-21.56.27:130][  0]Cmd: MAP LOAD FILE="../../../../../../Users/ryanw/Documents/GitHub/Space_Vines/Link-Object_prototype/Content/Maps/Example_Map.umap" TEMPLATE=0 SHOWPROGRESS=1 WORLDCOMPOSITION=0
[2014.09.22-21.56.27:292][  0]LightingResults: New page: Lighting Build
[2014.09.22-21.56.28:560][  0]MapCheck: New page: Map Check
[2014.09.22-21.56.28:560][  0]LightingResults: New page: Lighting Build
[2014.09.22-21.56.31:930][  0]LogParticles: Destroying 0 GPU particle simulations for FXSystem 0x0000002F9FD94180
[2014.09.22-21.57.01:768][  0]LogMaterial: Missing cached shader map for material Character_Parent, compiling.
[2014.09.22-21.57.15:126][  0]LogDerivedDataCache: FFileSystemDerivedDataBackend: Move collision, attempt at redundant update, OK C:/Users/ryanw/AppData/Local/UnrealEngine/4.2/DerivedDataCache/2/2/4/PHYSX_$7B1F0627AE$2DABEB$2D4206$2D8D78$2DE16BEB5DDC7E$7D_PHYSXPC_F7005EEF4658524D9DF1678F324C2ED9__1_0_13073_0.udd.
[2014.09.22-21.57.29:878][  0]LogEditorServer: Finished looking for orphan Actors (0.020 secs)
[2014.09.22-21.57.32:502][  0]Cmd: MAP CHECKDEP
[2014.09.22-21.57.33:286][  0]MapCheck: New page: Example_Map - Sep 22, 2014, 1:57:32 PM
[2014.09.22-21.57.33:776][  0]MapCheck: Info ========== Map Check: 0 Error(s), 0 Warning(s), [953.423ms] ==========
[2014.09.22-21.57.33:776][  0]LogFileHelpers: Loading map 'Example_Map' took 66.880
[2014.09.22-21.57.48:645][  0]LogCollectionManager: Loaded 0 collections in 0.001528 seconds
[2014.09.22-21.58.05:191][  0]LogCrashTracker: Crashtracker disabled due to settings.
[2014.09.22-21.58.05:362][  0]Cmd: MODE PLACEMENT
[2014.09.22-21.58.09:103][  0]LogLoad: Full Startup: 333.10 seconds (BP compile: 11.75 seconds)
[2014.09.22-21.58.28:737][  0]LogRenderer:Warning: Reallocating scene render targets to support 808x584.
[2014.09.22-21.58.43:203][  1]LogEpicStorage:Warning: EnumerateFiles request failed. Invalid response. code=403 error=<?xml version="1.0" encoding="UTF-8"?>
<Error><Code>AccessDenied</Code><Message>Access Denied</Message><RequestId>486A1D5E4968DE7B</RequestId><HostId>bK+6vUL4eOMA2d6QhMyUiPjCVRn+5pRGo56kBKQRbJ3UHK7jFoHPdhSeaQurDvd9ep+3vbX8hLo=</HostId></Error>
[2014.09.22-21.58.44:070][  1]LogContentBrowser:Verbose: The content browser source was changed by the sources view to '/Game/Materials'
[2014.09.22-21.58.46:619][  2]LogEpicSurvey:Warning: EnumerateFiles request failed. Invalid response. code=403 error=<?xml version="1.0" encoding="UTF-8"?>
<Error><Code>AccessDenied</Code><Message>Access Denied</Message><RequestId>279F53B0AA6A938C</RequestId><HostId>6OQJmE1AHrRFSrf2Zv9dc05DRDPx2CM7ppV50TdcRonEO3cjIe60XmbJXyW85HMspcTl8a23kBU=</HostId></Error>
[2014.09.22-21.58.48:736][  3]LogEpicStorage:Warning: EnumerateFiles request failed. Invalid response. code=403 error=<?xml version="1.0" encoding="UTF-8"?>
<Error><Code>AccessDenied</Code><Message>Access Denied</Message><RequestId>0D3CC5D101EC85EA</RequestId><HostId>YHXsyT67/Tx6xRQ0eORAA5snIzvm8OTqY4V8yor56TFwujfGn1CPBKDeWkfYZDOaBQ6yZ0kFw3M=</HostId></Error>
[2014.09.22-21.58.50:433][  4]LogEpicSurvey:Warning: EnumerateFiles request failed. Invalid response. code=403 error=<?xml version="1.0" encoding="UTF-8"?>
<Error><Code>AccessDenied</Code><Message>Access Denied</Message><RequestId>544EE8FD5EF23718</RequestId><HostId>UTWqg9OYRowxLDBNwUcU3QawRWNz3hza6gxfAnNvLKDrhph5YKm62Jp8wvkSgYSG</HostId></Error>
[2014.09.22-21.59.02:910][  7]LogEpicStorage:Warning: ReadFile request failed. File request already pending for filename=http://cdn.unrealengine.com/newsfeed/blueprint_icon_b.png
[2014.09.22-21.59.03:969][  7]LogEpicStorage:Warning: ReadFile request failed. File request already pending for filename=http://cdn.unrealengine.com/newsfeed/blueprint_icon_b.png
[2014.09.22-22.01.09:628][985]LogAssetRegistry: Asset discovery search completed in 327.5146 seconds
[2014.09.22-22.03.58:983][348]Cmd: QUIT_EDITOR
[2014.09.22-22.04.00:887][348]LogWindowsTextInputMethodSystem:Error: Terminating failed while unadvising the language notification sink from the TSF source.
[2014.09.22-22.04.01:149][348]LogExit: Preparing to exit.
[2014.09.22-22.04.12:274][348]LogExit: Editor shut down
[2014.09.22-22.04.12:614][348]LogExit: Transaction tracking system shut down
[2014.09.22-22.04.12:963][348]LogParticles: Destroying 0 GPU particle simulations for FXSystem 0x0000002FA240F920
[2014.09.22-22.04.21:786][348]LogParticles: Destroying 0 GPU particle simulations for FXSystem 0x0000002FAE2A8C20
[2014.09.22-22.04.21:786][348]LogParticles: Destroying 0 GPU particle simulations for FXSystem 0x0000002FB7C953A0
[2014.09.22-22.04.21:786][348]LogParticles: Destroying 0 GPU particle simulations for FXSystem 0x0000002FB7C95D00
[2014.09.22-22.04.21:786][348]LogExit: Object subsystem successfully closed.
[2014.09.22-22.04.31:508][348]LogModuleManager: Shutting down and abandoning module AndroidDeviceDetection (164)
[2014.09.22-22.04.31:596][348]LogModuleManager: Shutting down and abandoning module CrashTracker (163)
[2014.09.22-22.04.31:597][348]LogModuleManager: Shutting down and abandoning module HTTP (162)
[2014.09.22-22.04.31:597][348]LogModuleManager: Shutting down and abandoning module NewsFeed (161)
[2014.09.22-22.04.31:709][348]LogModuleManager: Shutting down and abandoning module SceneOutliner (160)
[2014.09.22-22.04.31:709][348]LogModuleManager: Shutting down and abandoning module EditorWidgets (159)
[2014.09.22-22.04.31:709][348]LogModuleManager: Shutting down and abandoning module CollectionManager (158)
[2014.09.22-22.04.31:849][348]LogModuleManager: Shutting down and abandoning module StatsViewer (157)
[2014.09.22-22.04.31:949][348]LogModuleManager: Shutting down and abandoning module FoliageEdit (156)
[2014.09.22-22.04.31:984][348]LogModuleManager: Shutting down and abandoning module LandscapeEditor (155)
[2014.09.22-22.04.32:412][348]LogModuleManager: Shutting down and abandoning module MeshPaint (154)
[2014.09.22-22.04.32:511][348]LogModuleManager: Shutting down and abandoning module ActorPickerMode (153)
[2014.09.22-22.04.32:555][348]LogModuleManager: Shutting down and abandoning module GeometryMode (152)
[2014.09.22-22.04.32:584][348]LogModuleManager: Shutting down and abandoning module TextureAlignMode (151)
[2014.09.22-22.04.32:778][348]LogModuleManager: Shutting down and abandoning module BspMode (150)
[2014.09.22-22.04.32:860][348]LogModuleManager: Shutting down and abandoning module PlacementMode (149)
[2014.09.22-22.04.32:873][348]LogModuleManager: Shutting down and abandoning module AutomationWorker (148)
[2014.09.22-22.04.32:888][348]LogModuleManager: Shutting down and abandoning module ViewportSnapping (147)
[2014.09.22-22.04.32:900][348]LogModuleManager: Shutting down and abandoning module DeviceProfileEditor (146)
[2014.09.22-22.04.32:993][348]LogModuleManager: Shutting down and abandoning module UndoHistory (145)
[2014.09.22-22.04.33:107][348]LogModuleManager: Shutting down and abandoning module GameplayTagsEditor (144)
[2014.09.22-22.04.33:177][348]LogModuleManager: Shutting down and abandoning module UserFeedback (143)
[2014.09.22-22.04.33:177][348]LogModuleManager: Shutting down and abandoning module XmlParser (142)
[2014.09.22-22.04.33:204][348]LogModuleManager: Shutting down and abandoning module Blutility (141)
[2014.09.22-22.04.33:204][348]LogModuleManager: Shutting down and abandoning module AndroidPlatformEditor (138)
[2014.09.22-22.04.33:356][348]LogModuleManager: Shutting down and abandoning module AndroidRuntimeSettings (137)
[2014.09.22-22.04.33:356][348]LogModuleManager: Shutting down and abandoning module ProjectSettingsViewer (136)
[2014.09.22-22.04.33:374][348]LogModuleManager: Shutting down and abandoning module InputBindingEditor (135)
[2014.09.22-22.04.33:747][348]LogModuleManager: Shutting down and abandoning module EditorSettingsViewer (134)
[2014.09.22-22.04.33:775][348]LogModuleManager: Shutting down and abandoning module SettingsEditor (133)
[2014.09.22-22.04.33:840][348]LogModuleManager: Shutting down and abandoning module SessionLauncher (132)
[2014.09.22-22.04.33:867][348]LogModuleManager: Shutting down and abandoning module SessionFrontend (131)
[2014.09.22-22.04.33:983][348]LogModuleManager: Shutting down and abandoning module ProfilerClient (130)
[2014.09.22-22.04.34:103][348]LogModuleManager: Shutting down and abandoning module TargetDeviceServices (129)
[2014.09.22-22.04.34:161][348]LogModuleManager: Shutting down and abandoning module DeviceManager (128)
[2014.09.22-22.04.34:463][348]LogModuleManager: Shutting down and abandoning module AutomationController (127)
[2014.09.22-22.04.34:531][348]LogModuleManager: Shutting down and abandoning module AutomationWindow (126)
[2014.09.22-22.04.34:619][348]LogModuleManager: Shutting down and abandoning module Layers (125)
[2014.09.22-22.04.34:697][348]LogModuleManager: Shutting down and abandoning module ComponentVisualizers (124)
[2014.09.22-22.04.34:697][348]LogModuleManager: Shutting down and abandoning module DetailCustomizations (123)
[2014.09.22-22.04.35:013][348]LogModuleManager: Shutting down and abandoning module PackagesDialog (122)
[2014.09.22-22.04.35:178][348]LogModuleManager: Shutting down and abandoning module PropertyEditor (121)
[2014.09.22-22.04.35:211][348]LogModuleManager: Shutting down and abandoning module DirectoryWatcher (120)
[2014.09.22-22.04.35:373][348]LogModuleManager: Shutting down and abandoning module AssetRegistry (119)
[2014.09.22-22.04.36:159][348]LogModuleManager: Shutting down and abandoning module Persona (118)
[2014.09.22-22.04.36:307][348]LogModuleManager: Shutting down and abandoning module GraphEditor (117)
[2014.09.22-22.04.36:481][348]LogModuleManager: Shutting down and abandoning module ContentBrowser (116)
[2014.09.22-22.04.36:481][348]LogModuleManager: Shutting down and abandoning module ClassViewer (115)
[2014.09.22-22.04.36:668][348]LogModuleManager: Shutting down and abandoning module Toolbox (114)
[2014.09.22-22.04.36:669][348]LogModuleManager: Shutting down and abandoning module ModuleUI (113)
[2014.09.22-22.04.36:709][348]LogModuleManager: Shutting down and abandoning module Sequencer (112)
[2014.09.22-22.04.37:138][348]LogModuleManager: Shutting down and abandoning module AssetTools (111)
[2014.09.22-22.04.37:202][348]LogModuleManager: Shutting down and abandoning module MovieSceneTools (110)
[2014.09.22-22.04.37:206][348]LogModuleManager: Shutting down and abandoning module OutputLog (109)
[2014.09.22-22.04.37:273][348]LogModuleManager: Shutting down and abandoning module GammaUI (108)
[2014.09.22-22.04.37:354][348]LogModuleManager: Shutting down and abandoning module Documentation (107)
[2014.09.22-22.04.37:354][348]LogModuleManager: Shutting down and abandoning module DesktopPlatform (106)
[2014.09.22-22.04.37:415][348]LogModuleManager: Shutting down and abandoning module StreamingPauseRendering (105)
[2014.09.22-22.04.37:415][348]LogModuleManager: Shutting down and abandoning module AnalyticsET (104)
[2014.09.22-22.04.37:415][348]LogModuleManager: Shutting down and abandoning module Analytics (103)
[2014.09.22-22.04.37:466][348]LogModuleManager: Shutting down and abandoning module ProfilerService (102)
[2014.09.22-22.04.38:109][348]LogModuleManager: Shutting down and abandoning module TaskGraph (101)
[2014.09.22-22.04.38:266][348]LogModuleManager: Shutting down and abandoning module GameProjectGeneration (100)
[2014.09.22-22.04.38:266][348]LogModuleManager: Shutting down and abandoning module Matinee (99)
[2014.09.22-22.04.38:279][348]LogModuleManager: Shutting down and abandoning module Kismet (98)
[2014.09.22-22.04.38:775][348]LogModuleManager: Shutting down and abandoning module SlateReflector (97)
[2014.09.22-22.04.38:858][348]LogModuleManager: Shutting down and abandoning module LevelEditor (96)
[2014.09.22-22.04.39:391][348]LogModuleManager: Shutting down and abandoning module MainFrame (95)
[2014.09.22-22.04.39:391][348]LogModuleManager: Shutting down and abandoning module SourceControl (94)
[2014.09.22-22.04.39:461][348]LogModuleManager: Shutting down and abandoning module ImageWrapper (93)
[2014.09.22-22.04.39:461][348]LogModuleManager: Shutting down and abandoning module OnlineBlueprintSupport (92)
[2014.09.22-22.04.39:461][348]LogModuleManager: Shutting down and abandoning module FunctionalTesting (91)
[2014.09.22-22.04.39:489][348]LogModuleManager: Shutting down and abandoning module CollisionAnalyzer (90)
[2014.09.22-22.04.39:549][348]LogModuleManager: Shutting down and abandoning module WorkspaceMenuStructure (89)
[2014.09.22-22.04.39:883][348]LogModuleManager: Shutting down and abandoning module MessageLog (88)
[2014.09.22-22.04.39:909][348]LogModuleManager: Shutting down and abandoning module Slate (87)
[2014.09.22-22.04.39:909][348]LogModuleManager: Shutting down and abandoning module EditorStyle (86)
[2014.09.22-22.04.40:447][348]LogModuleManager: Shutting down and abandoning module SessionServices (85)
[2014.09.22-22.04.40:447][348]LogModuleManager: Shutting down and abandoning module Messaging (84)
[2014.09.22-22.04.40:447][348]LogModuleManager: Shutting down and abandoning module SourceCodeAccess (83)
[2014.09.22-22.04.40:447][348]LogModuleManager: Shutting down and abandoning module HeadMountedDisplay (82)
[2014.09.22-22.04.40:449][348]LogModuleManager: Shutting down and abandoning module XAudio2 (81)
[2014.09.22-22.04.40:449][348]LogModuleManager: Shutting down and abandoning module Networking (79)
[2014.09.22-22.04.40:498][348]LogModuleManager: Shutting down and abandoning module Core (78)
[2014.09.22-22.04.40:498][348]LogModuleManager: Shutting down and abandoning module KismetCompiler (77)
[2014.09.22-22.04.40:766][348]LogModuleManager: Shutting down and abandoning module PhysXFormats (76)
[2014.09.22-22.04.40:766][348]LogModuleManager: Shutting down and abandoning module SimplygonMeshReduction (75)
[2014.09.22-22.04.40:850][348]LogModuleManager: Shutting down and abandoning module MeshUtilities (74)
[2014.09.22-22.04.40:880][348]LogModuleManager: Shutting down and abandoning module DerivedDataCache (73)
[2014.09.22-22.04.41:096][348]LogDerivedDataCache: Shutdown
[2014.09.22-22.04.41:096][348]LogModuleManager: Shutting down and abandoning module ShaderFormatOpenGL (72)
[2014.09.22-22.04.41:139][348]LogModuleManager: Shutting down and abandoning module ShaderFormatD3D (71)
[2014.09.22-22.04.41:153][348]LogModuleManager: Shutting down and abandoning module TextureFormatUncompressed (70)
[2014.09.22-22.04.41:153][348]LogModuleManager: Shutting down and abandoning module TextureFormatPVR (69)
[2014.09.22-22.04.41:163][348]LogModuleManager: Shutting down and abandoning module TextureFormatDXT (68)
[2014.09.22-22.04.41:216][348]LogModuleManager: Shutting down and abandoning module TextureFormatAndroid (67)
[2014.09.22-22.04.41:216][348]LogModuleManager: Shutting down and abandoning module AudioFormatOpus (66)
[2014.09.22-22.04.41:216][348]LogModuleManager: Shutting down and abandoning module AudioFormatOgg (65)
[2014.09.22-22.04.41:216][348]LogModuleManager: Shutting down and abandoning module AudioFormatADPCM (64)
[2014.09.22-22.04.41:216][348]LogModuleManager: Shutting down and abandoning module Android_PVRTCTargetPlatform (63)
[2014.09.22-22.04.41:216][348]LogModuleManager: Shutting down and abandoning module Android_ETC2TargetPlatform (62)
[2014.09.22-22.04.41:216][348]LogModuleManager: Shutting down and abandoning module Android_ETC1TargetPlatform (61)
[2014.09.22-22.04.41:216][348]LogModuleManager: Shutting down and abandoning module Android_DXTTargetPlatform (60)
[2014.09.22-22.04.41:216][348]LogModuleManager: Shutting down and abandoning module Android_ATCTargetPlatform (59)
[2014.09.22-22.04.41:216][348]LogModuleManager: Shutting down and abandoning module AndroidTargetPlatform (58)
[2014.09.22-22.04.41:216][348]LogModuleManager: Shutting down and abandoning module WindowsTargetPlatform (57)
[2014.09.22-22.04.41:279][348]LogModuleManager: Shutting down and abandoning module WindowsServerTargetPlatform (56)
[2014.09.22-22.04.41:312][348]LogModuleManager: Shutting down and abandoning module WindowsNoEditorTargetPlatform (55)
[2014.09.22-22.04.41:312][348]LogModuleManager: Shutting down and abandoning module WindowsClientTargetPlatform (54)
[2014.09.22-22.04.41:318][348]LogModuleManager: Shutting down and abandoning module TargetPlatform (53)
[2014.09.22-22.04.41:356][348]LogModuleManager: Shutting down and abandoning module InputCore (52)
[2014.09.22-22.04.41:388][348]LogModuleManager: Shutting down and abandoning module Settings (51)
[2014.09.22-22.04.41:494][348]LogModuleManager: Shutting down and abandoning module TextureCompressor (48)
[2014.09.22-22.04.41:633][348]LogModuleManager: Shutting down and abandoning module ShaderCore (47)
[2014.09.22-22.04.41:633][348]LogModuleManager: Shutting down and abandoning module OpenGLDrv (46)
[2014.09.22-22.04.41:691][348]LogModuleManager: Shutting down and abandoning module D3D11RHI (45)
[2014.09.22-22.04.41:691][348]LogModuleManager: Shutting down and abandoning module SlateRHIRenderer (44)
[2014.09.22-22.04.41:691][348]LogModuleManager: Shutting down and abandoning module Renderer (43)
[2014.09.22-22.04.41:691][348]LogModuleManager: Shutting down and abandoning module Engine (42)
[2014.09.22-22.04.41:691][348]LogModuleManager: Shutting down and abandoning module SlateRemote (41)
[2014.09.22-22.04.41:702][348]LogModuleManager: Shutting down and abandoning module ScriptPlugin (40)
[2014.09.22-22.04.41:761][348]LogModuleManager: Shutting down and abandoning module ScriptEditorPlugin (38)
[2014.09.22-22.04.41:761][348]LogModuleManager: Shutting down and abandoning module WindowsMoviePlayer (37)
[2014.09.22-22.04.42:083][348]LogModuleManager: Shutting down and abandoning module ExampleDeviceProfileSelector (32)
[2014.09.22-22.04.42:122][348]LogModuleManager: Shutting down and abandoning module CustomMeshComponent (31)
[2014.09.22-22.04.42:122][348]LogModuleManager: Shutting down and abandoning module CableComponent (30)
[2014.09.22-22.04.42:122][348]LogModuleManager: Shutting down and abandoning module OculusRift (26)
[2014.09.22-22.04.42:292][348]LogModuleManager: Shutting down and abandoning module UdpMessaging (25)
[2014.09.22-22.04.42:404][348]LogModuleManager: Shutting down and abandoning module MessagingDebugger (24)
[2014.09.22-22.04.42:733][348]LogModuleManager: Shutting down and abandoning module PluginsEditor (14)
[2014.09.22-22.04.42:839][348]LogModuleManager: Shutting down and abandoning module IntroTutorials (13)
[2014.09.22-22.04.42:967][348]LogModuleManager: Shutting down and abandoning module EpicSurvey (12)
[2014.09.22-22.04.43:009][348]LogModuleManager: Shutting down and abandoning module VisualStudioSourceCodeAccess (10)
[2014.09.22-22.04.43:031][348]LogModuleManager: Shutting down and abandoning module UObjectPlugin (9)
[2014.09.22-22.04.43:031][348]LogModuleManager: Shutting down and abandoning module SubversionSourceControl (8)
[2014.09.22-22.04.43:109][348]LogModuleManager: Shutting down and abandoning module PerforceSourceControl (7)
[2014.09.22-22.04.43:172][348]LogModuleManager: Shutting down and abandoning module BlankPlugin (6)
[2014.09.22-22.04.43:175][348]LogModuleManager: Shutting down and abandoning module CoreUObject (5)
[2014.09.22-22.04.43:176][348]LogModuleManager: Shutting down and abandoning module NetworkFile (4)
[2014.09.22-22.04.43:254][348]LogModuleManager: Shutting down and abandoning module StreamingFile (3)
[2014.09.22-22.04.43:338][348]LogModuleManager: Shutting down and abandoning module SandboxFile (2)
[2014.09.22-22.04.43:379][348]LogModuleManager: Shutting down and abandoning module PakFile (1)
[2014.09.22-22.04.43:714][348]LogExit: Exiting.
[2014.09.22-22.04.44:318][348]Log file closed, 09/22/14 18:04:44
