Log file open, 09/20/14 02:49:06
LogInit:Display: Running engine for game: MyProject2
LogInit: Version: 4.2.1-2101290+++depot+UE4-Releases+4.2
LogInit: Compiled (64-bit): Jun 10 2014 22:21:56
LogInit: Build Configuration: Development
LogInit: Branch Name: ++depot+UE4-Releases+4.2
LogInit: Command line:  
LogInit: Base directory: C:/Program Files/Unreal Engine/4.2/Engine/Binaries/Win64/
LogInit: Rocket: 1
[2014.09.20-06.49.06:390][  0]LogTaskGraph: Started task graph with 3 named threads and 4 total threads.
[2014.09.20-06.49.06:421][  0]LogOnline:Warning: No default platform service specified for OnlineSubsystem
[2014.09.20-06.49.06:645][  0]LogInit: Presizing for 0 objects not considered by GC, pre-allocating 0 bytes.
[2014.09.20-06.49.06:658][  0]LogInit: Object subsystem initialized
[2014.09.20-06.49.06:661][  0]LogInit: Selected Device Profile: [Windows]
[2014.09.20-06.49.06:661][  0]LogInit: Applying CVar settings loaded from the selected device profile: [Windows]
[2014.09.20-06.49.06:712][  0]LogInit: Computer: VERONICA
[2014.09.20-06.49.06:713][  0]LogInit: User: Zeetermin
[2014.09.20-06.49.06:714][  0]LogInit: CPU Page size=4096, Cores=4
[2014.09.20-06.49.06:714][  0]LogInit: High frequency timer resolution =2.597714 MHz
[2014.09.20-06.49.06:714][  0]LogMemory: Memory total: Physical=6.0GB (6GB approx) Virtual=8192.0GB
[2014.09.20-06.49.06:714][  0]LogMemory: Platform Memory Stats for Windows
[2014.09.20-06.49.06:714][  0]LogMemory: Process Physical Memory: 56.58 MB used, 56.58 MB peak
[2014.09.20-06.49.06:714][  0]LogMemory: Process Virtual Memory: 32.60 MB used, 32.83 MB peak
[2014.09.20-06.49.06:714][  0]LogMemory: Physical Memory: 3817.39 MB used, 6135.18 MB total
[2014.09.20-06.49.06:714][  0]LogMemory: Virtual Memory: 238.59 MB used, 8388608.00 MB total
[2014.09.20-06.49.07:458][  0]LogD3D11RHI: Found D3D11 adapter 0: AMD Radeon R7 200 Series (Feature Level 11_0)
[2014.09.20-06.49.07:458][  0]LogD3D11RHI: Adapter has 2033MB of dedicated video memory, 0MB of dedicated system memory, and 2811MB of shared system memory, 2 output[s]
[2014.09.20-06.49.07:458][  0]LogD3D11RHI: Chosen D3D11 Adapter Id = 0
[2014.09.20-06.49.07:466][  0]LogRHI: Texture pool is 1361 MB (70% of 1945 MB)
[2014.09.20-06.49.07:471][  0]LogD3D11RHI: Async texture creation disabled: no driver support
[2014.09.20-06.49.09:082][  0]LogContentStreaming: Texture pool size is 0.000000MB
[2014.09.20-06.49.11:184][  0]LogTargetPlatformManager:Display: Building Assets For Windows
[2014.09.20-06.49.12:133][  0]LogTargetPlatformManager:Display: Building Assets For Windows
[2014.09.20-06.49.12:615][  0]LogDerivedDataCache:Display: Max Cache Size: 512 MB
[2014.09.20-06.49.13:905][  0]LogDerivedDataCache: Loaded boot cache 1.29s 39MB C:/Users/Zeetermin/AppData/Local/UnrealEngine/4.2/DerivedDataCache/Boot.ddc.
[2014.09.20-06.49.13:905][  0]LogDerivedDataCache:Display: Loaded Boot cache: C:/Users/Zeetermin/AppData/Local/UnrealEngine/4.2/DerivedDataCache/Boot.ddc
[2014.09.20-06.49.13:905][  0]LogDerivedDataCache: FDerivedDataBackendGraph:  Pak pak cache file ../../../../../../Users/Zeetermin/Documents/2014 Fall/SpaceVines/Space_Vines/Link-Object_prototype/DerivedDataCache/DDC.ddp not found, will not use a pak cache.
[2014.09.20-06.49.13:905][  0]LogDerivedDataCache: Unable to find inner node Pak for hierarchical cache Hierarchy.
[2014.09.20-06.49.14:096][  0]LogDerivedDataCache:Display: Pak cache opened for reading ../../../Engine/DerivedDataCache/DDC.ddp.
[2014.09.20-06.49.14:108][  0]LogDerivedDataCache: Using Local data cache path C:/Users/Zeetermin/AppData/Local/UnrealEngine/4.2/DerivedDataCache: Writable
[2014.09.20-06.49.17:112][  0]LogMeshUtilities: No automatic mesh reduction module available
[2014.09.20-06.49.17:112][  0]LogMeshUtilities: No automatic mesh merging module available
[2014.09.20-06.49.19:121][  0]LogInit: WinSock: version 1.1 (2.2), MaxSocks=32767, MaxUdp=65467
[2014.09.20-06.49.37:642][  0]LogStreaming:Warning: Failed to read file '../../../Engine/Content/Editor/Slate/Icons/ActorIcons/GroupActor_16x.png' error.
[2014.09.20-06.49.37:643][  0]LogSlate: Could not find file for Slate resource: ../../../Engine/Content/Editor/Slate/Icons/ActorIcons/GroupActor_16x.png
[2014.09.20-06.49.37:887][  0]LogStreaming:Warning: Failed to read file '../../../Engine/Content/Editor/Slate/Icons/ActorIcons/DecalActor_16x.png' error.
[2014.09.20-06.49.37:887][  0]LogSlate: Could not find file for Slate resource: ../../../Engine/Content/Editor/Slate/Icons/ActorIcons/DecalActor_16x.png
[2014.09.20-06.49.44:181][  0]UdpMessaging: Initializing bridge on interface 0.0.0.0:0 to multicast group 230.0.0.1:6666.
[2014.09.20-06.49.44:770][  0]SourceControl: Info Source control is disabled
[2014.09.20-06.49.44:770][  0]SourceControl: Info Source control is disabled
[2014.09.20-06.49.44:783][  0]SourceControl: Info Source control is disabled
[2014.09.20-06.49.45:729][  0]BlueprintLog: New page: Editor Load
[2014.09.20-06.49.46:666][  0]LogObj: 19137 objects as part of root set at end of initial load.
[2014.09.20-06.49.46:666][  0]LogUObjectAllocator: 3804776 out of 0 bytes used by permanent object pool.
[2014.09.20-06.49.47:201][  0]LogEngine: Initializing Engine...
[2014.09.20-06.49.47:532][  0]LogInit: XAudio2 using 'Speakers (High Definition Audio Device)' : 2 channels at 44.1 kHz using 16 bits per sample (channel mask 0x3)
[2014.09.20-06.49.47:542][  0]LogInit: FAudioDevice initialized.
[2014.09.20-06.49.47:568][  0]LogDerivedDataCache: Saved boot cache 0.02s 39MB C:/Users/Zeetermin/AppData/Local/UnrealEngine/4.2/DerivedDataCache/Boot.ddc.
[2014.09.20-06.49.47:575][  0]LogInit: Texture streaming: Enabled
[2014.09.20-06.49.48:335][  0]LogInit: Transaction tracking system initialized
[2014.09.20-06.49.51:609][  0]LogAssetRegistry: FAssetRegistry took 0.0098 seconds to start up
[2014.09.20-06.49.57:672][  0]LogModuleManager:Warning: ModuleManager: Unable to load module '' because the file was not found.
[2014.09.20-06.49.57:685][  0]LogModuleManager:Warning: ModuleManager: Unable to load module '' because the file was not found.
[2014.09.20-06.49.59:774][  0]LogConsoleResponse:Display: 
[2014.09.20-06.50.04:248][  0]SourceControl: Info Source control is disabled
[2014.09.20-06.50.04:248][  0]Cmd: MAP LOAD FILE="../../../../../../Users/Zeetermin/Documents/2014 Fall/SpaceVines/Space_Vines/Link-Object_prototype/Content/Maps/Example_Map.umap" TEMPLATE=0 SHOWPROGRESS=1 WORLDCOMPOSITION=0
[2014.09.20-06.50.04:249][  0]LightingResults: New page: Lighting Build
[2014.09.20-06.50.04:258][  0]MapCheck: New page: Map Check
[2014.09.20-06.50.04:258][  0]LightingResults: New page: Lighting Build
[2014.09.20-06.50.04:272][  0]LogParticles: Destroying 0 GPU particle simulations for FXSystem 0x000000001125D580
[2014.09.20-06.50.05:994][  0]LogEditorServer: Finished looking for orphan Actors (0.000 secs)
[2014.09.20-06.50.05:995][  0]Cmd: MAP CHECKDEP
[2014.09.20-06.50.05:995][  0]MapCheck: New page: Example_Map - Sep 19, 2014, 10:50:05 PM
[2014.09.20-06.50.06:064][  0]MapCheck: Info ========== Map Check: 0 Error(s), 0 Warning(s), [68.931ms] ==========
[2014.09.20-06.50.06:064][  0]LogFileHelpers: Loading map 'Example_Map' took 1.816
[2014.09.20-06.50.06:434][  0]LogCollectionManager: Loaded 0 collections in 0.002230 seconds
[2014.09.20-06.50.07:391][  0]LogCrashTracker: Crashtracker disabled due to settings.
[2014.09.20-06.50.07:392][  0]Cmd: MODE PLACEMENT
[2014.09.20-06.50.07:436][  0]LogLoad: Full Startup: 62.92 seconds (BP compile: 0.13 seconds)
[2014.09.20-06.50.07:453][  0]LogContentBrowser:Verbose: The content browser source was changed by the sources view to '/Game/Materials/ColorCodes'
[2014.09.20-06.50.07:618][  0]LogRenderer:Warning: Reallocating scene render targets to support 1216x968.
[2014.09.20-06.50.07:841][  1]LogEpicStorage:Warning: EnumerateFiles request failed. Invalid response. code=403 error=<?xml version="1.0" encoding="UTF-8"?>
<Error><Code>AccessDenied</Code><Message>Access Denied</Message><RequestId>EA794E90002F1AA6</RequestId><HostId>66MIFfYnnHp5BV/A9vcVtisyL6OX6QWlHp4t12ipvostBk+QF3A90ulWNSeAi3nGv/MDdfB2Ejo=</HostId></Error>
[2014.09.20-06.50.07:880][  2]LogEpicSurvey:Warning: EnumerateFiles request failed. Invalid response. code=403 error=<?xml version="1.0" encoding="UTF-8"?>
<Error><Code>AccessDenied</Code><Message>Access Denied</Message><RequestId>0F77BB26C72B4882</RequestId><HostId>eOOCDlsxoofzoLYtfiicJyGVJXMTBaDfcme4bMT8FHExsKgDOG950eyeiMCOzXHs</HostId></Error>
[2014.09.20-06.50.07:891][  2]LogAssetRegistry: Asset discovery search completed in 16.2922 seconds
[2014.09.20-06.50.07:912][  3]LogEpicStorage:Warning: EnumerateFiles request failed. Invalid response. code=403 error=<?xml version="1.0" encoding="UTF-8"?>
<Error><Code>AccessDenied</Code><Message>Access Denied</Message><RequestId>F79EA54A85007860</RequestId><HostId>542vaPqg5T0jbcT/aXm+WNTj/57f9jkz6Vvae+xdbyy91pMXEg35sRWGNqjF/5+n</HostId></Error>
[2014.09.20-06.50.07:937][  4]LogEpicSurvey:Warning: EnumerateFiles request failed. Invalid response. code=403 error=<?xml version="1.0" encoding="UTF-8"?>
<Error><Code>AccessDenied</Code><Message>Access Denied</Message><RequestId>2687C985F3F4F1A6</RequestId><HostId>9qAoV+9m19cmKsRWOz2/oBaDeGAYybFrIGhANJlUoDw3dmhlkQBhrq1jhkdbZxh1w1cgmDFYA5A=</HostId></Error>
[2014.09.20-06.50.08:099][  7]LogEpicStorage:Warning: ReadFile request failed. File request already pending for filename=http://cdn.unrealengine.com/newsfeed/blueprint_icon_b.png
[2014.09.20-06.50.08:101][  7]LogEpicStorage:Warning: ReadFile request failed. File request already pending for filename=http://cdn.unrealengine.com/newsfeed/blueprint_icon_b.png
[2014.09.20-06.50.35:305][628]Cmd: MAP LOAD FILE="../../../../../../Users/Zeetermin/Documents/2014 Fall/SpaceVines/Space_Vines/Link-Object_prototype/Content/Maps/GameLevels/Three.umap" TEMPLATE=0 SHOWPROGRESS=1 WORLDCOMPOSITION=0
[2014.09.20-06.50.35:306][628]LightingResults: New page: Lighting Build
[2014.09.20-06.50.35:306][628]Cmd: MODE PLACEMENT
[2014.09.20-06.50.35:320][628]LoadErrors: New page: Loading map: Three.umap
[2014.09.20-06.50.35:321][628]MapCheck: New page: Map Check
[2014.09.20-06.50.35:321][628]LightingResults: New page: Lighting Build
[2014.09.20-06.50.35:339][628]LogParticles: Destroying 0 GPU particle simulations for FXSystem 0x000000000D3737E0
[2014.09.20-06.50.36:062][628]LogEditorServer: Finished looking for orphan Actors (0.000 secs)
[2014.09.20-06.50.36:082][628]Cmd: MAP CHECKDEP
[2014.09.20-06.50.36:082][628]MapCheck: New page: Three - Sep 19, 2014, 10:50:36 PM
[2014.09.20-06.50.36:156][628]MapCheck: Info ========== Map Check: 0 Error(s), 0 Warning(s), [74.566ms] ==========
[2014.09.20-06.50.36:156][628]LogFileHelpers: Loading map 'Three' took 0.851
[2014.09.20-06.50.52:940][985]LogInstancedFoliage: Map Rebuilt - Update all BSP painted foliage!
[2014.09.20-06.51.00:155][137]Cmd: DUPLICATE
[2014.09.20-06.51.00:155][137]Cmd: ACTOR DUPLICATE
[2014.09.20-06.51.00:184][137]LogUObjectHash:Warning: Ambiguous search, could be Model /Game/Maps/GameLevels/Three.Three:PersistentLevel.ConeBrush_5.Model_15 or Model /Game/Maps/GameLevels/Three.Three:PersistentLevel.ConeBrush_3.Model_15
[2014.09.20-06.51.00:184][137]LogUObjectHash:Warning: Ambiguous search, could be Model /Game/Maps/GameLevels/Three.Three:PersistentLevel.ConeBrush_5.Model_15 or Model /Game/Maps/GameLevels/Three.Three:PersistentLevel.ConeBrush_24.Model_15
[2014.09.20-06.51.00:184][137]LogUObjectHash:Warning: Ambiguous search, could be Model /Game/Maps/GameLevels/Three.Three:PersistentLevel.ConeBrush_5.Model_15 or Model /Game/Maps/GameLevels/Three.Three:PersistentLevel.ConeBrush_10.Model_15
[2014.09.20-06.51.00:185][137]LogUObjectHash:Warning: Ambiguous search, could be Model /Game/Maps/GameLevels/Three.Three:PersistentLevel.ConeBrush_8.Model_14 or Model /Game/Maps/GameLevels/Three.Three:PersistentLevel.ConeBrush_6.Model_14
[2014.09.20-06.51.00:185][137]LogUObjectHash:Warning: Ambiguous search, could be Model /Game/Maps/GameLevels/Three.Three:PersistentLevel.ConeBrush_8.Model_14 or Model /Game/Maps/GameLevels/Three.Three:PersistentLevel.ConeBrush_2.Model_14
[2014.09.20-06.51.00:185][137]LogUObjectHash:Warning: Ambiguous search, could be Model /Game/Maps/GameLevels/Three.Three:PersistentLevel.ConeBrush_8.Model_14 or Model /Game/Maps/GameLevels/Three.Three:PersistentLevel.ConeBrush.Model_14
[2014.09.20-06.51.01:460][137]LogInstancedFoliage: Map Rebuilt - Update all BSP painted foliage!
[2014.09.20-06.51.04:019][162]LogInstancedFoliage: Map Rebuilt - Update all BSP painted foliage!
[2014.09.20-06.51.05:263][188]Cmd: DELETE
[2014.09.20-06.51.05:263][188]Cmd: ACTOR DELETE
[2014.09.20-06.51.08:825][188]LogEditorActor: Deleted Actor: Brush
[2014.09.20-06.51.10:204][188]LogEditorActor: Deleted Actor: Brush
[2014.09.20-06.51.11:461][188]LogEditorActor: Deleted 2 Actors (6.197 secs)
[2014.09.20-06.51.12:661][188]LogInstancedFoliage: Map Rebuilt - Update all BSP painted foliage!
[2014.09.20-06.51.26:179][735]Cmd: TRANSACTION UNDO
[2014.09.20-06.51.26:179][735]LogEditorTransaction: Undo Regroup Ctrl+G
[2014.09.20-06.51.27:518][735]LogInstancedFoliage: Map Rebuilt - Update all BSP painted foliage!
[2014.09.20-06.51.27:587][735]Cmd: TRANSACTION UNDO
[2014.09.20-06.51.27:587][735]LogEditorTransaction: Undo Select Surfaces
[2014.09.20-06.51.38:424][960]Cmd: TRANSACTION UNDO
[2014.09.20-06.51.38:424][960]LogEditorTransaction: Undo Select Brush from Surface
[2014.09.20-06.51.40:339][ 44]Cmd: TRANSACTION UNDO
[2014.09.20-06.51.40:339][ 44]LogEditorTransaction: Undo Select Surfaces
[2014.09.20-06.51.41:117][ 58]Cmd: TRANSACTION UNDO
[2014.09.20-06.51.41:117][ 58]LogEditorTransaction: Undo Select Brush from Surface
[2014.09.20-06.51.41:801][ 73]Cmd: TRANSACTION UNDO
[2014.09.20-06.51.41:801][ 73]LogEditorTransaction: Undo Delete Actors
[2014.09.20-06.52.05:072][ 73]LogInstancedFoliage: Map Rebuilt - Update all BSP painted foliage!
[2014.09.20-06.52.09:294][162]Cmd: TRANSACTION UNDO
[2014.09.20-06.52.09:294][162]LogEditorTransaction: Undo Select Surfaces
[2014.09.20-06.52.10:609][236]Cmd: TRANSACTION UNDO
[2014.09.20-06.52.10:609][236]LogEditorTransaction: Undo Select Brush from Surface
[2014.09.20-06.52.11:502][252]Cmd: TRANSACTION UNDO
[2014.09.20-06.52.11:502][252]LogEditorTransaction: Undo Select Surfaces
[2014.09.20-06.52.12:315][267]Cmd: TRANSACTION UNDO
[2014.09.20-06.52.12:315][267]LogEditorTransaction: Undo Select Brush from Surface
[2014.09.20-06.52.12:974][281]Cmd: TRANSACTION UNDO
[2014.09.20-06.52.12:974][281]LogEditorTransaction: Undo Move Actors
[2014.09.20-06.52.35:800][281]LogInstancedFoliage: Map Rebuilt - Update all BSP painted foliage!
[2014.09.20-06.52.49:812][674]LogInstancedFoliage: Map Rebuilt - Update all BSP painted foliage!
[2014.09.20-06.52.51:698][713]Cmd: DELETE
[2014.09.20-06.52.51:698][713]Cmd: ACTOR DELETE
[2014.09.20-06.52.53:342][713]LogEditorActor: Deleted Actor: Brush
[2014.09.20-06.52.53:355][713]LogEditorActor: Deleted Actor: Brush
[2014.09.20-06.52.55:012][713]LogEditorActor: Deleted 2 Actors (3.313 secs)
[2014.09.20-06.52.56:219][713]LogInstancedFoliage: Map Rebuilt - Update all BSP painted foliage!
[2014.09.20-06.53.08:716][183]LogDerivedDataCache:Warning: C:/Users/Zeetermin/AppData/Local/UnrealEngine/4.2/DerivedDataCache access is very slow, consider disabling it.
[2014.09.20-06.53.08:716][183]LogDerivedDataCache:Warning: C:/Users/Zeetermin/AppData/Local/UnrealEngine/4.2/DerivedDataCache access is very slow, consider disabling it.
[2014.09.20-06.53.08:716][183]LogDerivedDataCache:Warning: C:/Users/Zeetermin/AppData/Local/UnrealEngine/4.2/DerivedDataCache access is very slow, consider disabling it.
[2014.09.20-06.53.12:227][227]LogInstancedFoliage: Map Rebuilt - Update all BSP painted foliage!
[2014.09.20-06.53.13:564][254]Cmd: CAMERA ALIGN ACTIVEVIEWPORTONLY
[2014.09.20-06.53.13:564][254]Aligned camera to fit all selected actors.
[2014.09.20-06.53.44:961][127]LogInstancedFoliage: Map Rebuilt - Update all BSP painted foliage!
[2014.09.20-06.54.28:566][ 33]LogSavePackage: Save=223.850662ms
[2014.09.20-06.54.28:566][ 33]LogSavePackage: Moving '../../../../../../Users/Zeetermin/Documents/2014 Fall/SpaceVines/Space_Vines/Link-Object_prototype/Saved/ThreeC04DBE3A42BC3809647922A331152A06.tmp' to '../../../../../../Users/Zeetermin/Documents/2014 Fall/SpaceVines/Space_Vines/Link-Object_prototype/Content/Maps/GameLevels/Three.umap'
[2014.09.20-06.54.30:171][ 61]Cmd: QUIT_EDITOR
[2014.09.20-06.54.30:236][ 61]LogWindowsTextInputMethodSystem:Error: Terminating failed while unadvising the language notification sink from the TSF source.
[2014.09.20-06.54.30:238][ 61]LogExit: Preparing to exit.
[2014.09.20-06.54.31:274][ 61]LogExit: Editor shut down
[2014.09.20-06.54.31:274][ 61]LogExit: Transaction tracking system shut down
[2014.09.20-06.54.31:275][ 61]LogParticles: Destroying 0 GPU particle simulations for FXSystem 0x0000000015FEF4C0
[2014.09.20-06.54.31:275][ 61]LogParticles: Destroying 0 GPU particle simulations for FXSystem 0x000000000C58F920
[2014.09.20-06.54.31:297][ 61]LogExit: Object subsystem successfully closed.
[2014.09.20-06.54.31:331][ 61]LogModuleManager: Shutting down and abandoning module AndroidDeviceDetection (164)
[2014.09.20-06.54.31:331][ 61]LogModuleManager: Shutting down and abandoning module CrashTracker (163)
[2014.09.20-06.54.31:331][ 61]LogModuleManager: Shutting down and abandoning module HTTP (162)
[2014.09.20-06.54.31:331][ 61]LogModuleManager: Shutting down and abandoning module NewsFeed (161)
[2014.09.20-06.54.31:331][ 61]LogModuleManager: Shutting down and abandoning module SceneOutliner (160)
[2014.09.20-06.54.31:331][ 61]LogModuleManager: Shutting down and abandoning module EditorWidgets (159)
[2014.09.20-06.54.31:331][ 61]LogModuleManager: Shutting down and abandoning module CollectionManager (158)
[2014.09.20-06.54.31:331][ 61]LogModuleManager: Shutting down and abandoning module StatsViewer (157)
[2014.09.20-06.54.31:331][ 61]LogModuleManager: Shutting down and abandoning module FoliageEdit (156)
[2014.09.20-06.54.31:331][ 61]LogModuleManager: Shutting down and abandoning module LandscapeEditor (155)
[2014.09.20-06.54.31:335][ 61]LogModuleManager: Shutting down and abandoning module MeshPaint (154)
[2014.09.20-06.54.31:335][ 61]LogModuleManager: Shutting down and abandoning module ActorPickerMode (153)
[2014.09.20-06.54.31:335][ 61]LogModuleManager: Shutting down and abandoning module GeometryMode (152)
[2014.09.20-06.54.31:335][ 61]LogModuleManager: Shutting down and abandoning module TextureAlignMode (151)
[2014.09.20-06.54.31:335][ 61]LogModuleManager: Shutting down and abandoning module BspMode (150)
[2014.09.20-06.54.31:335][ 61]LogModuleManager: Shutting down and abandoning module PlacementMode (149)
[2014.09.20-06.54.31:335][ 61]LogModuleManager: Shutting down and abandoning module AutomationWorker (148)
[2014.09.20-06.54.31:336][ 61]LogModuleManager: Shutting down and abandoning module ViewportSnapping (147)
[2014.09.20-06.54.31:336][ 61]LogModuleManager: Shutting down and abandoning module DeviceProfileEditor (146)
[2014.09.20-06.54.31:336][ 61]LogModuleManager: Shutting down and abandoning module UndoHistory (145)
[2014.09.20-06.54.31:336][ 61]LogModuleManager: Shutting down and abandoning module GameplayTagsEditor (144)
[2014.09.20-06.54.31:336][ 61]LogModuleManager: Shutting down and abandoning module UserFeedback (143)
[2014.09.20-06.54.31:336][ 61]LogModuleManager: Shutting down and abandoning module XmlParser (142)
[2014.09.20-06.54.31:336][ 61]LogModuleManager: Shutting down and abandoning module Blutility (141)
[2014.09.20-06.54.31:336][ 61]LogModuleManager: Shutting down and abandoning module AndroidPlatformEditor (138)
[2014.09.20-06.54.31:336][ 61]LogModuleManager: Shutting down and abandoning module AndroidRuntimeSettings (137)
[2014.09.20-06.54.31:336][ 61]LogModuleManager: Shutting down and abandoning module ProjectSettingsViewer (136)
[2014.09.20-06.54.31:336][ 61]LogModuleManager: Shutting down and abandoning module InputBindingEditor (135)
[2014.09.20-06.54.31:336][ 61]LogModuleManager: Shutting down and abandoning module EditorSettingsViewer (134)
[2014.09.20-06.54.31:336][ 61]LogModuleManager: Shutting down and abandoning module SettingsEditor (133)
[2014.09.20-06.54.31:336][ 61]LogModuleManager: Shutting down and abandoning module SessionLauncher (132)
[2014.09.20-06.54.31:336][ 61]LogModuleManager: Shutting down and abandoning module SessionFrontend (131)
[2014.09.20-06.54.31:336][ 61]LogModuleManager: Shutting down and abandoning module ProfilerClient (130)
[2014.09.20-06.54.31:336][ 61]LogModuleManager: Shutting down and abandoning module TargetDeviceServices (129)
[2014.09.20-06.54.31:336][ 61]LogModuleManager: Shutting down and abandoning module DeviceManager (128)
[2014.09.20-06.54.31:336][ 61]LogModuleManager: Shutting down and abandoning module AutomationController (127)
[2014.09.20-06.54.31:336][ 61]LogModuleManager: Shutting down and abandoning module AutomationWindow (126)
[2014.09.20-06.54.31:336][ 61]LogModuleManager: Shutting down and abandoning module Layers (125)
[2014.09.20-06.54.31:336][ 61]LogModuleManager: Shutting down and abandoning module ComponentVisualizers (124)
[2014.09.20-06.54.31:336][ 61]LogModuleManager: Shutting down and abandoning module DetailCustomizations (123)
[2014.09.20-06.54.31:336][ 61]LogModuleManager: Shutting down and abandoning module PackagesDialog (122)
[2014.09.20-06.54.31:336][ 61]LogModuleManager: Shutting down and abandoning module PropertyEditor (121)
[2014.09.20-06.54.31:336][ 61]LogModuleManager: Shutting down and abandoning module DirectoryWatcher (120)
[2014.09.20-06.54.31:337][ 61]LogModuleManager: Shutting down and abandoning module AssetRegistry (119)
[2014.09.20-06.54.31:477][ 61]LogModuleManager: Shutting down and abandoning module Persona (118)
[2014.09.20-06.54.31:477][ 61]LogModuleManager: Shutting down and abandoning module GraphEditor (117)
[2014.09.20-06.54.31:477][ 61]LogModuleManager: Shutting down and abandoning module ContentBrowser (116)
[2014.09.20-06.54.31:477][ 61]LogModuleManager: Shutting down and abandoning module ClassViewer (115)
[2014.09.20-06.54.31:477][ 61]LogModuleManager: Shutting down and abandoning module Toolbox (114)
[2014.09.20-06.54.31:477][ 61]LogModuleManager: Shutting down and abandoning module ModuleUI (113)
[2014.09.20-06.54.31:477][ 61]LogModuleManager: Shutting down and abandoning module Sequencer (112)
[2014.09.20-06.54.31:477][ 61]LogModuleManager: Shutting down and abandoning module AssetTools (111)
[2014.09.20-06.54.31:477][ 61]LogModuleManager: Shutting down and abandoning module MovieSceneTools (110)
[2014.09.20-06.54.31:477][ 61]LogModuleManager: Shutting down and abandoning module OutputLog (109)
[2014.09.20-06.54.31:477][ 61]LogModuleManager: Shutting down and abandoning module GammaUI (108)
[2014.09.20-06.54.31:477][ 61]LogModuleManager: Shutting down and abandoning module Documentation (107)
[2014.09.20-06.54.31:477][ 61]LogModuleManager: Shutting down and abandoning module DesktopPlatform (106)
[2014.09.20-06.54.31:477][ 61]LogModuleManager: Shutting down and abandoning module StreamingPauseRendering (105)
[2014.09.20-06.54.31:477][ 61]LogModuleManager: Shutting down and abandoning module AnalyticsET (104)
[2014.09.20-06.54.31:477][ 61]LogModuleManager: Shutting down and abandoning module Analytics (103)
[2014.09.20-06.54.31:477][ 61]LogModuleManager: Shutting down and abandoning module ProfilerService (102)
[2014.09.20-06.54.31:478][ 61]LogModuleManager: Shutting down and abandoning module TaskGraph (101)
[2014.09.20-06.54.31:478][ 61]LogModuleManager: Shutting down and abandoning module GameProjectGeneration (100)
[2014.09.20-06.54.31:478][ 61]LogModuleManager: Shutting down and abandoning module Matinee (99)
[2014.09.20-06.54.31:478][ 61]LogModuleManager: Shutting down and abandoning module Kismet (98)
[2014.09.20-06.54.31:478][ 61]LogModuleManager: Shutting down and abandoning module SlateReflector (97)
[2014.09.20-06.54.31:478][ 61]LogModuleManager: Shutting down and abandoning module LevelEditor (96)
[2014.09.20-06.54.31:479][ 61]LogModuleManager: Shutting down and abandoning module MainFrame (95)
[2014.09.20-06.54.31:479][ 61]LogModuleManager: Shutting down and abandoning module SourceControl (94)
[2014.09.20-06.54.31:479][ 61]LogModuleManager: Shutting down and abandoning module ImageWrapper (93)
[2014.09.20-06.54.31:479][ 61]LogModuleManager: Shutting down and abandoning module OnlineBlueprintSupport (92)
[2014.09.20-06.54.31:479][ 61]LogModuleManager: Shutting down and abandoning module FunctionalTesting (91)
[2014.09.20-06.54.31:479][ 61]LogModuleManager: Shutting down and abandoning module CollisionAnalyzer (90)
[2014.09.20-06.54.31:479][ 61]LogModuleManager: Shutting down and abandoning module WorkspaceMenuStructure (89)
[2014.09.20-06.54.31:479][ 61]LogModuleManager: Shutting down and abandoning module MessageLog (88)
[2014.09.20-06.54.31:479][ 61]LogModuleManager: Shutting down and abandoning module Slate (87)
[2014.09.20-06.54.31:479][ 61]LogModuleManager: Shutting down and abandoning module EditorStyle (86)
[2014.09.20-06.54.31:481][ 61]LogModuleManager: Shutting down and abandoning module SessionServices (85)
[2014.09.20-06.54.31:481][ 61]LogModuleManager: Shutting down and abandoning module Messaging (84)
[2014.09.20-06.54.31:481][ 61]LogModuleManager: Shutting down and abandoning module SourceCodeAccess (83)
[2014.09.20-06.54.31:481][ 61]LogModuleManager: Shutting down and abandoning module HeadMountedDisplay (82)
[2014.09.20-06.54.31:481][ 61]LogModuleManager: Shutting down and abandoning module XAudio2 (81)
[2014.09.20-06.54.31:481][ 61]LogModuleManager: Shutting down and abandoning module Networking (79)
[2014.09.20-06.54.31:481][ 61]LogModuleManager: Shutting down and abandoning module Core (78)
[2014.09.20-06.54.31:481][ 61]LogModuleManager: Shutting down and abandoning module KismetCompiler (77)
[2014.09.20-06.54.31:481][ 61]LogModuleManager: Shutting down and abandoning module PhysXFormats (76)
[2014.09.20-06.54.31:481][ 61]LogModuleManager: Shutting down and abandoning module SimplygonMeshReduction (75)
[2014.09.20-06.54.31:481][ 61]LogModuleManager: Shutting down and abandoning module MeshUtilities (74)
[2014.09.20-06.54.31:481][ 61]LogModuleManager: Shutting down and abandoning module DerivedDataCache (73)
[2014.09.20-06.54.31:520][ 61]LogDerivedDataCache: Shutdown
[2014.09.20-06.54.31:520][ 61]LogModuleManager: Shutting down and abandoning module ShaderFormatOpenGL (72)
[2014.09.20-06.54.31:520][ 61]LogModuleManager: Shutting down and abandoning module ShaderFormatD3D (71)
[2014.09.20-06.54.31:520][ 61]LogModuleManager: Shutting down and abandoning module TextureFormatUncompressed (70)
[2014.09.20-06.54.31:520][ 61]LogModuleManager: Shutting down and abandoning module TextureFormatPVR (69)
[2014.09.20-06.54.31:520][ 61]LogModuleManager: Shutting down and abandoning module TextureFormatDXT (68)
[2014.09.20-06.54.31:520][ 61]LogModuleManager: Shutting down and abandoning module TextureFormatAndroid (67)
[2014.09.20-06.54.31:520][ 61]LogModuleManager: Shutting down and abandoning module AudioFormatOpus (66)
[2014.09.20-06.54.31:520][ 61]LogModuleManager: Shutting down and abandoning module AudioFormatOgg (65)
[2014.09.20-06.54.31:520][ 61]LogModuleManager: Shutting down and abandoning module AudioFormatADPCM (64)
[2014.09.20-06.54.31:520][ 61]LogModuleManager: Shutting down and abandoning module Android_PVRTCTargetPlatform (63)
[2014.09.20-06.54.31:520][ 61]LogModuleManager: Shutting down and abandoning module Android_ETC2TargetPlatform (62)
[2014.09.20-06.54.31:520][ 61]LogModuleManager: Shutting down and abandoning module Android_ETC1TargetPlatform (61)
[2014.09.20-06.54.31:520][ 61]LogModuleManager: Shutting down and abandoning module Android_DXTTargetPlatform (60)
[2014.09.20-06.54.31:520][ 61]LogModuleManager: Shutting down and abandoning module Android_ATCTargetPlatform (59)
[2014.09.20-06.54.31:520][ 61]LogModuleManager: Shutting down and abandoning module AndroidTargetPlatform (58)
[2014.09.20-06.54.31:520][ 61]LogModuleManager: Shutting down and abandoning module WindowsTargetPlatform (57)
[2014.09.20-06.54.31:520][ 61]LogModuleManager: Shutting down and abandoning module WindowsServerTargetPlatform (56)
[2014.09.20-06.54.31:520][ 61]LogModuleManager: Shutting down and abandoning module WindowsNoEditorTargetPlatform (55)
[2014.09.20-06.54.31:520][ 61]LogModuleManager: Shutting down and abandoning module WindowsClientTargetPlatform (54)
[2014.09.20-06.54.31:520][ 61]LogModuleManager: Shutting down and abandoning module TargetPlatform (53)
[2014.09.20-06.54.31:520][ 61]LogModuleManager: Shutting down and abandoning module InputCore (52)
[2014.09.20-06.54.31:520][ 61]LogModuleManager: Shutting down and abandoning module Settings (51)
[2014.09.20-06.54.31:520][ 61]LogModuleManager: Shutting down and abandoning module TextureCompressor (48)
[2014.09.20-06.54.31:520][ 61]LogModuleManager: Shutting down and abandoning module ShaderCore (47)
[2014.09.20-06.54.31:520][ 61]LogModuleManager: Shutting down and abandoning module OpenGLDrv (46)
[2014.09.20-06.54.31:520][ 61]LogModuleManager: Shutting down and abandoning module D3D11RHI (45)
[2014.09.20-06.54.31:520][ 61]LogModuleManager: Shutting down and abandoning module SlateRHIRenderer (44)
[2014.09.20-06.54.31:520][ 61]LogModuleManager: Shutting down and abandoning module Renderer (43)
[2014.09.20-06.54.31:520][ 61]LogModuleManager: Shutting down and abandoning module Engine (42)
[2014.09.20-06.54.31:520][ 61]LogModuleManager: Shutting down and abandoning module SlateRemote (41)
[2014.09.20-06.54.31:520][ 61]LogModuleManager: Shutting down and abandoning module ScriptPlugin (40)
[2014.09.20-06.54.31:520][ 61]LogModuleManager: Shutting down and abandoning module ScriptEditorPlugin (38)
[2014.09.20-06.54.31:520][ 61]LogModuleManager: Shutting down and abandoning module WindowsMoviePlayer (37)
[2014.09.20-06.54.31:522][ 61]LogModuleManager: Shutting down and abandoning module ExampleDeviceProfileSelector (32)
[2014.09.20-06.54.31:522][ 61]LogModuleManager: Shutting down and abandoning module CustomMeshComponent (31)
[2014.09.20-06.54.31:522][ 61]LogModuleManager: Shutting down and abandoning module CableComponent (30)
[2014.09.20-06.54.31:522][ 61]LogModuleManager: Shutting down and abandoning module OculusRift (26)
[2014.09.20-06.54.31:522][ 61]LogModuleManager: Shutting down and abandoning module UdpMessaging (25)
[2014.09.20-06.54.31:622][ 61]LogModuleManager: Shutting down and abandoning module MessagingDebugger (24)
[2014.09.20-06.54.31:622][ 61]LogModuleManager: Shutting down and abandoning module PluginsEditor (14)
[2014.09.20-06.54.31:622][ 61]LogModuleManager: Shutting down and abandoning module IntroTutorials (13)
[2014.09.20-06.54.31:622][ 61]LogModuleManager: Shutting down and abandoning module EpicSurvey (12)
[2014.09.20-06.54.31:622][ 61]LogModuleManager: Shutting down and abandoning module VisualStudioSourceCodeAccess (10)
[2014.09.20-06.54.31:622][ 61]LogModuleManager: Shutting down and abandoning module UObjectPlugin (9)
[2014.09.20-06.54.31:622][ 61]LogModuleManager: Shutting down and abandoning module SubversionSourceControl (8)
[2014.09.20-06.54.31:622][ 61]LogModuleManager: Shutting down and abandoning module PerforceSourceControl (7)
[2014.09.20-06.54.31:622][ 61]LogModuleManager: Shutting down and abandoning module BlankPlugin (6)
[2014.09.20-06.54.31:622][ 61]LogModuleManager: Shutting down and abandoning module CoreUObject (5)
[2014.09.20-06.54.31:622][ 61]LogModuleManager: Shutting down and abandoning module NetworkFile (4)
[2014.09.20-06.54.31:622][ 61]LogModuleManager: Shutting down and abandoning module StreamingFile (3)
[2014.09.20-06.54.31:622][ 61]LogModuleManager: Shutting down and abandoning module SandboxFile (2)
[2014.09.20-06.54.31:622][ 61]LogModuleManager: Shutting down and abandoning module PakFile (1)
[2014.09.20-06.54.31:622][ 61]LogExit: Exiting.
[2014.09.20-06.54.31:625][ 61]Log file closed, 09/20/14 02:54:31
