Log file open, 09/22/14 18:06:05
LogInit:Display: Running engine for game: MyProject2
LogInit: Version: 4.2.0-2092659+++depot+UE4-Releases+4.2
LogInit: Compiled (64-bit): Jun  3 2014 00:56:21
LogInit: Build Configuration: Development
LogInit: Branch Name: ++depot+UE4-Releases+4.2
LogInit: Command line:  
LogInit: Base directory: C:/Program Files/Unreal Engine/4.2/Engine/Binaries/Win64/
LogInit: Rocket: 1
[2014.09.22-22.06.05:834][  0]LogTaskGraph: Started task graph with 3 named threads and 4 total threads.
[2014.09.22-22.06.05:866][  0]LogOnline:Warning: No default platform service specified for OnlineSubsystem
[2014.09.22-22.06.05:876][  0]LogInit: Presizing for 0 objects not considered by GC, pre-allocating 0 bytes.
[2014.09.22-22.06.05:885][  0]LogInit: Object subsystem initialized
[2014.09.22-22.06.05:888][  0]LogInit: Selected Device Profile: [Windows]
[2014.09.22-22.06.05:888][  0]LogInit: Applying CVar settings loaded from the selected device profile: [Windows]
[2014.09.22-22.06.05:927][  0]LogInit: Computer: RSIVALICE
[2014.09.22-22.06.05:927][  0]LogInit: User: ryanw
[2014.09.22-22.06.05:928][  0]LogInit: CPU Page size=4096, Cores=2
[2014.09.22-22.06.05:928][  0]LogInit: High frequency timer resolution =2.338448 MHz
[2014.09.22-22.06.05:928][  0]LogMemory: Memory total: Physical=3.8GB (4GB approx) Virtual=131072.0GB
[2014.09.22-22.06.05:928][  0]LogMemory: Platform Memory Stats for Windows
[2014.09.22-22.06.05:928][  0]LogMemory: Process Physical Memory: 52.56 MB used, 52.56 MB peak
[2014.09.22-22.06.05:928][  0]LogMemory: Process Virtual Memory: 29.53 MB used, 29.53 MB peak
[2014.09.22-22.06.05:928][  0]LogMemory: Physical Memory: 3211.24 MB used, 3941.41 MB total
[2014.09.22-22.06.05:928][  0]LogMemory: Virtual Memory: 254.58 MB used, 134217728.00 MB total
[2014.09.22-22.06.06:037][  0]LogD3D11RHI: Found D3D11 adapter 0: Intel(R) HD Graphics (Feature Level 10_0)
[2014.09.22-22.06.06:037][  0]LogD3D11RHI: Adapter has 32MB of dedicated video memory, 0MB of dedicated system memory, and 1632MB of shared system memory, 1 output[s]
[2014.09.22-22.06.06:039][  0]LogD3D11RHI: Found D3D11 adapter 1: Microsoft Basic Render Driver (Feature Level 11_0)
[2014.09.22-22.06.06:039][  0]LogD3D11RHI: Adapter has 0MB of dedicated video memory, 0MB of dedicated system memory, and 256MB of shared system memory, 0 output[s]
[2014.09.22-22.06.06:039][  0]LogD3D11RHI: Chosen D3D11 Adapter Id = 0
[2014.09.22-22.06.06:045][  0]LogRHI: Texture pool is 593 MB (70% of 848 MB)
[2014.09.22-22.06.06:048][  0]LogD3D11RHI: Async texture creation enabled
[2014.09.22-22.06.06:312][  0]LogContentStreaming: Texture pool size is 0.000000MB
[2014.09.22-22.06.07:975][  0]LogTargetPlatformManager:Display: Building Assets For Windows
[2014.09.22-22.06.08:419][  0]LogTargetPlatformManager:Display: Building Assets For Windows
[2014.09.22-22.06.08:494][  0]LogDerivedDataCache:Display: Max Cache Size: 512 MB
[2014.09.22-22.06.09:123][  0]LogDerivedDataCache: Loaded boot cache 0.63s 34MB C:/Users/ryanw/AppData/Local/UnrealEngine/4.2/DerivedDataCache/Boot.ddc.
[2014.09.22-22.06.09:123][  0]LogDerivedDataCache:Display: Loaded Boot cache: C:/Users/ryanw/AppData/Local/UnrealEngine/4.2/DerivedDataCache/Boot.ddc
[2014.09.22-22.06.09:123][  0]LogDerivedDataCache: FDerivedDataBackendGraph:  Pak pak cache file ../../../../../../Users/ryanw/Documents/GitHub/Space_Vines/Link-Object_prototype/DerivedDataCache/DDC.ddp not found, will not use a pak cache.
[2014.09.22-22.06.09:123][  0]LogDerivedDataCache: Unable to find inner node Pak for hierarchical cache Hierarchy.
[2014.09.22-22.06.09:179][  0]LogDerivedDataCache:Display: Pak cache opened for reading ../../../Engine/DerivedDataCache/DDC.ddp.
[2014.09.22-22.06.09:193][  0]LogDerivedDataCache: Using Local data cache path C:/Users/ryanw/AppData/Local/UnrealEngine/4.2/DerivedDataCache: Writable
[2014.09.22-22.06.16:594][  0]LogMeshUtilities: No automatic mesh reduction module available
[2014.09.22-22.06.16:594][  0]LogMeshUtilities: No automatic mesh merging module available
[2014.09.22-22.06.19:241][  0]LogInit: WinSock: version 1.1 (2.2), MaxSocks=32767, MaxUdp=65467
[2014.09.22-22.06.43:998][  0]LogStreaming:Warning: Failed to read file '../../../Engine/Content/Editor/Slate/Icons/ActorIcons/GroupActor_16x.png' error.
[2014.09.22-22.06.44:016][  0]LogSlate: Could not find file for Slate resource: ../../../Engine/Content/Editor/Slate/Icons/ActorIcons/GroupActor_16x.png
[2014.09.22-22.06.44:635][  0]LogStreaming:Warning: Failed to read file '../../../Engine/Content/Editor/Slate/Icons/ActorIcons/DecalActor_16x.png' error.
[2014.09.22-22.06.44:635][  0]LogSlate: Could not find file for Slate resource: ../../../Engine/Content/Editor/Slate/Icons/ActorIcons/DecalActor_16x.png
[2014.09.22-22.06.58:126][  0]UdpMessaging: Initializing bridge on interface 0.0.0.0:0 to multicast group 230.0.0.1:6666.
[2014.09.22-22.06.58:607][  0]SourceControl: Info Source control is disabled
[2014.09.22-22.06.58:608][  0]SourceControl: Info Source control is disabled
[2014.09.22-22.06.58:621][  0]SourceControl: Info Source control is disabled
[2014.09.22-22.06.59:992][  0]BlueprintLog: New page: Editor Load
[2014.09.22-22.07.01:183][  0]LogObj: 19136 objects as part of root set at end of initial load.
[2014.09.22-22.07.01:195][  0]LogUObjectAllocator: 3804656 out of 0 bytes used by permanent object pool.
[2014.09.22-22.07.02:093][  0]LogEngine: Initializing Engine...
[2014.09.22-22.07.02:695][  0]LogInit: XAudio2 using 'Speakers (Realtek High Definition Audio)' : 2 channels at 48 kHz using 32 bits per sample (channel mask 0x3)
[2014.09.22-22.07.02:930][  0]LogInit: FAudioDevice initialized.
[2014.09.22-22.07.03:025][  0]LogDerivedDataCache: Saved boot cache 0.04s 34MB C:/Users/ryanw/AppData/Local/UnrealEngine/4.2/DerivedDataCache/Boot.ddc.
[2014.09.22-22.07.03:042][  0]LogInit: Texture streaming: Enabled
[2014.09.22-22.07.03:217][  0]LogInit: Transaction tracking system initialized
[2014.09.22-22.07.03:912][  0]LogAssetRegistry: FAssetRegistry took 0.0115 seconds to start up
[2014.09.22-22.07.06:670][  0]LogModuleManager:Warning: ModuleManager: Unable to load module '' because the file was not found.
[2014.09.22-22.07.06:681][  0]LogModuleManager:Warning: ModuleManager: Unable to load module '' because the file was not found.
[2014.09.22-22.07.07:226][  0]LogConsoleResponse:Display: 
[2014.09.22-22.07.10:982][  0]SourceControl: Info Source control is disabled
[2014.09.22-22.07.11:000][  0]Cmd: MAP LOAD FILE="../../../../../../Users/ryanw/Documents/GitHub/Space_Vines/Link-Object_prototype/Content/Maps/Example_Map.umap" TEMPLATE=0 SHOWPROGRESS=1 WORLDCOMPOSITION=0
[2014.09.22-22.07.11:013][  0]LightingResults: New page: Lighting Build
[2014.09.22-22.07.11:103][  0]MapCheck: New page: Map Check
[2014.09.22-22.07.11:103][  0]LightingResults: New page: Lighting Build
[2014.09.22-22.07.11:127][  0]LogParticles: Destroying 0 GPU particle simulations for FXSystem 0x000000587FD03E20
[2014.09.22-22.07.13:211][  0]LogEditorServer: Finished looking for orphan Actors (0.000 secs)
[2014.09.22-22.07.13:211][  0]Cmd: MAP CHECKDEP
[2014.09.22-22.07.13:211][  0]MapCheck: New page: Example_Map - Sep 22, 2014, 2:07:13 PM
[2014.09.22-22.07.13:290][  0]MapCheck: Info ========== Map Check: 0 Error(s), 0 Warning(s), [78.318ms] ==========
[2014.09.22-22.07.13:290][  0]LogFileHelpers: Loading map 'Example_Map' took 2.291
[2014.09.22-22.07.13:479][  0]LogCollectionManager: Loaded 0 collections in 0.001329 seconds
[2014.09.22-22.07.14:616][  0]LogCrashTracker: Crashtracker disabled due to settings.
[2014.09.22-22.07.14:617][  0]Cmd: MODE PLACEMENT
[2014.09.22-22.07.14:689][  0]LogLoad: Full Startup: 70.16 seconds (BP compile: 0.50 seconds)
[2014.09.22-22.07.14:709][  0]LogContentBrowser:Verbose: The content browser source was changed by the sources view to '/Game/Materials'
[2014.09.22-22.07.15:127][  0]LogRenderer:Warning: Reallocating scene render targets to support 808x584.
[2014.09.22-22.07.16:255][  1]LogEpicStorage:Warning: EnumerateFiles request failed. Invalid response. code=403 error=<?xml version="1.0" encoding="UTF-8"?>
<Error><Code>AccessDenied</Code><Message>Access Denied</Message><RequestId>3F833896EDCBD8AD</RequestId><HostId>zosW5gxB+GT9Kh8baJJ93cgqRLpV3srcu/5O9XZDvr7R7Ei6SqC8gAiKVZ2oKxVLJrAvUF7QVKw=</HostId></Error>
[2014.09.22-22.07.16:332][  2]LogEpicSurvey:Warning: EnumerateFiles request failed. Invalid response. code=403 error=<?xml version="1.0" encoding="UTF-8"?>
<Error><Code>AccessDenied</Code><Message>Access Denied</Message><RequestId>5278B5FA5C78D82C</RequestId><HostId>YUrMPkLTAGenX/aixxZ9ZLUT7nZT+lsLkVbGMUQVTMtxaKP/iPqtNLSDMFm7vYMAxznwGa9ptqg=</HostId></Error>
[2014.09.22-22.07.16:346][  2]LogAssetRegistry: Asset discovery search completed in 12.4451 seconds
[2014.09.22-22.07.16:632][  3]LogEpicStorage:Warning: EnumerateFiles request failed. Invalid response. code=403 error=<?xml version="1.0" encoding="UTF-8"?>
<Error><Code>AccessDenied</Code><Message>Access Denied</Message><RequestId>AF24D2424BBDAF83</RequestId><HostId>GWLlvWs6YXlsBvf5f+NpIaeKJI4A/E+ftOrmt3GixwHTUgj0yMS7zfwDuI1+Xpb2</HostId></Error>
[2014.09.22-22.07.16:758][  4]LogEpicSurvey:Warning: EnumerateFiles request failed. Invalid response. code=403 error=<?xml version="1.0" encoding="UTF-8"?>
<Error><Code>AccessDenied</Code><Message>Access Denied</Message><RequestId>59E59F9569EC1123</RequestId><HostId>w5tOI6N0ArySJSiTMeR1qJ3hbSZmmbrC7ZR8hbE/HvJoFPBu/mh+J67StiiWS3C9</HostId></Error>
[2014.09.22-22.07.17:231][  7]LogEpicStorage:Warning: ReadFile request failed. File request already pending for filename=http://cdn.unrealengine.com/newsfeed/blueprint_icon_b.png
[2014.09.22-22.07.17:256][  7]LogEpicStorage:Warning: ReadFile request failed. File request already pending for filename=http://cdn.unrealengine.com/newsfeed/blueprint_icon_b.png
[2014.09.22-22.08.52:462][724]Cmd: QUIT_EDITOR
[2014.09.22-22.08.52:953][724]LogWindowsTextInputMethodSystem:Error: Terminating failed while unadvising the language notification sink from the TSF source.
[2014.09.22-22.08.53:062][724]LogExit: Preparing to exit.
[2014.09.22-22.08.54:016][724]LogExit: Editor shut down
[2014.09.22-22.08.54:017][724]LogExit: Transaction tracking system shut down
[2014.09.22-22.08.54:019][724]LogParticles: Destroying 0 GPU particle simulations for FXSystem 0x0000005801E0FD80
[2014.09.22-22.08.56:624][724]LogParticles: Destroying 0 GPU particle simulations for FXSystem 0x000000580C9DF880
[2014.09.22-22.08.56:624][724]LogExit: Object subsystem successfully closed.
[2014.09.22-22.08.56:985][724]LogModuleManager: Shutting down and abandoning module DesktopPlatform (165)
[2014.09.22-22.08.56:985][724]LogModuleManager: Shutting down and abandoning module ExternalImagePicker (164)
[2014.09.22-22.08.56:985][724]LogModuleManager: Shutting down and abandoning module AndroidDeviceDetection (163)
[2014.09.22-22.08.56:985][724]LogModuleManager: Shutting down and abandoning module CrashTracker (162)
[2014.09.22-22.08.56:985][724]LogModuleManager: Shutting down and abandoning module HTTP (161)
[2014.09.22-22.08.56:985][724]LogModuleManager: Shutting down and abandoning module NewsFeed (160)
[2014.09.22-22.08.56:985][724]LogModuleManager: Shutting down and abandoning module SceneOutliner (159)
[2014.09.22-22.08.56:985][724]LogModuleManager: Shutting down and abandoning module EditorWidgets (158)
[2014.09.22-22.08.56:985][724]LogModuleManager: Shutting down and abandoning module CollectionManager (157)
[2014.09.22-22.08.56:985][724]LogModuleManager: Shutting down and abandoning module StatsViewer (156)
[2014.09.22-22.08.56:997][724]LogModuleManager: Shutting down and abandoning module FoliageEdit (155)
[2014.09.22-22.08.57:000][724]LogModuleManager: Shutting down and abandoning module LandscapeEditor (154)
[2014.09.22-22.08.57:004][724]LogModuleManager: Shutting down and abandoning module MeshPaint (153)
[2014.09.22-22.08.57:004][724]LogModuleManager: Shutting down and abandoning module ActorPickerMode (152)
[2014.09.22-22.08.57:004][724]LogModuleManager: Shutting down and abandoning module GeometryMode (151)
[2014.09.22-22.08.57:004][724]LogModuleManager: Shutting down and abandoning module TextureAlignMode (150)
[2014.09.22-22.08.57:004][724]LogModuleManager: Shutting down and abandoning module BspMode (149)
[2014.09.22-22.08.57:004][724]LogModuleManager: Shutting down and abandoning module PlacementMode (148)
[2014.09.22-22.08.57:057][724]LogModuleManager: Shutting down and abandoning module AutomationWorker (147)
[2014.09.22-22.08.57:057][724]LogModuleManager: Shutting down and abandoning module ViewportSnapping (146)
[2014.09.22-22.08.57:057][724]LogModuleManager: Shutting down and abandoning module DeviceProfileEditor (145)
[2014.09.22-22.08.57:110][724]LogModuleManager: Shutting down and abandoning module UndoHistory (144)
[2014.09.22-22.08.57:110][724]LogModuleManager: Shutting down and abandoning module GameplayTagsEditor (143)
[2014.09.22-22.08.57:110][724]LogModuleManager: Shutting down and abandoning module UserFeedback (142)
[2014.09.22-22.08.57:110][724]LogModuleManager: Shutting down and abandoning module XmlParser (141)
[2014.09.22-22.08.57:110][724]LogModuleManager: Shutting down and abandoning module Blutility (140)
[2014.09.22-22.08.57:110][724]LogModuleManager: Shutting down and abandoning module AndroidPlatformEditor (137)
[2014.09.22-22.08.57:110][724]LogModuleManager: Shutting down and abandoning module AndroidRuntimeSettings (136)
[2014.09.22-22.08.57:110][724]LogModuleManager: Shutting down and abandoning module ProjectSettingsViewer (135)
[2014.09.22-22.08.57:110][724]LogModuleManager: Shutting down and abandoning module InputBindingEditor (134)
[2014.09.22-22.08.57:110][724]LogModuleManager: Shutting down and abandoning module EditorSettingsViewer (133)
[2014.09.22-22.08.57:110][724]LogModuleManager: Shutting down and abandoning module SettingsEditor (132)
[2014.09.22-22.08.57:110][724]LogModuleManager: Shutting down and abandoning module SessionLauncher (131)
[2014.09.22-22.08.57:110][724]LogModuleManager: Shutting down and abandoning module SessionFrontend (130)
[2014.09.22-22.08.57:110][724]LogModuleManager: Shutting down and abandoning module ProfilerClient (129)
[2014.09.22-22.08.57:110][724]LogModuleManager: Shutting down and abandoning module TargetDeviceServices (128)
[2014.09.22-22.08.57:110][724]LogModuleManager: Shutting down and abandoning module DeviceManager (127)
[2014.09.22-22.08.57:110][724]LogModuleManager: Shutting down and abandoning module AutomationController (126)
[2014.09.22-22.08.57:110][724]LogModuleManager: Shutting down and abandoning module AutomationWindow (125)
[2014.09.22-22.08.57:110][724]LogModuleManager: Shutting down and abandoning module Layers (124)
[2014.09.22-22.08.57:110][724]LogModuleManager: Shutting down and abandoning module ComponentVisualizers (123)
[2014.09.22-22.08.57:110][724]LogModuleManager: Shutting down and abandoning module DetailCustomizations (122)
[2014.09.22-22.08.57:154][724]LogModuleManager: Shutting down and abandoning module PackagesDialog (121)
[2014.09.22-22.08.57:154][724]LogModuleManager: Shutting down and abandoning module PropertyEditor (120)
[2014.09.22-22.08.57:154][724]LogModuleManager: Shutting down and abandoning module DirectoryWatcher (119)
[2014.09.22-22.08.57:154][724]LogModuleManager: Shutting down and abandoning module AssetRegistry (118)
[2014.09.22-22.08.57:419][724]LogModuleManager: Shutting down and abandoning module Persona (117)
[2014.09.22-22.08.57:419][724]LogModuleManager: Shutting down and abandoning module GraphEditor (116)
[2014.09.22-22.08.57:478][724]LogModuleManager: Shutting down and abandoning module ContentBrowser (115)
[2014.09.22-22.08.57:478][724]LogModuleManager: Shutting down and abandoning module ClassViewer (114)
[2014.09.22-22.08.57:478][724]LogModuleManager: Shutting down and abandoning module Toolbox (113)
[2014.09.22-22.08.57:478][724]LogModuleManager: Shutting down and abandoning module ModuleUI (112)
[2014.09.22-22.08.57:478][724]LogModuleManager: Shutting down and abandoning module Sequencer (111)
[2014.09.22-22.08.57:478][724]LogModuleManager: Shutting down and abandoning module AssetTools (110)
[2014.09.22-22.08.57:478][724]LogModuleManager: Shutting down and abandoning module MovieSceneTools (109)
[2014.09.22-22.08.57:478][724]LogModuleManager: Shutting down and abandoning module OutputLog (108)
[2014.09.22-22.08.57:478][724]LogModuleManager: Shutting down and abandoning module GammaUI (107)
[2014.09.22-22.08.57:478][724]LogModuleManager: Shutting down and abandoning module Documentation (106)
[2014.09.22-22.08.57:479][724]LogModuleManager: Shutting down and abandoning module StreamingPauseRendering (105)
[2014.09.22-22.08.57:479][724]LogModuleManager: Shutting down and abandoning module AnalyticsET (104)
[2014.09.22-22.08.57:479][724]LogModuleManager: Shutting down and abandoning module Analytics (103)
[2014.09.22-22.08.57:479][724]LogModuleManager: Shutting down and abandoning module ProfilerService (102)
[2014.09.22-22.08.57:742][724]LogModuleManager: Shutting down and abandoning module TaskGraph (101)
[2014.09.22-22.08.57:742][724]LogModuleManager: Shutting down and abandoning module GameProjectGeneration (100)
[2014.09.22-22.08.57:742][724]LogModuleManager: Shutting down and abandoning module Matinee (99)
[2014.09.22-22.08.57:742][724]LogModuleManager: Shutting down and abandoning module Kismet (98)
[2014.09.22-22.08.57:945][724]LogModuleManager: Shutting down and abandoning module SlateReflector (97)
[2014.09.22-22.08.57:945][724]LogModuleManager: Shutting down and abandoning module LevelEditor (96)
[2014.09.22-22.08.57:960][724]LogModuleManager: Shutting down and abandoning module MainFrame (95)
[2014.09.22-22.08.57:960][724]LogModuleManager: Shutting down and abandoning module SourceControl (94)
[2014.09.22-22.08.57:960][724]LogModuleManager: Shutting down and abandoning module ImageWrapper (93)
[2014.09.22-22.08.57:960][724]LogModuleManager: Shutting down and abandoning module OnlineBlueprintSupport (92)
[2014.09.22-22.08.57:960][724]LogModuleManager: Shutting down and abandoning module FunctionalTesting (91)
[2014.09.22-22.08.57:960][724]LogModuleManager: Shutting down and abandoning module CollisionAnalyzer (90)
[2014.09.22-22.08.57:960][724]LogModuleManager: Shutting down and abandoning module WorkspaceMenuStructure (89)
[2014.09.22-22.08.57:960][724]LogModuleManager: Shutting down and abandoning module MessageLog (88)
[2014.09.22-22.08.57:960][724]LogModuleManager: Shutting down and abandoning module Slate (87)
[2014.09.22-22.08.57:960][724]LogModuleManager: Shutting down and abandoning module EditorStyle (86)
[2014.09.22-22.08.57:963][724]LogModuleManager: Shutting down and abandoning module SessionServices (85)
[2014.09.22-22.08.57:963][724]LogModuleManager: Shutting down and abandoning module Messaging (84)
[2014.09.22-22.08.57:963][724]LogModuleManager: Shutting down and abandoning module SourceCodeAccess (83)
[2014.09.22-22.08.57:963][724]LogModuleManager: Shutting down and abandoning module HeadMountedDisplay (82)
[2014.09.22-22.08.57:963][724]LogModuleManager: Shutting down and abandoning module XAudio2 (81)
[2014.09.22-22.08.57:963][724]LogModuleManager: Shutting down and abandoning module Networking (79)
[2014.09.22-22.08.57:963][724]LogModuleManager: Shutting down and abandoning module Core (78)
[2014.09.22-22.08.57:963][724]LogModuleManager: Shutting down and abandoning module KismetCompiler (77)
[2014.09.22-22.08.57:963][724]LogModuleManager: Shutting down and abandoning module PhysXFormats (76)
[2014.09.22-22.08.57:963][724]LogModuleManager: Shutting down and abandoning module SimplygonMeshReduction (75)
[2014.09.22-22.08.57:963][724]LogModuleManager: Shutting down and abandoning module MeshUtilities (74)
[2014.09.22-22.08.57:963][724]LogModuleManager: Shutting down and abandoning module DerivedDataCache (73)
[2014.09.22-22.08.58:006][724]LogDerivedDataCache: Shutdown
[2014.09.22-22.08.58:006][724]LogModuleManager: Shutting down and abandoning module ShaderFormatOpenGL (72)
[2014.09.22-22.08.58:006][724]LogModuleManager: Shutting down and abandoning module ShaderFormatD3D (71)
[2014.09.22-22.08.58:006][724]LogModuleManager: Shutting down and abandoning module TextureFormatUncompressed (70)
[2014.09.22-22.08.58:006][724]LogModuleManager: Shutting down and abandoning module TextureFormatPVR (69)
[2014.09.22-22.08.58:006][724]LogModuleManager: Shutting down and abandoning module TextureFormatDXT (68)
[2014.09.22-22.08.58:006][724]LogModuleManager: Shutting down and abandoning module TextureFormatAndroid (67)
[2014.09.22-22.08.58:006][724]LogModuleManager: Shutting down and abandoning module AudioFormatOpus (66)
[2014.09.22-22.08.58:006][724]LogModuleManager: Shutting down and abandoning module AudioFormatOgg (65)
[2014.09.22-22.08.58:006][724]LogModuleManager: Shutting down and abandoning module AudioFormatADPCM (64)
[2014.09.22-22.08.58:006][724]LogModuleManager: Shutting down and abandoning module Android_PVRTCTargetPlatform (63)
[2014.09.22-22.08.58:006][724]LogModuleManager: Shutting down and abandoning module Android_ETC2TargetPlatform (62)
[2014.09.22-22.08.58:006][724]LogModuleManager: Shutting down and abandoning module Android_ETC1TargetPlatform (61)
[2014.09.22-22.08.58:006][724]LogModuleManager: Shutting down and abandoning module Android_DXTTargetPlatform (60)
[2014.09.22-22.08.58:006][724]LogModuleManager: Shutting down and abandoning module Android_ATCTargetPlatform (59)
[2014.09.22-22.08.58:006][724]LogModuleManager: Shutting down and abandoning module AndroidTargetPlatform (58)
[2014.09.22-22.08.58:006][724]LogModuleManager: Shutting down and abandoning module WindowsTargetPlatform (57)
[2014.09.22-22.08.58:006][724]LogModuleManager: Shutting down and abandoning module WindowsServerTargetPlatform (56)
[2014.09.22-22.08.58:006][724]LogModuleManager: Shutting down and abandoning module WindowsNoEditorTargetPlatform (55)
[2014.09.22-22.08.58:006][724]LogModuleManager: Shutting down and abandoning module WindowsClientTargetPlatform (54)
[2014.09.22-22.08.58:006][724]LogModuleManager: Shutting down and abandoning module TargetPlatform (53)
[2014.09.22-22.08.58:006][724]LogModuleManager: Shutting down and abandoning module InputCore (52)
[2014.09.22-22.08.58:006][724]LogModuleManager: Shutting down and abandoning module Settings (51)
[2014.09.22-22.08.58:006][724]LogModuleManager: Shutting down and abandoning module TextureCompressor (48)
[2014.09.22-22.08.58:007][724]LogModuleManager: Shutting down and abandoning module ShaderCore (47)
[2014.09.22-22.08.58:007][724]LogModuleManager: Shutting down and abandoning module OpenGLDrv (46)
[2014.09.22-22.08.58:007][724]LogModuleManager: Shutting down and abandoning module D3D11RHI (45)
[2014.09.22-22.08.58:007][724]LogModuleManager: Shutting down and abandoning module SlateRHIRenderer (44)
[2014.09.22-22.08.58:007][724]LogModuleManager: Shutting down and abandoning module Renderer (43)
[2014.09.22-22.08.58:007][724]LogModuleManager: Shutting down and abandoning module Engine (42)
[2014.09.22-22.08.58:007][724]LogModuleManager: Shutting down and abandoning module SlateRemote (41)
[2014.09.22-22.08.58:007][724]LogModuleManager: Shutting down and abandoning module ScriptPlugin (40)
[2014.09.22-22.08.58:007][724]LogModuleManager: Shutting down and abandoning module ScriptEditorPlugin (38)
[2014.09.22-22.08.58:007][724]LogModuleManager: Shutting down and abandoning module WindowsMoviePlayer (37)
[2014.09.22-22.08.58:009][724]LogModuleManager: Shutting down and abandoning module ExampleDeviceProfileSelector (32)
[2014.09.22-22.08.58:009][724]LogModuleManager: Shutting down and abandoning module CustomMeshComponent (31)
[2014.09.22-22.08.58:009][724]LogModuleManager: Shutting down and abandoning module CableComponent (30)
[2014.09.22-22.08.58:009][724]LogModuleManager: Shutting down and abandoning module OculusRift (26)
[2014.09.22-22.08.58:009][724]LogModuleManager: Shutting down and abandoning module UdpMessaging (25)
[2014.09.22-22.08.58:110][724]LogModuleManager: Shutting down and abandoning module MessagingDebugger (24)
[2014.09.22-22.08.58:110][724]LogModuleManager: Shutting down and abandoning module PluginsEditor (14)
[2014.09.22-22.08.58:110][724]LogModuleManager: Shutting down and abandoning module IntroTutorials (13)
[2014.09.22-22.08.58:110][724]LogModuleManager: Shutting down and abandoning module EpicSurvey (12)
[2014.09.22-22.08.58:110][724]LogModuleManager: Shutting down and abandoning module VisualStudioSourceCodeAccess (10)
[2014.09.22-22.08.58:110][724]LogModuleManager: Shutting down and abandoning module UObjectPlugin (9)
[2014.09.22-22.08.58:110][724]LogModuleManager: Shutting down and abandoning module SubversionSourceControl (8)
[2014.09.22-22.08.58:110][724]LogModuleManager: Shutting down and abandoning module PerforceSourceControl (7)
[2014.09.22-22.08.58:110][724]LogModuleManager: Shutting down and abandoning module BlankPlugin (6)
[2014.09.22-22.08.58:110][724]LogModuleManager: Shutting down and abandoning module CoreUObject (5)
[2014.09.22-22.08.58:110][724]LogModuleManager: Shutting down and abandoning module NetworkFile (4)
[2014.09.22-22.08.58:110][724]LogModuleManager: Shutting down and abandoning module StreamingFile (3)
[2014.09.22-22.08.58:110][724]LogModuleManager: Shutting down and abandoning module SandboxFile (2)
[2014.09.22-22.08.58:110][724]LogModuleManager: Shutting down and abandoning module PakFile (1)
[2014.09.22-22.08.58:241][724]LogExit: Exiting.
[2014.09.22-22.08.58:317][724]Log file closed, 09/22/14 18:08:58
