Log file open, 09/25/14 18:02:44
LogInit:Display: Running engine for game: MyProject2
LogInit: Version: 4.2.1-2101290+++depot+UE4-Releases+4.2
LogInit: Compiled (64-bit): Jun 10 2014 22:21:56
LogInit: Build Configuration: Development
LogInit: Branch Name: ++depot+UE4-Releases+4.2
LogInit: Command line:  
LogInit: Base directory: C:/Program Files/Unreal Engine/4.2/Engine/Binaries/Win64/
LogInit: Rocket: 1
[2014.09.25-22.02.44:834][  0]LogTaskGraph: Started task graph with 3 named threads and 4 total threads.
[2014.09.25-22.02.44:868][  0]LogOnline:Warning: No default platform service specified for OnlineSubsystem
[2014.09.25-22.02.44:885][  0]LogInit: Presizing for 0 objects not considered by GC, pre-allocating 0 bytes.
[2014.09.25-22.02.44:897][  0]LogInit: Object subsystem initialized
[2014.09.25-22.02.44:901][  0]LogInit: Selected Device Profile: [Windows]
[2014.09.25-22.02.44:901][  0]LogInit: Applying CVar settings loaded from the selected device profile: [Windows]
[2014.09.25-22.02.44:910][  0]LogInit: Computer: VERONICA
[2014.09.25-22.02.44:910][  0]LogInit: User: Zeetermin
[2014.09.25-22.02.44:911][  0]LogInit: CPU Page size=4096, Cores=4
[2014.09.25-22.02.44:911][  0]LogInit: High frequency timer resolution =2.597724 MHz
[2014.09.25-22.02.44:911][  0]LogMemory: Memory total: Physical=6.0GB (6GB approx) Virtual=8192.0GB
[2014.09.25-22.02.44:911][  0]LogMemory: Platform Memory Stats for Windows
[2014.09.25-22.02.44:911][  0]LogMemory: Process Physical Memory: 56.59 MB used, 56.59 MB peak
[2014.09.25-22.02.44:911][  0]LogMemory: Process Virtual Memory: 32.63 MB used, 32.85 MB peak
[2014.09.25-22.02.44:911][  0]LogMemory: Physical Memory: 4476.14 MB used, 6135.18 MB total
[2014.09.25-22.02.44:911][  0]LogMemory: Virtual Memory: 238.59 MB used, 8388608.00 MB total
[2014.09.25-22.02.44:941][  0]LogD3D11RHI: Found D3D11 adapter 0: AMD Radeon R7 200 Series (Feature Level 11_0)
[2014.09.25-22.02.44:941][  0]LogD3D11RHI: Adapter has 2033MB of dedicated video memory, 0MB of dedicated system memory, and 2811MB of shared system memory, 2 output[s]
[2014.09.25-22.02.44:941][  0]LogD3D11RHI: Chosen D3D11 Adapter Id = 0
[2014.09.25-22.02.44:949][  0]LogRHI: Texture pool is 1361 MB (70% of 1945 MB)
[2014.09.25-22.02.44:955][  0]LogD3D11RHI: Async texture creation disabled: no driver support
[2014.09.25-22.02.45:054][  0]LogContentStreaming: Texture pool size is 0.000000MB
[2014.09.25-22.02.46:176][  0]LogTargetPlatformManager:Display: Building Assets For Windows
[2014.09.25-22.02.46:313][  0]LogTargetPlatformManager:Display: Building Assets For Windows
[2014.09.25-22.02.46:363][  0]LogDerivedDataCache:Display: Max Cache Size: 512 MB
[2014.09.25-22.02.46:410][  0]LogDerivedDataCache: Loaded boot cache 0.05s 39MB C:/Users/Zeetermin/AppData/Local/UnrealEngine/4.2/DerivedDataCache/Boot.ddc.
[2014.09.25-22.02.46:410][  0]LogDerivedDataCache:Display: Loaded Boot cache: C:/Users/Zeetermin/AppData/Local/UnrealEngine/4.2/DerivedDataCache/Boot.ddc
[2014.09.25-22.02.46:410][  0]LogDerivedDataCache: FDerivedDataBackendGraph:  Pak pak cache file ../../../../../../Users/Zeetermin/Documents/2014 Fall/SpaceVines/Space_Vines/Link-Object_prototype/DerivedDataCache/DDC.ddp not found, will not use a pak cache.
[2014.09.25-22.02.46:410][  0]LogDerivedDataCache: Unable to find inner node Pak for hierarchical cache Hierarchy.
[2014.09.25-22.02.46:422][  0]LogDerivedDataCache:Display: Pak cache opened for reading ../../../Engine/DerivedDataCache/DDC.ddp.
[2014.09.25-22.02.46:433][  0]LogDerivedDataCache: Using Local data cache path C:/Users/Zeetermin/AppData/Local/UnrealEngine/4.2/DerivedDataCache: Writable
[2014.09.25-22.02.46:663][  0]LogMeshUtilities: No automatic mesh reduction module available
[2014.09.25-22.02.46:663][  0]LogMeshUtilities: No automatic mesh merging module available
[2014.09.25-22.02.47:035][  0]LogInit: WinSock: version 1.1 (2.2), MaxSocks=32767, MaxUdp=65467
[2014.09.25-22.02.47:534][  0]LogStreaming:Warning: Failed to read file '../../../Engine/Content/Editor/Slate/Icons/ActorIcons/GroupActor_16x.png' error.
[2014.09.25-22.02.47:534][  0]LogSlate: Could not find file for Slate resource: ../../../Engine/Content/Editor/Slate/Icons/ActorIcons/GroupActor_16x.png
[2014.09.25-22.02.47:540][  0]LogStreaming:Warning: Failed to read file '../../../Engine/Content/Editor/Slate/Icons/ActorIcons/DecalActor_16x.png' error.
[2014.09.25-22.02.47:540][  0]LogSlate: Could not find file for Slate resource: ../../../Engine/Content/Editor/Slate/Icons/ActorIcons/DecalActor_16x.png
[2014.09.25-22.02.47:879][  0]UdpMessaging: Initializing bridge on interface 0.0.0.0:0 to multicast group 230.0.0.1:6666.
[2014.09.25-22.02.47:981][  0]SourceControl: Info Source control is disabled
[2014.09.25-22.02.47:981][  0]SourceControl: Info Source control is disabled
[2014.09.25-22.02.47:989][  0]SourceControl: Info Source control is disabled
[2014.09.25-22.02.48:096][  0]BlueprintLog: New page: Editor Load
[2014.09.25-22.02.48:143][  0]LogObj: 19137 objects as part of root set at end of initial load.
[2014.09.25-22.02.48:143][  0]LogUObjectAllocator: 3804784 out of 0 bytes used by permanent object pool.
[2014.09.25-22.02.48:424][  0]LogEngine: Initializing Engine...
[2014.09.25-22.02.48:561][  0]LogInit: XAudio2 using 'Speakers (High Definition Audio Device)' : 2 channels at 44.1 kHz using 16 bits per sample (channel mask 0x3)
[2014.09.25-22.02.48:572][  0]LogInit: FAudioDevice initialized.
[2014.09.25-22.02.48:598][  0]LogDerivedDataCache: Saved boot cache 0.02s 39MB C:/Users/Zeetermin/AppData/Local/UnrealEngine/4.2/DerivedDataCache/Boot.ddc.
[2014.09.25-22.02.48:605][  0]LogInit: Texture streaming: Enabled
[2014.09.25-22.02.48:643][  0]LogInit: Transaction tracking system initialized
[2014.09.25-22.02.48:781][  0]LogAssetRegistry: FAssetRegistry took 0.0099 seconds to start up
[2014.09.25-22.02.48:983][  0]LogModuleManager:Warning: ModuleManager: Unable to load module '' because the file was not found.
[2014.09.25-22.02.48:991][  0]LogModuleManager:Warning: ModuleManager: Unable to load module '' because the file was not found.
[2014.09.25-22.02.49:054][  0]LogConsoleResponse:Display: 
[2014.09.25-22.02.49:338][  0]SourceControl: Info Source control is disabled
[2014.09.25-22.02.49:338][  0]Cmd: MAP LOAD FILE="../../../../../../Users/Zeetermin/Documents/2014 Fall/SpaceVines/Space_Vines/Link-Object_prototype/Content/Maps/GameLevels/Two.umap" TEMPLATE=0 SHOWPROGRESS=1 WORLDCOMPOSITION=0
[2014.09.25-22.02.49:372][  0]LightingResults: New page: Lighting Build
[2014.09.25-22.02.49:381][  0]MapCheck: New page: Map Check
[2014.09.25-22.02.49:381][  0]LightingResults: New page: Lighting Build
[2014.09.25-22.02.49:396][  0]LogParticles: Destroying 0 GPU particle simulations for FXSystem 0x0000000011DC5580
[2014.09.25-22.02.50:065][  0]LogMaterial:Warning: Material /Game/lore.lore needed to have new flag set bUsedWithStaticLighting !
[2014.09.25-22.02.50:114][  0]LogMaterial: Missing cached shader map for material lore, compiling.
[2014.09.25-22.02.50:130][  0]LogMaterial: 0.000094 seconds spent updating 1 materials, 1 interfaces, 0 instances, 0 with static permutations.
[2014.09.25-22.02.50:187][  0]LogEditorServer: Finished looking for orphan Actors (0.000 secs)
[2014.09.25-22.02.50:191][  0]Cmd: MAP CHECKDEP
[2014.09.25-22.02.50:191][  0]MapCheck: New page: Two - Sep 25, 2014, 2:02:50 PM
[2014.09.25-22.02.50:263][  0]MapCheck: Info ========== Map Check: 0 Error(s), 0 Warning(s), [71.581ms] ==========
[2014.09.25-22.02.50:263][  0]LogFileHelpers: Loading map 'Two' took 0.925
[2014.09.25-22.02.50:388][  0]LogCollectionManager: Loaded 0 collections in 0.002070 seconds
[2014.09.25-22.02.50:702][  0]LogCrashTracker: Crashtracker disabled due to settings.
[2014.09.25-22.02.50:703][  0]Cmd: MODE PLACEMENT
[2014.09.25-22.02.50:753][  0]LogLoad: Full Startup: 7.10 seconds (BP compile: 0.07 seconds)
[2014.09.25-22.02.50:773][  0]LogContentBrowser:Verbose: The content browser source was changed by the sources view to '/Game/Meshes/Environment'
[2014.09.25-22.02.50:954][  0]LogRenderer:Warning: Reallocating scene render targets to support 1216x968.
[2014.09.25-22.02.51:213][  1]LogEpicStorage:Warning: EnumerateFiles request failed. Invalid response. code=403 error=<?xml version="1.0" encoding="UTF-8"?>
<Error><Code>AccessDenied</Code><Message>Access Denied</Message><RequestId>B9E08248769CAD91</RequestId><HostId>DJ6aIvtjEiKfBVKgJJEIgNSZTDwYMZSsMjGE/S1DmLfzKGlgi6EX9PWcHPm8406S</HostId></Error>
[2014.09.25-22.02.51:255][  2]LogEpicSurvey:Warning: EnumerateFiles request failed. Invalid response. code=403 error=<?xml version="1.0" encoding="UTF-8"?>
<Error><Code>AccessDenied</Code><Message>Access Denied</Message><RequestId>F1CECE27F1B1ABC7</RequestId><HostId>Bh/Ktiw8h7r7QQQh1PnTfQrWcG/6qUlvgUqL03uHU5V5KVh9RT4/ia+TLxwQ/q3j</HostId></Error>
[2014.09.25-22.02.51:285][  3]LogEpicStorage:Warning: EnumerateFiles request failed. Invalid response. code=403 error=<?xml version="1.0" encoding="UTF-8"?>
<Error><Code>AccessDenied</Code><Message>Access Denied</Message><RequestId>69AC08AB11239CC4</RequestId><HostId>1oE1fMZFnZ9AkpgXLtAeyCZqQubsyNNs7ZHsE/84qFnSdozZaJnako5Er+etpeQi6Wjb2PQT694=</HostId></Error>
[2014.09.25-22.02.51:296][  3]LogAssetRegistry: Asset discovery search completed in 2.5251 seconds
[2014.09.25-22.02.51:327][  4]LogEpicSurvey:Warning: EnumerateFiles request failed. Invalid response. code=403 error=<?xml version="1.0" encoding="UTF-8"?>
<Error><Code>AccessDenied</Code><Message>Access Denied</Message><RequestId>100C8CC06E5D3ABD</RequestId><HostId>ThHfTjNw5brwKqUXcp/1EUfjo1dU0QXpa+6HGKTC6IEkkS6dbFLgImEUlPfD++hh</HostId></Error>
[2014.09.25-22.02.51:897][  7]LogEpicStorage:Warning: ReadFile request failed. File request already pending for filename=http://cdn.unrealengine.com/newsfeed/blueprint_icon_b.png
[2014.09.25-22.02.51:912][  7]LogEpicStorage:Warning: ReadFile request failed. File request already pending for filename=http://cdn.unrealengine.com/newsfeed/blueprint_icon_b.png
[2014.09.25-22.03.37:545][364]Cmd: MAP LOAD FILE="../../../../../../Users/Zeetermin/Documents/2014 Fall/SpaceVines/Space_Vines/Link-Object_prototype/Content/Maps/GameLevels/Three.umap" TEMPLATE=0 SHOWPROGRESS=1 WORLDCOMPOSITION=0
[2014.09.25-22.03.37:545][364]LightingResults: New page: Lighting Build
[2014.09.25-22.03.37:546][364]Cmd: MODE PLACEMENT
[2014.09.25-22.03.37:565][364]LoadErrors: New page: Loading map: Three.umap
[2014.09.25-22.03.37:568][364]MapCheck: New page: Map Check
[2014.09.25-22.03.37:568][364]LightingResults: New page: Lighting Build
[2014.09.25-22.03.37:598][364]LogParticles: Destroying 0 GPU particle simulations for FXSystem 0x000000000BFF3C40
[2014.09.25-22.03.46:234][364]LogBlueprint:Warning: Node '/Game/Maps/GameLevels/Three.Three:PersistentLevel.Three.EventGraph.K2Node_Literal_2' missing NodeGuid.
[2014.09.25-22.03.46:384][364]LogEditorServer: Finished looking for orphan Actors (0.000 secs)
[2014.09.25-22.03.46:410][364]Cmd: MAP CHECKDEP
[2014.09.25-22.03.46:410][364]MapCheck: New page: Three - Sep 25, 2014, 2:03:46 PM
[2014.09.25-22.03.46:481][364]MapCheck: Info ========== Map Check: 0 Error(s), 0 Warning(s), [71.24ms] ==========
[2014.09.25-22.03.46:481][364]LogFileHelpers: Loading map 'Three' took 8.937
[2014.09.25-22.03.46:596][365]Cmd: UpdateLandscapeEditorData -warnings
[2014.09.25-22.03.46:597][365]Cmd: UpdateLandscapeEditorData
[2014.09.25-22.07.14:866][526]LogEditorViewport: Clicking on Actor (LMB): StaticMeshActor (Model_SkySphere)
[2014.09.25-22.07.15:379][538]LogEditorViewport: Clicking on Actor (LMB): Landscape (asteroid bits)
[2014.09.25-22.07.25:992][785]LogPhysics:Warning: FDerivedDataPhysXCooker::BuildTriMesh: Triangle data from '/Game/Maps/GameLevels/Three.Three:PersistentLevel.ModelComponent_6652' invalid (35534 verts, 0 indices).
[2014.09.25-22.07.31:834][973]Cmd: DUPLICATE
[2014.09.25-22.07.31:834][973]Cmd: ACTOR DUPLICATE
[2014.09.25-22.07.31:871][973]LogUObjectHash:Warning: Ambiguous search, could be Model /Game/Maps/GameLevels/Three.Three:PersistentLevel.SphereBrush_17.Model_7 or Model /Game/Maps/GameLevels/Three.Three:PersistentLevel.SphereBrush_16.Model_7
[2014.09.25-22.07.31:871][973]LogUObjectHash:Warning: Ambiguous search, could be Model /Game/Maps/GameLevels/Three.Three:PersistentLevel.SphereBrush_17.Model_7 or Model /Game/Maps/GameLevels/Three.Three:PersistentLevel.roof.Model_7
[2014.09.25-22.07.31:871][973]LogUObjectHash:Warning: Ambiguous search, could be Model /Game/Maps/GameLevels/Three.Three:PersistentLevel.SphereBrush_17.Model_7 or Model /Game/Maps/GameLevels/Three.Three:PersistentLevel.BoxBrush_99.Model_7
[2014.09.25-22.07.31:871][973]LogUObjectHash:Warning: Ambiguous search, could be Model /Game/Maps/GameLevels/Three.Three:PersistentLevel.SphereBrush_17.Model_7 or Model /Game/Maps/GameLevels/Three.Three:PersistentLevel.BoxBrush_98.Model_7
[2014.09.25-22.07.31:871][973]LogUObjectHash:Warning: Ambiguous search, could be Model /Game/Maps/GameLevels/Three.Three:PersistentLevel.SphereBrush_17.Model_7 or Model /Game/Maps/GameLevels/Three.Three:PersistentLevel.BoxBrush_97.Model_7
[2014.09.25-22.07.31:871][973]LogUObjectHash:Warning: Ambiguous search, could be Model /Game/Maps/GameLevels/Three.Three:PersistentLevel.SphereBrush_17.Model_7 or Model /Game/Maps/GameLevels/Three.Three:PersistentLevel.BoxBrush_96.Model_7
[2014.09.25-22.07.31:871][973]LogUObjectHash:Warning: Ambiguous search, could be Model /Game/Maps/GameLevels/Three.Three:PersistentLevel.SphereBrush_17.Model_7 or Model /Game/Maps/GameLevels/Three.Three:PersistentLevel.BoxBrush_93.Model_7
[2014.09.25-22.07.31:871][973]LogUObjectHash:Warning: Ambiguous search, could be Model /Game/Maps/GameLevels/Three.Three:PersistentLevel.SphereBrush_17.Model_7 or Model /Game/Maps/GameLevels/Three.Three:PersistentLevel.BoxBrush_92.Model_7
[2014.09.25-22.07.31:871][973]LogUObjectHash:Warning: Ambiguous search, could be Model /Game/Maps/GameLevels/Three.Three:PersistentLevel.SphereBrush_17.Model_7 or Model /Game/Maps/GameLevels/Three.Three:PersistentLevel.BoxBrush_91.Model_7
[2014.09.25-22.07.31:872][973]LogUObjectHash:Warning: Ambiguous search, could be Model /Game/Maps/GameLevels/Three.Three:PersistentLevel.SphereBrush_17.Model_7 or Model /Game/Maps/GameLevels/Three.Three:PersistentLevel.BoxBrush_90.Model_7
[2014.09.25-22.07.31:872][973]LogUObjectHash:Warning: Ambiguous search, could be Model /Game/Maps/GameLevels/Three.Three:PersistentLevel.SphereBrush_17.Model_7 or Model /Game/Maps/GameLevels/Three.Three:PersistentLevel.BoxBrush_9.Model_7
[2014.09.25-22.07.31:872][973]LogUObjectHash:Warning: Ambiguous search, could be Model /Game/Maps/GameLevels/Three.Three:PersistentLevel.SphereBrush_17.Model_7 or Model /Game/Maps/GameLevels/Three.Three:PersistentLevel.BoxBrush_89.Model_7
[2014.09.25-22.07.31:872][973]LogUObjectHash:Warning: Ambiguous search, could be Model /Game/Maps/GameLevels/Three.Three:PersistentLevel.SphereBrush_17.Model_7 or Model /Game/Maps/GameLevels/Three.Three:PersistentLevel.BoxBrush_88.Model_7
[2014.09.25-22.07.31:872][973]LogUObjectHash:Warning: Ambiguous search, could be Model /Game/Maps/GameLevels/Three.Three:PersistentLevel.SphereBrush_17.Model_7 or Model /Game/Maps/GameLevels/Three.Three:PersistentLevel.BoxBrush_84.Model_7
[2014.09.25-22.07.31:872][973]LogUObjectHash:Warning: Ambiguous search, could be Model /Game/Maps/GameLevels/Three.Three:PersistentLevel.SphereBrush_17.Model_7 or Model /Game/Maps/GameLevels/Three.Three:PersistentLevel.BoxBrush_83.Model_7
[2014.09.25-22.07.31:872][973]LogUObjectHash:Warning: Ambiguous search, could be Model /Game/Maps/GameLevels/Three.Three:PersistentLevel.SphereBrush_17.Model_7 or Model /Game/Maps/GameLevels/Three.Three:PersistentLevel.BoxBrush_82.Model_7
[2014.09.25-22.07.31:872][973]LogUObjectHash:Warning: Ambiguous search, could be Model /Game/Maps/GameLevels/Three.Three:PersistentLevel.SphereBrush_17.Model_7 or Model /Game/Maps/GameLevels/Three.Three:PersistentLevel.BoxBrush_81.Model_7
[2014.09.25-22.07.31:872][973]LogUObjectHash:Warning: Ambiguous search, could be Model /Game/Maps/GameLevels/Three.Three:PersistentLevel.SphereBrush_17.Model_7 or Model /Game/Maps/GameLevels/Three.Three:PersistentLevel.BoxBrush_80.Model_7
[2014.09.25-22.07.31:872][973]LogUObjectHash:Warning: Ambiguous search, could be Model /Game/Maps/GameLevels/Three.Three:PersistentLevel.SphereBrush_17.Model_7 or Model /Game/Maps/GameLevels/Three.Three:PersistentLevel.BoxBrush_8.Model_7
[2014.09.25-22.07.31:872][973]LogUObjectHash:Warning: Ambiguous search, could be Model /Game/Maps/GameLevels/Three.Three:PersistentLevel.SphereBrush_17.Model_7 or Model /Game/Maps/GameLevels/Three.Three:PersistentLevel.BoxBrush_79.Model_7
[2014.09.25-22.07.31:872][973]LogUObjectHash:Warning: Ambiguous search, could be Model /Game/Maps/GameLevels/Three.Three:PersistentLevel.SphereBrush_17.Model_7 or Model /Game/Maps/GameLevels/Three.Three:PersistentLevel.BoxBrush_78.Model_7
[2014.09.25-22.07.31:872][973]LogUObjectHash:Warning: Ambiguous search, could be Model /Game/Maps/GameLevels/Three.Three:PersistentLevel.SphereBrush_17.Model_7 or Model /Game/Maps/GameLevels/Three.Three:PersistentLevel.BoxBrush_77.Model_7
[2014.09.25-22.07.31:872][973]LogUObjectHash:Warning: Ambiguous search, could be Model /Game/Maps/GameLevels/Three.Three:PersistentLevel.SphereBrush_17.Model_7 or Model /Game/Maps/GameLevels/Three.Three:PersistentLevel.BoxBrush_76.Model_7
[2014.09.25-22.07.31:872][973]LogUObjectHash:Warning: Ambiguous search, could be Model /Game/Maps/GameLevels/Three.Three:PersistentLevel.SphereBrush_17.Model_7 or Model /Game/Maps/GameLevels/Three.Three:PersistentLevel.BoxBrush_75.Model_7
[2014.09.25-22.07.31:872][973]LogUObjectHash:Warning: Ambiguous search, could be Model /Game/Maps/GameLevels/Three.Three:PersistentLevel.SphereBrush_17.Model_7 or Model /Game/Maps/GameLevels/Three.Three:PersistentLevel.BoxBrush_74.Model_7
[2014.09.25-22.07.31:872][973]LogUObjectHash:Warning: Ambiguous search, could be Model /Game/Maps/GameLevels/Three.Three:PersistentLevel.SphereBrush_17.Model_7 or Model /Game/Maps/GameLevels/Three.Three:PersistentLevel.BoxBrush_72.Model_7
[2014.09.25-22.07.31:872][973]LogUObjectHash:Warning: Ambiguous search, could be Model /Game/Maps/GameLevels/Three.Three:PersistentLevel.SphereBrush_17.Model_7 or Model /Game/Maps/GameLevels/Three.Three:PersistentLevel.BoxBrush_71.Model_7
[2014.09.25-22.07.31:872][973]LogUObjectHash:Warning: Ambiguous search, could be Model /Game/Maps/GameLevels/Three.Three:PersistentLevel.SphereBrush_17.Model_7 or Model /Game/Maps/GameLevels/Three.Three:PersistentLevel.BoxBrush_70.Model_7
[2014.09.25-22.07.31:872][973]LogUObjectHash:Warning: Ambiguous search, could be Model /Game/Maps/GameLevels/Three.Three:PersistentLevel.SphereBrush_17.Model_7 or Model /Game/Maps/GameLevels/Three.Three:PersistentLevel.BoxBrush_7.Model_7
[2014.09.25-22.07.31:872][973]LogUObjectHash:Warning: Ambiguous search, could be Model /Game/Maps/GameLevels/Three.Three:PersistentLevel.SphereBrush_17.Model_7 or Model /Game/Maps/GameLevels/Three.Three:PersistentLevel.BoxBrush_69.Model_7
[2014.09.25-22.07.31:872][973]LogUObjectHash:Warning: Ambiguous search, could be Model /Game/Maps/GameLevels/Three.Three:PersistentLevel.SphereBrush_17.Model_7 or Model /Game/Maps/GameLevels/Three.Three:PersistentLevel.BoxBrush_68.Model_7
[2014.09.25-22.07.31:872][973]LogUObjectHash:Warning: Ambiguous search, could be Model /Game/Maps/GameLevels/Three.Three:PersistentLevel.SphereBrush_17.Model_7 or Model /Game/Maps/GameLevels/Three.Three:PersistentLevel.BoxBrush_67.Model_7
[2014.09.25-22.07.31:872][973]LogUObjectHash:Warning: Ambiguous search, could be Model /Game/Maps/GameLevels/Three.Three:PersistentLevel.SphereBrush_17.Model_7 or Model /Game/Maps/GameLevels/Three.Three:PersistentLevel.BoxBrush_66.Model_7
[2014.09.25-22.07.31:872][973]LogUObjectHash:Warning: Ambiguous search, could be Model /Game/Maps/GameLevels/Three.Three:PersistentLevel.SphereBrush_17.Model_7 or Model /Game/Maps/GameLevels/Three.Three:PersistentLevel.BoxBrush_65.Model_7
[2014.09.25-22.07.31:872][973]LogUObjectHash:Warning: Ambiguous search, could be Model /Game/Maps/GameLevels/Three.Three:PersistentLevel.SphereBrush_17.Model_7 or Model /Game/Maps/GameLevels/Three.Three:PersistentLevel.BoxBrush_64.Model_7
[2014.09.25-22.07.31:872][973]LogUObjectHash:Warning: Ambiguous search, could be Model /Game/Maps/GameLevels/Three.Three:PersistentLevel.SphereBrush_17.Model_7 or Model /Game/Maps/GameLevels/Three.Three:PersistentLevel.BoxBrush_63.Model_7
[2014.09.25-22.07.31:872][973]LogUObjectHash:Warning: Ambiguous search, could be Model /Game/Maps/GameLevels/Three.Three:PersistentLevel.SphereBrush_17.Model_7 or Model /Game/Maps/GameLevels/Three.Three:PersistentLevel.BoxBrush_62.Model_7
[2014.09.25-22.07.31:872][973]LogUObjectHash:Warning: Ambiguous search, could be Model /Game/Maps/GameLevels/Three.Three:PersistentLevel.SphereBrush_17.Model_7 or Model /Game/Maps/GameLevels/Three.Three:PersistentLevel.BoxBrush_61.Model_7
[2014.09.25-22.07.31:872][973]LogUObjectHash:Warning: Ambiguous search, could be Model /Game/Maps/GameLevels/Three.Three:PersistentLevel.SphereBrush_17.Model_7 or Model /Game/Maps/GameLevels/Three.Three:PersistentLevel.BoxBrush_60.Model_7
[2014.09.25-22.07.31:872][973]LogUObjectHash:Warning: Ambiguous search, could be Model /Game/Maps/GameLevels/Three.Three:PersistentLevel.SphereBrush_17.Model_7 or Model /Game/Maps/GameLevels/Three.Three:PersistentLevel.BoxBrush_6.Model_7
[2014.09.25-22.07.31:872][973]LogUObjectHash:Warning: Ambiguous search, could be Model /Game/Maps/GameLevels/Three.Three:PersistentLevel.SphereBrush_17.Model_7 or Model /Game/Maps/GameLevels/Three.Three:PersistentLevel.BoxBrush_59.Model_7
[2014.09.25-22.07.31:872][973]LogUObjectHash:Warning: Ambiguous search, could be Model /Game/Maps/GameLevels/Three.Three:PersistentLevel.SphereBrush_17.Model_7 or Model /Game/Maps/GameLevels/Three.Three:PersistentLevel.BoxBrush_58.Model_7
[2014.09.25-22.07.31:872][973]LogUObjectHash:Warning: Ambiguous search, could be Model /Game/Maps/GameLevels/Three.Three:PersistentLevel.SphereBrush_17.Model_7 or Model /Game/Maps/GameLevels/Three.Three:PersistentLevel.BoxBrush_57.Model_7
[2014.09.25-22.07.31:872][973]LogUObjectHash:Warning: Ambiguous search, could be Model /Game/Maps/GameLevels/Three.Three:PersistentLevel.SphereBrush_17.Model_7 or Model /Game/Maps/GameLevels/Three.Three:PersistentLevel.BoxBrush_55.Model_7
[2014.09.25-22.07.31:872][973]LogUObjectHash:Warning: Ambiguous search, could be Model /Game/Maps/GameLevels/Three.Three:PersistentLevel.SphereBrush_17.Model_7 or Model /Game/Maps/GameLevels/Three.Three:PersistentLevel.BoxBrush_52.Model_7
[2014.09.25-22.07.31:872][973]LogUObjectHash:Warning: Ambiguous search, could be Model /Game/Maps/GameLevels/Three.Three:PersistentLevel.SphereBrush_17.Model_7 or Model /Game/Maps/GameLevels/Three.Three:PersistentLevel.BoxBrush_51.Model_7
[2014.09.25-22.07.31:872][973]LogUObjectHash:Warning: Ambiguous search, could be Model /Game/Maps/GameLevels/Three.Three:PersistentLevel.SphereBrush_17.Model_7 or Model /Game/Maps/GameLevels/Three.Three:PersistentLevel.BoxBrush_50.Model_7
[2014.09.25-22.07.31:872][973]LogUObjectHash:Warning: Ambiguous search, could be Model /Game/Maps/GameLevels/Three.Three:PersistentLevel.SphereBrush_17.Model_7 or Model /Game/Maps/GameLevels/Three.Three:PersistentLevel.BoxBrush_5.Model_7
[2014.09.25-22.07.31:872][973]LogUObjectHash:Warning: Ambiguous search, could be Model /Game/Maps/GameLevels/Three.Three:PersistentLevel.SphereBrush_17.Model_7 or Model /Game/Maps/GameLevels/Three.Three:PersistentLevel.BoxBrush_49.Model_7
[2014.09.25-22.07.31:872][973]LogUObjectHash:Warning: Ambiguous search, could be Model /Game/Maps/GameLevels/Three.Three:PersistentLevel.SphereBrush_17.Model_7 or Model /Game/Maps/GameLevels/Three.Three:PersistentLevel.BoxBrush_48.Model_7
[2014.09.25-22.07.31:872][973]LogUObjectHash:Warning: Ambiguous search, could be Model /Game/Maps/GameLevels/Three.Three:PersistentLevel.SphereBrush_17.Model_7 or Model /Game/Maps/GameLevels/Three.Three:PersistentLevel.BoxBrush_47.Model_7
[2014.09.25-22.07.31:872][973]LogUObjectHash:Warning: Ambiguous search, could be Model /Game/Maps/GameLevels/Three.Three:PersistentLevel.SphereBrush_17.Model_7 or Model /Game/Maps/GameLevels/Three.Three:PersistentLevel.BoxBrush_46.Model_7
[2014.09.25-22.07.31:872][973]LogUObjectHash:Warning: Ambiguous search, could be Model /Game/Maps/GameLevels/Three.Three:PersistentLevel.SphereBrush_17.Model_7 or Model /Game/Maps/GameLevels/Three.Three:PersistentLevel.BoxBrush_45.Model_7
[2014.09.25-22.07.31:872][973]LogUObjectHash:Warning: Ambiguous search, could be Model /Game/Maps/GameLevels/Three.Three:PersistentLevel.SphereBrush_17.Model_7 or Model /Game/Maps/GameLevels/Three.Three:PersistentLevel.BoxBrush_44.Model_7
[2014.09.25-22.07.31:872][973]LogUObjectHash:Warning: Ambiguous search, could be Model /Game/Maps/GameLevels/Three.Three:PersistentLevel.SphereBrush_17.Model_7 or Model /Game/Maps/GameLevels/Three.Three:PersistentLevel.BoxBrush_43.Model_7
[2014.09.25-22.07.31:872][973]LogUObjectHash:Warning: Ambiguous search, could be Model /Game/Maps/GameLevels/Three.Three:PersistentLevel.SphereBrush_17.Model_7 or Model /Game/Maps/GameLevels/Three.Three:PersistentLevel.BoxBrush_41.Model_7
[2014.09.25-22.07.31:872][973]LogUObjectHash:Warning: Ambiguous search, could be Model /Game/Maps/GameLevels/Three.Three:PersistentLevel.SphereBrush_17.Model_7 or Model /Game/Maps/GameLevels/Three.Three:PersistentLevel.BoxBrush_4.Model_7
[2014.09.25-22.07.31:872][973]LogUObjectHash:Warning: Ambiguous search, could be Model /Game/Maps/GameLevels/Three.Three:PersistentLevel.SphereBrush_17.Model_7 or Model /Game/Maps/GameLevels/Three.Three:PersistentLevel.BoxBrush_39.Model_7
[2014.09.25-22.07.31:873][973]LogUObjectHash:Warning: Ambiguous search, could be Model /Game/Maps/GameLevels/Three.Three:PersistentLevel.SphereBrush_17.Model_7 or Model /Game/Maps/GameLevels/Three.Three:PersistentLevel.BoxBrush_38.Model_7
[2014.09.25-22.07.31:873][973]LogUObjectHash:Warning: Ambiguous search, could be Model /Game/Maps/GameLevels/Three.Three:PersistentLevel.SphereBrush_17.Model_7 or Model /Game/Maps/GameLevels/Three.Three:PersistentLevel.BoxBrush_35.Model_7
[2014.09.25-22.07.31:873][973]LogUObjectHash:Warning: Ambiguous search, could be Model /Game/Maps/GameLevels/Three.Three:PersistentLevel.SphereBrush_17.Model_7 or Model /Game/Maps/GameLevels/Three.Three:PersistentLevel.BoxBrush_34.Model_7
[2014.09.25-22.07.31:873][973]LogUObjectHash:Warning: Ambiguous search, could be Model /Game/Maps/GameLevels/Three.Three:PersistentLevel.SphereBrush_17.Model_7 or Model /Game/Maps/GameLevels/Three.Three:PersistentLevel.BoxBrush_33.Model_7
[2014.09.25-22.07.31:873][973]LogUObjectHash:Warning: Ambiguous search, could be Model /Game/Maps/GameLevels/Three.Three:PersistentLevel.SphereBrush_17.Model_7 or Model /Game/Maps/GameLevels/Three.Three:PersistentLevel.BoxBrush_32.Model_7
[2014.09.25-22.07.31:873][973]LogUObjectHash:Warning: Ambiguous search, could be Model /Game/Maps/GameLevels/Three.Three:PersistentLevel.SphereBrush_17.Model_7 or Model /Game/Maps/GameLevels/Three.Three:PersistentLevel.BoxBrush_27.Model_7
[2014.09.25-22.07.31:873][973]LogUObjectHash:Warning: Ambiguous search, could be Model /Game/Maps/GameLevels/Three.Three:PersistentLevel.SphereBrush_17.Model_7 or Model /Game/Maps/GameLevels/Three.Three:PersistentLevel.BoxBrush_24.Model_7
[2014.09.25-22.07.31:873][973]LogUObjectHash:Warning: Ambiguous search, could be Model /Game/Maps/GameLevels/Three.Three:PersistentLevel.SphereBrush_17.Model_7 or Model /Game/Maps/GameLevels/Three.Three:PersistentLevel.BoxBrush_23.Model_7
[2014.09.25-22.07.31:873][973]LogUObjectHash:Warning: Ambiguous search, could be Model /Game/Maps/GameLevels/Three.Three:PersistentLevel.SphereBrush_17.Model_7 or Model /Game/Maps/GameLevels/Three.Three:PersistentLevel.BoxBrush_22.Model_7
[2014.09.25-22.07.31:873][973]LogUObjectHash:Warning: Ambiguous search, could be Model /Game/Maps/GameLevels/Three.Three:PersistentLevel.SphereBrush_17.Model_7 or Model /Game/Maps/GameLevels/Three.Three:PersistentLevel.BoxBrush_21.Model_7
[2014.09.25-22.07.31:873][973]LogUObjectHash:Warning: Ambiguous search, could be Model /Game/Maps/GameLevels/Three.Three:PersistentLevel.SphereBrush_17.Model_7 or Model /Game/Maps/GameLevels/Three.Three:PersistentLevel.BoxBrush_20.Model_7
[2014.09.25-22.07.31:873][973]LogUObjectHash:Warning: Ambiguous search, could be Model /Game/Maps/GameLevels/Three.Three:PersistentLevel.SphereBrush_17.Model_7 or Model /Game/Maps/GameLevels/Three.Three:PersistentLevel.BoxBrush_2.Model_7
[2014.09.25-22.07.31:873][973]LogUObjectHash:Warning: Ambiguous search, could be Model /Game/Maps/GameLevels/Three.Three:PersistentLevel.SphereBrush_17.Model_7 or Model /Game/Maps/GameLevels/Three.Three:PersistentLevel.BoxBrush_199.Model_7
[2014.09.25-22.07.31:873][973]LogUObjectHash:Warning: Ambiguous search, could be Model /Game/Maps/GameLevels/Three.Three:PersistentLevel.SphereBrush_17.Model_7 or Model /Game/Maps/GameLevels/Three.Three:PersistentLevel.BoxBrush_194.Model_7
[2014.09.25-22.07.31:873][973]LogUObjectHash:Warning: Ambiguous search, could be Model /Game/Maps/GameLevels/Three.Three:PersistentLevel.SphereBrush_17.Model_7 or Model /Game/Maps/GameLevels/Three.Three:PersistentLevel.BoxBrush_19.Model_7
[2014.09.25-22.07.31:873][973]LogUObjectHash:Warning: Ambiguous search, could be Model /Game/Maps/GameLevels/Three.Three:PersistentLevel.SphereBrush_17.Model_7 or Model /Game/Maps/GameLevels/Three.Three:PersistentLevel.BoxBrush_18.Model_7
[2014.09.25-22.07.31:873][973]LogUObjectHash:Warning: Ambiguous search, could be Model /Game/Maps/GameLevels/Three.Three:PersistentLevel.SphereBrush_17.Model_7 or Model /Game/Maps/GameLevels/Three.Three:PersistentLevel.BoxBrush_17.Model_7
[2014.09.25-22.07.31:873][973]LogUObjectHash:Warning: Ambiguous search, could be Model /Game/Maps/GameLevels/Three.Three:PersistentLevel.SphereBrush_17.Model_7 or Model /Game/Maps/GameLevels/Three.Three:PersistentLevel.BoxBrush_162.Model_7
[2014.09.25-22.07.31:873][973]LogUObjectHash:Warning: Ambiguous search, could be Model /Game/Maps/GameLevels/Three.Three:PersistentLevel.SphereBrush_17.Model_7 or Model /Game/Maps/GameLevels/Three.Three:PersistentLevel.BoxBrush_16.Model_7
[2014.09.25-22.07.31:873][973]LogUObjectHash:Warning: Ambiguous search, could be Model /Game/Maps/GameLevels/Three.Three:PersistentLevel.SphereBrush_17.Model_7 or Model /Game/Maps/GameLevels/Three.Three:PersistentLevel.BoxBrush_159.Model_7
[2014.09.25-22.07.31:873][973]LogUObjectHash:Warning: Ambiguous search, could be Model /Game/Maps/GameLevels/Three.Three:PersistentLevel.SphereBrush_17.Model_7 or Model /Game/Maps/GameLevels/Three.Three:PersistentLevel.BoxBrush_158.Model_7
[2014.09.25-22.07.31:873][973]LogUObjectHash:Warning: Ambiguous search, could be Model /Game/Maps/GameLevels/Three.Three:PersistentLevel.SphereBrush_17.Model_7 or Model /Game/Maps/GameLevels/Three.Three:PersistentLevel.BoxBrush_157.Model_7
[2014.09.25-22.07.31:873][973]LogUObjectHash:Warning: Ambiguous search, could be Model /Game/Maps/GameLevels/Three.Three:PersistentLevel.SphereBrush_17.Model_7 or Model /Game/Maps/GameLevels/Three.Three:PersistentLevel.BoxBrush_156.Model_7
[2014.09.25-22.07.31:873][973]LogUObjectHash:Warning: Ambiguous search, could be Model /Game/Maps/GameLevels/Three.Three:PersistentLevel.SphereBrush_17.Model_7 or Model /Game/Maps/GameLevels/Three.Three:PersistentLevel.BoxBrush_155.Model_7
[2014.09.25-22.07.31:873][973]LogUObjectHash:Warning: Ambiguous search, could be Model /Game/Maps/GameLevels/Three.Three:PersistentLevel.SphereBrush_17.Model_7 or Model /Game/Maps/GameLevels/Three.Three:PersistentLevel.BoxBrush_154.Model_7
[2014.09.25-22.07.31:873][973]LogUObjectHash:Warning: Ambiguous search, could be Model /Game/Maps/GameLevels/Three.Three:PersistentLevel.SphereBrush_17.Model_7 or Model /Game/Maps/GameLevels/Three.Three:PersistentLevel.BoxBrush_153.Model_7
[2014.09.25-22.07.31:873][973]LogUObjectHash:Warning: Ambiguous search, could be Model /Game/Maps/GameLevels/Three.Three:PersistentLevel.SphereBrush_17.Model_7 or Model /Game/Maps/GameLevels/Three.Three:PersistentLevel.BoxBrush_151.Model_7
[2014.09.25-22.07.31:873][973]LogUObjectHash:Warning: Ambiguous search, could be Model /Game/Maps/GameLevels/Three.Three:PersistentLevel.SphereBrush_17.Model_7 or Model /Game/Maps/GameLevels/Three.Three:PersistentLevel.BoxBrush_150.Model_7
[2014.09.25-22.07.31:873][973]LogUObjectHash:Warning: Ambiguous search, could be Model /Game/Maps/GameLevels/Three.Three:PersistentLevel.SphereBrush_17.Model_7 or Model /Game/Maps/GameLevels/Three.Three:PersistentLevel.BoxBrush_148.Model_7
[2014.09.25-22.07.31:873][973]LogUObjectHash:Warning: Ambiguous search, could be Model /Game/Maps/GameLevels/Three.Three:PersistentLevel.SphereBrush_17.Model_7 or Model /Game/Maps/GameLevels/Three.Three:PersistentLevel.BoxBrush_147.Model_7
[2014.09.25-22.07.31:873][973]LogUObjectHash:Warning: Ambiguous search, could be Model /Game/Maps/GameLevels/Three.Three:PersistentLevel.SphereBrush_17.Model_7 or Model /Game/Maps/GameLevels/Three.Three:PersistentLevel.BoxBrush_146.Model_7
[2014.09.25-22.07.31:873][973]LogUObjectHash:Warning: Ambiguous search, could be Model /Game/Maps/GameLevels/Three.Three:PersistentLevel.SphereBrush_17.Model_7 or Model /Game/Maps/GameLevels/Three.Three:PersistentLevel.BoxBrush_144.Model_7
[2014.09.25-22.07.31:873][973]LogUObjectHash:Warning: Ambiguous search, could be Model /Game/Maps/GameLevels/Three.Three:PersistentLevel.SphereBrush_17.Model_7 or Model /Game/Maps/GameLevels/Three.Three:PersistentLevel.BoxBrush_143.Model_7
[2014.09.25-22.07.31:873][973]LogUObjectHash:Warning: Ambiguous search, could be Model /Game/Maps/GameLevels/Three.Three:PersistentLevel.SphereBrush_17.Model_7 or Model /Game/Maps/GameLevels/Three.Three:PersistentLevel.BoxBrush_142.Model_7
[2014.09.25-22.07.31:873][973]LogUObjectHash:Warning: Ambiguous search, could be Model /Game/Maps/GameLevels/Three.Three:PersistentLevel.SphereBrush_17.Model_7 or Model /Game/Maps/GameLevels/Three.Three:PersistentLevel.BoxBrush_141.Model_7
[2014.09.25-22.07.31:873][973]LogUObjectHash:Warning: Ambiguous search, could be Model /Game/Maps/GameLevels/Three.Three:PersistentLevel.SphereBrush_17.Model_7 or Model /Game/Maps/GameLevels/Three.Three:PersistentLevel.BoxBrush_140.Model_7
[2014.09.25-22.07.31:873][973]LogUObjectHash:Warning: Ambiguous search, could be Model /Game/Maps/GameLevels/Three.Three:PersistentLevel.SphereBrush_17.Model_7 or Model /Game/Maps/GameLevels/Three.Three:PersistentLevel.BoxBrush_14.Model_7
[2014.09.25-22.07.31:873][973]LogUObjectHash:Warning: Ambiguous search, could be Model /Game/Maps/GameLevels/Three.Three:PersistentLevel.SphereBrush_17.Model_7 or Model /Game/Maps/GameLevels/Three.Three:PersistentLevel.BoxBrush_138.Model_7
[2014.09.25-22.07.31:873][973]LogUObjectHash:Warning: Ambiguous search, could be Model /Game/Maps/GameLevels/Three.Three:PersistentLevel.SphereBrush_17.Model_7 or Model /Game/Maps/GameLevels/Three.Three:PersistentLevel.BoxBrush_137.Model_7
[2014.09.25-22.07.31:873][973]LogUObjectHash:Warning: Ambiguous search, could be Model /Game/Maps/GameLevels/Three.Three:PersistentLevel.SphereBrush_17.Model_7 or Model /Game/Maps/GameLevels/Three.Three:PersistentLevel.BoxBrush_136.Model_7
[2014.09.25-22.07.31:873][973]LogUObjectHash:Warning: Ambiguous search, could be Model /Game/Maps/GameLevels/Three.Three:PersistentLevel.SphereBrush_17.Model_7 or Model /Game/Maps/GameLevels/Three.Three:PersistentLevel.BoxBrush_135.Model_7
[2014.09.25-22.07.31:873][973]LogUObjectHash:Warning: Ambiguous search, could be Model /Game/Maps/GameLevels/Three.Three:PersistentLevel.SphereBrush_17.Model_7 or Model /Game/Maps/GameLevels/Three.Three:PersistentLevel.BoxBrush_134.Model_7
[2014.09.25-22.07.31:873][973]LogUObjectHash:Warning: Ambiguous search, could be Model /Game/Maps/GameLevels/Three.Three:PersistentLevel.SphereBrush_17.Model_7 or Model /Game/Maps/GameLevels/Three.Three:PersistentLevel.BoxBrush_133.Model_7
[2014.09.25-22.07.31:873][973]LogUObjectHash:Warning: Ambiguous search, could be Model /Game/Maps/GameLevels/Three.Three:PersistentLevel.SphereBrush_17.Model_7 or Model /Game/Maps/GameLevels/Three.Three:PersistentLevel.BoxBrush_132.Model_7
[2014.09.25-22.07.31:873][973]LogUObjectHash:Warning: Ambiguous search, could be Model /Game/Maps/GameLevels/Three.Three:PersistentLevel.SphereBrush_17.Model_7 or Model /Game/Maps/GameLevels/Three.Three:PersistentLevel.BoxBrush_13.Model_7
[2014.09.25-22.07.31:873][973]LogUObjectHash:Warning: Ambiguous search, could be Model /Game/Maps/GameLevels/Three.Three:PersistentLevel.SphereBrush_17.Model_7 or Model /Game/Maps/GameLevels/Three.Three:PersistentLevel.BoxBrush_127.Model_7
[2014.09.25-22.07.31:873][973]LogUObjectHash:Warning: Ambiguous search, could be Model /Game/Maps/GameLevels/Three.Three:PersistentLevel.SphereBrush_17.Model_7 or Model /Game/Maps/GameLevels/Three.Three:PersistentLevel.BoxBrush_125.Model_7
[2014.09.25-22.07.31:873][973]LogUObjectHash:Warning: Ambiguous search, could be Model /Game/Maps/GameLevels/Three.Three:PersistentLevel.SphereBrush_17.Model_7 or Model /Game/Maps/GameLevels/Three.Three:PersistentLevel.BoxBrush_124.Model_7
[2014.09.25-22.07.31:873][973]LogUObjectHash:Warning: Ambiguous search, could be Model /Game/Maps/GameLevels/Three.Three:PersistentLevel.SphereBrush_17.Model_7 or Model /Game/Maps/GameLevels/Three.Three:PersistentLevel.BoxBrush_12.Model_7
[2014.09.25-22.07.31:873][973]LogUObjectHash:Warning: Ambiguous search, could be Model /Game/Maps/GameLevels/Three.Three:PersistentLevel.SphereBrush_17.Model_7 or Model /Game/Maps/GameLevels/Three.Three:PersistentLevel.BoxBrush_119.Model_7
[2014.09.25-22.07.31:874][973]LogUObjectHash:Warning: Ambiguous search, could be Model /Game/Maps/GameLevels/Three.Three:PersistentLevel.SphereBrush_17.Model_7 or Model /Game/Maps/GameLevels/Three.Three:PersistentLevel.BoxBrush_117.Model_7
[2014.09.25-22.07.31:874][973]LogUObjectHash:Warning: Ambiguous search, could be Model /Game/Maps/GameLevels/Three.Three:PersistentLevel.SphereBrush_17.Model_7 or Model /Game/Maps/GameLevels/Three.Three:PersistentLevel.BoxBrush_116.Model_7
[2014.09.25-22.07.31:874][973]LogUObjectHash:Warning: Ambiguous search, could be Model /Game/Maps/GameLevels/Three.Three:PersistentLevel.SphereBrush_17.Model_7 or Model /Game/Maps/GameLevels/Three.Three:PersistentLevel.BoxBrush_114.Model_7
[2014.09.25-22.07.31:874][973]LogUObjectHash:Warning: Ambiguous search, could be Model /Game/Maps/GameLevels/Three.Three:PersistentLevel.SphereBrush_17.Model_7 or Model /Game/Maps/GameLevels/Three.Three:PersistentLevel.BoxBrush_113.Model_7
[2014.09.25-22.07.31:874][973]LogUObjectHash:Warning: Ambiguous search, could be Model /Game/Maps/GameLevels/Three.Three:PersistentLevel.SphereBrush_17.Model_7 or Model /Game/Maps/GameLevels/Three.Three:PersistentLevel.BoxBrush_112.Model_7
[2014.09.25-22.07.31:874][973]LogUObjectHash:Warning: Ambiguous search, could be Model /Game/Maps/GameLevels/Three.Three:PersistentLevel.SphereBrush_17.Model_7 or Model /Game/Maps/GameLevels/Three.Three:PersistentLevel.BoxBrush_111.Model_7
[2014.09.25-22.07.31:874][973]LogUObjectHash:Warning: Ambiguous search, could be Model /Game/Maps/GameLevels/Three.Three:PersistentLevel.SphereBrush_17.Model_7 or Model /Game/Maps/GameLevels/Three.Three:PersistentLevel.BoxBrush_110.Model_7
[2014.09.25-22.07.31:874][973]LogUObjectHash:Warning: Ambiguous search, could be Model /Game/Maps/GameLevels/Three.Three:PersistentLevel.SphereBrush_17.Model_7 or Model /Game/Maps/GameLevels/Three.Three:PersistentLevel.BoxBrush_109.Model_7
[2014.09.25-22.07.31:874][973]LogUObjectHash:Warning: Ambiguous search, could be Model /Game/Maps/GameLevels/Three.Three:PersistentLevel.SphereBrush_17.Model_7 or Model /Game/Maps/GameLevels/Three.Three:PersistentLevel.BoxBrush_108.Model_7
[2014.09.25-22.07.31:874][973]LogUObjectHash:Warning: Ambiguous search, could be Model /Game/Maps/GameLevels/Three.Three:PersistentLevel.SphereBrush_17.Model_7 or Model /Game/Maps/GameLevels/Three.Three:PersistentLevel.BoxBrush_107.Model_7
[2014.09.25-22.07.31:874][973]LogUObjectHash:Warning: Ambiguous search, could be Model /Game/Maps/GameLevels/Three.Three:PersistentLevel.SphereBrush_17.Model_7 or Model /Game/Maps/GameLevels/Three.Three:PersistentLevel.BoxBrush_106.Model_7
[2014.09.25-22.07.31:874][973]LogUObjectHash:Warning: Ambiguous search, could be Model /Game/Maps/GameLevels/Three.Three:PersistentLevel.SphereBrush_17.Model_7 or Model /Game/Maps/GameLevels/Three.Three:PersistentLevel.BoxBrush_105.Model_7
[2014.09.25-22.07.31:874][973]LogUObjectHash:Warning: Ambiguous search, could be Model /Game/Maps/GameLevels/Three.Three:PersistentLevel.SphereBrush_17.Model_7 or Model /Game/Maps/GameLevels/Three.Three:PersistentLevel.BoxBrush_104.Model_7
[2014.09.25-22.07.31:874][973]LogUObjectHash:Warning: Ambiguous search, could be Model /Game/Maps/GameLevels/Three.Three:PersistentLevel.SphereBrush_17.Model_7 or Model /Game/Maps/GameLevels/Three.Three:PersistentLevel.BoxBrush_103.Model_7
[2014.09.25-22.07.31:874][973]LogUObjectHash:Warning: Ambiguous search, could be Model /Game/Maps/GameLevels/Three.Three:PersistentLevel.SphereBrush_17.Model_7 or Model /Game/Maps/GameLevels/Three.Three:PersistentLevel.BoxBrush_102.Model_7
[2014.09.25-22.07.31:874][973]LogUObjectHash:Warning: Ambiguous search, could be Model /Game/Maps/GameLevels/Three.Three:PersistentLevel.SphereBrush_17.Model_7 or Model /Game/Maps/GameLevels/Three.Three:PersistentLevel.BoxBrush_101.Model_7
[2014.09.25-22.07.31:874][973]LogUObjectHash:Warning: Ambiguous search, could be Model /Game/Maps/GameLevels/Three.Three:PersistentLevel.SphereBrush_17.Model_7 or Model /Game/Maps/GameLevels/Three.Three:PersistentLevel.BoxBrush_10.Model_7
[2014.09.25-22.07.31:874][973]LogUObjectHash:Warning: Ambiguous search, could be Model /Game/Maps/GameLevels/Three.Three:PersistentLevel.SphereBrush_17.Model_7 or Model /Game/Maps/GameLevels/Three.Three:PersistentLevel.BoxBrush.Model_7
[2014.09.25-22.07.38:540][973]LogInstancedFoliage: Map Rebuilt - Update all BSP painted foliage!
[2014.09.25-22.07.38:760][974]Cmd: UpdateLandscapeEditorData
[2014.09.25-22.07.47:527][104]LogInstancedFoliage: Map Rebuilt - Update all BSP painted foliage!
[2014.09.25-22.07.47:711][105]Cmd: UpdateLandscapeEditorData
[2014.09.25-22.07.48:149][120]Cmd: CAMERA ALIGN ACTIVEVIEWPORTONLY
[2014.09.25-22.07.48:149][120]Aligned camera to fit all selected actors.
[2014.09.25-22.07.59:466][363]LogInstancedFoliage: Map Rebuilt - Update all BSP painted foliage!
[2014.09.25-22.07.59:641][364]Cmd: UpdateLandscapeEditorData
[2014.09.25-22.08.11:627][478]LogInstancedFoliage: Map Rebuilt - Update all BSP painted foliage!
[2014.09.25-22.08.11:856][479]Cmd: UpdateLandscapeEditorData
[2014.09.25-22.08.31:271][ 15]LogInstancedFoliage: Map Rebuilt - Update all BSP painted foliage!
[2014.09.25-22.08.31:441][ 16]Cmd: UpdateLandscapeEditorData
[2014.09.25-22.08.43:749][268]LogInstancedFoliage: Map Rebuilt - Update all BSP painted foliage!
[2014.09.25-22.08.43:975][269]Cmd: UpdateLandscapeEditorData
[2014.09.25-22.08.58:961][623]LogInstancedFoliage: Map Rebuilt - Update all BSP painted foliage!
[2014.09.25-22.08.59:131][624]Cmd: UpdateLandscapeEditorData
[2014.09.25-22.09.08:483][749]LogInstancedFoliage: Map Rebuilt - Update all BSP painted foliage!
[2014.09.25-22.09.08:676][750]Cmd: UpdateLandscapeEditorData
[2014.09.25-22.09.09:509][780]Cmd: DUPLICATE
[2014.09.25-22.09.09:509][780]Cmd: ACTOR DUPLICATE
[2014.09.25-22.09.09:556][780]LogUObjectHash:Warning: Ambiguous search, could be Model /Game/Maps/GameLevels/Three.Three:PersistentLevel.BoxBrush_145.Model_7 or Model /Game/Maps/GameLevels/Three.Three:PersistentLevel.SphereBrush_17.Model_7
[2014.09.25-22.09.09:556][780]LogUObjectHash:Warning: Ambiguous search, could be Model /Game/Maps/GameLevels/Three.Three:PersistentLevel.BoxBrush_145.Model_7 or Model /Game/Maps/GameLevels/Three.Three:PersistentLevel.SphereBrush_16.Model_7
[2014.09.25-22.09.09:556][780]LogUObjectHash:Warning: Ambiguous search, could be Model /Game/Maps/GameLevels/Three.Three:PersistentLevel.BoxBrush_145.Model_7 or Model /Game/Maps/GameLevels/Three.Three:PersistentLevel.roof.Model_7
[2014.09.25-22.09.09:556][780]LogUObjectHash:Warning: Ambiguous search, could be Model /Game/Maps/GameLevels/Three.Three:PersistentLevel.BoxBrush_145.Model_7 or Model /Game/Maps/GameLevels/Three.Three:PersistentLevel.BoxBrush_99.Model_7
[2014.09.25-22.09.09:556][780]LogUObjectHash:Warning: Ambiguous search, could be Model /Game/Maps/GameLevels/Three.Three:PersistentLevel.BoxBrush_145.Model_7 or Model /Game/Maps/GameLevels/Three.Three:PersistentLevel.BoxBrush_98.Model_7
[2014.09.25-22.09.09:556][780]LogUObjectHash:Warning: Ambiguous search, could be Model /Game/Maps/GameLevels/Three.Three:PersistentLevel.BoxBrush_145.Model_7 or Model /Game/Maps/GameLevels/Three.Three:PersistentLevel.BoxBrush_97.Model_7
[2014.09.25-22.09.09:556][780]LogUObjectHash:Warning: Ambiguous search, could be Model /Game/Maps/GameLevels/Three.Three:PersistentLevel.BoxBrush_145.Model_7 or Model /Game/Maps/GameLevels/Three.Three:PersistentLevel.BoxBrush_96.Model_7
[2014.09.25-22.09.09:556][780]LogUObjectHash:Warning: Ambiguous search, could be Model /Game/Maps/GameLevels/Three.Three:PersistentLevel.BoxBrush_145.Model_7 or Model /Game/Maps/GameLevels/Three.Three:PersistentLevel.BoxBrush_93.Model_7
[2014.09.25-22.09.09:556][780]LogUObjectHash:Warning: Ambiguous search, could be Model /Game/Maps/GameLevels/Three.Three:PersistentLevel.BoxBrush_145.Model_7 or Model /Game/Maps/GameLevels/Three.Three:PersistentLevel.BoxBrush_92.Model_7
[2014.09.25-22.09.09:556][780]LogUObjectHash:Warning: Ambiguous search, could be Model /Game/Maps/GameLevels/Three.Three:PersistentLevel.BoxBrush_145.Model_7 or Model /Game/Maps/GameLevels/Three.Three:PersistentLevel.BoxBrush_91.Model_7
[2014.09.25-22.09.09:556][780]LogUObjectHash:Warning: Ambiguous search, could be Model /Game/Maps/GameLevels/Three.Three:PersistentLevel.BoxBrush_145.Model_7 or Model /Game/Maps/GameLevels/Three.Three:PersistentLevel.BoxBrush_90.Model_7
[2014.09.25-22.09.09:556][780]LogUObjectHash:Warning: Ambiguous search, could be Model /Game/Maps/GameLevels/Three.Three:PersistentLevel.BoxBrush_145.Model_7 or Model /Game/Maps/GameLevels/Three.Three:PersistentLevel.BoxBrush_9.Model_7
[2014.09.25-22.09.09:556][780]LogUObjectHash:Warning: Ambiguous search, could be Model /Game/Maps/GameLevels/Three.Three:PersistentLevel.BoxBrush_145.Model_7 or Model /Game/Maps/GameLevels/Three.Three:PersistentLevel.BoxBrush_89.Model_7
[2014.09.25-22.09.09:556][780]LogUObjectHash:Warning: Ambiguous search, could be Model /Game/Maps/GameLevels/Three.Three:PersistentLevel.BoxBrush_145.Model_7 or Model /Game/Maps/GameLevels/Three.Three:PersistentLevel.BoxBrush_88.Model_7
[2014.09.25-22.09.09:556][780]LogUObjectHash:Warning: Ambiguous search, could be Model /Game/Maps/GameLevels/Three.Three:PersistentLevel.BoxBrush_145.Model_7 or Model /Game/Maps/GameLevels/Three.Three:PersistentLevel.BoxBrush_84.Model_7
[2014.09.25-22.09.09:556][780]LogUObjectHash:Warning: Ambiguous search, could be Model /Game/Maps/GameLevels/Three.Three:PersistentLevel.BoxBrush_145.Model_7 or Model /Game/Maps/GameLevels/Three.Three:PersistentLevel.BoxBrush_83.Model_7
[2014.09.25-22.09.09:556][780]LogUObjectHash:Warning: Ambiguous search, could be Model /Game/Maps/GameLevels/Three.Three:PersistentLevel.BoxBrush_145.Model_7 or Model /Game/Maps/GameLevels/Three.Three:PersistentLevel.BoxBrush_82.Model_7
[2014.09.25-22.09.09:556][780]LogUObjectHash:Warning: Ambiguous search, could be Model /Game/Maps/GameLevels/Three.Three:PersistentLevel.BoxBrush_145.Model_7 or Model /Game/Maps/GameLevels/Three.Three:PersistentLevel.BoxBrush_81.Model_7
[2014.09.25-22.09.09:556][780]LogUObjectHash:Warning: Ambiguous search, could be Model /Game/Maps/GameLevels/Three.Three:PersistentLevel.BoxBrush_145.Model_7 or Model /Game/Maps/GameLevels/Three.Three:PersistentLevel.BoxBrush_80.Model_7
[2014.09.25-22.09.09:556][780]LogUObjectHash:Warning: Ambiguous search, could be Model /Game/Maps/GameLevels/Three.Three:PersistentLevel.BoxBrush_145.Model_7 or Model /Game/Maps/GameLevels/Three.Three:PersistentLevel.BoxBrush_8.Model_7
[2014.09.25-22.09.09:556][780]LogUObjectHash:Warning: Ambiguous search, could be Model /Game/Maps/GameLevels/Three.Three:PersistentLevel.BoxBrush_145.Model_7 or Model /Game/Maps/GameLevels/Three.Three:PersistentLevel.BoxBrush_79.Model_7
[2014.09.25-22.09.09:556][780]LogUObjectHash:Warning: Ambiguous search, could be Model /Game/Maps/GameLevels/Three.Three:PersistentLevel.BoxBrush_145.Model_7 or Model /Game/Maps/GameLevels/Three.Three:PersistentLevel.BoxBrush_78.Model_7
[2014.09.25-22.09.09:556][780]LogUObjectHash:Warning: Ambiguous search, could be Model /Game/Maps/GameLevels/Three.Three:PersistentLevel.BoxBrush_145.Model_7 or Model /Game/Maps/GameLevels/Three.Three:PersistentLevel.BoxBrush_77.Model_7
[2014.09.25-22.09.09:556][780]LogUObjectHash:Warning: Ambiguous search, could be Model /Game/Maps/GameLevels/Three.Three:PersistentLevel.BoxBrush_145.Model_7 or Model /Game/Maps/GameLevels/Three.Three:PersistentLevel.BoxBrush_76.Model_7
[2014.09.25-22.09.09:556][780]LogUObjectHash:Warning: Ambiguous search, could be Model /Game/Maps/GameLevels/Three.Three:PersistentLevel.BoxBrush_145.Model_7 or Model /Game/Maps/GameLevels/Three.Three:PersistentLevel.BoxBrush_75.Model_7
[2014.09.25-22.09.09:556][780]LogUObjectHash:Warning: Ambiguous search, could be Model /Game/Maps/GameLevels/Three.Three:PersistentLevel.BoxBrush_145.Model_7 or Model /Game/Maps/GameLevels/Three.Three:PersistentLevel.BoxBrush_74.Model_7
[2014.09.25-22.09.09:556][780]LogUObjectHash:Warning: Ambiguous search, could be Model /Game/Maps/GameLevels/Three.Three:PersistentLevel.BoxBrush_145.Model_7 or Model /Game/Maps/GameLevels/Three.Three:PersistentLevel.BoxBrush_72.Model_7
[2014.09.25-22.09.09:556][780]LogUObjectHash:Warning: Ambiguous search, could be Model /Game/Maps/GameLevels/Three.Three:PersistentLevel.BoxBrush_145.Model_7 or Model /Game/Maps/GameLevels/Three.Three:PersistentLevel.BoxBrush_71.Model_7
[2014.09.25-22.09.09:556][780]LogUObjectHash:Warning: Ambiguous search, could be Model /Game/Maps/GameLevels/Three.Three:PersistentLevel.BoxBrush_145.Model_7 or Model /Game/Maps/GameLevels/Three.Three:PersistentLevel.BoxBrush_70.Model_7
[2014.09.25-22.09.09:556][780]LogUObjectHash:Warning: Ambiguous search, could be Model /Game/Maps/GameLevels/Three.Three:PersistentLevel.BoxBrush_145.Model_7 or Model /Game/Maps/GameLevels/Three.Three:PersistentLevel.BoxBrush_7.Model_7
[2014.09.25-22.09.09:556][780]LogUObjectHash:Warning: Ambiguous search, could be Model /Game/Maps/GameLevels/Three.Three:PersistentLevel.BoxBrush_145.Model_7 or Model /Game/Maps/GameLevels/Three.Three:PersistentLevel.BoxBrush_69.Model_7
[2014.09.25-22.09.09:556][780]LogUObjectHash:Warning: Ambiguous search, could be Model /Game/Maps/GameLevels/Three.Three:PersistentLevel.BoxBrush_145.Model_7 or Model /Game/Maps/GameLevels/Three.Three:PersistentLevel.BoxBrush_68.Model_7
[2014.09.25-22.09.09:556][780]LogUObjectHash:Warning: Ambiguous search, could be Model /Game/Maps/GameLevels/Three.Three:PersistentLevel.BoxBrush_145.Model_7 or Model /Game/Maps/GameLevels/Three.Three:PersistentLevel.BoxBrush_67.Model_7
[2014.09.25-22.09.09:556][780]LogUObjectHash:Warning: Ambiguous search, could be Model /Game/Maps/GameLevels/Three.Three:PersistentLevel.BoxBrush_145.Model_7 or Model /Game/Maps/GameLevels/Three.Three:PersistentLevel.BoxBrush_66.Model_7
[2014.09.25-22.09.09:556][780]LogUObjectHash:Warning: Ambiguous search, could be Model /Game/Maps/GameLevels/Three.Three:PersistentLevel.BoxBrush_145.Model_7 or Model /Game/Maps/GameLevels/Three.Three:PersistentLevel.BoxBrush_65.Model_7
[2014.09.25-22.09.09:556][780]LogUObjectHash:Warning: Ambiguous search, could be Model /Game/Maps/GameLevels/Three.Three:PersistentLevel.BoxBrush_145.Model_7 or Model /Game/Maps/GameLevels/Three.Three:PersistentLevel.BoxBrush_64.Model_7
[2014.09.25-22.09.09:556][780]LogUObjectHash:Warning: Ambiguous search, could be Model /Game/Maps/GameLevels/Three.Three:PersistentLevel.BoxBrush_145.Model_7 or Model /Game/Maps/GameLevels/Three.Three:PersistentLevel.BoxBrush_63.Model_7
[2014.09.25-22.09.09:556][780]LogUObjectHash:Warning: Ambiguous search, could be Model /Game/Maps/GameLevels/Three.Three:PersistentLevel.BoxBrush_145.Model_7 or Model /Game/Maps/GameLevels/Three.Three:PersistentLevel.BoxBrush_62.Model_7
[2014.09.25-22.09.09:556][780]LogUObjectHash:Warning: Ambiguous search, could be Model /Game/Maps/GameLevels/Three.Three:PersistentLevel.BoxBrush_145.Model_7 or Model /Game/Maps/GameLevels/Three.Three:PersistentLevel.BoxBrush_61.Model_7
[2014.09.25-22.09.09:556][780]LogUObjectHash:Warning: Ambiguous search, could be Model /Game/Maps/GameLevels/Three.Three:PersistentLevel.BoxBrush_145.Model_7 or Model /Game/Maps/GameLevels/Three.Three:PersistentLevel.BoxBrush_60.Model_7
[2014.09.25-22.09.09:556][780]LogUObjectHash:Warning: Ambiguous search, could be Model /Game/Maps/GameLevels/Three.Three:PersistentLevel.BoxBrush_145.Model_7 or Model /Game/Maps/GameLevels/Three.Three:PersistentLevel.BoxBrush_6.Model_7
[2014.09.25-22.09.09:556][780]LogUObjectHash:Warning: Ambiguous search, could be Model /Game/Maps/GameLevels/Three.Three:PersistentLevel.BoxBrush_145.Model_7 or Model /Game/Maps/GameLevels/Three.Three:PersistentLevel.BoxBrush_59.Model_7
[2014.09.25-22.09.09:556][780]LogUObjectHash:Warning: Ambiguous search, could be Model /Game/Maps/GameLevels/Three.Three:PersistentLevel.BoxBrush_145.Model_7 or Model /Game/Maps/GameLevels/Three.Three:PersistentLevel.BoxBrush_58.Model_7
[2014.09.25-22.09.09:557][780]LogUObjectHash:Warning: Ambiguous search, could be Model /Game/Maps/GameLevels/Three.Three:PersistentLevel.BoxBrush_145.Model_7 or Model /Game/Maps/GameLevels/Three.Three:PersistentLevel.BoxBrush_57.Model_7
[2014.09.25-22.09.09:557][780]LogUObjectHash:Warning: Ambiguous search, could be Model /Game/Maps/GameLevels/Three.Three:PersistentLevel.BoxBrush_145.Model_7 or Model /Game/Maps/GameLevels/Three.Three:PersistentLevel.BoxBrush_55.Model_7
[2014.09.25-22.09.09:557][780]LogUObjectHash:Warning: Ambiguous search, could be Model /Game/Maps/GameLevels/Three.Three:PersistentLevel.BoxBrush_145.Model_7 or Model /Game/Maps/GameLevels/Three.Three:PersistentLevel.BoxBrush_52.Model_7
[2014.09.25-22.09.09:557][780]LogUObjectHash:Warning: Ambiguous search, could be Model /Game/Maps/GameLevels/Three.Three:PersistentLevel.BoxBrush_145.Model_7 or Model /Game/Maps/GameLevels/Three.Three:PersistentLevel.BoxBrush_51.Model_7
[2014.09.25-22.09.09:557][780]LogUObjectHash:Warning: Ambiguous search, could be Model /Game/Maps/GameLevels/Three.Three:PersistentLevel.BoxBrush_145.Model_7 or Model /Game/Maps/GameLevels/Three.Three:PersistentLevel.BoxBrush_50.Model_7
[2014.09.25-22.09.09:557][780]LogUObjectHash:Warning: Ambiguous search, could be Model /Game/Maps/GameLevels/Three.Three:PersistentLevel.BoxBrush_145.Model_7 or Model /Game/Maps/GameLevels/Three.Three:PersistentLevel.BoxBrush_5.Model_7
[2014.09.25-22.09.09:557][780]LogUObjectHash:Warning: Ambiguous search, could be Model /Game/Maps/GameLevels/Three.Three:PersistentLevel.BoxBrush_145.Model_7 or Model /Game/Maps/GameLevels/Three.Three:PersistentLevel.BoxBrush_49.Model_7
[2014.09.25-22.09.09:557][780]LogUObjectHash:Warning: Ambiguous search, could be Model /Game/Maps/GameLevels/Three.Three:PersistentLevel.BoxBrush_145.Model_7 or Model /Game/Maps/GameLevels/Three.Three:PersistentLevel.BoxBrush_48.Model_7
[2014.09.25-22.09.09:557][780]LogUObjectHash:Warning: Ambiguous search, could be Model /Game/Maps/GameLevels/Three.Three:PersistentLevel.BoxBrush_145.Model_7 or Model /Game/Maps/GameLevels/Three.Three:PersistentLevel.BoxBrush_47.Model_7
[2014.09.25-22.09.09:557][780]LogUObjectHash:Warning: Ambiguous search, could be Model /Game/Maps/GameLevels/Three.Three:PersistentLevel.BoxBrush_145.Model_7 or Model /Game/Maps/GameLevels/Three.Three:PersistentLevel.BoxBrush_46.Model_7
[2014.09.25-22.09.09:557][780]LogUObjectHash:Warning: Ambiguous search, could be Model /Game/Maps/GameLevels/Three.Three:PersistentLevel.BoxBrush_145.Model_7 or Model /Game/Maps/GameLevels/Three.Three:PersistentLevel.BoxBrush_45.Model_7
[2014.09.25-22.09.09:557][780]LogUObjectHash:Warning: Ambiguous search, could be Model /Game/Maps/GameLevels/Three.Three:PersistentLevel.BoxBrush_145.Model_7 or Model /Game/Maps/GameLevels/Three.Three:PersistentLevel.BoxBrush_44.Model_7
[2014.09.25-22.09.09:557][780]LogUObjectHash:Warning: Ambiguous search, could be Model /Game/Maps/GameLevels/Three.Three:PersistentLevel.BoxBrush_145.Model_7 or Model /Game/Maps/GameLevels/Three.Three:PersistentLevel.BoxBrush_43.Model_7
[2014.09.25-22.09.09:557][780]LogUObjectHash:Warning: Ambiguous search, could be Model /Game/Maps/GameLevels/Three.Three:PersistentLevel.BoxBrush_145.Model_7 or Model /Game/Maps/GameLevels/Three.Three:PersistentLevel.BoxBrush_41.Model_7
[2014.09.25-22.09.09:557][780]LogUObjectHash:Warning: Ambiguous search, could be Model /Game/Maps/GameLevels/Three.Three:PersistentLevel.BoxBrush_145.Model_7 or Model /Game/Maps/GameLevels/Three.Three:PersistentLevel.BoxBrush_4.Model_7
[2014.09.25-22.09.09:557][780]LogUObjectHash:Warning: Ambiguous search, could be Model /Game/Maps/GameLevels/Three.Three:PersistentLevel.BoxBrush_145.Model_7 or Model /Game/Maps/GameLevels/Three.Three:PersistentLevel.BoxBrush_39.Model_7
[2014.09.25-22.09.09:557][780]LogUObjectHash:Warning: Ambiguous search, could be Model /Game/Maps/GameLevels/Three.Three:PersistentLevel.BoxBrush_145.Model_7 or Model /Game/Maps/GameLevels/Three.Three:PersistentLevel.BoxBrush_38.Model_7
[2014.09.25-22.09.09:557][780]LogUObjectHash:Warning: Ambiguous search, could be Model /Game/Maps/GameLevels/Three.Three:PersistentLevel.BoxBrush_145.Model_7 or Model /Game/Maps/GameLevels/Three.Three:PersistentLevel.BoxBrush_35.Model_7
[2014.09.25-22.09.09:557][780]LogUObjectHash:Warning: Ambiguous search, could be Model /Game/Maps/GameLevels/Three.Three:PersistentLevel.BoxBrush_145.Model_7 or Model /Game/Maps/GameLevels/Three.Three:PersistentLevel.BoxBrush_34.Model_7
[2014.09.25-22.09.09:557][780]LogUObjectHash:Warning: Ambiguous search, could be Model /Game/Maps/GameLevels/Three.Three:PersistentLevel.BoxBrush_145.Model_7 or Model /Game/Maps/GameLevels/Three.Three:PersistentLevel.BoxBrush_33.Model_7
[2014.09.25-22.09.09:557][780]LogUObjectHash:Warning: Ambiguous search, could be Model /Game/Maps/GameLevels/Three.Three:PersistentLevel.BoxBrush_145.Model_7 or Model /Game/Maps/GameLevels/Three.Three:PersistentLevel.BoxBrush_32.Model_7
[2014.09.25-22.09.09:557][780]LogUObjectHash:Warning: Ambiguous search, could be Model /Game/Maps/GameLevels/Three.Three:PersistentLevel.BoxBrush_145.Model_7 or Model /Game/Maps/GameLevels/Three.Three:PersistentLevel.BoxBrush_27.Model_7
[2014.09.25-22.09.09:557][780]LogUObjectHash:Warning: Ambiguous search, could be Model /Game/Maps/GameLevels/Three.Three:PersistentLevel.BoxBrush_145.Model_7 or Model /Game/Maps/GameLevels/Three.Three:PersistentLevel.BoxBrush_24.Model_7
[2014.09.25-22.09.09:557][780]LogUObjectHash:Warning: Ambiguous search, could be Model /Game/Maps/GameLevels/Three.Three:PersistentLevel.BoxBrush_145.Model_7 or Model /Game/Maps/GameLevels/Three.Three:PersistentLevel.BoxBrush_23.Model_7
[2014.09.25-22.09.09:557][780]LogUObjectHash:Warning: Ambiguous search, could be Model /Game/Maps/GameLevels/Three.Three:PersistentLevel.BoxBrush_145.Model_7 or Model /Game/Maps/GameLevels/Three.Three:PersistentLevel.BoxBrush_22.Model_7
[2014.09.25-22.09.09:557][780]LogUObjectHash:Warning: Ambiguous search, could be Model /Game/Maps/GameLevels/Three.Three:PersistentLevel.BoxBrush_145.Model_7 or Model /Game/Maps/GameLevels/Three.Three:PersistentLevel.BoxBrush_21.Model_7
[2014.09.25-22.09.09:557][780]LogUObjectHash:Warning: Ambiguous search, could be Model /Game/Maps/GameLevels/Three.Three:PersistentLevel.BoxBrush_145.Model_7 or Model /Game/Maps/GameLevels/Three.Three:PersistentLevel.BoxBrush_20.Model_7
[2014.09.25-22.09.09:557][780]LogUObjectHash:Warning: Ambiguous search, could be Model /Game/Maps/GameLevels/Three.Three:PersistentLevel.BoxBrush_145.Model_7 or Model /Game/Maps/GameLevels/Three.Three:PersistentLevel.BoxBrush_2.Model_7
[2014.09.25-22.09.09:557][780]LogUObjectHash:Warning: Ambiguous search, could be Model /Game/Maps/GameLevels/Three.Three:PersistentLevel.BoxBrush_145.Model_7 or Model /Game/Maps/GameLevels/Three.Three:PersistentLevel.BoxBrush_199.Model_7
[2014.09.25-22.09.09:557][780]LogUObjectHash:Warning: Ambiguous search, could be Model /Game/Maps/GameLevels/Three.Three:PersistentLevel.BoxBrush_145.Model_7 or Model /Game/Maps/GameLevels/Three.Three:PersistentLevel.BoxBrush_194.Model_7
[2014.09.25-22.09.09:557][780]LogUObjectHash:Warning: Ambiguous search, could be Model /Game/Maps/GameLevels/Three.Three:PersistentLevel.BoxBrush_145.Model_7 or Model /Game/Maps/GameLevels/Three.Three:PersistentLevel.BoxBrush_19.Model_7
[2014.09.25-22.09.09:557][780]LogUObjectHash:Warning: Ambiguous search, could be Model /Game/Maps/GameLevels/Three.Three:PersistentLevel.BoxBrush_145.Model_7 or Model /Game/Maps/GameLevels/Three.Three:PersistentLevel.BoxBrush_18.Model_7
[2014.09.25-22.09.09:557][780]LogUObjectHash:Warning: Ambiguous search, could be Model /Game/Maps/GameLevels/Three.Three:PersistentLevel.BoxBrush_145.Model_7 or Model /Game/Maps/GameLevels/Three.Three:PersistentLevel.BoxBrush_17.Model_7
[2014.09.25-22.09.09:557][780]LogUObjectHash:Warning: Ambiguous search, could be Model /Game/Maps/GameLevels/Three.Three:PersistentLevel.BoxBrush_145.Model_7 or Model /Game/Maps/GameLevels/Three.Three:PersistentLevel.BoxBrush_162.Model_7
[2014.09.25-22.09.09:557][780]LogUObjectHash:Warning: Ambiguous search, could be Model /Game/Maps/GameLevels/Three.Three:PersistentLevel.BoxBrush_145.Model_7 or Model /Game/Maps/GameLevels/Three.Three:PersistentLevel.BoxBrush_16.Model_7
[2014.09.25-22.09.09:557][780]LogUObjectHash:Warning: Ambiguous search, could be Model /Game/Maps/GameLevels/Three.Three:PersistentLevel.BoxBrush_145.Model_7 or Model /Game/Maps/GameLevels/Three.Three:PersistentLevel.BoxBrush_159.Model_7
[2014.09.25-22.09.09:557][780]LogUObjectHash:Warning: Ambiguous search, could be Model /Game/Maps/GameLevels/Three.Three:PersistentLevel.BoxBrush_145.Model_7 or Model /Game/Maps/GameLevels/Three.Three:PersistentLevel.BoxBrush_158.Model_7
[2014.09.25-22.09.09:557][780]LogUObjectHash:Warning: Ambiguous search, could be Model /Game/Maps/GameLevels/Three.Three:PersistentLevel.BoxBrush_145.Model_7 or Model /Game/Maps/GameLevels/Three.Three:PersistentLevel.BoxBrush_157.Model_7
[2014.09.25-22.09.09:557][780]LogUObjectHash:Warning: Ambiguous search, could be Model /Game/Maps/GameLevels/Three.Three:PersistentLevel.BoxBrush_145.Model_7 or Model /Game/Maps/GameLevels/Three.Three:PersistentLevel.BoxBrush_156.Model_7
[2014.09.25-22.09.09:557][780]LogUObjectHash:Warning: Ambiguous search, could be Model /Game/Maps/GameLevels/Three.Three:PersistentLevel.BoxBrush_145.Model_7 or Model /Game/Maps/GameLevels/Three.Three:PersistentLevel.BoxBrush_155.Model_7
[2014.09.25-22.09.09:557][780]LogUObjectHash:Warning: Ambiguous search, could be Model /Game/Maps/GameLevels/Three.Three:PersistentLevel.BoxBrush_145.Model_7 or Model /Game/Maps/GameLevels/Three.Three:PersistentLevel.BoxBrush_154.Model_7
[2014.09.25-22.09.09:557][780]LogUObjectHash:Warning: Ambiguous search, could be Model /Game/Maps/GameLevels/Three.Three:PersistentLevel.BoxBrush_145.Model_7 or Model /Game/Maps/GameLevels/Three.Three:PersistentLevel.BoxBrush_153.Model_7
[2014.09.25-22.09.09:557][780]LogUObjectHash:Warning: Ambiguous search, could be Model /Game/Maps/GameLevels/Three.Three:PersistentLevel.BoxBrush_145.Model_7 or Model /Game/Maps/GameLevels/Three.Three:PersistentLevel.BoxBrush_151.Model_7
[2014.09.25-22.09.09:557][780]LogUObjectHash:Warning: Ambiguous search, could be Model /Game/Maps/GameLevels/Three.Three:PersistentLevel.BoxBrush_145.Model_7 or Model /Game/Maps/GameLevels/Three.Three:PersistentLevel.BoxBrush_150.Model_7
[2014.09.25-22.09.09:557][780]LogUObjectHash:Warning: Ambiguous search, could be Model /Game/Maps/GameLevels/Three.Three:PersistentLevel.BoxBrush_145.Model_7 or Model /Game/Maps/GameLevels/Three.Three:PersistentLevel.BoxBrush_148.Model_7
[2014.09.25-22.09.09:557][780]LogUObjectHash:Warning: Ambiguous search, could be Model /Game/Maps/GameLevels/Three.Three:PersistentLevel.BoxBrush_145.Model_7 or Model /Game/Maps/GameLevels/Three.Three:PersistentLevel.BoxBrush_147.Model_7
[2014.09.25-22.09.09:557][780]LogUObjectHash:Warning: Ambiguous search, could be Model /Game/Maps/GameLevels/Three.Three:PersistentLevel.BoxBrush_145.Model_7 or Model /Game/Maps/GameLevels/Three.Three:PersistentLevel.BoxBrush_146.Model_7
[2014.09.25-22.09.09:557][780]LogUObjectHash:Warning: Ambiguous search, could be Model /Game/Maps/GameLevels/Three.Three:PersistentLevel.BoxBrush_145.Model_7 or Model /Game/Maps/GameLevels/Three.Three:PersistentLevel.BoxBrush_144.Model_7
[2014.09.25-22.09.09:557][780]LogUObjectHash:Warning: Ambiguous search, could be Model /Game/Maps/GameLevels/Three.Three:PersistentLevel.BoxBrush_145.Model_7 or Model /Game/Maps/GameLevels/Three.Three:PersistentLevel.BoxBrush_143.Model_7
[2014.09.25-22.09.09:557][780]LogUObjectHash:Warning: Ambiguous search, could be Model /Game/Maps/GameLevels/Three.Three:PersistentLevel.BoxBrush_145.Model_7 or Model /Game/Maps/GameLevels/Three.Three:PersistentLevel.BoxBrush_142.Model_7
[2014.09.25-22.09.09:557][780]LogUObjectHash:Warning: Ambiguous search, could be Model /Game/Maps/GameLevels/Three.Three:PersistentLevel.BoxBrush_145.Model_7 or Model /Game/Maps/GameLevels/Three.Three:PersistentLevel.BoxBrush_141.Model_7
[2014.09.25-22.09.09:558][780]LogUObjectHash:Warning: Ambiguous search, could be Model /Game/Maps/GameLevels/Three.Three:PersistentLevel.BoxBrush_145.Model_7 or Model /Game/Maps/GameLevels/Three.Three:PersistentLevel.BoxBrush_140.Model_7
[2014.09.25-22.09.09:558][780]LogUObjectHash:Warning: Ambiguous search, could be Model /Game/Maps/GameLevels/Three.Three:PersistentLevel.BoxBrush_145.Model_7 or Model /Game/Maps/GameLevels/Three.Three:PersistentLevel.BoxBrush_14.Model_7
[2014.09.25-22.09.09:558][780]LogUObjectHash:Warning: Ambiguous search, could be Model /Game/Maps/GameLevels/Three.Three:PersistentLevel.BoxBrush_145.Model_7 or Model /Game/Maps/GameLevels/Three.Three:PersistentLevel.BoxBrush_138.Model_7
[2014.09.25-22.09.09:558][780]LogUObjectHash:Warning: Ambiguous search, could be Model /Game/Maps/GameLevels/Three.Three:PersistentLevel.BoxBrush_145.Model_7 or Model /Game/Maps/GameLevels/Three.Three:PersistentLevel.BoxBrush_137.Model_7
[2014.09.25-22.09.09:558][780]LogUObjectHash:Warning: Ambiguous search, could be Model /Game/Maps/GameLevels/Three.Three:PersistentLevel.BoxBrush_145.Model_7 or Model /Game/Maps/GameLevels/Three.Three:PersistentLevel.BoxBrush_136.Model_7
[2014.09.25-22.09.09:558][780]LogUObjectHash:Warning: Ambiguous search, could be Model /Game/Maps/GameLevels/Three.Three:PersistentLevel.BoxBrush_145.Model_7 or Model /Game/Maps/GameLevels/Three.Three:PersistentLevel.BoxBrush_135.Model_7
[2014.09.25-22.09.09:558][780]LogUObjectHash:Warning: Ambiguous search, could be Model /Game/Maps/GameLevels/Three.Three:PersistentLevel.BoxBrush_145.Model_7 or Model /Game/Maps/GameLevels/Three.Three:PersistentLevel.BoxBrush_134.Model_7
[2014.09.25-22.09.09:558][780]LogUObjectHash:Warning: Ambiguous search, could be Model /Game/Maps/GameLevels/Three.Three:PersistentLevel.BoxBrush_145.Model_7 or Model /Game/Maps/GameLevels/Three.Three:PersistentLevel.BoxBrush_133.Model_7
[2014.09.25-22.09.09:558][780]LogUObjectHash:Warning: Ambiguous search, could be Model /Game/Maps/GameLevels/Three.Three:PersistentLevel.BoxBrush_145.Model_7 or Model /Game/Maps/GameLevels/Three.Three:PersistentLevel.BoxBrush_132.Model_7
[2014.09.25-22.09.09:558][780]LogUObjectHash:Warning: Ambiguous search, could be Model /Game/Maps/GameLevels/Three.Three:PersistentLevel.BoxBrush_145.Model_7 or Model /Game/Maps/GameLevels/Three.Three:PersistentLevel.BoxBrush_13.Model_7
[2014.09.25-22.09.09:558][780]LogUObjectHash:Warning: Ambiguous search, could be Model /Game/Maps/GameLevels/Three.Three:PersistentLevel.BoxBrush_145.Model_7 or Model /Game/Maps/GameLevels/Three.Three:PersistentLevel.BoxBrush_127.Model_7
[2014.09.25-22.09.09:558][780]LogUObjectHash:Warning: Ambiguous search, could be Model /Game/Maps/GameLevels/Three.Three:PersistentLevel.BoxBrush_145.Model_7 or Model /Game/Maps/GameLevels/Three.Three:PersistentLevel.BoxBrush_125.Model_7
[2014.09.25-22.09.09:558][780]LogUObjectHash:Warning: Ambiguous search, could be Model /Game/Maps/GameLevels/Three.Three:PersistentLevel.BoxBrush_145.Model_7 or Model /Game/Maps/GameLevels/Three.Three:PersistentLevel.BoxBrush_124.Model_7
[2014.09.25-22.09.09:558][780]LogUObjectHash:Warning: Ambiguous search, could be Model /Game/Maps/GameLevels/Three.Three:PersistentLevel.BoxBrush_145.Model_7 or Model /Game/Maps/GameLevels/Three.Three:PersistentLevel.BoxBrush_12.Model_7
[2014.09.25-22.09.09:558][780]LogUObjectHash:Warning: Ambiguous search, could be Model /Game/Maps/GameLevels/Three.Three:PersistentLevel.BoxBrush_145.Model_7 or Model /Game/Maps/GameLevels/Three.Three:PersistentLevel.BoxBrush_119.Model_7
[2014.09.25-22.09.09:558][780]LogUObjectHash:Warning: Ambiguous search, could be Model /Game/Maps/GameLevels/Three.Three:PersistentLevel.BoxBrush_145.Model_7 or Model /Game/Maps/GameLevels/Three.Three:PersistentLevel.BoxBrush_117.Model_7
[2014.09.25-22.09.09:558][780]LogUObjectHash:Warning: Ambiguous search, could be Model /Game/Maps/GameLevels/Three.Three:PersistentLevel.BoxBrush_145.Model_7 or Model /Game/Maps/GameLevels/Three.Three:PersistentLevel.BoxBrush_116.Model_7
[2014.09.25-22.09.09:558][780]LogUObjectHash:Warning: Ambiguous search, could be Model /Game/Maps/GameLevels/Three.Three:PersistentLevel.BoxBrush_145.Model_7 or Model /Game/Maps/GameLevels/Three.Three:PersistentLevel.BoxBrush_114.Model_7
[2014.09.25-22.09.09:558][780]LogUObjectHash:Warning: Ambiguous search, could be Model /Game/Maps/GameLevels/Three.Three:PersistentLevel.BoxBrush_145.Model_7 or Model /Game/Maps/GameLevels/Three.Three:PersistentLevel.BoxBrush_113.Model_7
[2014.09.25-22.09.09:558][780]LogUObjectHash:Warning: Ambiguous search, could be Model /Game/Maps/GameLevels/Three.Three:PersistentLevel.BoxBrush_145.Model_7 or Model /Game/Maps/GameLevels/Three.Three:PersistentLevel.BoxBrush_112.Model_7
[2014.09.25-22.09.09:558][780]LogUObjectHash:Warning: Ambiguous search, could be Model /Game/Maps/GameLevels/Three.Three:PersistentLevel.BoxBrush_145.Model_7 or Model /Game/Maps/GameLevels/Three.Three:PersistentLevel.BoxBrush_111.Model_7
[2014.09.25-22.09.09:558][780]LogUObjectHash:Warning: Ambiguous search, could be Model /Game/Maps/GameLevels/Three.Three:PersistentLevel.BoxBrush_145.Model_7 or Model /Game/Maps/GameLevels/Three.Three:PersistentLevel.BoxBrush_110.Model_7
[2014.09.25-22.09.09:558][780]LogUObjectHash:Warning: Ambiguous search, could be Model /Game/Maps/GameLevels/Three.Three:PersistentLevel.BoxBrush_145.Model_7 or Model /Game/Maps/GameLevels/Three.Three:PersistentLevel.BoxBrush_109.Model_7
[2014.09.25-22.09.09:558][780]LogUObjectHash:Warning: Ambiguous search, could be Model /Game/Maps/GameLevels/Three.Three:PersistentLevel.BoxBrush_145.Model_7 or Model /Game/Maps/GameLevels/Three.Three:PersistentLevel.BoxBrush_108.Model_7
[2014.09.25-22.09.09:558][780]LogUObjectHash:Warning: Ambiguous search, could be Model /Game/Maps/GameLevels/Three.Three:PersistentLevel.BoxBrush_145.Model_7 or Model /Game/Maps/GameLevels/Three.Three:PersistentLevel.BoxBrush_107.Model_7
[2014.09.25-22.09.09:558][780]LogUObjectHash:Warning: Ambiguous search, could be Model /Game/Maps/GameLevels/Three.Three:PersistentLevel.BoxBrush_145.Model_7 or Model /Game/Maps/GameLevels/Three.Three:PersistentLevel.BoxBrush_106.Model_7
[2014.09.25-22.09.09:558][780]LogUObjectHash:Warning: Ambiguous search, could be Model /Game/Maps/GameLevels/Three.Three:PersistentLevel.BoxBrush_145.Model_7 or Model /Game/Maps/GameLevels/Three.Three:PersistentLevel.BoxBrush_105.Model_7
[2014.09.25-22.09.09:558][780]LogUObjectHash:Warning: Ambiguous search, could be Model /Game/Maps/GameLevels/Three.Three:PersistentLevel.BoxBrush_145.Model_7 or Model /Game/Maps/GameLevels/Three.Three:PersistentLevel.BoxBrush_104.Model_7
[2014.09.25-22.09.09:558][780]LogUObjectHash:Warning: Ambiguous search, could be Model /Game/Maps/GameLevels/Three.Three:PersistentLevel.BoxBrush_145.Model_7 or Model /Game/Maps/GameLevels/Three.Three:PersistentLevel.BoxBrush_103.Model_7
[2014.09.25-22.09.09:558][780]LogUObjectHash:Warning: Ambiguous search, could be Model /Game/Maps/GameLevels/Three.Three:PersistentLevel.BoxBrush_145.Model_7 or Model /Game/Maps/GameLevels/Three.Three:PersistentLevel.BoxBrush_102.Model_7
[2014.09.25-22.09.09:558][780]LogUObjectHash:Warning: Ambiguous search, could be Model /Game/Maps/GameLevels/Three.Three:PersistentLevel.BoxBrush_145.Model_7 or Model /Game/Maps/GameLevels/Three.Three:PersistentLevel.BoxBrush_101.Model_7
[2014.09.25-22.09.09:558][780]LogUObjectHash:Warning: Ambiguous search, could be Model /Game/Maps/GameLevels/Three.Three:PersistentLevel.BoxBrush_145.Model_7 or Model /Game/Maps/GameLevels/Three.Three:PersistentLevel.BoxBrush_10.Model_7
[2014.09.25-22.09.09:558][780]LogUObjectHash:Warning: Ambiguous search, could be Model /Game/Maps/GameLevels/Three.Three:PersistentLevel.BoxBrush_145.Model_7 or Model /Game/Maps/GameLevels/Three.Three:PersistentLevel.BoxBrush.Model_7
[2014.09.25-22.09.14:122][780]LogInstancedFoliage: Map Rebuilt - Update all BSP painted foliage!
[2014.09.25-22.09.14:388][781]Cmd: UpdateLandscapeEditorData
[2014.09.25-22.09.25:217][964]LogInstancedFoliage: Map Rebuilt - Update all BSP painted foliage!
[2014.09.25-22.09.25:463][965]Cmd: UpdateLandscapeEditorData
[2014.09.25-22.10.02:104][984]Cmd: CAMERA ALIGN ACTIVEVIEWPORTONLY
[2014.09.25-22.10.02:104][984]Aligned camera to fit all selected actors.
[2014.09.25-22.10.08:054][ 40]LogInstancedFoliage: Map Rebuilt - Update all BSP painted foliage!
[2014.09.25-22.10.08:341][ 41]Cmd: UpdateLandscapeEditorData
[2014.09.25-22.10.20:894][414]LogSavePackage: Save=418.914398ms
[2014.09.25-22.10.20:894][414]LogSavePackage: Moving '../../../../../../Users/Zeetermin/Documents/2014 Fall/SpaceVines/Space_Vines/Link-Object_prototype/Saved/Three9D28A9DA46A6F7A406DA7496AAC5B47C.tmp' to '../../../../../../Users/Zeetermin/Documents/2014 Fall/SpaceVines/Space_Vines/Link-Object_prototype/Content/Maps/GameLevels/Three.umap'
[2014.09.25-22.10.20:933][414]LogFileHelpers: Saving map 'Three' took 0.603
[2014.09.25-22.10.35:389][720]LogPhysics:Warning: FDerivedDataPhysXCooker::BuildTriMesh: Triangle data from '/Game/Maps/GameLevels/Three.Three:PersistentLevel.ModelComponent_997' invalid (35810 verts, 0 indices).
[2014.09.25-22.10.58:815][181]LogInstancedFoliage: Map Rebuilt - Update all BSP painted foliage!
[2014.09.25-22.10.59:047][182]Cmd: UpdateLandscapeEditorData
[2014.09.25-22.11.50:915][659]LogInstancedFoliage: Map Rebuilt - Update all BSP painted foliage!
[2014.09.25-22.11.51:104][660]Cmd: UpdateLandscapeEditorData
[2014.09.25-22.11.53:105][719]Cmd: CAMERA ALIGN ACTIVEVIEWPORTONLY
[2014.09.25-22.11.53:105][719]Aligned camera to fit all selected actors.
[2014.09.25-22.12.06:958][171]Cmd: TRANSACTION UNDO
[2014.09.25-22.12.06:958][171]LogEditorTransaction: Undo Move Actors
[2014.09.25-22.13.56:194][171]LogDerivedDataCache:Warning: C:/Users/Zeetermin/AppData/Local/UnrealEngine/4.2/DerivedDataCache access is very slow, consider disabling it.
[2014.09.25-22.13.56:194][171]LogDerivedDataCache:Warning: C:/Users/Zeetermin/AppData/Local/UnrealEngine/4.2/DerivedDataCache access is very slow, consider disabling it.
[2014.09.25-22.14.58:045][171]LogDerivedDataCache:Warning: C:/Users/Zeetermin/AppData/Local/UnrealEngine/4.2/DerivedDataCache access is very slow, consider disabling it.
[2014.09.25-22.14.58:045][171]LogDerivedDataCache:Warning: C:/Users/Zeetermin/AppData/Local/UnrealEngine/4.2/DerivedDataCache access is very slow, consider disabling it.
[2014.09.25-22.14.58:045][171]LogDerivedDataCache:Warning: C:/Users/Zeetermin/AppData/Local/UnrealEngine/4.2/DerivedDataCache access is very slow, consider disabling it.
[2014.09.25-22.15.53:769][171]LogDerivedDataCache:Warning: C:/Users/Zeetermin/AppData/Local/UnrealEngine/4.2/DerivedDataCache access is very slow, consider disabling it.
[2014.09.25-22.15.53:769][171]LogDerivedDataCache:Warning: C:/Users/Zeetermin/AppData/Local/UnrealEngine/4.2/DerivedDataCache access is very slow, consider disabling it.
[2014.09.25-22.18.15:145][171]LogInstancedFoliage: Map Rebuilt - Update all BSP painted foliage!
[2014.09.25-22.19.16:217][171]LogSavePackage: Save=438.313293ms
[2014.09.25-22.19.16:217][171]LogSavePackage: Moving '../../../../../../Users/Zeetermin/Documents/2014 Fall/SpaceVines/Space_Vines/Link-Object_prototype/Saved/ThreeD878B153449DA436C75CE8B2791ED5F4.tmp' to '../../../../../../Users/Zeetermin/Documents/2014 Fall/SpaceVines/Space_Vines/Link-Object_prototype/Content/Maps/GameLevels/Three.umap'
[2014.09.25-22.19.16:288][171]LogFileHelpers: Saving map 'Three' took 0.674
[2014.09.25-22.19.16:603][172]Cmd: UpdateLandscapeEditorData
[2014.09.25-22.19.16:603][172]Cmd: QUIT_EDITOR
[2014.09.25-22.19.16:668][172]LogWindowsTextInputMethodSystem:Error: Terminating failed while unadvising the language notification sink from the TSF source.
[2014.09.25-22.19.16:669][172]LogExit: Preparing to exit.
[2014.09.25-22.19.17:039][172]LogActorComponent: UnregisterComponent: (None.None) Not registered. Aborting.
[2014.09.25-22.19.17:039][172]LogActorComponent: UnregisterComponent: (None.None) Not registered. Aborting.
[2014.09.25-22.19.17:039][172]LogActorComponent: UnregisterComponent: (None.None) Not registered. Aborting.
[2014.09.25-22.19.17:039][172]LogActorComponent: UnregisterComponent: (None.None) Not registered. Aborting.
[2014.09.25-22.19.17:039][172]LogActorComponent: UnregisterComponent: (None.None) Not registered. Aborting.
[2014.09.25-22.19.17:039][172]LogActorComponent: UnregisterComponent: (None.None) Not registered. Aborting.
[2014.09.25-22.19.17:039][172]LogActorComponent: UnregisterComponent: (None.None) Not registered. Aborting.
[2014.09.25-22.19.17:039][172]LogActorComponent: UnregisterComponent: (None.None) Not registered. Aborting.
[2014.09.25-22.19.17:039][172]LogActorComponent: UnregisterComponent: (None.None) Not registered. Aborting.
[2014.09.25-22.19.17:039][172]LogActorComponent: UnregisterComponent: (None.None) Not registered. Aborting.
[2014.09.25-22.19.17:039][172]LogActorComponent: UnregisterComponent: (None.None) Not registered. Aborting.
[2014.09.25-22.19.17:039][172]LogActorComponent: UnregisterComponent: (None.None) Not registered. Aborting.
[2014.09.25-22.19.17:056][172]LogExit: Editor shut down
[2014.09.25-22.19.17:056][172]LogExit: Transaction tracking system shut down
[2014.09.25-22.19.17:057][172]LogParticles: Destroying 0 GPU particle simulations for FXSystem 0x00000000163E0FE0
[2014.09.25-22.19.17:057][172]LogParticles: Destroying 0 GPU particle simulations for FXSystem 0x00000000163E1300
[2014.09.25-22.19.17:058][172]LogParticles: Destroying 0 GPU particle simulations for FXSystem 0x000000001A2FD9E0
[2014.09.25-22.19.17:086][172]LogExit: Object subsystem successfully closed.
[2014.09.25-22.19.17:174][172]LogModuleManager: Shutting down and abandoning module DesktopPlatform (164)
[2014.09.25-22.19.17:174][172]LogModuleManager: Shutting down and abandoning module AndroidDeviceDetection (163)
[2014.09.25-22.19.17:174][172]LogModuleManager: Shutting down and abandoning module CrashTracker (162)
[2014.09.25-22.19.17:174][172]LogModuleManager: Shutting down and abandoning module HTTP (161)
[2014.09.25-22.19.17:174][172]LogModuleManager: Shutting down and abandoning module NewsFeed (160)
[2014.09.25-22.19.17:174][172]LogModuleManager: Shutting down and abandoning module SceneOutliner (159)
[2014.09.25-22.19.17:174][172]LogModuleManager: Shutting down and abandoning module EditorWidgets (158)
[2014.09.25-22.19.17:174][172]LogModuleManager: Shutting down and abandoning module CollectionManager (157)
[2014.09.25-22.19.17:174][172]LogModuleManager: Shutting down and abandoning module StatsViewer (156)
[2014.09.25-22.19.17:175][172]LogModuleManager: Shutting down and abandoning module FoliageEdit (155)
[2014.09.25-22.19.17:175][172]LogModuleManager: Shutting down and abandoning module LandscapeEditor (154)
[2014.09.25-22.19.17:179][172]LogModuleManager: Shutting down and abandoning module MeshPaint (153)
[2014.09.25-22.19.17:179][172]LogModuleManager: Shutting down and abandoning module ActorPickerMode (152)
[2014.09.25-22.19.17:179][172]LogModuleManager: Shutting down and abandoning module GeometryMode (151)
[2014.09.25-22.19.17:179][172]LogModuleManager: Shutting down and abandoning module TextureAlignMode (150)
[2014.09.25-22.19.17:179][172]LogModuleManager: Shutting down and abandoning module BspMode (149)
[2014.09.25-22.19.17:179][172]LogModuleManager: Shutting down and abandoning module PlacementMode (148)
[2014.09.25-22.19.17:179][172]LogModuleManager: Shutting down and abandoning module AutomationWorker (147)
[2014.09.25-22.19.17:179][172]LogModuleManager: Shutting down and abandoning module ViewportSnapping (146)
[2014.09.25-22.19.17:180][172]LogModuleManager: Shutting down and abandoning module DeviceProfileEditor (145)
[2014.09.25-22.19.17:180][172]LogModuleManager: Shutting down and abandoning module UndoHistory (144)
[2014.09.25-22.19.17:180][172]LogModuleManager: Shutting down and abandoning module GameplayTagsEditor (143)
[2014.09.25-22.19.17:180][172]LogModuleManager: Shutting down and abandoning module UserFeedback (142)
[2014.09.25-22.19.17:180][172]LogModuleManager: Shutting down and abandoning module XmlParser (141)
[2014.09.25-22.19.17:180][172]LogModuleManager: Shutting down and abandoning module Blutility (140)
[2014.09.25-22.19.17:180][172]LogModuleManager: Shutting down and abandoning module AndroidPlatformEditor (137)
[2014.09.25-22.19.17:180][172]LogModuleManager: Shutting down and abandoning module AndroidRuntimeSettings (136)
[2014.09.25-22.19.17:180][172]LogModuleManager: Shutting down and abandoning module ProjectSettingsViewer (135)
[2014.09.25-22.19.17:180][172]LogModuleManager: Shutting down and abandoning module InputBindingEditor (134)
[2014.09.25-22.19.17:180][172]LogModuleManager: Shutting down and abandoning module EditorSettingsViewer (133)
[2014.09.25-22.19.17:180][172]LogModuleManager: Shutting down and abandoning module SettingsEditor (132)
[2014.09.25-22.19.17:180][172]LogModuleManager: Shutting down and abandoning module SessionLauncher (131)
[2014.09.25-22.19.17:180][172]LogModuleManager: Shutting down and abandoning module SessionFrontend (130)
[2014.09.25-22.19.17:180][172]LogModuleManager: Shutting down and abandoning module ProfilerClient (129)
[2014.09.25-22.19.17:180][172]LogModuleManager: Shutting down and abandoning module TargetDeviceServices (128)
[2014.09.25-22.19.17:180][172]LogModuleManager: Shutting down and abandoning module DeviceManager (127)
[2014.09.25-22.19.17:180][172]LogModuleManager: Shutting down and abandoning module AutomationController (126)
[2014.09.25-22.19.17:180][172]LogModuleManager: Shutting down and abandoning module AutomationWindow (125)
[2014.09.25-22.19.17:180][172]LogModuleManager: Shutting down and abandoning module Layers (124)
[2014.09.25-22.19.17:180][172]LogModuleManager: Shutting down and abandoning module ComponentVisualizers (123)
[2014.09.25-22.19.17:180][172]LogModuleManager: Shutting down and abandoning module DetailCustomizations (122)
[2014.09.25-22.19.17:180][172]LogModuleManager: Shutting down and abandoning module PackagesDialog (121)
[2014.09.25-22.19.17:180][172]LogModuleManager: Shutting down and abandoning module PropertyEditor (120)
[2014.09.25-22.19.17:180][172]LogModuleManager: Shutting down and abandoning module DirectoryWatcher (119)
[2014.09.25-22.19.17:181][172]LogModuleManager: Shutting down and abandoning module AssetRegistry (118)
[2014.09.25-22.19.17:385][172]LogModuleManager: Shutting down and abandoning module Persona (117)
[2014.09.25-22.19.17:385][172]LogModuleManager: Shutting down and abandoning module GraphEditor (116)
[2014.09.25-22.19.17:385][172]LogModuleManager: Shutting down and abandoning module ContentBrowser (115)
[2014.09.25-22.19.17:385][172]LogModuleManager: Shutting down and abandoning module ClassViewer (114)
[2014.09.25-22.19.17:385][172]LogModuleManager: Shutting down and abandoning module Toolbox (113)
[2014.09.25-22.19.17:385][172]LogModuleManager: Shutting down and abandoning module ModuleUI (112)
[2014.09.25-22.19.17:385][172]LogModuleManager: Shutting down and abandoning module Sequencer (111)
[2014.09.25-22.19.17:385][172]LogModuleManager: Shutting down and abandoning module AssetTools (110)
[2014.09.25-22.19.17:385][172]LogModuleManager: Shutting down and abandoning module MovieSceneTools (109)
[2014.09.25-22.19.17:385][172]LogModuleManager: Shutting down and abandoning module OutputLog (108)
[2014.09.25-22.19.17:385][172]LogModuleManager: Shutting down and abandoning module GammaUI (107)
[2014.09.25-22.19.17:385][172]LogModuleManager: Shutting down and abandoning module Documentation (106)
[2014.09.25-22.19.17:385][172]LogModuleManager: Shutting down and abandoning module StreamingPauseRendering (105)
[2014.09.25-22.19.17:385][172]LogModuleManager: Shutting down and abandoning module AnalyticsET (104)
[2014.09.25-22.19.17:385][172]LogModuleManager: Shutting down and abandoning module Analytics (103)
[2014.09.25-22.19.17:385][172]LogModuleManager: Shutting down and abandoning module ProfilerService (102)
[2014.09.25-22.19.17:485][172]LogModuleManager: Shutting down and abandoning module TaskGraph (101)
[2014.09.25-22.19.17:485][172]LogModuleManager: Shutting down and abandoning module GameProjectGeneration (100)
[2014.09.25-22.19.17:485][172]LogModuleManager: Shutting down and abandoning module Matinee (99)
[2014.09.25-22.19.17:485][172]LogModuleManager: Shutting down and abandoning module Kismet (98)
[2014.09.25-22.19.17:485][172]LogModuleManager: Shutting down and abandoning module SlateReflector (97)
[2014.09.25-22.19.17:485][172]LogModuleManager: Shutting down and abandoning module LevelEditor (96)
[2014.09.25-22.19.17:486][172]LogModuleManager: Shutting down and abandoning module MainFrame (95)
[2014.09.25-22.19.17:487][172]LogModuleManager: Shutting down and abandoning module SourceControl (94)
[2014.09.25-22.19.17:487][172]LogModuleManager: Shutting down and abandoning module ImageWrapper (93)
[2014.09.25-22.19.17:487][172]LogModuleManager: Shutting down and abandoning module OnlineBlueprintSupport (92)
[2014.09.25-22.19.17:487][172]LogModuleManager: Shutting down and abandoning module FunctionalTesting (91)
[2014.09.25-22.19.17:487][172]LogModuleManager: Shutting down and abandoning module CollisionAnalyzer (90)
[2014.09.25-22.19.17:487][172]LogModuleManager: Shutting down and abandoning module WorkspaceMenuStructure (89)
[2014.09.25-22.19.17:487][172]LogModuleManager: Shutting down and abandoning module MessageLog (88)
[2014.09.25-22.19.17:487][172]LogModuleManager: Shutting down and abandoning module Slate (87)
[2014.09.25-22.19.17:487][172]LogModuleManager: Shutting down and abandoning module EditorStyle (86)
[2014.09.25-22.19.17:490][172]LogModuleManager: Shutting down and abandoning module SessionServices (85)
[2014.09.25-22.19.17:490][172]LogModuleManager: Shutting down and abandoning module Messaging (84)
[2014.09.25-22.19.17:490][172]LogModuleManager: Shutting down and abandoning module SourceCodeAccess (83)
[2014.09.25-22.19.17:490][172]LogModuleManager: Shutting down and abandoning module HeadMountedDisplay (82)
[2014.09.25-22.19.17:490][172]LogModuleManager: Shutting down and abandoning module XAudio2 (81)
[2014.09.25-22.19.17:490][172]LogModuleManager: Shutting down and abandoning module Networking (79)
[2014.09.25-22.19.17:490][172]LogModuleManager: Shutting down and abandoning module Core (78)
[2014.09.25-22.19.17:490][172]LogModuleManager: Shutting down and abandoning module KismetCompiler (77)
[2014.09.25-22.19.17:490][172]LogModuleManager: Shutting down and abandoning module PhysXFormats (76)
[2014.09.25-22.19.17:490][172]LogModuleManager: Shutting down and abandoning module SimplygonMeshReduction (75)
[2014.09.25-22.19.17:490][172]LogModuleManager: Shutting down and abandoning module MeshUtilities (74)
[2014.09.25-22.19.17:490][172]LogModuleManager: Shutting down and abandoning module DerivedDataCache (73)
[2014.09.25-22.19.17:541][172]LogDerivedDataCache: Shutdown
[2014.09.25-22.19.17:541][172]LogModuleManager: Shutting down and abandoning module ShaderFormatOpenGL (72)
[2014.09.25-22.19.17:541][172]LogModuleManager: Shutting down and abandoning module ShaderFormatD3D (71)
[2014.09.25-22.19.17:541][172]LogModuleManager: Shutting down and abandoning module TextureFormatUncompressed (70)
[2014.09.25-22.19.17:541][172]LogModuleManager: Shutting down and abandoning module TextureFormatPVR (69)
[2014.09.25-22.19.17:541][172]LogModuleManager: Shutting down and abandoning module TextureFormatDXT (68)
[2014.09.25-22.19.17:541][172]LogModuleManager: Shutting down and abandoning module TextureFormatAndroid (67)
[2014.09.25-22.19.17:541][172]LogModuleManager: Shutting down and abandoning module AudioFormatOpus (66)
[2014.09.25-22.19.17:541][172]LogModuleManager: Shutting down and abandoning module AudioFormatOgg (65)
[2014.09.25-22.19.17:541][172]LogModuleManager: Shutting down and abandoning module AudioFormatADPCM (64)
[2014.09.25-22.19.17:541][172]LogModuleManager: Shutting down and abandoning module Android_PVRTCTargetPlatform (63)
[2014.09.25-22.19.17:541][172]LogModuleManager: Shutting down and abandoning module Android_ETC2TargetPlatform (62)
[2014.09.25-22.19.17:541][172]LogModuleManager: Shutting down and abandoning module Android_ETC1TargetPlatform (61)
[2014.09.25-22.19.17:541][172]LogModuleManager: Shutting down and abandoning module Android_DXTTargetPlatform (60)
[2014.09.25-22.19.17:541][172]LogModuleManager: Shutting down and abandoning module Android_ATCTargetPlatform (59)
[2014.09.25-22.19.17:541][172]LogModuleManager: Shutting down and abandoning module AndroidTargetPlatform (58)
[2014.09.25-22.19.17:541][172]LogModuleManager: Shutting down and abandoning module WindowsTargetPlatform (57)
[2014.09.25-22.19.17:541][172]LogModuleManager: Shutting down and abandoning module WindowsServerTargetPlatform (56)
[2014.09.25-22.19.17:541][172]LogModuleManager: Shutting down and abandoning module WindowsNoEditorTargetPlatform (55)
[2014.09.25-22.19.17:541][172]LogModuleManager: Shutting down and abandoning module WindowsClientTargetPlatform (54)
[2014.09.25-22.19.17:541][172]LogModuleManager: Shutting down and abandoning module TargetPlatform (53)
[2014.09.25-22.19.17:541][172]LogModuleManager: Shutting down and abandoning module InputCore (52)
[2014.09.25-22.19.17:541][172]LogModuleManager: Shutting down and abandoning module Settings (51)
[2014.09.25-22.19.17:541][172]LogModuleManager: Shutting down and abandoning module TextureCompressor (48)
[2014.09.25-22.19.17:541][172]LogModuleManager: Shutting down and abandoning module ShaderCore (47)
[2014.09.25-22.19.17:541][172]LogModuleManager: Shutting down and abandoning module OpenGLDrv (46)
[2014.09.25-22.19.17:541][172]LogModuleManager: Shutting down and abandoning module D3D11RHI (45)
[2014.09.25-22.19.17:541][172]LogModuleManager: Shutting down and abandoning module SlateRHIRenderer (44)
[2014.09.25-22.19.17:541][172]LogModuleManager: Shutting down and abandoning module Renderer (43)
[2014.09.25-22.19.17:541][172]LogModuleManager: Shutting down and abandoning module Engine (42)
[2014.09.25-22.19.17:541][172]LogModuleManager: Shutting down and abandoning module SlateRemote (41)
[2014.09.25-22.19.17:542][172]LogModuleManager: Shutting down and abandoning module ScriptPlugin (40)
[2014.09.25-22.19.17:542][172]LogModuleManager: Shutting down and abandoning module ScriptEditorPlugin (38)
[2014.09.25-22.19.17:542][172]LogModuleManager: Shutting down and abandoning module WindowsMoviePlayer (37)
[2014.09.25-22.19.17:544][172]LogModuleManager: Shutting down and abandoning module ExampleDeviceProfileSelector (32)
[2014.09.25-22.19.17:544][172]LogModuleManager: Shutting down and abandoning module CustomMeshComponent (31)
[2014.09.25-22.19.17:544][172]LogModuleManager: Shutting down and abandoning module CableComponent (30)
[2014.09.25-22.19.17:544][172]LogModuleManager: Shutting down and abandoning module OculusRift (26)
[2014.09.25-22.19.17:544][172]LogModuleManager: Shutting down and abandoning module UdpMessaging (25)
[2014.09.25-22.19.17:644][172]LogModuleManager: Shutting down and abandoning module MessagingDebugger (24)
[2014.09.25-22.19.17:644][172]LogModuleManager: Shutting down and abandoning module PluginsEditor (14)
[2014.09.25-22.19.17:644][172]LogModuleManager: Shutting down and abandoning module IntroTutorials (13)
[2014.09.25-22.19.17:644][172]LogModuleManager: Shutting down and abandoning module EpicSurvey (12)
[2014.09.25-22.19.17:644][172]LogModuleManager: Shutting down and abandoning module VisualStudioSourceCodeAccess (10)
[2014.09.25-22.19.17:644][172]LogModuleManager: Shutting down and abandoning module UObjectPlugin (9)
[2014.09.25-22.19.17:644][172]LogModuleManager: Shutting down and abandoning module SubversionSourceControl (8)
[2014.09.25-22.19.17:644][172]LogModuleManager: Shutting down and abandoning module PerforceSourceControl (7)
[2014.09.25-22.19.17:644][172]LogModuleManager: Shutting down and abandoning module BlankPlugin (6)
[2014.09.25-22.19.17:644][172]LogModuleManager: Shutting down and abandoning module CoreUObject (5)
[2014.09.25-22.19.17:644][172]LogModuleManager: Shutting down and abandoning module NetworkFile (4)
[2014.09.25-22.19.17:644][172]LogModuleManager: Shutting down and abandoning module StreamingFile (3)
[2014.09.25-22.19.17:644][172]LogModuleManager: Shutting down and abandoning module SandboxFile (2)
[2014.09.25-22.19.17:644][172]LogModuleManager: Shutting down and abandoning module PakFile (1)
[2014.09.25-22.19.17:644][172]LogExit: Exiting.
[2014.09.25-22.19.17:649][172]Log file closed, 09/25/14 18:19:17
