Log file open, 09/10/14 14:08:16
LogInit:Display: Running engine for game: MyProject2
LogInit: Version: 4.2.0-2092659+++depot+UE4-Releases+4.2
LogInit: Compiled (64-bit): Jun  3 2014 00:56:21
LogInit: Build Configuration: Development
LogInit: Branch Name: ++depot+UE4-Releases+4.2
LogInit: Command line:  
LogInit: Base directory: C:/Program Files/Unreal Engine/4.2/Engine/Binaries/Win64/
LogInit: Rocket: 1
[2014.09.10-18.08.16:731][  0]LogTaskGraph: Started task graph with 3 named threads and 4 total threads.
[2014.09.10-18.08.17:061][  0]LogOnline:Warning: No default platform service specified for OnlineSubsystem
[2014.09.10-18.08.19:166][  0]LogInit: Presizing for 0 objects not considered by GC, pre-allocating 0 bytes.
[2014.09.10-18.08.19:784][  0]LogInit: Object subsystem initialized
[2014.09.10-18.08.19:919][  0]LogInit: Selected Device Profile: [Windows]
[2014.09.10-18.08.19:924][  0]LogInit: Applying CVar settings loaded from the selected device profile: [Windows]
[2014.09.10-18.08.20:032][  0]LogInit: Computer: VERONICA
[2014.09.10-18.08.20:032][  0]LogInit: User: Zeetermin
[2014.09.10-18.08.20:033][  0]LogInit: CPU Page size=4096, Cores=4
[2014.09.10-18.08.20:048][  0]LogInit: High frequency timer resolution =2.597714 MHz
[2014.09.10-18.08.20:048][  0]LogMemory: Memory total: Physical=6.0GB (6GB approx) Virtual=8192.0GB
[2014.09.10-18.08.20:048][  0]LogMemory: Platform Memory Stats for Windows
[2014.09.10-18.08.20:048][  0]LogMemory: Process Physical Memory: 56.06 MB used, 56.06 MB peak
[2014.09.10-18.08.20:048][  0]LogMemory: Process Virtual Memory: 32.59 MB used, 32.81 MB peak
[2014.09.10-18.08.20:048][  0]LogMemory: Physical Memory: 4677.03 MB used, 6135.18 MB total
[2014.09.10-18.08.20:048][  0]LogMemory: Virtual Memory: 238.59 MB used, 8388608.00 MB total
[2014.09.10-18.08.22:062][  0]LogD3D11RHI: Found D3D11 adapter 0: AMD Radeon R7 200 Series (Feature Level 11_0)
[2014.09.10-18.08.22:062][  0]LogD3D11RHI: Adapter has 2033MB of dedicated video memory, 0MB of dedicated system memory, and 2811MB of shared system memory, 2 output[s]
[2014.09.10-18.08.22:062][  0]LogD3D11RHI: Chosen D3D11 Adapter Id = 0
[2014.09.10-18.08.22:094][  0]LogRHI: Texture pool is 1361 MB (70% of 1945 MB)
[2014.09.10-18.08.22:411][  0]LogD3D11RHI: Async texture creation disabled: no driver support
[2014.09.10-18.09.06:421][  0]LogContentStreaming: Texture pool size is 0.000000MB
[2014.09.10-18.09.44:298][  0]LogTargetPlatformManager:Display: Building Assets For Windows
[2014.09.10-18.09.50:529][  0]LogTargetPlatformManager:Display: Building Assets For Windows
[2014.09.10-18.09.51:442][  0]LogDerivedDataCache:Display: Max Cache Size: 512 MB
[2014.09.10-18.09.54:193][  0]LogDerivedDataCache: Loaded boot cache 2.60s 39MB C:/Users/Zeetermin/AppData/Local/UnrealEngine/4.2/DerivedDataCache/Boot.ddc.
[2014.09.10-18.09.54:193][  0]LogDerivedDataCache:Display: Loaded Boot cache: C:/Users/Zeetermin/AppData/Local/UnrealEngine/4.2/DerivedDataCache/Boot.ddc
[2014.09.10-18.09.54:193][  0]LogDerivedDataCache: FDerivedDataBackendGraph:  Pak pak cache file ../../../../../../Users/Zeetermin/Documents/2014 Fall/SpaceVines/Space_Vines/Link-Object_prototype/DerivedDataCache/DDC.ddp not found, will not use a pak cache.
[2014.09.10-18.09.54:193][  0]LogDerivedDataCache: Unable to find inner node Pak for hierarchical cache Hierarchy.
[2014.09.10-18.09.54:434][  0]LogDerivedDataCache:Display: Pak cache opened for reading ../../../Engine/DerivedDataCache/DDC.ddp.
[2014.09.10-18.09.54:445][  0]LogDerivedDataCache: Using Local data cache path C:/Users/Zeetermin/AppData/Local/UnrealEngine/4.2/DerivedDataCache: Writable
[2014.09.10-18.10.49:924][  0]LogMeshUtilities: No automatic mesh reduction module available
[2014.09.10-18.10.49:924][  0]LogMeshUtilities: No automatic mesh merging module available
[2014.09.10-18.11.13:980][  0]LogInit: WinSock: version 1.1 (2.2), MaxSocks=32767, MaxUdp=65467
[2014.09.10-18.13.02:881][  0]LogStreaming:Warning: Failed to read file '../../../Engine/Content/Editor/Slate/Icons/ActorIcons/GroupActor_16x.png' error.
[2014.09.10-18.13.02:958][  0]LogSlate: Could not find file for Slate resource: ../../../Engine/Content/Editor/Slate/Icons/ActorIcons/GroupActor_16x.png
[2014.09.10-18.13.05:840][  0]LogStreaming:Warning: Failed to read file '../../../Engine/Content/Editor/Slate/Icons/ActorIcons/DecalActor_16x.png' error.
[2014.09.10-18.13.05:840][  0]LogSlate: Could not find file for Slate resource: ../../../Engine/Content/Editor/Slate/Icons/ActorIcons/DecalActor_16x.png
[2014.09.10-18.13.45:467][  0]UdpMessaging: Initializing bridge on interface 0.0.0.0:0 to multicast group 230.0.0.1:6666.
[2014.09.10-18.13.52:840][  0]SourceControl: Info Source control is disabled
[2014.09.10-18.13.53:046][  0]SourceControl: Info Source control is disabled
[2014.09.10-18.13.53:053][  0]SourceControl: Info Source control is disabled
[2014.09.10-18.14.28:223][  0]BlueprintLog: New page: Editor Load
[2014.09.10-18.14.47:197][  0]LogObj: 19136 objects as part of root set at end of initial load.
[2014.09.10-18.14.47:237][  0]LogUObjectAllocator: 3804648 out of 0 bytes used by permanent object pool.
[2014.09.10-18.15.04:099][  0]LogAutomationTest:Warning: Smoke tests took > 1s to run: 12.84s
[2014.09.10-18.15.04:749][  0]LogEngine: Initializing Engine...
[2014.09.10-18.15.16:271][  0]LogInit: XAudio2 using 'Speakers (High Definition Audio Device)' : 2 channels at 44.1 kHz using 16 bits per sample (channel mask 0x3)
[2014.09.10-18.15.17:418][  0]LogInit: FAudioDevice initialized.
[2014.09.10-18.15.36:286][  0]LogDerivedDataCache: Saved boot cache 0.03s 39MB C:/Users/Zeetermin/AppData/Local/UnrealEngine/4.2/DerivedDataCache/Boot.ddc.
[2014.09.10-18.15.36:293][  0]LogInit: Texture streaming: Enabled
[2014.09.10-18.15.43:070][  0]LogInit: Transaction tracking system initialized
[2014.09.10-18.16.04:787][  0]LogAssetRegistry: FAssetRegistry took 0.0096 seconds to start up
[2014.09.10-18.16.44:379][  0]LogModuleManager:Warning: ModuleManager: Unable to load module '' because the file was not found.
[2014.09.10-18.16.44:390][  0]LogModuleManager:Warning: ModuleManager: Unable to load module '' because the file was not found.
[2014.09.10-18.16.51:246][  0]LogConsoleResponse:Display: 
[2014.09.10-18.17.38:654][  0]SourceControl: Info Source control is disabled
[2014.09.10-18.17.39:182][  0]Cmd: MAP LOAD FILE="../../../../../../Users/Zeetermin/Documents/2014 Fall/SpaceVines/Space_Vines/Link-Object_prototype/Content/Maps/Example_Map.umap" TEMPLATE=0 SHOWPROGRESS=1 WORLDCOMPOSITION=0
[2014.09.10-18.17.39:557][  0]LightingResults: New page: Lighting Build
[2014.09.10-18.17.41:402][  0]MapCheck: New page: Map Check
[2014.09.10-18.17.41:402][  0]LightingResults: New page: Lighting Build
[2014.09.10-18.17.45:195][  0]LogParticles: Destroying 0 GPU particle simulations for FXSystem 0x0000000014980AE0
[2014.09.10-18.18.11:591][  0]LogTexture:Display: Building textures: HQ_Lightmap1_2 (AutoDXT)
[2014.09.10-18.18.13:257][  0]LogTexture:Display: Building textures: LQ_Lightmap_1_2 (DXT1)
[2014.09.10-18.18.13:552][  0]LogTexture:Display: Building textures: ShadowMapTexture2D_10 (BGRA8)
[2014.09.10-18.18.17:300][  0]LogEditorServer: Finished looking for orphan Actors (0.000 secs)
[2014.09.10-18.18.17:623][  0]Cmd: MAP CHECKDEP
[2014.09.10-18.18.17:623][  0]MapCheck: New page: Example_Map - Sep 10, 2014, 10:18:17 AM
[2014.09.10-18.18.17:839][  0]MapCheck: Info ========== Map Check: 0 Error(s), 0 Warning(s), [169.147ms] ==========
[2014.09.10-18.18.17:839][  0]LogFileHelpers: Loading map 'Example_Map' took 38.993
[2014.09.10-18.18.31:621][  0]LogCollectionManager: Loaded 0 collections in 0.002336 seconds
[2014.09.10-18.18.32:627][  0]LogContentBrowser:Verbose: The content browser source was changed by the sources view to '/Game'
[2014.09.10-18.18.47:508][  0]LogCrashTracker: Crashtracker disabled due to settings.
[2014.09.10-18.18.48:020][  0]Cmd: MODE PLACEMENT
[2014.09.10-18.18.51:941][  0]LogLoad: Full Startup: 670.49 seconds (BP compile: 5.48 seconds)
[2014.09.10-18.19.01:164][  0]LogRenderer:Warning: Reallocating scene render targets to support 1216x968.
[2014.09.10-18.19.05:233][  1]LogEpicStorage:Warning: EnumerateFiles request failed. Invalid response. code=403 error=<?xml version="1.0" encoding="UTF-8"?>
<Error><Code>AccessDenied</Code><Message>Access Denied</Message><RequestId>6C82147D63077876</RequestId><HostId>jt5WFDmnXEabO3YIioOLeuRFcrcCTNzepoC78JukHfy5x9q8sTERyLAa8+4drKh1</HostId></Error>
[2014.09.10-18.19.06:072][  2]LogEpicSurvey:Warning: EnumerateFiles request failed. Invalid response. code=403 error=<?xml version="1.0" encoding="UTF-8"?>
<Error><Code>AccessDenied</Code><Message>Access Denied</Message><RequestId>27A2A33BAD0706F3</RequestId><HostId>r0nN2Xf7j9RXchUd9yU33xhEaokK0qfBAl7FWS4NyeGdvvFYUraTJAUrX/yBHLd6</HostId></Error>
[2014.09.10-18.19.07:489][  3]LogEpicStorage:Warning: EnumerateFiles request failed. Invalid response. code=403 error=<?xml version="1.0" encoding="UTF-8"?>
<Error><Code>AccessDenied</Code><Message>Access Denied</Message><RequestId>A52D378B11A07508</RequestId><HostId>DNynkr1Wt4hwihLfVUSDs2hy4UUkbdkkuUZaAzRuj6lXE1HR8yxU7yHP0mHu5J37</HostId></Error>
[2014.09.10-18.19.07:502][  4]LogEpicSurvey:Warning: EnumerateFiles request failed. Invalid response. code=403 error=<?xml version="1.0" encoding="UTF-8"?>
<Error><Code>AccessDenied</Code><Message>Access Denied</Message><RequestId>96AFBC7428A0C55A</RequestId><HostId>dTVz6O8J0VOm3+8dCg69TEFwpTglouYlSaXzVuDtieGXm12Oxafp2e3nkY0EMgA2</HostId></Error>
[2014.09.10-18.19.10:763][  8]LogEpicStorage:Warning: ReadFile request failed. File request already pending for filename=http://cdn.unrealengine.com/newsfeed/blueprint_icon_b.png
[2014.09.10-18.19.11:476][  8]LogEpicStorage:Warning: ReadFile request failed. File request already pending for filename=http://cdn.unrealengine.com/newsfeed/blueprint_icon_b.png
[2014.09.10-18.19.35:975][335]LogAssetRegistry: Asset discovery search completed in 211.1934 seconds
[2014.09.10-18.20.07:143][749]LogWindows:Warning: FWindowsPlatformSurvey::TickSurveyHardware() failed to parse available memory from dxdiag report
[2014.09.10-18.20.07:392][749]LogSynthBenchmark:Display: FSynthBenchmark (V0.92):
[2014.09.10-18.20.07:392][749]LogSynthBenchmark:Display: ===============
[2014.09.10-18.20.07:392][749]LogSynthBenchmark:Display: Main Processor:
[2014.09.10-18.20.07:482][749]LogSynthBenchmark:Display:          ... 0.045259 s/Run 'RayIntersect'
[2014.09.10-18.20.07:482][749]LogSynthBenchmark:Display:          ... 0.045241 s/Run 'Fractal'
[2014.09.10-18.20.07:482][749]LogSynthBenchmark:Display: 
[2014.09.10-18.20.07:482][749]LogSynthBenchmark:Display:   CompiledTarget_x_Bits: 64
[2014.09.10-18.20.07:482][749]LogSynthBenchmark:Display:   UE_BUILD_SHIPPING: 0
[2014.09.10-18.20.07:482][749]LogSynthBenchmark:Display:   UE_BUILD_TEST: 0
[2014.09.10-18.20.07:482][749]LogSynthBenchmark:Display:   UE_BUILD_DEBUG: 0
[2014.09.10-18.20.07:482][749]LogSynthBenchmark:Display:   TotalPhysicalGBRam: 6
[2014.09.10-18.20.07:482][749]LogSynthBenchmark:Display:   NumberOfCores (physical): 4
[2014.09.10-18.20.07:482][749]LogSynthBenchmark:Display:   NumberOfCores (logical): 8
[2014.09.10-18.20.07:482][749]LogSynthBenchmark:Display:   CPU Perf Index 0: 56.6
[2014.09.10-18.20.07:482][749]LogSynthBenchmark:Display:   CPU Perf Index 1: 63.2
[2014.09.10-18.20.07:482][749]LogSynthBenchmark:Display:  
[2014.09.10-18.20.07:482][749]LogSynthBenchmark:Display: Graphics:
[2014.09.10-18.20.07:483][749]LogSynthBenchmark:Display:   Adapter Name: 'AMD Radeon R7 200 Series'
[2014.09.10-18.20.07:483][749]LogSynthBenchmark:Display:   (On Optimus the name might be wrong, memory should be ok)
[2014.09.10-18.20.07:483][749]LogSynthBenchmark:Display:   Vendor Id: 0x1002
[2014.09.10-18.20.07:483][749]LogSynthBenchmark:Display:   GPU Memory: 2034/0/2812 MB
[2014.09.10-18.20.07:483][749]LogSynthBenchmark:Display:   CPUIndex: 56.6
[2014.09.10-18.20.07:483][749]LogSynthBenchmark:Display:   GPUIndex: -1.$
[2014.09.10-18.20.07:483][749]LogSynthBenchmark:Display: 
[2014.09.10-18.20.07:483][749]LogSynthBenchmark:Display:          ... Total Time: 0.090979 sec
[2014.09.10-18.22.37:034][141]LogContentBrowser:Verbose: The content browser source was changed by the sources view to '/Game/Character'
[2014.09.10-18.22.43:434][216]LogContentBrowser:Verbose: The content browser source was changed by the sources view to '/Game/Blueprints'
[2014.09.10-18.22.59:471][391]LogActorComponent: UnregisterComponent: (/Engine/Transient.CharacterMovementComponent_0) Not registered. Aborting.
[2014.09.10-18.22.59:669][391]LogParticles: Destroying 0 GPU particle simulations for FXSystem 0x000000000C84EE80
[2014.09.10-18.23.01:951][392]Cmd: QUIT_EDITOR
[2014.09.10-18.23.02:086][392]LogWindowsTextInputMethodSystem:Error: Terminating failed while unadvising the language notification sink from the TSF source.
[2014.09.10-18.23.02:104][392]LogExit: Preparing to exit.
[2014.09.10-18.23.03:144][392]LogExit: Editor shut down
[2014.09.10-18.23.03:144][392]LogExit: Transaction tracking system shut down
[2014.09.10-18.23.03:145][392]LogParticles: Destroying 0 GPU particle simulations for FXSystem 0x000000000D629940
[2014.09.10-18.23.03:444][392]LogParticles: Destroying 0 GPU particle simulations for FXSystem 0x00000000199F4EA0
[2014.09.10-18.23.03:444][392]LogParticles: Destroying 0 GPU particle simulations for FXSystem 0x00000000199F4D60
[2014.09.10-18.23.03:444][392]LogExit: Object subsystem successfully closed.
[2014.09.10-18.23.03:857][392]LogModuleManager: Shutting down and abandoning module DesktopPlatform (165)
[2014.09.10-18.23.03:857][392]LogModuleManager: Shutting down and abandoning module SynthBenchmark (164)
[2014.09.10-18.23.03:857][392]LogModuleManager: Shutting down and abandoning module AndroidDeviceDetection (163)
[2014.09.10-18.23.03:857][392]LogModuleManager: Shutting down and abandoning module CrashTracker (162)
[2014.09.10-18.23.03:857][392]LogModuleManager: Shutting down and abandoning module HTTP (161)
[2014.09.10-18.23.03:873][392]LogModuleManager: Shutting down and abandoning module NewsFeed (160)
[2014.09.10-18.23.03:883][392]LogModuleManager: Shutting down and abandoning module SceneOutliner (159)
[2014.09.10-18.23.03:883][392]LogModuleManager: Shutting down and abandoning module EditorWidgets (158)
[2014.09.10-18.23.03:883][392]LogModuleManager: Shutting down and abandoning module CollectionManager (157)
[2014.09.10-18.23.03:883][392]LogModuleManager: Shutting down and abandoning module StatsViewer (156)
[2014.09.10-18.23.03:890][392]LogModuleManager: Shutting down and abandoning module FoliageEdit (155)
[2014.09.10-18.23.03:890][392]LogModuleManager: Shutting down and abandoning module LandscapeEditor (154)
[2014.09.10-18.23.03:896][392]LogModuleManager: Shutting down and abandoning module MeshPaint (153)
[2014.09.10-18.23.03:896][392]LogModuleManager: Shutting down and abandoning module ActorPickerMode (152)
[2014.09.10-18.23.03:896][392]LogModuleManager: Shutting down and abandoning module GeometryMode (151)
[2014.09.10-18.23.03:896][392]LogModuleManager: Shutting down and abandoning module TextureAlignMode (150)
[2014.09.10-18.23.03:896][392]LogModuleManager: Shutting down and abandoning module BspMode (149)
[2014.09.10-18.23.03:896][392]LogModuleManager: Shutting down and abandoning module PlacementMode (148)
[2014.09.10-18.23.03:897][392]LogModuleManager: Shutting down and abandoning module AutomationWorker (147)
[2014.09.10-18.23.03:897][392]LogModuleManager: Shutting down and abandoning module ViewportSnapping (146)
[2014.09.10-18.23.03:897][392]LogModuleManager: Shutting down and abandoning module DeviceProfileEditor (145)
[2014.09.10-18.23.03:897][392]LogModuleManager: Shutting down and abandoning module UndoHistory (144)
[2014.09.10-18.23.03:897][392]LogModuleManager: Shutting down and abandoning module GameplayTagsEditor (143)
[2014.09.10-18.23.03:897][392]LogModuleManager: Shutting down and abandoning module UserFeedback (142)
[2014.09.10-18.23.03:897][392]LogModuleManager: Shutting down and abandoning module XmlParser (141)
[2014.09.10-18.23.03:897][392]LogModuleManager: Shutting down and abandoning module Blutility (140)
[2014.09.10-18.23.03:897][392]LogModuleManager: Shutting down and abandoning module AndroidPlatformEditor (137)
[2014.09.10-18.23.03:897][392]LogModuleManager: Shutting down and abandoning module AndroidRuntimeSettings (136)
[2014.09.10-18.23.03:897][392]LogModuleManager: Shutting down and abandoning module ProjectSettingsViewer (135)
[2014.09.10-18.23.03:897][392]LogModuleManager: Shutting down and abandoning module InputBindingEditor (134)
[2014.09.10-18.23.03:897][392]LogModuleManager: Shutting down and abandoning module EditorSettingsViewer (133)
[2014.09.10-18.23.03:897][392]LogModuleManager: Shutting down and abandoning module SettingsEditor (132)
[2014.09.10-18.23.03:897][392]LogModuleManager: Shutting down and abandoning module SessionLauncher (131)
[2014.09.10-18.23.03:897][392]LogModuleManager: Shutting down and abandoning module SessionFrontend (130)
[2014.09.10-18.23.03:897][392]LogModuleManager: Shutting down and abandoning module ProfilerClient (129)
[2014.09.10-18.23.03:897][392]LogModuleManager: Shutting down and abandoning module TargetDeviceServices (128)
[2014.09.10-18.23.03:897][392]LogModuleManager: Shutting down and abandoning module DeviceManager (127)
[2014.09.10-18.23.03:897][392]LogModuleManager: Shutting down and abandoning module AutomationController (126)
[2014.09.10-18.23.03:898][392]LogModuleManager: Shutting down and abandoning module AutomationWindow (125)
[2014.09.10-18.23.03:898][392]LogModuleManager: Shutting down and abandoning module Layers (124)
[2014.09.10-18.23.03:898][392]LogModuleManager: Shutting down and abandoning module ComponentVisualizers (123)
[2014.09.10-18.23.03:898][392]LogModuleManager: Shutting down and abandoning module DetailCustomizations (122)
[2014.09.10-18.23.03:898][392]LogModuleManager: Shutting down and abandoning module PackagesDialog (121)
[2014.09.10-18.23.03:898][392]LogModuleManager: Shutting down and abandoning module PropertyEditor (120)
[2014.09.10-18.23.03:898][392]LogModuleManager: Shutting down and abandoning module DirectoryWatcher (119)
[2014.09.10-18.23.03:898][392]LogModuleManager: Shutting down and abandoning module AssetRegistry (118)
[2014.09.10-18.23.04:070][392]LogModuleManager: Shutting down and abandoning module Persona (117)
[2014.09.10-18.23.04:070][392]LogModuleManager: Shutting down and abandoning module GraphEditor (116)
[2014.09.10-18.23.04:070][392]LogModuleManager: Shutting down and abandoning module ContentBrowser (115)
[2014.09.10-18.23.04:070][392]LogModuleManager: Shutting down and abandoning module ClassViewer (114)
[2014.09.10-18.23.04:070][392]LogModuleManager: Shutting down and abandoning module Toolbox (113)
[2014.09.10-18.23.04:070][392]LogModuleManager: Shutting down and abandoning module ModuleUI (112)
[2014.09.10-18.23.04:070][392]LogModuleManager: Shutting down and abandoning module Sequencer (111)
[2014.09.10-18.23.04:070][392]LogModuleManager: Shutting down and abandoning module AssetTools (110)
[2014.09.10-18.23.04:070][392]LogModuleManager: Shutting down and abandoning module MovieSceneTools (109)
[2014.09.10-18.23.04:106][392]LogModuleManager: Shutting down and abandoning module OutputLog (108)
[2014.09.10-18.23.04:106][392]LogModuleManager: Shutting down and abandoning module GammaUI (107)
[2014.09.10-18.23.04:106][392]LogModuleManager: Shutting down and abandoning module Documentation (106)
[2014.09.10-18.23.04:106][392]LogModuleManager: Shutting down and abandoning module StreamingPauseRendering (105)
[2014.09.10-18.23.04:106][392]LogModuleManager: Shutting down and abandoning module AnalyticsET (104)
[2014.09.10-18.23.04:106][392]LogModuleManager: Shutting down and abandoning module Analytics (103)
[2014.09.10-18.23.04:106][392]LogModuleManager: Shutting down and abandoning module ProfilerService (102)
[2014.09.10-18.23.04:365][392]LogModuleManager: Shutting down and abandoning module TaskGraph (101)
[2014.09.10-18.23.04:378][392]LogModuleManager: Shutting down and abandoning module GameProjectGeneration (100)
[2014.09.10-18.23.04:378][392]LogModuleManager: Shutting down and abandoning module Matinee (99)
[2014.09.10-18.23.04:397][392]LogModuleManager: Shutting down and abandoning module Kismet (98)
[2014.09.10-18.23.04:399][392]LogModuleManager: Shutting down and abandoning module SlateReflector (97)
[2014.09.10-18.23.04:399][392]LogModuleManager: Shutting down and abandoning module LevelEditor (96)
[2014.09.10-18.23.04:400][392]LogModuleManager: Shutting down and abandoning module MainFrame (95)
[2014.09.10-18.23.04:400][392]LogModuleManager: Shutting down and abandoning module SourceControl (94)
[2014.09.10-18.23.04:400][392]LogModuleManager: Shutting down and abandoning module ImageWrapper (93)
[2014.09.10-18.23.04:400][392]LogModuleManager: Shutting down and abandoning module OnlineBlueprintSupport (92)
[2014.09.10-18.23.04:400][392]LogModuleManager: Shutting down and abandoning module FunctionalTesting (91)
[2014.09.10-18.23.04:400][392]LogModuleManager: Shutting down and abandoning module CollisionAnalyzer (90)
[2014.09.10-18.23.04:441][392]LogModuleManager: Shutting down and abandoning module WorkspaceMenuStructure (89)
[2014.09.10-18.23.04:441][392]LogModuleManager: Shutting down and abandoning module MessageLog (88)
[2014.09.10-18.23.04:441][392]LogModuleManager: Shutting down and abandoning module Slate (87)
[2014.09.10-18.23.04:441][392]LogModuleManager: Shutting down and abandoning module EditorStyle (86)
[2014.09.10-18.23.04:443][392]LogModuleManager: Shutting down and abandoning module SessionServices (85)
[2014.09.10-18.23.04:443][392]LogModuleManager: Shutting down and abandoning module Messaging (84)
[2014.09.10-18.23.04:443][392]LogModuleManager: Shutting down and abandoning module SourceCodeAccess (83)
[2014.09.10-18.23.04:443][392]LogModuleManager: Shutting down and abandoning module HeadMountedDisplay (82)
[2014.09.10-18.23.04:443][392]LogModuleManager: Shutting down and abandoning module XAudio2 (81)
[2014.09.10-18.23.04:443][392]LogModuleManager: Shutting down and abandoning module Networking (79)
[2014.09.10-18.23.04:443][392]LogModuleManager: Shutting down and abandoning module Core (78)
[2014.09.10-18.23.04:443][392]LogModuleManager: Shutting down and abandoning module KismetCompiler (77)
[2014.09.10-18.23.04:443][392]LogModuleManager: Shutting down and abandoning module PhysXFormats (76)
[2014.09.10-18.23.04:443][392]LogModuleManager: Shutting down and abandoning module SimplygonMeshReduction (75)
[2014.09.10-18.23.04:451][392]LogModuleManager: Shutting down and abandoning module MeshUtilities (74)
[2014.09.10-18.23.04:457][392]LogModuleManager: Shutting down and abandoning module DerivedDataCache (73)
[2014.09.10-18.23.04:465][392]LogDerivedDataCache: Shutdown
[2014.09.10-18.23.04:465][392]LogModuleManager: Shutting down and abandoning module ShaderFormatOpenGL (72)
[2014.09.10-18.23.04:472][392]LogModuleManager: Shutting down and abandoning module ShaderFormatD3D (71)
[2014.09.10-18.23.04:484][392]LogModuleManager: Shutting down and abandoning module TextureFormatUncompressed (70)
[2014.09.10-18.23.04:484][392]LogModuleManager: Shutting down and abandoning module TextureFormatPVR (69)
[2014.09.10-18.23.04:496][392]LogModuleManager: Shutting down and abandoning module TextureFormatDXT (68)
[2014.09.10-18.23.04:496][392]LogModuleManager: Shutting down and abandoning module TextureFormatAndroid (67)
[2014.09.10-18.23.04:496][392]LogModuleManager: Shutting down and abandoning module AudioFormatOpus (66)
[2014.09.10-18.23.04:496][392]LogModuleManager: Shutting down and abandoning module AudioFormatOgg (65)
[2014.09.10-18.23.04:496][392]LogModuleManager: Shutting down and abandoning module AudioFormatADPCM (64)
[2014.09.10-18.23.04:496][392]LogModuleManager: Shutting down and abandoning module Android_PVRTCTargetPlatform (63)
[2014.09.10-18.23.04:496][392]LogModuleManager: Shutting down and abandoning module Android_ETC2TargetPlatform (62)
[2014.09.10-18.23.04:496][392]LogModuleManager: Shutting down and abandoning module Android_ETC1TargetPlatform (61)
[2014.09.10-18.23.04:496][392]LogModuleManager: Shutting down and abandoning module Android_DXTTargetPlatform (60)
[2014.09.10-18.23.04:496][392]LogModuleManager: Shutting down and abandoning module Android_ATCTargetPlatform (59)
[2014.09.10-18.23.04:496][392]LogModuleManager: Shutting down and abandoning module AndroidTargetPlatform (58)
[2014.09.10-18.23.04:496][392]LogModuleManager: Shutting down and abandoning module WindowsTargetPlatform (57)
[2014.09.10-18.23.04:496][392]LogModuleManager: Shutting down and abandoning module WindowsServerTargetPlatform (56)
[2014.09.10-18.23.04:496][392]LogModuleManager: Shutting down and abandoning module WindowsNoEditorTargetPlatform (55)
[2014.09.10-18.23.04:496][392]LogModuleManager: Shutting down and abandoning module WindowsClientTargetPlatform (54)
[2014.09.10-18.23.04:496][392]LogModuleManager: Shutting down and abandoning module TargetPlatform (53)
[2014.09.10-18.23.04:496][392]LogModuleManager: Shutting down and abandoning module InputCore (52)
[2014.09.10-18.23.04:508][392]LogModuleManager: Shutting down and abandoning module Settings (51)
[2014.09.10-18.23.04:509][392]LogModuleManager: Shutting down and abandoning module TextureCompressor (48)
[2014.09.10-18.23.04:509][392]LogModuleManager: Shutting down and abandoning module ShaderCore (47)
[2014.09.10-18.23.04:509][392]LogModuleManager: Shutting down and abandoning module OpenGLDrv (46)
[2014.09.10-18.23.04:509][392]LogModuleManager: Shutting down and abandoning module D3D11RHI (45)
[2014.09.10-18.23.04:509][392]LogModuleManager: Shutting down and abandoning module SlateRHIRenderer (44)
[2014.09.10-18.23.04:509][392]LogModuleManager: Shutting down and abandoning module Renderer (43)
[2014.09.10-18.23.04:509][392]LogModuleManager: Shutting down and abandoning module Engine (42)
[2014.09.10-18.23.04:509][392]LogModuleManager: Shutting down and abandoning module SlateRemote (41)
[2014.09.10-18.23.04:509][392]LogModuleManager: Shutting down and abandoning module ScriptPlugin (40)
[2014.09.10-18.23.04:521][392]LogModuleManager: Shutting down and abandoning module ScriptEditorPlugin (38)
[2014.09.10-18.23.04:521][392]LogModuleManager: Shutting down and abandoning module WindowsMoviePlayer (37)
[2014.09.10-18.23.04:543][392]LogModuleManager: Shutting down and abandoning module ExampleDeviceProfileSelector (32)
[2014.09.10-18.23.04:543][392]LogModuleManager: Shutting down and abandoning module CustomMeshComponent (31)
[2014.09.10-18.23.04:543][392]LogModuleManager: Shutting down and abandoning module CableComponent (30)
[2014.09.10-18.23.04:543][392]LogModuleManager: Shutting down and abandoning module OculusRift (26)
[2014.09.10-18.23.04:557][392]LogModuleManager: Shutting down and abandoning module UdpMessaging (25)
[2014.09.10-18.23.04:657][392]LogModuleManager: Shutting down and abandoning module MessagingDebugger (24)
[2014.09.10-18.23.04:717][392]LogModuleManager: Shutting down and abandoning module PluginsEditor (14)
[2014.09.10-18.23.04:734][392]LogModuleManager: Shutting down and abandoning module IntroTutorials (13)
[2014.09.10-18.23.04:744][392]LogModuleManager: Shutting down and abandoning module EpicSurvey (12)
[2014.09.10-18.23.04:744][392]LogModuleManager: Shutting down and abandoning module VisualStudioSourceCodeAccess (10)
[2014.09.10-18.23.04:744][392]LogModuleManager: Shutting down and abandoning module UObjectPlugin (9)
[2014.09.10-18.23.04:744][392]LogModuleManager: Shutting down and abandoning module SubversionSourceControl (8)
[2014.09.10-18.23.04:783][392]LogModuleManager: Shutting down and abandoning module PerforceSourceControl (7)
[2014.09.10-18.23.04:802][392]LogModuleManager: Shutting down and abandoning module BlankPlugin (6)
[2014.09.10-18.23.04:802][392]LogModuleManager: Shutting down and abandoning module CoreUObject (5)
[2014.09.10-18.23.04:802][392]LogModuleManager: Shutting down and abandoning module NetworkFile (4)
[2014.09.10-18.23.04:817][392]LogModuleManager: Shutting down and abandoning module StreamingFile (3)
[2014.09.10-18.23.04:824][392]LogModuleManager: Shutting down and abandoning module SandboxFile (2)
[2014.09.10-18.23.04:824][392]LogModuleManager: Shutting down and abandoning module PakFile (1)
[2014.09.10-18.23.04:848][392]LogExit: Exiting.
[2014.09.10-18.23.04:884][392]Log file closed, 09/10/14 14:23:04
