Log file open, 10/09/14 23:38:25
LogInit:Display: Running engine for game: MyProject2
LogInit: Version: 4.2.1-2101290+++depot+UE4-Releases+4.2
LogInit: Compiled (64-bit): Jun 10 2014 22:21:56
LogInit: Build Configuration: Development
LogInit: Branch Name: ++depot+UE4-Releases+4.2
LogInit: Command line:  
LogInit: Base directory: C:/Program Files/Unreal Engine/4.2/Engine/Binaries/Win64/
LogInit: Rocket: 1
[2014.10.10-03.38.25:004][  0]LogTaskGraph: Started task graph with 3 named threads and 4 total threads.
[2014.10.10-03.38.25:039][  0]LogOnline:Warning: No default platform service specified for OnlineSubsystem
[2014.10.10-03.38.25:692][  0]LogInit: Presizing for 0 objects not considered by GC, pre-allocating 0 bytes.
[2014.10.10-03.38.25:702][  0]LogInit: Object subsystem initialized
[2014.10.10-03.38.25:705][  0]LogInit: Selected Device Profile: [Windows]
[2014.10.10-03.38.25:705][  0]LogInit: Applying CVar settings loaded from the selected device profile: [Windows]
[2014.10.10-03.38.25:813][  0]LogInit: Computer: VERONICA
[2014.10.10-03.38.25:813][  0]LogInit: User: Zeetermin
[2014.10.10-03.38.25:814][  0]LogInit: CPU Page size=4096, Cores=4
[2014.10.10-03.38.25:814][  0]LogInit: High frequency timer resolution =2.597724 MHz
[2014.10.10-03.38.25:814][  0]LogMemory: Memory total: Physical=6.0GB (6GB approx) Virtual=8192.0GB
[2014.10.10-03.38.25:814][  0]LogMemory: Platform Memory Stats for Windows
[2014.10.10-03.38.25:814][  0]LogMemory: Process Physical Memory: 54.84 MB used, 54.84 MB peak
[2014.10.10-03.38.25:814][  0]LogMemory: Process Virtual Memory: 31.76 MB used, 31.96 MB peak
[2014.10.10-03.38.25:814][  0]LogMemory: Physical Memory: 5153.37 MB used, 6135.18 MB total
[2014.10.10-03.38.25:814][  0]LogMemory: Virtual Memory: 236.93 MB used, 8388608.00 MB total
[2014.10.10-03.38.27:290][  0]LogD3D11RHI: Found D3D11 adapter 0: AMD Radeon R7 200 Series (Feature Level 11_0)
[2014.10.10-03.38.27:290][  0]LogD3D11RHI: Adapter has 2033MB of dedicated video memory, 0MB of dedicated system memory, and 2811MB of shared system memory, 2 output[s]
[2014.10.10-03.38.27:290][  0]LogD3D11RHI: Chosen D3D11 Adapter Id = 0
[2014.10.10-03.38.27:300][  0]LogRHI: Texture pool is 1361 MB (70% of 1945 MB)
[2014.10.10-03.38.27:306][  0]LogD3D11RHI: Async texture creation disabled: no driver support
[2014.10.10-03.38.29:919][  0]LogContentStreaming: Texture pool size is 0.000000MB
[2014.10.10-03.38.36:096][  0]LogTargetPlatformManager:Display: Building Assets For Windows
[2014.10.10-03.38.37:600][  0]LogTargetPlatformManager:Display: Building Assets For Windows
[2014.10.10-03.38.37:749][  0]LogDerivedDataCache:Display: Max Cache Size: 512 MB
[2014.10.10-03.38.39:049][  0]LogDerivedDataCache: Loaded boot cache 1.27s 39MB C:/Users/Zeetermin/AppData/Local/UnrealEngine/4.2/DerivedDataCache/Boot.ddc.
[2014.10.10-03.38.39:049][  0]LogDerivedDataCache:Display: Loaded Boot cache: C:/Users/Zeetermin/AppData/Local/UnrealEngine/4.2/DerivedDataCache/Boot.ddc
[2014.10.10-03.38.39:050][  0]LogDerivedDataCache: FDerivedDataBackendGraph:  Pak pak cache file ../../../../../../Users/Zeetermin/Documents/2014 Fall/SpaceVines/Space_Vines/Link-Object_prototype_withboxes/DerivedDataCache/DDC.ddp not found, will not use a pak cache.
[2014.10.10-03.38.39:050][  0]LogDerivedDataCache: Unable to find inner node Pak for hierarchical cache Hierarchy.
[2014.10.10-03.38.39:269][  0]LogDerivedDataCache:Display: Pak cache opened for reading ../../../Engine/DerivedDataCache/DDC.ddp.
[2014.10.10-03.38.39:281][  0]LogDerivedDataCache: Using Local data cache path C:/Users/Zeetermin/AppData/Local/UnrealEngine/4.2/DerivedDataCache: Writable
[2014.10.10-03.38.43:604][  0]LogMeshUtilities: No automatic mesh reduction module available
[2014.10.10-03.38.43:604][  0]LogMeshUtilities: No automatic mesh merging module available
[2014.10.10-03.38.51:248][  0]LogInit: WinSock: version 1.1 (2.2), MaxSocks=32767, MaxUdp=65467
[2014.10.10-03.39.15:941][  0]LogStreaming:Warning: Failed to read file '../../../Engine/Content/Editor/Slate/Icons/ActorIcons/GroupActor_16x.png' error.
[2014.10.10-03.39.15:941][  0]LogSlate: Could not find file for Slate resource: ../../../Engine/Content/Editor/Slate/Icons/ActorIcons/GroupActor_16x.png
[2014.10.10-03.39.16:210][  0]LogStreaming:Warning: Failed to read file '../../../Engine/Content/Editor/Slate/Icons/ActorIcons/DecalActor_16x.png' error.
[2014.10.10-03.39.16:210][  0]LogSlate: Could not find file for Slate resource: ../../../Engine/Content/Editor/Slate/Icons/ActorIcons/DecalActor_16x.png
[2014.10.10-03.39.27:592][  0]UdpMessaging: Initializing bridge on interface 0.0.0.0:0 to multicast group 230.0.0.1:6666.
[2014.10.10-03.39.28:248][  0]SourceControl: Info Source control is disabled
[2014.10.10-03.39.28:248][  0]SourceControl: Info Source control is disabled
[2014.10.10-03.39.28:263][  0]SourceControl: Info Source control is disabled
[2014.10.10-03.39.36:763][  0]BlueprintLog: New page: Editor Load
[2014.10.10-03.39.38:219][  0]LogObj: 19137 objects as part of root set at end of initial load.
[2014.10.10-03.39.38:219][  0]LogUObjectAllocator: 3804776 out of 0 bytes used by permanent object pool.
[2014.10.10-03.39.39:016][  0]LogEngine: Initializing Engine...
[2014.10.10-03.39.39:806][  0]LogInit: XAudio2 using 'Speakers (High Definition Audio Device)' : 2 channels at 44.1 kHz using 16 bits per sample (channel mask 0x3)
[2014.10.10-03.39.39:888][  0]LogInit: FAudioDevice initialized.
[2014.10.10-03.39.40:026][  0]LogDerivedDataCache: Saved boot cache 0.13s 39MB C:/Users/Zeetermin/AppData/Local/UnrealEngine/4.2/DerivedDataCache/Boot.ddc.
[2014.10.10-03.39.40:033][  0]LogInit: Texture streaming: Enabled
[2014.10.10-03.39.41:155][  0]LogInit: Transaction tracking system initialized
[2014.10.10-03.39.44:570][  0]LogAssetRegistry: FAssetRegistry took 0.0101 seconds to start up
[2014.10.10-03.39.50:404][  0]LogModuleManager:Warning: ModuleManager: Unable to load module '' because the file was not found.
[2014.10.10-03.39.50:418][  0]LogModuleManager:Warning: ModuleManager: Unable to load module '' because the file was not found.
[2014.10.10-03.39.53:885][  0]LogConsoleResponse:Display: 
[2014.10.10-03.40.05:432][  0]SourceControl: Info Source control is disabled
[2014.10.10-03.40.05:492][  0]LightingResults: New page: Lighting Build
[2014.10.10-03.40.05:513][  0]MapCheck: New page: Map Check
[2014.10.10-03.40.05:513][  0]LightingResults: New page: Lighting Build
[2014.10.10-03.40.05:529][  0]LogParticles: Destroying 0 GPU particle simulations for FXSystem 0x00000000122B1580
[2014.10.10-03.41.08:868][  0]LogMaterial:Warning: Material /Game/lore.lore needed to have new flag set bUsedWithStaticLighting !
[2014.10.10-03.41.09:010][  0]LogMaterial: Missing cached shader map for material lore, compiling.
[2014.10.10-03.41.09:028][  0]LogMaterial: 0.000119 seconds spent updating 1 materials, 1 interfaces, 0 instances, 0 with static permutations.
[2014.10.10-03.41.09:085][  0]LogEditorServer: Finished looking for orphan Actors (0.000 secs)
[2014.10.10-03.41.09:087][  0]Cmd: MAP CHECKDEP
[2014.10.10-03.41.09:087][  0]MapCheck: New page: Two - Oct 9, 2014, 7:41:09 PM
[2014.10.10-03.41.09:199][  0]MapCheck: Info ========== Map Check: 0 Error(s), 0 Warning(s), [111.776ms] ==========
[2014.10.10-03.41.09:199][  0]LogFileHelpers: Loading map 'Two' took 63.764
[2014.10.10-03.41.10:115][  0]LogCollectionManager: Loaded 0 collections in 0.001944 seconds
[2014.10.10-03.41.49:469][  0]LogCrashTracker: Crashtracker disabled due to settings.
[2014.10.10-03.41.49:471][  0]Cmd: MODE PLACEMENT
[2014.10.10-03.41.49:520][  0]LogLoad: Full Startup: 210.61 seconds (BP compile: 0.08 seconds)
[2014.10.10-03.41.49:544][  0]LogContentBrowser:Verbose: The content browser source was changed by the sources view to '/Game/Materials/ColorCodes'
[2014.10.10-03.41.52:092][  1]LogRenderer:Warning: Reallocating scene render targets to support 848x728.
[2014.10.10-03.41.52:093][  1]LogEpicStorage:Warning: EnumerateFiles request failed. Invalid response. code=403 error=<?xml version="1.0" encoding="UTF-8"?>
<Error><Code>AccessDenied</Code><Message>Access Denied</Message><RequestId>E9A53ED296E7D98D</RequestId><HostId>4zxyU/CVOyumd6A8sc2g6FkYiBvTdqTeaLabVZR+1VfRkZE13J6Kd6EHG9rHRLsR</HostId></Error>
[2014.10.10-03.41.53:212][  2]LogEpicSurvey:Warning: EnumerateFiles request failed. Invalid response. code=403 error=<?xml version="1.0" encoding="UTF-8"?>
<Error><Code>AccessDenied</Code><Message>Access Denied</Message><RequestId>23E3C83C027ED933</RequestId><HostId>xm20T9oA2TsH/vMlilf+vslDZjdWDraKj+ORbej+XhS4wqRD0ysmGswtxzwNrwfO</HostId></Error>
[2014.10.10-03.41.53:230][  2]LogAssetRegistry: Asset discovery search completed in 128.6679 seconds
[2014.10.10-03.41.56:686][ 14]LogEpicSurvey:Warning: EnumerateFiles request failed. Invalid response. code=403 error=<?xml version="1.0" encoding="UTF-8"?>
<Error><Code>AccessDenied</Code><Message>Access Denied</Message><RequestId>ABA09FC6F7F18D42</RequestId><HostId>ajW2NnBjv1hvZ97DyOntk6ro0xOfkmotCVsQU7/z2SW1FwuAoJ+pY3/RlJJC1iUR6DktXpaJYs0=</HostId></Error>
[2014.10.10-03.42.04:150][106]LogEpicStorage:Warning: EnumerateFiles request failed. Invalid response. code=403 error=<?xml version="1.0" encoding="UTF-8"?>
<Error><Code>AccessDenied</Code><Message>Access Denied</Message><RequestId>8E02CA45B85A348F</RequestId><HostId>LAYgNnz286DMZUJcaiwWw12zuQOv3wtjYKShaJwyeI9JAiXyGDHidMx847mqmwZHLw2Na/vfebI=</HostId></Error>
[2014.10.10-03.42.06:275][176]LogEpicStorage:Warning: ReadFile request failed. File request already pending for filename=http://cdn.unrealengine.com/newsfeed/blueprint_icon_b.png
[2014.10.10-03.42.06:379][176]LogEpicStorage:Warning: ReadFile request failed. File request already pending for filename=http://cdn.unrealengine.com/newsfeed/blueprint_icon_b.png
[2014.10.10-03.42.16:677][379]LogWindows:Warning: FWindowsPlatformSurvey::TickSurveyHardware() failed to parse available memory from dxdiag report
[2014.10.10-03.42.16:785][379]LogSynthBenchmark:Display: FSynthBenchmark (V0.92):
[2014.10.10-03.42.16:785][379]LogSynthBenchmark:Display: ===============
[2014.10.10-03.42.16:785][379]LogSynthBenchmark:Display: Main Processor:
[2014.10.10-03.42.16:839][379]LogSynthBenchmark:Display:          ... 0.026505 s/Run 'RayIntersect'
[2014.10.10-03.42.16:839][379]LogSynthBenchmark:Display:          ... 0.027636 s/Run 'Fractal'
[2014.10.10-03.42.16:839][379]LogSynthBenchmark:Display: 
[2014.10.10-03.42.16:839][379]LogSynthBenchmark:Display:   CompiledTarget_x_Bits: 64
[2014.10.10-03.42.16:839][379]LogSynthBenchmark:Display:   UE_BUILD_SHIPPING: 0
[2014.10.10-03.42.16:839][379]LogSynthBenchmark:Display:   UE_BUILD_TEST: 0
[2014.10.10-03.42.16:839][379]LogSynthBenchmark:Display:   UE_BUILD_DEBUG: 0
[2014.10.10-03.42.16:839][379]LogSynthBenchmark:Display:   TotalPhysicalGBRam: 6
[2014.10.10-03.42.16:839][379]LogSynthBenchmark:Display:   NumberOfCores (physical): 4
[2014.10.10-03.42.16:839][379]LogSynthBenchmark:Display:   NumberOfCores (logical): 8
[2014.10.10-03.42.16:839][379]LogSynthBenchmark:Display:   CPU Perf Index 0: 96.6
[2014.10.10-03.42.16:839][379]LogSynthBenchmark:Display:   CPU Perf Index 1: 103.5
[2014.10.10-03.42.16:840][379]LogSynthBenchmark:Display:  
[2014.10.10-03.42.16:840][379]LogSynthBenchmark:Display: Graphics:
[2014.10.10-03.42.16:840][379]LogSynthBenchmark:Display:   Adapter Name: 'AMD Radeon R7 200 Series'
[2014.10.10-03.42.16:840][379]LogSynthBenchmark:Display:   (On Optimus the name might be wrong, memory should be ok)
[2014.10.10-03.42.16:840][379]LogSynthBenchmark:Display:   Vendor Id: 0x1002
[2014.10.10-03.42.16:840][379]LogSynthBenchmark:Display:   GPU Memory: 2034/0/2812 MB
[2014.10.10-03.42.16:840][379]LogSynthBenchmark:Display:   CPUIndex: 96.6
[2014.10.10-03.42.16:840][379]LogSynthBenchmark:Display:   GPUIndex: -1.$
[2014.10.10-03.42.16:840][379]LogSynthBenchmark:Display: 
[2014.10.10-03.42.16:840][379]LogSynthBenchmark:Display:          ... Total Time: 0.054415 sec
[2014.10.10-03.43.12:947][698]LightingResults: New page: Lighting Build
[2014.10.10-03.43.12:948][698]Cmd: MODE PLACEMENT
[2014.10.10-03.43.12:965][698]LoadErrors: New page: Loading map: Three.umap
[2014.10.10-03.43.12:967][698]MapCheck: New page: Map Check
[2014.10.10-03.43.12:967][698]LightingResults: New page: Lighting Build
[2014.10.10-03.43.12:999][698]LogParticles: Destroying 0 GPU particle simulations for FXSystem 0x000000001788FB00
[2014.10.10-03.43.36:329][698]LogMaterial:Warning: Material /Game/Materials/Objects/lambert1.lambert1 needed to have new flag set bUsedWithStaticLighting !
[2014.10.10-03.43.36:376][698]LogMaterial: Missing cached shader map for material lambert1, compiling.
[2014.10.10-03.43.36:379][698]LogMaterial: 0.000115 seconds spent updating 1 materials, 1 interfaces, 0 instances, 0 with static permutations.
[2014.10.10-03.43.36:379][698]LogMaterial:Warning: Material /Game/Materials/Objects/blinn1.blinn1 needed to have new flag set bUsedWithStaticLighting !
[2014.10.10-03.43.36:429][698]LogMaterial: Missing cached shader map for material blinn1, compiling.
[2014.10.10-03.43.36:432][698]LogMaterial: 0.000109 seconds spent updating 1 materials, 1 interfaces, 0 instances, 0 with static permutations.
[2014.10.10-03.43.36:432][698]LogMaterial:Warning: Material /Game/Materials/Objects/blinn2.blinn2 needed to have new flag set bUsedWithStaticLighting !
[2014.10.10-03.43.36:608][698]LogMaterial: Missing cached shader map for material blinn2, compiling.
[2014.10.10-03.43.36:611][698]LogMaterial: 0.000125 seconds spent updating 1 materials, 1 interfaces, 0 instances, 0 with static permutations.
[2014.10.10-03.43.36:627][698]LogEditorServer: Finished looking for orphan Actors (0.000 secs)
[2014.10.10-03.43.36:650][698]Cmd: MAP CHECKDEP
[2014.10.10-03.43.36:650][698]MapCheck: New page: Three - Oct 9, 2014, 7:43:36 PM
[2014.10.10-03.43.36:776][698]MapCheck: Info ========== Map Check: 0 Error(s), 0 Warning(s), [125.794ms] ==========
[2014.10.10-03.43.36:776][698]LogFileHelpers: Loading map 'Three' took 23.829
[2014.10.10-03.43.37:040][699]Cmd: UpdateLandscapeEditorData -warnings
[2014.10.10-03.43.37:041][699]Cmd: UpdateLandscapeEditorData
[2014.10.10-03.44.05:180][691]Cmd: DELETE
[2014.10.10-03.44.05:180][691]Cmd: ACTOR DELETE
[2014.10.10-03.44.05:196][691]LogEditorActor: Deleted Actor: Brush
[2014.10.10-03.44.11:270][691]LogEditorActor: Deleted 1 Actors (6.091 secs)
[2014.10.10-03.44.18:291][691]LogInstancedFoliage: Map Rebuilt - Update all BSP painted foliage!
[2014.10.10-03.44.18:526][692]Cmd: UpdateLandscapeEditorData
[2014.10.10-03.45.32:732][ 99]LogInstancedFoliage: Map Rebuilt - Update all BSP painted foliage!
[2014.10.10-03.45.33:165][100]Cmd: UpdateLandscapeEditorData
[2014.10.10-03.45.55:556][907]Cmd: DELETE
[2014.10.10-03.45.55:556][907]Cmd: ACTOR DELETE
[2014.10.10-03.45.57:824][907]LogEditorActor: Deleted Actor: Brush
[2014.10.10-03.45.57:825][907]LogEditorActor: Deleted Actor: Brush
[2014.10.10-03.45.57:848][907]LogEditorActor: Deleted Actor: Brush
[2014.10.10-03.45.57:850][907]LogEditorActor: Deleted Actor: Brush
[2014.10.10-03.45.57:851][907]LogEditorActor: Deleted Actor: Brush
[2014.10.10-03.45.57:852][907]LogEditorActor: Deleted Actor: Brush
[2014.10.10-03.45.57:854][907]LogEditorActor: Deleted Actor: Brush
[2014.10.10-03.45.57:855][907]LogEditorActor: Deleted Actor: Brush
[2014.10.10-03.45.57:857][907]LogEditorActor: Deleted Actor: Brush
[2014.10.10-03.45.57:858][907]LogEditorActor: Deleted Actor: Brush
[2014.10.10-03.45.57:860][907]LogEditorActor: Deleted Actor: Brush
[2014.10.10-03.45.57:861][907]LogEditorActor: Deleted Actor: Brush
[2014.10.10-03.45.57:862][907]LogEditorActor: Deleted Actor: Brush
[2014.10.10-03.45.57:864][907]LogEditorActor: Deleted Actor: Brush
[2014.10.10-03.45.57:865][907]LogEditorActor: Deleted Actor: Brush
[2014.10.10-03.45.57:867][907]LogEditorActor: Deleted Actor: Brush
[2014.10.10-03.45.57:868][907]LogEditorActor: Deleted Actor: Brush
[2014.10.10-03.45.57:869][907]LogEditorActor: Deleted Actor: Brush
[2014.10.10-03.45.57:871][907]LogEditorActor: Deleted Actor: Brush
[2014.10.10-03.45.57:872][907]LogEditorActor: Deleted Actor: Brush
[2014.10.10-03.45.57:873][907]LogEditorActor: Deleted Actor: Brush