Log file open, 09/22/14 21:25:19
LogInit:Display: Running engine for game: MyProject2
LogInit: Version: 4.2.1-2101290+++depot+UE4-Releases+4.2
LogInit: Compiled (64-bit): Jun 10 2014 22:21:56
LogInit: Build Configuration: Development
LogInit: Branch Name: ++depot+UE4-Releases+4.2
LogInit: Command line: 
LogInit: Base directory: E:/Unreal Engine/4.2/Engine/Binaries/Win64/
LogInit: Rocket: 1
[2014.09.23-01.25.19:800][  0]LogTaskGraph: Started task graph with 3 named threads and 4 total threads.
[2014.09.23-01.25.19:826][  0]LogOnline:Warning: No default platform service specified for OnlineSubsystem
[2014.09.23-01.25.19:830][  0]LogInit: Presizing for 0 objects not considered by GC, pre-allocating 0 bytes.
[2014.09.23-01.25.19:834][  0]LogInit: Object subsystem initialized
[2014.09.23-01.25.19:835][  0]LogInit: Selected Device Profile: [Windows]
[2014.09.23-01.25.19:835][  0]LogInit: Applying CVar settings loaded from the selected device profile: [Windows]
[2014.09.23-01.25.19:837][  0]LogInit: Computer: DUB-PC
[2014.09.23-01.25.19:837][  0]LogInit: User: dub
[2014.09.23-01.25.19:838][  0]LogInit: CPU Page size=4096, Cores=4
[2014.09.23-01.25.19:838][  0]LogInit: High frequency timer resolution =3.417972 MHz
[2014.09.23-01.25.19:838][  0]LogMemory: Memory total: Physical=7.9GB (8GB approx) Virtual=131072.0GB
[2014.09.23-01.25.19:838][  0]LogMemory: Platform Memory Stats for Windows
[2014.09.23-01.25.19:838][  0]LogMemory: Process Physical Memory: 53.10 MB used, 53.10 MB peak
[2014.09.23-01.25.19:838][  0]LogMemory: Process Virtual Memory: 29.55 MB used, 29.55 MB peak
[2014.09.23-01.25.19:838][  0]LogMemory: Physical Memory: 2703.55 MB used, 8135.93 MB total
[2014.09.23-01.25.19:838][  0]LogMemory: Virtual Memory: 246.48 MB used, 134217728.00 MB total
[2014.09.23-01.25.19:869][  0]LogD3D11RHI: Found D3D11 adapter 0: NVIDIA GeForce GTX 670 (Feature Level 11_0)
[2014.09.23-01.25.19:869][  0]LogD3D11RHI: Adapter has 4011MB of dedicated video memory, 0MB of dedicated system memory, and 4067MB of shared system memory, 1 output[s]
[2014.09.23-01.25.19:870][  0]LogD3D11RHI: Found D3D11 adapter 1: Microsoft Basic Render Driver (Feature Level 11_0)
[2014.09.23-01.25.19:870][  0]LogD3D11RHI: Adapter has 0MB of dedicated video memory, 0MB of dedicated system memory, and 256MB of shared system memory, 0 output[s]
[2014.09.23-01.25.19:870][  0]LogD3D11RHI: Chosen D3D11 Adapter Id = 0
[2014.09.23-01.25.19:873][  0]LogRHI: Texture pool is 1361 MB (70% of 1945 MB)
[2014.09.23-01.25.19:878][  0]LogD3D11RHI: Async texture creation enabled
[2014.09.23-01.25.19:957][  0]LogContentStreaming: Texture pool size is 0.000000MB
[2014.09.23-01.25.20:526][  0]LogTargetPlatformManager:Display: Building Assets For Windows
[2014.09.23-01.25.20:611][  0]LogTargetPlatformManager:Display: Building Assets For Windows
[2014.09.23-01.25.20:629][  0]LogDerivedDataCache:Display: Max Cache Size: 512 MB
[2014.09.23-01.25.20:659][  0]LogDerivedDataCache: Loaded boot cache 0.03s 39MB C:/Users/dub/AppData/Local/UnrealEngine/4.2/DerivedDataCache/Boot.ddc.
[2014.09.23-01.25.20:659][  0]LogDerivedDataCache:Display: Loaded Boot cache: C:/Users/dub/AppData/Local/UnrealEngine/4.2/DerivedDataCache/Boot.ddc
[2014.09.23-01.25.20:659][  0]LogDerivedDataCache: FDerivedDataBackendGraph:  Pak pak cache file C:/Users/dub/Desktop/Space_Vines_Local/Space_Vines/Link-Object_prototype/DerivedDataCache/DDC.ddp not found, will not use a pak cache.
[2014.09.23-01.25.20:659][  0]LogDerivedDataCache: Unable to find inner node Pak for hierarchical cache Hierarchy.
[2014.09.23-01.25.20:666][  0]LogDerivedDataCache:Display: Pak cache opened for reading ../../../Engine/DerivedDataCache/DDC.ddp.
[2014.09.23-01.25.20:677][  0]LogDerivedDataCache: Using Local data cache path C:/Users/dub/AppData/Local/UnrealEngine/4.2/DerivedDataCache: Writable
[2014.09.23-01.25.20:811][  0]LogMeshUtilities: No automatic mesh reduction module available
[2014.09.23-01.25.20:811][  0]LogMeshUtilities: No automatic mesh merging module available
[2014.09.23-01.25.21:038][  0]LogInit: WinSock: version 1.1 (2.2), MaxSocks=32767, MaxUdp=65467
[2014.09.23-01.25.21:302][  0]LogStreaming:Warning: Failed to read file '../../../Engine/Content/Editor/Slate/Icons/ActorIcons/GroupActor_16x.png' error.
[2014.09.23-01.25.21:302][  0]LogSlate: Could not find file for Slate resource: ../../../Engine/Content/Editor/Slate/Icons/ActorIcons/GroupActor_16x.png
[2014.09.23-01.25.21:304][  0]LogStreaming:Warning: Failed to read file '../../../Engine/Content/Editor/Slate/Icons/ActorIcons/DecalActor_16x.png' error.
[2014.09.23-01.25.21:304][  0]LogSlate: Could not find file for Slate resource: ../../../Engine/Content/Editor/Slate/Icons/ActorIcons/DecalActor_16x.png
[2014.09.23-01.25.21:494][  0]UdpMessaging: Initializing bridge on interface 0.0.0.0:0 to multicast group 230.0.0.1:6666.
[2014.09.23-01.25.21:589][  0]SourceControl: Info Source control is disabled
[2014.09.23-01.25.21:589][  0]SourceControl: Info Source control is disabled
[2014.09.23-01.25.21:592][  0]SourceControl: Info Source control is disabled
[2014.09.23-01.25.21:690][  0]BlueprintLog: New page: Editor Load
[2014.09.23-01.25.21:754][  0]LogObj: 19137 objects as part of root set at end of initial load.
[2014.09.23-01.25.21:754][  0]LogUObjectAllocator: 3804776 out of 0 bytes used by permanent object pool.
[2014.09.23-01.25.21:913][  0]LogEngine: Initializing Engine...
[2014.09.23-01.25.21:988][  0]LogInit: XAudio2 using 'Speakers (3- Plantronics GameCom 780)' : 6 channels at 44.1 kHz using 16 bits per sample (channel mask 0x60f)
[2014.09.23-01.25.21:994][  0]LogInit: FAudioDevice initialized.
[2014.09.23-01.25.22:012][  0]LogDerivedDataCache: Saved boot cache 0.02s 39MB C:/Users/dub/AppData/Local/UnrealEngine/4.2/DerivedDataCache/Boot.ddc.
[2014.09.23-01.25.22:014][  0]LogInit: Texture streaming: Enabled
[2014.09.23-01.25.22:044][  0]LogInit: Transaction tracking system initialized
[2014.09.23-01.25.22:163][  0]LogAssetRegistry: FAssetRegistry took 0.0105 seconds to start up
[2014.09.23-01.25.22:350][  0]LogModuleManager:Warning: ModuleManager: Unable to load module '' because the file was not found.
[2014.09.23-01.25.22:353][  0]LogModuleManager:Warning: ModuleManager: Unable to load module '' because the file was not found.
[2014.09.23-01.25.22:406][  0]LogConsoleResponse:Display: 
[2014.09.23-01.25.22:569][  0]SourceControl: Info Source control is disabled
[2014.09.23-01.25.22:569][  0]Cmd: MAP LOAD FILE="C:/Users/dub/Desktop/Space_Vines_Local/Space_Vines/Link-Object_prototype/Content/Maps/GameLevels/Two.umap" TEMPLATE=0 SHOWPROGRESS=1 WORLDCOMPOSITION=0
[2014.09.23-01.25.22:569][  0]LightingResults: New page: Lighting Build
[2014.09.23-01.25.22:573][  0]MapCheck: New page: Map Check
[2014.09.23-01.25.22:573][  0]LightingResults: New page: Lighting Build
[2014.09.23-01.25.22:581][  0]LogParticles: Destroying 0 GPU particle simulations for FXSystem 0x0000000402549580
[2014.09.23-01.25.22:744][  0]LogMaterial:Warning: Material /Game/lore.lore needed to have new flag set bUsedWithStaticLighting !
[2014.09.23-01.25.22:749][  0]LogMaterial: Missing cached shader map for material lore, compiling.
[2014.09.23-01.25.22:755][  0]LogMaterial: 0.000070 seconds spent updating 1 materials, 1 interfaces, 0 instances, 0 with static permutations.
[2014.09.23-01.25.22:777][  0]LogEditorServer: Finished looking for orphan Actors (0.000 secs)
[2014.09.23-01.25.22:778][  0]Cmd: MAP CHECKDEP
[2014.09.23-01.25.22:778][  0]MapCheck: New page: Two - Sep 22, 2014, 5:25:22 PM
[2014.09.23-01.25.22:803][  0]MapCheck: Info ========== Map Check: 0 Error(s), 0 Warning(s), [24.909ms] ==========
[2014.09.23-01.25.22:803][  0]LogFileHelpers: Loading map 'Two' took 0.235
[2014.09.23-01.25.22:883][  0]LogCollectionManager: Loaded 0 collections in 0.001063 seconds
[2014.09.23-01.25.22:979][  0]LogCrashTracker: Crashtracker disabled due to settings.
[2014.09.23-01.25.22:980][  0]Cmd: MODE PLACEMENT
[2014.09.23-01.25.23:015][  0]LogLoad: Full Startup: 3.62 seconds (BP compile: 0.03 seconds)
[2014.09.23-01.25.23:026][  0]LogContentBrowser:Verbose: The content browser source was changed by the sources view to '/Game/Materials'
[2014.09.23-01.25.23:142][  0]LogRenderer:Warning: Reallocating scene render targets to support 1136x912.
[2014.09.23-01.25.23:254][  1]LogEpicStorage:Warning: EnumerateFiles request failed. Invalid response. code=403 error=<?xml version="1.0" encoding="UTF-8"?>
<Error><Code>AccessDenied</Code><Message>Access Denied</Message><RequestId>93FBFEBAF634CB09</RequestId><HostId>VlHIJGc7I00IYv0vOLYmZAREI5K2lfitNzNmUMKSL6H6JRz1iB0squqHn5RyM1tQ</HostId></Error>
[2014.09.23-01.25.23:265][  1]LogAssetRegistry: Asset discovery search completed in 1.1130 seconds
[2014.09.23-01.25.23:297][  2]LogEpicSurvey:Warning: EnumerateFiles request failed. Invalid response. code=403 error=<?xml version="1.0" encoding="UTF-8"?>
<Error><Code>AccessDenied</Code><Message>Access Denied</Message><RequestId>E8A185F766B4482D</RequestId><HostId>Excl8INvpmGeWpD72RP/ynq6YYT44dluO/NJOoeAx8XQFdz90FLXNkiRWzV2ftvk</HostId></Error>
[2014.09.23-01.25.23:312][  3]LogEpicStorage:Warning: EnumerateFiles request failed. Invalid response. code=403 error=<?xml version="1.0" encoding="UTF-8"?>
<Error><Code>AccessDenied</Code><Message>Access Denied</Message><RequestId>B9D65EC6346EAEF2</RequestId><HostId>w2q7rw03O5USNWyQlOweJkPOIVkoYaD+O42b8XXNzc+cESlpJ7bLZYHL0voukHuV</HostId></Error>
[2014.09.23-01.25.23:324][  4]LogEpicSurvey:Warning: EnumerateFiles request failed. Invalid response. code=403 error=<?xml version="1.0" encoding="UTF-8"?>
<Error><Code>AccessDenied</Code><Message>Access Denied</Message><RequestId>D7067253D8F94F18</RequestId><HostId>vCxdMsoTYDrAzfbI2YF73OVNz7U/rGC3fgTXrio7t5icpNyHiuEf6pErqYoJGRxQ</HostId></Error>
[2014.09.23-01.25.23:358][  7]LogEpicStorage:Warning: ReadFile request failed. File request already pending for filename=http://cdn.unrealengine.com/newsfeed/blueprint_icon_b.png
[2014.09.23-01.25.23:359][  7]LogEpicStorage:Warning: ReadFile request failed. File request already pending for filename=http://cdn.unrealengine.com/newsfeed/blueprint_icon_b.png
[2014.09.23-01.25.29:309][486]Cmd: MAP LOAD FILE="C:/Users/dub/Desktop/Space_Vines_Local/Space_Vines/Link-Object_prototype/Content/Maps/GameLevels/Four.umap" TEMPLATE=0 SHOWPROGRESS=1 WORLDCOMPOSITION=0
[2014.09.23-01.25.29:309][486]LightingResults: New page: Lighting Build
[2014.09.23-01.25.29:310][486]Cmd: MODE PLACEMENT
[2014.09.23-01.25.29:318][486]LoadErrors: New page: Loading map: Four.umap
[2014.09.23-01.25.29:319][486]MapCheck: New page: Map Check
[2014.09.23-01.25.29:319][486]LightingResults: New page: Lighting Build
[2014.09.23-01.25.29:336][486]LogParticles: Destroying 0 GPU particle simulations for FXSystem 0x000000047AF03C40
[2014.09.23-01.25.29:386][486]LogLinker:Warning: Asset 'C:/Users/dub/Desktop/Space_Vines_Local/Space_Vines/Link-Object_prototype/Content/Props/SM_MatPreviewMesh_02.uasset' has been saved with empty engine version. The asset will be loaded but may be incompatible.
[2014.09.23-01.25.29:488][486]LogEditorServer: Finished looking for orphan Actors (0.000 secs)
[2014.09.23-01.25.29:494][486]Cmd: MAP CHECKDEP
[2014.09.23-01.25.29:494][486]MapCheck: New page: Four - Sep 22, 2014, 5:25:29 PM
[2014.09.23-01.25.29:520][486]MapCheck: Info ========== Map Check: 0 Error(s), 0 Warning(s), [25.678ms] ==========
[2014.09.23-01.25.29:520][486]LogFileHelpers: Loading map 'Four' took 0.210
[2014.09.23-01.26.39:082][823]Cmd: ACTOR SELECT ALL
[2014.09.23-01.26.47:058][386]LogActor:Warning: WARNING: EditorApplyTranslation InstancedFoliageActor_0 has no root component
[2014.09.23-01.26.47:729][434]LogActor:Warning: WARNING: EditorApplyTranslation InstancedFoliageActor_0 has no root component
[2014.09.23-01.26.47:733][434]LogActor:Warning: WARNING: EditorApplyTranslation InstancedFoliageActor_0 has no root component
[2014.09.23-01.26.47:964][450]LogActor:Warning: WARNING: EditorApplyTranslation InstancedFoliageActor_0 has no root component
[2014.09.23-01.26.48:727][505]LogActor:Warning: WARNING: EditorApplyTranslation InstancedFoliageActor_0 has no root component
[2014.09.23-01.26.49:842][585]LogActor:Warning: WARNING: EditorApplyTranslation InstancedFoliageActor_0 has no root component
[2014.09.23-01.26.51:144][626]LogInstancedFoliage: Map Rebuilt - Update all BSP painted foliage!
[2014.09.23-01.26.51:172][626]LogNavigationPoint: PostEditMove Clear paths rebuilt
[2014.09.23-01.26.52:095][732]LogEditorViewport: Clicking on Actor (LMB): StaticMeshActor (Model_SkySphere_2)
[2014.09.23-01.28.01:834][ 67]Cmd: ACTOR SELECT ALL
[2014.09.23-01.28.16:660][188]LogActor:Warning: WARNING: EditorApplyTranslation InstancedFoliageActor_0 has no root component
[2014.09.23-01.28.16:708][191]LogActor:Warning: WARNING: EditorApplyTranslation InstancedFoliageActor_0 has no root component
[2014.09.23-01.28.21:098][462]LogInstancedFoliage: Map Rebuilt - Update all BSP painted foliage!
[2014.09.23-01.28.21:128][462]LogNavigationPoint: PostEditMove Clear paths rebuilt
[2014.09.23-01.28.26:019][ 46]LogActor:Warning: WARNING: EditorApplyTranslation InstancedFoliageActor_0 has no root component
[2014.09.23-01.28.26:215][ 69]LogActor:Warning: WARNING: EditorApplyTranslation InstancedFoliageActor_0 has no root component
[2014.09.23-01.28.27:268][195]LogActor:Warning: WARNING: EditorApplyTranslation InstancedFoliageActor_0 has no root component
[2014.09.23-01.28.29:792][403]LogInstancedFoliage: Map Rebuilt - Update all BSP painted foliage!
[2014.09.23-01.28.29:821][403]LogNavigationPoint: PostEditMove Clear paths rebuilt
[2014.09.23-01.28.30:782][515]LogEditorViewport: Clicking on Actor (LMB): StaticMeshActor (Model_SkySphere_2)
[2014.09.23-01.28.40:511][678]Cmd: ACTOR SELECT ALL
[2014.09.23-01.29.14:369][744]LogEditorViewport: Clicking on Actor (LMB): StaticMeshActor (Model_SkySphere_2)
[2014.09.23-01.29.19:765][379]LogEditorViewport: Clicking on Actor (LMB): TriggerVolume (ResetTrigger)
[2014.09.23-01.30.23:347][  1]Cmd: ACTOR SELECT ALL
[2014.09.23-01.30.32:253][687]LogEditorViewport: Clicking on Actor (LMB): StaticMeshActor (Model_SkySphere_2)
[2014.09.23-01.33.48:241][950]LogSavePackage: Save=93.200584ms
[2014.09.23-01.33.48:241][950]LogSavePackage: Moving 'C:/Users/dub/Desktop/Space_Vines_Local/Space_Vines/Link-Object_prototype/Saved/Four09C2153344F61C0DC7CCC29B73D5F4D6.tmp' to 'C:/Users/dub/Desktop/Space_Vines_Local/Space_Vines/Link-Object_prototype/Content/Maps/GameLevels/Four.umap'
[2014.09.23-01.33.48:268][950]LogFileHelpers: Saving map 'Four' took 0.181
[2014.09.23-01.33.48:538][951]Cmd: QUIT_EDITOR
[2014.09.23-01.33.48:567][951]LogWindowsTextInputMethodSystem:Error: Terminating failed while unadvising the language notification sink from the TSF source.
[2014.09.23-01.33.48:568][951]LogExit: Preparing to exit.
[2014.09.23-01.33.48:989][951]LogActorComponent: UnregisterComponent: (None.None) Not registered. Aborting.
[2014.09.23-01.33.48:989][951]LogActorComponent: UnregisterComponent: (None.None) Not registered. Aborting.
[2014.09.23-01.33.48:989][951]LogActorComponent: UnregisterComponent: (None.None) Not registered. Aborting.
[2014.09.23-01.33.48:989][951]LogActorComponent: UnregisterComponent: (None.None) Not registered. Aborting.
[2014.09.23-01.33.48:989][951]LogActorComponent: UnregisterComponent: (None.None) Not registered. Aborting.
[2014.09.23-01.33.48:989][951]LogActorComponent: UnregisterComponent: (None.None) Not registered. Aborting.
[2014.09.23-01.33.48:994][951]LogExit: Editor shut down
[2014.09.23-01.33.48:994][951]LogExit: Transaction tracking system shut down
[2014.09.23-01.33.48:995][951]LogParticles: Destroying 0 GPU particle simulations for FXSystem 0x000000047B3A3C40
[2014.09.23-01.33.48:995][951]LogParticles: Destroying 0 GPU particle simulations for FXSystem 0x0000000479D8F600
[2014.09.23-01.33.48:995][951]LogParticles: Destroying 0 GPU particle simulations for FXSystem 0x00000004087A3F60
[2014.09.23-01.33.49:010][951]LogExit: Object subsystem successfully closed.
[2014.09.23-01.33.49:025][951]LogModuleManager: Shutting down and abandoning module DesktopPlatform (164)
[2014.09.23-01.33.49:025][951]LogModuleManager: Shutting down and abandoning module AndroidDeviceDetection (163)
[2014.09.23-01.33.49:025][951]LogModuleManager: Shutting down and abandoning module CrashTracker (162)
[2014.09.23-01.33.49:025][951]LogModuleManager: Shutting down and abandoning module HTTP (161)
[2014.09.23-01.33.49:025][951]LogModuleManager: Shutting down and abandoning module NewsFeed (160)
[2014.09.23-01.33.49:025][951]LogModuleManager: Shutting down and abandoning module SceneOutliner (159)
[2014.09.23-01.33.49:025][951]LogModuleManager: Shutting down and abandoning module EditorWidgets (158)
[2014.09.23-01.33.49:025][951]LogModuleManager: Shutting down and abandoning module CollectionManager (157)
[2014.09.23-01.33.49:025][951]LogModuleManager: Shutting down and abandoning module StatsViewer (156)
[2014.09.23-01.33.49:025][951]LogModuleManager: Shutting down and abandoning module FoliageEdit (155)
[2014.09.23-01.33.49:025][951]LogModuleManager: Shutting down and abandoning module LandscapeEditor (154)
[2014.09.23-01.33.49:028][951]LogModuleManager: Shutting down and abandoning module MeshPaint (153)
[2014.09.23-01.33.49:028][951]LogModuleManager: Shutting down and abandoning module ActorPickerMode (152)
[2014.09.23-01.33.49:028][951]LogModuleManager: Shutting down and abandoning module GeometryMode (151)
[2014.09.23-01.33.49:028][951]LogModuleManager: Shutting down and abandoning module TextureAlignMode (150)
[2014.09.23-01.33.49:028][951]LogModuleManager: Shutting down and abandoning module BspMode (149)
[2014.09.23-01.33.49:028][951]LogModuleManager: Shutting down and abandoning module PlacementMode (148)
[2014.09.23-01.33.49:028][951]LogModuleManager: Shutting down and abandoning module AutomationWorker (147)
[2014.09.23-01.33.49:028][951]LogModuleManager: Shutting down and abandoning module ViewportSnapping (146)
[2014.09.23-01.33.49:028][951]LogModuleManager: Shutting down and abandoning module DeviceProfileEditor (145)
[2014.09.23-01.33.49:028][951]LogModuleManager: Shutting down and abandoning module UndoHistory (144)
[2014.09.23-01.33.49:028][951]LogModuleManager: Shutting down and abandoning module GameplayTagsEditor (143)
[2014.09.23-01.33.49:028][951]LogModuleManager: Shutting down and abandoning module UserFeedback (142)
[2014.09.23-01.33.49:028][951]LogModuleManager: Shutting down and abandoning module XmlParser (141)
[2014.09.23-01.33.49:028][951]LogModuleManager: Shutting down and abandoning module Blutility (140)
[2014.09.23-01.33.49:028][951]LogModuleManager: Shutting down and abandoning module AndroidPlatformEditor (137)
[2014.09.23-01.33.49:028][951]LogModuleManager: Shutting down and abandoning module AndroidRuntimeSettings (136)
[2014.09.23-01.33.49:028][951]LogModuleManager: Shutting down and abandoning module ProjectSettingsViewer (135)
[2014.09.23-01.33.49:028][951]LogModuleManager: Shutting down and abandoning module InputBindingEditor (134)
[2014.09.23-01.33.49:028][951]LogModuleManager: Shutting down and abandoning module EditorSettingsViewer (133)
[2014.09.23-01.33.49:028][951]LogModuleManager: Shutting down and abandoning module SettingsEditor (132)
[2014.09.23-01.33.49:028][951]LogModuleManager: Shutting down and abandoning module SessionLauncher (131)
[2014.09.23-01.33.49:028][951]LogModuleManager: Shutting down and abandoning module SessionFrontend (130)
[2014.09.23-01.33.49:028][951]LogModuleManager: Shutting down and abandoning module ProfilerClient (129)
[2014.09.23-01.33.49:028][951]LogModuleManager: Shutting down and abandoning module TargetDeviceServices (128)
[2014.09.23-01.33.49:028][951]LogModuleManager: Shutting down and abandoning module DeviceManager (127)
[2014.09.23-01.33.49:028][951]LogModuleManager: Shutting down and abandoning module AutomationController (126)
[2014.09.23-01.33.49:028][951]LogModuleManager: Shutting down and abandoning module AutomationWindow (125)
[2014.09.23-01.33.49:028][951]LogModuleManager: Shutting down and abandoning module Layers (124)
[2014.09.23-01.33.49:028][951]LogModuleManager: Shutting down and abandoning module ComponentVisualizers (123)
[2014.09.23-01.33.49:028][951]LogModuleManager: Shutting down and abandoning module DetailCustomizations (122)
[2014.09.23-01.33.49:028][951]LogModuleManager: Shutting down and abandoning module PackagesDialog (121)
[2014.09.23-01.33.49:028][951]LogModuleManager: Shutting down and abandoning module PropertyEditor (120)
[2014.09.23-01.33.49:028][951]LogModuleManager: Shutting down and abandoning module DirectoryWatcher (119)
[2014.09.23-01.33.49:029][951]LogModuleManager: Shutting down and abandoning module AssetRegistry (118)
[2014.09.23-01.33.49:073][951]LogModuleManager: Shutting down and abandoning module Persona (117)
[2014.09.23-01.33.49:073][951]LogModuleManager: Shutting down and abandoning module GraphEditor (116)
[2014.09.23-01.33.49:073][951]LogModuleManager: Shutting down and abandoning module ContentBrowser (115)
[2014.09.23-01.33.49:073][951]LogModuleManager: Shutting down and abandoning module ClassViewer (114)
[2014.09.23-01.33.49:073][951]LogModuleManager: Shutting down and abandoning module Toolbox (113)
[2014.09.23-01.33.49:073][951]LogModuleManager: Shutting down and abandoning module ModuleUI (112)
[2014.09.23-01.33.49:073][951]LogModuleManager: Shutting down and abandoning module Sequencer (111)
[2014.09.23-01.33.49:073][951]LogModuleManager: Shutting down and abandoning module AssetTools (110)
[2014.09.23-01.33.49:073][951]LogModuleManager: Shutting down and abandoning module MovieSceneTools (109)
[2014.09.23-01.33.49:073][951]LogModuleManager: Shutting down and abandoning module OutputLog (108)
[2014.09.23-01.33.49:073][951]LogModuleManager: Shutting down and abandoning module GammaUI (107)
[2014.09.23-01.33.49:073][951]LogModuleManager: Shutting down and abandoning module Documentation (106)
[2014.09.23-01.33.49:073][951]LogModuleManager: Shutting down and abandoning module StreamingPauseRendering (105)
[2014.09.23-01.33.49:073][951]LogModuleManager: Shutting down and abandoning module AnalyticsET (104)
[2014.09.23-01.33.49:073][951]LogModuleManager: Shutting down and abandoning module Analytics (103)
[2014.09.23-01.33.49:073][951]LogModuleManager: Shutting down and abandoning module ProfilerService (102)
[2014.09.23-01.33.49:275][951]LogModuleManager: Shutting down and abandoning module TaskGraph (101)
[2014.09.23-01.33.49:275][951]LogModuleManager: Shutting down and abandoning module GameProjectGeneration (100)
[2014.09.23-01.33.49:275][951]LogModuleManager: Shutting down and abandoning module Matinee (99)
[2014.09.23-01.33.49:275][951]LogModuleManager: Shutting down and abandoning module Kismet (98)
[2014.09.23-01.33.49:275][951]LogModuleManager: Shutting down and abandoning module SlateReflector (97)
[2014.09.23-01.33.49:275][951]LogModuleManager: Shutting down and abandoning module LevelEditor (96)
[2014.09.23-01.33.49:275][951]LogModuleManager: Shutting down and abandoning module MainFrame (95)
[2014.09.23-01.33.49:275][951]LogModuleManager: Shutting down and abandoning module SourceControl (94)
[2014.09.23-01.33.49:275][951]LogModuleManager: Shutting down and abandoning module ImageWrapper (93)
[2014.09.23-01.33.49:275][951]LogModuleManager: Shutting down and abandoning module OnlineBlueprintSupport (92)
[2014.09.23-01.33.49:275][951]LogModuleManager: Shutting down and abandoning module FunctionalTesting (91)
[2014.09.23-01.33.49:276][951]LogModuleManager: Shutting down and abandoning module CollisionAnalyzer (90)
[2014.09.23-01.33.49:276][951]LogModuleManager: Shutting down and abandoning module WorkspaceMenuStructure (89)
[2014.09.23-01.33.49:276][951]LogModuleManager: Shutting down and abandoning module MessageLog (88)
[2014.09.23-01.33.49:276][951]LogModuleManager: Shutting down and abandoning module Slate (87)
[2014.09.23-01.33.49:276][951]LogModuleManager: Shutting down and abandoning module EditorStyle (86)
[2014.09.23-01.33.49:276][951]LogModuleManager: Shutting down and abandoning module SessionServices (85)
[2014.09.23-01.33.49:276][951]LogModuleManager: Shutting down and abandoning module Messaging (84)
[2014.09.23-01.33.49:276][951]LogModuleManager: Shutting down and abandoning module SourceCodeAccess (83)
[2014.09.23-01.33.49:276][951]LogModuleManager: Shutting down and abandoning module HeadMountedDisplay (82)
[2014.09.23-01.33.49:276][951]LogModuleManager: Shutting down and abandoning module XAudio2 (81)
[2014.09.23-01.33.49:277][951]LogModuleManager: Shutting down and abandoning module Networking (79)
[2014.09.23-01.33.49:277][951]LogModuleManager: Shutting down and abandoning module Core (78)
[2014.09.23-01.33.49:277][951]LogModuleManager: Shutting down and abandoning module KismetCompiler (77)
[2014.09.23-01.33.49:277][951]LogModuleManager: Shutting down and abandoning module PhysXFormats (76)
[2014.09.23-01.33.49:277][951]LogModuleManager: Shutting down and abandoning module SimplygonMeshReduction (75)
[2014.09.23-01.33.49:277][951]LogModuleManager: Shutting down and abandoning module MeshUtilities (74)
[2014.09.23-01.33.49:277][951]LogModuleManager: Shutting down and abandoning module DerivedDataCache (73)
[2014.09.23-01.33.49:305][951]LogDerivedDataCache: Shutdown
[2014.09.23-01.33.49:305][951]LogModuleManager: Shutting down and abandoning module ShaderFormatOpenGL (72)
[2014.09.23-01.33.49:305][951]LogModuleManager: Shutting down and abandoning module ShaderFormatD3D (71)
[2014.09.23-01.33.49:305][951]LogModuleManager: Shutting down and abandoning module TextureFormatUncompressed (70)
[2014.09.23-01.33.49:305][951]LogModuleManager: Shutting down and abandoning module TextureFormatPVR (69)
[2014.09.23-01.33.49:305][951]LogModuleManager: Shutting down and abandoning module TextureFormatDXT (68)
[2014.09.23-01.33.49:305][951]LogModuleManager: Shutting down and abandoning module TextureFormatAndroid (67)
[2014.09.23-01.33.49:305][951]LogModuleManager: Shutting down and abandoning module AudioFormatOpus (66)
[2014.09.23-01.33.49:305][951]LogModuleManager: Shutting down and abandoning module AudioFormatOgg (65)
[2014.09.23-01.33.49:305][951]LogModuleManager: Shutting down and abandoning module AudioFormatADPCM (64)
[2014.09.23-01.33.49:305][951]LogModuleManager: Shutting down and abandoning module Android_PVRTCTargetPlatform (63)
[2014.09.23-01.33.49:305][951]LogModuleManager: Shutting down and abandoning module Android_ETC2TargetPlatform (62)
[2014.09.23-01.33.49:305][951]LogModuleManager: Shutting down and abandoning module Android_ETC1TargetPlatform (61)
[2014.09.23-01.33.49:305][951]LogModuleManager: Shutting down and abandoning module Android_DXTTargetPlatform (60)
[2014.09.23-01.33.49:305][951]LogModuleManager: Shutting down and abandoning module Android_ATCTargetPlatform (59)
[2014.09.23-01.33.49:305][951]LogModuleManager: Shutting down and abandoning module AndroidTargetPlatform (58)
[2014.09.23-01.33.49:305][951]LogModuleManager: Shutting down and abandoning module WindowsTargetPlatform (57)
[2014.09.23-01.33.49:305][951]LogModuleManager: Shutting down and abandoning module WindowsServerTargetPlatform (56)
[2014.09.23-01.33.49:305][951]LogModuleManager: Shutting down and abandoning module WindowsNoEditorTargetPlatform (55)
[2014.09.23-01.33.49:305][951]LogModuleManager: Shutting down and abandoning module WindowsClientTargetPlatform (54)
[2014.09.23-01.33.49:305][951]LogModuleManager: Shutting down and abandoning module TargetPlatform (53)
[2014.09.23-01.33.49:305][951]LogModuleManager: Shutting down and abandoning module InputCore (52)
[2014.09.23-01.33.49:305][951]LogModuleManager: Shutting down and abandoning module Settings (51)
[2014.09.23-01.33.49:305][951]LogModuleManager: Shutting down and abandoning module TextureCompressor (48)
[2014.09.23-01.33.49:305][951]LogModuleManager: Shutting down and abandoning module ShaderCore (47)
[2014.09.23-01.33.49:305][951]LogModuleManager: Shutting down and abandoning module OpenGLDrv (46)
[2014.09.23-01.33.49:305][951]LogModuleManager: Shutting down and abandoning module D3D11RHI (45)
[2014.09.23-01.33.49:305][951]LogModuleManager: Shutting down and abandoning module SlateRHIRenderer (44)
[2014.09.23-01.33.49:305][951]LogModuleManager: Shutting down and abandoning module Renderer (43)
[2014.09.23-01.33.49:305][951]LogModuleManager: Shutting down and abandoning module Engine (42)
[2014.09.23-01.33.49:305][951]LogModuleManager: Shutting down and abandoning module SlateRemote (41)
[2014.09.23-01.33.49:305][951]LogModuleManager: Shutting down and abandoning module ScriptPlugin (40)
[2014.09.23-01.33.49:305][951]LogModuleManager: Shutting down and abandoning module ScriptEditorPlugin (38)
[2014.09.23-01.33.49:305][951]LogModuleManager: Shutting down and abandoning module WindowsMoviePlayer (37)
[2014.09.23-01.33.49:307][951]LogModuleManager: Shutting down and abandoning module ExampleDeviceProfileSelector (32)
[2014.09.23-01.33.49:307][951]LogModuleManager: Shutting down and abandoning module CustomMeshComponent (31)
[2014.09.23-01.33.49:307][951]LogModuleManager: Shutting down and abandoning module CableComponent (30)
[2014.09.23-01.33.49:307][951]LogModuleManager: Shutting down and abandoning module OculusRift (26)
[2014.09.23-01.33.49:307][951]LogModuleManager: Shutting down and abandoning module UdpMessaging (25)
[2014.09.23-01.33.49:408][951]LogModuleManager: Shutting down and abandoning module MessagingDebugger (24)
[2014.09.23-01.33.49:408][951]LogModuleManager: Shutting down and abandoning module PluginsEditor (14)
[2014.09.23-01.33.49:408][951]LogModuleManager: Shutting down and abandoning module IntroTutorials (13)
[2014.09.23-01.33.49:408][951]LogModuleManager: Shutting down and abandoning module EpicSurvey (12)
[2014.09.23-01.33.49:408][951]LogModuleManager: Shutting down and abandoning module VisualStudioSourceCodeAccess (10)
[2014.09.23-01.33.49:408][951]LogModuleManager: Shutting down and abandoning module UObjectPlugin (9)
[2014.09.23-01.33.49:408][951]LogModuleManager: Shutting down and abandoning module SubversionSourceControl (8)
[2014.09.23-01.33.49:408][951]LogModuleManager: Shutting down and abandoning module PerforceSourceControl (7)
[2014.09.23-01.33.49:408][951]LogModuleManager: Shutting down and abandoning module BlankPlugin (6)
[2014.09.23-01.33.49:408][951]LogModuleManager: Shutting down and abandoning module CoreUObject (5)
[2014.09.23-01.33.49:408][951]LogModuleManager: Shutting down and abandoning module NetworkFile (4)
[2014.09.23-01.33.49:408][951]LogModuleManager: Shutting down and abandoning module StreamingFile (3)
[2014.09.23-01.33.49:408][951]LogModuleManager: Shutting down and abandoning module SandboxFile (2)
[2014.09.23-01.33.49:408][951]LogModuleManager: Shutting down and abandoning module PakFile (1)
[2014.09.23-01.33.49:408][951]LogExit: Exiting.
[2014.09.23-01.33.49:410][951]Log file closed, 09/22/14 21:33:49
