Log file open, 10/20/14 20:39:35
LogInit:Display: Running engine for game: MyProject2
LogInit: Version: 4.2.1-2101290+++depot+UE4-Releases+4.2
LogInit: Compiled (64-bit): Jun 10 2014 22:21:56
LogInit: Build Configuration: Development
LogInit: Branch Name: ++depot+UE4-Releases+4.2
LogInit: Command line:  
LogInit: Base directory: C:/Program Files/Unreal Engine/4.2/Engine/Binaries/Win64/
LogInit: Rocket: 1
[2014.10.21-00.39.35:320][  0]LogTaskGraph: Started task graph with 3 named threads and 4 total threads.
[2014.10.21-00.39.35:361][  0]LogOnline:Warning: No default platform service specified for OnlineSubsystem
[2014.10.21-00.39.35:387][  0]LogInit: Presizing for 0 objects not considered by GC, pre-allocating 0 bytes.
[2014.10.21-00.39.35:403][  0]LogInit: Object subsystem initialized
[2014.10.21-00.39.35:407][  0]LogInit: Selected Device Profile: [Windows]
[2014.10.21-00.39.35:407][  0]LogInit: Applying CVar settings loaded from the selected device profile: [Windows]
[2014.10.21-00.39.35:420][  0]LogInit: Computer: ANDROMEDA-PC
[2014.10.21-00.39.35:420][  0]LogInit: User: Andromeda
[2014.10.21-00.39.35:422][  0]LogInit: CPU Page size=4096, Cores=3
[2014.10.21-00.39.35:422][  0]LogInit: High frequency timer resolution =3.418095 MHz
[2014.10.21-00.39.35:422][  0]LogMemory: Memory total: Physical=7.9GB (8GB approx) Virtual=8192.0GB
[2014.10.21-00.39.35:423][  0]LogMemory: Platform Memory Stats for Windows
[2014.10.21-00.39.35:423][  0]LogMemory: Process Physical Memory: 54.72 MB used, 54.72 MB peak
[2014.10.21-00.39.35:423][  0]LogMemory: Process Virtual Memory: 31.07 MB used, 31.34 MB peak
[2014.10.21-00.39.35:423][  0]LogMemory: Physical Memory: 2943.62 MB used, 8140.05 MB total
[2014.10.21-00.39.35:423][  0]LogMemory: Virtual Memory: 236.83 MB used, 8388608.00 MB total
[2014.10.21-00.39.35:474][  0]LogD3D11RHI: Found D3D11 adapter 0: AMD Radeon R7 200 Series (Feature Level 11_0)
[2014.10.21-00.39.35:474][  0]LogD3D11RHI: Adapter has 2028MB of dedicated video memory, 0MB of dedicated system memory, and 3814MB of shared system memory, 1 output[s]
[2014.10.21-00.39.35:474][  0]LogD3D11RHI: Chosen D3D11 Adapter Id = 0
[2014.10.21-00.39.35:486][  0]LogRHI: Texture pool is 1361 MB (70% of 1945 MB)
[2014.10.21-00.39.35:497][  0]LogD3D11RHI: Async texture creation disabled: no driver support
[2014.10.21-00.39.35:678][  0]LogContentStreaming: Texture pool size is 0.000000MB
[2014.10.21-00.39.37:994][  0]LogTargetPlatformManager:Display: Building Assets For Windows
[2014.10.21-00.39.38:430][  0]LogTargetPlatformManager:Display: Building Assets For Windows
[2014.10.21-00.39.38:573][  0]LogDerivedDataCache:Display: Max Cache Size: 512 MB
[2014.10.21-00.39.38:773][  0]LogDerivedDataCache: Loaded boot cache 0.20s 39MB C:/Users/Andromeda/AppData/Local/UnrealEngine/4.2/DerivedDataCache/Boot.ddc.
[2014.10.21-00.39.38:773][  0]LogDerivedDataCache:Display: Loaded Boot cache: C:/Users/Andromeda/AppData/Local/UnrealEngine/4.2/DerivedDataCache/Boot.ddc
[2014.10.21-00.39.38:773][  0]LogDerivedDataCache: FDerivedDataBackendGraph:  Pak pak cache file ../../../../../../Users/Andromeda/Documents/Space_Vines/Link-Object_prototype_withboxes/DerivedDataCache/DDC.ddp not found, will not use a pak cache.
[2014.10.21-00.39.38:773][  0]LogDerivedDataCache: Unable to find inner node Pak for hierarchical cache Hierarchy.
[2014.10.21-00.39.38:802][  0]LogDerivedDataCache:Display: Pak cache opened for reading ../../../Engine/DerivedDataCache/DDC.ddp.
[2014.10.21-00.39.38:817][  0]LogDerivedDataCache: Using Local data cache path C:/Users/Andromeda/AppData/Local/UnrealEngine/4.2/DerivedDataCache: Writable
[2014.10.21-00.39.39:481][  0]LogMeshUtilities: No automatic mesh reduction module available
[2014.10.21-00.39.39:481][  0]LogMeshUtilities: No automatic mesh merging module available
[2014.10.21-00.39.40:346][  0]LogInit: WinSock: version 1.1 (2.2), MaxSocks=32767, MaxUdp=65467
[2014.10.21-00.39.41:526][  0]LogStreaming:Warning: Failed to read file '../../../Engine/Content/Editor/Slate/Icons/ActorIcons/GroupActor_16x.png' error.
[2014.10.21-00.39.41:527][  0]LogSlate: Could not find file for Slate resource: ../../../Engine/Content/Editor/Slate/Icons/ActorIcons/GroupActor_16x.png
[2014.10.21-00.39.41:542][  0]LogStreaming:Warning: Failed to read file '../../../Engine/Content/Editor/Slate/Icons/ActorIcons/DecalActor_16x.png' error.
[2014.10.21-00.39.41:542][  0]LogSlate: Could not find file for Slate resource: ../../../Engine/Content/Editor/Slate/Icons/ActorIcons/DecalActor_16x.png
[2014.10.21-00.39.42:238][  0]UdpMessaging: Initializing bridge on interface 0.0.0.0:0 to multicast group 230.0.0.1:6666.
[2014.10.21-00.39.42:420][  0]SourceControl: Info Source control is disabled
[2014.10.21-00.39.42:420][  0]SourceControl: Info Source control is disabled
[2014.10.21-00.39.42:448][  0]SourceControl: Info Source control is disabled
[2014.10.21-00.39.42:781][  0]BlueprintLog: New page: Editor Load
[2014.10.21-00.39.42:918][  0]LogObj: 19137 objects as part of root set at end of initial load.
[2014.10.21-00.39.42:918][  0]LogUObjectAllocator: 3804776 out of 0 bytes used by permanent object pool.
[2014.10.21-00.39.43:594][  0]LogEngine: Initializing Engine...
[2014.10.21-00.39.43:912][  0]LogInit: XAudio2 using 'Speakers (Realtek High Definition Audio)' : 2 channels at 48 kHz using 32 bits per sample (channel mask 0x3)
[2014.10.21-00.39.43:947][  0]LogInit: FAudioDevice initialized.
[2014.10.21-00.39.44:028][  0]LogDerivedDataCache: Saved boot cache 0.08s 39MB C:/Users/Andromeda/AppData/Local/UnrealEngine/4.2/DerivedDataCache/Boot.ddc.
[2014.10.21-00.39.44:044][  0]LogInit: Texture streaming: Enabled
[2014.10.21-00.39.44:151][  0]LogInit: Transaction tracking system initialized
[2014.10.21-00.39.44:568][  0]LogAssetRegistry: FAssetRegistry took 0.0097 seconds to start up
[2014.10.21-00.39.45:162][  0]LogModuleManager:Warning: ModuleManager: Unable to load module '' because the file was not found.
[2014.10.21-00.39.45:182][  0]LogModuleManager:Warning: ModuleManager: Unable to load module '' because the file was not found.
[2014.10.21-00.39.45:333][  0]LogConsoleResponse:Display: 
[2014.10.21-00.39.45:951][  0]SourceControl: Info Source control is disabled
[2014.10.21-00.39.45:951][  0]Cmd: MAP LOAD FILE="../../../../../../Users/Andromeda/Documents/Space_Vines/Link-Object_prototype_withboxes/Content/Maps/GameLevels/Two.umap" TEMPLATE=0 SHOWPROGRESS=1 WORLDCOMPOSITION=0
[2014.10.21-00.39.45:952][  0]LightingResults: New page: Lighting Build
[2014.10.21-00.39.45:973][  0]MapCheck: New page: Map Check
[2014.10.21-00.39.45:973][  0]LightingResults: New page: Lighting Build
[2014.10.21-00.39.45:995][  0]LogParticles: Destroying 0 GPU particle simulations for FXSystem 0x0000000011571580
[2014.10.21-00.39.46:968][  0]LogMaterial:Warning: Material /Game/lore.lore needed to have new flag set bUsedWithStaticLighting !
[2014.10.21-00.39.47:136][  0]LogMaterial: Missing cached shader map for material lore, compiling.
[2014.10.21-00.39.47:167][  0]LogMaterial: 0.000254 seconds spent updating 1 materials, 1 interfaces, 0 instances, 0 with static permutations.
[2014.10.21-00.39.47:308][  0]LogEditorServer: Finished looking for orphan Actors (0.000 secs)
[2014.10.21-00.39.47:310][  0]Cmd: MAP CHECKDEP
[2014.10.21-00.39.47:310][  0]MapCheck: New page: Two - Oct 20, 2014, 4:39:47 PM
[2014.10.21-00.39.47:495][  0]MapCheck: Info ========== Map Check: 0 Error(s), 0 Warning(s), [184.484ms] ==========
[2014.10.21-00.39.47:495][  0]LogFileHelpers: Loading map 'Two' took 1.544
[2014.10.21-00.39.47:752][  0]LogCollectionManager: Loaded 0 collections in 0.002791 seconds
[2014.10.21-00.39.48:131][  0]LogCrashTracker: Crashtracker disabled due to settings.
[2014.10.21-00.39.48:132][  0]Cmd: MODE PLACEMENT
[2014.10.21-00.39.48:191][  0]LogLoad: Full Startup: 15.36 seconds (BP compile: 0.13 seconds)
[2014.10.21-00.39.48:217][  0]LogContentBrowser:Verbose: The content browser source was changed by the sources view to '/Game/Meshes/Objects'
[2014.10.21-00.39.48:363][  0]LogRenderer:Warning: Reallocating scene render targets to support 32x32.
[2014.10.21-00.39.48:545][  0]LogRenderer:Warning: Reallocating scene render targets to support 224x680.
[2014.10.21-00.39.48:610][  1]LogEpicStorage:Warning: EnumerateFiles request failed. Invalid response. code=403 error=<?xml version="1.0" encoding="UTF-8"?>
<Error><Code>AccessDenied</Code><Message>Access Denied</Message><RequestId>B1CFFBA97C70EC1E</RequestId><HostId>QAYCjww96stvsZ0FL1mUqt7tANrKXZClXtjQwWP9Nh0XYw0P3/XlfPE+DAW3T+IJN9nmUToqiVU=</HostId></Error>
[2014.10.21-00.39.48:653][  2]LogEpicSurvey:Warning: EnumerateFiles request failed. Invalid response. code=403 error=<?xml version="1.0" encoding="UTF-8"?>
<Error><Code>AccessDenied</Code><Message>Access Denied</Message><RequestId>978A08EC9BD8B4CE</RequestId><HostId>hIQMJXi+aJFGY1QHQL45aFH828zKj+fZg4A09QO5Th0YhfyESNOAtNf6pS6zBxlM</HostId></Error>
[2014.10.21-00.39.48:684][  3]LogEpicStorage:Warning: EnumerateFiles request failed. Invalid response. code=403 error=<?xml version="1.0" encoding="UTF-8"?>
<Error><Code>AccessDenied</Code><Message>Access Denied</Message><RequestId>6E4C350198F605A6</RequestId><HostId>pz1IpbT8zY2X7kj/wxfwEQ36leFL4fRwKyTDULRGbLPoe5qRDTif4SComlUKM1+S6MEhhMuo1Ag=</HostId></Error>
[2014.10.21-00.39.48:714][  4]LogEpicSurvey:Warning: EnumerateFiles request failed. Invalid response. code=403 error=<?xml version="1.0" encoding="UTF-8"?>
<Error><Code>AccessDenied</Code><Message>Access Denied</Message><RequestId>60D2D057B6A9A357</RequestId><HostId>PdhEF+vdjvbORZCts0nRw8Bgt9eCr5O71tneluFeRGTaEJWOnzw+gG3VhDU0ikp5</HostId></Error>
[2014.10.21-00.39.48:727][  4]LogAssetRegistry: Asset discovery search completed in 4.1689 seconds
[2014.10.21-00.39.48:842][  9]LogEpicStorage:Warning: ReadFile request failed. File request already pending for filename=http://cdn.unrealengine.com/newsfeed/blueprint_icon_b.png
[2014.10.21-00.39.48:844][  9]LogEpicStorage:Warning: ReadFile request failed. File request already pending for filename=http://cdn.unrealengine.com/newsfeed/blueprint_icon_b.png
[2014.10.21-00.41.05:648][203]Cmd: MAP LOAD FILE="../../../Engine/Content/Maps/Templates/Template_Default.umap" TEMPLATE=1 SHOWPROGRESS=1 WORLDCOMPOSITION=0
[2014.10.21-00.41.05:649][203]LightingResults: New page: Lighting Build
[2014.10.21-00.41.05:650][203]Cmd: MODE PLACEMENT
[2014.10.21-00.41.05:684][203]LoadErrors: New page: Loading map: Template_Default.umap
[2014.10.21-00.41.05:689][203]MapCheck: New page: Map Check
[2014.10.21-00.41.05:689][203]LightingResults: New page: Lighting Build
[2014.10.21-00.41.05:773][203]LogParticles: Destroying 0 GPU particle simulations for FXSystem 0x000000000BB4F740
[2014.10.21-00.41.05:844][203]LogEditorServer: Finished looking for orphan Actors (0.000 secs)
[2014.10.21-00.41.05:844][203]Cmd: MAP CHECKDEP
[2014.10.21-00.41.05:845][203]MapCheck: New page: Untitled_1 - Oct 20, 2014, 4:41:05 PM
[2014.10.21-00.41.06:078][203]MapCheck: Info ========== Map Check: 0 Error(s), 0 Warning(s), [232.616ms] ==========
[2014.10.21-00.41.06:078][203]LogFileHelpers: Loading map 'Template_Default' took 0.429
[2014.10.21-00.41.08:871][392]LogContentBrowser:Verbose: The content browser source was changed by the sources view to '/Game/Animations'
[2014.10.21-00.41.16:459][251]LogContentBrowser:Verbose: The content browser source was changed by the sources view to '/Game/Character'
[2014.10.21-00.42.03:678][513]LogFactory: FactoryCreateBinary: StaticMesh with FbxFactory (0 0 ../../../../../../Users/Andromeda/Documents/School/GDW Fall 2014/Animation_Land.fbx)
[2014.10.21-00.42.03:693][513]LogFbx: ItemName: GlobalSettings, ItemCount : 1
[2014.10.21-00.42.03:693][513]LogFbx: ItemName: AnimationStack, ItemCount : 1
[2014.10.21-00.42.03:693][513]LogFbx: ItemName: AnimationLayer, ItemCount : 1
[2014.10.21-00.42.03:693][513]LogFbx: ItemName: NodeAttribute, ItemCount : 58
[2014.10.21-00.42.03:694][513]LogFbx: ItemName: Model, ItemCount : 58
[2014.10.21-00.42.03:694][513]LogFbx: ItemName: AnimationCurveNode, ItemCount : 280
[2014.10.21-00.42.03:694][513]LogFbx: ItemName: AnimationCurve, ItemCount : 223
[2014.10.21-00.42.03:694][513]LogFbx: ItemName: Container, ItemCount : 1
[2014.10.21-00.42.03:694][513]LogFbx: ItemName: CollectionExclusive, ItemCount : 1
[2014.10.21-00.42.10:111][513]LogFbx: Loading FBX Scene from ../../../../../../Users/Andromeda/Documents/School/GDW Fall 2014/Animation_Land.fbx
[2014.10.21-00.42.10:240][513]LogFbx: FBX Scene Loaded Succesfully
[2014.10.21-00.42.10:254][513]LogFbx: SortedLinks :(0) root
[2014.10.21-00.42.10:254][513]LogFbx: SortedLinks :(1) pelvis
[2014.10.21-00.42.10:254][513]LogFbx: SortedLinks :(2) spine_01
[2014.10.21-00.42.10:254][513]LogFbx: SortedLinks :(3) spine_02
[2014.10.21-00.42.10:254][513]LogFbx: SortedLinks :(4) spine_03
[2014.10.21-00.42.10:254][513]LogFbx: SortedLinks :(5) clavicle_l
[2014.10.21-00.42.10:254][513]LogFbx: SortedLinks :(6) upperarm_l
[2014.10.21-00.42.10:254][513]LogFbx: SortedLinks :(7) lowerarm_l
[2014.10.21-00.42.10:254][513]LogFbx: SortedLinks :(8) hand_l
[2014.10.21-00.42.10:254][513]LogFbx: SortedLinks :(9) index_01_l
[2014.10.21-00.42.10:254][513]LogFbx: SortedLinks :(10) index_02_l
[2014.10.21-00.42.10:254][513]LogFbx: SortedLinks :(11) index_03_l
[2014.10.21-00.42.10:254][513]LogFbx: SortedLinks :(12) middle_01_l
[2014.10.21-00.42.10:254][513]LogFbx: SortedLinks :(13) middle_02_l
[2014.10.21-00.42.10:254][513]LogFbx: SortedLinks :(14) middle_03_l
[2014.10.21-00.42.10:254][513]LogFbx: SortedLinks :(15) pinky_01_l
[2014.10.21-00.42.10:254][513]LogFbx: SortedLinks :(16) pinky_02_l
[2014.10.21-00.42.10:254][513]LogFbx: SortedLinks :(17) pinky_03_l
[2014.10.21-00.42.10:254][513]LogFbx: SortedLinks :(18) ring_01_l
[2014.10.21-00.42.10:254][513]LogFbx: SortedLinks :(19) ring_02_l
[2014.10.21-00.42.10:254][513]LogFbx: SortedLinks :(20) ring_03_l
[2014.10.21-00.42.10:254][513]LogFbx: SortedLinks :(21) thumb_01_l
[2014.10.21-00.42.10:254][513]LogFbx: SortedLinks :(22) thumb_02_l
[2014.10.21-00.42.10:254][513]LogFbx: SortedLinks :(23) thumb_03_l
[2014.10.21-00.42.10:254][513]LogFbx: SortedLinks :(24) lowerarm_twist_01_l
[2014.10.21-00.42.10:254][513]LogFbx: SortedLinks :(25) clavicle_r
[2014.10.21-00.42.10:254][513]LogFbx: SortedLinks :(26) upperarm_r
[2014.10.21-00.42.10:254][513]LogFbx: SortedLinks :(27) lowerarm_r
[2014.10.21-00.42.10:254][513]LogFbx: SortedLinks :(28) hand_r
[2014.10.21-00.42.10:254][513]LogFbx: SortedLinks :(29) index_01_r
[2014.10.21-00.42.10:254][513]LogFbx: SortedLinks :(30) index_02_r
[2014.10.21-00.42.10:255][513]LogFbx: SortedLinks :(31) index_03_r
[2014.10.21-00.42.10:255][513]LogFbx: SortedLinks :(32) middle_01_r
[2014.10.21-00.42.10:255][513]LogFbx: SortedLinks :(33) middle_02_r
[2014.10.21-00.42.10:255][513]LogFbx: SortedLinks :(34) middle_03_r
[2014.10.21-00.42.10:255][513]LogFbx: SortedLinks :(35) pinky_01_r
[2014.10.21-00.42.10:255][513]LogFbx: SortedLinks :(36) pinky_02_r
[2014.10.21-00.42.10:255][513]LogFbx: SortedLinks :(37) pinky_03_r
[2014.10.21-00.42.10:255][513]LogFbx: SortedLinks :(38) ring_01_r
[2014.10.21-00.42.10:255][513]LogFbx: SortedLinks :(39) ring_02_r
[2014.10.21-00.42.10:255][513]LogFbx: SortedLinks :(40) ring_03_r
[2014.10.21-00.42.10:255][513]LogFbx: SortedLinks :(41) thumb_01_r
[2014.10.21-00.42.10:255][513]LogFbx: SortedLinks :(42) thumb_02_r
[2014.10.21-00.42.10:255][513]LogFbx: SortedLinks :(43) thumb_03_r
[2014.10.21-00.42.10:255][513]LogFbx: SortedLinks :(44) lowerarm_twist_01_r
[2014.10.21-00.42.10:255][513]LogFbx: SortedLinks :(45) neck_01
[2014.10.21-00.42.10:255][513]LogFbx: SortedLinks :(46) neck_02
[2014.10.21-00.42.10:255][513]LogFbx: SortedLinks :(47) head
[2014.10.21-00.42.10:255][513]LogFbx: SortedLinks :(48) thigh_l
[2014.10.21-00.42.10:255][513]LogFbx: SortedLinks :(49) calf_l
[2014.10.21-00.42.10:255][513]LogFbx: SortedLinks :(50) foot_l
[2014.10.21-00.42.10:255][513]LogFbx: SortedLinks :(51) toe_l
[2014.10.21-00.42.10:255][513]LogFbx: SortedLinks :(52) toetip_l
[2014.10.21-00.42.10:255][513]LogFbx: SortedLinks :(53) thigh_r
[2014.10.21-00.42.10:255][513]LogFbx: SortedLinks :(54) calf_r
[2014.10.21-00.42.10:255][513]LogFbx: SortedLinks :(55) foot_r
[2014.10.21-00.42.10:255][513]LogFbx: SortedLinks :(56) toe_r
[2014.10.21-00.42.10:255][513]LogFbx: SortedLinks :(57) toetip_r
[2014.10.21-00.42.10:257][513]LogFbx: Parsing AnimStack Take 001
[2014.10.21-00.42.10:276][513]LogLinker:Warning: Can't find file '/Game/Character/Animation_Land'
[2014.10.21-00.42.10:276][513]LogUObjectGlobals:Warning: Failed to find object 'Object /Game/Character/Animation_Land.Animation_Land'
[2014.10.21-00.42.10:580][513]LogFactory: FactoryCreateBinary: AnimSequence with FbxFactory (0 0 ../../../../../../Users/Andromeda/Documents/School/GDW Fall 2014/Animation_DrunkWalk.fbx)
[2014.10.21-00.42.22:181][513]LogFbx: Loading FBX Scene from ../../../../../../Users/Andromeda/Documents/School/GDW Fall 2014/Animation_DrunkWalk.fbx
[2014.10.21-00.42.22:308][513]LogFbx: FBX Scene Loaded Succesfully
[2014.10.21-00.42.22:321][513]LogFbx: SortedLinks :(0) root
[2014.10.21-00.42.22:321][513]LogFbx: SortedLinks :(1) pelvis
[2014.10.21-00.42.22:321][513]LogFbx: SortedLinks :(2) spine_01
[2014.10.21-00.42.22:321][513]LogFbx: SortedLinks :(3) spine_02
[2014.10.21-00.42.22:321][513]LogFbx: SortedLinks :(4) spine_03
[2014.10.21-00.42.22:321][513]LogFbx: SortedLinks :(5) clavicle_l
[2014.10.21-00.42.22:322][513]LogFbx: SortedLinks :(6) upperarm_l
[2014.10.21-00.42.22:322][513]LogFbx: SortedLinks :(7) lowerarm_l
[2014.10.21-00.42.22:322][513]LogFbx: SortedLinks :(8) hand_l
[2014.10.21-00.42.22:322][513]LogFbx: SortedLinks :(9) index_01_l
[2014.10.21-00.42.22:322][513]LogFbx: SortedLinks :(10) index_02_l
[2014.10.21-00.42.22:322][513]LogFbx: SortedLinks :(11) index_03_l
[2014.10.21-00.42.22:322][513]LogFbx: SortedLinks :(12) middle_01_l
[2014.10.21-00.42.22:322][513]LogFbx: SortedLinks :(13) middle_02_l
[2014.10.21-00.42.22:322][513]LogFbx: SortedLinks :(14) middle_03_l
[2014.10.21-00.42.22:322][513]LogFbx: SortedLinks :(15) pinky_01_l
[2014.10.21-00.42.22:322][513]LogFbx: SortedLinks :(16) pinky_02_l
[2014.10.21-00.42.22:322][513]LogFbx: SortedLinks :(17) pinky_03_l
[2014.10.21-00.42.22:322][513]LogFbx: SortedLinks :(18) ring_01_l
[2014.10.21-00.42.22:322][513]LogFbx: SortedLinks :(19) ring_02_l
[2014.10.21-00.42.22:322][513]LogFbx: SortedLinks :(20) ring_03_l
[2014.10.21-00.42.22:322][513]LogFbx: SortedLinks :(21) thumb_01_l
[2014.10.21-00.42.22:322][513]LogFbx: SortedLinks :(22) thumb_02_l
[2014.10.21-00.42.22:322][513]LogFbx: SortedLinks :(23) thumb_03_l
[2014.10.21-00.42.22:322][513]LogFbx: SortedLinks :(24) lowerarm_twist_01_l
[2014.10.21-00.42.22:322][513]LogFbx: SortedLinks :(25) clavicle_r
[2014.10.21-00.42.22:322][513]LogFbx: SortedLinks :(26) upperarm_r
[2014.10.21-00.42.22:322][513]LogFbx: SortedLinks :(27) lowerarm_r
[2014.10.21-00.42.22:322][513]LogFbx: SortedLinks :(28) hand_r
[2014.10.21-00.42.22:322][513]LogFbx: SortedLinks :(29) index_01_r
[2014.10.21-00.42.22:322][513]LogFbx: SortedLinks :(30) index_02_r
[2014.10.21-00.42.22:322][513]LogFbx: SortedLinks :(31) index_03_r
[2014.10.21-00.42.22:322][513]LogFbx: SortedLinks :(32) middle_01_r
[2014.10.21-00.42.22:322][513]LogFbx: SortedLinks :(33) middle_02_r
[2014.10.21-00.42.22:322][513]LogFbx: SortedLinks :(34) middle_03_r
[2014.10.21-00.42.22:322][513]LogFbx: SortedLinks :(35) pinky_01_r
[2014.10.21-00.42.22:322][513]LogFbx: SortedLinks :(36) pinky_02_r
[2014.10.21-00.42.22:322][513]LogFbx: SortedLinks :(37) pinky_03_r
[2014.10.21-00.42.22:322][513]LogFbx: SortedLinks :(38) ring_01_r
[2014.10.21-00.42.22:322][513]LogFbx: SortedLinks :(39) ring_02_r
[2014.10.21-00.42.22:322][513]LogFbx: SortedLinks :(40) ring_03_r
[2014.10.21-00.42.22:322][513]LogFbx: SortedLinks :(41) thumb_01_r
[2014.10.21-00.42.22:322][513]LogFbx: SortedLinks :(42) thumb_02_r
[2014.10.21-00.42.22:322][513]LogFbx: SortedLinks :(43) thumb_03_r
[2014.10.21-00.42.22:322][513]LogFbx: SortedLinks :(44) lowerarm_twist_01_r
[2014.10.21-00.42.22:322][513]LogFbx: SortedLinks :(45) neck_01
[2014.10.21-00.42.22:322][513]LogFbx: SortedLinks :(46) neck_02
[2014.10.21-00.42.22:322][513]LogFbx: SortedLinks :(47) head
[2014.10.21-00.42.22:322][513]LogFbx: SortedLinks :(48) thigh_l
[2014.10.21-00.42.22:323][513]LogFbx: SortedLinks :(49) calf_l
[2014.10.21-00.42.22:323][513]LogFbx: SortedLinks :(50) foot_l
[2014.10.21-00.42.22:323][513]LogFbx: SortedLinks :(51) toe_l
[2014.10.21-00.42.22:323][513]LogFbx: SortedLinks :(52) toetip_l
[2014.10.21-00.42.22:323][513]LogFbx: SortedLinks :(53) thigh_r
[2014.10.21-00.42.22:323][513]LogFbx: SortedLinks :(54) calf_r
[2014.10.21-00.42.22:323][513]LogFbx: SortedLinks :(55) foot_r
[2014.10.21-00.42.22:323][513]LogFbx: SortedLinks :(56) toe_r
[2014.10.21-00.42.22:323][513]LogFbx: SortedLinks :(57) toetip_r
[2014.10.21-00.42.22:325][513]LogFbx: Parsing AnimStack Take 001
[2014.10.21-00.42.22:338][513]LogLinker:Warning: Can't find file '/Game/Character/Animation_DrunkWalk'
[2014.10.21-00.42.22:338][513]LogUObjectGlobals:Warning: Failed to find object 'Object /Game/Character/Animation_DrunkWalk.Animation_DrunkWalk'
[2014.10.21-00.42.23:380][513]LogContentBrowser:Verbose: The content browser source was changed by the sources view to 'None'
[2014.10.21-00.42.23:380][513]LogContentBrowser:Verbose: The content browser source was changed by the sources view to '/Game/Character'
[2014.10.21-00.42.23:381][513]LogContentBrowser:Verbose: The content browser source was changed by the sources view to '/Game/Character'
[2014.10.21-00.42.27:975][656]LogSavePackage: Save=16.015938ms
[2014.10.21-00.42.27:975][656]LogSavePackage: Moving '../../../../../../Users/Andromeda/Documents/Space_Vines/Link-Object_prototype_withboxes/Saved/Animation_DrunkWalkCC20FAD342B02B794E03BCA1F27F4B68.tmp' to '../../../../../../Users/Andromeda/Documents/Space_Vines/Link-Object_prototype_withboxes/Content/Character/Animation_DrunkWalk.uasset'
[2014.10.21-00.42.28:064][656]LogSavePackage: Save=15.424088ms
[2014.10.21-00.42.28:064][656]LogSavePackage: Moving '../../../../../../Users/Andromeda/Documents/Space_Vines/Link-Object_prototype_withboxes/Saved/Animation_Land258964BA4FC9FCC4A299B3B39DCF37A6.tmp' to '../../../../../../Users/Andromeda/Documents/Space_Vines/Link-Object_prototype_withboxes/Content/Character/Animation_Land.uasset'
[2014.10.21-00.42.28:749][657]Cmd: QUIT_EDITOR
[2014.10.21-00.42.28:916][657]LogWindowsTextInputMethodSystem:Error: Terminating failed while unadvising the language notification sink from the TSF source.
[2014.10.21-00.42.28:920][657]LogExit: Preparing to exit.
[2014.10.21-00.42.29:363][657]LogActorComponent: UnregisterComponent: (None.None) Not registered. Aborting.
[2014.10.21-00.42.29:363][657]LogActorComponent: UnregisterComponent: (None.None) Not registered. Aborting.
[2014.10.21-00.42.29:363][657]LogActorComponent: UnregisterComponent: (None.None) Not registered. Aborting.
[2014.10.21-00.42.29:363][657]LogActorComponent: UnregisterComponent: (None.None) Not registered. Aborting.
[2014.10.21-00.42.29:363][657]LogActorComponent: UnregisterComponent: (None.None) Not registered. Aborting.
[2014.10.21-00.42.29:363][657]LogActorComponent: UnregisterComponent: (None.None) Not registered. Aborting.
[2014.10.21-00.42.29:387][657]LogExit: Editor shut down
[2014.10.21-00.42.29:388][657]LogExit: Transaction tracking system shut down
[2014.10.21-00.42.29:389][657]LogParticles: Destroying 0 GPU particle simulations for FXSystem 0x000000000D67B560
[2014.10.21-00.42.29:390][657]LogParticles: Destroying 0 GPU particle simulations for FXSystem 0x000000001B00B880
[2014.10.21-00.42.29:431][657]LogParticles: Destroying 0 GPU particle simulations for FXSystem 0x000000000FF31580
[2014.10.21-00.42.29:431][657]LogExit: Object subsystem successfully closed.
[2014.10.21-00.42.29:591][657]LogModuleManager: Shutting down and abandoning module DesktopPlatform (165)
[2014.10.21-00.42.29:591][657]LogModuleManager: Shutting down and abandoning module NewLevelDialog (164)
[2014.10.21-00.42.29:591][657]LogModuleManager: Shutting down and abandoning module AndroidDeviceDetection (163)
[2014.10.21-00.42.29:591][657]LogModuleManager: Shutting down and abandoning module CrashTracker (162)
[2014.10.21-00.42.29:591][657]LogModuleManager: Shutting down and abandoning module HTTP (161)
[2014.10.21-00.42.29:591][657]LogModuleManager: Shutting down and abandoning module NewsFeed (160)
[2014.10.21-00.42.29:591][657]LogModuleManager: Shutting down and abandoning module SceneOutliner (159)
[2014.10.21-00.42.29:591][657]LogModuleManager: Shutting down and abandoning module EditorWidgets (158)
[2014.10.21-00.42.29:591][657]LogModuleManager: Shutting down and abandoning module CollectionManager (157)
[2014.10.21-00.42.29:591][657]LogModuleManager: Shutting down and abandoning module StatsViewer (156)
[2014.10.21-00.42.29:591][657]LogModuleManager: Shutting down and abandoning module FoliageEdit (155)
[2014.10.21-00.42.29:591][657]LogModuleManager: Shutting down and abandoning module LandscapeEditor (154)
[2014.10.21-00.42.29:601][657]LogModuleManager: Shutting down and abandoning module MeshPaint (153)
[2014.10.21-00.42.29:601][657]LogModuleManager: Shutting down and abandoning module ActorPickerMode (152)
[2014.10.21-00.42.29:601][657]LogModuleManager: Shutting down and abandoning module GeometryMode (151)
[2014.10.21-00.42.29:602][657]LogModuleManager: Shutting down and abandoning module TextureAlignMode (150)
[2014.10.21-00.42.29:602][657]LogModuleManager: Shutting down and abandoning module BspMode (149)
[2014.10.21-00.42.29:602][657]LogModuleManager: Shutting down and abandoning module PlacementMode (148)
[2014.10.21-00.42.29:603][657]LogModuleManager: Shutting down and abandoning module AutomationWorker (147)
[2014.10.21-00.42.29:603][657]LogModuleManager: Shutting down and abandoning module ViewportSnapping (146)
[2014.10.21-00.42.29:603][657]LogModuleManager: Shutting down and abandoning module DeviceProfileEditor (145)
[2014.10.21-00.42.29:603][657]LogModuleManager: Shutting down and abandoning module UndoHistory (144)
[2014.10.21-00.42.29:603][657]LogModuleManager: Shutting down and abandoning module GameplayTagsEditor (143)
[2014.10.21-00.42.29:603][657]LogModuleManager: Shutting down and abandoning module UserFeedback (142)
[2014.10.21-00.42.29:603][657]LogModuleManager: Shutting down and abandoning module XmlParser (141)
[2014.10.21-00.42.29:603][657]LogModuleManager: Shutting down and abandoning module Blutility (140)
[2014.10.21-00.42.29:603][657]LogModuleManager: Shutting down and abandoning module AndroidPlatformEditor (137)
[2014.10.21-00.42.29:603][657]LogModuleManager: Shutting down and abandoning module AndroidRuntimeSettings (136)
[2014.10.21-00.42.29:603][657]LogModuleManager: Shutting down and abandoning module ProjectSettingsViewer (135)
[2014.10.21-00.42.29:603][657]LogModuleManager: Shutting down and abandoning module InputBindingEditor (134)
[2014.10.21-00.42.29:603][657]LogModuleManager: Shutting down and abandoning module EditorSettingsViewer (133)
[2014.10.21-00.42.29:603][657]LogModuleManager: Shutting down and abandoning module SettingsEditor (132)
[2014.10.21-00.42.29:603][657]LogModuleManager: Shutting down and abandoning module SessionLauncher (131)
[2014.10.21-00.42.29:603][657]LogModuleManager: Shutting down and abandoning module SessionFrontend (130)
[2014.10.21-00.42.29:603][657]LogModuleManager: Shutting down and abandoning module ProfilerClient (129)
[2014.10.21-00.42.29:603][657]LogModuleManager: Shutting down and abandoning module TargetDeviceServices (128)
[2014.10.21-00.42.29:603][657]LogModuleManager: Shutting down and abandoning module DeviceManager (127)
[2014.10.21-00.42.29:604][657]LogModuleManager: Shutting down and abandoning module AutomationController (126)
[2014.10.21-00.42.29:604][657]LogModuleManager: Shutting down and abandoning module AutomationWindow (125)
[2014.10.21-00.42.29:604][657]LogModuleManager: Shutting down and abandoning module Layers (124)
[2014.10.21-00.42.29:604][657]LogModuleManager: Shutting down and abandoning module ComponentVisualizers (123)
[2014.10.21-00.42.29:604][657]LogModuleManager: Shutting down and abandoning module DetailCustomizations (122)
[2014.10.21-00.42.29:604][657]LogModuleManager: Shutting down and abandoning module PackagesDialog (121)
[2014.10.21-00.42.29:604][657]LogModuleManager: Shutting down and abandoning module PropertyEditor (120)
[2014.10.21-00.42.29:604][657]LogModuleManager: Shutting down and abandoning module DirectoryWatcher (119)
[2014.10.21-00.42.29:605][657]LogModuleManager: Shutting down and abandoning module AssetRegistry (118)
[2014.10.21-00.42.29:650][657]LogModuleManager: Shutting down and abandoning module Persona (117)
[2014.10.21-00.42.29:650][657]LogModuleManager: Shutting down and abandoning module GraphEditor (116)
[2014.10.21-00.42.29:650][657]LogModuleManager: Shutting down and abandoning module ContentBrowser (115)
[2014.10.21-00.42.29:650][657]LogModuleManager: Shutting down and abandoning module ClassViewer (114)
[2014.10.21-00.42.29:650][657]LogModuleManager: Shutting down and abandoning module Toolbox (113)
[2014.10.21-00.42.29:650][657]LogModuleManager: Shutting down and abandoning module ModuleUI (112)
[2014.10.21-00.42.29:650][657]LogModuleManager: Shutting down and abandoning module Sequencer (111)
[2014.10.21-00.42.29:650][657]LogModuleManager: Shutting down and abandoning module AssetTools (110)
[2014.10.21-00.42.29:650][657]LogModuleManager: Shutting down and abandoning module MovieSceneTools (109)
[2014.10.21-00.42.29:650][657]LogModuleManager: Shutting down and abandoning module OutputLog (108)
[2014.10.21-00.42.29:650][657]LogModuleManager: Shutting down and abandoning module GammaUI (107)
[2014.10.21-00.42.29:650][657]LogModuleManager: Shutting down and abandoning module Documentation (106)
[2014.10.21-00.42.29:650][657]LogModuleManager: Shutting down and abandoning module StreamingPauseRendering (105)
[2014.10.21-00.42.29:650][657]LogModuleManager: Shutting down and abandoning module AnalyticsET (104)
[2014.10.21-00.42.29:650][657]LogModuleManager: Shutting down and abandoning module Analytics (103)
[2014.10.21-00.42.29:650][657]LogModuleManager: Shutting down and abandoning module ProfilerService (102)
[2014.10.21-00.42.29:795][657]LogModuleManager: Shutting down and abandoning module TaskGraph (101)
[2014.10.21-00.42.29:795][657]LogModuleManager: Shutting down and abandoning module GameProjectGeneration (100)
[2014.10.21-00.42.29:795][657]LogModuleManager: Shutting down and abandoning module Matinee (99)
[2014.10.21-00.42.29:795][657]LogModuleManager: Shutting down and abandoning module Kismet (98)
[2014.10.21-00.42.29:795][657]LogModuleManager: Shutting down and abandoning module SlateReflector (97)
[2014.10.21-00.42.29:795][657]LogModuleManager: Shutting down and abandoning module LevelEditor (96)
[2014.10.21-00.42.29:797][657]LogModuleManager: Shutting down and abandoning module MainFrame (95)
[2014.10.21-00.42.29:797][657]LogModuleManager: Shutting down and abandoning module SourceControl (94)
[2014.10.21-00.42.29:797][657]LogModuleManager: Shutting down and abandoning module ImageWrapper (93)
[2014.10.21-00.42.29:797][657]LogModuleManager: Shutting down and abandoning module OnlineBlueprintSupport (92)
[2014.10.21-00.42.29:797][657]LogModuleManager: Shutting down and abandoning module FunctionalTesting (91)
[2014.10.21-00.42.29:797][657]LogModuleManager: Shutting down and abandoning module CollisionAnalyzer (90)
[2014.10.21-00.42.29:797][657]LogModuleManager: Shutting down and abandoning module WorkspaceMenuStructure (89)
[2014.10.21-00.42.29:798][657]LogModuleManager: Shutting down and abandoning module MessageLog (88)
[2014.10.21-00.42.29:798][657]LogModuleManager: Shutting down and abandoning module Slate (87)
[2014.10.21-00.42.29:798][657]LogModuleManager: Shutting down and abandoning module EditorStyle (86)
[2014.10.21-00.42.29:802][657]LogModuleManager: Shutting down and abandoning module SessionServices (85)
[2014.10.21-00.42.29:802][657]LogModuleManager: Shutting down and abandoning module Messaging (84)
[2014.10.21-00.42.29:803][657]LogModuleManager: Shutting down and abandoning module SourceCodeAccess (83)
[2014.10.21-00.42.29:803][657]LogModuleManager: Shutting down and abandoning module HeadMountedDisplay (82)
[2014.10.21-00.42.29:803][657]LogModuleManager: Shutting down and abandoning module XAudio2 (81)
[2014.10.21-00.42.29:803][657]LogModuleManager: Shutting down and abandoning module Networking (79)
[2014.10.21-00.42.29:803][657]LogModuleManager: Shutting down and abandoning module Core (78)
[2014.10.21-00.42.29:803][657]LogModuleManager: Shutting down and abandoning module KismetCompiler (77)
[2014.10.21-00.42.29:803][657]LogModuleManager: Shutting down and abandoning module PhysXFormats (76)
[2014.10.21-00.42.29:803][657]LogModuleManager: Shutting down and abandoning module SimplygonMeshReduction (75)
[2014.10.21-00.42.29:803][657]LogModuleManager: Shutting down and abandoning module MeshUtilities (74)
[2014.10.21-00.42.29:803][657]LogModuleManager: Shutting down and abandoning module DerivedDataCache (73)
[2014.10.21-00.42.29:807][657]LogDerivedDataCache: Shutdown
[2014.10.21-00.42.29:807][657]LogModuleManager: Shutting down and abandoning module ShaderFormatOpenGL (72)
[2014.10.21-00.42.29:807][657]LogModuleManager: Shutting down and abandoning module ShaderFormatD3D (71)
[2014.10.21-00.42.29:807][657]LogModuleManager: Shutting down and abandoning module TextureFormatUncompressed (70)
[2014.10.21-00.42.29:807][657]LogModuleManager: Shutting down and abandoning module TextureFormatPVR (69)
[2014.10.21-00.42.29:807][657]LogModuleManager: Shutting down and abandoning module TextureFormatDXT (68)
[2014.10.21-00.42.29:807][657]LogModuleManager: Shutting down and abandoning module TextureFormatAndroid (67)
[2014.10.21-00.42.29:807][657]LogModuleManager: Shutting down and abandoning module AudioFormatOpus (66)
[2014.10.21-00.42.29:807][657]LogModuleManager: Shutting down and abandoning module AudioFormatOgg (65)
[2014.10.21-00.42.29:807][657]LogModuleManager: Shutting down and abandoning module AudioFormatADPCM (64)
[2014.10.21-00.42.29:807][657]LogModuleManager: Shutting down and abandoning module Android_PVRTCTargetPlatform (63)
[2014.10.21-00.42.29:807][657]LogModuleManager: Shutting down and abandoning module Android_ETC2TargetPlatform (62)
[2014.10.21-00.42.29:807][657]LogModuleManager: Shutting down and abandoning module Android_ETC1TargetPlatform (61)
[2014.10.21-00.42.29:807][657]LogModuleManager: Shutting down and abandoning module Android_DXTTargetPlatform (60)
[2014.10.21-00.42.29:807][657]LogModuleManager: Shutting down and abandoning module Android_ATCTargetPlatform (59)
[2014.10.21-00.42.29:807][657]LogModuleManager: Shutting down and abandoning module AndroidTargetPlatform (58)
[2014.10.21-00.42.29:807][657]LogModuleManager: Shutting down and abandoning module WindowsTargetPlatform (57)
[2014.10.21-00.42.29:807][657]LogModuleManager: Shutting down and abandoning module WindowsServerTargetPlatform (56)
[2014.10.21-00.42.29:807][657]LogModuleManager: Shutting down and abandoning module WindowsNoEditorTargetPlatform (55)
[2014.10.21-00.42.29:807][657]LogModuleManager: Shutting down and abandoning module WindowsClientTargetPlatform (54)
[2014.10.21-00.42.29:807][657]LogModuleManager: Shutting down and abandoning module TargetPlatform (53)
[2014.10.21-00.42.29:807][657]LogModuleManager: Shutting down and abandoning module InputCore (52)
[2014.10.21-00.42.29:807][657]LogModuleManager: Shutting down and abandoning module Settings (51)
[2014.10.21-00.42.29:807][657]LogModuleManager: Shutting down and abandoning module TextureCompressor (48)
[2014.10.21-00.42.29:808][657]LogModuleManager: Shutting down and abandoning module ShaderCore (47)
[2014.10.21-00.42.29:808][657]LogModuleManager: Shutting down and abandoning module OpenGLDrv (46)
[2014.10.21-00.42.29:808][657]LogModuleManager: Shutting down and abandoning module D3D11RHI (45)
[2014.10.21-00.42.29:808][657]LogModuleManager: Shutting down and abandoning module SlateRHIRenderer (44)
[2014.10.21-00.42.29:808][657]LogModuleManager: Shutting down and abandoning module Renderer (43)
[2014.10.21-00.42.29:808][657]LogModuleManager: Shutting down and abandoning module Engine (42)
[2014.10.21-00.42.29:808][657]LogModuleManager: Shutting down and abandoning module SlateRemote (41)
[2014.10.21-00.42.29:809][657]LogModuleManager: Shutting down and abandoning module ScriptPlugin (40)
[2014.10.21-00.42.29:809][657]LogModuleManager: Shutting down and abandoning module ScriptEditorPlugin (38)
[2014.10.21-00.42.29:809][657]LogModuleManager: Shutting down and abandoning module WindowsMoviePlayer (37)
[2014.10.21-00.42.29:815][657]LogModuleManager: Shutting down and abandoning module ExampleDeviceProfileSelector (32)
[2014.10.21-00.42.29:815][657]LogModuleManager: Shutting down and abandoning module CustomMeshComponent (31)
[2014.10.21-00.42.29:815][657]LogModuleManager: Shutting down and abandoning module CableComponent (30)
[2014.10.21-00.42.29:815][657]LogModuleManager: Shutting down and abandoning module OculusRift (26)
[2014.10.21-00.42.29:815][657]LogModuleManager: Shutting down and abandoning module UdpMessaging (25)
[2014.10.21-00.42.29:915][657]LogModuleManager: Shutting down and abandoning module MessagingDebugger (24)
[2014.10.21-00.42.29:915][657]LogModuleManager: Shutting down and abandoning module PluginsEditor (14)
[2014.10.21-00.42.29:915][657]LogModuleManager: Shutting down and abandoning module IntroTutorials (13)
[2014.10.21-00.42.29:915][657]LogModuleManager: Shutting down and abandoning module EpicSurvey (12)
[2014.10.21-00.42.29:915][657]LogModuleManager: Shutting down and abandoning module VisualStudioSourceCodeAccess (10)
[2014.10.21-00.42.29:915][657]LogModuleManager: Shutting down and abandoning module UObjectPlugin (9)
[2014.10.21-00.42.29:915][657]LogModuleManager: Shutting down and abandoning module SubversionSourceControl (8)
[2014.10.21-00.42.29:915][657]LogModuleManager: Shutting down and abandoning module PerforceSourceControl (7)
[2014.10.21-00.42.29:915][657]LogModuleManager: Shutting down and abandoning module BlankPlugin (6)
[2014.10.21-00.42.29:915][657]LogModuleManager: Shutting down and abandoning module CoreUObject (5)
[2014.10.21-00.42.29:915][657]LogModuleManager: Shutting down and abandoning module NetworkFile (4)
[2014.10.21-00.42.29:915][657]LogModuleManager: Shutting down and abandoning module StreamingFile (3)
[2014.10.21-00.42.29:915][657]LogModuleManager: Shutting down and abandoning module SandboxFile (2)
[2014.10.21-00.42.29:915][657]LogModuleManager: Shutting down and abandoning module PakFile (1)
[2014.10.21-00.42.29:916][657]LogExit: Exiting.
[2014.10.21-00.42.29:944][657]Log file closed, 10/20/14 20:42:29
