Log file open, 09/22/14 18:08:58
LogInit:Display: Running engine without a game
LogInit:Display: Loading recent project file: ../../../../../../Users/ryanw/Documents/GitHub/Space_Vines/Link-Object_prototype/MyProject2.uproject
LogInit: Version: 4.2.0-2092659+++depot+UE4-Releases+4.2
LogInit: Compiled (64-bit): Jun  3 2014 00:56:21
LogInit: Build Configuration: Development
LogInit: Branch Name: ++depot+UE4-Releases+4.2
LogInit: Command line: 
LogInit: Base directory: C:/Program Files/Unreal Engine/4.2/Engine/Binaries/Win64/
LogInit: Rocket: 1
[2014.09.22-22.08.58:032][  0]LogTaskGraph: Started task graph with 3 named threads and 4 total threads.
[2014.09.22-22.08.58:064][  0]LogOnline:Warning: No default platform service specified for OnlineSubsystem
[2014.09.22-22.08.58:077][  0]LogInit: Presizing for 0 objects not considered by GC, pre-allocating 0 bytes.
[2014.09.22-22.08.58:089][  0]LogInit: Object subsystem initialized
[2014.09.22-22.08.58:092][  0]LogInit: Selected Device Profile: [Windows]
[2014.09.22-22.08.58:092][  0]LogInit: Applying CVar settings loaded from the selected device profile: [Windows]
[2014.09.22-22.08.58:098][  0]LogInit: Computer: RSIVALICE
[2014.09.22-22.08.58:098][  0]LogInit: User: ryanw
[2014.09.22-22.08.58:099][  0]LogInit: CPU Page size=4096, Cores=2
[2014.09.22-22.08.58:099][  0]LogInit: High frequency timer resolution =2.338448 MHz
[2014.09.22-22.08.58:100][  0]LogMemory: Memory total: Physical=3.8GB (4GB approx) Virtual=131072.0GB
[2014.09.22-22.08.58:100][  0]LogMemory: Platform Memory Stats for Windows
[2014.09.22-22.08.58:100][  0]LogMemory: Process Physical Memory: 52.54 MB used, 52.54 MB peak
[2014.09.22-22.08.58:100][  0]LogMemory: Process Virtual Memory: 29.53 MB used, 29.53 MB peak
[2014.09.22-22.08.58:100][  0]LogMemory: Physical Memory: 3689.51 MB used, 3941.41 MB total
[2014.09.22-22.08.58:100][  0]LogMemory: Virtual Memory: 254.58 MB used, 134217728.00 MB total
[2014.09.22-22.08.58:114][  0]LogD3D11RHI: Found D3D11 adapter 0: Intel(R) HD Graphics (Feature Level 10_0)
[2014.09.22-22.08.58:114][  0]LogD3D11RHI: Adapter has 32MB of dedicated video memory, 0MB of dedicated system memory, and 1632MB of shared system memory, 1 output[s]
[2014.09.22-22.08.58:116][  0]LogD3D11RHI: Found D3D11 adapter 1: Microsoft Basic Render Driver (Feature Level 11_0)
[2014.09.22-22.08.58:116][  0]LogD3D11RHI: Adapter has 0MB of dedicated video memory, 0MB of dedicated system memory, and 256MB of shared system memory, 0 output[s]
[2014.09.22-22.08.58:116][  0]LogD3D11RHI: Chosen D3D11 Adapter Id = 0
[2014.09.22-22.08.58:122][  0]LogRHI: Texture pool is 593 MB (70% of 848 MB)
[2014.09.22-22.08.58:125][  0]LogD3D11RHI: Async texture creation enabled
[2014.09.22-22.08.58:240][  0]LogContentStreaming: Texture pool size is 0.000000MB
[2014.09.22-22.08.59:900][  0]LogTargetPlatformManager:Display: Building Assets For Windows
[2014.09.22-22.09.01:441][  0]LogTargetPlatformManager:Display: Building Assets For Windows
[2014.09.22-22.09.01:553][  0]LogDerivedDataCache:Display: Max Cache Size: 512 MB
[2014.09.22-22.09.03:762][  0]LogDerivedDataCache: Loaded boot cache 2.21s 34MB C:/Users/ryanw/AppData/Local/UnrealEngine/4.2/DerivedDataCache/Boot.ddc.
[2014.09.22-22.09.03:762][  0]LogDerivedDataCache:Display: Loaded Boot cache: C:/Users/ryanw/AppData/Local/UnrealEngine/4.2/DerivedDataCache/Boot.ddc
[2014.09.22-22.09.03:763][  0]LogDerivedDataCache: FDerivedDataBackendGraph:  Pak pak cache file ../../../../../../Users/ryanw/Documents/GitHub/Space_Vines/Link-Object_prototype/DerivedDataCache/DDC.ddp not found, will not use a pak cache.
[2014.09.22-22.09.03:763][  0]LogDerivedDataCache: Unable to find inner node Pak for hierarchical cache Hierarchy.
[2014.09.22-22.09.03:830][  0]LogDerivedDataCache:Display: Pak cache opened for reading ../../../Engine/DerivedDataCache/DDC.ddp.
[2014.09.22-22.09.03:843][  0]LogDerivedDataCache: Using Local data cache path C:/Users/ryanw/AppData/Local/UnrealEngine/4.2/DerivedDataCache: Writable
[2014.09.22-22.09.12:100][  0]LogMeshUtilities: No automatic mesh reduction module available
[2014.09.22-22.09.12:100][  0]LogMeshUtilities: No automatic mesh merging module available
[2014.09.22-22.09.13:316][  0]LogInit: WinSock: version 1.1 (2.2), MaxSocks=32767, MaxUdp=65467
[2014.09.22-22.09.27:278][  0]LogStreaming:Warning: Failed to read file '../../../Engine/Content/Editor/Slate/Icons/ActorIcons/GroupActor_16x.png' error.
[2014.09.22-22.09.27:279][  0]LogSlate: Could not find file for Slate resource: ../../../Engine/Content/Editor/Slate/Icons/ActorIcons/GroupActor_16x.png
[2014.09.22-22.09.27:489][  0]LogStreaming:Warning: Failed to read file '../../../Engine/Content/Editor/Slate/Icons/ActorIcons/DecalActor_16x.png' error.
[2014.09.22-22.09.27:489][  0]LogSlate: Could not find file for Slate resource: ../../../Engine/Content/Editor/Slate/Icons/ActorIcons/DecalActor_16x.png
[2014.09.22-22.09.36:355][  0]UdpMessaging: Initializing bridge on interface 0.0.0.0:0 to multicast group 230.0.0.1:6666.
[2014.09.22-22.09.36:713][  0]SourceControl: Info Source control is disabled
[2014.09.22-22.09.36:713][  0]SourceControl: Info Source control is disabled
[2014.09.22-22.09.36:734][  0]SourceControl: Info Source control is disabled
[2014.09.22-22.09.37:243][  0]BlueprintLog: New page: Editor Load
[2014.09.22-22.09.38:474][  0]LogObj: 19136 objects as part of root set at end of initial load.
[2014.09.22-22.09.38:474][  0]LogUObjectAllocator: 3804656 out of 0 bytes used by permanent object pool.
[2014.09.22-22.09.38:951][  0]LogEngine: Initializing Engine...
[2014.09.22-22.09.39:193][  0]LogInit: XAudio2 using 'Speakers (Realtek High Definition Audio)' : 2 channels at 48 kHz using 32 bits per sample (channel mask 0x3)
[2014.09.22-22.09.39:216][  0]LogInit: FAudioDevice initialized.
[2014.09.22-22.09.39:339][  0]LogDerivedDataCache: Saved boot cache 0.09s 34MB C:/Users/ryanw/AppData/Local/UnrealEngine/4.2/DerivedDataCache/Boot.ddc.
[2014.09.22-22.09.39:378][  0]LogInit: Texture streaming: Enabled
[2014.09.22-22.09.39:744][  0]LogInit: Transaction tracking system initialized
[2014.09.22-22.09.41:576][  0]LogAssetRegistry: FAssetRegistry took 0.0153 seconds to start up
[2014.09.22-22.09.42:951][  0]LogModuleManager:Warning: ModuleManager: Unable to load module '' because the file was not found.
[2014.09.22-22.09.42:962][  0]LogModuleManager:Warning: ModuleManager: Unable to load module '' because the file was not found.
[2014.09.22-22.09.43:416][  0]LogConsoleResponse:Display: 
[2014.09.22-22.09.44:984][  0]SourceControl: Info Source control is disabled
[2014.09.22-22.09.44:985][  0]Cmd: MAP LOAD FILE="../../../../../../Users/ryanw/Documents/GitHub/Space_Vines/Link-Object_prototype/Content/Maps/GameLevels/One.umap" TEMPLATE=0 SHOWPROGRESS=1 WORLDCOMPOSITION=0
[2014.09.22-22.09.45:008][  0]LightingResults: New page: Lighting Build
[2014.09.22-22.09.45:017][  0]MapCheck: New page: Map Check
[2014.09.22-22.09.45:017][  0]LightingResults: New page: Lighting Build
[2014.09.22-22.09.45:034][  0]LogParticles: Destroying 0 GPU particle simulations for FXSystem 0x0000005A34C3FE20
[2014.09.22-22.09.46:287][  0]LogTexture:Display: Building textures: Texture_Stars_T5 (AutoDXT)
[2014.09.22-22.09.47:416][  0]LogTexture:Display: Building textures: Texture_Stars_T4 (AutoDXT)
[2014.09.22-22.09.47:918][  0]LogMaterial: Missing cached shader map for material Material_SkySphere, compiling.
[2014.09.22-22.09.48:371][  0]LogTexture:Display: Building textures: Normal_Asteroid_1_T1 (BC5)
[2014.09.22-22.09.48:465][  0]LogTexture:Display: Building textures: Texture_Asteroid_1_T1 (AutoDXT)
[2014.09.22-22.09.48:791][  0]LogMaterial: Missing cached shader map for material Material_Asteroid_1_M1, compiling.
[2014.09.22-22.09.49:026][  0]LogStaticMesh: Building static mesh Model_Asteroid_1...
[2014.09.22-22.09.49:172][  0]LogStaticMesh: Built static mesh [374.753265ms] /Game/Meshes/Environment/Model_Asteroid_1.Model_Asteroid_1
[2014.09.22-22.09.49:480][  0]LogTexture:Display: Building textures: Texture_Jar1_T1 (AutoDXT)
[2014.09.22-22.09.49:816][  0]LogMaterial: Missing cached shader map for material blinn1, compiling.
[2014.09.22-22.09.50:772][  0]LogTexture:Display: Building textures: Texture_Jar2_T1 (AutoDXT)
[2014.09.22-22.09.54:125][  0]LogMaterial: Missing cached shader map for material blinn2, compiling.
[2014.09.22-22.09.54:507][  0]LogMaterial: Missing cached shader map for material lambert1, compiling.
[2014.09.22-22.09.54:904][  0]LogStaticMesh: Building static mesh Model_Pillar_1...
[2014.09.22-22.09.54:909][  0]LogStaticMesh: Built static mesh [399.954163ms] /Game/Meshes/Environment/Model_Pillar_1.Model_Pillar_1
[2014.09.22-22.09.55:628][  0]LogMaterial: Missing cached shader map for material Material_PrototypeTemple_1_M1, compiling.
[2014.09.22-22.09.55:867][  0]LogMaterial: Missing cached shader map for material Material_PrototypeTemple_1_M10, compiling.
[2014.09.22-22.09.55:972][  0]LogMaterial: Missing cached shader map for material Material_PrototypeTemple_1_M2, compiling.
[2014.09.22-22.09.55:991][  0]LogTexture:Display: Building textures: sampledNormals (BC5)
[2014.09.22-22.09.56:306][  0]LogMaterial: Missing cached shader map for material Material_PrototypeTemple_1_M3, compiling.
[2014.09.22-22.09.56:405][  0]LogMaterial: Missing cached shader map for material Material_PrototypeTemple_1_M4, compiling.
[2014.09.22-22.09.56:504][  0]LogMaterial: Missing cached shader map for material Material_PrototypeTemple_1_M5, compiling.
[2014.09.22-22.09.56:613][  0]LogMaterial: Missing cached shader map for material Material_PrototypeTemple_1_M6, compiling.
[2014.09.22-22.09.56:824][  0]LogMaterial: Missing cached shader map for material Material_PrototypeTemple_1_M7, compiling.
[2014.09.22-22.09.56:917][  0]LogMaterial: Missing cached shader map for material Material_PrototypeTemple_1_M8, compiling.
[2014.09.22-22.09.57:012][  0]LogMaterial: Missing cached shader map for material Material_PrototypeTemple_1_M9, compiling.
[2014.09.22-22.09.57:099][  0]LogStaticMesh: Building static mesh Model_PrototypeTemple_1...
[2014.09.22-22.09.57:227][  0]LogStaticMesh: Built static mesh [209.571899ms] /Game/Meshes/Environment/Model_PrototypeTemple_1.Model_PrototypeTemple_1
[2014.09.22-22.09.57:462][  0]LogStaticMesh: Building static mesh Model_SexyBackgroundTemple_1...
[2014.09.22-22.09.57:466][  0]LogStaticMesh: Built static mesh [87.988274ms] /Game/Meshes/Environment/Model_SexyBackgroundTemple_1.Model_SexyBackgroundTemple_1
[2014.09.22-22.09.57:630][  0]LogStaticMesh: Building static mesh Model_SexyBackgroundTemple_2...
[2014.09.22-22.09.57:638][  0]LogStaticMesh: Built static mesh [109.097145ms] /Game/Meshes/Environment/Model_SexyBackgroundTemple_2.Model_SexyBackgroundTemple_2
[2014.09.22-22.09.57:821][  0]LogStaticMesh: Building static mesh Model_SexyBackgroundTemple_3...
[2014.09.22-22.09.57:826][  0]LogStaticMesh: Built static mesh [123.530220ms] /Game/Meshes/Environment/Model_SexyBackgroundTemple_3.Model_SexyBackgroundTemple_3
[2014.09.22-22.10.28:566][  0]LogEditorServer: Finished looking for orphan Actors (0.000 secs)
[2014.09.22-22.10.28:567][  0]Cmd: MAP CHECKDEP
[2014.09.22-22.10.28:567][  0]MapCheck: New page: One - Sep 22, 2014, 2:10:28 PM
[2014.09.22-22.10.28:631][  0]MapCheck: Info ========== Map Check: 0 Error(s), 0 Warning(s), [63.83ms] ==========
[2014.09.22-22.10.28:631][  0]LogFileHelpers: Loading map 'One' took 43.647
[2014.09.22-22.10.28:969][  0]LogCollectionManager: Loaded 0 collections in 0.001322 seconds
[2014.09.22-22.10.29:962][  0]LogCrashTracker: Crashtracker disabled due to settings.
[2014.09.22-22.10.29:962][  0]Cmd: MODE PLACEMENT
[2014.09.22-22.10.30:263][  0]LogLoad: Full Startup: 93.39 seconds (BP compile: 0.02 seconds)
[2014.09.22-22.10.30:346][  0]LogContentBrowser:Verbose: The content browser source was changed by the sources view to '/Game/Materials'
[2014.09.22-22.10.31:214][  0]LogRenderer:Warning: Reallocating scene render targets to support 32x32.
[2014.09.22-22.10.32:804][  0]LogRenderer:Warning: Reallocating scene render targets to support 808x584.
[2014.09.22-22.10.33:748][  1]LogEpicStorage:Warning: EnumerateFiles request failed. Invalid response. code=403 error=<?xml version="1.0" encoding="UTF-8"?>
<Error><Code>AccessDenied</Code><Message>Access Denied</Message><RequestId>3F833896EDCBD8AD</RequestId><HostId>zosW5gxB+GT9Kh8baJJ93cgqRLpV3srcu/5O9XZDvr7R7Ei6SqC8gAiKVZ2oKxVLJrAvUF7QVKw=</HostId></Error>
[2014.09.22-22.10.35:931][  2]LogEpicSurvey:Warning: EnumerateFiles request failed. Invalid response. code=403 error=<?xml version="1.0" encoding="UTF-8"?>
<Error><Code>AccessDenied</Code><Message>Access Denied</Message><RequestId>7A052A823E66223C</RequestId><HostId>DfTTqpQiAkxFX0OTZEPBqDA0ZqynztIHSuArUuz6nqdeMRa5dpSOElpKewuLs955</HostId></Error>
[2014.09.22-22.10.36:148][  2]LogAssetRegistry: Asset discovery search completed in 54.5871 seconds
[2014.09.22-22.10.36:910][  3]LogEpicStorage:Warning: EnumerateFiles request failed. Invalid response. code=403 error=<?xml version="1.0" encoding="UTF-8"?>
<Error><Code>AccessDenied</Code><Message>Access Denied</Message><RequestId>AF24D2424BBDAF83</RequestId><HostId>GWLlvWs6YXlsBvf5f+NpIaeKJI4A/E+ftOrmt3GixwHTUgj0yMS7zfwDuI1+Xpb2</HostId></Error>
[2014.09.22-22.10.37:047][  4]LogEpicSurvey:Warning: EnumerateFiles request failed. Invalid response. code=403 error=<?xml version="1.0" encoding="UTF-8"?>
<Error><Code>AccessDenied</Code><Message>Access Denied</Message><RequestId>393A4FE416D84FBC</RequestId><HostId>fo9z6RkFq/B4pgJNtj4t8gNS0ymgZu5m3SnbCiEPdQfJlQt84uXyJ5aXS+xFVfUoovugrFp0K98=</HostId></Error>
[2014.09.22-22.10.37:501][  7]LogEpicStorage:Warning: ReadFile request failed. File request already pending for filename=http://cdn.unrealengine.com/newsfeed/blueprint_icon_b.png
[2014.09.22-22.10.37:606][  7]LogEpicStorage:Warning: ReadFile request failed. File request already pending for filename=http://cdn.unrealengine.com/newsfeed/blueprint_icon_b.png
[2014.09.22-22.12.57:593][171]Cmd: QUIT_EDITOR
[2014.09.22-22.12.58:270][171]LogWindowsTextInputMethodSystem:Error: Terminating failed while unadvising the language notification sink from the TSF source.
[2014.09.22-22.12.58:416][171]LogExit: Preparing to exit.
[2014.09.22-22.13.14:980][171]LogExit: Editor shut down
[2014.09.22-22.13.15:077][171]LogExit: Transaction tracking system shut down
[2014.09.22-22.13.15:450][171]LogParticles: Destroying 0 GPU particle simulations for FXSystem 0x0000005A2AC16D40
[2014.09.22-22.13.29:986][171]LogParticles: Destroying 0 GPU particle simulations for FXSystem 0x0000005A395DDEE0
[2014.09.22-22.13.29:986][171]LogExit: Object subsystem successfully closed.
[2014.09.22-22.13.55:952][171]LogModuleManager: Shutting down and abandoning module ExternalImagePicker (165)
[2014.09.22-22.13.56:039][171]LogModuleManager: Shutting down and abandoning module DesktopPlatform (164)
[2014.09.22-22.13.56:219][171]LogModuleManager: Shutting down and abandoning module AndroidDeviceDetection (163)
[2014.09.22-22.13.56:253][171]LogModuleManager: Shutting down and abandoning module CrashTracker (162)
[2014.09.22-22.13.56:253][171]LogModuleManager: Shutting down and abandoning module HTTP (161)
[2014.09.22-22.13.56:389][171]LogModuleManager: Shutting down and abandoning module NewsFeed (160)
[2014.09.22-22.13.56:558][171]LogModuleManager: Shutting down and abandoning module SceneOutliner (159)
[2014.09.22-22.13.56:558][171]LogModuleManager: Shutting down and abandoning module EditorWidgets (158)
[2014.09.22-22.13.56:613][171]LogModuleManager: Shutting down and abandoning module CollectionManager (157)
[2014.09.22-22.13.56:697][171]LogModuleManager: Shutting down and abandoning module StatsViewer (156)
[2014.09.22-22.13.56:772][171]LogModuleManager: Shutting down and abandoning module FoliageEdit (155)
[2014.09.22-22.13.57:100][171]LogModuleManager: Shutting down and abandoning module LandscapeEditor (154)
[2014.09.22-22.13.58:789][171]LogModuleManager: Shutting down and abandoning module MeshPaint (153)
[2014.09.22-22.13.58:931][171]LogModuleManager: Shutting down and abandoning module ActorPickerMode (152)
[2014.09.22-22.13.59:044][171]LogModuleManager: Shutting down and abandoning module GeometryMode (151)
[2014.09.22-22.13.59:352][171]LogModuleManager: Shutting down and abandoning module TextureAlignMode (150)
[2014.09.22-22.13.59:431][171]LogModuleManager: Shutting down and abandoning module BspMode (149)
[2014.09.22-22.13.59:780][171]LogModuleManager: Shutting down and abandoning module PlacementMode (148)
[2014.09.22-22.14.00:595][171]LogModuleManager: Shutting down and abandoning module AutomationWorker (147)
[2014.09.22-22.14.00:715][171]LogModuleManager: Shutting down and abandoning module ViewportSnapping (146)
[2014.09.22-22.14.00:715][171]LogModuleManager: Shutting down and abandoning module DeviceProfileEditor (145)
[2014.09.22-22.14.00:733][171]LogModuleManager: Shutting down and abandoning module UndoHistory (144)
[2014.09.22-22.14.00:733][171]LogModuleManager: Shutting down and abandoning module GameplayTagsEditor (143)
[2014.09.22-22.14.00:752][171]LogModuleManager: Shutting down and abandoning module UserFeedback (142)
[2014.09.22-22.14.00:752][171]LogModuleManager: Shutting down and abandoning module XmlParser (141)
[2014.09.22-22.14.00:804][171]LogModuleManager: Shutting down and abandoning module Blutility (140)
[2014.09.22-22.14.00:831][171]LogModuleManager: Shutting down and abandoning module AndroidPlatformEditor (137)
[2014.09.22-22.14.00:948][171]LogModuleManager: Shutting down and abandoning module AndroidRuntimeSettings (136)
[2014.09.22-22.14.00:948][171]LogModuleManager: Shutting down and abandoning module ProjectSettingsViewer (135)
[2014.09.22-22.14.01:067][171]LogModuleManager: Shutting down and abandoning module InputBindingEditor (134)
[2014.09.22-22.14.01:434][171]LogModuleManager: Shutting down and abandoning module EditorSettingsViewer (133)
[2014.09.22-22.14.01:520][171]LogModuleManager: Shutting down and abandoning module SettingsEditor (132)
[2014.09.22-22.14.01:521][171]LogModuleManager: Shutting down and abandoning module SessionLauncher (131)
[2014.09.22-22.14.01:531][171]LogModuleManager: Shutting down and abandoning module SessionFrontend (130)
[2014.09.22-22.14.01:569][171]LogModuleManager: Shutting down and abandoning module ProfilerClient (129)
[2014.09.22-22.14.01:594][171]LogModuleManager: Shutting down and abandoning module TargetDeviceServices (128)
[2014.09.22-22.14.01:594][171]LogModuleManager: Shutting down and abandoning module DeviceManager (127)
[2014.09.22-22.14.02:189][171]LogModuleManager: Shutting down and abandoning module AutomationController (126)
[2014.09.22-22.14.02:351][171]LogModuleManager: Shutting down and abandoning module AutomationWindow (125)
[2014.09.22-22.14.02:394][171]LogModuleManager: Shutting down and abandoning module Layers (124)
[2014.09.22-22.14.02:759][171]LogModuleManager: Shutting down and abandoning module ComponentVisualizers (123)
[2014.09.22-22.14.02:807][171]LogModuleManager: Shutting down and abandoning module DetailCustomizations (122)
[2014.09.22-22.14.03:132][171]LogModuleManager: Shutting down and abandoning module PackagesDialog (121)
[2014.09.22-22.14.03:204][171]LogModuleManager: Shutting down and abandoning module PropertyEditor (120)
[2014.09.22-22.14.03:424][171]LogModuleManager: Shutting down and abandoning module DirectoryWatcher (119)
[2014.09.22-22.14.03:668][171]LogModuleManager: Shutting down and abandoning module AssetRegistry (118)
[2014.09.22-22.14.05:654][171]LogModuleManager: Shutting down and abandoning module Persona (117)
[2014.09.22-22.14.05:697][171]LogModuleManager: Shutting down and abandoning module GraphEditor (116)
[2014.09.22-22.14.05:823][171]LogModuleManager: Shutting down and abandoning module ContentBrowser (115)
[2014.09.22-22.14.05:895][171]LogModuleManager: Shutting down and abandoning module ClassViewer (114)
[2014.09.22-22.14.05:997][171]LogModuleManager: Shutting down and abandoning module Toolbox (113)
[2014.09.22-22.14.05:997][171]LogModuleManager: Shutting down and abandoning module ModuleUI (112)
[2014.09.22-22.14.06:076][171]LogModuleManager: Shutting down and abandoning module Sequencer (111)
[2014.09.22-22.14.06:247][171]LogModuleManager: Shutting down and abandoning module AssetTools (110)
[2014.09.22-22.14.06:375][171]LogModuleManager: Shutting down and abandoning module MovieSceneTools (109)
[2014.09.22-22.14.06:399][171]LogModuleManager: Shutting down and abandoning module OutputLog (108)
[2014.09.22-22.14.06:430][171]LogModuleManager: Shutting down and abandoning module GammaUI (107)
[2014.09.22-22.14.06:455][171]LogModuleManager: Shutting down and abandoning module Documentation (106)
[2014.09.22-22.14.06:469][171]LogModuleManager: Shutting down and abandoning module StreamingPauseRendering (105)
[2014.09.22-22.14.06:492][171]LogModuleManager: Shutting down and abandoning module AnalyticsET (104)
[2014.09.22-22.14.06:492][171]LogModuleManager: Shutting down and abandoning module Analytics (103)
[2014.09.22-22.14.06:492][171]LogModuleManager: Shutting down and abandoning module ProfilerService (102)
[2014.09.22-22.14.06:626][171]LogModuleManager: Shutting down and abandoning module TaskGraph (101)
[2014.09.22-22.14.06:681][171]LogModuleManager: Shutting down and abandoning module GameProjectGeneration (100)
[2014.09.22-22.14.06:694][171]LogModuleManager: Shutting down and abandoning module Matinee (99)
[2014.09.22-22.14.06:743][171]LogModuleManager: Shutting down and abandoning module Kismet (98)
[2014.09.22-22.14.07:133][171]LogModuleManager: Shutting down and abandoning module SlateReflector (97)
[2014.09.22-22.14.07:133][171]LogModuleManager: Shutting down and abandoning module LevelEditor (96)
[2014.09.22-22.14.07:821][171]LogModuleManager: Shutting down and abandoning module MainFrame (95)
[2014.09.22-22.14.07:890][171]LogModuleManager: Shutting down and abandoning module SourceControl (94)
[2014.09.22-22.14.07:986][171]LogModuleManager: Shutting down and abandoning module ImageWrapper (93)
[2014.09.22-22.14.07:986][171]LogModuleManager: Shutting down and abandoning module OnlineBlueprintSupport (92)
[2014.09.22-22.14.07:986][171]LogModuleManager: Shutting down and abandoning module FunctionalTesting (91)
[2014.09.22-22.14.08:028][171]LogModuleManager: Shutting down and abandoning module CollisionAnalyzer (90)
[2014.09.22-22.14.08:102][171]LogModuleManager: Shutting down and abandoning module WorkspaceMenuStructure (89)
[2014.09.22-22.14.08:144][171]LogModuleManager: Shutting down and abandoning module MessageLog (88)
[2014.09.22-22.14.08:171][171]LogModuleManager: Shutting down and abandoning module Slate (87)
[2014.09.22-22.14.08:171][171]LogModuleManager: Shutting down and abandoning module EditorStyle (86)
[2014.09.22-22.14.08:756][171]LogModuleManager: Shutting down and abandoning module SessionServices (85)
[2014.09.22-22.14.08:789][171]LogModuleManager: Shutting down and abandoning module Messaging (84)
[2014.09.22-22.14.08:789][171]LogModuleManager: Shutting down and abandoning module SourceCodeAccess (83)
[2014.09.22-22.14.08:789][171]LogModuleManager: Shutting down and abandoning module HeadMountedDisplay (82)
[2014.09.22-22.14.08:789][171]LogModuleManager: Shutting down and abandoning module XAudio2 (81)
[2014.09.22-22.14.08:825][171]LogModuleManager: Shutting down and abandoning module Networking (79)
[2014.09.22-22.14.08:825][171]LogModuleManager: Shutting down and abandoning module Core (78)
[2014.09.22-22.14.08:825][171]LogModuleManager: Shutting down and abandoning module KismetCompiler (77)
[2014.09.22-22.14.08:877][171]LogModuleManager: Shutting down and abandoning module PhysXFormats (76)
[2014.09.22-22.14.08:877][171]LogModuleManager: Shutting down and abandoning module SimplygonMeshReduction (75)
[2014.09.22-22.14.08:935][171]LogModuleManager: Shutting down and abandoning module MeshUtilities (74)
[2014.09.22-22.14.08:976][171]LogModuleManager: Shutting down and abandoning module DerivedDataCache (73)
[2014.09.22-22.14.09:358][171]LogDerivedDataCache: Shutdown
[2014.09.22-22.14.09:358][171]LogModuleManager: Shutting down and abandoning module ShaderFormatOpenGL (72)
[2014.09.22-22.14.09:570][171]LogModuleManager: Shutting down and abandoning module ShaderFormatD3D (71)
[2014.09.22-22.14.09:766][171]LogModuleManager: Shutting down and abandoning module TextureFormatUncompressed (70)
[2014.09.22-22.14.09:766][171]LogModuleManager: Shutting down and abandoning module TextureFormatPVR (69)
[2014.09.22-22.14.09:792][171]LogModuleManager: Shutting down and abandoning module TextureFormatDXT (68)
[2014.09.22-22.14.09:883][171]LogModuleManager: Shutting down and abandoning module TextureFormatAndroid (67)
[2014.09.22-22.14.09:883][171]LogModuleManager: Shutting down and abandoning module AudioFormatOpus (66)
[2014.09.22-22.14.10:059][171]LogModuleManager: Shutting down and abandoning module AudioFormatOgg (65)
[2014.09.22-22.14.10:175][171]LogModuleManager: Shutting down and abandoning module AudioFormatADPCM (64)
[2014.09.22-22.14.10:176][171]LogModuleManager: Shutting down and abandoning module Android_PVRTCTargetPlatform (63)
[2014.09.22-22.14.10:177][171]LogModuleManager: Shutting down and abandoning module Android_ETC2TargetPlatform (62)
[2014.09.22-22.14.10:241][171]LogModuleManager: Shutting down and abandoning module Android_ETC1TargetPlatform (61)
[2014.09.22-22.14.10:241][171]LogModuleManager: Shutting down and abandoning module Android_DXTTargetPlatform (60)
[2014.09.22-22.14.10:241][171]LogModuleManager: Shutting down and abandoning module Android_ATCTargetPlatform (59)
[2014.09.22-22.14.10:242][171]LogModuleManager: Shutting down and abandoning module AndroidTargetPlatform (58)
[2014.09.22-22.14.10:242][171]LogModuleManager: Shutting down and abandoning module WindowsTargetPlatform (57)
[2014.09.22-22.14.10:384][171]LogModuleManager: Shutting down and abandoning module WindowsServerTargetPlatform (56)
[2014.09.22-22.14.10:384][171]LogModuleManager: Shutting down and abandoning module WindowsNoEditorTargetPlatform (55)
[2014.09.22-22.14.10:386][171]LogModuleManager: Shutting down and abandoning module WindowsClientTargetPlatform (54)
[2014.09.22-22.14.10:386][171]LogModuleManager: Shutting down and abandoning module TargetPlatform (53)
[2014.09.22-22.14.10:503][171]LogModuleManager: Shutting down and abandoning module InputCore (52)
[2014.09.22-22.14.10:626][171]LogModuleManager: Shutting down and abandoning module Settings (51)
[2014.09.22-22.14.10:916][171]LogModuleManager: Shutting down and abandoning module TextureCompressor (48)
[2014.09.22-22.14.11:043][171]LogModuleManager: Shutting down and abandoning module ShaderCore (47)
[2014.09.22-22.14.11:084][171]LogModuleManager: Shutting down and abandoning module OpenGLDrv (46)
[2014.09.22-22.14.11:084][171]LogModuleManager: Shutting down and abandoning module D3D11RHI (45)
[2014.09.22-22.14.11:084][171]LogModuleManager: Shutting down and abandoning module SlateRHIRenderer (44)
[2014.09.22-22.14.11:084][171]LogModuleManager: Shutting down and abandoning module Renderer (43)
[2014.09.22-22.14.11:202][171]LogModuleManager: Shutting down and abandoning module Engine (42)
[2014.09.22-22.14.11:267][171]LogModuleManager: Shutting down and abandoning module SlateRemote (41)
[2014.09.22-22.14.11:293][171]LogModuleManager: Shutting down and abandoning module ScriptPlugin (40)
[2014.09.22-22.14.11:399][171]LogModuleManager: Shutting down and abandoning module ScriptEditorPlugin (38)
[2014.09.22-22.14.11:399][171]LogModuleManager: Shutting down and abandoning module WindowsMoviePlayer (37)
[2014.09.22-22.14.14:218][171]LogModuleManager: Shutting down and abandoning module ExampleDeviceProfileSelector (32)
[2014.09.22-22.14.14:291][171]LogModuleManager: Shutting down and abandoning module CustomMeshComponent (31)
[2014.09.22-22.14.14:327][171]LogModuleManager: Shutting down and abandoning module CableComponent (30)
[2014.09.22-22.14.14:426][171]LogModuleManager: Shutting down and abandoning module OculusRift (26)
[2014.09.22-22.14.14:437][171]LogModuleManager: Shutting down and abandoning module UdpMessaging (25)
[2014.09.22-22.14.14:538][171]LogModuleManager: Shutting down and abandoning module MessagingDebugger (24)
[2014.09.22-22.14.14:736][171]LogModuleManager: Shutting down and abandoning module PluginsEditor (14)
[2014.09.22-22.14.14:803][171]LogModuleManager: Shutting down and abandoning module IntroTutorials (13)
[2014.09.22-22.14.15:002][171]LogModuleManager: Shutting down and abandoning module EpicSurvey (12)
[2014.09.22-22.14.15:067][171]LogModuleManager: Shutting down and abandoning module VisualStudioSourceCodeAccess (10)
[2014.09.22-22.14.15:067][171]LogModuleManager: Shutting down and abandoning module UObjectPlugin (9)
[2014.09.22-22.14.15:067][171]LogModuleManager: Shutting down and abandoning module SubversionSourceControl (8)
[2014.09.22-22.14.15:108][171]LogModuleManager: Shutting down and abandoning module PerforceSourceControl (7)
[2014.09.22-22.14.15:163][171]LogModuleManager: Shutting down and abandoning module BlankPlugin (6)
[2014.09.22-22.14.15:163][171]LogModuleManager: Shutting down and abandoning module CoreUObject (5)
[2014.09.22-22.14.15:194][171]LogModuleManager: Shutting down and abandoning module NetworkFile (4)
[2014.09.22-22.14.15:280][171]LogModuleManager: Shutting down and abandoning module StreamingFile (3)
[2014.09.22-22.14.15:325][171]LogModuleManager: Shutting down and abandoning module SandboxFile (2)
[2014.09.22-22.14.15:444][171]LogModuleManager: Shutting down and abandoning module PakFile (1)
[2014.09.22-22.14.16:404][171]LogExit: Exiting.
[2014.09.22-22.14.28:582][171]Log file closed, 09/22/14 18:14:28
