Log file open, 10/14/14 18:42:30
LogInit:Display: Running engine for game: MyProject2
LogInit: Version: 4.2.0-2092659+++depot+UE4-Releases+4.2
LogInit: Compiled (64-bit): Jun  3 2014 00:56:21
LogInit: Build Configuration: Development
LogInit: Branch Name: ++depot+UE4-Releases+4.2
LogInit: Command line:  
LogInit: Base directory: C:/Program Files/Unreal Engine/4.2/Engine/Binaries/Win64/
LogInit: Rocket: 1
[2014.10.14-22.42.30:542][  0]LogTaskGraph: Started task graph with 3 named threads and 4 total threads.
[2014.10.14-22.42.30:605][  0]LogOnline:Warning: No default platform service specified for OnlineSubsystem
[2014.10.14-22.42.30:722][  0]LogInit: Presizing for 0 objects not considered by GC, pre-allocating 0 bytes.
[2014.10.14-22.42.30:732][  0]LogInit: Object subsystem initialized
[2014.10.14-22.42.30:735][  0]LogInit: Selected Device Profile: [Windows]
[2014.10.14-22.42.30:735][  0]LogInit: Applying CVar settings loaded from the selected device profile: [Windows]
[2014.10.14-22.42.30:769][  0]LogInit: Computer: RSIVALICE
[2014.10.14-22.42.30:769][  0]LogInit: User: ryanw
[2014.10.14-22.42.30:770][  0]LogInit: CPU Page size=4096, Cores=2
[2014.10.14-22.42.30:770][  0]LogInit: High frequency timer resolution =2.338452 MHz
[2014.10.14-22.42.30:770][  0]LogMemory: Memory total: Physical=3.8GB (4GB approx) Virtual=131072.0GB
[2014.10.14-22.42.30:771][  0]LogMemory: Platform Memory Stats for Windows
[2014.10.14-22.42.30:771][  0]LogMemory: Process Physical Memory: 52.35 MB used, 52.43 MB peak
[2014.10.14-22.42.30:771][  0]LogMemory: Process Virtual Memory: 29.32 MB used, 29.43 MB peak
[2014.10.14-22.42.30:771][  0]LogMemory: Physical Memory: 1807.97 MB used, 3941.41 MB total
[2014.10.14-22.42.30:771][  0]LogMemory: Virtual Memory: 245.52 MB used, 134217728.00 MB total
[2014.10.14-22.42.30:783][  0]LogD3D11RHI: Found D3D11 adapter 0: Intel(R) HD Graphics (Feature Level 10_0)
[2014.10.14-22.42.30:783][  0]LogD3D11RHI: Adapter has 32MB of dedicated video memory, 0MB of dedicated system memory, and 1632MB of shared system memory, 1 output[s]
[2014.10.14-22.42.30:784][  0]LogD3D11RHI: Found D3D11 adapter 1: Microsoft Basic Render Driver (Feature Level 11_0)
[2014.10.14-22.42.30:784][  0]LogD3D11RHI: Adapter has 0MB of dedicated video memory, 0MB of dedicated system memory, and 256MB of shared system memory, 0 output[s]
[2014.10.14-22.42.30:784][  0]LogD3D11RHI: Chosen D3D11 Adapter Id = 0
[2014.10.14-22.42.30:789][  0]LogRHI: Texture pool is 593 MB (70% of 848 MB)
[2014.10.14-22.42.30:791][  0]LogD3D11RHI: Async texture creation enabled
[2014.10.14-22.42.31:526][  0]LogContentStreaming: Texture pool size is 0.000000MB
[2014.10.14-22.42.33:832][  0]LogTargetPlatformManager:Display: Building Assets For Windows
[2014.10.14-22.42.34:842][  0]LogTargetPlatformManager:Display: Building Assets For Windows
[2014.10.14-22.42.34:925][  0]LogDerivedDataCache:Display: Max Cache Size: 512 MB
[2014.10.14-22.42.35:519][  0]LogDerivedDataCache: Loaded boot cache 0.59s 34MB C:/Users/ryanw/AppData/Local/UnrealEngine/4.2/DerivedDataCache/Boot.ddc.
[2014.10.14-22.42.35:519][  0]LogDerivedDataCache:Display: Loaded Boot cache: C:/Users/ryanw/AppData/Local/UnrealEngine/4.2/DerivedDataCache/Boot.ddc
[2014.10.14-22.42.35:540][  0]LogDerivedDataCache: FDerivedDataBackendGraph:  Pak pak cache file ../../../../../../Users/ryanw/Documents/GitHub/Space_Vines/Link-Object_prototype_withboxes/DerivedDataCache/DDC.ddp not found, will not use a pak cache.
[2014.10.14-22.42.35:540][  0]LogDerivedDataCache: Unable to find inner node Pak for hierarchical cache Hierarchy.
[2014.10.14-22.42.35:742][  0]LogDerivedDataCache:Display: Pak cache opened for reading ../../../Engine/DerivedDataCache/DDC.ddp.
[2014.10.14-22.42.35:754][  0]LogDerivedDataCache: Using Local data cache path C:/Users/ryanw/AppData/Local/UnrealEngine/4.2/DerivedDataCache: Writable
[2014.10.14-22.42.48:277][  0]LogMeshUtilities: No automatic mesh reduction module available
[2014.10.14-22.42.48:277][  0]LogMeshUtilities: No automatic mesh merging module available
[2014.10.14-22.42.55:634][  0]LogInit: WinSock: version 1.1 (2.2), MaxSocks=32767, MaxUdp=65467
[2014.10.14-22.43.19:346][  0]LogStreaming:Warning: Failed to read file '../../../Engine/Content/Editor/Slate/Icons/ActorIcons/GroupActor_16x.png' error.
[2014.10.14-22.43.19:346][  0]LogSlate: Could not find file for Slate resource: ../../../Engine/Content/Editor/Slate/Icons/ActorIcons/GroupActor_16x.png
[2014.10.14-22.43.19:572][  0]LogStreaming:Warning: Failed to read file '../../../Engine/Content/Editor/Slate/Icons/ActorIcons/DecalActor_16x.png' error.
[2014.10.14-22.43.19:572][  0]LogSlate: Could not find file for Slate resource: ../../../Engine/Content/Editor/Slate/Icons/ActorIcons/DecalActor_16x.png
[2014.10.14-22.43.31:054][  0]UdpMessaging: Initializing bridge on interface 0.0.0.0:0 to multicast group 230.0.0.1:6666.
[2014.10.14-22.43.31:428][  0]SourceControl: Info Source control is disabled
[2014.10.14-22.43.31:428][  0]SourceControl: Info Source control is disabled
[2014.10.14-22.43.31:440][  0]SourceControl: Info Source control is disabled
[2014.10.14-22.43.33:528][  0]BlueprintLog: New page: Editor Load
[2014.10.14-22.43.34:601][  0]LogObj: 19136 objects as part of root set at end of initial load.
[2014.10.14-22.43.34:602][  0]LogUObjectAllocator: 3804656 out of 0 bytes used by permanent object pool.
[2014.10.14-22.43.35:736][  0]LogEngine: Initializing Engine...
[2014.10.14-22.43.36:757][  0]LogInit: XAudio2 using 'Speakers (Realtek High Definition Audio)' : 2 channels at 48 kHz using 32 bits per sample (channel mask 0x3)
[2014.10.14-22.43.36:846][  0]LogInit: FAudioDevice initialized.
[2014.10.14-22.43.37:346][  0]LogDerivedDataCache: Saved boot cache 0.06s 34MB C:/Users/ryanw/AppData/Local/UnrealEngine/4.2/DerivedDataCache/Boot.ddc.
[2014.10.14-22.43.37:359][  0]LogInit: Texture streaming: Enabled
[2014.10.14-22.43.38:435][  0]LogInit: Transaction tracking system initialized
[2014.10.14-22.43.40:521][  0]LogAssetRegistry: FAssetRegistry took 0.0157 seconds to start up
[2014.10.14-22.43.43:446][  0]LogModuleManager:Warning: ModuleManager: Unable to load module '' because the file was not found.
[2014.10.14-22.43.43:465][  0]LogModuleManager:Warning: ModuleManager: Unable to load module '' because the file was not found.
[2014.10.14-22.43.43:905][  0]LogConsoleResponse:Display: 
[2014.10.14-22.43.52:009][  0]SourceControl: Info Source control is disabled
[2014.10.14-22.43.52:072][  0]Cmd: MAP LOAD FILE="../../../../../../Users/ryanw/Documents/GitHub/Space_Vines/Link-Object_prototype_withboxes/Content/Maps/GameLevels/Two.umap" TEMPLATE=0 SHOWPROGRESS=1 WORLDCOMPOSITION=0
[2014.10.14-22.43.52:133][  0]LightingResults: New page: Lighting Build
[2014.10.14-22.43.52:267][  0]MapCheck: New page: Map Check
[2014.10.14-22.43.52:267][  0]LightingResults: New page: Lighting Build
[2014.10.14-22.43.52:636][  0]LogParticles: Destroying 0 GPU particle simulations for FXSystem 0x000000EB435644A0
[2014.10.14-22.44.11:879][  0]LogDerivedDataCache:Warning: FDerivedDataBackendCorruptionWrapper: Corrupted file, ignoring and deleting PhysX_$7b1F0627AE$2dABEB$2d4206$2d8D78$2dE16BEB5DDC7E$7d_PhysXPC_DD94EDAF449440E1338E0D9D08C22C6B__1_0_13073_0.
[2014.10.14-22.44.11:946][  0]LogDerivedDataCache:Warning: FDerivedDataBackendCorruptionWrapper: Corrupted file, ignoring and deleting PhysX_$7b1F0627AE$2dABEB$2d4206$2d8D78$2dE16BEB5DDC7E$7d_PhysXPC_CC04B23E46151A73E59ED2BD3D7E41CA__1_0_13073_0.
[2014.10.14-22.44.11:963][  0]LogDerivedDataCache:Warning: FDerivedDataBackendCorruptionWrapper: Corrupted file, ignoring and deleting PhysX_$7b1F0627AE$2dABEB$2d4206$2d8D78$2dE16BEB5DDC7E$7d_PhysXPC_619C9F434E2C2FDE27C762803C0A4F26__1_0_13073_0.
[2014.10.14-22.44.12:045][  0]LogDerivedDataCache:Warning: FDerivedDataBackendCorruptionWrapper: Corrupted file, ignoring and deleting PhysX_$7b1F0627AE$2dABEB$2d4206$2d8D78$2dE16BEB5DDC7E$7d_PhysXPC_DDBC3D574E513245F1BA2D98C91AFFBE__1_0_13073_0.
[2014.10.14-22.44.14:946][  0]LogMaterial:Warning: Material /Game/lore.lore needed to have new flag set bUsedWithStaticLighting !
[2014.10.14-22.44.14:985][  0]LogMaterial: Missing cached shader map for material lore, compiling.
[2014.10.14-22.44.15:155][  0]LogMaterial: 0.001695 seconds spent updating 1 materials, 1 interfaces, 0 instances, 0 with static permutations.
[2014.10.14-22.44.15:402][  0]LogEditorServer: Finished looking for orphan Actors (0.000 secs)
[2014.10.14-22.44.15:428][  0]Cmd: MAP CHECKDEP
[2014.10.14-22.44.15:428][  0]MapCheck: New page: Two - Oct 14, 2014, 2:44:15 PM
[2014.10.14-22.44.15:639][  0]MapCheck: Info ========== Map Check: 0 Error(s), 0 Warning(s), [53.506ms] ==========
[2014.10.14-22.44.15:639][  0]LogFileHelpers: Loading map 'Two' took 23.584
[2014.10.14-22.44.17:715][  0]LogCollectionManager: Loaded 0 collections in 0.001348 seconds
[2014.10.14-22.44.18:795][  0]LogCrashTracker: Crashtracker disabled due to settings.
[2014.10.14-22.44.18:814][  0]Cmd: MODE PLACEMENT
[2014.10.14-22.44.19:158][  0]LogLoad: Full Startup: 111.66 seconds (BP compile: 0.95 seconds)
[2014.10.14-22.44.20:882][  0]LogRenderer:Warning: Reallocating scene render targets to support 808x584.
[2014.10.14-22.44.22:662][  2]LogAssetRegistry: Asset discovery search completed in 42.1560 seconds
[2014.10.14-22.45.02:127][ 86]LogInstancedFoliage: Map Rebuilt - Update all BSP painted foliage!
[2014.10.14-22.45.19:907][100]LogRenderer:Warning: Reallocating scene render targets to support 808x584.
[2014.10.14-22.45.22:972][301]LogContentStreaming: Texture pool size now 200 MB
[2014.10.14-22.45.31:863][483]Cmd: BRUSH ADD SELECTNEWBRUSH
[2014.10.14-22.45.56:495][483]LogInstancedFoliage: Map Rebuilt - Update all BSP painted foliage!
[2014.10.14-22.46.23:140][ 74]LogEditorViewport: Clicking on Actor (LMB): StaticMeshActor (SM_Template_Map_Floor_65)
[2014.10.14-22.46.28:533][184]LogEditorViewport: Clicking on Actor (LMB): StaticMeshActor (SM_Template_Map_Floor_65)
[2014.10.14-22.46.29:330][202]Cmd: DELETE
[2014.10.14-22.46.29:330][202]Cmd: ACTOR DELETE
[2014.10.14-22.46.29:334][202]LogEditorActor: Deleted Actor: StaticMeshActor
[2014.10.14-22.46.29:588][202]LogEditorActor: Deleted 1 Actors (0.258 secs)
[2014.10.14-22.46.39:891][312]LogInstancedFoliage: Map Rebuilt - Update all BSP painted foliage!
[2014.10.14-22.46.52:233][458]LogInstancedFoliage: Map Rebuilt - Update all BSP painted foliage!
[2014.10.14-22.47.43:274][151]LogInstancedFoliage: Map Rebuilt - Update all BSP painted foliage!
[2014.10.14-22.48.00:531][369]LogInstancedFoliage: Map Rebuilt - Update all BSP painted foliage!
[2014.10.14-22.48.20:459][648]LogInstancedFoliage: Map Rebuilt - Update all BSP painted foliage!
[2014.10.14-22.48.36:756][927]LogInstancedFoliage: Map Rebuilt - Update all BSP painted foliage!
[2014.10.14-22.48.49:619][117]LogInstancedFoliage: Map Rebuilt - Update all BSP painted foliage!
[2014.10.14-22.49.12:031][470]LogInstancedFoliage: Map Rebuilt - Update all BSP painted foliage!
[2014.10.14-22.49.23:709][544]LogInstancedFoliage: Map Rebuilt - Update all BSP painted foliage!
[2014.10.14-22.49.38:726][735]LogInstancedFoliage: Map Rebuilt - Update all BSP painted foliage!
[2014.10.14-22.49.52:963][895]LogInstancedFoliage: Map Rebuilt - Update all BSP painted foliage!
[2014.10.14-22.50.10:982][200]LogInstancedFoliage: Map Rebuilt - Update all BSP painted foliage!
[2014.10.14-22.50.27:097][491]LogInstancedFoliage: Map Rebuilt - Update all BSP painted foliage!
[2014.10.14-22.50.41:818][710]LogInstancedFoliage: Map Rebuilt - Update all BSP painted foliage!
[2014.10.14-22.51.48:537][169]LogInstancedFoliage: Map Rebuilt - Update all BSP painted foliage!
[2014.10.14-22.54.20:916][754]LogSavePackage: Save=1464.955078ms
[2014.10.14-22.54.20:916][754]LogSavePackage: Moving '../../../../../../Users/ryanw/Documents/GitHub/Space_Vines/Link-Object_prototype_withboxes/Saved/Two_Auto1FC985A984E306CCF4376D1AB10504409.tmp' to '../../../../../../Users/ryanw/Documents/GitHub/Space_Vines/Link-Object_prototype_withboxes/Saved/Autosaves/Game/Maps/GameLevels/Two_Auto1.umap'
[2014.10.14-22.54.20:926][754]LogFileHelpers: Editor autosave (incl. sublevels) for '/Game/Maps/GameLevels/Two' took 1.654
[2014.10.14-22.54.20:927][754]LogFileHelpers: Editor autosave (incl. sublevels) for all levels took 1.654
[2014.10.14-23.04.22:615][ 38]LogSavePackage: Save=1460.838135ms
[2014.10.14-23.04.22:618][ 38]LogSavePackage: Moving '../../../../../../Users/ryanw/Documents/GitHub/Space_Vines/Link-Object_prototype_withboxes/Saved/Two_Auto29756C4D04E0A8B7E756B878F26891FF4.tmp' to '../../../../../../Users/ryanw/Documents/GitHub/Space_Vines/Link-Object_prototype_withboxes/Saved/Autosaves/Game/Maps/GameLevels/Two_Auto2.umap'
[2014.10.14-23.04.22:636][ 38]LogFileHelpers: Editor autosave (incl. sublevels) for '/Game/Maps/GameLevels/Two' took 1.640
[2014.10.14-23.04.22:636][ 38]LogFileHelpers: Editor autosave (incl. sublevels) for all levels took 1.640
[2014.10.14-23.07.39:698][532]LogInstancedFoliage: Map Rebuilt - Update all BSP painted foliage!
[2014.10.14-23.08.07:710][982]LogInstancedFoliage: Map Rebuilt - Update all BSP painted foliage!
[2014.10.14-23.08.20:342][120]LogInstancedFoliage: Map Rebuilt - Update all BSP painted foliage!
[2014.10.14-23.09.02:625][995]LogInstancedFoliage: Map Rebuilt - Update all BSP painted foliage!
[2014.10.14-23.09.14:912][212]LogInstancedFoliage: Map Rebuilt - Update all BSP painted foliage!
[2014.10.14-23.10.03:940][424]LogInstancedFoliage: Map Rebuilt - Update all BSP painted foliage!
[2014.10.14-23.10.18:939][701]LogInstancedFoliage: Map Rebuilt - Update all BSP painted foliage!
[2014.10.14-23.10.27:469][835]LogInstancedFoliage: Map Rebuilt - Update all BSP painted foliage!
[2014.10.14-23.10.46:799][177]LogInstancedFoliage: Map Rebuilt - Update all BSP painted foliage!
[2014.10.14-23.10.58:831][311]LogInstancedFoliage: Map Rebuilt - Update all BSP painted foliage!
[2014.10.14-23.11.16:495][724]LogEditorViewport: Clicking on Actor (LMB): StaticMeshActor (SM_Template_Map_Floor_64)
[2014.10.14-23.11.17:880][751]Cmd: DELETE
[2014.10.14-23.11.17:880][751]Cmd: ACTOR DELETE
[2014.10.14-23.11.17:889][751]LogEditorActor: Deleted Actor: StaticMeshActor
[2014.10.14-23.11.17:990][751]LogEditorActor: Deleted 1 Actors (0.106 secs)
[2014.10.14-23.11.25:880][965]Cmd: BRUSH ADD SELECTNEWBRUSH
[2014.10.14-23.11.31:481][965]LogInstancedFoliage: Map Rebuilt - Update all BSP painted foliage!
[2014.10.14-23.11.43:334][114]LogInstancedFoliage: Map Rebuilt - Update all BSP painted foliage!
[2014.10.14-23.11.55:181][322]LogInstancedFoliage: Map Rebuilt - Update all BSP painted foliage!
[2014.10.14-23.12.05:502][488]LogInstancedFoliage: Map Rebuilt - Update all BSP painted foliage!
[2014.10.14-23.12.18:678][674]LogInstancedFoliage: Map Rebuilt - Update all BSP painted foliage!
[2014.10.14-23.12.26:688][785]LogInstancedFoliage: Map Rebuilt - Update all BSP painted foliage!
[2014.10.14-23.12.32:912][866]LogInstancedFoliage: Map Rebuilt - Update all BSP painted foliage!
[2014.10.14-23.12.45:272][980]LogInstancedFoliage: Map Rebuilt - Update all BSP painted foliage!
[2014.10.14-23.12.51:293][ 54]LogInstancedFoliage: Map Rebuilt - Update all BSP painted foliage!
[2014.10.14-23.13.09:089][315]LogInstancedFoliage: Map Rebuilt - Update all BSP painted foliage!
[2014.10.14-23.13.19:305][491]LogInstancedFoliage: Map Rebuilt - Update all BSP painted foliage!
[2014.10.14-23.13.49:327][201]LogInstancedFoliage: Map Rebuilt - Update all BSP painted foliage!
[2014.10.14-23.13.58:174][344]LogInstancedFoliage: Map Rebuilt - Update all BSP painted foliage!
[2014.10.14-23.14.12:810][623]LogInstancedFoliage: Map Rebuilt - Update all BSP painted foliage!
[2014.10.14-23.14.25:881][897]LogInstancedFoliage: Map Rebuilt - Update all BSP painted foliage!
[2014.10.14-23.14.33:453][987]LogInstancedFoliage: Map Rebuilt - Update all BSP painted foliage!
[2014.10.14-23.14.47:071][195]LogInstancedFoliage: Map Rebuilt - Update all BSP painted foliage!
[2014.10.14-23.14.58:383][372]LogInstancedFoliage: Map Rebuilt - Update all BSP painted foliage!
[2014.10.14-23.15.18:298][751]LogInstancedFoliage: Map Rebuilt - Update all BSP painted foliage!
[2014.10.14-23.15.34:005][ 56]LogInstancedFoliage: Map Rebuilt - Update all BSP painted foliage!
[2014.10.14-23.15.45:401][205]LogInstancedFoliage: Map Rebuilt - Update all BSP painted foliage!
[2014.10.14-23.16.22:714][948]LogInstancedFoliage: Map Rebuilt - Update all BSP painted foliage!
[2014.10.14-23.16.39:279][285]LogInstancedFoliage: Map Rebuilt - Update all BSP painted foliage!
[2014.10.14-23.16.53:872][507]LogInstancedFoliage: Map Rebuilt - Update all BSP painted foliage!
[2014.10.14-23.17.17:641][  7]LogInstancedFoliage: Map Rebuilt - Update all BSP painted foliage!
[2014.10.14-23.17.26:275][103]LogInstancedFoliage: Map Rebuilt - Update all BSP painted foliage!
[2014.10.14-23.17.37:026][249]LogInstancedFoliage: Map Rebuilt - Update all BSP painted foliage!
[2014.10.14-23.17.52:916][568]LogInstancedFoliage: Map Rebuilt - Update all BSP painted foliage!
[2014.10.14-23.18.05:732][818]LogInstancedFoliage: Map Rebuilt - Update all BSP painted foliage!
[2014.10.14-23.18.29:513][285]LogInstancedFoliage: Map Rebuilt - Update all BSP painted foliage!
[2014.10.14-23.18.37:925][432]LogInstancedFoliage: Map Rebuilt - Update all BSP painted foliage!
[2014.10.14-23.19.11:921][ 84]LogInstancedFoliage: Map Rebuilt - Update all BSP painted foliage!
[2014.10.14-23.19.20:459][246]LogInstancedFoliage: Map Rebuilt - Update all BSP painted foliage!
[2014.10.14-23.19.27:024][358]LogInstancedFoliage: Map Rebuilt - Update all BSP painted foliage!
[2014.10.14-23.19.37:740][450]LogInstancedFoliage: Map Rebuilt - Update all BSP painted foliage!
[2014.10.14-23.19.46:959][624]LogInstancedFoliage: Map Rebuilt - Update all BSP painted foliage!
[2014.10.14-23.20.02:357][963]LogInstancedFoliage: Map Rebuilt - Update all BSP painted foliage!
[2014.10.14-23.20.12:680][150]LogInstancedFoliage: Map Rebuilt - Update all BSP painted foliage!
[2014.10.14-23.20.25:782][434]LogInstancedFoliage: Map Rebuilt - Update all BSP painted foliage!
[2014.10.14-23.20.32:537][557]LogInstancedFoliage: Map Rebuilt - Update all BSP painted foliage!
[2014.10.14-23.20.46:239][853]LogInstancedFoliage: Map Rebuilt - Update all BSP painted foliage!
[2014.10.14-23.20.54:222][998]LogInstancedFoliage: Map Rebuilt - Update all BSP painted foliage!
[2014.10.14-23.21.11:888][344]LogInstancedFoliage: Map Rebuilt - Update all BSP painted foliage!
[2014.10.14-23.21.21:067][542]LogInstancedFoliage: Map Rebuilt - Update all BSP painted foliage!
[2014.10.14-23.21.27:319][649]LogInstancedFoliage: Map Rebuilt - Update all BSP painted foliage!
[2014.10.14-23.21.34:665][773]LogInstancedFoliage: Map Rebuilt - Update all BSP painted foliage!
[2014.10.14-23.21.41:983][880]LogInstancedFoliage: Map Rebuilt - Update all BSP painted foliage!
[2014.10.14-23.21.47:812][964]LogInstancedFoliage: Map Rebuilt - Update all BSP painted foliage!
[2014.10.14-23.21.56:707][ 98]LogInstancedFoliage: Map Rebuilt - Update all BSP painted foliage!
[2014.10.14-23.22.05:865][173]LogInstancedFoliage: Map Rebuilt - Update all BSP painted foliage!
[2014.10.14-23.22.11:116][251]LogInstancedFoliage: Map Rebuilt - Update all BSP painted foliage!
[2014.10.14-23.22.24:998][560]LogInstancedFoliage: Map Rebuilt - Update all BSP painted foliage!
[2014.10.14-23.24.19:191][875]LogSavePackage: Save=1463.729858ms
[2014.10.14-23.24.19:191][875]LogSavePackage: Moving '../../../../../../Users/ryanw/Documents/GitHub/Space_Vines/Link-Object_prototype_withboxes/Saved/Two_Auto318ACC07F48C0B69417426A9F0CBC83D1.tmp' to '../../../../../../Users/ryanw/Documents/GitHub/Space_Vines/Link-Object_prototype_withboxes/Saved/Autosaves/Game/Maps/GameLevels/Two_Auto3.umap'
[2014.10.14-23.24.19:200][875]LogFileHelpers: Editor autosave (incl. sublevels) for '/Game/Maps/GameLevels/Two' took 1.903
[2014.10.14-23.24.19:200][875]LogFileHelpers: Editor autosave (incl. sublevels) for all levels took 1.903
[2014.10.14-23.26.25:835][445]LogSavePackage: Save=1523.030640ms
[2014.10.14-23.26.25:836][445]LogSavePackage: Moving '../../../../../../Users/ryanw/Documents/GitHub/Space_Vines/Link-Object_prototype_withboxes/Saved/TwoA0FC30B942AD4EB9600A9598F54BC8B9.tmp' to '../../../../../../Users/ryanw/Documents/GitHub/Space_Vines/Link-Object_prototype_withboxes/Content/Maps/GameLevels/Two.umap'
[2014.10.14-23.27.36:183][145]LogContentBrowser:Verbose: The content browser source was changed by the sources view to '/Game/Meshes'
[2014.10.14-23.27.37:553][182]LogContentBrowser:Verbose: The content browser source was changed by the sources view to '/Game/Meshes/Objects'
[2014.10.14-23.27.55:930][745]LogContentBrowser:Verbose: The content browser source was changed by the sources view to '/Game/Meshes/Environment'
[2014.10.14-23.37.39:148][193]Cmd: MAP LOAD FILE="../../../../../../Users/ryanw/Documents/GitHub/Space_Vines/Link-Object_prototype_withboxes/Content/Maps/GameLevels/Three.umap" TEMPLATE=0 SHOWPROGRESS=1 WORLDCOMPOSITION=0
[2014.10.14-23.37.39:312][193]LightingResults: New page: Lighting Build
[2014.10.14-23.37.39:313][193]Cmd: MODE PLACEMENT
[2014.10.14-23.37.39:341][193]LoadErrors: New page: Loading map: Three.umap
[2014.10.14-23.37.39:346][193]MapCheck: New page: Map Check
[2014.10.14-23.37.39:346][193]LightingResults: New page: Lighting Build
[2014.10.14-23.37.39:386][193]LogParticles: Destroying 0 GPU particle simulations for FXSystem 0x000000EB451A7F60
[2014.10.14-23.37.42:805][193]LogMaterial: Missing cached shader map for material Crystal, compiling.
[2014.10.14-23.37.42:859][193]LogMaterial: Missing cached shader map for material ClosedDoor, compiling.
[2014.10.14-23.37.42:863][193]LogMaterial: Missing cached shader map for material Lights, compiling.
[2014.10.14-23.37.42:868][193]LogMaterial: Missing cached shader map for material LightDirect, compiling.
[2014.10.14-23.37.43:127][193]LogMaterial: Missing cached shader map for material Mirror, compiling.
[2014.10.14-23.37.43:131][193]LogMaterial: Missing cached shader map for material VaultDoor, compiling.
[2014.10.14-23.37.43:136][193]LogMaterial: Missing cached shader map for material LoreWall, compiling.
[2014.10.14-23.37.43:139][193]LogMaterial: Missing cached shader map for material notimportant, compiling.
[2014.10.14-23.37.43:143][193]LogMaterial: Missing cached shader map for material MovingBox, compiling.
[2014.10.14-23.37.43:304][193]LogMaterial: Missing cached shader map for material M_CobbleStone_Pebble, compiling.
[2014.10.14-23.37.45:662][193]LogMaterial: Missing cached shader map for material Button, compiling.
[2014.10.14-23.37.45:750][193]LogTexture:Display: Building textures: Texture2D_67 (BGRA8)
[2014.10.14-23.37.45:847][193]LogTexture:Display: Building textures: Texture2D_57 (BGRA8)
[2014.10.14-23.37.45:868][193]LogTexture:Display: Building textures: Texture2D_55 (BGRA8)
[2014.10.14-23.37.45:913][193]LogTexture:Display: Building textures: Texture2D_54 (BGRA8)
[2014.10.14-23.37.45:920][193]LogTexture:Display: Building textures: Texture2D_56 (BGRA8)
[2014.10.14-23.37.45:925][193]LogTexture:Display: Building textures: Texture2D_58 (BGRA8)
[2014.10.14-23.37.45:932][193]LogTexture:Display: Building textures: Texture2D_60 (BGRA8)
[2014.10.14-23.37.45:937][193]LogTexture:Display: Building textures: Texture2D_61 (BGRA8)
[2014.10.14-23.37.46:011][193]LogTexture:Display: Building textures: Texture2D_51 (BGRA8)
[2014.10.14-23.37.46:021][193]LogTexture:Display: Building textures: Texture2D_49 (BGRA8)
[2014.10.14-23.37.46:025][193]LogTexture:Display: Building textures: Texture2D_47 (BGRA8)
[2014.10.14-23.37.46:030][193]LogTexture:Display: Building textures: Texture2D_65 (BGRA8)
[2014.10.14-23.37.46:067][193]LogTexture:Display: Building textures: Texture2D_46 (BGRA8)
[2014.10.14-23.37.46:095][193]LogTexture:Display: Building textures: Texture2D_48 (BGRA8)
[2014.10.14-23.37.46:104][193]LogTexture:Display: Building textures: Texture2D_50 (BGRA8)
[2014.10.14-23.37.46:107][193]LogTexture:Display: Building textures: Texture2D_52 (BGRA8)
[2014.10.14-23.37.46:118][193]LogTexture:Display: Building textures: Texture2D_53 (BGRA8)
[2014.10.14-23.37.46:154][193]LogTexture:Display: Building textures: Texture2D_43 (BGRA8)
[2014.10.14-23.37.46:186][193]LogTexture:Display: Building textures: Texture2D_41 (BGRA8)
[2014.10.14-23.37.46:208][193]LogTexture:Display: Building textures: Texture2D_39 (BGRA8)
[2014.10.14-23.37.46:230][193]LogTexture:Display: Building textures: Texture2D_38 (BGRA8)
[2014.10.14-23.37.46:237][193]LogTexture:Display: Building textures: Texture2D_40 (BGRA8)
[2014.10.14-23.37.46:246][193]LogTexture:Display: Building textures: Texture2D_63 (BGRA8)
[2014.10.14-23.37.46:250][193]LogTexture:Display: Building textures: Texture2D_42 (BGRA8)
[2014.10.14-23.37.46:254][193]LogTexture:Display: Building textures: Texture2D_44 (BGRA8)
[2014.10.14-23.37.46:257][193]LogTexture:Display: Building textures: Texture2D_45 (BGRA8)
[2014.10.14-23.37.46:274][193]LogTexture:Display: Building textures: Texture2D_35 (BGRA8)
[2014.10.14-23.37.46:286][193]LogTexture:Display: Building textures: Texture2D_33 (BGRA8)
[2014.10.14-23.37.46:289][193]LogTexture:Display: Building textures: Texture2D_31 (BGRA8)
[2014.10.14-23.37.46:292][193]LogTexture:Display: Building textures: Texture2D_30 (BGRA8)
[2014.10.14-23.37.46:307][193]LogTexture:Display: Building textures: Texture2D_32 (BGRA8)
[2014.10.14-23.37.46:309][193]LogTexture:Display: Building textures: Texture2D_34 (BGRA8)
[2014.10.14-23.37.46:312][193]LogTexture:Display: Building textures: Texture2D_36 (BGRA8)
[2014.10.14-23.37.46:314][193]LogTexture:Display: Building textures: Texture2D_62 (BGRA8)
[2014.10.14-23.37.46:317][193]LogTexture:Display: Building textures: Texture2D_37 (BGRA8)
[2014.10.14-23.37.46:319][193]LogTexture:Display: Building textures: Texture2D_24 (BGRA8)
[2014.10.14-23.37.46:322][193]LogTexture:Display: Building textures: Texture2D_20 (BGRA8)
[2014.10.14-23.37.46:324][193]LogTexture:Display: Building textures: Texture2D_16 (BGRA8)
[2014.10.14-23.37.46:329][193]LogTexture:Display: Building textures: Texture2D_14 (BGRA8)
[2014.10.14-23.37.46:333][193]LogTexture:Display: Building textures: Texture2D_18 (BGRA8)
[2014.10.14-23.37.46:338][193]LogTexture:Display: Building textures: Texture2D_22 (BGRA8)
[2014.10.14-23.37.46:454][193]LogTexture:Display: Building textures: Texture2D_26 (BGRA8)
[2014.10.14-23.37.46:463][193]LogTexture:Display: Building textures: Texture2D_28 (BGRA8)
[2014.10.14-23.37.46:471][193]LogTexture:Display: Building textures: Texture2D_11 (BGRA8)
[2014.10.14-23.37.46:475][193]LogTexture:Display: Building textures: Texture2D_64 (BGRA8)
[2014.10.14-23.37.46:479][193]LogTexture:Display: Building textures: Texture2D_9 (BGRA8)
[2014.10.14-23.37.46:489][193]LogTexture:Display: Building textures: Texture2D_7 (BGRA8)
[2014.10.14-23.37.46:491][193]LogTexture:Display: Building textures: Texture2D_8 (BGRA8)
[2014.10.14-23.37.46:495][193]LogTexture:Display: Building textures: Texture2D_10 (BGRA8)
[2014.10.14-23.37.46:498][193]LogTexture:Display: Building textures: Texture2D_12 (BGRA8)
[2014.10.14-23.37.46:500][193]LogTexture:Display: Building textures: Texture2D_25 (BGRA8)
[2014.10.14-23.37.46:502][193]LogTexture:Display: Building textures: Texture2D_21 (BGRA8)
[2014.10.14-23.37.46:505][193]LogTexture:Display: Building textures: Texture2D_17 (BGRA8)
[2014.10.14-23.37.46:507][193]LogTexture:Display: Building textures: Texture2D_66 (BGRA8)
[2014.10.14-23.37.46:511][193]LogTexture:Display: Building textures: Texture2D_15 (BGRA8)
[2014.10.14-23.37.46:513][193]LogTexture:Display: Building textures: Texture2D_19 (BGRA8)
[2014.10.14-23.37.46:517][193]LogTexture:Display: Building textures: Texture2D_23 (BGRA8)
[2014.10.14-23.37.46:521][193]LogTexture:Display: Building textures: Texture2D_27 (BGRA8)
[2014.10.14-23.37.46:526][193]LogTexture:Display: Building textures: Texture2D_68 (BGRA8)
[2014.10.14-23.37.46:531][193]LogTexture:Display: Building textures: Texture2D_69 (BGRA8)
[2014.10.14-23.37.46:535][193]LogTexture:Display: Building textures: Texture2D_59 (BGRA8)
[2014.10.14-23.37.46:540][193]LogTexture:Display: Building textures: HQ_Lightmap0_1 (AutoDXT)
[2014.10.14-23.37.46:824][193]LogTexture:Display: Building textures: HQ_Lightmap0_21 (AutoDXT)
[2014.10.14-23.37.46:863][193]LogTexture:Display: Building textures: LQ_Lightmap_0_1 (DXT1)
[2014.10.14-23.37.46:875][193]LogTexture:Display: Building textures: LQ_Lightmap_0_21 (DXT1)
[2014.10.14-23.37.46:920][193]LogTexture:Display: Building textures: ShadowMapTexture2D_130 (BGRA8)
[2014.10.14-23.37.46:926][193]LogTexture:Display: Building textures: ShadowMapTexture2D_150 (BGRA8)
[2014.10.14-23.37.47:390][193]LogMaterial:Warning: Material /Game/Materials/Objects/lambert1.lambert1 needed to have new flag set bUsedWithStaticLighting !
[2014.10.14-23.37.47:404][193]LogMaterial: Missing cached shader map for material lambert1, compiling.
[2014.10.14-23.37.47:407][193]LogMaterial: 0.000136 seconds spent updating 1 materials, 1 interfaces, 0 instances, 0 with static permutations.
[2014.10.14-23.37.47:407][193]LogMaterial:Warning: Material /Game/Materials/Objects/blinn1.blinn1 needed to have new flag set bUsedWithStaticLighting !
[2014.10.14-23.37.47:409][193]LogMaterial: Missing cached shader map for material blinn1, compiling.
[2014.10.14-23.37.47:411][193]LogMaterial: 0.000112 seconds spent updating 1 materials, 1 interfaces, 0 instances, 0 with static permutations.
[2014.10.14-23.37.47:411][193]LogMaterial:Warning: Material /Game/Materials/Objects/blinn2.blinn2 needed to have new flag set bUsedWithStaticLighting !
[2014.10.14-23.37.47:413][193]LogMaterial: Missing cached shader map for material blinn2, compiling.
[2014.10.14-23.37.47:416][193]LogMaterial: 0.000774 seconds spent updating 1 materials, 1 interfaces, 0 instances, 0 with static permutations.
[2014.10.14-23.37.47:532][193]LogEditorServer: Finished looking for orphan Actors (0.000 secs)
[2014.10.14-23.37.47:625][193]Cmd: MAP CHECKDEP
[2014.10.14-23.37.47:625][193]MapCheck: New page: Three - Oct 14, 2014, 3:37:47 PM
[2014.10.14-23.37.47:707][193]MapCheck: Info ========== Map Check: 0 Error(s), 0 Warning(s), [81.002ms] ==========
[2014.10.14-23.37.47:707][193]LogFileHelpers: Loading map 'Three' took 8.558
[2014.10.14-23.37.47:943][194]Cmd: UpdateLandscapeEditorData -warnings
[2014.10.14-23.37.47:943][194]Cmd: UpdateLandscapeEditorData
[2014.10.15-00.04.44:887][185]LogContentBrowser:Verbose: The content browser source was changed by the sources view to '/Game/Materials'
[2014.10.15-00.04.53:143][332]LogContentBrowser:Verbose: The content browser source was changed by the sources view to '/Game/Materials/ColorCodes'
[2014.10.15-00.07.20:141][740]LogEditorViewport: Clicking on Actor (LMB): StaticMeshActor (Model_Pillar_5)
[2014.10.15-00.07.58:109][396]Cmd: QUIT_EDITOR
[2014.10.15-00.07.58:631][396]LogWindowsTextInputMethodSystem:Error: Terminating failed while unadvising the language notification sink from the TSF source.
[2014.10.15-00.07.58:788][396]LogExit: Preparing to exit.
[2014.10.15-00.08.01:079][396]LogExit: Editor shut down
[2014.10.15-00.08.01:080][396]LogExit: Transaction tracking system shut down
[2014.10.15-00.08.01:084][396]LogParticles: Destroying 0 GPU particle simulations for FXSystem 0x000000EB5B793D80
[2014.10.15-00.08.01:084][396]LogParticles: Destroying 0 GPU particle simulations for FXSystem 0x000000EB503CA160
[2014.10.15-00.08.01:091][396]LogParticles: Destroying 0 GPU particle simulations for FXSystem 0x000000EB7054B240
[2014.10.15-00.08.03:043][396]LogExit: Object subsystem successfully closed.
[2014.10.15-00.08.05:290][396]LogModuleManager: Shutting down and abandoning module AndroidDeviceDetection (164)
[2014.10.15-00.08.05:301][396]LogModuleManager: Shutting down and abandoning module CrashTracker (163)
[2014.10.15-00.08.05:301][396]LogModuleManager: Shutting down and abandoning module HTTP (162)
[2014.10.15-00.08.05:302][396]LogModuleManager: Shutting down and abandoning module NewsFeed (161)
[2014.10.15-00.08.05:340][396]LogModuleManager: Shutting down and abandoning module SceneOutliner (160)
[2014.10.15-00.08.05:340][396]LogModuleManager: Shutting down and abandoning module EditorWidgets (159)
[2014.10.15-00.08.05:340][396]LogModuleManager: Shutting down and abandoning module CollectionManager (158)
[2014.10.15-00.08.05:353][396]LogModuleManager: Shutting down and abandoning module StatsViewer (157)
[2014.10.15-00.08.05:376][396]LogModuleManager: Shutting down and abandoning module FoliageEdit (156)
[2014.10.15-00.08.05:526][396]LogModuleManager: Shutting down and abandoning module LandscapeEditor (155)
[2014.10.15-00.08.05:689][396]LogModuleManager: Shutting down and abandoning module MeshPaint (154)
[2014.10.15-00.08.05:861][396]LogModuleManager: Shutting down and abandoning module ActorPickerMode (153)
[2014.10.15-00.08.05:882][396]LogModuleManager: Shutting down and abandoning module GeometryMode (152)
[2014.10.15-00.08.05:903][396]LogModuleManager: Shutting down and abandoning module TextureAlignMode (151)
[2014.10.15-00.08.06:027][396]LogModuleManager: Shutting down and abandoning module BspMode (150)
[2014.10.15-00.08.06:063][396]LogModuleManager: Shutting down and abandoning module PlacementMode (149)
[2014.10.15-00.08.06:064][396]LogModuleManager: Shutting down and abandoning module AutomationWorker (148)
[2014.10.15-00.08.06:064][396]LogModuleManager: Shutting down and abandoning module ViewportSnapping (147)
[2014.10.15-00.08.06:064][396]LogModuleManager: Shutting down and abandoning module DeviceProfileEditor (146)
[2014.10.15-00.08.06:090][396]LogModuleManager: Shutting down and abandoning module UndoHistory (145)
[2014.10.15-00.08.06:090][396]LogModuleManager: Shutting down and abandoning module GameplayTagsEditor (144)
[2014.10.15-00.08.06:090][396]LogModuleManager: Shutting down and abandoning module UserFeedback (143)
[2014.10.15-00.08.06:090][396]LogModuleManager: Shutting down and abandoning module XmlParser (142)
[2014.10.15-00.08.06:116][396]LogModuleManager: Shutting down and abandoning module Blutility (141)
[2014.10.15-00.08.06:116][396]LogModuleManager: Shutting down and abandoning module AndroidPlatformEditor (138)
[2014.10.15-00.08.06:116][396]LogModuleManager: Shutting down and abandoning module AndroidRuntimeSettings (137)
[2014.10.15-00.08.06:116][396]LogModuleManager: Shutting down and abandoning module ProjectSettingsViewer (136)
[2014.10.15-00.08.06:116][396]LogModuleManager: Shutting down and abandoning module InputBindingEditor (135)
[2014.10.15-00.08.06:162][396]LogModuleManager: Shutting down and abandoning module EditorSettingsViewer (134)
[2014.10.15-00.08.06:163][396]LogModuleManager: Shutting down and abandoning module SettingsEditor (133)
[2014.10.15-00.08.06:189][396]LogModuleManager: Shutting down and abandoning module SessionLauncher (132)
[2014.10.15-00.08.06:230][396]LogModuleManager: Shutting down and abandoning module SessionFrontend (131)
[2014.10.15-00.08.06:278][396]LogModuleManager: Shutting down and abandoning module ProfilerClient (130)
[2014.10.15-00.08.06:293][396]LogModuleManager: Shutting down and abandoning module TargetDeviceServices (129)
[2014.10.15-00.08.06:293][396]LogModuleManager: Shutting down and abandoning module DeviceManager (128)
[2014.10.15-00.08.06:367][396]LogModuleManager: Shutting down and abandoning module AutomationController (127)
[2014.10.15-00.08.06:375][396]LogModuleManager: Shutting down and abandoning module AutomationWindow (126)
[2014.10.15-00.08.06:399][396]LogModuleManager: Shutting down and abandoning module Layers (125)
[2014.10.15-00.08.06:399][396]LogModuleManager: Shutting down and abandoning module ComponentVisualizers (124)
[2014.10.15-00.08.06:399][396]LogModuleManager: Shutting down and abandoning module DetailCustomizations (123)
[2014.10.15-00.08.06:532][396]LogModuleManager: Shutting down and abandoning module PackagesDialog (122)
[2014.10.15-00.08.06:588][396]LogModuleManager: Shutting down and abandoning module PropertyEditor (121)
[2014.10.15-00.08.06:588][396]LogModuleManager: Shutting down and abandoning module DirectoryWatcher (120)
[2014.10.15-00.08.06:590][396]LogModuleManager: Shutting down and abandoning module AssetRegistry (119)
[2014.10.15-00.08.06:675][396]LogModuleManager: Shutting down and abandoning module Persona (118)
[2014.10.15-00.08.07:595][396]LogModuleManager: Shutting down and abandoning module GraphEditor (117)
[2014.10.15-00.08.07:678][396]LogModuleManager: Shutting down and abandoning module ContentBrowser (116)
[2014.10.15-00.08.07:678][396]LogModuleManager: Shutting down and abandoning module ClassViewer (115)
[2014.10.15-00.08.07:733][396]LogModuleManager: Shutting down and abandoning module Toolbox (114)
[2014.10.15-00.08.07:733][396]LogModuleManager: Shutting down and abandoning module ModuleUI (113)
[2014.10.15-00.08.07:745][396]LogModuleManager: Shutting down and abandoning module Sequencer (112)
[2014.10.15-00.08.07:805][396]LogModuleManager: Shutting down and abandoning module AssetTools (111)
[2014.10.15-00.08.07:943][396]LogModuleManager: Shutting down and abandoning module MovieSceneTools (110)
[2014.10.15-00.08.07:964][396]LogModuleManager: Shutting down and abandoning module OutputLog (109)
[2014.10.15-00.08.07:964][396]LogModuleManager: Shutting down and abandoning module GammaUI (108)
[2014.10.15-00.08.08:069][396]LogModuleManager: Shutting down and abandoning module Documentation (107)
[2014.10.15-00.08.08:069][396]LogModuleManager: Shutting down and abandoning module DesktopPlatform (106)
[2014.10.15-00.08.08:116][396]LogModuleManager: Shutting down and abandoning module StreamingPauseRendering (105)
[2014.10.15-00.08.08:172][396]LogModuleManager: Shutting down and abandoning module AnalyticsET (104)
[2014.10.15-00.08.08:172][396]LogModuleManager: Shutting down and abandoning module Analytics (103)
[2014.10.15-00.08.08:172][396]LogModuleManager: Shutting down and abandoning module ProfilerService (102)
[2014.10.15-00.08.08:318][396]LogModuleManager: Shutting down and abandoning module TaskGraph (101)
[2014.10.15-00.08.08:355][396]LogModuleManager: Shutting down and abandoning module GameProjectGeneration (100)
[2014.10.15-00.08.08:355][396]LogModuleManager: Shutting down and abandoning module Matinee (99)
[2014.10.15-00.08.08:455][396]LogModuleManager: Shutting down and abandoning module Kismet (98)
[2014.10.15-00.08.08:556][396]LogModuleManager: Shutting down and abandoning module SlateReflector (97)
[2014.10.15-00.08.08:556][396]LogModuleManager: Shutting down and abandoning module LevelEditor (96)
[2014.10.15-00.08.08:567][396]LogModuleManager: Shutting down and abandoning module MainFrame (95)
[2014.10.15-00.08.08:567][396]LogModuleManager: Shutting down and abandoning module SourceControl (94)
[2014.10.15-00.08.08:567][396]LogModuleManager: Shutting down and abandoning module ImageWrapper (93)
[2014.10.15-00.08.08:567][396]LogModuleManager: Shutting down and abandoning module OnlineBlueprintSupport (92)
[2014.10.15-00.08.08:567][396]LogModuleManager: Shutting down and abandoning module FunctionalTesting (91)
[2014.10.15-00.08.08:588][396]LogModuleManager: Shutting down and abandoning module CollisionAnalyzer (90)
[2014.10.15-00.08.08:617][396]LogModuleManager: Shutting down and abandoning module WorkspaceMenuStructure (89)
[2014.10.15-00.08.08:617][396]LogModuleManager: Shutting down and abandoning module MessageLog (88)
[2014.10.15-00.08.08:617][396]LogModuleManager: Shutting down and abandoning module Slate (87)
[2014.10.15-00.08.08:617][396]LogModuleManager: Shutting down and abandoning module EditorStyle (86)
[2014.10.15-00.08.08:619][396]LogModuleManager: Shutting down and abandoning module SessionServices (85)
[2014.10.15-00.08.08:619][396]LogModuleManager: Shutting down and abandoning module Messaging (84)
[2014.10.15-00.08.08:619][396]LogModuleManager: Shutting down and abandoning module SourceCodeAccess (83)
[2014.10.15-00.08.08:619][396]LogModuleManager: Shutting down and abandoning module HeadMountedDisplay (82)
[2014.10.15-00.08.08:619][396]LogModuleManager: Shutting down and abandoning module XAudio2 (81)
[2014.10.15-00.08.08:619][396]LogModuleManager: Shutting down and abandoning module Networking (79)
[2014.10.15-00.08.08:619][396]LogModuleManager: Shutting down and abandoning module Core (78)
[2014.10.15-00.08.08:619][396]LogModuleManager: Shutting down and abandoning module KismetCompiler (77)
[2014.10.15-00.08.08:694][396]LogModuleManager: Shutting down and abandoning module PhysXFormats (76)
[2014.10.15-00.08.08:694][396]LogModuleManager: Shutting down and abandoning module SimplygonMeshReduction (75)
[2014.10.15-00.08.08:740][396]LogModuleManager: Shutting down and abandoning module MeshUtilities (74)
[2014.10.15-00.08.08:758][396]LogModuleManager: Shutting down and abandoning module DerivedDataCache (73)
[2014.10.15-00.08.08:789][396]LogDerivedDataCache: Shutdown
[2014.10.15-00.08.08:789][396]LogModuleManager: Shutting down and abandoning module ShaderFormatOpenGL (72)
[2014.10.15-00.08.08:823][396]LogModuleManager: Shutting down and abandoning module ShaderFormatD3D (71)
[2014.10.15-00.08.08:844][396]LogModuleManager: Shutting down and abandoning module TextureFormatUncompressed (70)
[2014.10.15-00.08.08:844][396]LogModuleManager: Shutting down and abandoning module TextureFormatPVR (69)
[2014.10.15-00.08.08:854][396]LogModuleManager: Shutting down and abandoning module TextureFormatDXT (68)
[2014.10.15-00.08.08:854][396]LogModuleManager: Shutting down and abandoning module TextureFormatAndroid (67)
[2014.10.15-00.08.08:854][396]LogModuleManager: Shutting down and abandoning module AudioFormatOpus (66)
[2014.10.15-00.08.08:854][396]LogModuleManager: Shutting down and abandoning module AudioFormatOgg (65)
[2014.10.15-00.08.08:854][396]LogModuleManager: Shutting down and abandoning module AudioFormatADPCM (64)
[2014.10.15-00.08.08:854][396]LogModuleManager: Shutting down and abandoning module Android_PVRTCTargetPlatform (63)
[2014.10.15-00.08.08:854][396]LogModuleManager: Shutting down and abandoning module Android_ETC2TargetPlatform (62)
[2014.10.15-00.08.08:854][396]LogModuleManager: Shutting down and abandoning module Android_ETC1TargetPlatform (61)
[2014.10.15-00.08.08:854][396]LogModuleManager: Shutting down and abandoning module Android_DXTTargetPlatform (60)
[2014.10.15-00.08.08:854][396]LogModuleManager: Shutting down and abandoning module Android_ATCTargetPlatform (59)
[2014.10.15-00.08.08:854][396]LogModuleManager: Shutting down and abandoning module AndroidTargetPlatform (58)
[2014.10.15-00.08.08:854][396]LogModuleManager: Shutting down and abandoning module WindowsTargetPlatform (57)
[2014.10.15-00.08.08:854][396]LogModuleManager: Shutting down and abandoning module WindowsServerTargetPlatform (56)
[2014.10.15-00.08.08:854][396]LogModuleManager: Shutting down and abandoning module WindowsNoEditorTargetPlatform (55)
[2014.10.15-00.08.08:854][396]LogModuleManager: Shutting down and abandoning module WindowsClientTargetPlatform (54)
[2014.10.15-00.08.08:854][396]LogModuleManager: Shutting down and abandoning module TargetPlatform (53)
[2014.10.15-00.08.08:854][396]LogModuleManager: Shutting down and abandoning module InputCore (52)
[2014.10.15-00.08.08:869][396]LogModuleManager: Shutting down and abandoning module Settings (51)
[2014.10.15-00.08.08:869][396]LogModuleManager: Shutting down and abandoning module TextureCompressor (48)
[2014.10.15-00.08.08:869][396]LogModuleManager: Shutting down and abandoning module ShaderCore (47)
[2014.10.15-00.08.08:869][396]LogModuleManager: Shutting down and abandoning module OpenGLDrv (46)
[2014.10.15-00.08.08:869][396]LogModuleManager: Shutting down and abandoning module D3D11RHI (45)
[2014.10.15-00.08.08:869][396]LogModuleManager: Shutting down and abandoning module SlateRHIRenderer (44)
[2014.10.15-00.08.08:869][396]LogModuleManager: Shutting down and abandoning module Renderer (43)
[2014.10.15-00.08.08:869][396]LogModuleManager: Shutting down and abandoning module Engine (42)
[2014.10.15-00.08.08:869][396]LogModuleManager: Shutting down and abandoning module SlateRemote (41)
[2014.10.15-00.08.08:869][396]LogModuleManager: Shutting down and abandoning module ScriptPlugin (40)
[2014.10.15-00.08.08:885][396]LogModuleManager: Shutting down and abandoning module ScriptEditorPlugin (38)
[2014.10.15-00.08.08:885][396]LogModuleManager: Shutting down and abandoning module WindowsMoviePlayer (37)
[2014.10.15-00.08.08:983][396]LogModuleManager: Shutting down and abandoning module ExampleDeviceProfileSelector (32)
[2014.10.15-00.08.08:983][396]LogModuleManager: Shutting down and abandoning module CustomMeshComponent (31)
[2014.10.15-00.08.08:983][396]LogModuleManager: Shutting down and abandoning module CableComponent (30)
[2014.10.15-00.08.08:983][396]LogModuleManager: Shutting down and abandoning module OculusRift (26)
[2014.10.15-00.08.09:036][396]LogModuleManager: Shutting down and abandoning module UdpMessaging (25)
[2014.10.15-00.08.09:137][396]LogModuleManager: Shutting down and abandoning module MessagingDebugger (24)
[2014.10.15-00.08.09:203][396]LogModuleManager: Shutting down and abandoning module PluginsEditor (14)
[2014.10.15-00.08.09:262][396]LogModuleManager: Shutting down and abandoning module IntroTutorials (13)
[2014.10.15-00.08.09:316][396]LogModuleManager: Shutting down and abandoning module EpicSurvey (12)
[2014.10.15-00.08.09:334][396]LogModuleManager: Shutting down and abandoning module VisualStudioSourceCodeAccess (10)
[2014.10.15-00.08.09:334][396]LogModuleManager: Shutting down and abandoning module UObjectPlugin (9)
[2014.10.15-00.08.09:334][396]LogModuleManager: Shutting down and abandoning module SubversionSourceControl (8)
[2014.10.15-00.08.09:342][396]LogModuleManager: Shutting down and abandoning module PerforceSourceControl (7)
[2014.10.15-00.08.09:411][396]LogModuleManager: Shutting down and abandoning module BlankPlugin (6)
[2014.10.15-00.08.09:411][396]LogModuleManager: Shutting down and abandoning module CoreUObject (5)
[2014.10.15-00.08.09:411][396]LogModuleManager: Shutting down and abandoning module NetworkFile (4)
[2014.10.15-00.08.09:442][396]LogModuleManager: Shutting down and abandoning module StreamingFile (3)
[2014.10.15-00.08.09:449][396]LogModuleManager: Shutting down and abandoning module SandboxFile (2)
[2014.10.15-00.08.09:489][396]LogModuleManager: Shutting down and abandoning module PakFile (1)
[2014.10.15-00.08.09:498][396]LogExit: Exiting.
[2014.10.15-00.08.09:595][396]Log file closed, 10/14/14 20:08:09
