Log file open, 10/26/14 01:21:16
LogInit:Display: Running engine for game: MyProject2
LogInit: Version: 4.2.1-2101290+++depot+UE4-Releases+4.2
LogInit: Compiled (64-bit): Jun 10 2014 22:21:56
LogInit: Build Configuration: Development
LogInit: Branch Name: ++depot+UE4-Releases+4.2
LogInit: Command line:  
LogInit: Base directory: C:/Program Files/Unreal Engine/4.2/Engine/Binaries/Win64/
LogInit: Rocket: 1
[2014.10.26-05.21.16:674][  0]LogTaskGraph: Started task graph with 3 named threads and 4 total threads.
[2014.10.26-05.21.16:718][  0]LogOnline:Warning: No default platform service specified for OnlineSubsystem
[2014.10.26-05.21.17:198][  0]LogInit: Presizing for 0 objects not considered by GC, pre-allocating 0 bytes.
[2014.10.26-05.21.17:208][  0]LogInit: Object subsystem initialized
[2014.10.26-05.21.17:211][  0]LogInit: Selected Device Profile: [Windows]
[2014.10.26-05.21.17:211][  0]LogInit: Applying CVar settings loaded from the selected device profile: [Windows]
[2014.10.26-05.21.17:296][  0]LogInit: Computer: VERONICA
[2014.10.26-05.21.17:296][  0]LogInit: User: Zeetermin
[2014.10.26-05.21.17:297][  0]LogInit: CPU Page size=4096, Cores=4
[2014.10.26-05.21.17:297][  0]LogInit: High frequency timer resolution =2.597714 MHz
[2014.10.26-05.21.17:297][  0]LogMemory: Memory total: Physical=6.0GB (6GB approx) Virtual=8192.0GB
[2014.10.26-05.21.17:298][  0]LogMemory: Platform Memory Stats for Windows
[2014.10.26-05.21.17:298][  0]LogMemory: Process Physical Memory: 54.81 MB used, 54.81 MB peak
[2014.10.26-05.21.17:298][  0]LogMemory: Process Virtual Memory: 31.72 MB used, 31.94 MB peak
[2014.10.26-05.21.17:298][  0]LogMemory: Physical Memory: 4299.19 MB used, 6135.18 MB total
[2014.10.26-05.21.17:298][  0]LogMemory: Virtual Memory: 236.93 MB used, 8388608.00 MB total
[2014.10.26-05.21.18:907][  0]LogD3D11RHI: Found D3D11 adapter 0: AMD Radeon R7 200 Series (Feature Level 11_0)
[2014.10.26-05.21.18:907][  0]LogD3D11RHI: Adapter has 2033MB of dedicated video memory, 0MB of dedicated system memory, and 2811MB of shared system memory, 2 output[s]
[2014.10.26-05.21.18:907][  0]LogD3D11RHI: Chosen D3D11 Adapter Id = 0
[2014.10.26-05.21.18:920][  0]LogRHI: Texture pool is 1361 MB (70% of 1945 MB)
[2014.10.26-05.21.18:973][  0]LogD3D11RHI: Async texture creation disabled: no driver support
[2014.10.26-05.21.21:541][  0]LogContentStreaming: Texture pool size is 0.000000MB
[2014.10.26-05.21.28:364][  0]LogTargetPlatformManager:Display: Building Assets For Windows
[2014.10.26-05.21.29:427][  0]LogTargetPlatformManager:Display: Building Assets For Windows
[2014.10.26-05.21.29:542][  0]LogDerivedDataCache:Display: Max Cache Size: 512 MB
[2014.10.26-05.21.30:879][  0]LogDerivedDataCache: Loaded boot cache 1.31s 39MB C:/Users/Zeetermin/AppData/Local/UnrealEngine/4.2/DerivedDataCache/Boot.ddc.
[2014.10.26-05.21.30:879][  0]LogDerivedDataCache:Display: Loaded Boot cache: C:/Users/Zeetermin/AppData/Local/UnrealEngine/4.2/DerivedDataCache/Boot.ddc
[2014.10.26-05.21.30:880][  0]LogDerivedDataCache: FDerivedDataBackendGraph:  Pak pak cache file ../../../../../../Users/Zeetermin/Documents/2014 Fall/SpaceVines/Space_Vines/Link-Object_prototype_withboxes/DerivedDataCache/DDC.ddp not found, will not use a pak cache.
[2014.10.26-05.21.30:880][  0]LogDerivedDataCache: Unable to find inner node Pak for hierarchical cache Hierarchy.
[2014.10.26-05.21.31:069][  0]LogDerivedDataCache:Display: Pak cache opened for reading ../../../Engine/DerivedDataCache/DDC.ddp.
[2014.10.26-05.21.31:081][  0]LogDerivedDataCache: Using Local data cache path C:/Users/Zeetermin/AppData/Local/UnrealEngine/4.2/DerivedDataCache: Writable
[2014.10.26-05.21.34:741][  0]LogMeshUtilities: No automatic mesh reduction module available
[2014.10.26-05.21.34:741][  0]LogMeshUtilities: No automatic mesh merging module available
[2014.10.26-05.21.37:988][  0]LogInit: WinSock: version 1.1 (2.2), MaxSocks=32767, MaxUdp=65467
[2014.10.26-05.21.58:793][  0]LogStreaming:Warning: Failed to read file '../../../Engine/Content/Editor/Slate/Icons/ActorIcons/GroupActor_16x.png' error.
[2014.10.26-05.21.58:793][  0]LogSlate: Could not find file for Slate resource: ../../../Engine/Content/Editor/Slate/Icons/ActorIcons/GroupActor_16x.png
[2014.10.26-05.21.59:012][  0]LogStreaming:Warning: Failed to read file '../../../Engine/Content/Editor/Slate/Icons/ActorIcons/DecalActor_16x.png' error.
[2014.10.26-05.21.59:012][  0]LogSlate: Could not find file for Slate resource: ../../../Engine/Content/Editor/Slate/Icons/ActorIcons/DecalActor_16x.png
[2014.10.26-05.22.06:331][  0]UdpMessaging: Initializing bridge on interface 0.0.0.0:0 to multicast group 230.0.0.1:6666.
[2014.10.26-05.22.07:039][  0]SourceControl: Info Source control is disabled
[2014.10.26-05.22.07:039][  0]SourceControl: Info Source control is disabled
[2014.10.26-05.22.07:053][  0]SourceControl: Info Source control is disabled
[2014.10.26-05.22.08:432][  0]BlueprintLog: New page: Editor Load
[2014.10.26-05.22.09:767][  0]LogObj: 19137 objects as part of root set at end of initial load.
[2014.10.26-05.22.09:767][  0]LogUObjectAllocator: 3804784 out of 0 bytes used by permanent object pool.
[2014.10.26-05.22.10:502][  0]LogEngine: Initializing Engine...
[2014.10.26-05.22.11:306][  0]LogInit: XAudio2 using 'Speakers (High Definition Audio Device)' : 2 channels at 44.1 kHz using 16 bits per sample (channel mask 0x3)
[2014.10.26-05.22.11:335][  0]LogInit: FAudioDevice initialized.
[2014.10.26-05.22.11:402][  0]LogDerivedDataCache: Saved boot cache 0.06s 39MB C:/Users/Zeetermin/AppData/Local/UnrealEngine/4.2/DerivedDataCache/Boot.ddc.
[2014.10.26-05.22.11:410][  0]LogInit: Texture streaming: Enabled
[2014.10.26-05.22.12:763][  0]LogInit: Transaction tracking system initialized
[2014.10.26-05.22.16:724][  0]LogAssetRegistry: FAssetRegistry took 0.0097 seconds to start up
[2014.10.26-05.22.23:268][  0]LogModuleManager:Warning: ModuleManager: Unable to load module '' because the file was not found.
[2014.10.26-05.22.23:283][  0]LogModuleManager:Warning: ModuleManager: Unable to load module '' because the file was not found.
[2014.10.26-05.22.24:657][  0]LogConsoleResponse:Display: 
[2014.10.26-05.22.33:759][  0]SourceControl: Info Source control is disabled
[2014.10.26-05.22.33:829][  0]LightingResults: New page: Lighting Build
[2014.10.26-05.22.33:854][  0]MapCheck: New page: Map Check
[2014.10.26-05.22.33:854][  0]LightingResults: New page: Lighting Build
[2014.10.26-05.22.33:871][  0]LogParticles: Destroying 0 GPU particle simulations for FXSystem 0x00000000111C9580
[2014.10.26-05.23.55:742][  0]LogEditorServer: Finished looking for orphan Actors (0.000 secs)
[2014.10.26-05.23.55:744][  0]Cmd: MAP CHECKDEP
[2014.10.26-05.23.55:745][  0]MapCheck: New page: Two - Oct 25, 2014, 9:23:55 PM
[2014.10.26-05.23.55:837][  0]MapCheck: Info ========== Map Check: 0 Error(s), 0 Warning(s), [91.033ms] ==========
[2014.10.26-05.23.55:837][  0]LogFileHelpers: Loading map 'Two' took 82.076
[2014.10.26-05.23.56:157][  0]LogCollectionManager: Loaded 0 collections in 0.001726 seconds
[2014.10.26-05.23.56:180][  0]LogContentBrowser:Verbose: The content browser source was changed by the sources view to '/Game'
[2014.10.26-05.24.02:254][  0]LogCrashTracker: Crashtracker disabled due to settings.
[2014.10.26-05.24.02:255][  0]Cmd: MODE PLACEMENT
[2014.10.26-05.24.02:306][  0]LogLoad: Full Startup: 177.26 seconds (BP compile: 0.10 seconds)
[2014.10.26-05.24.03:436][  0]LogRenderer:Warning: Reallocating scene render targets to support 32x32.
[2014.10.26-05.24.03:679][  0]LogRenderer:Warning: Reallocating scene render targets to support 1040x968.
[2014.10.26-05.24.03:893][  1]LogEpicStorage:Warning: EnumerateFiles request failed. Invalid response. code=403 error=<?xml version="1.0" encoding="UTF-8"?>
<Error><Code>AccessDenied</Code><Message>Access Denied</Message><RequestId>51FEDB69CB457978</RequestId><HostId>DD2p8dajTJGnrksV+DkgsxJyBmk2z4hjahlq5GUh8mY/gGOMlMQwjKcD7wAgYFlh</HostId></Error>
[2014.10.26-05.24.03:933][  2]LogEpicSurvey:Warning: EnumerateFiles request failed. Invalid response. code=403 error=<?xml version="1.0" encoding="UTF-8"?>
<Error><Code>AccessDenied</Code><Message>Access Denied</Message><RequestId>13FA1F8AFF1F4E1B</RequestId><HostId>073CtGfhDoImFaBNT/RRjYcDga2VTf09fziaAsGEsO6ijBQDxZRoIp9UlWNKSDOucTybysPvHYM=</HostId></Error>
[2014.10.26-05.24.04:028][  5]LogEpicSurvey:Warning: EnumerateFiles request failed. Invalid response. code=403 error=<?xml version="1.0" encoding="UTF-8"?>
<Error><Code>AccessDenied</Code><Message>Access Denied</Message><RequestId>921028D0F94FA61C</RequestId><HostId>cv/+i781KHmPKAz4BhUmTOxcTMW9rpBy81D2l/VABYix6mS/Hobd76FvznkfDTc3</HostId></Error>
[2014.10.26-05.24.04:071][  6]LogEpicStorage:Warning: EnumerateFiles request failed. Invalid response. code=403 error=<?xml version="1.0" encoding="UTF-8"?>
<Error><Code>AccessDenied</Code><Message>Access Denied</Message><RequestId>6911BA1052BC0BE4</RequestId><HostId>/hM7wdgF0nSVwJjmJ60RY/mcFJ9o1/JB1tf36SozVQKSbLYEHtfmibPVgoVrLI2F</HostId></Error>
[2014.10.26-05.24.05:348][ 12]LogEpicStorage:Warning: ReadFile request failed. File request already pending for filename=http://cdn.unrealengine.com/newsfeed/blueprint_icon_b.png
[2014.10.26-05.24.06:324][ 12]LogEpicStorage:Warning: ReadFile request failed. File request already pending for filename=http://cdn.unrealengine.com/newsfeed/blueprint_icon_b.png
[2014.10.26-05.24.07:176][ 25]Cmd: QUIT_EDITOR
[2014.10.26-05.24.07:296][ 25]LogWindowsTextInputMethodSystem:Error: Terminating failed while unadvising the language notification sink from the TSF source.
[2014.10.26-05.24.07:296][ 25]LogExit: Preparing to exit.
[2014.10.26-05.24.08:495][ 25]LogExit: Editor shut down
[2014.10.26-05.24.08:495][ 25]LogExit: Transaction tracking system shut down
[2014.10.26-05.24.08:496][ 25]LogParticles: Destroying 0 GPU particle simulations for FXSystem 0x000000000BF6B420
[2014.10.26-05.24.08:517][ 25]LogParticles: Destroying 0 GPU particle simulations for FXSystem 0x0000000015C60C20
[2014.10.26-05.24.08:517][ 25]LogExit: Object subsystem successfully closed.
[2014.10.26-05.24.08:580][ 25]LogModuleManager: Shutting down and abandoning module AndroidDeviceDetection (164)
[2014.10.26-05.24.08:580][ 25]LogModuleManager: Shutting down and abandoning module CrashTracker (163)
[2014.10.26-05.24.08:580][ 25]LogModuleManager: Shutting down and abandoning module HTTP (162)
[2014.10.26-05.24.08:580][ 25]LogModuleManager: Shutting down and abandoning module NewsFeed (161)
[2014.10.26-05.24.08:580][ 25]LogModuleManager: Shutting down and abandoning module SceneOutliner (160)
[2014.10.26-05.24.08:580][ 25]LogModuleManager: Shutting down and abandoning module EditorWidgets (159)
[2014.10.26-05.24.08:580][ 25]LogModuleManager: Shutting down and abandoning module CollectionManager (158)
[2014.10.26-05.24.08:580][ 25]LogModuleManager: Shutting down and abandoning module StatsViewer (157)
[2014.10.26-05.24.08:580][ 25]LogModuleManager: Shutting down and abandoning module FoliageEdit (156)
[2014.10.26-05.24.08:580][ 25]LogModuleManager: Shutting down and abandoning module LandscapeEditor (155)
[2014.10.26-05.24.08:584][ 25]LogModuleManager: Shutting down and abandoning module MeshPaint (154)
[2014.10.26-05.24.08:584][ 25]LogModuleManager: Shutting down and abandoning module ActorPickerMode (153)
[2014.10.26-05.24.08:584][ 25]LogModuleManager: Shutting down and abandoning module GeometryMode (152)
[2014.10.26-05.24.08:584][ 25]LogModuleManager: Shutting down and abandoning module TextureAlignMode (151)
[2014.10.26-05.24.08:584][ 25]LogModuleManager: Shutting down and abandoning module BspMode (150)
[2014.10.26-05.24.08:584][ 25]LogModuleManager: Shutting down and abandoning module PlacementMode (149)
[2014.10.26-05.24.08:585][ 25]LogModuleManager: Shutting down and abandoning module AutomationWorker (148)
[2014.10.26-05.24.08:585][ 25]LogModuleManager: Shutting down and abandoning module ViewportSnapping (147)
[2014.10.26-05.24.08:585][ 25]LogModuleManager: Shutting down and abandoning module DeviceProfileEditor (146)
[2014.10.26-05.24.08:585][ 25]LogModuleManager: Shutting down and abandoning module UndoHistory (145)
[2014.10.26-05.24.08:585][ 25]LogModuleManager: Shutting down and abandoning module GameplayTagsEditor (144)
[2014.10.26-05.24.08:585][ 25]LogModuleManager: Shutting down and abandoning module UserFeedback (143)
[2014.10.26-05.24.08:585][ 25]LogModuleManager: Shutting down and abandoning module XmlParser (142)
[2014.10.26-05.24.08:585][ 25]LogModuleManager: Shutting down and abandoning module Blutility (141)
[2014.10.26-05.24.08:585][ 25]LogModuleManager: Shutting down and abandoning module AndroidPlatformEditor (138)
[2014.10.26-05.24.08:585][ 25]LogModuleManager: Shutting down and abandoning module AndroidRuntimeSettings (137)
[2014.10.26-05.24.08:585][ 25]LogModuleManager: Shutting down and abandoning module ProjectSettingsViewer (136)
[2014.10.26-05.24.08:585][ 25]LogModuleManager: Shutting down and abandoning module InputBindingEditor (135)
[2014.10.26-05.24.08:585][ 25]LogModuleManager: Shutting down and abandoning module EditorSettingsViewer (134)
[2014.10.26-05.24.08:585][ 25]LogModuleManager: Shutting down and abandoning module SettingsEditor (133)
[2014.10.26-05.24.08:585][ 25]LogModuleManager: Shutting down and abandoning module SessionLauncher (132)
[2014.10.26-05.24.08:585][ 25]LogModuleManager: Shutting down and abandoning module SessionFrontend (131)
[2014.10.26-05.24.08:585][ 25]LogModuleManager: Shutting down and abandoning module ProfilerClient (130)
[2014.10.26-05.24.08:585][ 25]LogModuleManager: Shutting down and abandoning module TargetDeviceServices (129)
[2014.10.26-05.24.08:585][ 25]LogModuleManager: Shutting down and abandoning module DeviceManager (128)
[2014.10.26-05.24.08:585][ 25]LogModuleManager: Shutting down and abandoning module AutomationController (127)
[2014.10.26-05.24.08:585][ 25]LogModuleManager: Shutting down and abandoning module AutomationWindow (126)
[2014.10.26-05.24.08:585][ 25]LogModuleManager: Shutting down and abandoning module Layers (125)
[2014.10.26-05.24.08:585][ 25]LogModuleManager: Shutting down and abandoning module ComponentVisualizers (124)
[2014.10.26-05.24.08:586][ 25]LogModuleManager: Shutting down and abandoning module DetailCustomizations (123)
[2014.10.26-05.24.08:586][ 25]LogModuleManager: Shutting down and abandoning module PackagesDialog (122)
[2014.10.26-05.24.08:586][ 25]LogModuleManager: Shutting down and abandoning module PropertyEditor (121)
[2014.10.26-05.24.08:586][ 25]LogModuleManager: Shutting down and abandoning module DirectoryWatcher (120)
[2014.10.26-05.24.08:586][ 25]LogModuleManager: Shutting down and abandoning module AssetRegistry (119)
[2014.10.26-05.24.09:038][ 25]LogModuleManager: Shutting down and abandoning module Persona (118)
[2014.10.26-05.24.09:039][ 25]LogModuleManager: Shutting down and abandoning module GraphEditor (117)
[2014.10.26-05.24.09:039][ 25]LogModuleManager: Shutting down and abandoning module ContentBrowser (116)
[2014.10.26-05.24.09:039][ 25]LogModuleManager: Shutting down and abandoning module ClassViewer (115)
[2014.10.26-05.24.09:039][ 25]LogModuleManager: Shutting down and abandoning module Toolbox (114)
[2014.10.26-05.24.09:039][ 25]LogModuleManager: Shutting down and abandoning module ModuleUI (113)
[2014.10.26-05.24.09:039][ 25]LogModuleManager: Shutting down and abandoning module Sequencer (112)
[2014.10.26-05.24.09:039][ 25]LogModuleManager: Shutting down and abandoning module AssetTools (111)
[2014.10.26-05.24.09:039][ 25]LogModuleManager: Shutting down and abandoning module MovieSceneTools (110)
[2014.10.26-05.24.09:039][ 25]LogModuleManager: Shutting down and abandoning module OutputLog (109)
[2014.10.26-05.24.09:039][ 25]LogModuleManager: Shutting down and abandoning module GammaUI (108)
[2014.10.26-05.24.09:039][ 25]LogModuleManager: Shutting down and abandoning module Documentation (107)
[2014.10.26-05.24.09:039][ 25]LogModuleManager: Shutting down and abandoning module DesktopPlatform (106)
[2014.10.26-05.24.09:039][ 25]LogModuleManager: Shutting down and abandoning module StreamingPauseRendering (105)
[2014.10.26-05.24.09:039][ 25]LogModuleManager: Shutting down and abandoning module AnalyticsET (104)
[2014.10.26-05.24.09:039][ 25]LogModuleManager: Shutting down and abandoning module Analytics (103)
[2014.10.26-05.24.09:039][ 25]LogModuleManager: Shutting down and abandoning module ProfilerService (102)
[2014.10.26-05.24.09:174][ 25]LogModuleManager: Shutting down and abandoning module TaskGraph (101)
[2014.10.26-05.24.09:174][ 25]LogModuleManager: Shutting down and abandoning module GameProjectGeneration (100)
[2014.10.26-05.24.09:174][ 25]LogModuleManager: Shutting down and abandoning module Matinee (99)
[2014.10.26-05.24.09:174][ 25]LogModuleManager: Shutting down and abandoning module Kismet (98)
[2014.10.26-05.24.09:174][ 25]LogModuleManager: Shutting down and abandoning module SlateReflector (97)
[2014.10.26-05.24.09:174][ 25]LogModuleManager: Shutting down and abandoning module LevelEditor (96)
[2014.10.26-05.24.09:175][ 25]LogModuleManager: Shutting down and abandoning module MainFrame (95)
[2014.10.26-05.24.09:175][ 25]LogModuleManager: Shutting down and abandoning module SourceControl (94)
[2014.10.26-05.24.09:175][ 25]LogModuleManager: Shutting down and abandoning module ImageWrapper (93)
[2014.10.26-05.24.09:175][ 25]LogModuleManager: Shutting down and abandoning module OnlineBlueprintSupport (92)
[2014.10.26-05.24.09:175][ 25]LogModuleManager: Shutting down and abandoning module FunctionalTesting (91)
[2014.10.26-05.24.09:175][ 25]LogModuleManager: Shutting down and abandoning module CollisionAnalyzer (90)
[2014.10.26-05.24.09:175][ 25]LogModuleManager: Shutting down and abandoning module WorkspaceMenuStructure (89)
[2014.10.26-05.24.09:175][ 25]LogModuleManager: Shutting down and abandoning module MessageLog (88)
[2014.10.26-05.24.09:175][ 25]LogModuleManager: Shutting down and abandoning module Slate (87)
[2014.10.26-05.24.09:175][ 25]LogModuleManager: Shutting down and abandoning module EditorStyle (86)
[2014.10.26-05.24.09:177][ 25]LogModuleManager: Shutting down and abandoning module SessionServices (85)
[2014.10.26-05.24.09:177][ 25]LogModuleManager: Shutting down and abandoning module Messaging (84)
[2014.10.26-05.24.09:177][ 25]LogModuleManager: Shutting down and abandoning module SourceCodeAccess (83)
[2014.10.26-05.24.09:177][ 25]LogModuleManager: Shutting down and abandoning module HeadMountedDisplay (82)
[2014.10.26-05.24.09:177][ 25]LogModuleManager: Shutting down and abandoning module XAudio2 (81)
[2014.10.26-05.24.09:177][ 25]LogModuleManager: Shutting down and abandoning module Networking (79)
[2014.10.26-05.24.09:177][ 25]LogModuleManager: Shutting down and abandoning module Core (78)
[2014.10.26-05.24.09:177][ 25]LogModuleManager: Shutting down and abandoning module KismetCompiler (77)
[2014.10.26-05.24.09:177][ 25]LogModuleManager: Shutting down and abandoning module PhysXFormats (76)
[2014.10.26-05.24.09:177][ 25]LogModuleManager: Shutting down and abandoning module SimplygonMeshReduction (75)
[2014.10.26-05.24.09:177][ 25]LogModuleManager: Shutting down and abandoning module MeshUtilities (74)
[2014.10.26-05.24.09:177][ 25]LogModuleManager: Shutting down and abandoning module DerivedDataCache (73)
[2014.10.26-05.24.09:223][ 25]LogDerivedDataCache: Shutdown
[2014.10.26-05.24.09:223][ 25]LogModuleManager: Shutting down and abandoning module ShaderFormatOpenGL (72)
[2014.10.26-05.24.09:223][ 25]LogModuleManager: Shutting down and abandoning module ShaderFormatD3D (71)
[2014.10.26-05.24.09:223][ 25]LogModuleManager: Shutting down and abandoning module TextureFormatUncompressed (70)
[2014.10.26-05.24.09:223][ 25]LogModuleManager: Shutting down and abandoning module TextureFormatPVR (69)
[2014.10.26-05.24.09:223][ 25]LogModuleManager: Shutting down and abandoning module TextureFormatDXT (68)
[2014.10.26-05.24.09:223][ 25]LogModuleManager: Shutting down and abandoning module TextureFormatAndroid (67)
[2014.10.26-05.24.09:223][ 25]LogModuleManager: Shutting down and abandoning module AudioFormatOpus (66)
[2014.10.26-05.24.09:223][ 25]LogModuleManager: Shutting down and abandoning module AudioFormatOgg (65)
[2014.10.26-05.24.09:231][ 25]LogModuleManager: Shutting down and abandoning module AudioFormatADPCM (64)
[2014.10.26-05.24.09:231][ 25]LogModuleManager: Shutting down and abandoning module Android_PVRTCTargetPlatform (63)
[2014.10.26-05.24.09:231][ 25]LogModuleManager: Shutting down and abandoning module Android_ETC2TargetPlatform (62)
[2014.10.26-05.24.09:231][ 25]LogModuleManager: Shutting down and abandoning module Android_ETC1TargetPlatform (61)
[2014.10.26-05.24.09:231][ 25]LogModuleManager: Shutting down and abandoning module Android_DXTTargetPlatform (60)
[2014.10.26-05.24.09:231][ 25]LogModuleManager: Shutting down and abandoning module Android_ATCTargetPlatform (59)
[2014.10.26-05.24.09:231][ 25]LogModuleManager: Shutting down and abandoning module AndroidTargetPlatform (58)
[2014.10.26-05.24.09:231][ 25]LogModuleManager: Shutting down and abandoning module WindowsTargetPlatform (57)
[2014.10.26-05.24.09:231][ 25]LogModuleManager: Shutting down and abandoning module WindowsServerTargetPlatform (56)
[2014.10.26-05.24.09:231][ 25]LogModuleManager: Shutting down and abandoning module WindowsNoEditorTargetPlatform (55)
[2014.10.26-05.24.09:231][ 25]LogModuleManager: Shutting down and abandoning module WindowsClientTargetPlatform (54)
[2014.10.26-05.24.09:231][ 25]LogModuleManager: Shutting down and abandoning module TargetPlatform (53)
[2014.10.26-05.24.09:231][ 25]LogModuleManager: Shutting down and abandoning module InputCore (52)
[2014.10.26-05.24.09:231][ 25]LogModuleManager: Shutting down and abandoning module Settings (51)
[2014.10.26-05.24.09:231][ 25]LogModuleManager: Shutting down and abandoning module TextureCompressor (48)
[2014.10.26-05.24.09:231][ 25]LogModuleManager: Shutting down and abandoning module ShaderCore (47)
[2014.10.26-05.24.09:231][ 25]LogModuleManager: Shutting down and abandoning module OpenGLDrv (46)
[2014.10.26-05.24.09:231][ 25]LogModuleManager: Shutting down and abandoning module D3D11RHI (45)
[2014.10.26-05.24.09:231][ 25]LogModuleManager: Shutting down and abandoning module SlateRHIRenderer (44)
[2014.10.26-05.24.09:231][ 25]LogModuleManager: Shutting down and abandoning module Renderer (43)
[2014.10.26-05.24.09:231][ 25]LogModuleManager: Shutting down and abandoning module Engine (42)
[2014.10.26-05.24.09:231][ 25]LogModuleManager: Shutting down and abandoning module SlateRemote (41)
[2014.10.26-05.24.09:231][ 25]LogModuleManager: Shutting down and abandoning module ScriptPlugin (40)
[2014.10.26-05.24.09:231][ 25]LogModuleManager: Shutting down and abandoning module ScriptEditorPlugin (38)
[2014.10.26-05.24.09:231][ 25]LogModuleManager: Shutting down and abandoning module WindowsMoviePlayer (37)
[2014.10.26-05.24.09:234][ 25]LogModuleManager: Shutting down and abandoning module ExampleDeviceProfileSelector (32)
[2014.10.26-05.24.09:234][ 25]LogModuleManager: Shutting down and abandoning module CustomMeshComponent (31)
[2014.10.26-05.24.09:235][ 25]LogModuleManager: Shutting down and abandoning module CableComponent (30)
[2014.10.26-05.24.09:235][ 25]LogModuleManager: Shutting down and abandoning module OculusRift (26)
[2014.10.26-05.24.09:235][ 25]LogModuleManager: Shutting down and abandoning module UdpMessaging (25)
[2014.10.26-05.24.09:335][ 25]LogModuleManager: Shutting down and abandoning module MessagingDebugger (24)
[2014.10.26-05.24.09:335][ 25]LogModuleManager: Shutting down and abandoning module PluginsEditor (14)
[2014.10.26-05.24.09:335][ 25]LogModuleManager: Shutting down and abandoning module IntroTutorials (13)
[2014.10.26-05.24.09:335][ 25]LogModuleManager: Shutting down and abandoning module EpicSurvey (12)
[2014.10.26-05.24.09:335][ 25]LogModuleManager: Shutting down and abandoning module VisualStudioSourceCodeAccess (10)
[2014.10.26-05.24.09:335][ 25]LogModuleManager: Shutting down and abandoning module UObjectPlugin (9)
[2014.10.26-05.24.09:335][ 25]LogModuleManager: Shutting down and abandoning module SubversionSourceControl (8)
[2014.10.26-05.24.09:335][ 25]LogModuleManager: Shutting down and abandoning module PerforceSourceControl (7)
[2014.10.26-05.24.09:335][ 25]LogModuleManager: Shutting down and abandoning module BlankPlugin (6)
[2014.10.26-05.24.09:335][ 25]LogModuleManager: Shutting down and abandoning module CoreUObject (5)
[2014.10.26-05.24.09:335][ 25]LogModuleManager: Shutting down and abandoning module NetworkFile (4)
[2014.10.26-05.24.09:335][ 25]LogModuleManager: Shutting down and abandoning module StreamingFile (3)
[2014.10.26-05.24.09:335][ 25]LogModuleManager: Shutting down and abandoning module SandboxFile (2)
[2014.10.26-05.24.09:335][ 25]LogModuleManager: Shutting down and abandoning module PakFile (1)
[2014.10.26-05.24.09:336][ 25]LogExit: Exiting.
[2014.10.26-05.24.09:341][ 25]Log file closed, 10/26/14 01:24:09
