Log file open, 10/14/14 18:10:02
LogInit:Display: Running engine for game: MyProject2
LogInit: Version: 4.2.1-2101290+++depot+UE4-Releases+4.2
LogInit: Compiled (64-bit): Jun 10 2014 22:21:56
LogInit: Build Configuration: Development
LogInit: Branch Name: ++depot+UE4-Releases+4.2
LogInit: Command line:  
LogInit: Base directory: C:/Program Files/Unreal Engine/4.2/Engine/Binaries/Win64/
LogInit: Rocket: 1
[2014.10.14-22.10.02:607][  0]LogTaskGraph: Started task graph with 3 named threads and 4 total threads.
[2014.10.14-22.10.02:642][  0]LogOnline:Warning: No default platform service specified for OnlineSubsystem
[2014.10.14-22.10.02:863][  0]LogInit: Presizing for 0 objects not considered by GC, pre-allocating 0 bytes.
[2014.10.14-22.10.02:871][  0]LogInit: Object subsystem initialized
[2014.10.14-22.10.02:874][  0]LogInit: Selected Device Profile: [Windows]
[2014.10.14-22.10.02:874][  0]LogInit: Applying CVar settings loaded from the selected device profile: [Windows]
[2014.10.14-22.10.02:897][  0]LogInit: Computer: VERONICA
[2014.10.14-22.10.02:897][  0]LogInit: User: Zeetermin
[2014.10.14-22.10.02:898][  0]LogInit: CPU Page size=4096, Cores=4
[2014.10.14-22.10.02:898][  0]LogInit: High frequency timer resolution =2.597685 MHz
[2014.10.14-22.10.02:898][  0]LogMemory: Memory total: Physical=6.0GB (6GB approx) Virtual=8192.0GB
[2014.10.14-22.10.02:898][  0]LogMemory: Platform Memory Stats for Windows
[2014.10.14-22.10.02:898][  0]LogMemory: Process Physical Memory: 55.31 MB used, 55.31 MB peak
[2014.10.14-22.10.02:898][  0]LogMemory: Process Virtual Memory: 31.75 MB used, 31.97 MB peak
[2014.10.14-22.10.02:898][  0]LogMemory: Physical Memory: 4107.62 MB used, 6135.18 MB total
[2014.10.14-22.10.02:898][  0]LogMemory: Virtual Memory: 236.93 MB used, 8388608.00 MB total
[2014.10.14-22.10.03:442][  0]LogD3D11RHI: Found D3D11 adapter 0: AMD Radeon R7 200 Series (Feature Level 11_0)
[2014.10.14-22.10.03:442][  0]LogD3D11RHI: Adapter has 2033MB of dedicated video memory, 0MB of dedicated system memory, and 2811MB of shared system memory, 2 output[s]
[2014.10.14-22.10.03:442][  0]LogD3D11RHI: Chosen D3D11 Adapter Id = 0
[2014.10.14-22.10.03:451][  0]LogRHI: Texture pool is 1361 MB (70% of 1945 MB)
[2014.10.14-22.10.03:457][  0]LogD3D11RHI: Async texture creation disabled: no driver support
[2014.10.14-22.10.04:554][  0]LogContentStreaming: Texture pool size is 0.000000MB
[2014.10.14-22.10.06:223][  0]LogTargetPlatformManager:Display: Building Assets For Windows
[2014.10.14-22.10.06:914][  0]LogTargetPlatformManager:Display: Building Assets For Windows
[2014.10.14-22.10.07:007][  0]LogDerivedDataCache:Display: Max Cache Size: 512 MB
[2014.10.14-22.10.07:889][  0]LogDerivedDataCache: Loaded boot cache 0.88s 39MB C:/Users/Zeetermin/AppData/Local/UnrealEngine/4.2/DerivedDataCache/Boot.ddc.
[2014.10.14-22.10.07:889][  0]LogDerivedDataCache:Display: Loaded Boot cache: C:/Users/Zeetermin/AppData/Local/UnrealEngine/4.2/DerivedDataCache/Boot.ddc
[2014.10.14-22.10.07:889][  0]LogDerivedDataCache: FDerivedDataBackendGraph:  Pak pak cache file ../../../../../../Users/Zeetermin/Documents/2014 Fall/SpaceVines/Space_Vines/Link-Object_prototype_withboxes/DerivedDataCache/DDC.ddp not found, will not use a pak cache.
[2014.10.14-22.10.07:889][  0]LogDerivedDataCache: Unable to find inner node Pak for hierarchical cache Hierarchy.
[2014.10.14-22.10.07:910][  0]LogDerivedDataCache:Display: Pak cache opened for reading ../../../Engine/DerivedDataCache/DDC.ddp.
[2014.10.14-22.10.07:922][  0]LogDerivedDataCache: Using Local data cache path C:/Users/Zeetermin/AppData/Local/UnrealEngine/4.2/DerivedDataCache: Writable
[2014.10.14-22.10.10:049][  0]LogMeshUtilities: No automatic mesh reduction module available
[2014.10.14-22.10.10:049][  0]LogMeshUtilities: No automatic mesh merging module available
[2014.10.14-22.10.10:544][  0]LogInit: WinSock: version 1.1 (2.2), MaxSocks=32767, MaxUdp=65467
[2014.10.14-22.10.20:221][  0]LogStreaming:Warning: Failed to read file '../../../Engine/Content/Editor/Slate/Icons/ActorIcons/GroupActor_16x.png' error.
[2014.10.14-22.10.20:221][  0]LogSlate: Could not find file for Slate resource: ../../../Engine/Content/Editor/Slate/Icons/ActorIcons/GroupActor_16x.png
[2014.10.14-22.10.20:357][  0]LogStreaming:Warning: Failed to read file '../../../Engine/Content/Editor/Slate/Icons/ActorIcons/DecalActor_16x.png' error.
[2014.10.14-22.10.20:357][  0]LogSlate: Could not find file for Slate resource: ../../../Engine/Content/Editor/Slate/Icons/ActorIcons/DecalActor_16x.png
[2014.10.14-22.10.26:662][  0]UdpMessaging: Initializing bridge on interface 0.0.0.0:0 to multicast group 230.0.0.1:6666.
[2014.10.14-22.10.27:052][  0]SourceControl: Info Source control is disabled
[2014.10.14-22.10.27:052][  0]SourceControl: Info Source control is disabled
[2014.10.14-22.10.27:064][  0]SourceControl: Info Source control is disabled
[2014.10.14-22.10.27:774][  0]BlueprintLog: New page: Editor Load
[2014.10.14-22.10.28:625][  0]LogObj: 19137 objects as part of root set at end of initial load.
[2014.10.14-22.10.28:625][  0]LogUObjectAllocator: 3804784 out of 0 bytes used by permanent object pool.
[2014.10.14-22.10.29:597][  0]LogEngine: Initializing Engine...
[2014.10.14-22.10.29:774][  0]LogInit: XAudio2 using 'Speakers (High Definition Audio Device)' : 2 channels at 44.1 kHz using 16 bits per sample (channel mask 0x3)
[2014.10.14-22.10.29:784][  0]LogInit: FAudioDevice initialized.
[2014.10.14-22.10.29:829][  0]LogDerivedDataCache: Saved boot cache 0.04s 39MB C:/Users/Zeetermin/AppData/Local/UnrealEngine/4.2/DerivedDataCache/Boot.ddc.
[2014.10.14-22.10.29:837][  0]LogInit: Texture streaming: Enabled
[2014.10.14-22.10.30:729][  0]LogInit: Transaction tracking system initialized
[2014.10.14-22.10.34:858][  0]LogAssetRegistry: FAssetRegistry took 0.0092 seconds to start up
[2014.10.14-22.10.37:779][  0]LogModuleManager:Warning: ModuleManager: Unable to load module '' because the file was not found.
[2014.10.14-22.10.37:792][  0]LogModuleManager:Warning: ModuleManager: Unable to load module '' because the file was not found.
[2014.10.14-22.10.38:347][  0]LogConsoleResponse:Display: 
[2014.10.14-22.10.41:604][  0]SourceControl: Info Source control is disabled
[2014.10.14-22.10.41:605][  0]LightingResults: New page: Lighting Build
[2014.10.14-22.10.41:620][  0]MapCheck: New page: Map Check
[2014.10.14-22.10.41:620][  0]LightingResults: New page: Lighting Build
[2014.10.14-22.10.41:635][  0]LogParticles: Destroying 0 GPU particle simulations for FXSystem 0x00000000111D1580
[2014.10.14-22.10.46:241][  0]LogMaterial:Warning: Material /Game/lore.lore needed to have new flag set bUsedWithStaticLighting !
[2014.10.14-22.10.46:291][  0]LogMaterial: Missing cached shader map for material lore, compiling.
[2014.10.14-22.10.46:307][  0]LogMaterial: 0.000107 seconds spent updating 1 materials, 1 interfaces, 0 instances, 0 with static permutations.
[2014.10.14-22.10.46:363][  0]LogEditorServer: Finished looking for orphan Actors (0.000 secs)
[2014.10.14-22.10.46:364][  0]Cmd: MAP CHECKDEP
[2014.10.14-22.10.46:364][  0]MapCheck: New page: Two - Oct 14, 2014, 2:10:46 PM
[2014.10.14-22.10.46:452][  0]MapCheck: Info ========== Map Check: 0 Error(s), 0 Warning(s), [87.742ms] ==========
[2014.10.14-22.10.46:452][  0]LogFileHelpers: Loading map 'Two' took 4.847
[2014.10.14-22.10.46:745][  0]LogCollectionManager: Loaded 0 collections in 0.002496 seconds
[2014.10.14-22.10.47:642][  0]LogCrashTracker: Crashtracker disabled due to settings.
[2014.10.14-22.10.47:643][  0]Cmd: MODE PLACEMENT
[2014.10.14-22.10.47:713][  0]LogLoad: Full Startup: 47.44 seconds (BP compile: 0.07 seconds)
[2014.10.14-22.10.47:732][  0]LogContentBrowser:Verbose: The content browser source was changed by the sources view to '/Game/Effects'
[2014.10.14-22.10.47:960][  0]LogRenderer:Warning: Reallocating scene render targets to support 32x32.
[2014.10.14-22.10.48:036][  0]LogRenderer:Warning: Reallocating scene render targets to support 1144x968.
[2014.10.14-22.10.48:400][  1]LogEpicStorage:Warning: EnumerateFiles request failed. Invalid response. code=403 error=<?xml version="1.0" encoding="UTF-8"?>
<Error><Code>AccessDenied</Code><Message>Access Denied</Message><RequestId>3F97D05AB8329CBC</RequestId><HostId>J6oupyqffWy7FdqDwYz5zKqWqyLG3aEgfZ1go9V2IwIwAvIJ3Im4oK1Hi/UCrQur</HostId></Error>
[2014.10.14-22.10.48:499][  2]LogEpicSurvey:Warning: EnumerateFiles request failed. Invalid response. code=403 error=<?xml version="1.0" encoding="UTF-8"?>
<Error><Code>AccessDenied</Code><Message>Access Denied</Message><RequestId>2481E369540DDD17</RequestId><HostId>mxcDEvFx2Uot4wpGL1I60WFOL/MgKTlcuS1t56UtiSPIv6MaW+OyriVVMgX1ZxPB</HostId></Error>
[2014.10.14-22.10.48:531][  3]LogEpicStorage:Warning: EnumerateFiles request failed. Invalid response. code=403 error=<?xml version="1.0" encoding="UTF-8"?>
<Error><Code>AccessDenied</Code><Message>Access Denied</Message><RequestId>5B7248DE0435C691</RequestId><HostId>tgmanr2lxAL6BcaUovj8kjAYkxWy392+SFiyQAIGzkERfY5ggYBeMbnMTYOYminw</HostId></Error>
[2014.10.14-22.10.48:560][  4]LogEpicSurvey:Warning: EnumerateFiles request failed. Invalid response. code=403 error=<?xml version="1.0" encoding="UTF-8"?>
<Error><Code>AccessDenied</Code><Message>Access Denied</Message><RequestId>E4AC7CA0FA5E709C</RequestId><HostId>rZ/SR1a5GB3E1eo24l6eWu9npzF8f67ot/hYjZf1AUwPs43y0Y7EjgB9qoVSiRfI</HostId></Error>
[2014.10.14-22.10.48:567][  4]LogAssetRegistry: Asset discovery search completed in 13.7185 seconds
[2014.10.14-22.10.48:638][  7]LogEpicStorage:Warning: ReadFile request failed. File request already pending for filename=http://cdn.unrealengine.com/newsfeed/blueprint_icon_b.png
[2014.10.14-22.10.48:640][  7]LogEpicStorage:Warning: ReadFile request failed. File request already pending for filename=http://cdn.unrealengine.com/newsfeed/blueprint_icon_b.png
[2014.10.14-22.11.23:921][796]LogCascade: Quitting Cascade. FXSystem=0x000000001F559580
[2014.10.14-22.11.23:985][796]LogParticles: Destroying 0 GPU particle simulations for FXSystem 0x000000001F559580
[2014.10.14-22.11.27:536][961]LogParticles: Destroying 0 GPU particle simulations for FXSystem 0x000000001F558A40
[2014.10.14-22.11.27:539][961]LightingResults: New page: Lighting Build
[2014.10.14-22.11.27:540][961]Cmd: MODE PLACEMENT
[2014.10.14-22.11.27:563][961]LoadErrors: New page: Loading map: Three.umap
[2014.10.14-22.11.27:565][961]MapCheck: New page: Map Check
[2014.10.14-22.11.27:566][961]LightingResults: New page: Lighting Build
[2014.10.14-22.11.27:595][961]LogParticles: Destroying 0 GPU particle simulations for FXSystem 0x000000000BF03B00
[2014.10.14-22.11.28:581][961]LoadErrors:Error: Error Failed import: Texture2D /Game/Textures/T_Rock_08_D.T_Rock_08_D  in /Game/Props/Materials/M_Rock
[2014.10.14-22.11.28:582][961]LoadErrors:Error: Error Failed import: Texture2D /Game/Textures/T_Rock_08_N.T_Rock_08_N  in /Game/Props/Materials/M_Rock
[2014.10.14-22.11.29:934][961]LogMaterial: Missing cached shader map for material M_Rock, compiling.
[2014.10.14-22.11.29:934][961]LogMaterial:Warning: Failed to compile Material /Game/Props/Materials/M_Rock.M_Rock for platform PCD3D_SM5, Default Material will be used in game.
[2014.10.14-22.11.29:934][961]LogMaterial:Warning: 	(Node TextureSample) TextureSample> Missing input texture
[2014.10.14-22.11.29:934][961]LogMaterial:Warning: 	Function BlendAngleCorrectedNormals: (Node TextureSample) TextureSample> Missing input texture
[2014.10.14-22.11.30:151][961]LogMaterial:Warning: Material /Game/Materials/Objects/Material_Bench_1_M1.Material_Bench_1_M1 needed to have new flag set bUsedWithStaticLighting !
[2014.10.14-22.11.30:175][961]LogMaterial: Missing cached shader map for material Material_Bench_1_M1, compiling.
[2014.10.14-22.11.30:179][961]LogMaterial: 0.000156 seconds spent updating 1 materials, 1 interfaces, 0 instances, 0 with static permutations.
[2014.10.14-22.11.30:179][961]LogMaterial:Warning: Material /Game/Materials/Objects/Material_PowerStatue_1_M1.Material_PowerStatue_1_M1 needed to have new flag set bUsedWithStaticLighting !
[2014.10.14-22.11.30:199][961]LogMaterial: Missing cached shader map for material Material_PowerStatue_1_M1, compiling.
[2014.10.14-22.11.30:202][961]LogMaterial: 0.000139 seconds spent updating 1 materials, 1 interfaces, 0 instances, 0 with static permutations.
[2014.10.14-22.11.30:203][961]LogMaterial:Warning: Material /Game/Materials/Objects/Material_LightStatue_1_M1.Material_LightStatue_1_M1 needed to have new flag set bUsedWithStaticLighting !
[2014.10.14-22.11.30:205][961]LogMaterial: Missing cached shader map for material Material_LightStatue_1_M1, compiling.
[2014.10.14-22.11.30:209][961]LogMaterial: 0.000547 seconds spent updating 1 materials, 1 interfaces, 0 instances, 0 with static permutations.
[2014.10.14-22.11.30:209][961]LogMaterial:Warning: Material /Game/Materials/Objects/Material_LightStatue_1_M3.Material_LightStatue_1_M3 needed to have new flag set bUsedWithStaticLighting !
[2014.10.14-22.11.30:211][961]LogMaterial: Missing cached shader map for material Material_LightStatue_1_M3, compiling.
[2014.10.14-22.11.30:221][961]LogMaterial: 0.000567 seconds spent updating 1 materials, 1 interfaces, 0 instances, 0 with static permutations.
[2014.10.14-22.11.30:222][961]LogMaterial:Warning: Material /Game/Materials/Objects/lambert1.lambert1 needed to have new flag set bUsedWithStaticLighting !
[2014.10.14-22.11.30:224][961]LogMaterial: Missing cached shader map for material lambert1, compiling.
[2014.10.14-22.11.30:228][961]LogMaterial: 0.000450 seconds spent updating 1 materials, 1 interfaces, 0 instances, 0 with static permutations.
[2014.10.14-22.11.30:228][961]LogMaterial:Warning: Material /Game/Materials/Objects/blinn1.blinn1 needed to have new flag set bUsedWithStaticLighting !
[2014.10.14-22.11.30:304][961]LogMaterial: Missing cached shader map for material blinn1, compiling.
[2014.10.14-22.11.30:309][961]LogMaterial: 0.000149 seconds spent updating 1 materials, 1 interfaces, 0 instances, 0 with static permutations.
[2014.10.14-22.11.30:309][961]LogMaterial:Warning: Material /Game/Materials/Objects/blinn2.blinn2 needed to have new flag set bUsedWithStaticLighting !
[2014.10.14-22.11.30:355][961]LogMaterial: Missing cached shader map for material blinn2, compiling.
[2014.10.14-22.11.30:358][961]LogMaterial: 0.000680 seconds spent updating 1 materials, 1 interfaces, 0 instances, 0 with static permutations.
[2014.10.14-22.11.30:359][961]LogMaterial:Warning: Material /Game/Materials/Environment/lambert1.lambert1 needed to have new flag set bUsedWithStaticLighting !
[2014.10.14-22.11.30:362][961]LogMaterial: Missing cached shader map for material lambert1, compiling.
[2014.10.14-22.11.30:366][961]LogMaterial: 0.000149 seconds spent updating 1 materials, 1 interfaces, 0 instances, 0 with static permutations.
[2014.10.14-22.11.30:381][961]LogMaterial:Warning: Material /Game/Materials/Environment/Material_Asteroid_1_M1.Material_Asteroid_1_M1 needed to have new flag set bUsedWithStaticLighting !
[2014.10.14-22.11.30:383][961]LogMaterial: Missing cached shader map for material Material_Asteroid_1_M1, compiling.
[2014.10.14-22.11.30:388][961]LogMaterial: 0.000150 seconds spent updating 1 materials, 1 interfaces, 0 instances, 0 with static permutations.
[2014.10.14-22.11.30:410][961]LogEditorServer: Finished looking for orphan Actors (0.000 secs)
[2014.10.14-22.11.30:460][961]Cmd: MAP CHECKDEP
[2014.10.14-22.11.30:461][961]MapCheck: New page: Three - Oct 14, 2014, 2:11:30 PM
[2014.10.14-22.11.30:662][961]MapCheck: Info ========== Map Check: 0 Error(s), 0 Warning(s), [200.978ms] ==========
[2014.10.14-22.11.30:662][961]LogFileHelpers: Loading map 'Three' took 3.123
[2014.10.14-22.11.31:172][962]Cmd: UpdateLandscapeEditorData -warnings
[2014.10.14-22.11.31:173][962]Cmd: UpdateLandscapeEditorData
[2014.10.14-22.11.33:580][121]LogEditorViewport: Clicking on Actor (LMB): Emitter (Galaxy_2)
[2014.10.14-22.11.37:941][313]LogCascade: Quitting Cascade. FXSystem=0x0000000021A8CAE0
[2014.10.14-22.11.37:958][313]LogParticles: Destroying 0 GPU particle simulations for FXSystem 0x0000000021A8CAE0
[2014.10.14-22.11.44:454][635]LogMaterial: Missing cached shader map for material PreviewMaterial_0, compiling.
[2014.10.14-22.11.44:474][635]LogActorComponent: UnregisterComponent: (/Engine/Transient.SkeletalMeshComponent_0) Not registered. Aborting.
[2014.10.14-22.11.44:584][635]LogActorComponent: UnregisterComponent: (/Engine/Transient.SkeletalMeshComponent_0) Not registered. Aborting.
[2014.10.14-22.11.44:584][635]LogActorComponent: RegisterComponentWithWorld: (/Engine/Transient.MaterialEditorMeshComponent_0) Already registered. Aborting.
[2014.10.14-22.11.44:584][635]LogActorComponent: UnregisterComponent: (/Engine/Transient.SkeletalMeshComponent_0) Not registered. Aborting.
[2014.10.14-22.11.44:584][635]LogActorComponent: RegisterComponentWithWorld: (/Engine/Transient.MaterialEditorMeshComponent_0) Already registered. Aborting.
[2014.10.14-22.11.44:618][635]LogMaterial: Missing cached shader map for material FMatExpressionPreview MaterialExpressionTextureSample_1, compiling.
[2014.10.14-22.11.44:622][635]MaterialEditorStats: Info Base pass shader without light map: 42 instructions
[2014.10.14-22.11.44:623][635]MaterialEditorStats: Info Vertex shader: 33 instructions
[2014.10.14-22.11.44:623][635]MaterialEditorStats: Info Texture samplers: 4/16
[2014.10.14-22.11.48:566][803]LogContentBrowser:Verbose: The content browser source was changed by the sources view to 'None'
[2014.10.14-22.11.48:567][803]LogContentBrowser:Verbose: The content browser source was changed by the sources view to '/Engine/EngineMaterials'
[2014.10.14-22.11.49:145][811]LogMaterial: Missing cached shader map for material Material_0, compiling.
[2014.10.14-22.11.49:145][811]LogMaterial:Warning: Failed to compile Material /Engine/Transient.Material_0 for platform PCD3D_SM5, Default Material will be used in game.
[2014.10.14-22.11.49:145][811]LogMaterial:Warning: 	SceneTexture expressions cannot be used in opaque materials
[2014.10.14-22.11.55:922][262]LogContentBrowser:Verbose: The content browser source was changed by the sources view to 'None'
[2014.10.14-22.11.59:757][447]LogContentBrowser:Verbose: The content browser source was changed by the sources view to '/Game/Effects'
[2014.10.14-22.12.19:747][199]LogContentBrowser:Verbose: The content browser source was changed by the sources view to 'None'
[2014.10.14-22.12.27:879][714]LogContentBrowser:Verbose: The content browser source was changed by the sources view to 'None'
[2014.10.14-22.12.27:879][714]LogContentBrowser:Verbose: The content browser source was changed by the sources view to '/Game/Effects'
[2014.10.14-22.12.30:953][982]LogContentBrowser:Verbose: The content browser source was changed by the sources view to 'None'
[2014.10.14-22.12.30:953][982]LogContentBrowser:Verbose: The content browser source was changed by the sources view to '/Engine/EngineMaterials'
[2014.10.14-22.12.41:006][961]LogMaterial: Missing cached shader map for material DefaultParticle, compiling.
[2014.10.14-22.12.43:671][114]LogContentBrowser:Verbose: The content browser source was changed by the sources view to '/Game/Materials'
[2014.10.14-22.13.02:599][618]Cmd: OBJ SAVEPACKAGE PACKAGE="/Game/Materials/d" FILE="../../../../../../Users/Zeetermin/Documents/2014 Fall/SpaceVines/Space_Vines/Link-Object_prototype_withboxes/Content/Materials/d.uasset" SILENT=true
[2014.10.14-22.13.02:801][618]LogSavePackage: Save=198.344299ms
[2014.10.14-22.13.02:801][618]LogSavePackage: Moving '../../../../../../Users/Zeetermin/Documents/2014 Fall/SpaceVines/Space_Vines/Link-Object_prototype_withboxes/Saved/d52DCB6CD4270BB909799979A3481C6F1.tmp' to '../../../../../../Users/Zeetermin/Documents/2014 Fall/SpaceVines/Space_Vines/Link-Object_prototype_withboxes/Content/Materials/d.uasset'
[2014.10.14-22.13.02:872][618]LogParticles: Destroying 0 GPU particle simulations for FXSystem 0x00000000220E6E80
[2014.10.14-22.13.02:873][618]LogParticles: Destroying 0 GPU particle simulations for FXSystem 0x0000000021A8C180
[2014.10.14-22.13.10:528][347]LogContentBrowser:Verbose: The content browser source was changed by the sources view to 'None'
[2014.10.14-22.13.10:529][347]LogContentBrowser:Verbose: The content browser source was changed by the sources view to '/Game/Effects'
[2014.10.14-22.13.15:117][778]LogContentBrowser:Verbose: The content browser source was changed by the sources view to 'None'
[2014.10.14-22.13.15:117][778]LogContentBrowser:Verbose: The content browser source was changed by the sources view to '/Engine/EngineMaterials'
[2014.10.14-22.13.21:903][230]LogContentBrowser:Verbose: The content browser source was changed by the sources view to '/Game/Maps'
[2014.10.14-22.13.27:133][812]LogContentBrowser:Verbose: The content browser source was changed by the sources view to '/Game/Meshes'
[2014.10.14-22.13.27:619][868]LogContentBrowser:Verbose: The content browser source was changed by the sources view to '/Game/Particles'
[2014.10.14-22.13.29:715][100]LogContentBrowser:Verbose: The content browser source was changed by the sources view to '/Game/Materials'
[2014.10.14-22.13.36:911][770]Cmd: OBJ SAVEPACKAGE PACKAGE="/Game/Effects/D" FILE="../../../../../../Users/Zeetermin/Documents/2014 Fall/SpaceVines/Space_Vines/Link-Object_prototype_withboxes/Content/Effects/D.uasset" SILENT=true
[2014.10.14-22.13.37:127][770]LogSavePackage: Save=212.555405ms
[2014.10.14-22.13.37:127][770]LogSavePackage: Moving '../../../../../../Users/Zeetermin/Documents/2014 Fall/SpaceVines/Space_Vines/Link-Object_prototype_withboxes/Saved/DF593C47548B6BA05B72555A92DE0F82F.tmp' to '../../../../../../Users/Zeetermin/Documents/2014 Fall/SpaceVines/Space_Vines/Link-Object_prototype_withboxes/Content/Effects/D.uasset'
[2014.10.14-22.13.38:402][840]LogContentBrowser:Verbose: The content browser source was changed by the sources view to '/Game/Effects'
[2014.10.14-22.13.53:570][170]LogSavePackage: Save=198.231506ms
[2014.10.14-22.13.53:570][170]LogSavePackage: Moving '../../../../../../Users/Zeetermin/Documents/2014 Fall/SpaceVines/Space_Vines/Link-Object_prototype_withboxes/Saved/galactic24DB90F142A7B1F3021989BD377F6437.tmp' to '../../../../../../Users/Zeetermin/Documents/2014 Fall/SpaceVines/Space_Vines/Link-Object_prototype_withboxes/Content/Effects/galactic.uasset'
[2014.10.14-22.14.26:345][616]LogParticles:Warning: MaxCount =  502 for Emitter ParticleSpriteEmitter_0 (/Game/Effects/Galaxy.Galaxy)
[2014.10.14-22.14.33:630][ 93]LogParticles:Warning: MaxCount =  502 for Emitter ParticleSpriteEmitter_0 (/Game/Effects/Galaxy.Galaxy)
[2014.10.14-22.14.34:939][176]LogSavePackage: Save=31.375244ms
[2014.10.14-22.14.34:939][176]LogSavePackage: Moving '../../../../../../Users/Zeetermin/Documents/2014 Fall/SpaceVines/Space_Vines/Link-Object_prototype_withboxes/Saved/Galaxy0285C4C145764B863ECAC897C6EA9D2D.tmp' to '../../../../../../Users/Zeetermin/Documents/2014 Fall/SpaceVines/Space_Vines/Link-Object_prototype_withboxes/Content/Effects/Galaxy.uasset'
[2014.10.14-22.14.36:384][279]LogCascade: Quitting Cascade. FXSystem=0x000000001CB79DA0
[2014.10.14-22.14.36:396][279]LogParticles: Destroying 0 GPU particle simulations for FXSystem 0x000000001CB79DA0
[2014.10.14-22.14.37:565][361]LogMaterial: Missing cached shader map for material PreviewMaterial_1, compiling.
[2014.10.14-22.14.37:572][361]LogActorComponent: UnregisterComponent: (/Engine/Transient.SkeletalMeshComponent_1) Not registered. Aborting.
[2014.10.14-22.14.37:645][361]LogActorComponent: UnregisterComponent: (/Engine/Transient.SkeletalMeshComponent_1) Not registered. Aborting.
[2014.10.14-22.14.37:646][361]LogActorComponent: RegisterComponentWithWorld: (/Engine/Transient.MaterialEditorMeshComponent_1) Already registered. Aborting.
[2014.10.14-22.14.37:646][361]LogActorComponent: UnregisterComponent: (/Engine/Transient.SkeletalMeshComponent_1) Not registered. Aborting.
[2014.10.14-22.14.37:646][361]LogActorComponent: RegisterComponentWithWorld: (/Engine/Transient.MaterialEditorMeshComponent_1) Already registered. Aborting.
[2014.10.14-22.14.37:669][361]LogMaterial: Missing cached shader map for material FMatExpressionPreview MaterialExpressionTextureSample_1, compiling.
[2014.10.14-22.14.37:673][361]MaterialEditorStats: Info Base pass shader without light map: 42 instructions
[2014.10.14-22.14.37:673][361]MaterialEditorStats: Info Vertex shader: 33 instructions
[2014.10.14-22.14.37:673][361]MaterialEditorStats: Info Texture samplers: 4/16
[2014.10.14-22.15.03:885][  7]LogParticles: Destroying 0 GPU particle simulations for FXSystem 0x000000001CB7A480
[2014.10.14-22.15.03:886][  7]LogParticles: Destroying 0 GPU particle simulations for FXSystem 0x000000001CB7B6A0
[2014.10.14-22.15.05:930][  7]LogSavePackage: Save=3.267140ms
[2014.10.14-22.15.05:930][  7]LogSavePackage: Moving '../../../../../../Users/Zeetermin/Documents/2014 Fall/SpaceVines/Space_Vines/Link-Object_prototype_withboxes/Saved/DefaultParticle670F7D8B493998DBD16A9EB6EA3E0F71.tmp' to '../../../../../../Users/Zeetermin/Documents/2014 Fall/SpaceVines/Space_Vines/Link-Object_prototype_withboxes/Content/Materials/DefaultParticle.uasset'
[2014.10.14-22.15.06:336][  8]Cmd: QUIT_EDITOR
[2014.10.14-22.15.06:404][  8]LogWindowsTextInputMethodSystem:Error: Terminating failed while unadvising the language notification sink from the TSF source.
[2014.10.14-22.15.06:406][  8]LogExit: Preparing to exit.
[2014.10.14-22.15.06:863][  8]LogActorComponent: UnregisterComponent: (None.None) Not registered. Aborting.
[2014.10.14-22.15.06:863][  8]LogActorComponent: UnregisterComponent: (None.None) Not registered. Aborting.
[2014.10.14-22.15.06:863][  8]LogActorComponent: UnregisterComponent: (None.None) Not registered. Aborting.
[2014.10.14-22.15.06:863][  8]LogActorComponent: UnregisterComponent: (None.None) Not registered. Aborting.
[2014.10.14-22.15.06:863][  8]LogActorComponent: UnregisterComponent: (None.None) Not registered. Aborting.
[2014.10.14-22.15.06:863][  8]LogActorComponent: UnregisterComponent: (None.None) Not registered. Aborting.
[2014.10.14-22.15.06:863][  8]LogActorComponent: UnregisterComponent: (None.None) Not registered. Aborting.
[2014.10.14-22.15.06:863][  8]LogActorComponent: UnregisterComponent: (None.None) Not registered. Aborting.
[2014.10.14-22.15.06:863][  8]LogActorComponent: UnregisterComponent: (None.None) Not registered. Aborting.
[2014.10.14-22.15.06:863][  8]LogActorComponent: UnregisterComponent: (None.None) Not registered. Aborting.
[2014.10.14-22.15.06:863][  8]LogActorComponent: UnregisterComponent: (None.None) Not registered. Aborting.
[2014.10.14-22.15.06:863][  8]LogActorComponent: UnregisterComponent: (None.None) Not registered. Aborting.
[2014.10.14-22.15.06:863][  8]LogActorComponent: UnregisterComponent: (None.None) Not registered. Aborting.
[2014.10.14-22.15.06:863][  8]LogActorComponent: UnregisterComponent: (None.None) Not registered. Aborting.
[2014.10.14-22.15.06:863][  8]LogActorComponent: UnregisterComponent: (None.None) Not registered. Aborting.
[2014.10.14-22.15.06:863][  8]LogActorComponent: UnregisterComponent: (None.None) Not registered. Aborting.
[2014.10.14-22.15.06:863][  8]LogActorComponent: UnregisterComponent: (None.None) Not registered. Aborting.
[2014.10.14-22.15.06:863][  8]LogActorComponent: UnregisterComponent: (None.None) Not registered. Aborting.
[2014.10.14-22.15.06:876][  8]LogExit: Editor shut down
[2014.10.14-22.15.06:876][  8]LogExit: Transaction tracking system shut down
[2014.10.14-22.15.06:877][  8]LogParticles: Destroying 0 GPU particle simulations for FXSystem 0x00000000266F0D60
[2014.10.14-22.15.06:877][  8]LogParticles: Destroying 0 GPU particle simulations for FXSystem 0x000000002691FB00
[2014.10.14-22.15.06:877][  8]LogParticles: Destroying 0 GPU particle simulations for FXSystem 0x000000001CCC2F20
[2014.10.14-22.15.06:880][  8]LogParticles: Destroying 0 GPU particle simulations for FXSystem 0x000000001EA84E00
[2014.10.14-22.15.06:881][  8]LogParticles: Destroying 0 GPU particle simulations for FXSystem 0x0000000016946A20
[2014.10.14-22.15.06:906][  8]LogExit: Object subsystem successfully closed.
[2014.10.14-22.15.06:968][  8]LogModuleManager: Shutting down and abandoning module MaterialEditor (168)
[2014.10.14-22.15.06:968][  8]LogModuleManager: Shutting down and abandoning module TextureEditor (167)
[2014.10.14-22.15.06:968][  8]LogModuleManager: Shutting down and abandoning module DistCurveEditor (166)
[2014.10.14-22.15.06:968][  8]LogModuleManager: Shutting down and abandoning module Cascade (165)
[2014.10.14-22.15.06:968][  8]LogModuleManager: Shutting down and abandoning module AndroidDeviceDetection (164)
[2014.10.14-22.15.06:968][  8]LogModuleManager: Shutting down and abandoning module CrashTracker (163)
[2014.10.14-22.15.06:968][  8]LogModuleManager: Shutting down and abandoning module HTTP (162)
[2014.10.14-22.15.06:969][  8]LogModuleManager: Shutting down and abandoning module NewsFeed (161)
[2014.10.14-22.15.06:969][  8]LogModuleManager: Shutting down and abandoning module SceneOutliner (160)
[2014.10.14-22.15.06:969][  8]LogModuleManager: Shutting down and abandoning module EditorWidgets (159)
[2014.10.14-22.15.06:969][  8]LogModuleManager: Shutting down and abandoning module CollectionManager (158)
[2014.10.14-22.15.06:969][  8]LogModuleManager: Shutting down and abandoning module StatsViewer (157)
[2014.10.14-22.15.06:969][  8]LogModuleManager: Shutting down and abandoning module FoliageEdit (156)
[2014.10.14-22.15.06:969][  8]LogModuleManager: Shutting down and abandoning module LandscapeEditor (155)
[2014.10.14-22.15.06:975][  8]LogModuleManager: Shutting down and abandoning module MeshPaint (154)
[2014.10.14-22.15.06:975][  8]LogModuleManager: Shutting down and abandoning module ActorPickerMode (153)
[2014.10.14-22.15.06:975][  8]LogModuleManager: Shutting down and abandoning module GeometryMode (152)
[2014.10.14-22.15.06:975][  8]LogModuleManager: Shutting down and abandoning module TextureAlignMode (151)
[2014.10.14-22.15.06:975][  8]LogModuleManager: Shutting down and abandoning module BspMode (150)
[2014.10.14-22.15.06:975][  8]LogModuleManager: Shutting down and abandoning module PlacementMode (149)
[2014.10.14-22.15.06:976][  8]LogModuleManager: Shutting down and abandoning module AutomationWorker (148)
[2014.10.14-22.15.06:976][  8]LogModuleManager: Shutting down and abandoning module ViewportSnapping (147)
[2014.10.14-22.15.06:976][  8]LogModuleManager: Shutting down and abandoning module DeviceProfileEditor (146)
[2014.10.14-22.15.06:976][  8]LogModuleManager: Shutting down and abandoning module UndoHistory (145)
[2014.10.14-22.15.06:976][  8]LogModuleManager: Shutting down and abandoning module GameplayTagsEditor (144)
[2014.10.14-22.15.06:976][  8]LogModuleManager: Shutting down and abandoning module UserFeedback (143)
[2014.10.14-22.15.06:976][  8]LogModuleManager: Shutting down and abandoning module XmlParser (142)
[2014.10.14-22.15.06:976][  8]LogModuleManager: Shutting down and abandoning module Blutility (141)
[2014.10.14-22.15.06:976][  8]LogModuleManager: Shutting down and abandoning module AndroidPlatformEditor (138)
[2014.10.14-22.15.06:976][  8]LogModuleManager: Shutting down and abandoning module AndroidRuntimeSettings (137)
[2014.10.14-22.15.06:976][  8]LogModuleManager: Shutting down and abandoning module ProjectSettingsViewer (136)
[2014.10.14-22.15.06:976][  8]LogModuleManager: Shutting down and abandoning module InputBindingEditor (135)
[2014.10.14-22.15.06:976][  8]LogModuleManager: Shutting down and abandoning module EditorSettingsViewer (134)
[2014.10.14-22.15.06:976][  8]LogModuleManager: Shutting down and abandoning module SettingsEditor (133)
[2014.10.14-22.15.06:976][  8]LogModuleManager: Shutting down and abandoning module SessionLauncher (132)
[2014.10.14-22.15.06:976][  8]LogModuleManager: Shutting down and abandoning module SessionFrontend (131)
[2014.10.14-22.15.06:976][  8]LogModuleManager: Shutting down and abandoning module ProfilerClient (130)
[2014.10.14-22.15.06:976][  8]LogModuleManager: Shutting down and abandoning module TargetDeviceServices (129)
[2014.10.14-22.15.06:976][  8]LogModuleManager: Shutting down and abandoning module DeviceManager (128)
[2014.10.14-22.15.06:976][  8]LogModuleManager: Shutting down and abandoning module AutomationController (127)
[2014.10.14-22.15.06:976][  8]LogModuleManager: Shutting down and abandoning module AutomationWindow (126)
[2014.10.14-22.15.06:976][  8]LogModuleManager: Shutting down and abandoning module Layers (125)
[2014.10.14-22.15.06:976][  8]LogModuleManager: Shutting down and abandoning module ComponentVisualizers (124)
[2014.10.14-22.15.06:976][  8]LogModuleManager: Shutting down and abandoning module DetailCustomizations (123)
[2014.10.14-22.15.06:976][  8]LogModuleManager: Shutting down and abandoning module PackagesDialog (122)
[2014.10.14-22.15.06:976][  8]LogModuleManager: Shutting down and abandoning module PropertyEditor (121)
[2014.10.14-22.15.06:976][  8]LogModuleManager: Shutting down and abandoning module DirectoryWatcher (120)
[2014.10.14-22.15.06:977][  8]LogModuleManager: Shutting down and abandoning module AssetRegistry (119)
[2014.10.14-22.15.07:048][  8]LogModuleManager: Shutting down and abandoning module Persona (118)
[2014.10.14-22.15.07:048][  8]LogModuleManager: Shutting down and abandoning module GraphEditor (117)
[2014.10.14-22.15.07:048][  8]LogModuleManager: Shutting down and abandoning module ContentBrowser (116)
[2014.10.14-22.15.07:048][  8]LogModuleManager: Shutting down and abandoning module ClassViewer (115)
[2014.10.14-22.15.07:048][  8]LogModuleManager: Shutting down and abandoning module Toolbox (114)
[2014.10.14-22.15.07:048][  8]LogModuleManager: Shutting down and abandoning module ModuleUI (113)
[2014.10.14-22.15.07:048][  8]LogModuleManager: Shutting down and abandoning module Sequencer (112)
[2014.10.14-22.15.07:048][  8]LogModuleManager: Shutting down and abandoning module AssetTools (111)
[2014.10.14-22.15.07:049][  8]LogModuleManager: Shutting down and abandoning module MovieSceneTools (110)
[2014.10.14-22.15.07:049][  8]LogModuleManager: Shutting down and abandoning module OutputLog (109)
[2014.10.14-22.15.07:049][  8]LogModuleManager: Shutting down and abandoning module GammaUI (108)
[2014.10.14-22.15.07:049][  8]LogModuleManager: Shutting down and abandoning module Documentation (107)
[2014.10.14-22.15.07:049][  8]LogModuleManager: Shutting down and abandoning module DesktopPlatform (106)
[2014.10.14-22.15.07:049][  8]LogModuleManager: Shutting down and abandoning module StreamingPauseRendering (105)
[2014.10.14-22.15.07:049][  8]LogModuleManager: Shutting down and abandoning module AnalyticsET (104)
[2014.10.14-22.15.07:049][  8]LogModuleManager: Shutting down and abandoning module Analytics (103)
[2014.10.14-22.15.07:049][  8]LogModuleManager: Shutting down and abandoning module ProfilerService (102)
[2014.10.14-22.15.07:183][  8]LogModuleManager: Shutting down and abandoning module TaskGraph (101)
[2014.10.14-22.15.07:183][  8]LogModuleManager: Shutting down and abandoning module GameProjectGeneration (100)
[2014.10.14-22.15.07:183][  8]LogModuleManager: Shutting down and abandoning module Matinee (99)
[2014.10.14-22.15.07:183][  8]LogModuleManager: Shutting down and abandoning module Kismet (98)
[2014.10.14-22.15.07:183][  8]LogModuleManager: Shutting down and abandoning module SlateReflector (97)
[2014.10.14-22.15.07:183][  8]LogModuleManager: Shutting down and abandoning module LevelEditor (96)
[2014.10.14-22.15.07:184][  8]LogModuleManager: Shutting down and abandoning module MainFrame (95)
[2014.10.14-22.15.07:184][  8]LogModuleManager: Shutting down and abandoning module SourceControl (94)
[2014.10.14-22.15.07:184][  8]LogModuleManager: Shutting down and abandoning module ImageWrapper (93)
[2014.10.14-22.15.07:184][  8]LogModuleManager: Shutting down and abandoning module OnlineBlueprintSupport (92)
[2014.10.14-22.15.07:184][  8]LogModuleManager: Shutting down and abandoning module FunctionalTesting (91)
[2014.10.14-22.15.07:184][  8]LogModuleManager: Shutting down and abandoning module CollisionAnalyzer (90)
[2014.10.14-22.15.07:184][  8]LogModuleManager: Shutting down and abandoning module WorkspaceMenuStructure (89)
[2014.10.14-22.15.07:184][  8]LogModuleManager: Shutting down and abandoning module MessageLog (88)
[2014.10.14-22.15.07:184][  8]LogModuleManager: Shutting down and abandoning module Slate (87)
[2014.10.14-22.15.07:184][  8]LogModuleManager: Shutting down and abandoning module EditorStyle (86)
[2014.10.14-22.15.07:186][  8]LogModuleManager: Shutting down and abandoning module SessionServices (85)
[2014.10.14-22.15.07:186][  8]LogModuleManager: Shutting down and abandoning module Messaging (84)
[2014.10.14-22.15.07:186][  8]LogModuleManager: Shutting down and abandoning module SourceCodeAccess (83)
[2014.10.14-22.15.07:186][  8]LogModuleManager: Shutting down and abandoning module HeadMountedDisplay (82)
[2014.10.14-22.15.07:186][  8]LogModuleManager: Shutting down and abandoning module XAudio2 (81)
[2014.10.14-22.15.07:186][  8]LogModuleManager: Shutting down and abandoning module Networking (79)
[2014.10.14-22.15.07:186][  8]LogModuleManager: Shutting down and abandoning module Core (78)
[2014.10.14-22.15.07:186][  8]LogModuleManager: Shutting down and abandoning module KismetCompiler (77)
[2014.10.14-22.15.07:186][  8]LogModuleManager: Shutting down and abandoning module PhysXFormats (76)
[2014.10.14-22.15.07:186][  8]LogModuleManager: Shutting down and abandoning module SimplygonMeshReduction (75)
[2014.10.14-22.15.07:186][  8]LogModuleManager: Shutting down and abandoning module MeshUtilities (74)
[2014.10.14-22.15.07:186][  8]LogModuleManager: Shutting down and abandoning module DerivedDataCache (73)
[2014.10.14-22.15.07:224][  8]LogDerivedDataCache: Shutdown
[2014.10.14-22.15.07:224][  8]LogModuleManager: Shutting down and abandoning module ShaderFormatOpenGL (72)
[2014.10.14-22.15.07:224][  8]LogModuleManager: Shutting down and abandoning module ShaderFormatD3D (71)
[2014.10.14-22.15.07:224][  8]LogModuleManager: Shutting down and abandoning module TextureFormatUncompressed (70)
[2014.10.14-22.15.07:224][  8]LogModuleManager: Shutting down and abandoning module TextureFormatPVR (69)
[2014.10.14-22.15.07:224][  8]LogModuleManager: Shutting down and abandoning module TextureFormatDXT (68)
[2014.10.14-22.15.07:224][  8]LogModuleManager: Shutting down and abandoning module TextureFormatAndroid (67)
[2014.10.14-22.15.07:224][  8]LogModuleManager: Shutting down and abandoning module AudioFormatOpus (66)
[2014.10.14-22.15.07:224][  8]LogModuleManager: Shutting down and abandoning module AudioFormatOgg (65)
[2014.10.14-22.15.07:224][  8]LogModuleManager: Shutting down and abandoning module AudioFormatADPCM (64)
[2014.10.14-22.15.07:224][  8]LogModuleManager: Shutting down and abandoning module Android_PVRTCTargetPlatform (63)
[2014.10.14-22.15.07:224][  8]LogModuleManager: Shutting down and abandoning module Android_ETC2TargetPlatform (62)
[2014.10.14-22.15.07:224][  8]LogModuleManager: Shutting down and abandoning module Android_ETC1TargetPlatform (61)
[2014.10.14-22.15.07:224][  8]LogModuleManager: Shutting down and abandoning module Android_DXTTargetPlatform (60)
[2014.10.14-22.15.07:224][  8]LogModuleManager: Shutting down and abandoning module Android_ATCTargetPlatform (59)
[2014.10.14-22.15.07:224][  8]LogModuleManager: Shutting down and abandoning module AndroidTargetPlatform (58)
[2014.10.14-22.15.07:224][  8]LogModuleManager: Shutting down and abandoning module WindowsTargetPlatform (57)
[2014.10.14-22.15.07:224][  8]LogModuleManager: Shutting down and abandoning module WindowsServerTargetPlatform (56)
[2014.10.14-22.15.07:224][  8]LogModuleManager: Shutting down and abandoning module WindowsNoEditorTargetPlatform (55)
[2014.10.14-22.15.07:224][  8]LogModuleManager: Shutting down and abandoning module WindowsClientTargetPlatform (54)
[2014.10.14-22.15.07:224][  8]LogModuleManager: Shutting down and abandoning module TargetPlatform (53)
[2014.10.14-22.15.07:224][  8]LogModuleManager: Shutting down and abandoning module InputCore (52)
[2014.10.14-22.15.07:224][  8]LogModuleManager: Shutting down and abandoning module Settings (51)
[2014.10.14-22.15.07:224][  8]LogModuleManager: Shutting down and abandoning module TextureCompressor (48)
[2014.10.14-22.15.07:224][  8]LogModuleManager: Shutting down and abandoning module ShaderCore (47)
[2014.10.14-22.15.07:224][  8]LogModuleManager: Shutting down and abandoning module OpenGLDrv (46)
[2014.10.14-22.15.07:224][  8]LogModuleManager: Shutting down and abandoning module D3D11RHI (45)
[2014.10.14-22.15.07:224][  8]LogModuleManager: Shutting down and abandoning module SlateRHIRenderer (44)
[2014.10.14-22.15.07:224][  8]LogModuleManager: Shutting down and abandoning module Renderer (43)
[2014.10.14-22.15.07:224][  8]LogModuleManager: Shutting down and abandoning module Engine (42)
[2014.10.14-22.15.07:224][  8]LogModuleManager: Shutting down and abandoning module SlateRemote (41)
[2014.10.14-22.15.07:224][  8]LogModuleManager: Shutting down and abandoning module ScriptPlugin (40)
[2014.10.14-22.15.07:224][  8]LogModuleManager: Shutting down and abandoning module ScriptEditorPlugin (38)
[2014.10.14-22.15.07:224][  8]LogModuleManager: Shutting down and abandoning module WindowsMoviePlayer (37)
[2014.10.14-22.15.07:227][  8]LogModuleManager: Shutting down and abandoning module ExampleDeviceProfileSelector (32)
[2014.10.14-22.15.07:227][  8]LogModuleManager: Shutting down and abandoning module CustomMeshComponent (31)
[2014.10.14-22.15.07:227][  8]LogModuleManager: Shutting down and abandoning module CableComponent (30)
[2014.10.14-22.15.07:227][  8]LogModuleManager: Shutting down and abandoning module OculusRift (26)
[2014.10.14-22.15.07:227][  8]LogModuleManager: Shutting down and abandoning module UdpMessaging (25)
[2014.10.14-22.15.07:327][  8]LogModuleManager: Shutting down and abandoning module MessagingDebugger (24)
[2014.10.14-22.15.07:327][  8]LogModuleManager: Shutting down and abandoning module PluginsEditor (14)
[2014.10.14-22.15.07:327][  8]LogModuleManager: Shutting down and abandoning module IntroTutorials (13)
[2014.10.14-22.15.07:327][  8]LogModuleManager: Shutting down and abandoning module EpicSurvey (12)
[2014.10.14-22.15.07:327][  8]LogModuleManager: Shutting down and abandoning module VisualStudioSourceCodeAccess (10)
[2014.10.14-22.15.07:327][  8]LogModuleManager: Shutting down and abandoning module UObjectPlugin (9)
[2014.10.14-22.15.07:327][  8]LogModuleManager: Shutting down and abandoning module SubversionSourceControl (8)
[2014.10.14-22.15.07:327][  8]LogModuleManager: Shutting down and abandoning module PerforceSourceControl (7)
[2014.10.14-22.15.07:327][  8]LogModuleManager: Shutting down and abandoning module BlankPlugin (6)
[2014.10.14-22.15.07:327][  8]LogModuleManager: Shutting down and abandoning module CoreUObject (5)
[2014.10.14-22.15.07:327][  8]LogModuleManager: Shutting down and abandoning module NetworkFile (4)
[2014.10.14-22.15.07:327][  8]LogModuleManager: Shutting down and abandoning module StreamingFile (3)
[2014.10.14-22.15.07:327][  8]LogModuleManager: Shutting down and abandoning module SandboxFile (2)
[2014.10.14-22.15.07:327][  8]LogModuleManager: Shutting down and abandoning module PakFile (1)
[2014.10.14-22.15.07:327][  8]LogExit: Exiting.
[2014.10.14-22.15.07:340][  8]Log file closed, 10/14/14 18:15:07
