Log file open, 09/22/14 20:57:41
LogInit:Display: Running engine for game: MyProject2
LogInit: Version: 4.2.1-2101290+++depot+UE4-Releases+4.2
LogInit: Compiled (64-bit): Jun 10 2014 22:21:56
LogInit: Build Configuration: Development
LogInit: Branch Name: ++depot+UE4-Releases+4.2
LogInit: Command line: 
LogInit: Base directory: E:/Unreal Engine/4.2/Engine/Binaries/Win64/
LogInit: Rocket: 1
[2014.09.23-00.57.41:731][  0]LogTaskGraph: Started task graph with 3 named threads and 4 total threads.
[2014.09.23-00.57.41:756][  0]LogOnline:Warning: No default platform service specified for OnlineSubsystem
[2014.09.23-00.57.41:760][  0]LogInit: Presizing for 0 objects not considered by GC, pre-allocating 0 bytes.
[2014.09.23-00.57.41:764][  0]LogInit: Object subsystem initialized
[2014.09.23-00.57.41:765][  0]LogInit: Selected Device Profile: [Windows]
[2014.09.23-00.57.41:765][  0]LogInit: Applying CVar settings loaded from the selected device profile: [Windows]
[2014.09.23-00.57.41:768][  0]LogInit: Computer: DUB-PC
[2014.09.23-00.57.41:768][  0]LogInit: User: dub
[2014.09.23-00.57.41:769][  0]LogInit: CPU Page size=4096, Cores=4
[2014.09.23-00.57.41:769][  0]LogInit: High frequency timer resolution =3.417972 MHz
[2014.09.23-00.57.41:769][  0]LogMemory: Memory total: Physical=7.9GB (8GB approx) Virtual=131072.0GB
[2014.09.23-00.57.41:769][  0]LogMemory: Platform Memory Stats for Windows
[2014.09.23-00.57.41:769][  0]LogMemory: Process Physical Memory: 52.98 MB used, 53.08 MB peak
[2014.09.23-00.57.41:769][  0]LogMemory: Process Virtual Memory: 29.43 MB used, 29.55 MB peak
[2014.09.23-00.57.41:769][  0]LogMemory: Physical Memory: 2578.10 MB used, 8135.93 MB total
[2014.09.23-00.57.41:769][  0]LogMemory: Virtual Memory: 246.48 MB used, 134217728.00 MB total
[2014.09.23-00.57.41:796][  0]LogD3D11RHI: Found D3D11 adapter 0: NVIDIA GeForce GTX 670 (Feature Level 11_0)
[2014.09.23-00.57.41:796][  0]LogD3D11RHI: Adapter has 4011MB of dedicated video memory, 0MB of dedicated system memory, and 4067MB of shared system memory, 1 output[s]
[2014.09.23-00.57.41:797][  0]LogD3D11RHI: Found D3D11 adapter 1: Microsoft Basic Render Driver (Feature Level 11_0)
[2014.09.23-00.57.41:797][  0]LogD3D11RHI: Adapter has 0MB of dedicated video memory, 0MB of dedicated system memory, and 256MB of shared system memory, 0 output[s]
[2014.09.23-00.57.41:797][  0]LogD3D11RHI: Chosen D3D11 Adapter Id = 0
[2014.09.23-00.57.41:800][  0]LogRHI: Texture pool is 1361 MB (70% of 1945 MB)
[2014.09.23-00.57.41:805][  0]LogD3D11RHI: Async texture creation enabled
[2014.09.23-00.57.41:884][  0]LogContentStreaming: Texture pool size is 0.000000MB
[2014.09.23-00.57.42:451][  0]LogTargetPlatformManager:Display: Building Assets For Windows
[2014.09.23-00.57.42:525][  0]LogTargetPlatformManager:Display: Building Assets For Windows
[2014.09.23-00.57.42:544][  0]LogDerivedDataCache:Display: Max Cache Size: 512 MB
[2014.09.23-00.57.42:582][  0]LogDerivedDataCache: Loaded boot cache 0.04s 39MB C:/Users/dub/AppData/Local/UnrealEngine/4.2/DerivedDataCache/Boot.ddc.
[2014.09.23-00.57.42:582][  0]LogDerivedDataCache:Display: Loaded Boot cache: C:/Users/dub/AppData/Local/UnrealEngine/4.2/DerivedDataCache/Boot.ddc
[2014.09.23-00.57.42:582][  0]LogDerivedDataCache: FDerivedDataBackendGraph:  Pak pak cache file C:/Users/dub/Desktop/Space_Vines_Local/Space_Vines/Link-Object_prototype/DerivedDataCache/DDC.ddp not found, will not use a pak cache.
[2014.09.23-00.57.42:582][  0]LogDerivedDataCache: Unable to find inner node Pak for hierarchical cache Hierarchy.
[2014.09.23-00.57.42:590][  0]LogDerivedDataCache:Display: Pak cache opened for reading ../../../Engine/DerivedDataCache/DDC.ddp.
[2014.09.23-00.57.42:601][  0]LogDerivedDataCache: Using Local data cache path C:/Users/dub/AppData/Local/UnrealEngine/4.2/DerivedDataCache: Writable
[2014.09.23-00.57.42:753][  0]LogMeshUtilities: No automatic mesh reduction module available
[2014.09.23-00.57.42:753][  0]LogMeshUtilities: No automatic mesh merging module available
[2014.09.23-00.57.42:959][  0]LogInit: WinSock: version 1.1 (2.2), MaxSocks=32767, MaxUdp=65467
[2014.09.23-00.57.43:222][  0]LogStreaming:Warning: Failed to read file '../../../Engine/Content/Editor/Slate/Icons/ActorIcons/GroupActor_16x.png' error.
[2014.09.23-00.57.43:222][  0]LogSlate: Could not find file for Slate resource: ../../../Engine/Content/Editor/Slate/Icons/ActorIcons/GroupActor_16x.png
[2014.09.23-00.57.43:225][  0]LogStreaming:Warning: Failed to read file '../../../Engine/Content/Editor/Slate/Icons/ActorIcons/DecalActor_16x.png' error.
[2014.09.23-00.57.43:225][  0]LogSlate: Could not find file for Slate resource: ../../../Engine/Content/Editor/Slate/Icons/ActorIcons/DecalActor_16x.png
[2014.09.23-00.57.43:411][  0]UdpMessaging: Initializing bridge on interface 0.0.0.0:0 to multicast group 230.0.0.1:6666.
[2014.09.23-00.57.43:506][  0]SourceControl: Info Source control is disabled
[2014.09.23-00.57.43:506][  0]SourceControl: Info Source control is disabled
[2014.09.23-00.57.43:509][  0]SourceControl: Info Source control is disabled
[2014.09.23-00.57.43:607][  0]BlueprintLog: New page: Editor Load
[2014.09.23-00.57.43:670][  0]LogObj: 19137 objects as part of root set at end of initial load.
[2014.09.23-00.57.43:670][  0]LogUObjectAllocator: 3804776 out of 0 bytes used by permanent object pool.
[2014.09.23-00.57.43:830][  0]LogEngine: Initializing Engine...
[2014.09.23-00.57.43:891][  0]LogInit: XAudio2 using 'Speakers (3- Plantronics GameCom 780)' : 6 channels at 44.1 kHz using 16 bits per sample (channel mask 0x60f)
[2014.09.23-00.57.43:896][  0]LogInit: FAudioDevice initialized.
[2014.09.23-00.57.43:912][  0]LogDerivedDataCache: Saved boot cache 0.02s 39MB C:/Users/dub/AppData/Local/UnrealEngine/4.2/DerivedDataCache/Boot.ddc.
[2014.09.23-00.57.43:914][  0]LogInit: Texture streaming: Enabled
[2014.09.23-00.57.43:943][  0]LogInit: Transaction tracking system initialized
[2014.09.23-00.57.44:062][  0]LogAssetRegistry: FAssetRegistry took 0.0109 seconds to start up
[2014.09.23-00.57.44:249][  0]LogModuleManager:Warning: ModuleManager: Unable to load module '' because the file was not found.
[2014.09.23-00.57.44:252][  0]LogModuleManager:Warning: ModuleManager: Unable to load module '' because the file was not found.
[2014.09.23-00.57.44:307][  0]LogConsoleResponse:Display: 
[2014.09.23-00.57.44:461][  0]SourceControl: Info Source control is disabled
[2014.09.23-00.57.44:461][  0]Cmd: MAP LOAD FILE="C:/Users/dub/Desktop/Space_Vines_Local/Space_Vines/Link-Object_prototype/Content/Maps/GameLevels/Two.umap" TEMPLATE=0 SHOWPROGRESS=1 WORLDCOMPOSITION=0
[2014.09.23-00.57.44:462][  0]LightingResults: New page: Lighting Build
[2014.09.23-00.57.44:465][  0]MapCheck: New page: Map Check
[2014.09.23-00.57.44:465][  0]LightingResults: New page: Lighting Build
[2014.09.23-00.57.44:473][  0]LogParticles: Destroying 0 GPU particle simulations for FXSystem 0x0000008EEDA44AE0
[2014.09.23-00.57.44:575][  0]LogMaterial: Missing cached shader map for material puzzle_piece, compiling.
[2014.09.23-00.57.44:580][  0]LogMaterial: Missing cached shader map for material lore, compiling.
[2014.09.23-00.57.44:652][  0]LogTexture:Display: Building textures: HQ_Lightmap0_2 (AutoDXT)
[2014.09.23-00.57.44:917][  0]LogTexture:Display: Building textures: HQ_Lightmap0_3 (AutoDXT)
[2014.09.23-00.57.45:221][  0]LogTexture:Display: Building textures: HQ_Lightmap0_4 (AutoDXT)
[2014.09.23-00.57.45:442][  0]LogTexture:Display: Building textures: HQ_Lightmap0_5 (AutoDXT)
[2014.09.23-00.57.45:646][  0]LogTexture:Display: Building textures: HQ_Lightmap0_6 (AutoDXT)
[2014.09.23-00.57.45:706][  0]LogTexture:Display: Building textures: HQ_Lightmap0_7 (AutoDXT)
[2014.09.23-00.57.45:718][  0]LogTexture:Display: Building textures: LQ_Lightmap_0_2 (DXT1)
[2014.09.23-00.57.45:843][  0]LogTexture:Display: Building textures: LQ_Lightmap_0_3 (DXT1)
[2014.09.23-00.57.45:971][  0]LogTexture:Display: Building textures: LQ_Lightmap_0_4 (DXT1)
[2014.09.23-00.57.46:054][  0]LogTexture:Display: Building textures: LQ_Lightmap_0_5 (DXT1)
[2014.09.23-00.57.46:124][  0]LogTexture:Display: Building textures: LQ_Lightmap_0_6 (DXT1)
[2014.09.23-00.57.46:144][  0]LogTexture:Display: Building textures: LQ_Lightmap_0_7 (DXT1)
[2014.09.23-00.57.46:150][  0]LogTexture:Display: Building textures: ShadowMapTexture2D_157 (BGRA8)
[2014.09.23-00.57.46:175][  0]LogTexture:Display: Building textures: ShadowMapTexture2D_158 (BGRA8)
[2014.09.23-00.57.46:197][  0]LogTexture:Display: Building textures: ShadowMapTexture2D_159 (BGRA8)
[2014.09.23-00.57.46:218][  0]LogTexture:Display: Building textures: ShadowMapTexture2D_160 (BGRA8)
[2014.09.23-00.57.46:236][  0]LogTexture:Display: Building textures: ShadowMapTexture2D_161 (BGRA8)
[2014.09.23-00.57.46:239][  0]LogTexture:Display: Building textures: ShadowMapTexture2D_162 (BGRA8)
[2014.09.23-00.57.46:248][  0]LogMaterial:Warning: Material /Game/lore.lore needed to have new flag set bUsedWithStaticLighting !
[2014.09.23-00.57.46:253][  0]LogMaterial: Missing cached shader map for material lore, compiling.
[2014.09.23-00.57.46:256][  0]LogMaterial: 0.000054 seconds spent updating 1 materials, 1 interfaces, 0 instances, 0 with static permutations.
[2014.09.23-00.57.46:279][  0]LogEditorServer: Finished looking for orphan Actors (0.000 secs)
[2014.09.23-00.57.46:280][  0]Cmd: MAP CHECKDEP
[2014.09.23-00.57.46:280][  0]MapCheck: New page: Two - Sep 22, 2014, 4:57:46 PM
[2014.09.23-00.57.46:308][  0]MapCheck: Info ========== Map Check: 0 Error(s), 0 Warning(s), [27.963ms] ==========
[2014.09.23-00.57.46:308][  0]LogFileHelpers: Loading map 'Two' took 1.847
[2014.09.23-00.57.46:396][  0]LogCollectionManager: Loaded 0 collections in 0.000681 seconds
[2014.09.23-00.57.46:498][  0]LogCrashTracker: Crashtracker disabled due to settings.
[2014.09.23-00.57.46:498][  0]Cmd: MODE PLACEMENT
[2014.09.23-00.57.46:531][  0]LogLoad: Full Startup: 5.20 seconds (BP compile: 0.03 seconds)
[2014.09.23-00.57.46:541][  0]LogContentBrowser:Verbose: The content browser source was changed by the sources view to '/Game/Materials'
[2014.09.23-00.57.46:675][  0]LogRenderer:Warning: Reallocating scene render targets to support 1136x912.
[2014.09.23-00.57.46:795][  1]LogEpicStorage:Warning: EnumerateFiles request failed. Invalid response. code=403 error=<?xml version="1.0" encoding="UTF-8"?>
<Error><Code>AccessDenied</Code><Message>Access Denied</Message><RequestId>9392B7D5EE53015E</RequestId><HostId>quVbXFqGZLvf8ZJg9TMH7WRjZUf1Q7hpQ3h+GWYhL7dnU5/KaTr5OHeVVKOl0s9X</HostId></Error>
[2014.09.23-00.57.46:864][  1]LogAssetRegistry: Asset discovery search completed in 2.8136 seconds
[2014.09.23-00.57.46:892][  2]LogEpicSurvey:Warning: EnumerateFiles request failed. Invalid response. code=403 error=<?xml version="1.0" encoding="UTF-8"?>
<Error><Code>AccessDenied</Code><Message>Access Denied</Message><RequestId>B75375B75F6CEB9C</RequestId><HostId>Xo8ZsOWHuYx+mReU01+3K7ZRTkFRTvpyrtLQLYZZOK8LJv5a9OO3UwJ/8jmPcjTh</HostId></Error>
[2014.09.23-00.57.46:924][  3]LogEpicStorage:Warning: EnumerateFiles request failed. Invalid response. code=403 error=<?xml version="1.0" encoding="UTF-8"?>
<Error><Code>AccessDenied</Code><Message>Access Denied</Message><RequestId>40FF4D2302CE6F23</RequestId><HostId>7e/Z6nDTQv4jm/yzU/wp+uieR4RshM6Q9j1+GjJdCWPkVGFXz34QnSbt0PAvW/65</HostId></Error>
[2014.09.23-00.57.46:935][  4]LogEpicSurvey:Warning: EnumerateFiles request failed. Invalid response. code=403 error=<?xml version="1.0" encoding="UTF-8"?>
<Error><Code>AccessDenied</Code><Message>Access Denied</Message><RequestId>C6D28C2FF96E46F2</RequestId><HostId>kzc57vo/svD7lRPu9qTZQcJtHCSACfkfCR9PTFiDa/za+05Od3RJ4bSrPvVuD7Y5ErK0h6c2/Cw=</HostId></Error>
[2014.09.23-00.57.46:988][  7]LogEpicStorage:Warning: ReadFile request failed. File request already pending for filename=http://cdn.unrealengine.com/newsfeed/blueprint_icon_b.png
[2014.09.23-00.57.46:989][  7]LogEpicStorage:Warning: ReadFile request failed. File request already pending for filename=http://cdn.unrealengine.com/newsfeed/blueprint_icon_b.png
[2014.09.23-00.58.04:812][320]Cmd: MAP LOAD FILE="C:/Users/dub/Desktop/Space_Vines_Local/Space_Vines/Link-Object_prototype/Content/Maps/GameLevels/Four.umap" TEMPLATE=0 SHOWPROGRESS=1 WORLDCOMPOSITION=0
[2014.09.23-00.58.04:812][320]LightingResults: New page: Lighting Build
[2014.09.23-00.58.04:812][320]Cmd: MODE PLACEMENT
[2014.09.23-00.58.04:820][320]LoadErrors: New page: Loading map: Four.umap
[2014.09.23-00.58.04:821][320]MapCheck: New page: Map Check
[2014.09.23-00.58.04:821][320]LightingResults: New page: Lighting Build
[2014.09.23-00.58.04:836][320]LogParticles: Destroying 0 GPU particle simulations for FXSystem 0x0000008EEFC1E2A0
[2014.09.23-00.58.04:886][320]LogLinker:Warning: Asset 'C:/Users/dub/Desktop/Space_Vines_Local/Space_Vines/Link-Object_prototype/Content/Props/SM_MatPreviewMesh_02.uasset' has been saved with empty engine version. The asset will be loaded but may be incompatible.
[2014.09.23-00.58.04:927][320]LogMaterial: Missing cached shader map for material Lights, compiling.
[2014.09.23-00.58.04:929][320]LogMaterial: Missing cached shader map for material Button, compiling.
[2014.09.23-00.58.04:930][320]LogMaterial: Missing cached shader map for material Crystal, compiling.
[2014.09.23-00.58.04:931][320]LogMaterial: Missing cached shader map for material LoreWall, compiling.
[2014.09.23-00.58.04:933][320]LogMaterial: Missing cached shader map for material MovingBox, compiling.
[2014.09.23-00.58.04:942][320]LogTexture:Display: Building textures: Texture_Stars_T5 (AutoDXT)
[2014.09.23-00.58.05:160][320]LogTexture:Display: Building textures: Texture_Stars_T4 (AutoDXT)
[2014.09.23-00.58.05:243][320]LogMaterial: Missing cached shader map for material Material_SkySphere, compiling.
[2014.09.23-00.58.05:270][320]LogStaticMesh: Building static mesh Model_SexyBackgroundTemple_1...
[2014.09.23-00.58.05:274][320]LogStaticMesh: Built static mesh [3.830634ms] /Game/Meshes/Environment/Model_SexyBackgroundTemple_1.Model_SexyBackgroundTemple_1
[2014.09.23-00.58.05:284][320]LogTexture:Display: Building textures: Normal_Asteroid_1_T1 (BC5)
[2014.09.23-00.58.05:296][320]LogTexture:Display: Building textures: Texture_Asteroid_1_T1 (AutoDXT)
[2014.09.23-00.58.05:364][320]LogMaterial: Missing cached shader map for material Material_Asteroid_1_M1, compiling.
[2014.09.23-00.58.05:366][320]LogStaticMesh: Building static mesh Model_Asteroid_1...
[2014.09.23-00.58.05:367][320]LogStaticMesh: Built static mesh [1.154193ms] /Game/Meshes/Environment/Model_Asteroid_1.Model_Asteroid_1
[2014.09.23-00.58.05:368][320]LogMaterial: Missing cached shader map for material lambert1, compiling.
[2014.09.23-00.58.05:371][320]LogMaterial: Missing cached shader map for material blinn2, compiling.
[2014.09.23-00.58.05:373][320]LogStaticMesh: Building static mesh Model_SexyBackgroundTemple_2...
[2014.09.23-00.58.05:378][320]LogStaticMesh: Built static mesh [5.784717ms] /Game/Meshes/Environment/Model_SexyBackgroundTemple_2.Model_SexyBackgroundTemple_2
[2014.09.23-00.58.05:381][320]LogStaticMesh: Building static mesh Model_SexyBackgroundTemple_3...
[2014.09.23-00.58.05:384][320]LogStaticMesh: Built static mesh [3.756321ms] /Game/Meshes/Environment/Model_SexyBackgroundTemple_3.Model_SexyBackgroundTemple_3
[2014.09.23-00.58.05:389][320]LogTexture:Display: Building textures: Texture_Jar1_T1 (AutoDXT)
[2014.09.23-00.58.05:435][320]LogMaterial: Missing cached shader map for material blinn1, compiling.
[2014.09.23-00.58.05:437][320]LogStaticMesh: Building static mesh Model_Jar1...
[2014.09.23-00.58.05:442][320]LogStaticMesh: Built static mesh [6.125855ms] /Game/Meshes/Objects/Model_Jar1.Model_Jar1
[2014.09.23-00.58.05:475][320]LogTexture:Display: Building textures: Texture_Jar2_T1 (AutoDXT)
[2014.09.23-00.58.06:315][320]LogStaticMesh: Building static mesh Model_Jar2...
[2014.09.23-00.58.06:322][320]LogStaticMesh: Built static mesh [7.451787ms] /Game/Meshes/Objects/Model_Jar2.Model_Jar2
[2014.09.23-00.58.06:425][320]LogEditorServer: Finished looking for orphan Actors (0.000 secs)
[2014.09.23-00.58.06:434][320]Cmd: MAP CHECKDEP
[2014.09.23-00.58.06:434][320]MapCheck: New page: Four - Sep 22, 2014, 4:58:06 PM
[2014.09.23-00.58.06:474][320]MapCheck: Info ========== Map Check: 0 Error(s), 0 Warning(s), [39.139ms] ==========
[2014.09.23-00.58.06:474][320]LogFileHelpers: Loading map 'Four' took 1.661
[2014.09.23-00.59.51:948][908]LogEditorViewport: Clicking on Actor (LMB): StaticMeshActor (Tractorbeam7)
[2014.09.23-01.00.23:909][727]LogEditorViewport: Clicking on Actor (LMB): StaticMeshActor (Model_SkySphere_2)
[2014.09.23-01.00.57:019][688]BlueprintLog: New page: Pre-PIE auto-recompile
[2014.09.23-01.00.57:019][688]LogPlayLevel: [PIE] Compiling Four before PIE...
[2014.09.23-01.00.57:054][688]LogPlayLevel: PIE:  Blueprint regeneration took 34 ms (1 blueprints)
[2014.09.23-01.00.57:054][688]PIE: New page: PIE session: Four (Sep 22, 2014, 5:00:57 PM)
[2014.09.23-01.00.57:082][688]LogBlueprint:Warning: FMemberReference::ResolveMember (K2_GetActorLocation) bSelfContext == true, but no scope supplied!
[2014.09.23-01.00.57:082][688]LogBlueprint:Warning: FMemberReference::ResolveMember (K2_SetActorLocation) bSelfContext == true, but no scope supplied!
[2014.09.23-01.00.57:082][688]LogBlueprint:Warning: FMemberReference::ResolveMember (K2_GetActorLocation) bSelfContext == true, but no scope supplied!
[2014.09.23-01.00.57:082][688]LogBlueprint:Warning: FMemberReference::ResolveMember (K2_SetActorLocation) bSelfContext == true, but no scope supplied!
[2014.09.23-01.00.57:093][688]LogPlayLevel: PIE: StaticDuplicateObject took: (0.038305s)
[2014.09.23-01.00.57:093][688]LogPlayLevel: PIE: World Init took: (0.000485s)
[2014.09.23-01.00.57:094][688]LogPlayLevel: PIE: Created PIE world by copying editor world from /Game/Maps/GameLevels/Four.Four to /Game/Maps/GameLevels/UEDPIE_0_Four.Four (0.039344s)
[2014.09.23-01.00.57:249][688]LogWorld: Game class is 'MyGame_C'
[2014.09.23-01.00.57:292][688]LogWorld: Bringing World /Game/Maps/GameLevels/UEDPIE_0_Four.Four up for play (max tick rate 0) at 2014.09.22-21.00.57
[2014.09.23-01.00.57:295][688]LogWorld: Bringing up level for play took: 0.006679
[2014.09.23-01.00.57:295][688]LogPlayerController: Spawned spectator SpectatorPawn_0 [server:1]
[2014.09.23-01.00.57:295][688]LogGameMode: RestartPlayer 256
[2014.09.23-01.00.57:296][688]LogPlayerController: ClientRestart_Implementation MyCharacter_C_0
[2014.09.23-01.00.57:296][688]LogPlayerController: ServerAcknowledgePossession_Implementation MyCharacter_C_0
[2014.09.23-01.00.57:298][688]PIE: Info Play in editor start time for /Game/Maps/GameLevels/UEDPIE_0_Four 1.064
[2014.09.23-01.04.02:150][842]LogParticles: Destroying 0 GPU particle simulations for FXSystem 0x0000008EEE007100
[2014.09.23-01.04.03:376][987]LogEditorViewport: Clicking on Actor (LMB): StaticMeshActor (LinkedObjectControl)
[2014.09.23-01.04.05:775][271]LogEditorViewport: Clicking on Actor (LMB): StaticMeshActor (LinkedObjectControl)
[2014.09.23-01.04.10:803][868]LogEditorViewport: Clicking on Actor (LMB): StaticMeshActor (LinkedObjectControl)
[2014.09.23-01.11.29:704][237]Cmd: ACTOR SELECT ALL
[2014.09.23-01.11.41:074][ 89]LogActor:Warning: WARNING: EditorApplyTranslation InstancedFoliageActor_0 has no root component
[2014.09.23-01.11.41:111][ 92]LogActor:Warning: WARNING: EditorApplyTranslation InstancedFoliageActor_0 has no root component
[2014.09.23-01.11.41:444][117]LogActor:Warning: WARNING: EditorApplyTranslation InstancedFoliageActor_0 has no root component
[2014.09.23-01.11.41:504][121]LogActor:Warning: WARNING: EditorApplyTranslation InstancedFoliageActor_0 has no root component
[2014.09.23-01.11.41:588][127]LogActor:Warning: WARNING: EditorApplyTranslation InstancedFoliageActor_0 has no root component
[2014.09.23-01.11.41:685][134]LogActor:Warning: WARNING: EditorApplyTranslation InstancedFoliageActor_0 has no root component
[2014.09.23-01.11.41:758][139]LogActor:Warning: WARNING: EditorApplyTranslation InstancedFoliageActor_0 has no root component
[2014.09.23-01.11.41:817][143]LogActor:Warning: WARNING: EditorApplyTranslation InstancedFoliageActor_0 has no root component
[2014.09.23-01.11.41:850][145]LogActor:Warning: WARNING: EditorApplyTranslation InstancedFoliageActor_0 has no root component
[2014.09.23-01.11.41:881][147]LogActor:Warning: WARNING: EditorApplyTranslation InstancedFoliageActor_0 has no root component
[2014.09.23-01.11.41:940][151]LogActor:Warning: WARNING: EditorApplyTranslation InstancedFoliageActor_0 has no root component
[2014.09.23-01.11.42:051][159]LogActor:Warning: WARNING: EditorApplyTranslation InstancedFoliageActor_0 has no root component
[2014.09.23-01.11.42:215][171]LogActor:Warning: WARNING: EditorApplyTranslation InstancedFoliageActor_0 has no root component
[2014.09.23-01.11.42:287][176]LogActor:Warning: WARNING: EditorApplyTranslation InstancedFoliageActor_0 has no root component
[2014.09.23-01.11.42:397][184]LogActor:Warning: WARNING: EditorApplyTranslation InstancedFoliageActor_0 has no root component
[2014.09.23-01.11.42:478][190]LogActor:Warning: WARNING: EditorApplyTranslation InstancedFoliageActor_0 has no root component
[2014.09.23-01.11.42:562][196]LogActor:Warning: WARNING: EditorApplyTranslation InstancedFoliageActor_0 has no root component
[2014.09.23-01.11.42:660][203]LogActor:Warning: WARNING: EditorApplyTranslation InstancedFoliageActor_0 has no root component
[2014.09.23-01.11.42:732][208]LogActor:Warning: WARNING: EditorApplyTranslation InstancedFoliageActor_0 has no root component
[2014.09.23-01.11.42:842][216]LogActor:Warning: WARNING: EditorApplyTranslation InstancedFoliageActor_0 has no root component
[2014.09.23-01.11.42:952][224]LogActor:Warning: WARNING: EditorApplyTranslation InstancedFoliageActor_0 has no root component
[2014.09.23-01.11.43:049][231]LogActor:Warning: WARNING: EditorApplyTranslation InstancedFoliageActor_0 has no root component
[2014.09.23-01.11.43:146][238]LogActor:Warning: WARNING: EditorApplyTranslation InstancedFoliageActor_0 has no root component
[2014.09.23-01.11.43:242][245]LogActor:Warning: WARNING: EditorApplyTranslation InstancedFoliageActor_0 has no root component
[2014.09.23-01.11.43:326][251]LogActor:Warning: WARNING: EditorApplyTranslation InstancedFoliageActor_0 has no root component
[2014.09.23-01.11.43:409][257]LogActor:Warning: WARNING: EditorApplyTranslation InstancedFoliageActor_0 has no root component
[2014.09.23-01.11.43:439][259]LogActor:Warning: WARNING: EditorApplyTranslation InstancedFoliageActor_0 has no root component
[2014.09.23-01.11.43:491][262]LogActor:Warning: WARNING: EditorApplyTranslation InstancedFoliageActor_0 has no root component
[2014.09.23-01.11.43:538][265]LogActor:Warning: WARNING: EditorApplyTranslation InstancedFoliageActor_0 has no root component
[2014.09.23-01.11.43:596][269]LogActor:Warning: WARNING: EditorApplyTranslation InstancedFoliageActor_0 has no root component
[2014.09.23-01.11.43:654][273]LogActor:Warning: WARNING: EditorApplyTranslation InstancedFoliageActor_0 has no root component
[2014.09.23-01.11.43:756][280]LogActor:Warning: WARNING: EditorApplyTranslation InstancedFoliageActor_0 has no root component
[2014.09.23-01.11.43:838][286]LogActor:Warning: WARNING: EditorApplyTranslation InstancedFoliageActor_0 has no root component
[2014.09.23-01.11.43:900][290]LogActor:Warning: WARNING: EditorApplyTranslation InstancedFoliageActor_0 has no root component
[2014.09.23-01.11.43:913][291]LogActor:Warning: WARNING: EditorApplyTranslation InstancedFoliageActor_0 has no root component
[2014.09.23-01.11.43:995][296]LogActor:Warning: WARNING: EditorApplyTranslation InstancedFoliageActor_0 has no root component
[2014.09.23-01.11.44:064][301]LogActor:Warning: WARNING: EditorApplyTranslation InstancedFoliageActor_0 has no root component
[2014.09.23-01.11.44:187][310]LogActor:Warning: WARNING: EditorApplyTranslation InstancedFoliageActor_0 has no root component
[2014.09.23-01.11.44:365][323]LogActor:Warning: WARNING: EditorApplyTranslation InstancedFoliageActor_0 has no root component
[2014.09.23-01.11.44:511][334]LogActor:Warning: WARNING: EditorApplyTranslation InstancedFoliageActor_0 has no root component
[2014.09.23-01.11.44:648][344]LogActor:Warning: WARNING: EditorApplyTranslation InstancedFoliageActor_0 has no root component
[2014.09.23-01.11.44:742][351]LogActor:Warning: WARNING: EditorApplyTranslation InstancedFoliageActor_0 has no root component
[2014.09.23-01.11.44:837][358]LogActor:Warning: WARNING: EditorApplyTranslation InstancedFoliageActor_0 has no root component
[2014.09.23-01.11.44:985][369]LogActor:Warning: WARNING: EditorApplyTranslation InstancedFoliageActor_0 has no root component
[2014.09.23-01.11.45:122][379]LogActor:Warning: WARNING: EditorApplyTranslation InstancedFoliageActor_0 has no root component
[2014.09.23-01.11.45:270][390]LogActor:Warning: WARNING: EditorApplyTranslation InstancedFoliageActor_0 has no root component
[2014.09.23-01.11.45:432][402]LogActor:Warning: WARNING: EditorApplyTranslation InstancedFoliageActor_0 has no root component
[2014.09.23-01.11.45:629][417]LogActor:Warning: WARNING: EditorApplyTranslation InstancedFoliageActor_0 has no root component
[2014.09.23-01.11.45:789][429]LogActor:Warning: WARNING: EditorApplyTranslation InstancedFoliageActor_0 has no root component
[2014.09.23-01.11.45:889][436]LogActor:Warning: WARNING: EditorApplyTranslation InstancedFoliageActor_0 has no root component
[2014.09.23-01.11.46:041][447]LogActor:Warning: WARNING: EditorApplyTranslation InstancedFoliageActor_0 has no root component
[2014.09.23-01.11.46:176][457]LogActor:Warning: WARNING: EditorApplyTranslation InstancedFoliageActor_0 has no root component
[2014.09.23-01.11.46:287][465]LogActor:Warning: WARNING: EditorApplyTranslation InstancedFoliageActor_0 has no root component
[2014.09.23-01.11.46:342][469]LogActor:Warning: WARNING: EditorApplyTranslation InstancedFoliageActor_0 has no root component
[2014.09.23-01.11.46:401][473]LogActor:Warning: WARNING: EditorApplyTranslation InstancedFoliageActor_0 has no root component
[2014.09.23-01.11.46:472][478]LogActor:Warning: WARNING: EditorApplyTranslation InstancedFoliageActor_0 has no root component
[2014.09.23-01.11.46:598][487]LogActor:Warning: WARNING: EditorApplyTranslation InstancedFoliageActor_0 has no root component
[2014.09.23-01.11.46:709][495]LogActor:Warning: WARNING: EditorApplyTranslation InstancedFoliageActor_0 has no root component
[2014.09.23-01.11.46:778][500]LogActor:Warning: WARNING: EditorApplyTranslation InstancedFoliageActor_0 has no root component
[2014.09.23-01.11.46:970][514]LogActor:Warning: WARNING: EditorApplyTranslation InstancedFoliageActor_0 has no root component
[2014.09.23-01.11.47:142][527]LogActor:Warning: WARNING: EditorApplyTranslation InstancedFoliageActor_0 has no root component
[2014.09.23-01.11.47:344][542]LogActor:Warning: WARNING: EditorApplyTranslation InstancedFoliageActor_0 has no root component
[2014.09.23-01.11.47:495][553]LogActor:Warning: WARNING: EditorApplyTranslation InstancedFoliageActor_0 has no root component
[2014.09.23-01.11.47:655][565]LogActor:Warning: WARNING: EditorApplyTranslation InstancedFoliageActor_0 has no root component
[2014.09.23-01.11.47:773][573]LogActor:Warning: WARNING: EditorApplyTranslation InstancedFoliageActor_0 has no root component
[2014.09.23-01.11.47:819][576]LogActor:Warning: WARNING: EditorApplyTranslation InstancedFoliageActor_0 has no root component
[2014.09.23-01.11.47:862][579]LogActor:Warning: WARNING: EditorApplyTranslation InstancedFoliageActor_0 has no root component
[2014.09.23-01.11.47:933][584]LogActor:Warning: WARNING: EditorApplyTranslation InstancedFoliageActor_0 has no root component
[2014.09.23-01.11.47:977][587]LogActor:Warning: WARNING: EditorApplyTranslation InstancedFoliageActor_0 has no root component
[2014.09.23-01.11.48:074][594]LogActor:Warning: WARNING: EditorApplyTranslation InstancedFoliageActor_0 has no root component
[2014.09.23-01.11.48:171][601]LogActor:Warning: WARNING: EditorApplyTranslation InstancedFoliageActor_0 has no root component
[2014.09.23-01.11.48:308][611]LogActor:Warning: WARNING: EditorApplyTranslation InstancedFoliageActor_0 has no root component
[2014.09.23-01.11.48:468][623]LogActor:Warning: WARNING: EditorApplyTranslation InstancedFoliageActor_0 has no root component
[2014.09.23-01.11.48:610][633]LogActor:Warning: WARNING: EditorApplyTranslation InstancedFoliageActor_0 has no root component
[2014.09.23-01.11.48:680][638]LogActor:Warning: WARNING: EditorApplyTranslation InstancedFoliageActor_0 has no root component
[2014.09.23-01.11.48:778][645]LogActor:Warning: WARNING: EditorApplyTranslation InstancedFoliageActor_0 has no root component
[2014.09.23-01.11.48:890][653]LogActor:Warning: WARNING: EditorApplyTranslation InstancedFoliageActor_0 has no root component
[2014.09.23-01.11.49:001][661]LogActor:Warning: WARNING: EditorApplyTranslation InstancedFoliageActor_0 has no root component
[2014.09.23-01.11.49:152][672]LogActor:Warning: WARNING: EditorApplyTranslation InstancedFoliageActor_0 has no root component
[2014.09.23-01.11.49:167][673]LogActor:Warning: WARNING: EditorApplyTranslation InstancedFoliageActor_0 has no root component
[2014.09.23-01.11.49:286][681]LogActor:Warning: WARNING: EditorApplyTranslation InstancedFoliageActor_0 has no root component
[2014.09.23-01.11.49:474][695]LogActor:Warning: WARNING: EditorApplyTranslation InstancedFoliageActor_0 has no root component
[2014.09.23-01.11.49:507][697]LogActor:Warning: WARNING: EditorApplyTranslation InstancedFoliageActor_0 has no root component
[2014.09.23-01.11.49:551][700]LogActor:Warning: WARNING: EditorApplyTranslation InstancedFoliageActor_0 has no root component
[2014.09.23-01.11.49:675][709]LogActor:Warning: WARNING: EditorApplyTranslation InstancedFoliageActor_0 has no root component
[2014.09.23-01.11.49:877][724]LogActor:Warning: WARNING: EditorApplyTranslation InstancedFoliageActor_0 has no root component
[2014.09.23-01.11.50:014][734]LogActor:Warning: WARNING: EditorApplyTranslation InstancedFoliageActor_0 has no root component
[2014.09.23-01.11.50:151][744]LogActor:Warning: WARNING: EditorApplyTranslation InstancedFoliageActor_0 has no root component
[2014.09.23-01.11.50:311][756]LogActor:Warning: WARNING: EditorApplyTranslation InstancedFoliageActor_0 has no root component
[2014.09.23-01.11.50:534][773]LogActor:Warning: WARNING: EditorApplyTranslation InstancedFoliageActor_0 has no root component
[2014.09.23-01.11.50:706][786]LogActor:Warning: WARNING: EditorApplyTranslation InstancedFoliageActor_0 has no root component
[2014.09.23-01.11.53:432][938]LogInstancedFoliage: Map Rebuilt - Update all BSP painted foliage!
[2014.09.23-01.11.53:461][938]LogNavigationPoint: PostEditMove Clear paths rebuilt
[2014.09.23-01.11.56:113][223]Cmd: TRANSACTION UNDO
[2014.09.23-01.11.56:113][223]LogEditorTransaction: Undo Rotate Actors
[2014.09.23-01.12.31:843][223]LogInstancedFoliage: Map Rebuilt - Update all BSP painted foliage!
[2014.09.23-01.12.31:891][223]LogEditorViewport: Clicking on Actor (LMB): Brush (VertGrid10)
[2014.09.23-01.12.32:110][224]LogSavePackage: Save=105.978928ms
[2014.09.23-01.12.32:110][224]LogSavePackage: Moving 'C:/Users/dub/Desktop/Space_Vines_Local/Space_Vines/Link-Object_prototype/Saved/Four_Auto12118C5BF46E3896EFF9807AE21742AEF.tmp' to 'C:/Users/dub/Desktop/Space_Vines_Local/Space_Vines/Link-Object_prototype/Saved/Autosaves/Game/Maps/GameLevels/Four_Auto1.umap'
[2014.09.23-01.12.32:117][224]LogFileHelpers: Editor autosave (incl. sublevels) for '/Game/Maps/GameLevels/Four' took 0.160
[2014.09.23-01.12.32:117][224]LogFileHelpers: Editor autosave (incl. sublevels) for all levels took 0.160
[2014.09.23-01.12.46:601][962]LogEpicStorage:Warning: ReadFile request failed. File request already pending for filename=http://cdn.unrealengine.com/newsfeed/blueprint_icon_b.png
[2014.09.23-01.12.46:602][962]LogEpicStorage:Warning: ReadFile request failed. File request already pending for filename=http://cdn.unrealengine.com/newsfeed/blueprint_icon_b.png
[2014.09.23-01.13.14:950][363]Cmd: TRANSACTION UNDO
[2014.09.23-01.13.14:950][363]LogEditorTransaction: Undo Clicking on Actors
[2014.09.23-01.13.15:763][422]Cmd: TRANSACTION UNDO
[2014.09.23-01.13.15:763][422]LogEditorTransaction: Undo Select All
[2014.09.23-01.13.16:650][514]Cmd: TRANSACTION UNDO
[2014.09.23-01.13.16:650][514]LogEditorTransaction: Undo Clicking on Actors
[2014.09.23-01.13.17:174][564]Cmd: TRANSACTION UNDO
[2014.09.23-01.13.17:174][564]LogEditorTransaction: Undo Select Surfaces
[2014.09.23-01.13.17:505][591]Cmd: TRANSACTION UNDO
[2014.09.23-01.13.17:505][591]LogEditorTransaction: Undo Select Brush from Surface
[2014.09.23-01.13.18:003][633]Cmd: TRANSACTION UNDO
[2014.09.23-01.13.18:003][633]LogEditorTransaction: Undo Select Surfaces
[2014.09.23-01.13.18:362][664]Cmd: TRANSACTION UNDO
[2014.09.23-01.13.18:362][664]LogEditorTransaction: Undo Select Brush from Surface
[2014.09.23-01.13.18:717][704]Cmd: TRANSACTION UNDO
[2014.09.23-01.13.18:717][704]LogEditorTransaction: Undo Clicking on Actors
[2014.09.23-01.13.19:015][727]Cmd: TRANSACTION UNDO
[2014.09.23-01.13.19:015][727]LogEditorTransaction: Undo Select Surfaces
[2014.09.23-01.13.19:453][767]Cmd: TRANSACTION UNDO
[2014.09.23-01.13.19:453][767]LogEditorTransaction: Undo Select Brush from Surface
[2014.09.23-01.13.20:017][832]Cmd: TRANSACTION UNDO
[2014.09.23-01.13.20:017][832]LogEditorTransaction: Undo Clicking on Actors
[2014.09.23-01.13.25:445][482]Cmd: ACTOR SELECT ALL
[2014.09.23-01.13.31:297][918]LogActor:Warning: WARNING: EditorApplyTranslation InstancedFoliageActor_0 has no root component
[2014.09.23-01.13.31:792][955]LogActor:Warning: WARNING: EditorApplyTranslation InstancedFoliageActor_0 has no root component
[2014.09.23-01.13.32:036][973]LogActor:Warning: WARNING: EditorApplyTranslation InstancedFoliageActor_0 has no root component
[2014.09.23-01.13.32:861][ 35]LogActor:Warning: WARNING: EditorApplyTranslation InstancedFoliageActor_0 has no root component
[2014.09.23-01.13.33:243][ 63]LogActor:Warning: WARNING: EditorApplyTranslation InstancedFoliageActor_0 has no root component
[2014.09.23-01.13.33:427][ 76]LogActor:Warning: WARNING: EditorApplyTranslation InstancedFoliageActor_0 has no root component
[2014.09.23-01.13.33:663][ 93]LogActor:Warning: WARNING: EditorApplyTranslation InstancedFoliageActor_0 has no root component
[2014.09.23-01.13.33:898][110]LogActor:Warning: WARNING: EditorApplyTranslation InstancedFoliageActor_0 has no root component
[2014.09.23-01.13.34:289][138]LogActor:Warning: WARNING: EditorApplyTranslation InstancedFoliageActor_0 has no root component
[2014.09.23-01.13.35:864][255]LogActor:Warning: WARNING: EditorApplyTranslation InstancedFoliageActor_0 has no root component
[2014.09.23-01.13.36:112][273]LogActor:Warning: WARNING: EditorApplyTranslation InstancedFoliageActor_0 has no root component
[2014.09.23-01.13.37:362][367]LogActor:Warning: WARNING: EditorApplyTranslation InstancedFoliageActor_0 has no root component
[2014.09.23-01.13.37:869][404]LogActor:Warning: WARNING: EditorApplyTranslation InstancedFoliageActor_0 has no root component
[2014.09.23-01.13.38:185][427]LogActor:Warning: WARNING: EditorApplyTranslation InstancedFoliageActor_0 has no root component
[2014.09.23-01.13.38:342][438]LogActor:Warning: WARNING: EditorApplyTranslation InstancedFoliageActor_0 has no root component
[2014.09.23-01.13.38:493][449]LogActor:Warning: WARNING: EditorApplyTranslation InstancedFoliageActor_0 has no root component
[2014.09.23-01.13.38:541][452]LogActor:Warning: WARNING: EditorApplyTranslation InstancedFoliageActor_0 has no root component
[2014.09.23-01.13.38:641][459]LogActor:Warning: WARNING: EditorApplyTranslation InstancedFoliageActor_0 has no root component
[2014.09.23-01.13.38:844][474]LogActor:Warning: WARNING: EditorApplyTranslation InstancedFoliageActor_0 has no root component
[2014.09.23-01.13.39:099][493]LogActor:Warning: WARNING: EditorApplyTranslation InstancedFoliageActor_0 has no root component
[2014.09.23-01.13.39:252][504]LogActor:Warning: WARNING: EditorApplyTranslation InstancedFoliageActor_0 has no root component
[2014.09.23-01.13.39:483][521]LogActor:Warning: WARNING: EditorApplyTranslation InstancedFoliageActor_0 has no root component
[2014.09.23-01.13.39:685][536]LogActor:Warning: WARNING: EditorApplyTranslation InstancedFoliageActor_0 has no root component
[2014.09.23-01.13.39:874][550]LogActor:Warning: WARNING: EditorApplyTranslation InstancedFoliageActor_0 has no root component
[2014.09.23-01.13.40:089][566]LogActor:Warning: WARNING: EditorApplyTranslation InstancedFoliageActor_0 has no root component
[2014.09.23-01.13.40:212][575]LogActor:Warning: WARNING: EditorApplyTranslation InstancedFoliageActor_0 has no root component
[2014.09.23-01.13.40:325][583]LogActor:Warning: WARNING: EditorApplyTranslation InstancedFoliageActor_0 has no root component
[2014.09.23-01.13.40:425][590]LogActor:Warning: WARNING: EditorApplyTranslation InstancedFoliageActor_0 has no root component
[2014.09.23-01.13.40:511][596]LogActor:Warning: WARNING: EditorApplyTranslation InstancedFoliageActor_0 has no root component
[2014.09.23-01.13.40:598][602]LogActor:Warning: WARNING: EditorApplyTranslation InstancedFoliageActor_0 has no root component
[2014.09.23-01.13.40:698][609]LogActor:Warning: WARNING: EditorApplyTranslation InstancedFoliageActor_0 has no root component
[2014.09.23-01.13.40:797][616]LogActor:Warning: WARNING: EditorApplyTranslation InstancedFoliageActor_0 has no root component
[2014.09.23-01.13.40:884][622]LogActor:Warning: WARNING: EditorApplyTranslation InstancedFoliageActor_0 has no root component
[2014.09.23-01.13.40:956][627]LogActor:Warning: WARNING: EditorApplyTranslation InstancedFoliageActor_0 has no root component
[2014.09.23-01.13.41:041][633]LogActor:Warning: WARNING: EditorApplyTranslation InstancedFoliageActor_0 has no root component
[2014.09.23-01.13.41:199][644]LogActor:Warning: WARNING: EditorApplyTranslation InstancedFoliageActor_0 has no root component
[2014.09.23-01.13.41:331][653]LogActor:Warning: WARNING: EditorApplyTranslation InstancedFoliageActor_0 has no root component
[2014.09.23-01.13.41:403][658]LogActor:Warning: WARNING: EditorApplyTranslation InstancedFoliageActor_0 has no root component
[2014.09.23-01.13.41:463][662]LogActor:Warning: WARNING: EditorApplyTranslation InstancedFoliageActor_0 has no root component
[2014.09.23-01.13.41:520][666]LogActor:Warning: WARNING: EditorApplyTranslation InstancedFoliageActor_0 has no root component
[2014.09.23-01.13.41:608][672]LogActor:Warning: WARNING: EditorApplyTranslation InstancedFoliageActor_0 has no root component
[2014.09.23-01.13.41:697][678]LogActor:Warning: WARNING: EditorApplyTranslation InstancedFoliageActor_0 has no root component
[2014.09.23-01.13.41:765][683]LogActor:Warning: WARNING: EditorApplyTranslation InstancedFoliageActor_0 has no root component
[2014.09.23-01.13.41:802][685]LogActor:Warning: WARNING: EditorApplyTranslation InstancedFoliageActor_0 has no root component
[2014.09.23-01.13.41:872][690]LogActor:Warning: WARNING: EditorApplyTranslation InstancedFoliageActor_0 has no root component
[2014.09.23-01.13.42:010][700]LogActor:Warning: WARNING: EditorApplyTranslation InstancedFoliageActor_0 has no root component
[2014.09.23-01.13.42:145][710]LogActor:Warning: WARNING: EditorApplyTranslation InstancedFoliageActor_0 has no root component
[2014.09.23-01.13.42:269][719]LogActor:Warning: WARNING: EditorApplyTranslation InstancedFoliageActor_0 has no root component
[2014.09.23-01.13.42:432][731]LogActor:Warning: WARNING: EditorApplyTranslation InstancedFoliageActor_0 has no root component
[2014.09.23-01.13.42:490][735]LogActor:Warning: WARNING: EditorApplyTranslation InstancedFoliageActor_0 has no root component
[2014.09.23-01.13.42:535][738]LogActor:Warning: WARNING: EditorApplyTranslation InstancedFoliageActor_0 has no root component
[2014.09.23-01.13.42:584][741]LogActor:Warning: WARNING: EditorApplyTranslation InstancedFoliageActor_0 has no root component
[2014.09.23-01.13.42:750][753]LogActor:Warning: WARNING: EditorApplyTranslation InstancedFoliageActor_0 has no root component
[2014.09.23-01.13.42:971][769]LogActor:Warning: WARNING: EditorApplyTranslation InstancedFoliageActor_0 has no root component
[2014.09.23-01.13.43:247][789]LogActor:Warning: WARNING: EditorApplyTranslation InstancedFoliageActor_0 has no root component
[2014.09.23-01.13.43:387][799]LogActor:Warning: WARNING: EditorApplyTranslation InstancedFoliageActor_0 has no root component
[2014.09.23-01.13.43:707][823]LogActor:Warning: WARNING: EditorApplyTranslation InstancedFoliageActor_0 has no root component
[2014.09.23-01.13.43:969][842]LogActor:Warning: WARNING: EditorApplyTranslation InstancedFoliageActor_0 has no root component
[2014.09.23-01.13.44:316][868]LogActor:Warning: WARNING: EditorApplyTranslation InstancedFoliageActor_0 has no root component
[2014.09.23-01.13.44:547][885]LogActor:Warning: WARNING: EditorApplyTranslation InstancedFoliageActor_0 has no root component
[2014.09.23-01.13.44:768][901]LogActor:Warning: WARNING: EditorApplyTranslation InstancedFoliageActor_0 has no root component
[2014.09.23-01.13.44:972][916]LogActor:Warning: WARNING: EditorApplyTranslation InstancedFoliageActor_0 has no root component
[2014.09.23-01.13.45:070][923]LogActor:Warning: WARNING: EditorApplyTranslation InstancedFoliageActor_0 has no root component
[2014.09.23-01.13.45:251][936]LogActor:Warning: WARNING: EditorApplyTranslation InstancedFoliageActor_0 has no root component
[2014.09.23-01.13.45:336][942]LogActor:Warning: WARNING: EditorApplyTranslation InstancedFoliageActor_0 has no root component
[2014.09.23-01.13.45:407][947]LogActor:Warning: WARNING: EditorApplyTranslation InstancedFoliageActor_0 has no root component
[2014.09.23-01.13.45:562][958]LogActor:Warning: WARNING: EditorApplyTranslation InstancedFoliageActor_0 has no root component
[2014.09.23-01.13.45:755][972]LogActor:Warning: WARNING: EditorApplyTranslation InstancedFoliageActor_0 has no root component
[2014.09.23-01.13.45:853][979]LogActor:Warning: WARNING: EditorApplyTranslation InstancedFoliageActor_0 has no root component
[2014.09.23-01.13.45:916][983]LogActor:Warning: WARNING: EditorApplyTranslation InstancedFoliageActor_0 has no root component
[2014.09.23-01.13.46:014][990]LogActor:Warning: WARNING: EditorApplyTranslation InstancedFoliageActor_0 has no root component
[2014.09.23-01.13.46:112][997]LogActor:Warning: WARNING: EditorApplyTranslation InstancedFoliageActor_0 has no root component
[2014.09.23-01.13.46:227][  5]LogActor:Warning: WARNING: EditorApplyTranslation InstancedFoliageActor_0 has no root component
[2014.09.23-01.13.46:314][ 11]LogActor:Warning: WARNING: EditorApplyTranslation InstancedFoliageActor_0 has no root component
[2014.09.23-01.13.46:363][ 14]LogActor:Warning: WARNING: EditorApplyTranslation InstancedFoliageActor_0 has no root component
[2014.09.23-01.13.46:428][ 18]LogActor:Warning: WARNING: EditorApplyTranslation InstancedFoliageActor_0 has no root component
[2014.09.23-01.13.46:505][ 23]LogActor:Warning: WARNING: EditorApplyTranslation InstancedFoliageActor_0 has no root component
[2014.09.23-01.13.46:594][ 29]LogActor:Warning: WARNING: EditorApplyTranslation InstancedFoliageActor_0 has no root component
[2014.09.23-01.13.46:668][ 34]LogActor:Warning: WARNING: EditorApplyTranslation InstancedFoliageActor_0 has no root component
[2014.09.23-01.13.46:722][ 37]LogActor:Warning: WARNING: EditorApplyTranslation InstancedFoliageActor_0 has no root component
[2014.09.23-01.13.46:736][ 38]LogActor:Warning: WARNING: EditorApplyTranslation InstancedFoliageActor_0 has no root component
[2014.09.23-01.13.46:776][ 40]LogActor:Warning: WARNING: EditorApplyTranslation InstancedFoliageActor_0 has no root component
[2014.09.23-01.13.46:812][ 42]LogActor:Warning: WARNING: EditorApplyTranslation InstancedFoliageActor_0 has no root component
[2014.09.23-01.13.46:859][ 45]LogActor:Warning: WARNING: EditorApplyTranslation InstancedFoliageActor_0 has no root component
[2014.09.23-01.13.46:919][ 49]LogActor:Warning: WARNING: EditorApplyTranslation InstancedFoliageActor_0 has no root component
[2014.09.23-01.13.47:006][ 55]LogActor:Warning: WARNING: EditorApplyTranslation InstancedFoliageActor_0 has no root component
[2014.09.23-01.13.47:078][ 60]LogActor:Warning: WARNING: EditorApplyTranslation InstancedFoliageActor_0 has no root component
[2014.09.23-01.13.47:096][ 61]LogActor:Warning: WARNING: EditorApplyTranslation InstancedFoliageActor_0 has no root component
[2014.09.23-01.13.47:172][ 66]LogActor:Warning: WARNING: EditorApplyTranslation InstancedFoliageActor_0 has no root component
[2014.09.23-01.13.47:232][ 70]LogActor:Warning: WARNING: EditorApplyTranslation InstancedFoliageActor_0 has no root component
[2014.09.23-01.13.47:289][ 74]LogActor:Warning: WARNING: EditorApplyTranslation InstancedFoliageActor_0 has no root component
[2014.09.23-01.13.47:346][ 78]LogActor:Warning: WARNING: EditorApplyTranslation InstancedFoliageActor_0 has no root component
[2014.09.23-01.13.47:390][ 81]LogActor:Warning: WARNING: EditorApplyTranslation InstancedFoliageActor_0 has no root component
[2014.09.23-01.13.47:435][ 84]LogActor:Warning: WARNING: EditorApplyTranslation InstancedFoliageActor_0 has no root component
[2014.09.23-01.13.47:449][ 85]LogActor:Warning: WARNING: EditorApplyTranslation InstancedFoliageActor_0 has no root component
[2014.09.23-01.13.47:500][ 88]LogActor:Warning: WARNING: EditorApplyTranslation InstancedFoliageActor_0 has no root component
[2014.09.23-01.13.47:637][ 98]LogActor:Warning: WARNING: EditorApplyTranslation InstancedFoliageActor_0 has no root component
[2014.09.23-01.13.47:788][109]LogActor:Warning: WARNING: EditorApplyTranslation InstancedFoliageActor_0 has no root component
[2014.09.23-01.13.48:023][126]LogActor:Warning: WARNING: EditorApplyTranslation InstancedFoliageActor_0 has no root component
[2014.09.23-01.13.48:268][144]LogActor:Warning: WARNING: EditorApplyTranslation InstancedFoliageActor_0 has no root component
[2014.09.23-01.13.48:481][160]LogActor:Warning: WARNING: EditorApplyTranslation InstancedFoliageActor_0 has no root component
[2014.09.23-01.13.48:604][169]LogActor:Warning: WARNING: EditorApplyTranslation InstancedFoliageActor_0 has no root component
[2014.09.23-01.13.48:740][179]LogActor:Warning: WARNING: EditorApplyTranslation InstancedFoliageActor_0 has no root component
[2014.09.23-01.13.48:812][184]LogActor:Warning: WARNING: EditorApplyTranslation InstancedFoliageActor_0 has no root component
[2014.09.23-01.13.48:881][189]LogActor:Warning: WARNING: EditorApplyTranslation InstancedFoliageActor_0 has no root component
[2014.09.23-01.13.48:977][196]LogActor:Warning: WARNING: EditorApplyTranslation InstancedFoliageActor_0 has no root component
[2014.09.23-01.13.49:899][266]LogActor:Warning: WARNING: EditorApplyTranslation InstancedFoliageActor_0 has no root component
[2014.09.23-01.13.50:081][279]LogActor:Warning: WARNING: EditorApplyTranslation InstancedFoliageActor_0 has no root component
[2014.09.23-01.13.50:112][281]LogActor:Warning: WARNING: EditorApplyTranslation InstancedFoliageActor_0 has no root component
[2014.09.23-01.13.50:313][296]LogActor:Warning: WARNING: EditorApplyTranslation InstancedFoliageActor_0 has no root component
[2014.09.23-01.13.50:518][311]LogActor:Warning: WARNING: EditorApplyTranslation InstancedFoliageActor_0 has no root component
[2014.09.23-01.13.51:254][367]LogActor:Warning: WARNING: EditorApplyTranslation InstancedFoliageActor_0 has no root component
[2014.09.23-01.13.51:299][370]LogActor:Warning: WARNING: EditorApplyTranslation InstancedFoliageActor_0 has no root component
[2014.09.23-01.13.51:333][372]LogActor:Warning: WARNING: EditorApplyTranslation InstancedFoliageActor_0 has no root component
[2014.09.23-01.13.51:347][373]LogActor:Warning: WARNING: EditorApplyTranslation InstancedFoliageActor_0 has no root component
[2014.09.23-01.13.51:762][404]LogActor:Warning: WARNING: EditorApplyTranslation InstancedFoliageActor_0 has no root component
[2014.09.23-01.13.51:795][406]LogActor:Warning: WARNING: EditorApplyTranslation InstancedFoliageActor_0 has no root component
[2014.09.23-01.13.51:826][408]LogActor:Warning: WARNING: EditorApplyTranslation InstancedFoliageActor_0 has no root component
[2014.09.23-01.13.51:858][410]LogActor:Warning: WARNING: EditorApplyTranslation InstancedFoliageActor_0 has no root component
[2014.09.23-01.13.51:896][412]LogActor:Warning: WARNING: EditorApplyTranslation InstancedFoliageActor_0 has no root component
[2014.09.23-01.13.51:931][414]LogActor:Warning: WARNING: EditorApplyTranslation InstancedFoliageActor_0 has no root component
[2014.09.23-01.13.51:935][414]LogActor:Warning: WARNING: EditorApplyTranslation InstancedFoliageActor_0 has no root component
[2014.09.23-01.13.51:966][416]LogActor:Warning: WARNING: EditorApplyTranslation InstancedFoliageActor_0 has no root component
[2014.09.23-01.13.51:997][418]LogActor:Warning: WARNING: EditorApplyTranslation InstancedFoliageActor_0 has no root component
[2014.09.23-01.13.52:043][421]LogActor:Warning: WARNING: EditorApplyTranslation InstancedFoliageActor_0 has no root component
[2014.09.23-01.13.52:088][424]LogActor:Warning: WARNING: EditorApplyTranslation InstancedFoliageActor_0 has no root component
[2014.09.23-01.13.52:146][428]LogActor:Warning: WARNING: EditorApplyTranslation InstancedFoliageActor_0 has no root component
[2014.09.23-01.13.52:191][431]LogActor:Warning: WARNING: EditorApplyTranslation InstancedFoliageActor_0 has no root component
[2014.09.23-01.13.52:247][435]LogActor:Warning: WARNING: EditorApplyTranslation InstancedFoliageActor_0 has no root component
[2014.09.23-01.13.52:295][438]LogActor:Warning: WARNING: EditorApplyTranslation InstancedFoliageActor_0 has no root component
[2014.09.23-01.13.52:338][441]LogActor:Warning: WARNING: EditorApplyTranslation InstancedFoliageActor_0 has no root component
[2014.09.23-01.13.52:383][444]LogActor:Warning: WARNING: EditorApplyTranslation InstancedFoliageActor_0 has no root component
[2014.09.23-01.13.52:388][444]LogActor:Warning: WARNING: EditorApplyTranslation InstancedFoliageActor_0 has no root component
[2014.09.23-01.13.52:433][447]LogActor:Warning: WARNING: EditorApplyTranslation InstancedFoliageActor_0 has no root component
[2014.09.23-01.13.52:490][451]LogActor:Warning: WARNING: EditorApplyTranslation InstancedFoliageActor_0 has no root component
[2014.09.23-01.13.52:554][455]LogActor:Warning: WARNING: EditorApplyTranslation InstancedFoliageActor_0 has no root component
[2014.09.23-01.13.52:603][458]LogActor:Warning: WARNING: EditorApplyTranslation InstancedFoliageActor_0 has no root component
[2014.09.23-01.13.52:650][461]LogActor:Warning: WARNING: EditorApplyTranslation InstancedFoliageActor_0 has no root component
[2014.09.23-01.13.52:655][461]LogActor:Warning: WARNING: EditorApplyTranslation InstancedFoliageActor_0 has no root component
[2014.09.23-01.13.52:699][464]LogActor:Warning: WARNING: EditorApplyTranslation InstancedFoliageActor_0 has no root component
[2014.09.23-01.13.52:785][470]LogActor:Warning: WARNING: EditorApplyTranslation InstancedFoliageActor_0 has no root component
[2014.09.23-01.13.53:028][488]LogActor:Warning: WARNING: EditorApplyTranslation InstancedFoliageActor_0 has no root component
[2014.09.23-01.13.53:060][490]LogActor:Warning: WARNING: EditorApplyTranslation InstancedFoliageActor_0 has no root component
[2014.09.23-01.13.53:073][491]LogActor:Warning: WARNING: EditorApplyTranslation InstancedFoliageActor_0 has no root component
[2014.09.23-01.13.53:114][493]LogActor:Warning: WARNING: EditorApplyTranslation InstancedFoliageActor_0 has no root component
[2014.09.23-01.13.53:117][493]LogActor:Warning: WARNING: EditorApplyTranslation InstancedFoliageActor_0 has no root component
[2014.09.23-01.13.53:163][496]LogActor:Warning: WARNING: EditorApplyTranslation InstancedFoliageActor_0 has no root component
[2014.09.23-01.13.53:195][498]LogActor:Warning: WARNING: EditorApplyTranslation InstancedFoliageActor_0 has no root component
[2014.09.23-01.13.53:243][501]LogActor:Warning: WARNING: EditorApplyTranslation InstancedFoliageActor_0 has no root component
[2014.09.23-01.13.53:274][503]LogActor:Warning: WARNING: EditorApplyTranslation InstancedFoliageActor_0 has no root component
[2014.09.23-01.13.53:320][506]LogActor:Warning: WARNING: EditorApplyTranslation InstancedFoliageActor_0 has no root component
[2014.09.23-01.13.53:325][506]LogActor:Warning: WARNING: EditorApplyTranslation InstancedFoliageActor_0 has no root component
[2014.09.23-01.13.53:356][508]LogActor:Warning: WARNING: EditorApplyTranslation InstancedFoliageActor_0 has no root component
[2014.09.23-01.13.53:370][509]LogActor:Warning: WARNING: EditorApplyTranslation InstancedFoliageActor_0 has no root component
[2014.09.23-01.13.53:409][511]LogActor:Warning: WARNING: EditorApplyTranslation InstancedFoliageActor_0 has no root component
[2014.09.23-01.13.53:425][512]LogActor:Warning: WARNING: EditorApplyTranslation InstancedFoliageActor_0 has no root component
[2014.09.23-01.13.53:461][514]LogActor:Warning: WARNING: EditorApplyTranslation InstancedFoliageActor_0 has no root component
[2014.09.23-01.13.53:495][516]LogActor:Warning: WARNING: EditorApplyTranslation InstancedFoliageActor_0 has no root component
[2014.09.23-01.13.53:540][519]LogActor:Warning: WARNING: EditorApplyTranslation InstancedFoliageActor_0 has no root component
[2014.09.23-01.13.53:574][521]LogActor:Warning: WARNING: EditorApplyTranslation InstancedFoliageActor_0 has no root component
[2014.09.23-01.13.53:588][522]LogActor:Warning: WARNING: EditorApplyTranslation InstancedFoliageActor_0 has no root component
[2014.09.23-01.13.53:613][523]LogActor:Warning: WARNING: EditorApplyTranslation InstancedFoliageActor_0 has no root component
[2014.09.23-01.13.53:651][525]LogActor:Warning: WARNING: EditorApplyTranslation InstancedFoliageActor_0 has no root component
[2014.09.23-01.13.53:701][528]LogActor:Warning: WARNING: EditorApplyTranslation InstancedFoliageActor_0 has no root component
[2014.09.23-01.13.55:077][571]LogInstancedFoliage: Map Rebuilt - Update all BSP painted foliage!
[2014.09.23-01.13.55:106][571]LogNavigationPoint: PostEditMove Clear paths rebuilt
[2014.09.23-01.14.03:603][582]LogEditorViewport: Clicking on Actor (LMB): StaticMeshActor (Model_SkySphere_2)
[2014.09.23-01.14.10:848][446]Cmd: TRANSACTION UNDO
[2014.09.23-01.14.10:848][446]LogEditorTransaction: Undo Clicking on Actors
[2014.09.23-01.20.27:946][172]Cmd: QUIT_EDITOR
[2014.09.23-01.20.27:976][172]LogWindowsTextInputMethodSystem:Error: Terminating failed while unadvising the language notification sink from the TSF source.
[2014.09.23-01.20.27:978][172]LogExit: Preparing to exit.
[2014.09.23-01.20.28:498][172]LogActorComponent: UnregisterComponent: (None.None) Not registered. Aborting.
[2014.09.23-01.20.28:498][172]LogActorComponent: UnregisterComponent: (None.None) Not registered. Aborting.
[2014.09.23-01.20.28:498][172]LogActorComponent: UnregisterComponent: (None.None) Not registered. Aborting.
[2014.09.23-01.20.28:498][172]LogActorComponent: UnregisterComponent: (None.None) Not registered. Aborting.
[2014.09.23-01.20.28:498][172]LogActorComponent: UnregisterComponent: (None.None) Not registered. Aborting.
[2014.09.23-01.20.28:498][172]LogActorComponent: UnregisterComponent: (None.None) Not registered. Aborting.
[2014.09.23-01.20.28:503][172]LogExit: Editor shut down
[2014.09.23-01.20.28:503][172]LogExit: Transaction tracking system shut down
[2014.09.23-01.20.28:503][172]LogParticles: Destroying 0 GPU particle simulations for FXSystem 0x0000008E83449300
[2014.09.23-01.20.28:504][172]LogParticles: Destroying 0 GPU particle simulations for FXSystem 0x0000008EF0D41BC0
[2014.09.23-01.20.28:504][172]LogParticles: Destroying 0 GPU particle simulations for FXSystem 0x0000008EEFF2EC00
[2014.09.23-01.20.28:522][172]LogParticles: Destroying 0 GPU particle simulations for FXSystem 0x0000008EFBF02E80
[2014.09.23-01.20.28:522][172]LogExit: Object subsystem successfully closed.
[2014.09.23-01.20.28:544][172]LogModuleManager: Shutting down and abandoning module DesktopPlatform (164)
[2014.09.23-01.20.28:544][172]LogModuleManager: Shutting down and abandoning module AndroidDeviceDetection (163)
[2014.09.23-01.20.28:544][172]LogModuleManager: Shutting down and abandoning module CrashTracker (162)
[2014.09.23-01.20.28:544][172]LogModuleManager: Shutting down and abandoning module HTTP (161)
[2014.09.23-01.20.28:544][172]LogModuleManager: Shutting down and abandoning module NewsFeed (160)
[2014.09.23-01.20.28:544][172]LogModuleManager: Shutting down and abandoning module SceneOutliner (159)
[2014.09.23-01.20.28:544][172]LogModuleManager: Shutting down and abandoning module EditorWidgets (158)
[2014.09.23-01.20.28:544][172]LogModuleManager: Shutting down and abandoning module CollectionManager (157)
[2014.09.23-01.20.28:544][172]LogModuleManager: Shutting down and abandoning module StatsViewer (156)
[2014.09.23-01.20.28:544][172]LogModuleManager: Shutting down and abandoning module FoliageEdit (155)
[2014.09.23-01.20.28:544][172]LogModuleManager: Shutting down and abandoning module LandscapeEditor (154)
[2014.09.23-01.20.28:547][172]LogModuleManager: Shutting down and abandoning module MeshPaint (153)
[2014.09.23-01.20.28:547][172]LogModuleManager: Shutting down and abandoning module ActorPickerMode (152)
[2014.09.23-01.20.28:547][172]LogModuleManager: Shutting down and abandoning module GeometryMode (151)
[2014.09.23-01.20.28:547][172]LogModuleManager: Shutting down and abandoning module TextureAlignMode (150)
[2014.09.23-01.20.28:547][172]LogModuleManager: Shutting down and abandoning module BspMode (149)
[2014.09.23-01.20.28:547][172]LogModuleManager: Shutting down and abandoning module PlacementMode (148)
[2014.09.23-01.20.28:547][172]LogModuleManager: Shutting down and abandoning module AutomationWorker (147)
[2014.09.23-01.20.28:547][172]LogModuleManager: Shutting down and abandoning module ViewportSnapping (146)
[2014.09.23-01.20.28:547][172]LogModuleManager: Shutting down and abandoning module DeviceProfileEditor (145)
[2014.09.23-01.20.28:547][172]LogModuleManager: Shutting down and abandoning module UndoHistory (144)
[2014.09.23-01.20.28:547][172]LogModuleManager: Shutting down and abandoning module GameplayTagsEditor (143)
[2014.09.23-01.20.28:547][172]LogModuleManager: Shutting down and abandoning module UserFeedback (142)
[2014.09.23-01.20.28:547][172]LogModuleManager: Shutting down and abandoning module XmlParser (141)
[2014.09.23-01.20.28:547][172]LogModuleManager: Shutting down and abandoning module Blutility (140)
[2014.09.23-01.20.28:547][172]LogModuleManager: Shutting down and abandoning module AndroidPlatformEditor (137)
[2014.09.23-01.20.28:547][172]LogModuleManager: Shutting down and abandoning module AndroidRuntimeSettings (136)
[2014.09.23-01.20.28:547][172]LogModuleManager: Shutting down and abandoning module ProjectSettingsViewer (135)
[2014.09.23-01.20.28:547][172]LogModuleManager: Shutting down and abandoning module InputBindingEditor (134)
[2014.09.23-01.20.28:547][172]LogModuleManager: Shutting down and abandoning module EditorSettingsViewer (133)
[2014.09.23-01.20.28:547][172]LogModuleManager: Shutting down and abandoning module SettingsEditor (132)
[2014.09.23-01.20.28:547][172]LogModuleManager: Shutting down and abandoning module SessionLauncher (131)
[2014.09.23-01.20.28:547][172]LogModuleManager: Shutting down and abandoning module SessionFrontend (130)
[2014.09.23-01.20.28:548][172]LogModuleManager: Shutting down and abandoning module ProfilerClient (129)
[2014.09.23-01.20.28:548][172]LogModuleManager: Shutting down and abandoning module TargetDeviceServices (128)
[2014.09.23-01.20.28:548][172]LogModuleManager: Shutting down and abandoning module DeviceManager (127)
[2014.09.23-01.20.28:548][172]LogModuleManager: Shutting down and abandoning module AutomationController (126)
[2014.09.23-01.20.28:548][172]LogModuleManager: Shutting down and abandoning module AutomationWindow (125)
[2014.09.23-01.20.28:548][172]LogModuleManager: Shutting down and abandoning module Layers (124)
[2014.09.23-01.20.28:548][172]LogModuleManager: Shutting down and abandoning module ComponentVisualizers (123)
[2014.09.23-01.20.28:548][172]LogModuleManager: Shutting down and abandoning module DetailCustomizations (122)
[2014.09.23-01.20.28:548][172]LogModuleManager: Shutting down and abandoning module PackagesDialog (121)
[2014.09.23-01.20.28:548][172]LogModuleManager: Shutting down and abandoning module PropertyEditor (120)
[2014.09.23-01.20.28:548][172]LogModuleManager: Shutting down and abandoning module DirectoryWatcher (119)
[2014.09.23-01.20.28:548][172]LogModuleManager: Shutting down and abandoning module AssetRegistry (118)
[2014.09.23-01.20.28:598][172]LogModuleManager: Shutting down and abandoning module Persona (117)
[2014.09.23-01.20.28:598][172]LogModuleManager: Shutting down and abandoning module GraphEditor (116)
[2014.09.23-01.20.28:598][172]LogModuleManager: Shutting down and abandoning module ContentBrowser (115)
[2014.09.23-01.20.28:598][172]LogModuleManager: Shutting down and abandoning module ClassViewer (114)
[2014.09.23-01.20.28:598][172]LogModuleManager: Shutting down and abandoning module Toolbox (113)
[2014.09.23-01.20.28:598][172]LogModuleManager: Shutting down and abandoning module ModuleUI (112)
[2014.09.23-01.20.28:598][172]LogModuleManager: Shutting down and abandoning module Sequencer (111)
[2014.09.23-01.20.28:598][172]LogModuleManager: Shutting down and abandoning module AssetTools (110)
[2014.09.23-01.20.28:598][172]LogModuleManager: Shutting down and abandoning module MovieSceneTools (109)
[2014.09.23-01.20.28:598][172]LogModuleManager: Shutting down and abandoning module OutputLog (108)
[2014.09.23-01.20.28:598][172]LogModuleManager: Shutting down and abandoning module GammaUI (107)
[2014.09.23-01.20.28:598][172]LogModuleManager: Shutting down and abandoning module Documentation (106)
[2014.09.23-01.20.28:598][172]LogModuleManager: Shutting down and abandoning module StreamingPauseRendering (105)
[2014.09.23-01.20.28:598][172]LogModuleManager: Shutting down and abandoning module AnalyticsET (104)
[2014.09.23-01.20.28:598][172]LogModuleManager: Shutting down and abandoning module Analytics (103)
[2014.09.23-01.20.28:598][172]LogModuleManager: Shutting down and abandoning module ProfilerService (102)
[2014.09.23-01.20.28:633][172]LogModuleManager: Shutting down and abandoning module TaskGraph (101)
[2014.09.23-01.20.28:633][172]LogModuleManager: Shutting down and abandoning module GameProjectGeneration (100)
[2014.09.23-01.20.28:633][172]LogModuleManager: Shutting down and abandoning module Matinee (99)
[2014.09.23-01.20.28:633][172]LogModuleManager: Shutting down and abandoning module Kismet (98)
[2014.09.23-01.20.28:633][172]LogModuleManager: Shutting down and abandoning module SlateReflector (97)
[2014.09.23-01.20.28:633][172]LogModuleManager: Shutting down and abandoning module LevelEditor (96)
[2014.09.23-01.20.28:633][172]LogModuleManager: Shutting down and abandoning module MainFrame (95)
[2014.09.23-01.20.28:633][172]LogModuleManager: Shutting down and abandoning module SourceControl (94)
[2014.09.23-01.20.28:633][172]LogModuleManager: Shutting down and abandoning module ImageWrapper (93)
[2014.09.23-01.20.28:633][172]LogModuleManager: Shutting down and abandoning module OnlineBlueprintSupport (92)
[2014.09.23-01.20.28:633][172]LogModuleManager: Shutting down and abandoning module FunctionalTesting (91)
[2014.09.23-01.20.28:634][172]LogModuleManager: Shutting down and abandoning module CollisionAnalyzer (90)
[2014.09.23-01.20.28:634][172]LogModuleManager: Shutting down and abandoning module WorkspaceMenuStructure (89)
[2014.09.23-01.20.28:634][172]LogModuleManager: Shutting down and abandoning module MessageLog (88)
[2014.09.23-01.20.28:634][172]LogModuleManager: Shutting down and abandoning module Slate (87)
[2014.09.23-01.20.28:634][172]LogModuleManager: Shutting down and abandoning module EditorStyle (86)
[2014.09.23-01.20.28:634][172]LogModuleManager: Shutting down and abandoning module SessionServices (85)
[2014.09.23-01.20.28:634][172]LogModuleManager: Shutting down and abandoning module Messaging (84)
[2014.09.23-01.20.28:634][172]LogModuleManager: Shutting down and abandoning module SourceCodeAccess (83)
[2014.09.23-01.20.28:634][172]LogModuleManager: Shutting down and abandoning module HeadMountedDisplay (82)
[2014.09.23-01.20.28:634][172]LogModuleManager: Shutting down and abandoning module XAudio2 (81)
[2014.09.23-01.20.28:634][172]LogModuleManager: Shutting down and abandoning module Networking (79)
[2014.09.23-01.20.28:634][172]LogModuleManager: Shutting down and abandoning module Core (78)
[2014.09.23-01.20.28:635][172]LogModuleManager: Shutting down and abandoning module KismetCompiler (77)
[2014.09.23-01.20.28:635][172]LogModuleManager: Shutting down and abandoning module PhysXFormats (76)
[2014.09.23-01.20.28:635][172]LogModuleManager: Shutting down and abandoning module SimplygonMeshReduction (75)
[2014.09.23-01.20.28:635][172]LogModuleManager: Shutting down and abandoning module MeshUtilities (74)
[2014.09.23-01.20.28:635][172]LogModuleManager: Shutting down and abandoning module DerivedDataCache (73)
[2014.09.23-01.20.28:683][172]LogDerivedDataCache: Shutdown
[2014.09.23-01.20.28:683][172]LogModuleManager: Shutting down and abandoning module ShaderFormatOpenGL (72)
[2014.09.23-01.20.28:683][172]LogModuleManager: Shutting down and abandoning module ShaderFormatD3D (71)
[2014.09.23-01.20.28:683][172]LogModuleManager: Shutting down and abandoning module TextureFormatUncompressed (70)
[2014.09.23-01.20.28:683][172]LogModuleManager: Shutting down and abandoning module TextureFormatPVR (69)
[2014.09.23-01.20.28:683][172]LogModuleManager: Shutting down and abandoning module TextureFormatDXT (68)
[2014.09.23-01.20.28:683][172]LogModuleManager: Shutting down and abandoning module TextureFormatAndroid (67)
[2014.09.23-01.20.28:683][172]LogModuleManager: Shutting down and abandoning module AudioFormatOpus (66)
[2014.09.23-01.20.28:683][172]LogModuleManager: Shutting down and abandoning module AudioFormatOgg (65)
[2014.09.23-01.20.28:683][172]LogModuleManager: Shutting down and abandoning module AudioFormatADPCM (64)
[2014.09.23-01.20.28:683][172]LogModuleManager: Shutting down and abandoning module Android_PVRTCTargetPlatform (63)
[2014.09.23-01.20.28:683][172]LogModuleManager: Shutting down and abandoning module Android_ETC2TargetPlatform (62)
[2014.09.23-01.20.28:683][172]LogModuleManager: Shutting down and abandoning module Android_ETC1TargetPlatform (61)
[2014.09.23-01.20.28:683][172]LogModuleManager: Shutting down and abandoning module Android_DXTTargetPlatform (60)
[2014.09.23-01.20.28:683][172]LogModuleManager: Shutting down and abandoning module Android_ATCTargetPlatform (59)
[2014.09.23-01.20.28:683][172]LogModuleManager: Shutting down and abandoning module AndroidTargetPlatform (58)
[2014.09.23-01.20.28:683][172]LogModuleManager: Shutting down and abandoning module WindowsTargetPlatform (57)
[2014.09.23-01.20.28:683][172]LogModuleManager: Shutting down and abandoning module WindowsServerTargetPlatform (56)
[2014.09.23-01.20.28:683][172]LogModuleManager: Shutting down and abandoning module WindowsNoEditorTargetPlatform (55)
[2014.09.23-01.20.28:683][172]LogModuleManager: Shutting down and abandoning module WindowsClientTargetPlatform (54)
[2014.09.23-01.20.28:683][172]LogModuleManager: Shutting down and abandoning module TargetPlatform (53)
[2014.09.23-01.20.28:683][172]LogModuleManager: Shutting down and abandoning module InputCore (52)
[2014.09.23-01.20.28:683][172]LogModuleManager: Shutting down and abandoning module Settings (51)
[2014.09.23-01.20.28:683][172]LogModuleManager: Shutting down and abandoning module TextureCompressor (48)
[2014.09.23-01.20.28:683][172]LogModuleManager: Shutting down and abandoning module ShaderCore (47)
[2014.09.23-01.20.28:683][172]LogModuleManager: Shutting down and abandoning module OpenGLDrv (46)
[2014.09.23-01.20.28:683][172]LogModuleManager: Shutting down and abandoning module D3D11RHI (45)
[2014.09.23-01.20.28:683][172]LogModuleManager: Shutting down and abandoning module SlateRHIRenderer (44)
[2014.09.23-01.20.28:683][172]LogModuleManager: Shutting down and abandoning module Renderer (43)
[2014.09.23-01.20.28:683][172]LogModuleManager: Shutting down and abandoning module Engine (42)
[2014.09.23-01.20.28:683][172]LogModuleManager: Shutting down and abandoning module SlateRemote (41)
[2014.09.23-01.20.28:683][172]LogModuleManager: Shutting down and abandoning module ScriptPlugin (40)
[2014.09.23-01.20.28:683][172]LogModuleManager: Shutting down and abandoning module ScriptEditorPlugin (38)
[2014.09.23-01.20.28:683][172]LogModuleManager: Shutting down and abandoning module WindowsMoviePlayer (37)
[2014.09.23-01.20.28:685][172]LogModuleManager: Shutting down and abandoning module ExampleDeviceProfileSelector (32)
[2014.09.23-01.20.28:685][172]LogModuleManager: Shutting down and abandoning module CustomMeshComponent (31)
[2014.09.23-01.20.28:685][172]LogModuleManager: Shutting down and abandoning module CableComponent (30)
[2014.09.23-01.20.28:685][172]LogModuleManager: Shutting down and abandoning module OculusRift (26)
[2014.09.23-01.20.28:685][172]LogModuleManager: Shutting down and abandoning module UdpMessaging (25)
[2014.09.23-01.20.28:786][172]LogModuleManager: Shutting down and abandoning module MessagingDebugger (24)
[2014.09.23-01.20.28:786][172]LogModuleManager: Shutting down and abandoning module PluginsEditor (14)
[2014.09.23-01.20.28:786][172]LogModuleManager: Shutting down and abandoning module IntroTutorials (13)
[2014.09.23-01.20.28:786][172]LogModuleManager: Shutting down and abandoning module EpicSurvey (12)
[2014.09.23-01.20.28:786][172]LogModuleManager: Shutting down and abandoning module VisualStudioSourceCodeAccess (10)
[2014.09.23-01.20.28:786][172]LogModuleManager: Shutting down and abandoning module UObjectPlugin (9)
[2014.09.23-01.20.28:786][172]LogModuleManager: Shutting down and abandoning module SubversionSourceControl (8)
[2014.09.23-01.20.28:786][172]LogModuleManager: Shutting down and abandoning module PerforceSourceControl (7)
[2014.09.23-01.20.28:786][172]LogModuleManager: Shutting down and abandoning module BlankPlugin (6)
[2014.09.23-01.20.28:786][172]LogModuleManager: Shutting down and abandoning module CoreUObject (5)
[2014.09.23-01.20.28:786][172]LogModuleManager: Shutting down and abandoning module NetworkFile (4)
[2014.09.23-01.20.28:786][172]LogModuleManager: Shutting down and abandoning module StreamingFile (3)
[2014.09.23-01.20.28:786][172]LogModuleManager: Shutting down and abandoning module SandboxFile (2)
[2014.09.23-01.20.28:786][172]LogModuleManager: Shutting down and abandoning module PakFile (1)
[2014.09.23-01.20.28:786][172]LogExit: Exiting.
[2014.09.23-01.20.28:790][172]Log file closed, 09/22/14 21:20:28
