Log file open, 11/04/14 21:02:33
LogInit:Display: Running engine for game: MyProject2
LogInit: Version: 4.2.1-2101290+++depot+UE4-Releases+4.2
LogInit: Compiled (64-bit): Jun 10 2014 22:21:56
LogInit: Build Configuration: Development
LogInit: Branch Name: ++depot+UE4-Releases+4.2
LogInit: Command line:  
LogInit: Base directory: C:/Program Files/Unreal Engine/4.2/Engine/Binaries/Win64/
LogInit: Rocket: 1
[2014.11.05-02.02.33:122][  0]LogTaskGraph: Started task graph with 3 named threads and 4 total threads.
[2014.11.05-02.02.33:156][  0]LogOnline:Warning: No default platform service specified for OnlineSubsystem
[2014.11.05-02.02.33:199][  0]LogInit: Presizing for 0 objects not considered by GC, pre-allocating 0 bytes.
[2014.11.05-02.02.33:207][  0]LogInit: Object subsystem initialized
[2014.11.05-02.02.33:209][  0]LogInit: Selected Device Profile: [Windows]
[2014.11.05-02.02.33:209][  0]LogInit: Applying CVar settings loaded from the selected device profile: [Windows]
[2014.11.05-02.02.33:217][  0]LogInit: Computer: VERONICA
[2014.11.05-02.02.33:217][  0]LogInit: User: Zeetermin
[2014.11.05-02.02.33:219][  0]LogInit: CPU Page size=4096, Cores=4
[2014.11.05-02.02.33:219][  0]LogInit: High frequency timer resolution =2.597705 MHz
[2014.11.05-02.02.33:219][  0]LogMemory: Memory total: Physical=6.0GB (6GB approx) Virtual=8192.0GB
[2014.11.05-02.02.33:219][  0]LogMemory: Platform Memory Stats for Windows
[2014.11.05-02.02.33:219][  0]LogMemory: Process Physical Memory: 55.26 MB used, 55.26 MB peak
[2014.11.05-02.02.33:219][  0]LogMemory: Process Virtual Memory: 31.73 MB used, 31.93 MB peak
[2014.11.05-02.02.33:219][  0]LogMemory: Physical Memory: 4524.98 MB used, 6135.18 MB total
[2014.11.05-02.02.33:219][  0]LogMemory: Virtual Memory: 236.93 MB used, 8388608.00 MB total
[2014.11.05-02.02.33:529][  0]LogD3D11RHI: Found D3D11 adapter 0: AMD Radeon R7 200 Series (Feature Level 11_0)
[2014.11.05-02.02.33:529][  0]LogD3D11RHI: Adapter has 2033MB of dedicated video memory, 0MB of dedicated system memory, and 2811MB of shared system memory, 2 output[s]
[2014.11.05-02.02.33:529][  0]LogD3D11RHI: Chosen D3D11 Adapter Id = 0
[2014.11.05-02.02.33:540][  0]LogRHI: Texture pool is 1361 MB (70% of 1945 MB)
[2014.11.05-02.02.33:547][  0]LogD3D11RHI: Async texture creation disabled: no driver support
[2014.11.05-02.02.33:784][  0]LogContentStreaming: Texture pool size is 0.000000MB
[2014.11.05-02.02.35:242][  0]LogTargetPlatformManager:Display: Building Assets For Windows
[2014.11.05-02.02.35:560][  0]LogTargetPlatformManager:Display: Building Assets For Windows
[2014.11.05-02.02.35:639][  0]LogDerivedDataCache:Display: Max Cache Size: 512 MB
[2014.11.05-02.02.35:693][  0]LogDerivedDataCache: Loaded boot cache 0.05s 39MB C:/Users/Zeetermin/AppData/Local/UnrealEngine/4.2/DerivedDataCache/Boot.ddc.
[2014.11.05-02.02.35:693][  0]LogDerivedDataCache:Display: Loaded Boot cache: C:/Users/Zeetermin/AppData/Local/UnrealEngine/4.2/DerivedDataCache/Boot.ddc
[2014.11.05-02.02.35:693][  0]LogDerivedDataCache: FDerivedDataBackendGraph:  Pak pak cache file ../../../../../../Users/Zeetermin/Documents/2014 Fall/SpaceVines/Space_Vines/Link-Object_prototype_withboxes/DerivedDataCache/DDC.ddp not found, will not use a pak cache.
[2014.11.05-02.02.35:693][  0]LogDerivedDataCache: Unable to find inner node Pak for hierarchical cache Hierarchy.
[2014.11.05-02.02.35:706][  0]LogDerivedDataCache:Display: Pak cache opened for reading ../../../Engine/DerivedDataCache/DDC.ddp.
[2014.11.05-02.02.35:718][  0]LogDerivedDataCache: Using Local data cache path C:/Users/Zeetermin/AppData/Local/UnrealEngine/4.2/DerivedDataCache: Writable
[2014.11.05-02.02.36:022][  0]LogMeshUtilities: No automatic mesh reduction module available
[2014.11.05-02.02.36:022][  0]LogMeshUtilities: No automatic mesh merging module available
[2014.11.05-02.02.36:492][  0]LogInit: WinSock: version 1.1 (2.2), MaxSocks=32767, MaxUdp=65467
[2014.11.05-02.02.37:610][  0]LogStreaming:Warning: Failed to read file '../../../Engine/Content/Editor/Slate/Icons/ActorIcons/GroupActor_16x.png' error.
[2014.11.05-02.02.37:610][  0]LogSlate: Could not find file for Slate resource: ../../../Engine/Content/Editor/Slate/Icons/ActorIcons/GroupActor_16x.png
[2014.11.05-02.02.37:618][  0]LogStreaming:Warning: Failed to read file '../../../Engine/Content/Editor/Slate/Icons/ActorIcons/DecalActor_16x.png' error.
[2014.11.05-02.02.37:618][  0]LogSlate: Could not find file for Slate resource: ../../../Engine/Content/Editor/Slate/Icons/ActorIcons/DecalActor_16x.png
[2014.11.05-02.02.38:359][  0]UdpMessaging: Initializing bridge on interface 0.0.0.0:0 to multicast group 230.0.0.1:6666.
[2014.11.05-02.02.38:546][  0]SourceControl: Info Source control is disabled
[2014.11.05-02.02.38:546][  0]SourceControl: Info Source control is disabled
[2014.11.05-02.02.38:562][  0]SourceControl: Info Source control is disabled
[2014.11.05-02.02.39:630][  0]BlueprintLog: New page: Editor Load
[2014.11.05-02.02.39:795][  0]LogObj: 19137 objects as part of root set at end of initial load.
[2014.11.05-02.02.39:795][  0]LogUObjectAllocator: 3804776 out of 0 bytes used by permanent object pool.
[2014.11.05-02.02.40:117][  0]LogEngine: Initializing Engine...
[2014.11.05-02.02.40:261][  0]LogInit: XAudio2 using 'Speakers (High Definition Audio Device)' : 2 channels at 44.1 kHz using 16 bits per sample (channel mask 0x3)
[2014.11.05-02.02.40:270][  0]LogInit: FAudioDevice initialized.
[2014.11.05-02.02.40:358][  0]LogDerivedDataCache: Saved boot cache 0.09s 39MB C:/Users/Zeetermin/AppData/Local/UnrealEngine/4.2/DerivedDataCache/Boot.ddc.
[2014.11.05-02.02.40:366][  0]LogInit: Texture streaming: Enabled
[2014.11.05-02.02.40:447][  0]LogInit: Transaction tracking system initialized
[2014.11.05-02.02.40:793][  0]LogAssetRegistry: FAssetRegistry took 0.0098 seconds to start up
[2014.11.05-02.02.41:645][  0]LogModuleManager:Warning: ModuleManager: Unable to load module '' because the file was not found.
[2014.11.05-02.02.41:657][  0]LogModuleManager:Warning: ModuleManager: Unable to load module '' because the file was not found.
[2014.11.05-02.02.41:811][  0]LogConsoleResponse:Display: 
[2014.11.05-02.02.42:264][  0]SourceControl: Info Source control is disabled
[2014.11.05-02.02.42:264][  0]LightingResults: New page: Lighting Build
[2014.11.05-02.02.42:279][  0]MapCheck: New page: Map Check
[2014.11.05-02.02.42:279][  0]LightingResults: New page: Lighting Build
[2014.11.05-02.02.42:293][  0]LogParticles: Destroying 0 GPU particle simulations for FXSystem 0x00000000118B1580
[2014.11.05-02.03.01:501][  0]LogMaterial:Warning: Material /Game/puzzle_piece.puzzle_piece needed to have new flag set bUsedWithStaticLighting !
[2014.11.05-02.03.01:938][  0]LogMaterial: Missing cached shader map for material puzzle_piece, compiling.
[2014.11.05-02.03.01:965][  0]LogMaterial: 0.000122 seconds spent updating 1 materials, 1 interfaces, 0 instances, 0 with static permutations.
[2014.11.05-02.03.01:966][  0]LogMaterial:Warning: Material /Game/lore.lore needed to have new flag set bUsedWithStaticLighting !
[2014.11.05-02.03.02:192][  0]LogMaterial: Missing cached shader map for material lore, compiling.
[2014.11.05-02.03.02:195][  0]LogMaterial: 0.000076 seconds spent updating 1 materials, 1 interfaces, 0 instances, 0 with static permutations.
[2014.11.05-02.03.02:196][  0]LogMaterial:Warning: Material /Game/Materials/ColorCodes/puzzle_piece.puzzle_piece needed to have new flag set bUsedWithStaticLighting !
[2014.11.05-02.03.02:451][  0]LogMaterial: Missing cached shader map for material puzzle_piece, compiling.
[2014.11.05-02.03.02:457][  0]LogMaterial: 0.000167 seconds spent updating 1 materials, 1 interfaces, 0 instances, 0 with static permutations.
[2014.11.05-02.03.02:459][  0]LogMaterial:Warning: Material /Game/Materials/ColorCodes/lore.lore needed to have new flag set bUsedWithStaticLighting !
[2014.11.05-02.03.02:593][  0]LogMaterial: Missing cached shader map for material lore, compiling.
[2014.11.05-02.03.02:969][  0]LogMaterial: 0.370772 seconds spent updating 1 materials, 1 interfaces, 0 instances, 0 with static permutations.
[2014.11.05-02.03.03:019][  0]LogMaterial:Warning: Material /Game/Materials/Environment/Mat_BlueGlow.Mat_BlueGlow needed to have new flag set bUsedWithStaticLighting !
[2014.11.05-02.03.03:088][  0]LogMaterial: Missing cached shader map for material Mat_BlueGlow, compiling.
[2014.11.05-02.03.03:101][  0]LogMaterial: 0.000145 seconds spent updating 1 materials, 1 interfaces, 0 instances, 0 with static permutations.
[2014.11.05-02.03.03:117][  0]LogMaterial:Warning: Material /Game/Materials/Environment/Mat_Obsidian.Mat_Obsidian needed to have new flag set bUsedWithStaticLighting !
[2014.11.05-02.03.03:391][  0]LogMaterial: Missing cached shader map for material Mat_Obsidian, compiling.
[2014.11.05-02.03.03:396][  0]LogMaterial: 0.000156 seconds spent updating 1 materials, 1 interfaces, 0 instances, 0 with static permutations.
[2014.11.05-02.03.03:422][  0]LogMaterial:Warning: Material /Game/Materials/Environment/Material_Meteor_Platform1.Material_Meteor_Platform1 needed to have new flag set bUsedWithStaticLighting !
[2014.11.05-02.03.03:754][  0]LogMaterial: Missing cached shader map for material Material_Meteor_Platform1, compiling.
[2014.11.05-02.03.03:759][  0]LogMaterial: 0.000142 seconds spent updating 1 materials, 1 interfaces, 0 instances, 0 with static permutations.
[2014.11.05-02.03.03:760][  0]LogMaterial:Warning: Material /Game/Materials/Environment/Material_Debris1_M2.Material_Debris1_M2 needed to have new flag set bUsedWithStaticLighting !
[2014.11.05-02.03.04:158][  0]LogMaterial: Missing cached shader map for material Material_Debris1_M2, compiling.
[2014.11.05-02.03.04:203][  0]LogMaterial: 0.042139 seconds spent updating 1 materials, 1 interfaces, 0 instances, 0 with static permutations.
[2014.11.05-02.03.04:241][  0]LogMaterial:Warning: Material /Game/Materials/Objects/Material_LightStatue_1_M3.Material_LightStatue_1_M3 needed to have new flag set bUsedWithStaticLighting !
[2014.11.05-02.03.04:484][  0]LogMaterial: Missing cached shader map for material Material_LightStatue_1_M3, compiling.
[2014.11.05-02.03.04:501][  0]LogMaterial: 0.000351 seconds spent updating 1 materials, 1 interfaces, 0 instances, 0 with static permutations.
[2014.11.05-02.03.04:504][  0]LogMaterial:Warning: Material /Game/Materials/Objects/Material_Bench_1_M1.Material_Bench_1_M1 needed to have new flag set bUsedWithStaticLighting !
[2014.11.05-02.03.04:640][  0]LogMaterial: Missing cached shader map for material Material_Bench_1_M1, compiling.
[2014.11.05-02.03.04:644][  0]LogMaterial: 0.000149 seconds spent updating 1 materials, 1 interfaces, 0 instances, 0 with static permutations.
[2014.11.05-02.03.04:661][  0]LogEditorServer: Finished looking for orphan Actors (0.000 secs)
[2014.11.05-02.03.04:665][  0]Cmd: MAP CHECKDEP
[2014.11.05-02.03.04:665][  0]MapCheck: New page: Two - Nov 4, 2014, 4:03:04 PM
[2014.11.05-02.03.04:869][  0]MapCheck: Info ========== Map Check: 0 Error(s), 0 Warning(s), [203.268ms] ==========
[2014.11.05-02.03.04:869][  0]LogFileHelpers: Loading map 'Two' took 22.605
[2014.11.05-02.03.06:755][  0]LogCollectionManager: Loaded 0 collections in 0.002352 seconds
[2014.11.05-02.03.26:507][  0]LogCrashTracker: Crashtracker disabled due to settings.
[2014.11.05-02.03.26:508][  0]Cmd: MODE PLACEMENT
[2014.11.05-02.03.27:494][  0]LogLoad: Full Startup: 55.74 seconds (BP compile: 0.02 seconds)
[2014.11.05-02.03.29:844][  0]LogContentBrowser:Verbose: The content browser source was changed by the sources view to '/Game/Meshes'
[2014.11.05-02.03.31:323][  0]LogRenderer:Warning: Reallocating scene render targets to support 32x32.
[2014.11.05-02.03.32:794][  0]LogRenderer:Warning: Reallocating scene render targets to support 1064x968.
[2014.11.05-02.03.34:312][  1]LogEpicStorage:Warning: EnumerateFiles request failed. Invalid response. code=403 error=<?xml version="1.0" encoding="UTF-8"?>
<Error><Code>AccessDenied</Code><Message>Access Denied</Message><RequestId>73FF08F23A2988F8</RequestId><HostId>iY7rLgfGXW1QstHEH/IJs/JXkiD3oxyqldRXh+NwUOFcAzhgg99vyhsX96iVDaG3</HostId></Error>
[2014.11.05-02.03.34:313][  1]Cmd: UpdateLandscapeEditorData -warnings
[2014.11.05-02.03.34:314][  1]Cmd: UpdateLandscapeEditorData
[2014.11.05-02.03.35:064][  2]LogEpicSurvey:Warning: EnumerateFiles request failed. Invalid response. code=403 error=<?xml version="1.0" encoding="UTF-8"?>
<Error><Code>AccessDenied</Code><Message>Access Denied</Message><RequestId>A74BC20B11BDB343</RequestId><HostId>8xnqJemOjyLM6vwQazTNj2hbUkcDI8S6pnawExQVHgKWyRv3gPjws0mQXd5mqj+A</HostId></Error>
[2014.11.05-02.03.35:427][  3]LogEpicStorage:Warning: EnumerateFiles request failed. Invalid response. code=403 error=<?xml version="1.0" encoding="UTF-8"?>
<Error><Code>AccessDenied</Code><Message>Access Denied</Message><RequestId>0FD11A136A63D4E8</RequestId><HostId>fMceXdO0MMnrx16zfsLQEZ3Z8UJwCbg1qOAUwivl1mZ8+LVkXdywHPbfiliZABe0</HostId></Error>
[2014.11.05-02.03.36:065][  4]LogEpicSurvey:Warning: EnumerateFiles request failed. Invalid response. code=403 error=<?xml version="1.0" encoding="UTF-8"?>
<Error><Code>AccessDenied</Code><Message>Access Denied</Message><RequestId>5DDC248CF6CCFAD2</RequestId><HostId>vWhgoXRyerbjB9j75Xh5YE+jfnn3aZB2RI7NBcsRHkC+SfB+NExmjb8TeAZ3Oa2U</HostId></Error>
[2014.11.05-02.03.36:117][  5]LogAssetRegistry: Asset discovery search completed in 55.3348 seconds
[2014.11.05-02.03.37:991][  7]LogEpicStorage:Warning: ReadFile request failed. File request already pending for filename=http://cdn.unrealengine.com/newsfeed/blueprint_icon_b.png
[2014.11.05-02.03.37:993][  7]LogEpicStorage:Warning: ReadFile request failed. File request already pending for filename=http://cdn.unrealengine.com/newsfeed/blueprint_icon_b.png
[2014.11.05-02.04.27:573][380]LightingResults: New page: Lighting Build
[2014.11.05-02.04.27:601][380]Cmd: MODE PLACEMENT
[2014.11.05-02.04.27:652][380]LoadErrors: New page: Loading map: One.umap
[2014.11.05-02.04.27:662][380]MapCheck: New page: Map Check
[2014.11.05-02.04.27:662][380]LightingResults: New page: Lighting Build
[2014.11.05-02.04.27:762][380]LogParticles: Destroying 0 GPU particle simulations for FXSystem 0x000000000C71BD80
[2014.11.05-02.04.53:914][380]LogEditorServer: Finished looking for orphan Actors (0.000 secs)
[2014.11.05-02.04.54:133][380]Cmd: MAP CHECKDEP
[2014.11.05-02.04.54:133][380]MapCheck: New page: One - Nov 4, 2014, 4:04:54 PM
[2014.11.05-02.04.54:278][380]MapCheck: Info ========== Map Check: 0 Error(s), 0 Warning(s), [145.362ms] ==========
[2014.11.05-02.04.54:278][380]LogFileHelpers: Loading map 'One' took 26.706
[2014.11.05-02.04.54:634][381]Cmd: UpdateLandscapeEditorData
[2014.11.05-02.04.54:636][381]Cmd: UpdateLandscapeEditorData -warnings
[2014.11.05-02.05.02:489][596]LogEditorViewport: Clicking on Actor (LMB): Landscape (Landscape1)
[2014.11.05-02.05.21:238][ 88]LogEditorViewport: Clicking on Actor (LMB): PointLight (PointLight5)
[2014.11.05-02.05.27:252][235]Cmd: CAMERA ALIGN ACTIVEVIEWPORTONLY
[2014.11.05-02.05.27:260][235]Aligned camera to fit all selected actors.
[2014.11.05-02.05.39:781][586]LogEditorViewport: Clicking on Actor (CTRL LMB): StaticMeshActor (Button)
[2014.11.05-02.05.41:440][635]LogEditorViewport: Clicking on Actor (CTRL LMB): Landscape (Landscape1)
[2014.11.05-02.05.44:230][714]LogEditorViewport: Clicking on Actor (CTRL LMB): TriggerSphere (ButtonTrigger)
[2014.11.05-02.05.44:938][736]LogEditorViewport: Clicking on Actor (CTRL LMB): Landscape (Landscape1)
[2014.11.05-02.05.53:153][970]LogEditorViewport: Clicking on Actor (LMB): MatineeActor (MatineeDoor)
[2014.11.05-02.05.53:752][985]LogEditorViewport: Clicking on Actor (LMB): MatineeActor (MatineeDoor)
[2014.11.05-02.06.04:600][368]LogSavePackage: Save=1124.097290ms
[2014.11.05-02.06.04:600][368]LogSavePackage: Moving '../../../../../../Users/Zeetermin/Documents/2014 Fall/SpaceVines/Space_Vines/Link-Object_prototype_withboxes/Saved/One5594413B426EB50E48B1E5940CAB570A.tmp' to '../../../../../../Users/Zeetermin/Documents/2014 Fall/SpaceVines/Space_Vines/Link-Object_prototype_withboxes/Content/Maps/GameLevels/One.umap'
[2014.11.05-02.06.04:634][368]LogFileHelpers: Saving map 'One' took 2.082
[2014.11.05-02.06.06:593][540]LogDialogs:Warning: Supressed: Opening the Matinee Editor will reset all current Undo data. (Undo/Redo will only be available on matinee actions while it remains open)
[2014.11.05-02.06.06:598][540]LogInit: Transaction tracking system initialized
[2014.11.05-02.06.06:696][540]EditorErrors: New page: Matinee Initialization
[2014.11.05-02.06.44:631][958]LogEditorTransaction: Undo Add Key
[2014.11.05-02.06.56:113][252]LogEditorViewport: Clicking on Actor (LMB): StaticMeshActor (Model_DoorRight_1)
[2014.11.05-02.07.05:467][476]LogEditorViewport: Clicking on Actor (LMB): StaticMeshActor (Model_DoorLeft_1)
[2014.11.05-02.07.15:901][737]LogEditorViewport: Clicking on Actor (LMB): StaticMeshActor (Model_DoorRight_1)
[2014.11.05-02.07.51:806][733]BlueprintLog: New page: Pre-PIE auto-recompile
[2014.11.05-02.07.51:806][733]LogPlayLevel: [PIE] Compiling One before PIE...
[2014.11.05-02.07.51:943][733]LogExit: Transaction tracking system shut down
[2014.11.05-02.07.51:945][733]LogPlayLevel: PIE:  Blueprint regeneration took 138 ms (1 blueprints)
[2014.11.05-02.07.51:963][733]PIE: New page: PIE session: One (Nov 4, 2014, 4:07:51 PM)
[2014.11.05-02.07.52:140][733]LogBlueprint:Warning: FMemberReference::ResolveMember (K2_SetActorLocation) bSelfContext == true, but no scope supplied!
[2014.11.05-02.07.52:141][733]LogBlueprint:Warning: FMemberReference::ResolveMember (K2_GetActorLocation) bSelfContext == true, but no scope supplied!
[2014.11.05-02.07.52:141][733]LogBlueprint:Warning: FMemberReference::ResolveMember (K2_GetActorLocation) bSelfContext == true, but no scope supplied!
[2014.11.05-02.07.52:141][733]LogBlueprint:Warning: FMemberReference::ResolveMember (K2_GetActorLocation) bSelfContext == true, but no scope supplied!
[2014.11.05-02.07.52:141][733]LogBlueprint:Warning: FMemberReference::ResolveMember (K2_GetActorLocation) bSelfContext == true, but no scope supplied!
[2014.11.05-02.07.52:141][733]LogBlueprint:Warning: FMemberReference::ResolveMember (K2_GetActorLocation) bSelfContext == true, but no scope supplied!
[2014.11.05-02.07.52:141][733]LogBlueprint:Warning: FMemberReference::ResolveMember (K2_SetActorLocation) bSelfContext == true, but no scope supplied!
[2014.11.05-02.07.52:141][733]LogBlueprint:Warning: FMemberReference::ResolveMember (K2_GetActorLocation) bSelfContext == true, but no scope supplied!
[2014.11.05-02.07.52:141][733]LogBlueprint:Warning: FMemberReference::ResolveMember (K2_GetActorLocation) bSelfContext == true, but no scope supplied!
[2014.11.05-02.07.52:141][733]LogBlueprint:Warning: FMemberReference::ResolveMember (K2_GetActorLocation) bSelfContext == true, but no scope supplied!
[2014.11.05-02.07.52:141][733]LogBlueprint:Warning: FMemberReference::ResolveMember (K2_GetActorLocation) bSelfContext == true, but no scope supplied!
[2014.11.05-02.07.52:141][733]LogBlueprint:Warning: FMemberReference::ResolveMember (K2_GetActorLocation) bSelfContext == true, but no scope supplied!
[2014.11.05-02.07.52:286][733]LogPlayLevel: PIE: StaticDuplicateObject took: (0.322960s)
[2014.11.05-02.07.52:287][733]LogPlayLevel: PIE: World Init took: (0.000723s)
[2014.11.05-02.07.52:295][733]LogPlayLevel: PIE: Created PIE world by copying editor world from /Game/Maps/GameLevels/One.One to /Game/Maps/GameLevels/UEDPIE_0_One.One (0.331692s)
[2014.11.05-02.07.53:997][733]LogWorld: Game class is 'MyGame_C'
[2014.11.05-02.07.54:243][733]LogWorld: Bringing World /Game/Maps/GameLevels/UEDPIE_0_One.One up for play (max tick rate 0) at 2014.11.04-21.07.54
[2014.11.05-02.07.54:308][733]LogWorld: Bringing up level for play took: 0.168615
[2014.11.05-02.07.54:374][733]LogPlayerController: Spawned spectator SpectatorPawn_0 [server:1]
[2014.11.05-02.07.54:382][733]LogGameMode: RestartPlayer 256
[2014.11.05-02.07.54:567][733]LogPlayerController: ClientRestart_Implementation MyCharacter_C_0
[2014.11.05-02.07.54:567][733]LogPlayerController: ServerAcknowledgePossession_Implementation MyCharacter_C_0
[2014.11.05-02.07.54:732][733]PIE: Info Play in editor start time for /Game/Maps/GameLevels/UEDPIE_0_One 3.268
[2014.11.05-02.08.02:793][ 98]LogParticles: Destroying 0 GPU particle simulations for FXSystem 0x000000000C79B420
[2014.11.05-02.08.05:668][174]LogEditorViewport: Clicking on Actor (LMB): PointLight (PointLight5)
[2014.11.05-02.08.11:443][344]Cmd: CAMERA ALIGN ACTIVEVIEWPORTONLY
[2014.11.05-02.08.11:443][344]Aligned camera to fit all selected actors.
[2014.11.05-02.08.19:896][594]BlueprintLog: New page: Pre-PIE auto-recompile
[2014.11.05-02.08.19:896][594]LogPlayLevel: [PIE] Compiling One before PIE...
[2014.11.05-02.08.19:979][594]LogPlayLevel: PIE:  Blueprint regeneration took 83 ms (1 blueprints)
[2014.11.05-02.08.19:979][594]PIE: New page: PIE session: One (Nov 4, 2014, 4:08:19 PM)
[2014.11.05-02.08.20:106][594]LogBlueprint:Warning: FMemberReference::ResolveMember (K2_SetActorLocation) bSelfContext == true, but no scope supplied!
[2014.11.05-02.08.20:106][594]LogBlueprint:Warning: FMemberReference::ResolveMember (K2_GetActorLocation) bSelfContext == true, but no scope supplied!
[2014.11.05-02.08.20:106][594]LogBlueprint:Warning: FMemberReference::ResolveMember (K2_GetActorLocation) bSelfContext == true, but no scope supplied!
[2014.11.05-02.08.20:106][594]LogBlueprint:Warning: FMemberReference::ResolveMember (K2_GetActorLocation) bSelfContext == true, but no scope supplied!
[2014.11.05-02.08.20:107][594]LogBlueprint:Warning: FMemberReference::ResolveMember (K2_GetActorLocation) bSelfContext == true, but no scope supplied!
[2014.11.05-02.08.20:107][594]LogBlueprint:Warning: FMemberReference::ResolveMember (K2_GetActorLocation) bSelfContext == true, but no scope supplied!
[2014.11.05-02.08.20:107][594]LogBlueprint:Warning: FMemberReference::ResolveMember (K2_SetActorLocation) bSelfContext == true, but no scope supplied!
[2014.11.05-02.08.20:107][594]LogBlueprint:Warning: FMemberReference::ResolveMember (K2_GetActorLocation) bSelfContext == true, but no scope supplied!
[2014.11.05-02.08.20:107][594]LogBlueprint:Warning: FMemberReference::ResolveMember (K2_GetActorLocation) bSelfContext == true, but no scope supplied!
[2014.11.05-02.08.20:107][594]LogBlueprint:Warning: FMemberReference::ResolveMember (K2_GetActorLocation) bSelfContext == true, but no scope supplied!
[2014.11.05-02.08.20:107][594]LogBlueprint:Warning: FMemberReference::ResolveMember (K2_GetActorLocation) bSelfContext == true, but no scope supplied!
[2014.11.05-02.08.20:107][594]LogBlueprint:Warning: FMemberReference::ResolveMember (K2_GetActorLocation) bSelfContext == true, but no scope supplied!
[2014.11.05-02.08.20:252][594]LogPlayLevel: PIE: StaticDuplicateObject took: (0.272603s)
[2014.11.05-02.08.20:253][594]LogPlayLevel: PIE: World Init took: (0.000637s)
[2014.11.05-02.08.20:253][594]LogPlayLevel: PIE: Created PIE world by copying editor world from /Game/Maps/GameLevels/One.One to /Game/Maps/GameLevels/UEDPIE_0_One.One (0.273687s)
[2014.11.05-02.08.20:254][594]LogWorld: Game class is 'MyGame_C'
[2014.11.05-02.08.20:369][594]LogWorld: Bringing World /Game/Maps/GameLevels/UEDPIE_0_One.One up for play (max tick rate 0) at 2014.11.04-21.08.20
[2014.11.05-02.08.20:377][594]LogWorld: Bringing up level for play took: 0.093926
[2014.11.05-02.08.20:378][594]LogPlayerController: Spawned spectator SpectatorPawn_1 [server:1]
[2014.11.05-02.08.20:378][594]LogGameMode: RestartPlayer 257
[2014.11.05-02.08.20:379][594]LogPlayerController: ClientRestart_Implementation MyCharacter_C_1
[2014.11.05-02.08.20:379][594]LogPlayerController: ServerAcknowledgePossession_Implementation MyCharacter_C_1
[2014.11.05-02.08.20:382][594]PIE: Info Play in editor start time for /Game/Maps/GameLevels/UEDPIE_0_One 0.918
[2014.11.05-02.08.27:141][908]LogParticles: Destroying 0 GPU particle simulations for FXSystem 0x00000000295EEA20
[2014.11.05-02.09.51:997][339]LogContentBrowser:Verbose: The content browser source was changed by the sources view to '/Game/Meshes/Environment'
[2014.11.05-02.09.57:824][460]LogActorFactory: Actor Factory created Model_512x512_Floor_Broken_2
[2014.11.05-02.09.59:883][513]LogActorFactory: Actor Factory created Model_512x512_Floor_Broken_2
[2014.11.05-02.10.00:687][528]LogActorFactory: Actor Factory created Model_512x512_Floor_Broken_1
[2014.11.05-02.10.02:167][566]LogActorFactory: Actor Factory created Model_512x512_Floor_Broken_1
[2014.11.05-02.10.14:758][865]LogUnrealMath: Expression Error : No value recognized
[2014.11.05-02.10.14:758][865]LogUnrealMath: Expression Error : Error in expression
[2014.11.05-02.10.14:879][866]LogEditorViewport: Clicking on Actor (LMB): StaticMeshActor (Model_512x512_Floor_Broken_9)
[2014.11.05-02.10.17:440][934]Cmd: DUPLICATE
[2014.11.05-02.10.17:440][934]Cmd: ACTOR DUPLICATE
[2014.11.05-02.10.27:787][182]LogEditorViewport: Clicking on Actor (LMB): StaticMeshActor (Model_512x512_Floor_Broken_10)
[2014.11.05-02.10.31:273][257]LogActorFactory: Actor Factory created Model_512x512_Floor_Broken_2
[2014.11.05-02.10.33:407][312]LogActorFactory: Actor Factory created Model_512x512_Floor_Broken_2
[2014.11.05-02.10.49:177][677]LogActorFactory: Actor Factory created Model_512x512_Floor_Broken_1
[2014.11.05-02.10.50:627][716]LogActorFactory: Actor Factory created Model_512x512_Floor_Broken_1
[2014.11.05-02.10.57:391][897]Cmd: TRANSACTION UNDO
[2014.11.05-02.10.57:391][897]LogEditorTransaction: Undo Rotate Actors
[2014.11.05-02.11.08:864][232]LogActorFactory: Actor Factory created Model_256x256_floor
[2014.11.05-02.11.12:631][330]LogActorFactory: Actor Factory created Model_256x256_floor
[2014.11.05-02.11.15:766][412]Cmd: DUPLICATE
[2014.11.05-02.11.15:766][412]Cmd: ACTOR DUPLICATE
[2014.11.05-02.11.22:233][589]LogEditorViewport: Clicking on Actor (LMB): StaticMeshActor (Model_256x256_floor_277)
[2014.11.05-02.11.27:113][721]LogEditorViewport: Clicking on Actor (LMB): StaticMeshActor (Model_256x256_floor_849)
[2014.11.05-02.11.27:781][740]LogEditorViewport: Clicking on Actor (LMB): StaticMeshActor (Model_256x256_floor_848)
[2014.11.05-02.11.41:640][129]LogEditorViewport: Clicking on Actor (LMB): StaticMeshActor (Model_256x256_floor_848)
[2014.11.05-02.11.42:157][141]LogEditorViewport: Clicking on Actor (LMB): StaticMeshActor (Model_256x256_floor_849)
[2014.11.05-02.11.50:878][384]LogActorFactory: Actor Factory created Model_512x512_Floor_Broken_2
[2014.11.05-02.11.52:614][435]LogActorFactory: Actor Factory created Model_512x512_Floor_Broken_2
[2014.11.05-02.11.54:142][467]LogActorFactory: Actor Factory created Model_512x512_Floor_Broken_2
[2014.11.05-02.11.55:539][507]LogActorFactory: Actor Factory created Model_512x512_Floor_Broken_2
[2014.11.05-02.12.29:584][391]LogActorFactory: Actor Factory created Model_512x512_Floor_Broken_1
[2014.11.05-02.12.32:429][467]LogActorFactory: Actor Factory created Model_512x512_Floor_Broken_1
[2014.11.05-02.12.47:443][830]LogEditorViewport: Clicking on Actor (LMB): StaticMeshActor (Model_512x512_Floor_Broken_15)
[2014.11.05-02.12.48:493][860]Cmd: DELETE
[2014.11.05-02.12.48:493][860]Cmd: ACTOR DELETE
[2014.11.05-02.12.48:505][860]LogEditorActor: Deleted Actor: StaticMeshActor
[2014.11.05-02.12.48:547][860]LogEditorActor: Deleted 1 Actors (0.053 secs)
[2014.11.05-02.12.49:850][889]LogActorFactory: Actor Factory created Model_512x512_Floor_Broken_2
[2014.11.05-02.12.52:923][973]LogActorFactory: Actor Factory created Model_512x512_Floor_Broken_2
[2014.11.05-02.13.00:473][156]LogEditorViewport: Clicking on Actor (LMB): Landscape (Landscape1)
[2014.11.05-02.13.22:297][636]LogActorFactory: Actor Factory created Model_256x512_Wall_Broken_1
[2014.11.05-02.13.23:585][669]LogActorFactory: Actor Factory created Model_256x512_Wall_Broken_1
[2014.11.05-02.13.27:169][763]Cmd: TRANSACTION UNDO
[2014.11.05-02.13.27:170][763]LogEditorTransaction: Undo Rotate Actors
[2014.11.05-02.13.59:133][655]LogSavePackage: Save=891.155090ms
[2014.11.05-02.13.59:133][655]LogSavePackage: Moving '../../../../../../Users/Zeetermin/Documents/2014 Fall/SpaceVines/Space_Vines/Link-Object_prototype_withboxes/Saved/OneCC56265645F6895D28C5A3A049027AA2.tmp' to '../../../../../../Users/Zeetermin/Documents/2014 Fall/SpaceVines/Space_Vines/Link-Object_prototype_withboxes/Content/Maps/GameLevels/One.umap'
[2014.11.05-02.13.59:175][655]LogFileHelpers: Saving map 'One' took 1.160
[2014.11.05-02.14.00:456][686]Cmd: QUIT_EDITOR
[2014.11.05-02.14.00:528][686]LogWindowsTextInputMethodSystem:Error: Terminating failed while unadvising the language notification sink from the TSF source.
[2014.11.05-02.14.00:531][686]LogExit: Preparing to exit.
[2014.11.05-02.14.01:698][686]LogExit: Editor shut down
[2014.11.05-02.14.01:698][686]LogExit: Transaction tracking system shut down
[2014.11.05-02.14.01:701][686]LogParticles: Destroying 0 GPU particle simulations for FXSystem 0x000000000AB5A7A0
[2014.11.05-02.14.01:702][686]LogParticles: Destroying 0 GPU particle simulations for FXSystem 0x00000000149A3060
[2014.11.05-02.14.01:704][686]LogParticles: Destroying 0 GPU particle simulations for FXSystem 0x000000000C798C20
[2014.11.05-02.14.01:733][686]LogParticles: Destroying 0 GPU particle simulations for FXSystem 0x0000000032930F40
[2014.11.05-02.14.01:733][686]LogExit: Object subsystem successfully closed.
[2014.11.05-02.14.01:802][686]LogModuleManager: Shutting down and abandoning module DistCurveEditor (165)
[2014.11.05-02.14.01:802][686]LogModuleManager: Shutting down and abandoning module DesktopPlatform (164)
[2014.11.05-02.14.01:802][686]LogModuleManager: Shutting down and abandoning module AndroidDeviceDetection (163)
[2014.11.05-02.14.01:802][686]LogModuleManager: Shutting down and abandoning module CrashTracker (162)
[2014.11.05-02.14.01:802][686]LogModuleManager: Shutting down and abandoning module HTTP (161)
[2014.11.05-02.14.01:802][686]LogModuleManager: Shutting down and abandoning module NewsFeed (160)
[2014.11.05-02.14.01:802][686]LogModuleManager: Shutting down and abandoning module SceneOutliner (159)
[2014.11.05-02.14.01:802][686]LogModuleManager: Shutting down and abandoning module EditorWidgets (158)
[2014.11.05-02.14.01:802][686]LogModuleManager: Shutting down and abandoning module CollectionManager (157)
[2014.11.05-02.14.01:802][686]LogModuleManager: Shutting down and abandoning module StatsViewer (156)
[2014.11.05-02.14.01:802][686]LogModuleManager: Shutting down and abandoning module FoliageEdit (155)
[2014.11.05-02.14.01:802][686]LogModuleManager: Shutting down and abandoning module LandscapeEditor (154)
[2014.11.05-02.14.01:807][686]LogModuleManager: Shutting down and abandoning module MeshPaint (153)
[2014.11.05-02.14.01:807][686]LogModuleManager: Shutting down and abandoning module ActorPickerMode (152)
[2014.11.05-02.14.01:807][686]LogModuleManager: Shutting down and abandoning module GeometryMode (151)
[2014.11.05-02.14.01:807][686]LogModuleManager: Shutting down and abandoning module TextureAlignMode (150)
[2014.11.05-02.14.01:807][686]LogModuleManager: Shutting down and abandoning module BspMode (149)
[2014.11.05-02.14.01:807][686]LogModuleManager: Shutting down and abandoning module PlacementMode (148)
[2014.11.05-02.14.01:808][686]LogModuleManager: Shutting down and abandoning module AutomationWorker (147)
[2014.11.05-02.14.01:808][686]LogModuleManager: Shutting down and abandoning module ViewportSnapping (146)
[2014.11.05-02.14.01:808][686]LogModuleManager: Shutting down and abandoning module DeviceProfileEditor (145)
[2014.11.05-02.14.01:808][686]LogModuleManager: Shutting down and abandoning module UndoHistory (144)
[2014.11.05-02.14.01:808][686]LogModuleManager: Shutting down and abandoning module GameplayTagsEditor (143)
[2014.11.05-02.14.01:808][686]LogModuleManager: Shutting down and abandoning module UserFeedback (142)
[2014.11.05-02.14.01:808][686]LogModuleManager: Shutting down and abandoning module XmlParser (141)
[2014.11.05-02.14.01:808][686]LogModuleManager: Shutting down and abandoning module Blutility (140)
[2014.11.05-02.14.01:808][686]LogModuleManager: Shutting down and abandoning module AndroidPlatformEditor (137)
[2014.11.05-02.14.01:808][686]LogModuleManager: Shutting down and abandoning module AndroidRuntimeSettings (136)
[2014.11.05-02.14.01:808][686]LogModuleManager: Shutting down and abandoning module ProjectSettingsViewer (135)
[2014.11.05-02.14.01:808][686]LogModuleManager: Shutting down and abandoning module InputBindingEditor (134)
[2014.11.05-02.14.01:808][686]LogModuleManager: Shutting down and abandoning module EditorSettingsViewer (133)
[2014.11.05-02.14.01:808][686]LogModuleManager: Shutting down and abandoning module SettingsEditor (132)
[2014.11.05-02.14.01:808][686]LogModuleManager: Shutting down and abandoning module SessionLauncher (131)
[2014.11.05-02.14.01:808][686]LogModuleManager: Shutting down and abandoning module SessionFrontend (130)
[2014.11.05-02.14.01:808][686]LogModuleManager: Shutting down and abandoning module ProfilerClient (129)
[2014.11.05-02.14.01:808][686]LogModuleManager: Shutting down and abandoning module TargetDeviceServices (128)
[2014.11.05-02.14.01:808][686]LogModuleManager: Shutting down and abandoning module DeviceManager (127)
[2014.11.05-02.14.01:808][686]LogModuleManager: Shutting down and abandoning module AutomationController (126)
[2014.11.05-02.14.01:808][686]LogModuleManager: Shutting down and abandoning module AutomationWindow (125)
[2014.11.05-02.14.01:808][686]LogModuleManager: Shutting down and abandoning module Layers (124)
[2014.11.05-02.14.01:809][686]LogModuleManager: Shutting down and abandoning module ComponentVisualizers (123)
[2014.11.05-02.14.01:809][686]LogModuleManager: Shutting down and abandoning module DetailCustomizations (122)
[2014.11.05-02.14.01:809][686]LogModuleManager: Shutting down and abandoning module PackagesDialog (121)
[2014.11.05-02.14.01:809][686]LogModuleManager: Shutting down and abandoning module PropertyEditor (120)
[2014.11.05-02.14.01:809][686]LogModuleManager: Shutting down and abandoning module DirectoryWatcher (119)
[2014.11.05-02.14.01:809][686]LogModuleManager: Shutting down and abandoning module AssetRegistry (118)
[2014.11.05-02.14.01:838][686]LogModuleManager: Shutting down and abandoning module Persona (117)
[2014.11.05-02.14.01:838][686]LogModuleManager: Shutting down and abandoning module GraphEditor (116)
[2014.11.05-02.14.01:838][686]LogModuleManager: Shutting down and abandoning module ContentBrowser (115)
[2014.11.05-02.14.01:838][686]LogModuleManager: Shutting down and abandoning module ClassViewer (114)
[2014.11.05-02.14.01:838][686]LogModuleManager: Shutting down and abandoning module Toolbox (113)
[2014.11.05-02.14.01:838][686]LogModuleManager: Shutting down and abandoning module ModuleUI (112)
[2014.11.05-02.14.01:838][686]LogModuleManager: Shutting down and abandoning module Sequencer (111)
[2014.11.05-02.14.01:838][686]LogModuleManager: Shutting down and abandoning module AssetTools (110)
[2014.11.05-02.14.01:838][686]LogModuleManager: Shutting down and abandoning module MovieSceneTools (109)
[2014.11.05-02.14.01:838][686]LogModuleManager: Shutting down and abandoning module OutputLog (108)
[2014.11.05-02.14.01:838][686]LogModuleManager: Shutting down and abandoning module GammaUI (107)
[2014.11.05-02.14.01:838][686]LogModuleManager: Shutting down and abandoning module Documentation (106)
[2014.11.05-02.14.01:838][686]LogModuleManager: Shutting down and abandoning module StreamingPauseRendering (105)
[2014.11.05-02.14.01:838][686]LogModuleManager: Shutting down and abandoning module AnalyticsET (104)
[2014.11.05-02.14.01:838][686]LogModuleManager: Shutting down and abandoning module Analytics (103)
[2014.11.05-02.14.01:838][686]LogModuleManager: Shutting down and abandoning module ProfilerService (102)
[2014.11.05-02.14.01:957][686]LogModuleManager: Shutting down and abandoning module TaskGraph (101)
[2014.11.05-02.14.01:957][686]LogModuleManager: Shutting down and abandoning module GameProjectGeneration (100)
[2014.11.05-02.14.01:957][686]LogModuleManager: Shutting down and abandoning module Matinee (99)
[2014.11.05-02.14.01:957][686]LogModuleManager: Shutting down and abandoning module Kismet (98)
[2014.11.05-02.14.01:957][686]LogModuleManager: Shutting down and abandoning module SlateReflector (97)
[2014.11.05-02.14.01:957][686]LogModuleManager: Shutting down and abandoning module LevelEditor (96)
[2014.11.05-02.14.01:958][686]LogModuleManager: Shutting down and abandoning module MainFrame (95)
[2014.11.05-02.14.01:958][686]LogModuleManager: Shutting down and abandoning module SourceControl (94)
[2014.11.05-02.14.01:958][686]LogModuleManager: Shutting down and abandoning module ImageWrapper (93)
[2014.11.05-02.14.01:958][686]LogModuleManager: Shutting down and abandoning module OnlineBlueprintSupport (92)
[2014.11.05-02.14.01:958][686]LogModuleManager: Shutting down and abandoning module FunctionalTesting (91)
[2014.11.05-02.14.01:958][686]LogModuleManager: Shutting down and abandoning module CollisionAnalyzer (90)
[2014.11.05-02.14.01:958][686]LogModuleManager: Shutting down and abandoning module WorkspaceMenuStructure (89)
[2014.11.05-02.14.01:958][686]LogModuleManager: Shutting down and abandoning module MessageLog (88)
[2014.11.05-02.14.01:958][686]LogModuleManager: Shutting down and abandoning module Slate (87)
[2014.11.05-02.14.01:958][686]LogModuleManager: Shutting down and abandoning module EditorStyle (86)
[2014.11.05-02.14.01:960][686]LogModuleManager: Shutting down and abandoning module SessionServices (85)
[2014.11.05-02.14.01:960][686]LogModuleManager: Shutting down and abandoning module Messaging (84)
[2014.11.05-02.14.01:960][686]LogModuleManager: Shutting down and abandoning module SourceCodeAccess (83)
[2014.11.05-02.14.01:960][686]LogModuleManager: Shutting down and abandoning module HeadMountedDisplay (82)
[2014.11.05-02.14.01:960][686]LogModuleManager: Shutting down and abandoning module XAudio2 (81)
[2014.11.05-02.14.01:960][686]LogModuleManager: Shutting down and abandoning module Networking (79)
[2014.11.05-02.14.01:960][686]LogModuleManager: Shutting down and abandoning module Core (78)
[2014.11.05-02.14.01:960][686]LogModuleManager: Shutting down and abandoning module KismetCompiler (77)
[2014.11.05-02.14.01:960][686]LogModuleManager: Shutting down and abandoning module PhysXFormats (76)
[2014.11.05-02.14.01:960][686]LogModuleManager: Shutting down and abandoning module SimplygonMeshReduction (75)
[2014.11.05-02.14.01:960][686]LogModuleManager: Shutting down and abandoning module MeshUtilities (74)
[2014.11.05-02.14.01:960][686]LogModuleManager: Shutting down and abandoning module DerivedDataCache (73)
[2014.11.05-02.14.02:055][686]LogDerivedDataCache: Shutdown
[2014.11.05-02.14.02:055][686]LogModuleManager: Shutting down and abandoning module ShaderFormatOpenGL (72)
[2014.11.05-02.14.02:055][686]LogModuleManager: Shutting down and abandoning module ShaderFormatD3D (71)
[2014.11.05-02.14.02:055][686]LogModuleManager: Shutting down and abandoning module TextureFormatUncompressed (70)
[2014.11.05-02.14.02:055][686]LogModuleManager: Shutting down and abandoning module TextureFormatPVR (69)
[2014.11.05-02.14.02:055][686]LogModuleManager: Shutting down and abandoning module TextureFormatDXT (68)
[2014.11.05-02.14.02:055][686]LogModuleManager: Shutting down and abandoning module TextureFormatAndroid (67)
[2014.11.05-02.14.02:055][686]LogModuleManager: Shutting down and abandoning module AudioFormatOpus (66)
[2014.11.05-02.14.02:055][686]LogModuleManager: Shutting down and abandoning module AudioFormatOgg (65)
[2014.11.05-02.14.02:055][686]LogModuleManager: Shutting down and abandoning module AudioFormatADPCM (64)
[2014.11.05-02.14.02:055][686]LogModuleManager: Shutting down and abandoning module Android_PVRTCTargetPlatform (63)
[2014.11.05-02.14.02:055][686]LogModuleManager: Shutting down and abandoning module Android_ETC2TargetPlatform (62)
[2014.11.05-02.14.02:055][686]LogModuleManager: Shutting down and abandoning module Android_ETC1TargetPlatform (61)
[2014.11.05-02.14.02:055][686]LogModuleManager: Shutting down and abandoning module Android_DXTTargetPlatform (60)
[2014.11.05-02.14.02:055][686]LogModuleManager: Shutting down and abandoning module Android_ATCTargetPlatform (59)
[2014.11.05-02.14.02:055][686]LogModuleManager: Shutting down and abandoning module AndroidTargetPlatform (58)
[2014.11.05-02.14.02:055][686]LogModuleManager: Shutting down and abandoning module WindowsTargetPlatform (57)
[2014.11.05-02.14.02:055][686]LogModuleManager: Shutting down and abandoning module WindowsServerTargetPlatform (56)
[2014.11.05-02.14.02:055][686]LogModuleManager: Shutting down and abandoning module WindowsNoEditorTargetPlatform (55)
[2014.11.05-02.14.02:055][686]LogModuleManager: Shutting down and abandoning module WindowsClientTargetPlatform (54)
[2014.11.05-02.14.02:055][686]LogModuleManager: Shutting down and abandoning module TargetPlatform (53)
[2014.11.05-02.14.02:055][686]LogModuleManager: Shutting down and abandoning module InputCore (52)
[2014.11.05-02.14.02:055][686]LogModuleManager: Shutting down and abandoning module Settings (51)
[2014.11.05-02.14.02:055][686]LogModuleManager: Shutting down and abandoning module TextureCompressor (48)
[2014.11.05-02.14.02:055][686]LogModuleManager: Shutting down and abandoning module ShaderCore (47)
[2014.11.05-02.14.02:055][686]LogModuleManager: Shutting down and abandoning module OpenGLDrv (46)
[2014.11.05-02.14.02:055][686]LogModuleManager: Shutting down and abandoning module D3D11RHI (45)
[2014.11.05-02.14.02:055][686]LogModuleManager: Shutting down and abandoning module SlateRHIRenderer (44)
[2014.11.05-02.14.02:055][686]LogModuleManager: Shutting down and abandoning module Renderer (43)
[2014.11.05-02.14.02:055][686]LogModuleManager: Shutting down and abandoning module Engine (42)
[2014.11.05-02.14.02:055][686]LogModuleManager: Shutting down and abandoning module SlateRemote (41)
[2014.11.05-02.14.02:055][686]LogModuleManager: Shutting down and abandoning module ScriptPlugin (40)
[2014.11.05-02.14.02:055][686]LogModuleManager: Shutting down and abandoning module ScriptEditorPlugin (38)
[2014.11.05-02.14.02:055][686]LogModuleManager: Shutting down and abandoning module WindowsMoviePlayer (37)
[2014.11.05-02.14.02:058][686]LogModuleManager: Shutting down and abandoning module ExampleDeviceProfileSelector (32)
[2014.11.05-02.14.02:058][686]LogModuleManager: Shutting down and abandoning module CustomMeshComponent (31)
[2014.11.05-02.14.02:058][686]LogModuleManager: Shutting down and abandoning module CableComponent (30)
[2014.11.05-02.14.02:058][686]LogModuleManager: Shutting down and abandoning module OculusRift (26)
[2014.11.05-02.14.02:058][686]LogModuleManager: Shutting down and abandoning module UdpMessaging (25)
[2014.11.05-02.14.02:158][686]LogModuleManager: Shutting down and abandoning module MessagingDebugger (24)
[2014.11.05-02.14.02:158][686]LogModuleManager: Shutting down and abandoning module PluginsEditor (14)
[2014.11.05-02.14.02:158][686]LogModuleManager: Shutting down and abandoning module IntroTutorials (13)
[2014.11.05-02.14.02:158][686]LogModuleManager: Shutting down and abandoning module EpicSurvey (12)
[2014.11.05-02.14.02:158][686]LogModuleManager: Shutting down and abandoning module VisualStudioSourceCodeAccess (10)
[2014.11.05-02.14.02:158][686]LogModuleManager: Shutting down and abandoning module UObjectPlugin (9)
[2014.11.05-02.14.02:158][686]LogModuleManager: Shutting down and abandoning module SubversionSourceControl (8)
[2014.11.05-02.14.02:158][686]LogModuleManager: Shutting down and abandoning module PerforceSourceControl (7)
[2014.11.05-02.14.02:158][686]LogModuleManager: Shutting down and abandoning module BlankPlugin (6)
[2014.11.05-02.14.02:158][686]LogModuleManager: Shutting down and abandoning module CoreUObject (5)
[2014.11.05-02.14.02:158][686]LogModuleManager: Shutting down and abandoning module NetworkFile (4)
[2014.11.05-02.14.02:158][686]LogModuleManager: Shutting down and abandoning module StreamingFile (3)
[2014.11.05-02.14.02:158][686]LogModuleManager: Shutting down and abandoning module SandboxFile (2)
[2014.11.05-02.14.02:158][686]LogModuleManager: Shutting down and abandoning module PakFile (1)
[2014.11.05-02.14.02:158][686]LogExit: Exiting.
[2014.11.05-02.14.02:161][686]Log file closed, 11/04/14 21:14:02
