Log file open, 10/22/14 13:07:24
LogInit:Display: Running engine for game: MyProject2
LogInit: Version: 4.2.1-2101290+++depot+UE4-Releases+4.2
LogInit: Compiled (64-bit): Jun 10 2014 22:21:56
LogInit: Build Configuration: Development
LogInit: Branch Name: ++depot+UE4-Releases+4.2
LogInit: Command line:  
LogInit: Base directory: C:/Program Files/Unreal Engine/4.2/Engine/Binaries/Win64/
LogInit: Rocket: 1
[2014.10.22-17.07.24:989][  0]LogTaskGraph: Started task graph with 3 named threads and 4 total threads.
[2014.10.22-17.07.25:030][  0]LogOnline:Warning: No default platform service specified for OnlineSubsystem
[2014.10.22-17.07.25:247][  0]LogInit: Presizing for 0 objects not considered by GC, pre-allocating 0 bytes.
[2014.10.22-17.07.25:260][  0]LogInit: Object subsystem initialized
[2014.10.22-17.07.25:264][  0]LogInit: Selected Device Profile: [Windows]
[2014.10.22-17.07.25:264][  0]LogInit: Applying CVar settings loaded from the selected device profile: [Windows]
[2014.10.22-17.07.25:323][  0]LogInit: Computer: VERONICA
[2014.10.22-17.07.25:323][  0]LogInit: User: Zeetermin
[2014.10.22-17.07.25:324][  0]LogInit: CPU Page size=4096, Cores=4
[2014.10.22-17.07.25:324][  0]LogInit: High frequency timer resolution =2.597705 MHz
[2014.10.22-17.07.25:324][  0]LogMemory: Memory total: Physical=6.0GB (6GB approx) Virtual=8192.0GB
[2014.10.22-17.07.25:324][  0]LogMemory: Platform Memory Stats for Windows
[2014.10.22-17.07.25:324][  0]LogMemory: Process Physical Memory: 54.80 MB used, 54.80 MB peak
[2014.10.22-17.07.25:324][  0]LogMemory: Process Virtual Memory: 31.71 MB used, 31.93 MB peak
[2014.10.22-17.07.25:324][  0]LogMemory: Physical Memory: 3099.50 MB used, 6135.18 MB total
[2014.10.22-17.07.25:324][  0]LogMemory: Virtual Memory: 236.93 MB used, 8388608.00 MB total
[2014.10.22-17.07.26:366][  0]LogD3D11RHI: Found D3D11 adapter 0: AMD Radeon R7 200 Series (Feature Level 11_0)
[2014.10.22-17.07.26:366][  0]LogD3D11RHI: Adapter has 2033MB of dedicated video memory, 0MB of dedicated system memory, and 2811MB of shared system memory, 2 output[s]
[2014.10.22-17.07.26:366][  0]LogD3D11RHI: Chosen D3D11 Adapter Id = 0
[2014.10.22-17.07.26:380][  0]LogRHI: Texture pool is 1361 MB (70% of 1945 MB)
[2014.10.22-17.07.26:394][  0]LogD3D11RHI: Async texture creation disabled: no driver support
[2014.10.22-17.07.27:721][  0]LogContentStreaming: Texture pool size is 0.000000MB
[2014.10.22-17.07.33:071][  0]LogTargetPlatformManager:Display: Building Assets For Windows
[2014.10.22-17.07.35:357][  0]LogTargetPlatformManager:Display: Building Assets For Windows
[2014.10.22-17.07.35:471][  0]LogDerivedDataCache:Display: Max Cache Size: 512 MB
[2014.10.22-17.07.36:211][  0]LogDerivedDataCache: Loaded boot cache 0.70s 39MB C:/Users/Zeetermin/AppData/Local/UnrealEngine/4.2/DerivedDataCache/Boot.ddc.
[2014.10.22-17.07.36:211][  0]LogDerivedDataCache:Display: Loaded Boot cache: C:/Users/Zeetermin/AppData/Local/UnrealEngine/4.2/DerivedDataCache/Boot.ddc
[2014.10.22-17.07.36:211][  0]LogDerivedDataCache: FDerivedDataBackendGraph:  Pak pak cache file ../../../../../../Users/Zeetermin/Documents/2014 Fall/SpaceVines/Space_Vines/Link-Object_prototype_withboxes/DerivedDataCache/DDC.ddp not found, will not use a pak cache.
[2014.10.22-17.07.36:211][  0]LogDerivedDataCache: Unable to find inner node Pak for hierarchical cache Hierarchy.
[2014.10.22-17.07.36:285][  0]LogDerivedDataCache:Display: Pak cache opened for reading ../../../Engine/DerivedDataCache/DDC.ddp.
[2014.10.22-17.07.36:297][  0]LogDerivedDataCache: Using Local data cache path C:/Users/Zeetermin/AppData/Local/UnrealEngine/4.2/DerivedDataCache: Writable
[2014.10.22-17.07.41:786][  0]LogMeshUtilities: No automatic mesh reduction module available
[2014.10.22-17.07.41:786][  0]LogMeshUtilities: No automatic mesh merging module available
[2014.10.22-17.07.45:099][  0]LogInit: WinSock: version 1.1 (2.2), MaxSocks=32767, MaxUdp=65467
[2014.10.22-17.08.03:868][  0]LogStreaming:Warning: Failed to read file '../../../Engine/Content/Editor/Slate/Icons/ActorIcons/GroupActor_16x.png' error.
[2014.10.22-17.08.03:868][  0]LogSlate: Could not find file for Slate resource: ../../../Engine/Content/Editor/Slate/Icons/ActorIcons/GroupActor_16x.png
[2014.10.22-17.08.04:619][  0]LogStreaming:Warning: Failed to read file '../../../Engine/Content/Editor/Slate/Icons/ActorIcons/DecalActor_16x.png' error.
[2014.10.22-17.08.04:619][  0]LogSlate: Could not find file for Slate resource: ../../../Engine/Content/Editor/Slate/Icons/ActorIcons/DecalActor_16x.png
[2014.10.22-17.08.12:582][  0]UdpMessaging: Initializing bridge on interface 0.0.0.0:0 to multicast group 230.0.0.1:6666.
[2014.10.22-17.08.13:038][  0]SourceControl: Info Source control is disabled
[2014.10.22-17.08.13:038][  0]SourceControl: Info Source control is disabled
[2014.10.22-17.08.13:054][  0]SourceControl: Info Source control is disabled
[2014.10.22-17.08.14:277][  0]BlueprintLog: New page: Editor Load
[2014.10.22-17.08.15:484][  0]LogObj: 19137 objects as part of root set at end of initial load.
[2014.10.22-17.08.15:484][  0]LogUObjectAllocator: 3804776 out of 0 bytes used by permanent object pool.
[2014.10.22-17.08.16:220][  0]LogEngine: Initializing Engine...
[2014.10.22-17.08.17:055][  0]LogInit: XAudio2 using 'Speakers (High Definition Audio Device)' : 2 channels at 44.1 kHz using 16 bits per sample (channel mask 0x3)
[2014.10.22-17.08.17:118][  0]LogInit: FAudioDevice initialized.
[2014.10.22-17.08.17:146][  0]LogDerivedDataCache: Saved boot cache 0.03s 39MB C:/Users/Zeetermin/AppData/Local/UnrealEngine/4.2/DerivedDataCache/Boot.ddc.
[2014.10.22-17.08.17:152][  0]LogInit: Texture streaming: Enabled
[2014.10.22-17.08.17:742][  0]LogInit: Transaction tracking system initialized
[2014.10.22-17.08.21:825][  0]LogAssetRegistry: FAssetRegistry took 0.0101 seconds to start up
[2014.10.22-17.08.26:255][  0]LogModuleManager:Warning: ModuleManager: Unable to load module '' because the file was not found.
[2014.10.22-17.08.26:271][  0]LogModuleManager:Warning: ModuleManager: Unable to load module '' because the file was not found.
[2014.10.22-17.08.27:324][  0]LogConsoleResponse:Display: 
[2014.10.22-17.08.35:159][  0]SourceControl: Info Source control is disabled
[2014.10.22-17.08.35:186][  0]LightingResults: New page: Lighting Build
[2014.10.22-17.08.35:202][  0]MapCheck: New page: Map Check
[2014.10.22-17.08.35:202][  0]LightingResults: New page: Lighting Build
[2014.10.22-17.08.35:217][  0]LogParticles: Destroying 0 GPU particle simulations for FXSystem 0x0000000010F08AE0
[2014.10.22-17.09.24:297][  0]LogMaterial:Warning: Material /Game/lore.lore needed to have new flag set bUsedWithStaticLighting !
[2014.10.22-17.09.24:413][  0]LogMaterial: Missing cached shader map for material lore, compiling.
[2014.10.22-17.09.24:429][  0]LogMaterial: 0.000109 seconds spent updating 1 materials, 1 interfaces, 0 instances, 0 with static permutations.
[2014.10.22-17.09.24:482][  0]LogEditorServer: Finished looking for orphan Actors (0.000 secs)
[2014.10.22-17.09.24:484][  0]Cmd: MAP CHECKDEP
[2014.10.22-17.09.24:484][  0]MapCheck: New page: Two - Oct 22, 2014, 9:09:24 AM
[2014.10.22-17.09.24:587][  0]MapCheck: Info ========== Map Check: 0 Error(s), 0 Warning(s), [103.103ms] ==========
[2014.10.22-17.09.24:587][  0]LogFileHelpers: Loading map 'Two' took 49.428
[2014.10.22-17.09.24:983][  0]LogCollectionManager: Loaded 0 collections in 0.001752 seconds
[2014.10.22-17.09.25:005][  0]LogContentBrowser:Verbose: The content browser source was changed by the sources view to '/Game'
[2014.10.22-17.09.32:439][  0]LogCrashTracker: Crashtracker disabled due to settings.
[2014.10.22-17.09.32:441][  0]Cmd: MODE PLACEMENT
[2014.10.22-17.09.32:518][  0]LogLoad: Full Startup: 132.04 seconds (BP compile: 0.08 seconds)
[2014.10.22-17.09.33:083][  0]LogRenderer:Warning: Reallocating scene render targets to support 32x32.
[2014.10.22-17.09.33:547][  0]LogRenderer:Warning: Reallocating scene render targets to support 1040x968.
[2014.10.22-17.09.33:638][  1]LogEpicStorage:Warning: EnumerateFiles request failed. Invalid response. code=403 error=<?xml version="1.0" encoding="UTF-8"?>
<Error><Code>AccessDenied</Code><Message>Access Denied</Message><RequestId>A2520CC176FC3155</RequestId><HostId>Bg1qoEkuXPaJXGdkHWS4DLz5UTf/hoiunVXAc/nRLPGMBKt2TO0svPjyBs61y1zR</HostId></Error>
[2014.10.22-17.09.33:709][  2]LogEpicSurvey:Warning: EnumerateFiles request failed. Invalid response. code=403 error=<?xml version="1.0" encoding="UTF-8"?>
<Error><Code>AccessDenied</Code><Message>Access Denied</Message><RequestId>A8C478D93DBB9A0D</RequestId><HostId>uRKT1SCGdNC5Frj3t//xURvr/901v0oGVboJ32FpfoGnHudz3+bjModDYyPgMOan</HostId></Error>
[2014.10.22-17.09.33:726][  3]LogEpicStorage:Warning: EnumerateFiles request failed. Invalid response. code=403 error=<?xml version="1.0" encoding="UTF-8"?>
<Error><Code>AccessDenied</Code><Message>Access Denied</Message><RequestId>9421AB091E00E06B</RequestId><HostId>yJs3GVpN+qZsySSr5iej0/eBW5IzVk28hgppzTcareL//QyKMT2C+74QZXOy5i27</HostId></Error>
[2014.10.22-17.09.33:779][  4]LogEpicSurvey:Warning: EnumerateFiles request failed. Invalid response. code=403 error=<?xml version="1.0" encoding="UTF-8"?>
<Error><Code>AccessDenied</Code><Message>Access Denied</Message><RequestId>CB2ADFE4D2A5750E</RequestId><HostId>F/4c1JJvsgAiw+GTSFEvUGMVNsyWs2hwabCWOYpyIGjEA4fsIdUX92zI4d6Pt8rO</HostId></Error>
[2014.10.22-17.09.34:644][  7]LogEpicStorage:Warning: ReadFile request failed. File request already pending for filename=http://cdn.unrealengine.com/newsfeed/blueprint_icon_b.png
[2014.10.22-17.09.35:015][  7]LogEpicStorage:Warning: ReadFile request failed. File request already pending for filename=http://cdn.unrealengine.com/newsfeed/blueprint_icon_b.png
[2014.10.22-17.09.52:350][753]LogAssetRegistry: Asset discovery search completed in 90.5336 seconds
[2014.10.22-17.12.08:741][693]LightingResults: New page: Lighting Build
[2014.10.22-17.12.08:741][693]Cmd: MODE PLACEMENT
[2014.10.22-17.12.08:758][693]LoadErrors: New page: Loading map: One.umap
[2014.10.22-17.12.08:761][693]MapCheck: New page: Map Check
[2014.10.22-17.12.08:761][693]LightingResults: New page: Lighting Build
[2014.10.22-17.12.08:791][693]LogParticles: Destroying 0 GPU particle simulations for FXSystem 0x000000000C487E20
[2014.10.22-17.12.11:631][693]LogMaterial: Missing cached shader map for material Material_sexybackgroundtemple1_M2, compiling.
[2014.10.22-17.12.11:683][693]LogStaticMesh: Building static mesh Model_SexyBackgroundTemple_1...
[2014.10.22-17.12.11:688][693]LogStaticMesh: Built static mesh [53.361332ms] /Game/Meshes/Environment/Model_SexyBackgroundTemple_1.Model_SexyBackgroundTemple_1
[2014.10.22-17.12.22:422][693]LogEditorServer: Finished looking for orphan Actors (0.000 secs)
[2014.10.22-17.12.22:445][693]Cmd: MAP CHECKDEP
[2014.10.22-17.12.22:445][693]MapCheck: New page: One - Oct 22, 2014, 9:12:22 AM
[2014.10.22-17.12.22:556][693]MapCheck: Info ========== Map Check: 0 Error(s), 0 Warning(s), [110.957ms] ==========
[2014.10.22-17.12.22:556][693]LogFileHelpers: Loading map 'One' took 13.815
[2014.10.22-17.12.41:317][485]LogEditorViewport: Clicking on Actor (LMB): StaticMeshActor (Model_SexyBackgroundTemple_4)
[2014.10.22-17.12.46:657][640]LogEditorViewport: Clicking on Actor (LMB): StaticMeshActor (Model_SexyBackgroundTemple_2)
[2014.10.22-17.12.50:856][765]LogEditorViewport: Clicking on Actor (LMB): StaticMeshActor (Model_SexyBackgroundTemple_3)
[2014.10.22-17.12.54:817][892]LogEditorViewport: Clicking on Actor (LMB): StaticMeshActor (Model_SexyBackgroundTemple_1)
[2014.10.22-17.13.47:485][984]LogTexture:Display: Building textures: Texture2D_2 (G8)
[2014.10.22-17.14.04:074][583]Cmd: CAMERA ALIGN ACTIVEVIEWPORTONLY
[2014.10.22-17.14.04:074][583]Can't find target actor.
[2014.10.22-17.16.45:939][510]LogEditorViewport: Clicking on Actor (LMB): StaticMeshActor (Model_SkySphere)
[2014.10.22-17.16.46:029][511]LogEditorViewport: Clicking on Actor (double click): StaticMeshActor (Model_SkySphere)
[2014.10.22-17.16.48:575][602]LogEditorViewport: Clicking on Actor (LMB): StaticMeshActor (Model_SkySphere)
[2014.10.22-17.16.48:722][605]LogEditorViewport: Clicking on Actor (double click): StaticMeshActor (Model_SkySphere)
[2014.10.22-17.16.51:897][718]LogEditorViewport: Clicking on Actor (LMB): StaticMeshActor (Model_SkySphere)
[2014.10.22-17.17.12:499][409]LogTexture:Display: Building textures: Texture2D_3 (BGRA8)
[2014.10.22-17.17.12:619][409]LogTexture:Display: Building textures: Texture2D_4 (BGRA8)
[2014.10.22-17.17.12:709][409]LogTexture:Display: Building textures: Texture2D_5 (BGRA8)
[2014.10.22-17.17.12:757][409]LogTexture:Display: Building textures: Texture2D_6 (BGRA8)
[2014.10.22-17.17.12:793][409]LogTexture:Display: Building textures: Texture2D_7 (BGRA8)
[2014.10.22-17.17.12:893][409]LogTexture:Display: Building textures: Texture2D_8 (BGRA8)
[2014.10.22-17.17.12:910][409]LogTexture:Display: Building textures: Texture2D_9 (BGRA8)
[2014.10.22-17.17.12:994][409]LogTexture:Display: Building textures: Texture2D_10 (BGRA8)
[2014.10.22-17.17.13:060][409]LogTexture:Display: Building textures: Texture2D_11 (BGRA8)
[2014.10.22-17.17.13:190][409]LogTexture:Display: Building textures: Texture2D_12 (BGRA8)
[2014.10.22-17.17.13:268][409]LogTexture:Display: Building textures: Texture2D_13 (BGRA8)
[2014.10.22-17.17.13:377][409]LogTexture:Display: Building textures: Texture2D_14 (BGRA8)
[2014.10.22-17.17.13:485][409]LogTexture:Display: Building textures: Texture2D_15 (BGRA8)
[2014.10.22-17.17.13:602][409]LogTexture:Display: Building textures: Texture2D_16 (BGRA8)
[2014.10.22-17.17.13:796][409]LogTexture:Display: Building textures: Texture2D_17 (BGRA8)
[2014.10.22-17.17.13:845][409]LogTexture:Display: Building textures: Texture2D_18 (BGRA8)
[2014.10.22-17.17.15:081][410]Cmd: UpdateLandscapeEditorData
[2014.10.22-17.17.26:679][824]Cmd: TRANSACTION UNDO
[2014.10.22-17.17.26:679][824]LogEditorTransaction: Undo Creating New Landscape
[2014.10.22-17.17.38:857][825]Cmd: UpdateLandscapeEditorData
[2014.10.22-17.17.38:860][825]Cmd: MODE PLACEMENT
[2014.10.22-17.17.38:895][825]LogEditorViewport: Clicking on Actor (LMB): StaticMeshActor (Model_SkySphere)
[2014.10.22-17.17.38:952][826]Cmd: UpdateLandscapeHoleCollision
[2014.10.22-17.17.57:731][544]LogTexture:Display: Building textures: Texture2D_19 (G8)
[2014.10.22-17.19.05:092][464]LogTexture:Display: Building textures: Texture2D_20 (BGRA8)
[2014.10.22-17.19.05:109][464]LogTexture:Display: Building textures: Texture2D_21 (BGRA8)
[2014.10.22-17.19.05:219][464]LogTexture:Display: Building textures: Texture2D_22 (BGRA8)
[2014.10.22-17.19.05:321][464]LogTexture:Display: Building textures: Texture2D_23 (BGRA8)
[2014.10.22-17.19.05:346][464]LogTexture:Display: Building textures: Texture2D_24 (BGRA8)
[2014.10.22-17.19.05:414][464]LogTexture:Display: Building textures: Texture2D_25 (BGRA8)
[2014.10.22-17.19.05:431][464]LogTexture:Display: Building textures: Texture2D_26 (BGRA8)
[2014.10.22-17.19.05:599][464]LogTexture:Display: Building textures: Texture2D_27 (BGRA8)
[2014.10.22-17.19.05:724][464]LogTexture:Display: Building textures: Texture2D_28 (BGRA8)
[2014.10.22-17.19.05:746][464]LogTexture:Display: Building textures: Texture2D_29 (BGRA8)
[2014.10.22-17.19.05:843][464]LogTexture:Display: Building textures: Texture2D_30 (BGRA8)
[2014.10.22-17.19.05:863][464]LogTexture:Display: Building textures: Texture2D_31 (BGRA8)
[2014.10.22-17.19.05:881][464]LogTexture:Display: Building textures: Texture2D_32 (BGRA8)
[2014.10.22-17.19.05:899][464]LogTexture:Display: Building textures: Texture2D_33 (BGRA8)
[2014.10.22-17.19.05:977][464]LogTexture:Display: Building textures: Texture2D_34 (BGRA8)
[2014.10.22-17.19.06:102][464]LogTexture:Display: Building textures: Texture2D_35 (BGRA8)
[2014.10.22-17.19.07:293][465]Cmd: UpdateLandscapeEditorData
[2014.10.22-17.21.02:249][440]LogEditorViewport: Clicking on Actor (LMB): Landscape (Landscape1)
[2014.10.22-17.21.15:512][506]LogEditorViewport: Clicking on Actor (LMB): Landscape (Landscape1)
[2014.10.22-17.21.36:772][332]Cmd: TRANSACTION UNDO
[2014.10.22-17.21.36:772][332]LogEditorTransaction: Undo Landscape Editing: Smooth
[2014.10.22-17.21.36:825][332]LogTexture:Display: Building textures: Texture2D_29 (BGRA8)
[2014.10.22-17.22.09:521][683]LogTexture:Display: Building textures: Texture2D_29 (BGRA8)
[2014.10.22-17.22.09:573][683]LogTexture:Display: Building textures: Texture2D_30 (BGRA8)
[2014.10.22-17.22.10:381][683]LogSavePackage: Save=926.681824ms
[2014.10.22-17.22.10:381][683]LogSavePackage: Moving '../../../../../../Users/Zeetermin/Documents/2014 Fall/SpaceVines/Space_Vines/Link-Object_prototype_withboxes/Saved/One_Auto1CEAC74904A4E389A7B01748C8E5B023A.tmp' to '../../../../../../Users/Zeetermin/Documents/2014 Fall/SpaceVines/Space_Vines/Link-Object_prototype_withboxes/Saved/Autosaves/Game/Maps/GameLevels/One_Auto1.umap'
[2014.10.22-17.22.10:404][683]LogFileHelpers: Editor autosave (incl. sublevels) for '/Game/Maps/GameLevels/One' took 1.205
[2014.10.22-17.22.10:404][683]LogFileHelpers: Editor autosave (incl. sublevels) for all levels took 1.205
[2014.10.22-17.22.10:415][684]Cmd: UpdateLandscapeEditorData
[2014.10.22-17.24.32:651][780]LogEpicStorage:Warning: ReadFile request failed. File request already pending for filename=http://cdn.unrealengine.com/newsfeed/blueprint_icon_b.png
[2014.10.22-17.24.32:652][780]LogEpicStorage:Warning: ReadFile request failed. File request already pending for filename=http://cdn.unrealengine.com/newsfeed/blueprint_icon_b.png
[2014.10.22-17.24.41:742][104]Cmd: TRANSACTION UNDO
[2014.10.22-17.24.41:742][104]LogEditorTransaction: Undo Landscape Editing: Flatten
[2014.10.22-17.24.41:798][104]LogTexture:Display: Building textures: Texture2D_30 (BGRA8)
[2014.10.22-17.24.59:464][834]LogEditorViewport: Clicking on Actor (CTRL LMB): Landscape (Landscape1)
[2014.10.22-17.26.26:629][338]LogEditorViewport: Clicking on Actor (CTRL LMB): Landscape (Landscape1)
[2014.10.22-17.26.29:228][431]LogEditorViewport: Clicking on Actor (CTRL LMB): Landscape (Landscape1)
[2014.10.22-17.27.04:118][700]LogEditorViewport: Clicking on Actor (CTRL LMB): Landscape (Landscape1)
[2014.10.22-17.28.08:559][223]BlueprintLog: New page: Pre-PIE auto-recompile
[2014.10.22-17.28.08:559][223]LogPlayLevel: [PIE] Compiling One before PIE...
[2014.10.22-17.28.08:629][223]LogPlayLevel: PIE:  Blueprint regeneration took 69 ms (1 blueprints)
[2014.10.22-17.28.08:629][223]PIE: New page: PIE session: One (Oct 22, 2014, 9:28:08 AM)
[2014.10.22-17.28.08:817][223]LogBlueprint:Warning: FMemberReference::ResolveMember (K2_SetActorLocation) bSelfContext == true, but no scope supplied!
[2014.10.22-17.28.08:817][223]LogBlueprint:Warning: FMemberReference::ResolveMember (K2_GetActorLocation) bSelfContext == true, but no scope supplied!
[2014.10.22-17.28.08:817][223]LogBlueprint:Warning: FMemberReference::ResolveMember (K2_SetActorLocation) bSelfContext == true, but no scope supplied!
[2014.10.22-17.28.08:817][223]LogBlueprint:Warning: FMemberReference::ResolveMember (K2_GetActorLocation) bSelfContext == true, but no scope supplied!
[2014.10.22-17.28.09:067][223]LogPlayLevel: PIE: StaticDuplicateObject took: (0.438144s)
[2014.10.22-17.28.09:068][223]LogPlayLevel: PIE: World Init took: (0.000788s)
[2014.10.22-17.28.09:068][223]LogPlayLevel: PIE: Created PIE world by copying editor world from /Game/Maps/GameLevels/One.One to /Game/Maps/GameLevels/UEDPIE_0_One.One (0.439160s)
[2014.10.22-17.28.09:631][223]LogWorld: Game class is 'MyGame_C'
[2014.10.22-17.28.09:793][223]LogWorld: Bringing World /Game/Maps/GameLevels/UEDPIE_0_One.One up for play (max tick rate 0) at 2014.10.22-13.28.09
[2014.10.22-17.28.09:800][223]LogWorld: Bringing up level for play took: 0.090229
[2014.10.22-17.28.09:801][223]LogPlayerController: Spawned spectator SpectatorPawn_0 [server:1]
[2014.10.22-17.28.09:801][223]LogGameMode: RestartPlayer 256
[2014.10.22-17.28.09:804][223]LogPlayerController: ClientRestart_Implementation MyCharacter_C_0
[2014.10.22-17.28.09:804][223]LogPlayerController: ServerAcknowledgePossession_Implementation MyCharacter_C_0
[2014.10.22-17.28.09:807][223]PIE: Info Play in editor start time for /Game/Maps/GameLevels/UEDPIE_0_One 0.938
[2014.10.22-17.28.24:461][894]LogParticles: Destroying 0 GPU particle simulations for FXSystem 0x00000000470B3B00
[2014.10.22-17.28.46:685][703]Cmd: UpdateLandscapeHoleCollision
[2014.10.22-17.29.05:156][891]LogInstancedFoliage: Map Rebuilt - Update all BSP painted foliage!
[2014.10.22-17.29.05:793][892]Cmd: UpdateLandscapeEditorData
[2014.10.22-17.29.37:569][331]LogInstancedFoliage: Map Rebuilt - Update all BSP painted foliage!
[2014.10.22-17.29.38:227][332]Cmd: UpdateLandscapeEditorData
[2014.10.22-17.29.59:407][ 52]LogEditorViewport: Clicking on Actor (LMB): Landscape (Landscape1)
[2014.10.22-17.30.31:170][154]Cmd: DELETE
[2014.10.22-17.30.31:170][154]Cmd: ACTOR DELETE
[2014.10.22-17.30.31:179][154]LogEditorActor: Deleted Actor: Brush
[2014.10.22-17.30.45:378][154]LogEditorActor: Deleted 1 Actors (14.207 secs)
[2014.10.22-17.30.57:781][154]LogInstancedFoliage: Map Rebuilt - Update all BSP painted foliage!
[2014.10.22-17.30.58:262][155]Cmd: UpdateLandscapeEditorData
[2014.10.22-17.30.58:380][155]LogEditorViewport: Clicking on Actor (LMB): Landscape (Landscape1)
[2014.10.22-17.31.52:997][473]LogInstancedFoliage: Map Rebuilt - Update all BSP painted foliage!
[2014.10.22-17.31.53:682][474]Cmd: UpdateLandscapeEditorData
[2014.10.22-17.32.26:320][286]LogTexture:Display: Building textures: Texture2D_26 (BGRA8)
[2014.10.22-17.32.26:343][286]LogTexture:Display: Building textures: Texture2D_29 (BGRA8)
[2014.10.22-17.32.26:363][286]LogTexture:Display: Building textures: Texture2D_30 (BGRA8)
[2014.10.22-17.32.27:172][286]LogSavePackage: Save=895.282166ms
[2014.10.22-17.32.27:172][286]LogSavePackage: Moving '../../../../../../Users/Zeetermin/Documents/2014 Fall/SpaceVines/Space_Vines/Link-Object_prototype_withboxes/Saved/One_Auto268870B5E4661665CECD87D81E38DF519.tmp' to '../../../../../../Users/Zeetermin/Documents/2014 Fall/SpaceVines/Space_Vines/Link-Object_prototype_withboxes/Saved/Autosaves/Game/Maps/GameLevels/One_Auto2.umap'
[2014.10.22-17.32.27:179][286]LogFileHelpers: Editor autosave (incl. sublevels) for '/Game/Maps/GameLevels/One' took 1.003
[2014.10.22-17.32.27:179][286]LogFileHelpers: Editor autosave (incl. sublevels) for all levels took 1.003
[2014.10.22-17.33.32:576][ 68]LogEditorViewport: Clicking on Actor (CTRL LMB): Landscape (Landscape1)
[2014.10.22-17.33.33:955][101]LogEditorViewport: Clicking on Actor (CTRL LMB): Landscape (Landscape1)
[2014.10.22-17.33.38:796][218]LogEditorViewport: Clicking on Actor (CTRL LMB): Landscape (Landscape1)
[2014.10.22-17.35.11:939][699]LogEditorViewport: Clicking on Actor (CTRL LMB): Landscape (Landscape1)
[2014.10.22-17.35.16:244][901]LogEditorViewport: Clicking on Actor (CTRL LMB): Landscape (Landscape1)
[2014.10.22-17.35.17:042][920]LogEditorViewport: Clicking on Actor (CTRL LMB): Landscape (Landscape1)
[2014.10.22-17.35.17:401][928]LogEditorViewport: Clicking on Actor (CTRL LMB): Landscape (Landscape1)
[2014.10.22-17.35.25:633][135]LogEditorViewport: Clicking on Actor (CTRL LMB): Landscape (Landscape1)
[2014.10.22-17.35.25:964][143]LogEditorViewport: Clicking on Actor (CTRL LMB): Landscape (Landscape1)
[2014.10.22-17.35.26:723][162]LogEditorViewport: Clicking on Actor (CTRL LMB): Landscape (Landscape1)
[2014.10.22-17.35.30:541][258]LogEditorViewport: Clicking on Actor (CTRL LMB): Landscape (Landscape1)
[2014.10.22-17.35.30:871][266]LogEditorViewport: Clicking on Actor (CTRL LMB): Landscape (Landscape1)
[2014.10.22-17.35.31:395][279]LogEditorViewport: Clicking on Actor (CTRL LMB): Landscape (Landscape1)
[2014.10.22-17.35.31:955][293]LogEditorViewport: Clicking on Actor (CTRL LMB): Landscape (Landscape1)
[2014.10.22-17.35.32:297][301]LogEditorViewport: Clicking on Actor (CTRL LMB): Landscape (Landscape1)
[2014.10.22-17.35.32:812][314]LogEditorViewport: Clicking on Actor (CTRL LMB): Landscape (Landscape1)
[2014.10.22-17.35.33:573][333]LogEditorViewport: Clicking on Actor (CTRL LMB): Landscape (Landscape1)
[2014.10.22-17.35.33:943][342]LogEditorViewport: Clicking on Actor (CTRL LMB): Landscape (Landscape1)
[2014.10.22-17.35.34:464][355]LogEditorViewport: Clicking on Actor (CTRL LMB): Landscape (Landscape1)
[2014.10.22-17.35.34:829][364]LogEditorViewport: Clicking on Actor (CTRL LMB): Landscape (Landscape1)
[2014.10.22-17.35.35:167][372]LogEditorViewport: Clicking on Actor (CTRL LMB): Landscape (Landscape1)
[2014.10.22-17.35.39:053][469]LogEditorViewport: Clicking on Actor (CTRL LMB): Landscape (Landscape1)
[2014.10.22-17.35.39:385][477]LogEditorViewport: Clicking on Actor (CTRL LMB): Landscape (Landscape1)
[2014.10.22-17.35.39:759][486]LogEditorViewport: Clicking on Actor (CTRL LMB): Landscape (Landscape1)
[2014.10.22-17.35.40:324][500]LogEditorViewport: Clicking on Actor (CTRL LMB): Landscape (Landscape1)
[2014.10.22-17.35.40:666][508]LogEditorViewport: Clicking on Actor (CTRL LMB): Landscape (Landscape1)
[2014.10.22-17.35.41:068][518]LogEditorViewport: Clicking on Actor (CTRL LMB): Landscape (Landscape1)
[2014.10.22-17.35.41:437][527]LogEditorViewport: Clicking on Actor (CTRL LMB): Landscape (Landscape1)
[2014.10.22-17.35.41:765][535]LogEditorViewport: Clicking on Actor (CTRL LMB): Landscape (Landscape1)
[2014.10.22-17.35.42:128][544]LogEditorViewport: Clicking on Actor (CTRL LMB): Landscape (Landscape1)
[2014.10.22-17.35.42:500][553]LogEditorViewport: Clicking on Actor (CTRL LMB): Landscape (Landscape1)
[2014.10.22-17.35.43:430][577]LogEditorViewport: Clicking on Actor (CTRL LMB): Landscape (Landscape1)
[2014.10.22-17.35.43:795][586]LogEditorViewport: Clicking on Actor (CTRL LMB): Landscape (Landscape1)
[2014.10.22-17.35.44:198][596]LogEditorViewport: Clicking on Actor (CTRL LMB): Landscape (Landscape1)
[2014.10.22-17.35.44:800][611]LogEditorViewport: Clicking on Actor (CTRL LMB): Landscape (Landscape1)
[2014.10.22-17.35.45:194][621]LogEditorViewport: Clicking on Actor (CTRL LMB): Landscape (Landscape1)
[2014.10.22-17.35.45:591][631]LogEditorViewport: Clicking on Actor (CTRL LMB): Landscape (Landscape1)
[2014.10.22-17.35.45:992][641]LogEditorViewport: Clicking on Actor (CTRL LMB): Landscape (Landscape1)
[2014.10.22-17.35.46:398][651]LogEditorViewport: Clicking on Actor (CTRL LMB): Landscape (Landscape1)
[2014.10.22-17.35.46:793][661]LogEditorViewport: Clicking on Actor (CTRL LMB): Landscape (Landscape1)
[2014.10.22-17.35.47:534][680]LogEditorViewport: Clicking on Actor (CTRL LMB): Landscape (Landscape1)
[2014.10.22-17.35.47:943][690]LogEditorViewport: Clicking on Actor (CTRL LMB): Landscape (Landscape1)
[2014.10.22-17.35.48:348][700]LogEditorViewport: Clicking on Actor (CTRL LMB): Landscape (Landscape1)
[2014.10.22-17.35.48:758][710]LogEditorViewport: Clicking on Actor (CTRL LMB): Landscape (Landscape1)
[2014.10.22-17.35.49:156][720]LogEditorViewport: Clicking on Actor (CTRL LMB): Landscape (Landscape1)
[2014.10.22-17.35.49:553][730]LogEditorViewport: Clicking on Actor (CTRL LMB): Landscape (Landscape1)
[2014.10.22-17.35.49:914][739]LogEditorViewport: Clicking on Actor (CTRL LMB): Landscape (Landscape1)
[2014.10.22-17.35.50:314][749]LogEditorViewport: Clicking on Actor (CTRL LMB): Landscape (Landscape1)
[2014.10.22-17.35.51:058][768]LogEditorViewport: Clicking on Actor (CTRL LMB): Landscape (Landscape1)
[2014.10.22-17.35.51:458][778]LogEditorViewport: Clicking on Actor (CTRL LMB): Landscape (Landscape1)
[2014.10.22-17.35.51:867][788]LogEditorViewport: Clicking on Actor (CTRL LMB): Landscape (Landscape1)
[2014.10.22-17.35.52:208][796]LogEditorViewport: Clicking on Actor (CTRL LMB): Landscape (Landscape1)
[2014.10.22-17.35.52:629][806]LogEditorViewport: Clicking on Actor (CTRL LMB): Landscape (Landscape1)
[2014.10.22-17.36.32:365][820]Cmd: UpdateLandscapeHoleCollision
[2014.10.22-17.36.35:801][905]Cmd: DELETE
[2014.10.22-17.36.35:801][905]Cmd: ACTOR DELETE
[2014.10.22-17.36.35:809][905]LogEditorActor: Deleted Actor: Brush
[2014.10.22-17.36.35:817][905]LogEditorActor: Deleted Actor: Brush
[2014.10.22-17.36.44:382][905]LogEditorActor: Deleted 2 Actors (8.581 secs)
[2014.10.22-17.36.53:385][905]LogInstancedFoliage: Map Rebuilt - Update all BSP painted foliage!
[2014.10.22-17.36.53:890][906]Cmd: UpdateLandscapeEditorData
[2014.10.22-17.37.01:373][ 85]Cmd: DELETE
[2014.10.22-17.37.01:373][ 85]Cmd: ACTOR DELETE
[2014.10.22-17.37.01:382][ 85]LogEditorActor: Deleted Actor: Brush
[2014.10.22-17.37.01:388][ 85]LogEditorActor: Deleted Actor: Brush
[2014.10.22-17.37.07:693][ 85]LogEditorActor: Deleted 2 Actors (6.319 secs)
[2014.10.22-17.37.25:040][ 85]LogInstancedFoliage: Map Rebuilt - Update all BSP painted foliage!
[2014.10.22-17.37.25:509][ 86]Cmd: UpdateLandscapeEditorData
[2014.10.22-17.37.25:618][ 86]LogEditorViewport: Clicking on Actor (context menu): Landscape (Landscape1)
[2014.10.22-17.37.25:660][ 86]LogEditorViewport: Clicking on Actor (LMB): Landscape (Landscape1)
[2014.10.22-17.37.56:479][665]LogInstancedFoliage: Map Rebuilt - Update all BSP painted foliage!
[2014.10.22-17.37.57:115][666]Cmd: UpdateLandscapeEditorData
[2014.10.22-17.38.20:284][108]LogInstancedFoliage: Map Rebuilt - Update all BSP painted foliage!
[2014.10.22-17.38.20:887][109]Cmd: UpdateLandscapeEditorData
[2014.10.22-17.38.33:616][278]LogInstancedFoliage: Map Rebuilt - Update all BSP painted foliage!
[2014.10.22-17.38.34:248][279]Cmd: UpdateLandscapeEditorData
[2014.10.22-17.38.46:899][758]BlueprintLog: New page: Pre-PIE auto-recompile
[2014.10.22-17.38.46:899][758]LogPlayLevel: [PIE] Compiling One before PIE...
[2014.10.22-17.38.47:004][758]LogPlayLevel: PIE:  Blueprint regeneration took 105 ms (1 blueprints)
[2014.10.22-17.38.47:005][758]PIE: New page: PIE session: One (Oct 22, 2014, 9:38:47 AM)
[2014.10.22-17.38.47:186][758]LogBlueprint:Warning: FMemberReference::ResolveMember (K2_SetActorLocation) bSelfContext == true, but no scope supplied!
[2014.10.22-17.38.47:186][758]LogBlueprint:Warning: FMemberReference::ResolveMember (K2_GetActorLocation) bSelfContext == true, but no scope supplied!
[2014.10.22-17.38.47:186][758]LogBlueprint:Warning: FMemberReference::ResolveMember (K2_SetActorLocation) bSelfContext == true, but no scope supplied!
[2014.10.22-17.38.47:186][758]LogBlueprint:Warning: FMemberReference::ResolveMember (K2_GetActorLocation) bSelfContext == true, but no scope supplied!
[2014.10.22-17.38.47:332][758]LogPlayLevel: PIE: StaticDuplicateObject took: (0.326963s)
[2014.10.22-17.38.47:332][758]LogPlayLevel: PIE: World Init took: (0.000793s)
[2014.10.22-17.38.47:333][758]LogPlayLevel: PIE: Created PIE world by copying editor world from /Game/Maps/GameLevels/One.One to /Game/Maps/GameLevels/UEDPIE_0_One.One (0.327971s)
[2014.10.22-17.38.47:334][758]LogWorld: Game class is 'MyGame_C'
[2014.10.22-17.38.47:427][758]LogWorld: Bringing World /Game/Maps/GameLevels/UEDPIE_0_One.One up for play (max tick rate 0) at 2014.10.22-13.38.47
[2014.10.22-17.38.47:434][758]LogWorld: Bringing up level for play took: 0.071826
[2014.10.22-17.38.47:434][758]LogPlayerController: Spawned spectator SpectatorPawn_1 [server:1]
[2014.10.22-17.38.47:434][758]LogGameMode: RestartPlayer 257
[2014.10.22-17.38.47:436][758]LogPlayerController: ClientRestart_Implementation MyCharacter_C_1
[2014.10.22-17.38.47:436][758]LogPlayerController: ServerAcknowledgePossession_Implementation MyCharacter_C_1
[2014.10.22-17.38.47:439][758]PIE: Info Play in editor start time for /Game/Maps/GameLevels/UEDPIE_0_One 0.559
[2014.10.22-17.39.28:895][634]LogParticles: Destroying 0 GPU particle simulations for FXSystem 0x000000005C6BDD00
[2014.10.22-17.39.32:684][732]LogEpicStorage:Warning: ReadFile request failed. File request already pending for filename=http://cdn.unrealengine.com/newsfeed/blueprint_icon_b.png
[2014.10.22-17.39.32:686][732]LogEpicStorage:Warning: ReadFile request failed. File request already pending for filename=http://cdn.unrealengine.com/newsfeed/blueprint_icon_b.png
[2014.10.22-17.40.25:500][959]LogInstancedFoliage: Map Rebuilt - Update all BSP painted foliage!
[2014.10.22-17.40.25:983][960]Cmd: UpdateLandscapeEditorData
[2014.10.22-17.40.32:934][122]LogTexture:Display: Building textures: Texture2D_26 (BGRA8)
[2014.10.22-17.40.32:954][122]LogTexture:Display: Building textures: Texture2D_30 (BGRA8)
[2014.10.22-17.40.33:753][122]LogSavePackage: Save=861.228638ms
[2014.10.22-17.40.33:753][122]LogSavePackage: Moving '../../../../../../Users/Zeetermin/Documents/2014 Fall/SpaceVines/Space_Vines/Link-Object_prototype_withboxes/Saved/One2FCE5FEC433BBF965951A09F20DBF058.tmp' to '../../../../../../Users/Zeetermin/Documents/2014 Fall/SpaceVines/Space_Vines/Link-Object_prototype_withboxes/Content/Maps/GameLevels/One.umap'
[2014.10.22-17.40.33:860][122]LogFileHelpers: Saving map 'One' took 1.153
[2014.10.22-17.40.48:889][538]LogEditorViewport: Clicking on Actor (LMB): StaticMeshActor (Model_SkySphere)
[2014.10.22-17.40.52:621][645]LogEditorViewport: Clicking on Actor (LMB): TriggerBox (TriggerBox1)
[2014.10.22-17.41.23:581][481]BlueprintLog: New page: Pre-PIE auto-recompile
[2014.10.22-17.41.23:581][481]LogPlayLevel: [PIE] Compiling One before PIE...
[2014.10.22-17.41.23:649][481]LogPlayLevel: PIE:  Blueprint regeneration took 68 ms (1 blueprints)
[2014.10.22-17.41.23:649][481]PIE: New page: PIE session: One (Oct 22, 2014, 9:41:23 AM)
[2014.10.22-17.41.23:829][481]LogBlueprint:Warning: FMemberReference::ResolveMember (K2_SetActorLocation) bSelfContext == true, but no scope supplied!
[2014.10.22-17.41.23:829][481]LogBlueprint:Warning: FMemberReference::ResolveMember (K2_GetActorLocation) bSelfContext == true, but no scope supplied!
[2014.10.22-17.41.23:829][481]LogBlueprint:Warning: FMemberReference::ResolveMember (K2_SetActorLocation) bSelfContext == true, but no scope supplied!
[2014.10.22-17.41.23:829][481]LogBlueprint:Warning: FMemberReference::ResolveMember (K2_GetActorLocation) bSelfContext == true, but no scope supplied!
[2014.10.22-17.41.24:014][481]LogPlayLevel: PIE: StaticDuplicateObject took: (0.364794s)
[2014.10.22-17.41.24:015][481]LogPlayLevel: PIE: World Init took: (0.000785s)
[2014.10.22-17.41.24:015][481]LogPlayLevel: PIE: Created PIE world by copying editor world from /Game/Maps/GameLevels/One.One to /Game/Maps/GameLevels/UEDPIE_0_One.One (0.365803s)
[2014.10.22-17.41.24:016][481]LogWorld: Game class is 'MyGame_C'
[2014.10.22-17.41.24:111][481]LogWorld: Bringing World /Game/Maps/GameLevels/UEDPIE_0_One.One up for play (max tick rate 0) at 2014.10.22-13.41.24
[2014.10.22-17.41.24:118][481]LogWorld: Bringing up level for play took: 0.071893
[2014.10.22-17.41.24:119][481]LogPlayerController: Spawned spectator SpectatorPawn_2 [server:1]
[2014.10.22-17.41.24:119][481]LogGameMode: RestartPlayer 258
[2014.10.22-17.41.24:120][481]LogPlayerController: ClientRestart_Implementation MyCharacter_C_2
[2014.10.22-17.41.24:120][481]LogPlayerController: ServerAcknowledgePossession_Implementation MyCharacter_C_2
[2014.10.22-17.41.24:123][481]PIE: Info Play in editor start time for /Game/Maps/GameLevels/UEDPIE_0_One 1.239
[2014.10.22-17.41.31:328][780]LogParticles: Destroying 0 GPU particle simulations for FXSystem 0x00000000556FC180
[2014.10.22-17.41.46:734][157]LogSavePackage: Save=1309.130127ms
[2014.10.22-17.41.46:735][157]LogSavePackage: Moving '../../../../../../Users/Zeetermin/Documents/2014 Fall/SpaceVines/Space_Vines/Link-Object_prototype_withboxes/Saved/OneE4038CB8457E2B17C6FF0284A25FE919.tmp' to '../../../../../../Users/Zeetermin/Documents/2014 Fall/SpaceVines/Space_Vines/Link-Object_prototype_withboxes/Content/Maps/GameLevels/One.umap'
[2014.10.22-17.41.47:490][157]LogFileHelpers: Saving map 'One' took 2.237
[2014.10.22-17.43.34:901][119]Cmd: CAMERA ALIGN ACTIVEVIEWPORTONLY
[2014.10.22-17.43.34:901][119]Aligned camera to fit all selected actors.
[2014.10.22-17.43.39:586][240]Cmd: UpdateLandscapeHoleCollision
[2014.10.22-17.43.52:273][583]Cmd: CAMERA ALIGN ACTIVEVIEWPORTONLY
[2014.10.22-17.43.52:273][583]Aligned camera to fit all selected actors.
[2014.10.22-17.44.06:713][955]BlueprintLog: New page: Pre-PIE auto-recompile
[2014.10.22-17.44.06:713][955]LogPlayLevel: [PIE] Compiling One before PIE...
[2014.10.22-17.44.06:787][955]LogPlayLevel: PIE:  Blueprint regeneration took 73 ms (1 blueprints)
[2014.10.22-17.44.06:787][955]PIE: New page: PIE session: One (Oct 22, 2014, 9:44:06 AM)
[2014.10.22-17.44.06:967][955]LogBlueprint:Warning: FMemberReference::ResolveMember (K2_SetActorLocation) bSelfContext == true, but no scope supplied!
[2014.10.22-17.44.06:968][955]LogBlueprint:Warning: FMemberReference::ResolveMember (K2_GetActorLocation) bSelfContext == true, but no scope supplied!
[2014.10.22-17.44.06:968][955]LogBlueprint:Warning: FMemberReference::ResolveMember (K2_SetActorLocation) bSelfContext == true, but no scope supplied!
[2014.10.22-17.44.06:968][955]LogBlueprint:Warning: FMemberReference::ResolveMember (K2_GetActorLocation) bSelfContext == true, but no scope supplied!
[2014.10.22-17.44.07:148][955]LogPlayLevel: PIE: StaticDuplicateObject took: (0.361568s)
[2014.10.22-17.44.07:149][955]LogPlayLevel: PIE: World Init took: (0.000815s)
[2014.10.22-17.44.07:149][955]LogPlayLevel: PIE: Created PIE world by copying editor world from /Game/Maps/GameLevels/One.One to /Game/Maps/GameLevels/UEDPIE_0_One.One (0.362593s)
[2014.10.22-17.44.07:150][955]LogWorld: Game class is 'MyGame_C'
[2014.10.22-17.44.07:245][955]LogWorld: Bringing World /Game/Maps/GameLevels/UEDPIE_0_One.One up for play (max tick rate 0) at 2014.10.22-13.44.07
[2014.10.22-17.44.07:255][955]LogWorld: Bringing up level for play took: 0.077984
[2014.10.22-17.44.07:256][955]LogPlayerController: Spawned spectator SpectatorPawn_3 [server:1]
[2014.10.22-17.44.07:256][955]LogGameMode: RestartPlayer 259
[2014.10.22-17.44.07:257][955]LogPlayerController: ClientRestart_Implementation MyCharacter_C_3
[2014.10.22-17.44.07:257][955]LogPlayerController: ServerAcknowledgePossession_Implementation MyCharacter_C_3
[2014.10.22-17.44.07:260][955]PIE: Info Play in editor start time for /Game/Maps/GameLevels/UEDPIE_0_One 0.373
[2014.10.22-17.44.09:671][ 33]LogParticles: Destroying 0 GPU particle simulations for FXSystem 0x00000000537B6E80
[2014.10.22-17.44.11:273][ 61]LogTexture:Display: Building textures: Texture2D_26 (BGRA8)
[2014.10.22-17.44.11:293][ 61]LogTexture:Display: Building textures: Texture2D_30 (BGRA8)
[2014.10.22-17.44.12:132][ 61]LogSavePackage: Save=900.267334ms
[2014.10.22-17.44.12:133][ 61]LogSavePackage: Moving '../../../../../../Users/Zeetermin/Documents/2014 Fall/SpaceVines/Space_Vines/Link-Object_prototype_withboxes/Saved/UEDPCOne9772B60B4222E0FD07802E86E1249DBF.tmp' to '../../../../../../Users/Zeetermin/Documents/2014 Fall/SpaceVines/Space_Vines/Link-Object_prototype_withboxes/Saved/Autosaves/Game/Maps/GameLevels/UEDPCOne.umap'
[2014.10.22-17.44.12:660][ 88]LogStats:Warning: MetaData mismatch. Did you assign a stat to two groups? New //STATGROUP_Threads//FLauncherTask///Thread_16d8_0///////STATCAT_Advanced//// old //STATGROUP_Threads//FLauncherTask///Thread_2054_0///////STATCAT_Advanced////
[2014.10.22-17.44.20:135][461]BlueprintLog: New page: Pre-PIE auto-recompile
[2014.10.22-17.44.20:135][461]LogPlayLevel: [PIE] Compiling One before PIE...
[2014.10.22-17.44.20:203][461]LogPlayLevel: PIE:  Blueprint regeneration took 68 ms (1 blueprints)
[2014.10.22-17.44.20:203][461]PIE: New page: PIE session: One (Oct 22, 2014, 9:44:20 AM)
[2014.10.22-17.44.20:382][461]LogBlueprint:Warning: FMemberReference::ResolveMember (K2_SetActorLocation) bSelfContext == true, but no scope supplied!
[2014.10.22-17.44.20:382][461]LogBlueprint:Warning: FMemberReference::ResolveMember (K2_GetActorLocation) bSelfContext == true, but no scope supplied!
[2014.10.22-17.44.20:382][461]LogBlueprint:Warning: FMemberReference::ResolveMember (K2_SetActorLocation) bSelfContext == true, but no scope supplied!
[2014.10.22-17.44.20:382][461]LogBlueprint:Warning: FMemberReference::ResolveMember (K2_GetActorLocation) bSelfContext == true, but no scope supplied!
[2014.10.22-17.44.20:561][461]LogPlayLevel: PIE: StaticDuplicateObject took: (0.357462s)
[2014.10.22-17.44.20:562][461]LogPlayLevel: PIE: World Init took: (0.000719s)
[2014.10.22-17.44.20:562][461]LogPlayLevel: PIE: Created PIE world by copying editor world from /Game/Maps/GameLevels/One.One to /Game/Maps/GameLevels/UEDPIE_0_One.One (0.358393s)
[2014.10.22-17.44.20:562][461]LogWorld: Game class is 'MyGame_C'
[2014.10.22-17.44.20:658][461]LogWorld: Bringing World /Game/Maps/GameLevels/UEDPIE_0_One.One up for play (max tick rate 0) at 2014.10.22-13.44.20
[2014.10.22-17.44.20:667][461]LogWorld: Bringing up level for play took: 0.075281
[2014.10.22-17.44.20:667][461]LogPlayerController: Spawned spectator SpectatorPawn_4 [server:1]
[2014.10.22-17.44.20:667][461]LogGameMode: RestartPlayer 260
[2014.10.22-17.44.20:669][461]LogPlayerController: ClientRestart_Implementation MyCharacter_C_4
[2014.10.22-17.44.20:669][461]LogPlayerController: ServerAcknowledgePossession_Implementation MyCharacter_C_4
[2014.10.22-17.44.20:671][461]PIE: Info Play in editor start time for /Game/Maps/GameLevels/UEDPIE_0_One -0.216
[2014.10.22-17.44.32:662][ 13]LogParticles: Destroying 0 GPU particle simulations for FXSystem 0x000000000CB27880
[2014.10.22-17.44.39:639][198]BlueprintLog: New page: Pre-PIE auto-recompile
[2014.10.22-17.44.39:640][198]LogPlayLevel: [PIE] Compiling One before PIE...
[2014.10.22-17.44.39:708][198]LogPlayLevel: PIE:  Blueprint regeneration took 68 ms (1 blueprints)
[2014.10.22-17.44.39:708][198]PIE: New page: PIE session: One (Oct 22, 2014, 9:44:39 AM)
[2014.10.22-17.44.39:887][198]LogBlueprint:Warning: FMemberReference::ResolveMember (K2_SetActorLocation) bSelfContext == true, but no scope supplied!
[2014.10.22-17.44.39:887][198]LogBlueprint:Warning: FMemberReference::ResolveMember (K2_GetActorLocation) bSelfContext == true, but no scope supplied!
[2014.10.22-17.44.39:887][198]LogBlueprint:Warning: FMemberReference::ResolveMember (K2_SetActorLocation) bSelfContext == true, but no scope supplied!
[2014.10.22-17.44.39:887][198]LogBlueprint:Warning: FMemberReference::ResolveMember (K2_GetActorLocation) bSelfContext == true, but no scope supplied!
[2014.10.22-17.44.40:067][198]LogPlayLevel: PIE: StaticDuplicateObject took: (0.358913s)
[2014.10.22-17.44.40:068][198]LogPlayLevel: PIE: World Init took: (0.000744s)
[2014.10.22-17.44.40:068][198]LogPlayLevel: PIE: Created PIE world by copying editor world from /Game/Maps/GameLevels/One.One to /Game/Maps/GameLevels/UEDPIE_0_One.One (0.359883s)
[2014.10.22-17.44.40:069][198]LogWorld: Game class is 'MyGame_C'
[2014.10.22-17.44.40:161][198]LogWorld: Bringing World /Game/Maps/GameLevels/UEDPIE_0_One.One up for play (max tick rate 0) at 2014.10.22-13.44.40
[2014.10.22-17.44.40:169][198]LogWorld: Bringing up level for play took: 0.073941
[2014.10.22-17.44.40:170][198]LogPlayerController: Spawned spectator SpectatorPawn_5 [server:1]
[2014.10.22-17.44.40:170][198]LogGameMode: RestartPlayer 261
[2014.10.22-17.44.40:171][198]LogPlayerController: ClientRestart_Implementation MyCharacter_C_5
[2014.10.22-17.44.40:171][198]LogPlayerController: ServerAcknowledgePossession_Implementation MyCharacter_C_5
[2014.10.22-17.44.40:174][198]PIE: Info Play in editor start time for /Game/Maps/GameLevels/UEDPIE_0_One 1.286
[2014.10.22-17.44.47:694][539]LogParticles: Destroying 0 GPU particle simulations for FXSystem 0x0000000026BFCF40
[2014.10.22-17.45.09:208][124]LogEditorViewport: Clicking on Actor (LMB): Landscape (Landscape1)
[2014.10.22-17.45.24:851][362]LogInstancedFoliage: Map Rebuilt - Update all BSP painted foliage!
[2014.10.22-17.45.25:626][363]Cmd: UpdateLandscapeEditorData
[2014.10.22-17.45.27:638][413]Cmd: DELETE
[2014.10.22-17.45.27:638][413]Cmd: ACTOR DELETE
[2014.10.22-17.45.27:646][413]LogEditorActor: Deleted Actor: Brush
[2014.10.22-17.45.27:653][413]LogEditorActor: Deleted Actor: Brush
[2014.10.22-17.45.27:660][413]LogEditorActor: Deleted Actor: Brush
[2014.10.22-17.45.27:667][413]LogEditorActor: Deleted Actor: Brush
[2014.10.22-17.45.36:441][413]LogEditorActor: Deleted 4 Actors (8.802 secs)
[2014.10.22-17.45.42:261][413]LogInstancedFoliage: Map Rebuilt - Update all BSP painted foliage!
[2014.10.22-17.45.42:753][414]Cmd: UpdateLandscapeEditorData
[2014.10.22-17.46.03:278][981]LogEditorViewport: Clicking on Actor (LMB): StaticMeshActor (Model_Pillar_9)
[2014.10.22-17.46.04:350][ 12]Cmd: DELETE
[2014.10.22-17.46.04:350][ 12]Cmd: ACTOR DELETE
[2014.10.22-17.46.04:358][ 12]LogEditorActor: Deleted Actor: StaticMeshActor
[2014.10.22-17.46.04:388][ 12]LogEditorActor: Deleted 1 Actors (0.037 secs)
[2014.10.22-17.46.06:349][ 67]LogEditorViewport: Clicking on Actor (LMB): StaticMeshActor (Model_SkySphere)
[2014.10.22-17.46.06:763][ 77]LogEditorViewport: Clicking on Actor (LMB): StaticMeshActor (Model_Pillar_10)
[2014.10.22-17.46.07:662][104]Cmd: DELETE
[2014.10.22-17.46.07:662][104]Cmd: ACTOR DELETE
[2014.10.22-17.46.07:670][104]LogEditorActor: Deleted Actor: StaticMeshActor
[2014.10.22-17.46.07:695][104]LogEditorActor: Deleted 1 Actors (0.033 secs)
[2014.10.22-17.46.27:573][704]LogEditorViewport: Clicking on Actor (CTRL LMB): Landscape (Landscape1)
[2014.10.22-17.46.29:028][742]LogEditorViewport: Clicking on Actor (CTRL LMB): Landscape (Landscape1)
[2014.10.22-17.46.53:145][575]LogEditorViewport: Clicking on Actor (CTRL LMB): Landscape (Landscape1)
[2014.10.22-17.47.01:731][795]LogEditorViewport: Clicking on Actor (CTRL LMB): Landscape (Landscape1)
[2014.10.22-17.47.02:356][812]LogEditorViewport: Clicking on Actor (CTRL LMB): Landscape (Landscape1)
[2014.10.22-17.47.03:017][830]LogEditorViewport: Clicking on Actor (CTRL LMB): Landscape (Landscape1)
[2014.10.22-17.48.06:663][661]Cmd: UpdateLandscapeHoleCollision
[2014.10.22-17.51.02:112][450]LogEditorViewport: Clicking on Actor (CTRL LMB): Landscape (Landscape1)
[2014.10.22-17.51.02:491][459]LogEditorViewport: Clicking on Actor (CTRL LMB): Landscape (Landscape1)
[2014.10.22-17.51.23:285][250]BlueprintLog: New page: Pre-PIE auto-recompile
[2014.10.22-17.51.23:285][250]LogPlayLevel: [PIE] Compiling One before PIE...
[2014.10.22-17.51.23:366][250]LogPlayLevel: PIE:  Blueprint regeneration took 80 ms (1 blueprints)
[2014.10.22-17.51.23:366][250]PIE: New page: PIE session: One (Oct 22, 2014, 9:51:23 AM)
[2014.10.22-17.51.23:543][250]LogBlueprint:Warning: FMemberReference::ResolveMember (K2_SetActorLocation) bSelfContext == true, but no scope supplied!
[2014.10.22-17.51.23:543][250]LogBlueprint:Warning: FMemberReference::ResolveMember (K2_GetActorLocation) bSelfContext == true, but no scope supplied!
[2014.10.22-17.51.23:543][250]LogBlueprint:Warning: FMemberReference::ResolveMember (K2_SetActorLocation) bSelfContext == true, but no scope supplied!
[2014.10.22-17.51.23:543][250]LogBlueprint:Warning: FMemberReference::ResolveMember (K2_GetActorLocation) bSelfContext == true, but no scope supplied!
[2014.10.22-17.51.23:707][250]LogPlayLevel: PIE: StaticDuplicateObject took: (0.341010s)
[2014.10.22-17.51.23:708][250]LogPlayLevel: PIE: World Init took: (0.000836s)
[2014.10.22-17.51.23:708][250]LogPlayLevel: PIE: Created PIE world by copying editor world from /Game/Maps/GameLevels/One.One to /Game/Maps/GameLevels/UEDPIE_0_One.One (0.342059s)
[2014.10.22-17.51.23:709][250]LogWorld: Game class is 'MyGame_C'
[2014.10.22-17.51.23:799][250]LogWorld: Bringing World /Game/Maps/GameLevels/UEDPIE_0_One.One up for play (max tick rate 0) at 2014.10.22-13.51.23
[2014.10.22-17.51.23:809][250]LogWorld: Bringing up level for play took: 0.073148
[2014.10.22-17.51.23:810][250]LogPlayerController: Spawned spectator SpectatorPawn_6 [server:1]
[2014.10.22-17.51.23:810][250]LogGameMode: RestartPlayer 262
[2014.10.22-17.51.23:811][250]LogPlayerController: ClientRestart_Implementation MyCharacter_C_6
[2014.10.22-17.51.23:811][250]LogPlayerController: ServerAcknowledgePossession_Implementation MyCharacter_C_6
[2014.10.22-17.51.23:814][250]PIE: Info Play in editor start time for /Game/Maps/GameLevels/UEDPIE_0_One 0.92
[2014.10.22-17.51.26:555][339]LogParticles: Destroying 0 GPU particle simulations for FXSystem 0x000000001B9174C0
[2014.10.22-17.52.08:705][724]LogTexture:Display: Building textures: Texture2D_20 (BGRA8)
[2014.10.22-17.52.08:726][724]LogTexture:Display: Building textures: Texture2D_21 (BGRA8)
[2014.10.22-17.52.08:747][724]LogTexture:Display: Building textures: Texture2D_22 (BGRA8)
[2014.10.22-17.52.08:764][724]LogTexture:Display: Building textures: Texture2D_23 (BGRA8)
[2014.10.22-17.52.08:782][724]LogTexture:Display: Building textures: Texture2D_24 (BGRA8)
[2014.10.22-17.52.08:805][724]LogTexture:Display: Building textures: Texture2D_25 (BGRA8)
[2014.10.22-17.52.08:823][724]LogTexture:Display: Building textures: Texture2D_26 (BGRA8)
[2014.10.22-17.52.08:841][724]LogTexture:Display: Building textures: Texture2D_27 (BGRA8)
[2014.10.22-17.52.08:860][724]LogTexture:Display: Building textures: Texture2D_29 (BGRA8)
[2014.10.22-17.52.08:879][724]LogTexture:Display: Building textures: Texture2D_30 (BGRA8)
[2014.10.22-17.52.08:899][724]LogTexture:Display: Building textures: Texture2D_31 (BGRA8)
[2014.10.22-17.52.08:916][724]LogTexture:Display: Building textures: Texture2D_33 (BGRA8)
[2014.10.22-17.52.09:804][724]LogSavePackage: Save=1143.211792ms
[2014.10.22-17.52.09:804][724]LogSavePackage: Moving '../../../../../../Users/Zeetermin/Documents/2014 Fall/SpaceVines/Space_Vines/Link-Object_prototype_withboxes/Saved/One_Auto37BBF7EA943FE566FDA06C2855585A6A9.tmp' to '../../../../../../Users/Zeetermin/Documents/2014 Fall/SpaceVines/Space_Vines/Link-Object_prototype_withboxes/Saved/Autosaves/Game/Maps/GameLevels/One_Auto3.umap'
[2014.10.22-17.52.09:814][724]LogFileHelpers: Editor autosave (incl. sublevels) for '/Game/Maps/GameLevels/One' took 1.265
[2014.10.22-17.52.09:814][724]LogFileHelpers: Editor autosave (incl. sublevels) for all levels took 1.265
[2014.10.22-17.52.22:402][ 52]BlueprintLog: New page: Pre-PIE auto-recompile
[2014.10.22-17.52.22:402][ 52]LogPlayLevel: [PIE] Compiling One before PIE...
[2014.10.22-17.52.22:469][ 52]LogPlayLevel: PIE:  Blueprint regeneration took 67 ms (1 blueprints)
[2014.10.22-17.52.22:470][ 52]PIE: New page: PIE session: One (Oct 22, 2014, 9:52:22 AM)
[2014.10.22-17.52.22:647][ 52]LogBlueprint:Warning: FMemberReference::ResolveMember (K2_SetActorLocation) bSelfContext == true, but no scope supplied!
[2014.10.22-17.52.22:647][ 52]LogBlueprint:Warning: FMemberReference::ResolveMember (K2_GetActorLocation) bSelfContext == true, but no scope supplied!
[2014.10.22-17.52.22:647][ 52]LogBlueprint:Warning: FMemberReference::ResolveMember (K2_SetActorLocation) bSelfContext == true, but no scope supplied!
[2014.10.22-17.52.22:647][ 52]LogBlueprint:Warning: FMemberReference::ResolveMember (K2_GetActorLocation) bSelfContext == true, but no scope supplied!
[2014.10.22-17.52.22:809][ 52]LogPlayLevel: PIE: StaticDuplicateObject took: (0.338840s)
[2014.10.22-17.52.22:809][ 52]LogPlayLevel: PIE: World Init took: (0.000765s)
[2014.10.22-17.52.22:809][ 52]LogPlayLevel: PIE: Created PIE world by copying editor world from /Game/Maps/GameLevels/One.One to /Game/Maps/GameLevels/UEDPIE_0_One.One (0.339810s)
[2014.10.22-17.52.22:810][ 52]LogWorld: Game class is 'MyGame_C'
[2014.10.22-17.52.22:905][ 52]LogWorld: Bringing World /Game/Maps/GameLevels/UEDPIE_0_One.One up for play (max tick rate 0) at 2014.10.22-13.52.22
[2014.10.22-17.52.22:916][ 52]LogWorld: Bringing up level for play took: 0.076009
[2014.10.22-17.52.22:916][ 52]LogPlayerController: Spawned spectator SpectatorPawn_7 [server:1]
[2014.10.22-17.52.22:916][ 52]LogGameMode: RestartPlayer 263
[2014.10.22-17.52.22:918][ 52]LogPlayerController: ClientRestart_Implementation MyCharacter_C_7
[2014.10.22-17.52.22:918][ 52]LogPlayerController: ServerAcknowledgePossession_Implementation MyCharacter_C_7
[2014.10.22-17.52.22:920][ 52]PIE: Info Play in editor start time for /Game/Maps/GameLevels/UEDPIE_0_One 0.024
[2014.10.22-17.52.34:126][880]LogParticles: Destroying 0 GPU particle simulations for FXSystem 0x0000000039556E80
[2014.10.22-17.52.49:383][304]BlueprintLog: New page: Pre-PIE auto-recompile
[2014.10.22-17.52.49:383][304]LogPlayLevel: [PIE] Compiling One before PIE...
[2014.10.22-17.52.49:452][304]LogPlayLevel: PIE:  Blueprint regeneration took 69 ms (1 blueprints)
[2014.10.22-17.52.49:452][304]PIE: New page: PIE session: One (Oct 22, 2014, 9:52:49 AM)
[2014.10.22-17.52.49:626][304]LogBlueprint:Warning: FMemberReference::ResolveMember (K2_SetActorLocation) bSelfContext == true, but no scope supplied!
[2014.10.22-17.52.49:626][304]LogBlueprint:Warning: FMemberReference::ResolveMember (K2_GetActorLocation) bSelfContext == true, but no scope supplied!
[2014.10.22-17.52.49:626][304]LogBlueprint:Warning: FMemberReference::ResolveMember (K2_SetActorLocation) bSelfContext == true, but no scope supplied!
[2014.10.22-17.52.49:626][304]LogBlueprint:Warning: FMemberReference::ResolveMember (K2_GetActorLocation) bSelfContext == true, but no scope supplied!
[2014.10.22-17.52.49:789][304]LogPlayLevel: PIE: StaticDuplicateObject took: (0.336319s)
[2014.10.22-17.52.49:789][304]LogPlayLevel: PIE: World Init took: (0.000748s)
[2014.10.22-17.52.49:790][304]LogPlayLevel: PIE: Created PIE world by copying editor world from /Game/Maps/GameLevels/One.One to /Game/Maps/GameLevels/UEDPIE_0_One.One (0.337273s)
[2014.10.22-17.52.49:790][304]LogWorld: Game class is 'MyGame_C'
[2014.10.22-17.52.49:882][304]LogWorld: Bringing World /Game/Maps/GameLevels/UEDPIE_0_One.One up for play (max tick rate 0) at 2014.10.22-13.52.49
[2014.10.22-17.52.49:893][304]LogWorld: Bringing up level for play took: 0.075194
[2014.10.22-17.52.49:893][304]LogPlayerController: Spawned spectator SpectatorPawn_8 [server:1]
[2014.10.22-17.52.49:893][304]LogGameMode: RestartPlayer 264
[2014.10.22-17.52.49:895][304]LogPlayerController: ClientRestart_Implementation MyCharacter_C_8
[2014.10.22-17.52.49:895][304]LogPlayerController: ServerAcknowledgePossession_Implementation MyCharacter_C_8
[2014.10.22-17.52.49:897][304]PIE: Info Play in editor start time for /Game/Maps/GameLevels/UEDPIE_0_One 1.001
[2014.10.22-17.53.22:678][895]LogParticles: Destroying 0 GPU particle simulations for FXSystem 0x000000004606CEA0
[2014.10.22-17.53.39:352][345]LogEditorViewport: Clicking on Actor (LMB): Landscape (Landscape1)
[2014.10.22-17.54.22:882][517]LogEditorViewport: Clicking on Actor (CTRL LMB): Landscape (Landscape1)
[2014.10.22-17.54.32:719][762]LogEpicStorage:Warning: ReadFile request failed. File request already pending for filename=http://cdn.unrealengine.com/newsfeed/blueprint_icon_b.png
[2014.10.22-17.54.32:720][762]LogEpicStorage:Warning: ReadFile request failed. File request already pending for filename=http://cdn.unrealengine.com/newsfeed/blueprint_icon_b.png
[2014.10.22-17.54.33:828][790]LogEditorViewport: Clicking on Actor (CTRL LMB): Landscape (Landscape1)
[2014.10.22-17.54.35:231][825]LogEditorViewport: Clicking on Actor (CTRL LMB): Landscape (Landscape1)
[2014.10.22-17.54.38:162][899]LogEditorViewport: Clicking on Actor (CTRL LMB): Landscape (Landscape1)
[2014.10.22-17.54.38:730][913]LogEditorViewport: Clicking on Actor (CTRL LMB): Landscape (Landscape1)
[2014.10.22-17.54.58:753][426]LogEditorViewport: Clicking on Actor (CTRL LMB): Landscape (Landscape1)
[2014.10.22-17.55.11:013][725]LogEditorViewport: Clicking on Actor (CTRL LMB): Landscape (Landscape1)
[2014.10.22-17.55.19:981][951]LogEditorViewport: Clicking on Actor (CTRL LMB): Landscape (Landscape1)
[2014.10.22-17.55.28:396][157]LogEditorViewport: Clicking on Actor (CTRL LMB): Landscape (Landscape1)
[2014.10.22-17.55.43:356][532]LogEditorViewport: Clicking on Actor (CTRL LMB): Landscape (Landscape1)
[2014.10.22-17.55.55:696][833]LogEditorViewport: Clicking on Actor (CTRL LMB): Landscape (Landscape1)
[2014.10.22-17.55.56:057][840]LogEditorViewport: Clicking on Actor (CTRL LMB): Landscape (Landscape1)
[2014.10.22-17.56.03:082][ 16]LogEditorViewport: Clicking on Actor (CTRL LMB): Landscape (Landscape1)
[2014.10.22-17.56.26:467][823]LogEditorViewport: Clicking on Actor (CTRL LMB): Landscape (Landscape1)
[2014.10.22-17.56.27:130][839]LogEditorViewport: Clicking on Actor (CTRL LMB): Landscape (Landscape1)
[2014.10.22-17.56.27:998][860]LogEditorViewport: Clicking on Actor (CTRL LMB): Landscape (Landscape1)
[2014.10.22-17.57.10:483][  7]Cmd: TRANSACTION UNDO
[2014.10.22-17.57.10:483][  7]LogEditorTransaction: Undo Landscape Editing: Flatten
[2014.10.22-17.57.10:591][  7]LogTexture:Display: Building textures: Texture2D_29 (BGRA8)
[2014.10.22-17.58.02:918][377]BlueprintLog: New page: Pre-PIE auto-recompile
[2014.10.22-17.58.02:918][377]LogPlayLevel: [PIE] Compiling One before PIE...
[2014.10.22-17.58.02:988][377]LogPlayLevel: PIE:  Blueprint regeneration took 70 ms (1 blueprints)
[2014.10.22-17.58.02:988][377]PIE: New page: PIE session: One (Oct 22, 2014, 9:58:02 AM)
[2014.10.22-17.58.03:165][377]LogBlueprint:Warning: FMemberReference::ResolveMember (K2_SetActorLocation) bSelfContext == true, but no scope supplied!
[2014.10.22-17.58.03:165][377]LogBlueprint:Warning: FMemberReference::ResolveMember (K2_GetActorLocation) bSelfContext == true, but no scope supplied!
[2014.10.22-17.58.03:165][377]LogBlueprint:Warning: FMemberReference::ResolveMember (K2_SetActorLocation) bSelfContext == true, but no scope supplied!
[2014.10.22-17.58.03:165][377]LogBlueprint:Warning: FMemberReference::ResolveMember (K2_GetActorLocation) bSelfContext == true, but no scope supplied!
[2014.10.22-17.58.03:329][377]LogPlayLevel: PIE: StaticDuplicateObject took: (0.340822s)
[2014.10.22-17.58.03:330][377]LogPlayLevel: PIE: World Init took: (0.000801s)
[2014.10.22-17.58.03:330][377]LogPlayLevel: PIE: Created PIE world by copying editor world from /Game/Maps/GameLevels/One.One to /Game/Maps/GameLevels/UEDPIE_0_One.One (0.341833s)
[2014.10.22-17.58.03:330][377]LogWorld: Game class is 'MyGame_C'
[2014.10.22-17.58.03:421][377]LogWorld: Bringing World /Game/Maps/GameLevels/UEDPIE_0_One.One up for play (max tick rate 0) at 2014.10.22-13.58.03
[2014.10.22-17.58.03:432][377]LogWorld: Bringing up level for play took: 0.076752
[2014.10.22-17.58.03:433][377]LogPlayerController: Spawned spectator SpectatorPawn_9 [server:1]
[2014.10.22-17.58.03:433][377]LogGameMode: RestartPlayer 265
[2014.10.22-17.58.03:434][377]LogPlayerController: ClientRestart_Implementation MyCharacter_C_9
[2014.10.22-17.58.03:434][377]LogPlayerController: ServerAcknowledgePossession_Implementation MyCharacter_C_9
[2014.10.22-17.58.03:437][377]PIE: Info Play in editor start time for /Game/Maps/GameLevels/UEDPIE_0_One 0.534
[2014.10.22-17.58.12:844][767]LogParticles: Destroying 0 GPU particle simulations for FXSystem 0x0000000019071760
[2014.10.22-17.58.30:076][308]LogEditorViewport: Clicking on Actor (CTRL LMB): Landscape (Landscape1)
[2014.10.22-17.58.50:486][857]Cmd: TRANSACTION UNDO
[2014.10.22-17.58.50:486][857]LogEditorTransaction: Undo Landscape Editing: Smooth
[2014.10.22-17.58.50:549][857]LogTexture:Display: Building textures: Texture2D_29 (BGRA8)
[2014.10.22-17.59.01:643][196]Cmd: TRANSACTION UNDO
[2014.10.22-17.59.01:643][196]LogEditorTransaction: Undo Landscape Editing: Smooth
[2014.10.22-17.59.42:825][151]LogEditorViewport: Clicking on Actor (LMB): Landscape (Landscape1)
[2014.10.22-17.59.43:819][175]LogEditorViewport: Clicking on Actor (LMB): Landscape (Landscape1)
[2014.10.22-17.59.46:472][240]LogEditorViewport: Clicking on Actor (LMB): Landscape (Landscape1)
[2014.10.22-17.59.49:839][322]LogEditorViewport: Clicking on Actor (LMB): Landscape (Landscape1)
[2014.10.22-17.59.55:566][471]LogEditorViewport: Clicking on Actor (LMB): Landscape (Landscape1)
[2014.10.22-17.59.56:364][491]LogEditorViewport: Clicking on Actor (LMB): Landscape (Landscape1)
[2014.10.22-17.59.58:438][538]LogEditorViewport: Clicking on Actor (LMB): Landscape (Landscape1)
[2014.10.22-18.00.02:409][636]LogEditorViewport: Clicking on Actor (LMB): Landscape (Landscape1)
[2014.10.22-18.00.02:961][649]LogEditorViewport: Clicking on Actor (LMB): Landscape (Landscape1)
[2014.10.22-18.00.03:132][651]LogEditorViewport: Clicking on Actor (double click): Landscape (Landscape1)
[2014.10.22-18.00.03:284][654]LogEditorViewport: Clicking on Actor (LMB): Landscape (Landscape1)
[2014.10.22-18.00.10:846][841]LogEditorViewport: Clicking on Actor (CTRL LMB): Landscape (Landscape1)
[2014.10.22-18.00.12:163][874]LogEditorViewport: Clicking on Actor (CTRL LMB): Landscape (Landscape1)
[2014.10.22-18.00.13:573][909]LogEditorViewport: Clicking on Actor (CTRL LMB): Landscape (Landscape1)
[2014.10.22-18.00.19:502][ 54]Cmd: UpdateLandscapeHoleCollision
[2014.10.22-18.00.27:728][272]LogNavigationPoint: PostEditMove Clear paths rebuilt
[2014.10.22-18.00.28:480][291]BlueprintLog: New page: Pre-PIE auto-recompile
[2014.10.22-18.00.28:480][291]LogPlayLevel: [PIE] Compiling One before PIE...
[2014.10.22-18.00.28:553][291]LogPlayLevel: PIE:  Blueprint regeneration took 72 ms (1 blueprints)
[2014.10.22-18.00.28:553][291]PIE: New page: PIE session: One (Oct 22, 2014, 10:00:28 AM)
[2014.10.22-18.00.28:732][291]LogBlueprint:Warning: FMemberReference::ResolveMember (K2_SetActorLocation) bSelfContext == true, but no scope supplied!
[2014.10.22-18.00.28:732][291]LogBlueprint:Warning: FMemberReference::ResolveMember (K2_GetActorLocation) bSelfContext == true, but no scope supplied!
[2014.10.22-18.00.28:732][291]LogBlueprint:Warning: FMemberReference::ResolveMember (K2_SetActorLocation) bSelfContext == true, but no scope supplied!
[2014.10.22-18.00.28:732][291]LogBlueprint:Warning: FMemberReference::ResolveMember (K2_GetActorLocation) bSelfContext == true, but no scope supplied!
[2014.10.22-18.00.28:895][291]LogPlayLevel: PIE: StaticDuplicateObject took: (0.342264s)
[2014.10.22-18.00.28:896][291]LogPlayLevel: PIE: World Init took: (0.000787s)
[2014.10.22-18.00.28:896][291]LogPlayLevel: PIE: Created PIE world by copying editor world from /Game/Maps/GameLevels/One.One to /Game/Maps/GameLevels/UEDPIE_0_One.One (0.343265s)
[2014.10.22-18.00.28:897][291]LogWorld: Game class is 'MyGame_C'
[2014.10.22-18.00.28:988][291]LogWorld: Bringing World /Game/Maps/GameLevels/UEDPIE_0_One.One up for play (max tick rate 0) at 2014.10.22-14.00.28
[2014.10.22-18.00.29:000][291]LogWorld: Bringing up level for play took: 0.077839
[2014.10.22-18.00.29:000][291]LogPlayerController: Spawned spectator SpectatorPawn_10 [server:1]
[2014.10.22-18.00.29:000][291]LogGameMode: RestartPlayer 266
[2014.10.22-18.00.29:002][291]LogPlayerController: ClientRestart_Implementation MyCharacter_C_10
[2014.10.22-18.00.29:002][291]LogPlayerController: ServerAcknowledgePossession_Implementation MyCharacter_C_10
[2014.10.22-18.00.29:005][291]PIE: Info Play in editor start time for /Game/Maps/GameLevels/UEDPIE_0_One 0.099
[2014.10.22-18.01.04:309][868]LogParticles: Destroying 0 GPU particle simulations for FXSystem 0x000000004683A660
[2014.10.22-18.01.25:071][453]LogEditorViewport: Clicking on Actor (CTRL LMB): Landscape (Landscape1)
[2014.10.22-18.01.25:657][467]LogEditorViewport: Clicking on Actor (CTRL LMB): Landscape (Landscape1)
[2014.10.22-18.01.26:559][489]LogEditorViewport: Clicking on Actor (CTRL LMB): Landscape (Landscape1)
[2014.10.22-18.01.29:620][565]LogEditorViewport: Clicking on Actor (CTRL LMB): Landscape (Landscape1)
[2014.10.22-18.01.30:167][578]LogEditorViewport: Clicking on Actor (CTRL LMB): Landscape (Landscape1)
[2014.10.22-18.01.30:917][596]LogEditorViewport: Clicking on Actor (CTRL LMB): Landscape (Landscape1)
[2014.10.22-18.01.31:267][604]LogEditorViewport: Clicking on Actor (CTRL LMB): Landscape (Landscape1)
[2014.10.22-18.01.32:222][627]LogEditorViewport: Clicking on Actor (CTRL LMB): Landscape (Landscape1)
[2014.10.22-18.01.33:574][660]LogEditorViewport: Clicking on Actor (CTRL LMB): Landscape (Landscape1)
[2014.10.22-18.01.35:882][717]LogEditorViewport: Clicking on Actor (CTRL LMB): Landscape (Landscape1)
[2014.10.22-18.01.41:694][859]LogEditorViewport: Clicking on Actor (CTRL LMB): Landscape (Landscape1)
[2014.10.22-18.01.42:363][875]LogEditorViewport: Clicking on Actor (CTRL LMB): Landscape (Landscape1)
[2014.10.22-18.01.43:085][892]LogEditorViewport: Clicking on Actor (CTRL LMB): Landscape (Landscape1)
[2014.10.22-18.01.43:824][909]LogEditorViewport: Clicking on Actor (CTRL LMB): Landscape (Landscape1)
[2014.10.22-18.01.46:673][978]LogEditorViewport: Clicking on Actor (CTRL LMB): Landscape (Landscape1)
[2014.10.22-18.01.47:261][992]LogEditorViewport: Clicking on Actor (CTRL LMB): Landscape (Landscape1)
[2014.10.22-18.01.54:837][175]BlueprintLog: New page: Pre-PIE auto-recompile
[2014.10.22-18.01.54:837][175]LogPlayLevel: [PIE] Compiling One before PIE...
[2014.10.22-18.01.54:908][175]LogPlayLevel: PIE:  Blueprint regeneration took 69 ms (1 blueprints)
[2014.10.22-18.01.54:908][175]PIE: New page: PIE session: One (Oct 22, 2014, 10:01:54 AM)
[2014.10.22-18.01.55:092][175]LogBlueprint:Warning: FMemberReference::ResolveMember (K2_SetActorLocation) bSelfContext == true, but no scope supplied!
[2014.10.22-18.01.55:092][175]LogBlueprint:Warning: FMemberReference::ResolveMember (K2_GetActorLocation) bSelfContext == true, but no scope supplied!
[2014.10.22-18.01.55:092][175]LogBlueprint:Warning: FMemberReference::ResolveMember (K2_SetActorLocation) bSelfContext == true, but no scope supplied!
[2014.10.22-18.01.55:092][175]LogBlueprint:Warning: FMemberReference::ResolveMember (K2_GetActorLocation) bSelfContext == true, but no scope supplied!
[2014.10.22-18.01.55:255][175]LogPlayLevel: PIE: StaticDuplicateObject took: (0.347439s)
[2014.10.22-18.01.55:256][175]LogPlayLevel: PIE: World Init took: (0.000784s)
[2014.10.22-18.01.55:256][175]LogPlayLevel: PIE: Created PIE world by copying editor world from /Game/Maps/GameLevels/One.One to /Game/Maps/GameLevels/UEDPIE_0_One.One (0.348426s)
[2014.10.22-18.01.55:257][175]LogWorld: Game class is 'MyGame_C'
[2014.10.22-18.01.55:345][175]LogWorld: Bringing World /Game/Maps/GameLevels/UEDPIE_0_One.One up for play (max tick rate 0) at 2014.10.22-14.01.55
[2014.10.22-18.01.55:355][175]LogWorld: Bringing up level for play took: 0.073829
[2014.10.22-18.01.55:356][175]LogPlayerController: Spawned spectator SpectatorPawn_11 [server:1]
[2014.10.22-18.01.55:356][175]LogGameMode: RestartPlayer 267
[2014.10.22-18.01.55:357][175]LogPlayerController: ClientRestart_Implementation MyCharacter_C_11
[2014.10.22-18.01.55:357][175]LogPlayerController: ServerAcknowledgePossession_Implementation MyCharacter_C_11
[2014.10.22-18.01.55:360][175]PIE: Info Play in editor start time for /Game/Maps/GameLevels/UEDPIE_0_One 0.453
[2014.10.22-18.02.23:160][447]LogParticles: Destroying 0 GPU particle simulations for FXSystem 0x0000000039DCB9C0
[2014.10.22-18.03.07:787][797]Cmd: UpdateLandscapeHoleCollision
[2014.10.22-18.04.00:150][207]LogEditorViewport: Clicking on Actor (CTRL LMB): Landscape (Landscape1)
[2014.10.22-18.04.00:488][215]LogEditorViewport: Clicking on Actor (CTRL LMB): Landscape (Landscape1)
[2014.10.22-18.04.00:835][223]LogEditorViewport: Clicking on Actor (CTRL LMB): Landscape (Landscape1)
[2014.10.22-18.04.01:185][231]LogEditorViewport: Clicking on Actor (CTRL LMB): Landscape (Landscape1)
[2014.10.22-18.04.01:760][245]LogEditorViewport: Clicking on Actor (CTRL LMB): Landscape (Landscape1)
[2014.10.22-18.04.05:220][328]LogEditorViewport: Clicking on Actor (CTRL LMB): Landscape (Landscape1)
[2014.10.22-18.04.05:490][335]LogEditorViewport: Clicking on Actor (CTRL LMB): Landscape (Landscape1)
[2014.10.22-18.04.05:837][343]LogEditorViewport: Clicking on Actor (CTRL LMB): Landscape (Landscape1)
[2014.10.22-18.04.06:186][351]LogEditorViewport: Clicking on Actor (CTRL LMB): Landscape (Landscape1)
[2014.10.22-18.04.06:745][364]LogEditorViewport: Clicking on Actor (CTRL LMB): Landscape (Landscape1)
[2014.10.22-18.04.07:304][378]LogEditorViewport: Clicking on Actor (CTRL LMB): Landscape (Landscape1)
[2014.10.22-18.04.07:867][392]LogEditorViewport: Clicking on Actor (CTRL LMB): Landscape (Landscape1)
[2014.10.22-18.04.08:426][405]LogEditorViewport: Clicking on Actor (CTRL LMB): Landscape (Landscape1)
[2014.10.22-18.04.08:820][414]LogEditorViewport: Clicking on Actor (CTRL LMB): Landscape (Landscape1)
[2014.10.22-18.04.09:181][422]LogEditorViewport: Clicking on Actor (CTRL LMB): Landscape (Landscape1)
[2014.10.22-18.04.09:574][431]LogEditorViewport: Clicking on Actor (CTRL LMB): Landscape (Landscape1)
[2014.10.22-18.04.09:979][441]LogEditorViewport: Clicking on Actor (CTRL LMB): Landscape (Landscape1)
[2014.10.22-18.04.10:408][451]LogEditorViewport: Clicking on Actor (CTRL LMB): Landscape (Landscape1)
[2014.10.22-18.04.10:789][460]LogEditorViewport: Clicking on Actor (CTRL LMB): Landscape (Landscape1)
[2014.10.22-18.04.11:176][469]LogEditorViewport: Clicking on Actor (CTRL LMB): Landscape (Landscape1)
[2014.10.22-18.04.11:564][478]LogEditorViewport: Clicking on Actor (CTRL LMB): Landscape (Landscape1)
[2014.10.22-18.04.15:177][567]LogEditorViewport: Clicking on Actor (CTRL LMB): Landscape (Landscape1)
[2014.10.22-18.04.15:662][580]LogEditorViewport: Clicking on Actor (CTRL LMB): Landscape (Landscape1)
[2014.10.22-18.04.16:011][588]LogEditorViewport: Clicking on Actor (CTRL LMB): Landscape (Landscape1)
[2014.10.22-18.04.16:598][602]LogEditorViewport: Clicking on Actor (CTRL LMB): Landscape (Landscape1)
[2014.10.22-18.04.17:045][608]LogTexture:Display: Building textures: Texture2D_25 (BGRA8)
[2014.10.22-18.04.17:062][608]LogTexture:Display: Building textures: Texture2D_26 (BGRA8)
[2014.10.22-18.04.17:080][608]LogTexture:Display: Building textures: Texture2D_29 (BGRA8)
[2014.10.22-18.04.17:096][608]LogTexture:Display: Building textures: Texture2D_30 (BGRA8)
[2014.10.22-18.04.17:966][608]LogSavePackage: Save=964.051331ms
[2014.10.22-18.04.17:966][608]LogSavePackage: Moving '../../../../../../Users/Zeetermin/Documents/2014 Fall/SpaceVines/Space_Vines/Link-Object_prototype_withboxes/Saved/One_Auto4ABD304184DBFE3985AA6378191DB12D4.tmp' to '../../../../../../Users/Zeetermin/Documents/2014 Fall/SpaceVines/Space_Vines/Link-Object_prototype_withboxes/Saved/Autosaves/Game/Maps/GameLevels/One_Auto4.umap'
[2014.10.22-18.04.17:974][608]LogFileHelpers: Editor autosave (incl. sublevels) for '/Game/Maps/GameLevels/One' took 1.066
[2014.10.22-18.04.17:974][608]LogFileHelpers: Editor autosave (incl. sublevels) for all levels took 1.066
[2014.10.22-18.04.22:677][748]LogEditorViewport: Clicking on Actor (CTRL LMB): Landscape (Landscape1)
[2014.10.22-18.04.24:219][787]LogEditorViewport: Clicking on Actor (CTRL LMB): Landscape (Landscape1)
[2014.10.22-18.04.26:288][839]LogEditorViewport: Clicking on Actor (CTRL LMB): Landscape (Landscape1)
[2014.10.22-18.04.28:722][900]LogEditorViewport: Clicking on Actor (CTRL LMB): Landscape (Landscape1)
[2014.10.22-18.04.29:097][909]LogEditorViewport: Clicking on Actor (CTRL LMB): Landscape (Landscape1)
[2014.10.22-18.04.29:444][917]LogEditorViewport: Clicking on Actor (CTRL LMB): Landscape (Landscape1)
[2014.10.22-18.04.30:345][939]LogEditorViewport: Clicking on Actor (CTRL LMB): Landscape (Landscape1)
[2014.10.22-18.04.31:461][967]LogEditorViewport: Clicking on Actor (CTRL LMB): Landscape (Landscape1)
[2014.10.22-18.04.31:854][976]LogEditorViewport: Clicking on Actor (CTRL LMB): Landscape (Landscape1)
[2014.10.22-18.04.32:218][985]LogEditorViewport: Clicking on Actor (CTRL LMB): Landscape (Landscape1)
[2014.10.22-18.04.32:570][993]LogEditorViewport: Clicking on Actor (CTRL LMB): Landscape (Landscape1)
[2014.10.22-18.04.32:931][  1]LogEditorViewport: Clicking on Actor (CTRL LMB): Landscape (Landscape1)
[2014.10.22-18.04.33:280][  9]LogEditorViewport: Clicking on Actor (CTRL LMB): Landscape (Landscape1)
[2014.10.22-18.04.33:635][ 17]LogEditorViewport: Clicking on Actor (CTRL LMB): Landscape (Landscape1)
[2014.10.22-18.04.33:986][ 25]LogEditorViewport: Clicking on Actor (CTRL LMB): Landscape (Landscape1)
[2014.10.22-18.04.34:374][ 34]LogEditorViewport: Clicking on Actor (CTRL LMB): Landscape (Landscape1)
[2014.10.22-18.04.34:721][ 42]LogEditorViewport: Clicking on Actor (CTRL LMB): Landscape (Landscape1)
[2014.10.22-18.04.40:816][196]LogEditorViewport: Clicking on Actor (CTRL LMB): Landscape (Landscape1)
[2014.10.22-18.04.43:092][254]LogEditorViewport: Clicking on Actor (CTRL LMB): Landscape (Landscape1)
[2014.10.22-18.04.44:799][297]LogEditorViewport: Clicking on Actor (CTRL LMB): Landscape (Landscape1)
[2014.10.22-18.04.45:351][310]LogEditorViewport: Clicking on Actor (CTRL LMB): Landscape (Landscape1)
[2014.10.22-18.04.45:733][319]LogEditorViewport: Clicking on Actor (CTRL LMB): Landscape (Landscape1)
[2014.10.22-18.04.46:858][347]LogEditorViewport: Clicking on Actor (CTRL LMB): Landscape (Landscape1)
[2014.10.22-18.04.51:894][477]LogEditorViewport: Clicking on Actor (CTRL LMB): Landscape (Landscape1)
[2014.10.22-18.04.52:708][497]LogEditorViewport: Clicking on Actor (CTRL LMB): Landscape (Landscape1)
[2014.10.22-18.05.20:690][221]Cmd: UpdateLandscapeHoleCollision
[2014.10.22-18.05.31:339][409]LogInstancedFoliage: Map Rebuilt - Update all BSP painted foliage!
[2014.10.22-18.05.31:926][410]Cmd: UpdateLandscapeEditorData
[2014.10.22-18.05.42:217][480]LogInstancedFoliage: Map Rebuilt - Update all BSP painted foliage!
[2014.10.22-18.05.42:828][481]Cmd: UpdateLandscapeEditorData
[2014.10.22-18.05.50:876][569]LogInstancedFoliage: Map Rebuilt - Update all BSP painted foliage!
[2014.10.22-18.05.51:448][570]Cmd: UpdateLandscapeEditorData
[2014.10.22-18.06.20:752][306]LogEditorViewport: Clicking on Actor (LMB): Landscape (Landscape1)
[2014.10.22-18.06.42:047][848]LogEditorViewport: Clicking on Actor (CTRL LMB): Landscape (Landscape1)
[2014.10.22-18.06.44:675][916]LogEditorViewport: Clicking on Actor (CTRL LMB): Landscape (Landscape1)
[2014.10.22-18.06.47:312][984]LogEditorViewport: Clicking on Actor (CTRL LMB): Landscape (Landscape1)
[2014.10.22-18.06.51:808][ 96]LogEditorViewport: Clicking on Actor (CTRL LMB): Landscape (Landscape1)
[2014.10.22-18.06.53:019][126]LogEditorViewport: Clicking on Actor (CTRL LMB): Landscape (Landscape1)
[2014.10.22-18.07.12:103][603]LogEditorViewport: Clicking on Actor (CTRL LMB): Landscape (Landscape1)
[2014.10.22-18.07.13:097][630]LogEditorViewport: Clicking on Actor (CTRL LMB): Landscape (Landscape1)
[2014.10.22-18.07.51:477][  5]LogEditorViewport: Clicking on Actor (CTRL LMB): Landscape (Landscape1)
[2014.10.22-18.08.16:532][984]Cmd: UpdateLandscapeHoleCollision
[2014.10.22-18.08.21:484][113]Cmd: TRANSACTION UNDO
[2014.10.22-18.08.21:484][113]LogEditorTransaction: Undo Landscape Editing: Add ramp
[2014.10.22-18.08.21:573][113]LogTexture:Display: Building textures: Texture2D_26 (BGRA8)
[2014.10.22-18.08.36:102][687]LogEditorViewport: Clicking on Actor (LMB): Landscape (Landscape1)
[2014.10.22-18.08.38:078][737]LogEditorViewport: Clicking on Actor (CTRL LMB): Landscape (Landscape1)
[2014.10.22-18.08.38:788][755]LogEditorViewport: Clicking on Actor (CTRL LMB): Landscape (Landscape1)
[2014.10.22-18.08.39:875][783]LogEditorViewport: Clicking on Actor (CTRL LMB): Landscape (Landscape1)
[2014.10.22-18.08.40:768][806]LogEditorViewport: Clicking on Actor (CTRL LMB): Landscape (Landscape1)
[2014.10.22-18.08.53:065][126]Cmd: UpdateLandscapeHoleCollision
[2014.10.22-18.09.05:028][235]LogInstancedFoliage: Map Rebuilt - Update all BSP painted foliage!
[2014.10.22-18.09.05:651][236]Cmd: UpdateLandscapeEditorData
[2014.10.22-18.09.35:332][895]LogInstancedFoliage: Map Rebuilt - Update all BSP painted foliage!
[2014.10.22-18.09.35:947][896]Cmd: UpdateLandscapeEditorData
[2014.10.22-18.09.36:200][901]LogEpicStorage:Warning: ReadFile request failed. File request already pending for filename=http://cdn.unrealengine.com/newsfeed/blueprint_icon_b.png
[2014.10.22-18.09.36:202][901]LogEpicStorage:Warning: ReadFile request failed. File request already pending for filename=http://cdn.unrealengine.com/newsfeed/blueprint_icon_b.png
[2014.10.22-18.09.53:177][288]LogInstancedFoliage: Map Rebuilt - Update all BSP painted foliage!
[2014.10.22-18.09.53:763][289]Cmd: UpdateLandscapeEditorData
[2014.10.22-18.09.56:734][362]LogTexture:Display: Building textures: Texture2D_26 (BGRA8)
[2014.10.22-18.09.57:607][362]LogSavePackage: Save=919.346863ms
[2014.10.22-18.09.57:607][362]LogSavePackage: Moving '../../../../../../Users/Zeetermin/Documents/2014 Fall/SpaceVines/Space_Vines/Link-Object_prototype_withboxes/Saved/One46928F624613D126339911BE90BAF2CD.tmp' to '../../../../../../Users/Zeetermin/Documents/2014 Fall/SpaceVines/Space_Vines/Link-Object_prototype_withboxes/Content/Maps/GameLevels/One.umap'
[2014.10.22-18.10.00:965][386]Cmd: QUIT_EDITOR
[2014.10.22-18.10.02:098][386]LogWindowsTextInputMethodSystem:Error: Terminating failed while unadvising the language notification sink from the TSF source.
[2014.10.22-18.10.02:135][386]LogExit: Preparing to exit.
[2014.10.22-18.10.03:761][386]LogActorComponent: UnregisterComponent: (None.None) Not registered. Aborting.
[2014.10.22-18.10.03:761][386]LogActorComponent: UnregisterComponent: (None.None) Not registered. Aborting.
[2014.10.22-18.10.03:761][386]LogActorComponent: UnregisterComponent: (None.None) Not registered. Aborting.
[2014.10.22-18.10.03:761][386]LogActorComponent: UnregisterComponent: (None.None) Not registered. Aborting.
[2014.10.22-18.10.03:761][386]LogActorComponent: UnregisterComponent: (None.None) Not registered. Aborting.
[2014.10.22-18.10.03:761][386]LogActorComponent: UnregisterComponent: (None.None) Not registered. Aborting.
[2014.10.22-18.10.04:205][386]LogExit: Editor shut down
[2014.10.22-18.10.04:205][386]LogExit: Transaction tracking system shut down
[2014.10.22-18.10.04:207][386]LogParticles: Destroying 0 GPU particle simulations for FXSystem 0x000000001B916340
[2014.10.22-18.10.04:208][386]LogParticles: Destroying 0 GPU particle simulations for FXSystem 0x000000000D506CA0
[2014.10.22-18.10.04:208][386]LogParticles: Destroying 0 GPU particle simulations for FXSystem 0x000000001670C680
[2014.10.22-18.10.06:789][386]LogParticles: Destroying 0 GPU particle simulations for FXSystem 0x000000000D105120
[2014.10.22-18.10.06:789][386]LogExit: Object subsystem successfully closed.
[2014.10.22-18.10.09:131][386]LogModuleManager: Shutting down and abandoning module LauncherServices (165)
[2014.10.22-18.10.09:131][386]LogModuleManager: Shutting down and abandoning module AndroidDeviceDetection (164)
[2014.10.22-18.10.09:157][386]LogModuleManager: Shutting down and abandoning module CrashTracker (163)
[2014.10.22-18.10.09:157][386]LogModuleManager: Shutting down and abandoning module HTTP (162)
[2014.10.22-18.10.09:157][386]LogModuleManager: Shutting down and abandoning module NewsFeed (161)
[2014.10.22-18.10.09:177][386]LogModuleManager: Shutting down and abandoning module SceneOutliner (160)
[2014.10.22-18.10.09:177][386]LogModuleManager: Shutting down and abandoning module EditorWidgets (159)
[2014.10.22-18.10.09:177][386]LogModuleManager: Shutting down and abandoning module CollectionManager (158)
[2014.10.22-18.10.09:207][386]LogModuleManager: Shutting down and abandoning module StatsViewer (157)
[2014.10.22-18.10.09:792][386]LogModuleManager: Shutting down and abandoning module FoliageEdit (156)
[2014.10.22-18.10.09:862][386]LogModuleManager: Shutting down and abandoning module LandscapeEditor (155)
[2014.10.22-18.10.09:882][386]LogModuleManager: Shutting down and abandoning module MeshPaint (154)
[2014.10.22-18.10.09:882][386]LogModuleManager: Shutting down and abandoning module ActorPickerMode (153)
[2014.10.22-18.10.09:927][386]LogModuleManager: Shutting down and abandoning module GeometryMode (152)
[2014.10.22-18.10.09:949][386]LogModuleManager: Shutting down and abandoning module TextureAlignMode (151)
[2014.10.22-18.10.09:960][386]LogModuleManager: Shutting down and abandoning module BspMode (150)
[2014.10.22-18.10.09:969][386]LogModuleManager: Shutting down and abandoning module PlacementMode (149)
[2014.10.22-18.10.09:969][386]LogModuleManager: Shutting down and abandoning module AutomationWorker (148)
[2014.10.22-18.10.09:969][386]LogModuleManager: Shutting down and abandoning module ViewportSnapping (147)
[2014.10.22-18.10.09:969][386]LogModuleManager: Shutting down and abandoning module DeviceProfileEditor (146)
[2014.10.22-18.10.09:995][386]LogModuleManager: Shutting down and abandoning module UndoHistory (145)
[2014.10.22-18.10.09:995][386]LogModuleManager: Shutting down and abandoning module GameplayTagsEditor (144)
[2014.10.22-18.10.09:995][386]LogModuleManager: Shutting down and abandoning module UserFeedback (143)
[2014.10.22-18.10.09:995][386]LogModuleManager: Shutting down and abandoning module XmlParser (142)
[2014.10.22-18.10.10:024][386]LogModuleManager: Shutting down and abandoning module Blutility (141)
[2014.10.22-18.10.10:024][386]LogModuleManager: Shutting down and abandoning module AndroidPlatformEditor (138)
[2014.10.22-18.10.10:024][386]LogModuleManager: Shutting down and abandoning module AndroidRuntimeSettings (137)
[2014.10.22-18.10.10:024][386]LogModuleManager: Shutting down and abandoning module ProjectSettingsViewer (136)
[2014.10.22-18.10.10:024][386]LogModuleManager: Shutting down and abandoning module InputBindingEditor (135)
[2014.10.22-18.10.10:034][386]LogModuleManager: Shutting down and abandoning module EditorSettingsViewer (134)
[2014.10.22-18.10.10:034][386]LogModuleManager: Shutting down and abandoning module SettingsEditor (133)
[2014.10.22-18.10.10:041][386]LogModuleManager: Shutting down and abandoning module SessionLauncher (132)
[2014.10.22-18.10.10:080][386]LogModuleManager: Shutting down and abandoning module SessionFrontend (131)
[2014.10.22-18.10.10:111][386]LogModuleManager: Shutting down and abandoning module ProfilerClient (130)
[2014.10.22-18.10.10:111][386]LogModuleManager: Shutting down and abandoning module TargetDeviceServices (129)
[2014.10.22-18.10.10:111][386]LogModuleManager: Shutting down and abandoning module DeviceManager (128)
[2014.10.22-18.10.10:152][386]LogModuleManager: Shutting down and abandoning module AutomationController (127)
[2014.10.22-18.10.10:224][386]LogModuleManager: Shutting down and abandoning module AutomationWindow (126)
[2014.10.22-18.10.10:245][386]LogModuleManager: Shutting down and abandoning module Layers (125)
[2014.10.22-18.10.10:245][386]LogModuleManager: Shutting down and abandoning module ComponentVisualizers (124)
[2014.10.22-18.10.10:245][386]LogModuleManager: Shutting down and abandoning module DetailCustomizations (123)
[2014.10.22-18.10.10:258][386]LogModuleManager: Shutting down and abandoning module PackagesDialog (122)
[2014.10.22-18.10.10:258][386]LogModuleManager: Shutting down and abandoning module PropertyEditor (121)
[2014.10.22-18.10.10:258][386]LogModuleManager: Shutting down and abandoning module DirectoryWatcher (120)
[2014.10.22-18.10.10:258][386]LogModuleManager: Shutting down and abandoning module AssetRegistry (119)
[2014.10.22-18.10.10:391][386]LogModuleManager: Shutting down and abandoning module Persona (118)
[2014.10.22-18.10.10:509][386]LogModuleManager: Shutting down and abandoning module GraphEditor (117)
[2014.10.22-18.10.10:596][386]LogModuleManager: Shutting down and abandoning module ContentBrowser (116)
[2014.10.22-18.10.10:596][386]LogModuleManager: Shutting down and abandoning module ClassViewer (115)
[2014.10.22-18.10.10:596][386]LogModuleManager: Shutting down and abandoning module Toolbox (114)
[2014.10.22-18.10.10:596][386]LogModuleManager: Shutting down and abandoning module ModuleUI (113)
[2014.10.22-18.10.10:625][386]LogModuleManager: Shutting down and abandoning module Sequencer (112)
[2014.10.22-18.10.10:779][386]LogModuleManager: Shutting down and abandoning module AssetTools (111)
[2014.10.22-18.10.10:953][386]LogModuleManager: Shutting down and abandoning module MovieSceneTools (110)
[2014.10.22-18.10.10:967][386]LogModuleManager: Shutting down and abandoning module OutputLog (109)
[2014.10.22-18.10.10:967][386]LogModuleManager: Shutting down and abandoning module GammaUI (108)
[2014.10.22-18.10.10:976][386]LogModuleManager: Shutting down and abandoning module Documentation (107)
[2014.10.22-18.10.10:976][386]LogModuleManager: Shutting down and abandoning module DesktopPlatform (106)
[2014.10.22-18.10.10:995][386]LogModuleManager: Shutting down and abandoning module StreamingPauseRendering (105)
[2014.10.22-18.10.11:036][386]LogModuleManager: Shutting down and abandoning module AnalyticsET (104)
[2014.10.22-18.10.11:036][386]LogModuleManager: Shutting down and abandoning module Analytics (103)
[2014.10.22-18.10.11:036][386]LogModuleManager: Shutting down and abandoning module ProfilerService (102)
[2014.10.22-18.10.11:668][386]LogModuleManager: Shutting down and abandoning module TaskGraph (101)
[2014.10.22-18.10.11:776][386]LogModuleManager: Shutting down and abandoning module GameProjectGeneration (100)
[2014.10.22-18.10.11:776][386]LogModuleManager: Shutting down and abandoning module Matinee (99)
[2014.10.22-18.10.11:878][386]LogModuleManager: Shutting down and abandoning module Kismet (98)
[2014.10.22-18.10.12:128][386]LogModuleManager: Shutting down and abandoning module SlateReflector (97)
[2014.10.22-18.10.12:128][386]LogModuleManager: Shutting down and abandoning module LevelEditor (96)
[2014.10.22-18.10.12:185][386]LogModuleManager: Shutting down and abandoning module MainFrame (95)
[2014.10.22-18.10.12:185][386]LogModuleManager: Shutting down and abandoning module SourceControl (94)
[2014.10.22-18.10.12:185][386]LogModuleManager: Shutting down and abandoning module ImageWrapper (93)
[2014.10.22-18.10.12:185][386]LogModuleManager: Shutting down and abandoning module OnlineBlueprintSupport (92)
[2014.10.22-18.10.12:185][386]LogModuleManager: Shutting down and abandoning module FunctionalTesting (91)
[2014.10.22-18.10.12:347][386]LogModuleManager: Shutting down and abandoning module CollisionAnalyzer (90)
[2014.10.22-18.10.12:435][386]LogModuleManager: Shutting down and abandoning module WorkspaceMenuStructure (89)
[2014.10.22-18.10.12:435][386]LogModuleManager: Shutting down and abandoning module MessageLog (88)
[2014.10.22-18.10.12:435][386]LogModuleManager: Shutting down and abandoning module Slate (87)
[2014.10.22-18.10.12:435][386]LogModuleManager: Shutting down and abandoning module EditorStyle (86)
[2014.10.22-18.10.12:437][386]LogModuleManager: Shutting down and abandoning module SessionServices (85)
[2014.10.22-18.10.12:437][386]LogModuleManager: Shutting down and abandoning module Messaging (84)
[2014.10.22-18.10.12:437][386]LogModuleManager: Shutting down and abandoning module SourceCodeAccess (83)
[2014.10.22-18.10.12:437][386]LogModuleManager: Shutting down and abandoning module HeadMountedDisplay (82)
[2014.10.22-18.10.12:437][386]LogModuleManager: Shutting down and abandoning module XAudio2 (81)
[2014.10.22-18.10.12:437][386]LogModuleManager: Shutting down and abandoning module Networking (79)
[2014.10.22-18.10.12:437][386]LogModuleManager: Shutting down and abandoning module Core (78)
[2014.10.22-18.10.12:437][386]LogModuleManager: Shutting down and abandoning module KismetCompiler (77)
[2014.10.22-18.10.12:611][386]LogModuleManager: Shutting down and abandoning module PhysXFormats (76)
[2014.10.22-18.10.12:611][386]LogModuleManager: Shutting down and abandoning module SimplygonMeshReduction (75)
[2014.10.22-18.10.12:686][386]LogModuleManager: Shutting down and abandoning module MeshUtilities (74)
[2014.10.22-18.10.12:686][386]LogModuleManager: Shutting down and abandoning module DerivedDataCache (73)
[2014.10.22-18.10.12:739][386]LogDerivedDataCache: Shutdown
[2014.10.22-18.10.12:739][386]LogModuleManager: Shutting down and abandoning module ShaderFormatOpenGL (72)
[2014.10.22-18.10.12:854][386]LogModuleManager: Shutting down and abandoning module ShaderFormatD3D (71)
[2014.10.22-18.10.12:854][386]LogModuleManager: Shutting down and abandoning module TextureFormatUncompressed (70)
[2014.10.22-18.10.12:854][386]LogModuleManager: Shutting down and abandoning module TextureFormatPVR (69)
[2014.10.22-18.10.12:902][386]LogModuleManager: Shutting down and abandoning module TextureFormatDXT (68)
[2014.10.22-18.10.12:933][386]LogModuleManager: Shutting down and abandoning module TextureFormatAndroid (67)
[2014.10.22-18.10.12:933][386]LogModuleManager: Shutting down and abandoning module AudioFormatOpus (66)
[2014.10.22-18.10.12:934][386]LogModuleManager: Shutting down and abandoning module AudioFormatOgg (65)
[2014.10.22-18.10.12:934][386]LogModuleManager: Shutting down and abandoning module AudioFormatADPCM (64)
[2014.10.22-18.10.12:934][386]LogModuleManager: Shutting down and abandoning module Android_PVRTCTargetPlatform (63)
[2014.10.22-18.10.12:934][386]LogModuleManager: Shutting down and abandoning module Android_ETC2TargetPlatform (62)
[2014.10.22-18.10.12:934][386]LogModuleManager: Shutting down and abandoning module Android_ETC1TargetPlatform (61)
[2014.10.22-18.10.12:934][386]LogModuleManager: Shutting down and abandoning module Android_DXTTargetPlatform (60)
[2014.10.22-18.10.12:934][386]LogModuleManager: Shutting down and abandoning module Android_ATCTargetPlatform (59)
[2014.10.22-18.10.12:934][386]LogModuleManager: Shutting down and abandoning module AndroidTargetPlatform (58)
[2014.10.22-18.10.12:934][386]LogModuleManager: Shutting down and abandoning module WindowsTargetPlatform (57)
[2014.10.22-18.10.12:934][386]LogModuleManager: Shutting down and abandoning module WindowsServerTargetPlatform (56)
[2014.10.22-18.10.12:934][386]LogModuleManager: Shutting down and abandoning module WindowsNoEditorTargetPlatform (55)
[2014.10.22-18.10.12:934][386]LogModuleManager: Shutting down and abandoning module WindowsClientTargetPlatform (54)
[2014.10.22-18.10.12:934][386]LogModuleManager: Shutting down and abandoning module TargetPlatform (53)
[2014.10.22-18.10.12:934][386]LogModuleManager: Shutting down and abandoning module InputCore (52)
[2014.10.22-18.10.13:078][386]LogModuleManager: Shutting down and abandoning module Settings (51)
[2014.10.22-18.10.13:078][386]LogModuleManager: Shutting down and abandoning module TextureCompressor (48)
[2014.10.22-18.10.13:078][386]LogModuleManager: Shutting down and abandoning module ShaderCore (47)
[2014.10.22-18.10.13:078][386]LogModuleManager: Shutting down and abandoning module OpenGLDrv (46)
[2014.10.22-18.10.13:078][386]LogModuleManager: Shutting down and abandoning module D3D11RHI (45)
[2014.10.22-18.10.13:078][386]LogModuleManager: Shutting down and abandoning module SlateRHIRenderer (44)
[2014.10.22-18.10.13:078][386]LogModuleManager: Shutting down and abandoning module Renderer (43)
[2014.10.22-18.10.13:078][386]LogModuleManager: Shutting down and abandoning module Engine (42)
[2014.10.22-18.10.13:078][386]LogModuleManager: Shutting down and abandoning module SlateRemote (41)
[2014.10.22-18.10.13:078][386]LogModuleManager: Shutting down and abandoning module ScriptPlugin (40)
[2014.10.22-18.10.13:078][386]LogModuleManager: Shutting down and abandoning module ScriptEditorPlugin (38)
[2014.10.22-18.10.13:078][386]LogModuleManager: Shutting down and abandoning module WindowsMoviePlayer (37)
[2014.10.22-18.10.13:113][386]LogModuleManager: Shutting down and abandoning module ExampleDeviceProfileSelector (32)
[2014.10.22-18.10.13:113][386]LogModuleManager: Shutting down and abandoning module CustomMeshComponent (31)
[2014.10.22-18.10.13:113][386]LogModuleManager: Shutting down and abandoning module CableComponent (30)
[2014.10.22-18.10.13:113][386]LogModuleManager: Shutting down and abandoning module OculusRift (26)
[2014.10.22-18.10.13:129][386]LogModuleManager: Shutting down and abandoning module UdpMessaging (25)
[2014.10.22-18.10.13:229][386]LogModuleManager: Shutting down and abandoning module MessagingDebugger (24)
[2014.10.22-18.10.13:292][386]LogModuleManager: Shutting down and abandoning module PluginsEditor (14)
[2014.10.22-18.10.13:292][386]LogModuleManager: Shutting down and abandoning module IntroTutorials (13)
[2014.10.22-18.10.13:307][386]LogModuleManager: Shutting down and abandoning module EpicSurvey (12)
[2014.10.22-18.10.13:312][386]LogModuleManager: Shutting down and abandoning module VisualStudioSourceCodeAccess (10)
[2014.10.22-18.10.13:312][386]LogModuleManager: Shutting down and abandoning module UObjectPlugin (9)
[2014.10.22-18.10.13:312][386]LogModuleManager: Shutting down and abandoning module SubversionSourceControl (8)
[2014.10.22-18.10.13:346][386]LogModuleManager: Shutting down and abandoning module PerforceSourceControl (7)
[2014.10.22-18.10.13:405][386]LogModuleManager: Shutting down and abandoning module BlankPlugin (6)
[2014.10.22-18.10.13:405][386]LogModuleManager: Shutting down and abandoning module CoreUObject (5)
[2014.10.22-18.10.13:405][386]LogModuleManager: Shutting down and abandoning module NetworkFile (4)
[2014.10.22-18.10.13:405][386]LogModuleManager: Shutting down and abandoning module StreamingFile (3)
[2014.10.22-18.10.13:405][386]LogModuleManager: Shutting down and abandoning module SandboxFile (2)
[2014.10.22-18.10.13:422][386]LogModuleManager: Shutting down and abandoning module PakFile (1)
[2014.10.22-18.10.13:434][386]LogExit: Exiting.
[2014.10.22-18.10.13:474][386]Log file closed, 10/22/14 14:10:13
