Log file open, 10/26/14 01:37:00
LogInit:Display: Running engine for game: MyProject2
LogInit: Version: 4.2.1-2101290+++depot+UE4-Releases+4.2
LogInit: Compiled (64-bit): Jun 10 2014 22:21:56
LogInit: Build Configuration: Development
LogInit: Branch Name: ++depot+UE4-Releases+4.2
LogInit: Command line:  
LogInit: Base directory: C:/Program Files/Unreal Engine/4.2/Engine/Binaries/Win64/
LogInit: Rocket: 1
[2014.10.26-05.37.00:695][  0]LogTaskGraph: Started task graph with 3 named threads and 4 total threads.
[2014.10.26-05.37.00:730][  0]LogOnline:Warning: No default platform service specified for OnlineSubsystem
[2014.10.26-05.37.01:015][  0]LogInit: Presizing for 0 objects not considered by GC, pre-allocating 0 bytes.
[2014.10.26-05.37.01:025][  0]LogInit: Object subsystem initialized
[2014.10.26-05.37.01:025][  0]LogInit: Selected Device Profile: [Windows]
[2014.10.26-05.37.01:025][  0]LogInit: Applying CVar settings loaded from the selected device profile: [Windows]
[2014.10.26-05.37.01:087][  0]LogInit: Computer: VERONICA
[2014.10.26-05.37.01:087][  0]LogInit: User: Zeetermin
[2014.10.26-05.37.01:087][  0]LogInit: CPU Page size=4096, Cores=4
[2014.10.26-05.37.01:087][  0]LogInit: High frequency timer resolution =2.597714 MHz
[2014.10.26-05.37.01:087][  0]LogMemory: Memory total: Physical=6.0GB (6GB approx) Virtual=8192.0GB
[2014.10.26-05.37.01:087][  0]LogMemory: Platform Memory Stats for Windows
[2014.10.26-05.37.01:087][  0]LogMemory: Process Physical Memory: 54.80 MB used, 54.80 MB peak
[2014.10.26-05.37.01:087][  0]LogMemory: Process Virtual Memory: 31.70 MB used, 31.93 MB peak
[2014.10.26-05.37.01:087][  0]LogMemory: Physical Memory: 2197.71 MB used, 6135.18 MB total
[2014.10.26-05.37.01:087][  0]LogMemory: Virtual Memory: 236.93 MB used, 8388608.00 MB total
[2014.10.26-05.37.02:574][  0]LogD3D11RHI: Found D3D11 adapter 0: AMD Radeon R7 200 Series (Feature Level 11_0)
[2014.10.26-05.37.02:574][  0]LogD3D11RHI: Adapter has 2033MB of dedicated video memory, 0MB of dedicated system memory, and 2811MB of shared system memory, 2 output[s]
[2014.10.26-05.37.02:574][  0]LogD3D11RHI: Chosen D3D11 Adapter Id = 0
[2014.10.26-05.37.02:586][  0]LogRHI: Texture pool is 1361 MB (70% of 1945 MB)
[2014.10.26-05.37.02:595][  0]LogD3D11RHI: Async texture creation disabled: no driver support
[2014.10.26-05.37.04:136][  0]LogContentStreaming: Texture pool size is 0.000000MB
[2014.10.26-05.37.08:004][  0]LogTargetPlatformManager:Display: Building Assets For Windows
[2014.10.26-05.37.09:218][  0]LogTargetPlatformManager:Display: Building Assets For Windows
[2014.10.26-05.37.09:403][  0]LogDerivedDataCache:Display: Max Cache Size: 512 MB
[2014.10.26-05.37.10:190][  0]LogDerivedDataCache: Loaded boot cache 0.77s 39MB C:/Users/Zeetermin/AppData/Local/UnrealEngine/4.2/DerivedDataCache/Boot.ddc.
[2014.10.26-05.37.10:190][  0]LogDerivedDataCache:Display: Loaded Boot cache: C:/Users/Zeetermin/AppData/Local/UnrealEngine/4.2/DerivedDataCache/Boot.ddc
[2014.10.26-05.37.10:190][  0]LogDerivedDataCache: FDerivedDataBackendGraph:  Pak pak cache file ../../../../../../Users/Zeetermin/Documents/2014 Fall/SpaceVines/Space_Vines/Link-Object_prototype_withboxes/DerivedDataCache/DDC.ddp not found, will not use a pak cache.
[2014.10.26-05.37.10:190][  0]LogDerivedDataCache: Unable to find inner node Pak for hierarchical cache Hierarchy.
[2014.10.26-05.37.10:259][  0]LogDerivedDataCache:Display: Pak cache opened for reading ../../../Engine/DerivedDataCache/DDC.ddp.
[2014.10.26-05.37.10:272][  0]LogDerivedDataCache: Using Local data cache path C:/Users/Zeetermin/AppData/Local/UnrealEngine/4.2/DerivedDataCache: Writable
[2014.10.26-05.37.15:635][  0]LogMeshUtilities: No automatic mesh reduction module available
[2014.10.26-05.37.15:635][  0]LogMeshUtilities: No automatic mesh merging module available
[2014.10.26-05.37.19:101][  0]LogInit: WinSock: version 1.1 (2.2), MaxSocks=32767, MaxUdp=65467
[2014.10.26-05.37.35:334][  0]LogStreaming:Warning: Failed to read file '../../../Engine/Content/Editor/Slate/Icons/ActorIcons/GroupActor_16x.png' error.
[2014.10.26-05.37.35:334][  0]LogSlate: Could not find file for Slate resource: ../../../Engine/Content/Editor/Slate/Icons/ActorIcons/GroupActor_16x.png
[2014.10.26-05.37.35:487][  0]LogStreaming:Warning: Failed to read file '../../../Engine/Content/Editor/Slate/Icons/ActorIcons/DecalActor_16x.png' error.
[2014.10.26-05.37.35:487][  0]LogSlate: Could not find file for Slate resource: ../../../Engine/Content/Editor/Slate/Icons/ActorIcons/DecalActor_16x.png
[2014.10.26-05.37.42:649][  0]UdpMessaging: Initializing bridge on interface 0.0.0.0:0 to multicast group 230.0.0.1:6666.
[2014.10.26-05.37.43:171][  0]SourceControl: Info Source control is disabled
[2014.10.26-05.37.43:171][  0]SourceControl: Info Source control is disabled
[2014.10.26-05.37.43:185][  0]SourceControl: Info Source control is disabled
[2014.10.26-05.37.44:699][  0]BlueprintLog: New page: Editor Load
[2014.10.26-05.37.46:063][  0]LogObj: 19137 objects as part of root set at end of initial load.
[2014.10.26-05.37.46:063][  0]LogUObjectAllocator: 3804784 out of 0 bytes used by permanent object pool.
[2014.10.26-05.37.46:728][  0]LogEngine: Initializing Engine...
[2014.10.26-05.37.47:946][  0]LogInit: XAudio2 using 'Speakers (High Definition Audio Device)' : 2 channels at 44.1 kHz using 16 bits per sample (channel mask 0x3)
[2014.10.26-05.37.47:960][  0]LogInit: FAudioDevice initialized.
[2014.10.26-05.37.48:087][  0]LogDerivedDataCache: Saved boot cache 0.12s 39MB C:/Users/Zeetermin/AppData/Local/UnrealEngine/4.2/DerivedDataCache/Boot.ddc.
[2014.10.26-05.37.48:093][  0]LogInit: Texture streaming: Enabled
[2014.10.26-05.37.49:180][  0]LogInit: Transaction tracking system initialized
[2014.10.26-05.37.57:275][  0]LogAssetRegistry: FAssetRegistry took 0.0101 seconds to start up
[2014.10.26-05.38.07:402][  0]LogModuleManager:Warning: ModuleManager: Unable to load module '' because the file was not found.
[2014.10.26-05.38.07:423][  0]LogModuleManager:Warning: ModuleManager: Unable to load module '' because the file was not found.
[2014.10.26-05.38.08:983][  0]LogConsoleResponse:Display: 
[2014.10.26-05.38.22:334][  0]SourceControl: Info Source control is disabled
[2014.10.26-05.38.22:587][  0]LightingResults: New page: Lighting Build
[2014.10.26-05.38.22:612][  0]MapCheck: New page: Map Check
[2014.10.26-05.38.22:612][  0]LightingResults: New page: Lighting Build
[2014.10.26-05.38.22:628][  0]LogParticles: Destroying 0 GPU particle simulations for FXSystem 0x0000000012761580
[2014.10.26-05.39.00:043][  0]LogEditorServer: Finished looking for orphan Actors (0.000 secs)
[2014.10.26-05.39.00:046][  0]Cmd: MAP CHECKDEP
[2014.10.26-05.39.00:046][  0]MapCheck: New page: Two - Oct 25, 2014, 9:39:00 PM
[2014.10.26-05.39.00:137][  0]MapCheck: Info ========== Map Check: 0 Error(s), 0 Warning(s), [91.411ms] ==========
[2014.10.26-05.39.00:137][  0]LogFileHelpers: Loading map 'Two' took 37.802
[2014.10.26-05.39.00:350][  0]LogCollectionManager: Loaded 0 collections in 0.001755 seconds
[2014.10.26-05.39.00:372][  0]LogContentBrowser:Verbose: The content browser source was changed by the sources view to '/Game'
[2014.10.26-05.39.01:426][  0]LogCrashTracker: Crashtracker disabled due to settings.
[2014.10.26-05.39.01:427][  0]Cmd: MODE PLACEMENT
[2014.10.26-05.39.01:469][  0]LogLoad: Full Startup: 125.90 seconds (BP compile: 0.10 seconds)
[2014.10.26-05.39.01:870][  0]LogRenderer:Warning: Reallocating scene render targets to support 32x32.
[2014.10.26-05.39.02:232][  0]LogRenderer:Warning: Reallocating scene render targets to support 1040x968.
[2014.10.26-05.39.02:442][  1]LogEpicStorage:Warning: EnumerateFiles request failed. Invalid response. code=403 error=<?xml version="1.0" encoding="UTF-8"?>
<Error><Code>AccessDenied</Code><Message>Access Denied</Message><RequestId>E627C2A72CF3DAA1</RequestId><HostId>8Nka0fgNKwFicpqKlUvf+scfp27LYGUqsu8Ax5K+/abI3lxiLwgePzXb3JHSWpYc</HostId></Error>
[2014.10.26-05.39.02:481][  2]LogEpicSurvey:Warning: EnumerateFiles request failed. Invalid response. code=403 error=<?xml version="1.0" encoding="UTF-8"?>
<Error><Code>AccessDenied</Code><Message>Access Denied</Message><RequestId>C2A1A8314A418618</RequestId><HostId>vGtRciLdOQ0vS4DwmvFY96R+z8R/L0H3EP2khMI1IZmTFzTRoYRzGYMMxwepV6R1x1wJFkULch4=</HostId></Error>
[2014.10.26-05.39.02:495][  2]LogAssetRegistry: Asset discovery search completed in 65.2294 seconds
[2014.10.26-05.39.02:516][  3]LogEpicStorage:Warning: EnumerateFiles request failed. Invalid response. code=403 error=<?xml version="1.0" encoding="UTF-8"?>
<Error><Code>AccessDenied</Code><Message>Access Denied</Message><RequestId>50F6D12DBD0282E9</RequestId><HostId>AZwXlXsJMqhGcOfAgrVI0qp/AGBosWFApk/FYd0y86drhcOGK2j6wLQVvA9wCVTL</HostId></Error>
[2014.10.26-05.39.02:533][  4]LogEpicSurvey:Warning: EnumerateFiles request failed. Invalid response. code=403 error=<?xml version="1.0" encoding="UTF-8"?>
<Error><Code>AccessDenied</Code><Message>Access Denied</Message><RequestId>2E66B99B458AD725</RequestId><HostId>HtlJuGvi6q8zH5DNTjvXDhRIXeIOkPQW2SPDvvFd+5zT1PO6cBeDpIoP3TAM/HvBLu2HyRn+aR8=</HostId></Error>
[2014.10.26-05.39.03:301][ 12]LogEpicStorage:Warning: ReadFile request failed. File request already pending for filename=http://cdn.unrealengine.com/newsfeed/blueprint_icon_b.png
[2014.10.26-05.39.03:342][ 12]LogEpicStorage:Warning: ReadFile request failed. File request already pending for filename=http://cdn.unrealengine.com/newsfeed/blueprint_icon_b.png
[2014.10.26-05.40.07:185][410]LightingResults: New page: Lighting Build
[2014.10.26-05.40.07:186][410]Cmd: MODE PLACEMENT
[2014.10.26-05.40.07:212][410]LoadErrors: New page: Loading map: One.umap
[2014.10.26-05.40.07:215][410]MapCheck: New page: Map Check
[2014.10.26-05.40.07:215][410]LightingResults: New page: Lighting Build
[2014.10.26-05.40.07:246][410]LogParticles: Destroying 0 GPU particle simulations for FXSystem 0x000000000B9F7420
[2014.10.26-05.41.11:591][410]LogEditorServer: Finished looking for orphan Actors (0.000 secs)
[2014.10.26-05.41.11:614][410]Cmd: MAP CHECKDEP
[2014.10.26-05.41.11:615][410]MapCheck: New page: One - Oct 25, 2014, 9:41:11 PM
[2014.10.26-05.41.11:727][410]MapCheck: Info ========== Map Check: 0 Error(s), 0 Warning(s), [112.164ms] ==========
[2014.10.26-05.41.11:727][410]LogFileHelpers: Loading map 'One' took 64.600
[2014.10.26-05.41.11:956][411]Cmd: UpdateLandscapeEditorData -warnings
[2014.10.26-05.41.11:959][411]Cmd: UpdateLandscapeEditorData
[2014.10.26-05.42.05:351][104]LogUnrealMath: Expression Error : No value recognized
[2014.10.26-05.42.05:351][104]LogUnrealMath: Expression Error : Error in expression
[2014.10.26-05.42.05:509][106]LogEditorViewport: Clicking on Actor (LMB): Landscape (Landscape1)
[2014.10.26-05.42.07:136][144]LogEditorViewport: Clicking on Actor (LMB): TriggerBox (TriggerBox2)
[2014.10.26-05.42.14:028][323]Cmd: CAMERA ALIGN ACTIVEVIEWPORTONLY
[2014.10.26-05.42.14:028][323]Aligned camera to fit all selected actors.
[2014.10.26-05.42.22:913][583]Cmd: CAMERA ALIGN ACTIVEVIEWPORTONLY
[2014.10.26-05.42.22:913][583]Aligned camera to fit all selected actors.
[2014.10.26-05.43.34:681][ 81]LogEditorTransaction: Undo Delete current selection
[2014.10.26-05.43.52:125][808]LogSlate:Warning: GetFontFace failed to load or process 'Roboto-Regular'
[2014.10.26-05.43.52:126][808]LogSlate:Warning: GetFontFace failed to load or process 'Roboto-Regular'
[2014.10.26-05.43.52:277][808]LogSlate:Warning: GetFontFace failed to load or process 'Roboto-Regular'
[2014.10.26-05.43.52:277][808]LogSlate:Warning: GetFontFace failed to load or process 'Roboto-Regular'
[2014.10.26-05.43.52:277][808]LogSlate:Warning: GetFontFace failed to load or process 'Roboto-Regular'
[2014.10.26-05.43.52:277][808]LogSlate:Warning: GetFontFace failed to load or process 'Roboto-Regular'
[2014.10.26-05.43.52:278][808]LogSlate:Warning: GetFontFace failed to load or process 'Roboto-Regular'
[2014.10.26-05.43.52:278][808]LogSlate:Warning: GetFontFace failed to load or process 'Roboto-Regular'
[2014.10.26-05.43.52:278][808]LogSlate:Warning: GetFontFace failed to load or process 'Roboto-Regular'
[2014.10.26-05.43.52:278][808]LogSlate:Warning: GetFontFace failed to load or process 'Roboto-Regular'
[2014.10.26-05.43.52:279][808]LogSlate:Warning: GetFontFace failed to load or process 'Roboto-Regular'
[2014.10.26-05.43.52:279][808]LogSlate:Warning: GetFontFace failed to load or process 'Roboto-Regular'
[2014.10.26-05.43.52:279][808]LogSlate:Warning: GetFontFace failed to load or process 'Roboto-Regular'
[2014.10.26-05.43.52:279][808]LogSlate:Warning: GetFontFace failed to load or process 'Roboto-Regular'
[2014.10.26-05.43.52:279][808]LogSlate:Warning: GetFontFace failed to load or process 'Roboto-Regular'
[2014.10.26-05.43.52:280][808]LogSlate:Warning: GetFontFace failed to load or process 'Roboto-Regular'
[2014.10.26-05.43.52:280][808]LogSlate:Warning: GetFontFace failed to load or process 'Roboto-Regular'
[2014.10.26-05.43.52:280][808]LogSlate:Warning: GetFontFace failed to load or process 'Roboto-Regular'
[2014.10.26-05.44.15:528][119]LogEditorViewport: Clicking on Actor (LMB): PlayerStart (Player Start)
[2014.10.26-05.44.31:084][870]LogSlate:Warning: GetFontFace failed to load or process 'Roboto-Regular'
[2014.10.26-05.44.31:084][870]LogSlate:Warning: GetFontFace failed to load or process 'Roboto-Regular'
[2014.10.26-05.44.31:084][870]LogSlate:Warning: GetFontFace failed to load or process 'Roboto-Regular'
[2014.10.26-05.44.31:085][870]LogSlate:Warning: GetFontFace failed to load or process 'Roboto-Regular'
[2014.10.26-05.44.31:085][870]LogSlate:Warning: GetFontFace failed to load or process 'Roboto-Regular'
[2014.10.26-05.44.31:085][870]LogSlate:Warning: GetFontFace failed to load or process 'Roboto-Regular'
[2014.10.26-05.44.31:085][870]LogSlate:Warning: GetFontFace failed to load or process 'Roboto-Regular'
[2014.10.26-05.44.31:085][870]LogSlate:Warning: GetFontFace failed to load or process 'Roboto-Regular'
[2014.10.26-05.44.31:085][870]LogSlate:Warning: GetFontFace failed to load or process 'Roboto-Regular'
[2014.10.26-05.44.31:085][870]LogSlate:Warning: GetFontFace failed to load or process 'Roboto-Regular'
[2014.10.26-05.45.37:619][583]LogEditorViewport: Clicking on Actor (LMB): TriggerBox (checkpoint1)
[2014.10.26-05.46.18:730][838]LogSlate:Warning: GetFontFace failed to load or process 'Roboto-Regular'
[2014.10.26-05.46.18:731][838]LogSlate:Warning: GetFontFace failed to load or process 'Roboto-Regular'
[2014.10.26-05.46.32:717][516]LogSlate:Warning: GetFontFace failed to load or process 'Roboto-Regular'
[2014.10.26-05.46.49:269][250]BlueprintLog: New page: Compile One
[2014.10.26-05.46.49:651][250]BlueprintEditorCompileResults: Info [0593.69] Compile of One successful! [in 2 ms]
[2014.10.26-05.46.51:131][288]BlueprintLog: New page: Pre-PIE auto-recompile
[2014.10.26-05.46.51:136][288]LogPlayLevel: [PIE] Compiling One before PIE...
[2014.10.26-05.46.51:489][288]LogPlayLevel: PIE:  Blueprint regeneration took 358 ms (1 blueprints)
[2014.10.26-05.46.51:489][288]PIE: New page: PIE session: One (Oct 25, 2014, 9:46:51 PM)
[2014.10.26-05.46.51:562][288]LogBlueprint:Warning: FMemberReference::ResolveMember (K2_SetActorLocation) bSelfContext == true, but no scope supplied!
[2014.10.26-05.46.51:562][288]LogBlueprint:Warning: FMemberReference::ResolveMember (K2_GetActorLocation) bSelfContext == true, but no scope supplied!
[2014.10.26-05.46.51:562][288]LogBlueprint:Warning: FMemberReference::ResolveMember (K2_GetActorLocation) bSelfContext == true, but no scope supplied!
[2014.10.26-05.46.51:562][288]LogBlueprint:Warning: FMemberReference::ResolveMember (K2_SetActorLocation) bSelfContext == true, but no scope supplied!
[2014.10.26-05.46.51:562][288]LogBlueprint:Warning: FMemberReference::ResolveMember (K2_GetActorLocation) bSelfContext == true, but no scope supplied!
[2014.10.26-05.46.51:562][288]LogBlueprint:Warning: FMemberReference::ResolveMember (K2_GetActorLocation) bSelfContext == true, but no scope supplied!
[2014.10.26-05.46.51:783][288]LogPlayLevel: PIE: StaticDuplicateObject took: (0.293820s)
[2014.10.26-05.46.51:784][288]LogPlayLevel: PIE: World Init took: (0.000678s)
[2014.10.26-05.46.51:784][288]LogPlayLevel: PIE: Created PIE world by copying editor world from /Game/Maps/GameLevels/One.One to /Game/Maps/GameLevels/UEDPIE_0_One.One (0.294715s)
[2014.10.26-05.46.52:443][288]LogWorld: Game class is 'MyGame_C'
[2014.10.26-05.46.52:564][288]LogWorld: Bringing World /Game/Maps/GameLevels/UEDPIE_0_One.One up for play (max tick rate 0) at 2014.10.26-01.46.52
[2014.10.26-05.46.52:570][288]LogWorld: Bringing up level for play took: 0.041441
[2014.10.26-05.46.52:571][288]LogPlayerController: Spawned spectator SpectatorPawn_0 [server:1]
[2014.10.26-05.46.52:571][288]LogGameMode: RestartPlayer 256
[2014.10.26-05.46.52:593][288]LogPlayerController: ClientRestart_Implementation MyCharacter_C_0
[2014.10.26-05.46.52:593][288]LogPlayerController: ServerAcknowledgePossession_Implementation MyCharacter_C_0
[2014.10.26-05.46.52:596][288]PIE: Info Play in editor start time for /Game/Maps/GameLevels/UEDPIE_0_One 0.892
[2014.10.26-05.47.22:681][723]LogParticles: Destroying 0 GPU particle simulations for FXSystem 0x000000001BA84CC0
[2014.10.26-05.49.30:854][450]LogUObjectGlobals:Warning: Failed to find object 'Object None.'
[2014.10.26-05.49.30:854][450]LogUObjectGlobals:Warning: Failed to find object 'Object None.'
[2014.10.26-05.49.30:855][450]LogUObjectGlobals:Warning: Failed to find object 'Object None.'
[2014.10.26-05.49.30:855][450]LogUObjectGlobals:Warning: Failed to find object 'Object None.'
[2014.10.26-05.49.30:855][450]LogUObjectGlobals:Warning: Failed to find object 'Object None.'
[2014.10.26-05.49.30:855][450]LogUObjectGlobals:Warning: Failed to find object 'Object None.'
[2014.10.26-05.49.30:865][450]LogProperty:Warning: ObjectProperty /Script/Engine.EdGraphPin:LinkedTo.LinkedTo: unresolved reference to 'EdGraphPin'"K2Node_VariableSet_109.EdGraphPin_2775"''
[2014.10.26-05.49.30:865][450]LogProperty:Warning: ObjectProperty /Script/Engine.EdGraphPin:LinkedTo.LinkedTo: unresolved reference to 'EdGraphPin'"K2Node_CallFunction_4994.EdGraphPin_2806"''
[2014.10.26-05.49.30:866][450]LogProperty:Warning: ObjectProperty /Script/Engine.EdGraphPin:LinkedTo.LinkedTo: unresolved reference to 'EdGraphPin'"K2Node_CallFunction_4994.EdGraphPin_2805"''
[2014.10.26-05.50.36:541][182]BlueprintLog: New page: Compile One
[2014.10.26-05.50.36:897][182]BlueprintEditorCompileResults: Info [0820.96] Compile of One successful! [in 2 ms]
[2014.10.26-05.50.38:524][183]LogSavePackage: Save=1024.838379ms
[2014.10.26-05.50.38:524][183]LogSavePackage: Moving '../../../../../../Users/Zeetermin/Documents/2014 Fall/SpaceVines/Space_Vines/Link-Object_prototype_withboxes/Saved/One_Auto10A4C16CB4C0D8DFDDB87048656961FE1.tmp' to '../../../../../../Users/Zeetermin/Documents/2014 Fall/SpaceVines/Space_Vines/Link-Object_prototype_withboxes/Saved/Autosaves/Game/Maps/GameLevels/One_Auto1.umap'
[2014.10.26-05.50.38:533][183]LogFileHelpers: Editor autosave (incl. sublevels) for '/Game/Maps/GameLevels/One' took 1.516
[2014.10.26-05.50.38:533][183]LogFileHelpers: Editor autosave (incl. sublevels) for all levels took 1.516
[2014.10.26-05.51.56:094][348]BlueprintLog: New page: Pre-PIE auto-recompile
[2014.10.26-05.51.56:098][348]LogPlayLevel: [PIE] Compiling One before PIE...
[2014.10.26-05.51.56:458][348]LogPlayLevel: PIE:  Blueprint regeneration took 364 ms (1 blueprints)
[2014.10.26-05.51.56:458][348]PIE: New page: PIE session: One (Oct 25, 2014, 9:51:56 PM)
[2014.10.26-05.51.56:528][348]LogBlueprint:Warning: FMemberReference::ResolveMember (K2_SetActorLocation) bSelfContext == true, but no scope supplied!
[2014.10.26-05.51.56:528][348]LogBlueprint:Warning: FMemberReference::ResolveMember (K2_GetActorLocation) bSelfContext == true, but no scope supplied!
[2014.10.26-05.51.56:528][348]LogBlueprint:Warning: FMemberReference::ResolveMember (K2_GetActorLocation) bSelfContext == true, but no scope supplied!
[2014.10.26-05.51.56:528][348]LogBlueprint:Warning: FMemberReference::ResolveMember (K2_GetActorLocation) bSelfContext == true, but no scope supplied!
[2014.10.26-05.51.56:528][348]LogBlueprint:Warning: FMemberReference::ResolveMember (K2_SetActorLocation) bSelfContext == true, but no scope supplied!
[2014.10.26-05.51.56:528][348]LogBlueprint:Warning: FMemberReference::ResolveMember (K2_GetActorLocation) bSelfContext == true, but no scope supplied!
[2014.10.26-05.51.56:528][348]LogBlueprint:Warning: FMemberReference::ResolveMember (K2_GetActorLocation) bSelfContext == true, but no scope supplied!
[2014.10.26-05.51.56:528][348]LogBlueprint:Warning: FMemberReference::ResolveMember (K2_GetActorLocation) bSelfContext == true, but no scope supplied!
[2014.10.26-05.51.56:671][348]LogPlayLevel: PIE: StaticDuplicateObject took: (0.213094s)
[2014.10.26-05.51.56:672][348]LogPlayLevel: PIE: World Init took: (0.000708s)
[2014.10.26-05.51.56:672][348]LogPlayLevel: PIE: Created PIE world by copying editor world from /Game/Maps/GameLevels/One.One to /Game/Maps/GameLevels/UEDPIE_0_One.One (0.214003s)
[2014.10.26-05.51.56:673][348]LogWorld: Game class is 'MyGame_C'
[2014.10.26-05.51.56:725][348]LogWorld: Bringing World /Game/Maps/GameLevels/UEDPIE_0_One.One up for play (max tick rate 0) at 2014.10.26-01.51.56
[2014.10.26-05.51.56:731][348]LogWorld: Bringing up level for play took: 0.033897
[2014.10.26-05.51.56:732][348]LogPlayerController: Spawned spectator SpectatorPawn_1 [server:1]
[2014.10.26-05.51.56:732][348]LogGameMode: RestartPlayer 257
[2014.10.26-05.51.56:733][348]LogPlayerController: ClientRestart_Implementation MyCharacter_C_1
[2014.10.26-05.51.56:733][348]LogPlayerController: ServerAcknowledgePossession_Implementation MyCharacter_C_1
[2014.10.26-05.51.56:736][348]PIE: Info Play in editor start time for /Game/Maps/GameLevels/UEDPIE_0_One 1.023
[2014.10.26-05.52.20:044][465]LogParticles: Destroying 0 GPU particle simulations for FXSystem 0x0000000028B3EC00
[2014.10.26-05.52.50:716][432]EditorErrors: New page: Actor attachment
[2014.10.26-05.53.28:922][ 94]LogUObjectGlobals:Warning: Failed to find object 'Object None.'
[2014.10.26-05.53.28:922][ 94]LogUObjectGlobals:Warning: Failed to find object 'Object None.'
[2014.10.26-05.53.28:922][ 94]LogUObjectGlobals:Warning: Failed to find object 'Object None.'
[2014.10.26-05.53.28:922][ 94]LogProperty:Warning: ObjectProperty /Script/Engine.EdGraphPin:LinkedTo.LinkedTo: unresolved reference to 'EdGraphPin'"K2Node_CallFunction_4994.EdGraphPin_5025"''
[2014.10.26-05.53.48:984][921]LogSavePackage: Save=869.116455ms
[2014.10.26-05.53.48:984][921]LogSavePackage: Moving '../../../../../../Users/Zeetermin/Documents/2014 Fall/SpaceVines/Space_Vines/Link-Object_prototype_withboxes/Saved/OneBC4DC884405981C9A15DC3837BD153B0.tmp' to '../../../../../../Users/Zeetermin/Documents/2014 Fall/SpaceVines/Space_Vines/Link-Object_prototype_withboxes/Content/Maps/GameLevels/One.umap'
[2014.10.26-05.53.49:049][921]LogFileHelpers: Saving map 'One' took 1.104
[2014.10.26-05.53.49:523][935]BlueprintLog: New page: Compile One
[2014.10.26-05.53.49:889][935]BlueprintEditorCompileResults: Info [1013.94] Compile of One successful! [in 3 ms]
[2014.10.26-05.54.01:654][252]LogEpicStorage:Warning: ReadFile request failed. File request already pending for filename=http://cdn.unrealengine.com/newsfeed/blueprint_icon_b.png
[2014.10.26-05.54.01:656][252]LogEpicStorage:Warning: ReadFile request failed. File request already pending for filename=http://cdn.unrealengine.com/newsfeed/blueprint_icon_b.png
[2014.10.26-05.56.06:100][131]LogEditorTransaction: Undo Delete current selection
[2014.10.26-05.56.06:794][153]LogUObjectGlobals:Warning: Failed to find object 'Object None.'
[2014.10.26-05.56.06:794][153]LogUObjectGlobals:Warning: Failed to find object 'Object None.'
[2014.10.26-05.56.06:794][153]LogUObjectGlobals:Warning: Failed to find object 'Object None.'
[2014.10.26-05.56.06:795][153]LogProperty:Warning: ObjectProperty /Script/Engine.EdGraphPin:LinkedTo.LinkedTo: unresolved reference to 'EdGraphPin'"K2Node_CallFunction_4994.EdGraphPin_5492"''
[2014.10.26-05.57.16:294][126]LogSavePackage: Save=885.519348ms
[2014.10.26-05.57.16:294][126]LogSavePackage: Moving '../../../../../../Users/Zeetermin/Documents/2014 Fall/SpaceVines/Space_Vines/Link-Object_prototype_withboxes/Saved/OneB83CB9924408EC038A7FAAB44A023899.tmp' to '../../../../../../Users/Zeetermin/Documents/2014 Fall/SpaceVines/Space_Vines/Link-Object_prototype_withboxes/Content/Maps/GameLevels/One.umap'
[2014.10.26-05.57.16:330][126]LogFileHelpers: Saving map 'One' took 1.111
[2014.10.26-05.57.23:179][369]Cmd: QUIT_EDITOR
[2014.10.26-05.57.23:254][369]LogWindowsTextInputMethodSystem:Error: Terminating failed while unadvising the language notification sink from the TSF source.
[2014.10.26-05.57.23:269][369]LogExit: Preparing to exit.
[2014.10.26-05.57.23:814][369]LogActorComponent: UnregisterComponent: (None.None) Not registered. Aborting.
[2014.10.26-05.57.23:814][369]LogActorComponent: UnregisterComponent: (None.None) Not registered. Aborting.
[2014.10.26-05.57.23:814][369]LogActorComponent: UnregisterComponent: (None.None) Not registered. Aborting.
[2014.10.26-05.57.23:814][369]LogActorComponent: UnregisterComponent: (None.None) Not registered. Aborting.
[2014.10.26-05.57.23:814][369]LogActorComponent: UnregisterComponent: (None.None) Not registered. Aborting.
[2014.10.26-05.57.23:814][369]LogActorComponent: UnregisterComponent: (None.None) Not registered. Aborting.
[2014.10.26-05.57.23:829][369]LogExit: Editor shut down
[2014.10.26-05.57.23:829][369]LogExit: Transaction tracking system shut down
[2014.10.26-05.57.23:830][369]LogParticles: Destroying 0 GPU particle simulations for FXSystem 0x0000000022369DA0
[2014.10.26-05.57.23:901][369]LogParticles: Destroying 0 GPU particle simulations for FXSystem 0x0000000017135620
[2014.10.26-05.57.23:901][369]LogParticles: Destroying 0 GPU particle simulations for FXSystem 0x00000000156DFB00
[2014.10.26-05.57.23:901][369]LogParticles: Destroying 0 GPU particle simulations for FXSystem 0x00000000219BA340
[2014.10.26-05.57.23:901][369]LogExit: Object subsystem successfully closed.
[2014.10.26-05.57.24:048][369]LogModuleManager: Shutting down and abandoning module AndroidDeviceDetection (164)
[2014.10.26-05.57.24:048][369]LogModuleManager: Shutting down and abandoning module CrashTracker (163)
[2014.10.26-05.57.24:048][369]LogModuleManager: Shutting down and abandoning module HTTP (162)
[2014.10.26-05.57.24:048][369]LogModuleManager: Shutting down and abandoning module NewsFeed (161)
[2014.10.26-05.57.24:048][369]LogModuleManager: Shutting down and abandoning module SceneOutliner (160)
[2014.10.26-05.57.24:048][369]LogModuleManager: Shutting down and abandoning module EditorWidgets (159)
[2014.10.26-05.57.24:048][369]LogModuleManager: Shutting down and abandoning module CollectionManager (158)
[2014.10.26-05.57.24:048][369]LogModuleManager: Shutting down and abandoning module StatsViewer (157)
[2014.10.26-05.57.24:048][369]LogModuleManager: Shutting down and abandoning module FoliageEdit (156)
[2014.10.26-05.57.24:048][369]LogModuleManager: Shutting down and abandoning module LandscapeEditor (155)
[2014.10.26-05.57.24:053][369]LogModuleManager: Shutting down and abandoning module MeshPaint (154)
[2014.10.26-05.57.24:053][369]LogModuleManager: Shutting down and abandoning module ActorPickerMode (153)
[2014.10.26-05.57.24:053][369]LogModuleManager: Shutting down and abandoning module GeometryMode (152)
[2014.10.26-05.57.24:053][369]LogModuleManager: Shutting down and abandoning module TextureAlignMode (151)
[2014.10.26-05.57.24:053][369]LogModuleManager: Shutting down and abandoning module BspMode (150)
[2014.10.26-05.57.24:053][369]LogModuleManager: Shutting down and abandoning module PlacementMode (149)
[2014.10.26-05.57.24:054][369]LogModuleManager: Shutting down and abandoning module AutomationWorker (148)
[2014.10.26-05.57.24:054][369]LogModuleManager: Shutting down and abandoning module ViewportSnapping (147)
[2014.10.26-05.57.24:054][369]LogModuleManager: Shutting down and abandoning module DeviceProfileEditor (146)
[2014.10.26-05.57.24:054][369]LogModuleManager: Shutting down and abandoning module UndoHistory (145)
[2014.10.26-05.57.24:054][369]LogModuleManager: Shutting down and abandoning module GameplayTagsEditor (144)
[2014.10.26-05.57.24:054][369]LogModuleManager: Shutting down and abandoning module UserFeedback (143)
[2014.10.26-05.57.24:054][369]LogModuleManager: Shutting down and abandoning module XmlParser (142)
[2014.10.26-05.57.24:054][369]LogModuleManager: Shutting down and abandoning module Blutility (141)
[2014.10.26-05.57.24:054][369]LogModuleManager: Shutting down and abandoning module AndroidPlatformEditor (138)
[2014.10.26-05.57.24:054][369]LogModuleManager: Shutting down and abandoning module AndroidRuntimeSettings (137)
[2014.10.26-05.57.24:054][369]LogModuleManager: Shutting down and abandoning module ProjectSettingsViewer (136)
[2014.10.26-05.57.24:054][369]LogModuleManager: Shutting down and abandoning module InputBindingEditor (135)
[2014.10.26-05.57.24:054][369]LogModuleManager: Shutting down and abandoning module EditorSettingsViewer (134)
[2014.10.26-05.57.24:054][369]LogModuleManager: Shutting down and abandoning module SettingsEditor (133)
[2014.10.26-05.57.24:054][369]LogModuleManager: Shutting down and abandoning module SessionLauncher (132)
[2014.10.26-05.57.24:054][369]LogModuleManager: Shutting down and abandoning module SessionFrontend (131)
[2014.10.26-05.57.24:054][369]LogModuleManager: Shutting down and abandoning module ProfilerClient (130)
[2014.10.26-05.57.24:054][369]LogModuleManager: Shutting down and abandoning module TargetDeviceServices (129)
[2014.10.26-05.57.24:054][369]LogModuleManager: Shutting down and abandoning module DeviceManager (128)
[2014.10.26-05.57.24:054][369]LogModuleManager: Shutting down and abandoning module AutomationController (127)
[2014.10.26-05.57.24:054][369]LogModuleManager: Shutting down and abandoning module AutomationWindow (126)
[2014.10.26-05.57.24:054][369]LogModuleManager: Shutting down and abandoning module Layers (125)
[2014.10.26-05.57.24:054][369]LogModuleManager: Shutting down and abandoning module ComponentVisualizers (124)
[2014.10.26-05.57.24:054][369]LogModuleManager: Shutting down and abandoning module DetailCustomizations (123)
[2014.10.26-05.57.24:055][369]LogModuleManager: Shutting down and abandoning module PackagesDialog (122)
[2014.10.26-05.57.24:055][369]LogModuleManager: Shutting down and abandoning module PropertyEditor (121)
[2014.10.26-05.57.24:055][369]LogModuleManager: Shutting down and abandoning module DirectoryWatcher (120)
[2014.10.26-05.57.24:055][369]LogModuleManager: Shutting down and abandoning module AssetRegistry (119)
[2014.10.26-05.57.24:180][369]LogModuleManager: Shutting down and abandoning module Persona (118)
[2014.10.26-05.57.24:180][369]LogModuleManager: Shutting down and abandoning module GraphEditor (117)
[2014.10.26-05.57.24:180][369]LogModuleManager: Shutting down and abandoning module ContentBrowser (116)
[2014.10.26-05.57.24:180][369]LogModuleManager: Shutting down and abandoning module ClassViewer (115)
[2014.10.26-05.57.24:180][369]LogModuleManager: Shutting down and abandoning module Toolbox (114)
[2014.10.26-05.57.24:180][369]LogModuleManager: Shutting down and abandoning module ModuleUI (113)
[2014.10.26-05.57.24:180][369]LogModuleManager: Shutting down and abandoning module Sequencer (112)
[2014.10.26-05.57.24:180][369]LogModuleManager: Shutting down and abandoning module AssetTools (111)
[2014.10.26-05.57.24:180][369]LogModuleManager: Shutting down and abandoning module MovieSceneTools (110)
[2014.10.26-05.57.24:180][369]LogModuleManager: Shutting down and abandoning module OutputLog (109)
[2014.10.26-05.57.24:180][369]LogModuleManager: Shutting down and abandoning module GammaUI (108)
[2014.10.26-05.57.24:180][369]LogModuleManager: Shutting down and abandoning module Documentation (107)
[2014.10.26-05.57.24:180][369]LogModuleManager: Shutting down and abandoning module DesktopPlatform (106)
[2014.10.26-05.57.24:180][369]LogModuleManager: Shutting down and abandoning module StreamingPauseRendering (105)
[2014.10.26-05.57.24:180][369]LogModuleManager: Shutting down and abandoning module AnalyticsET (104)
[2014.10.26-05.57.24:180][369]LogModuleManager: Shutting down and abandoning module Analytics (103)
[2014.10.26-05.57.24:180][369]LogModuleManager: Shutting down and abandoning module ProfilerService (102)
[2014.10.26-05.57.24:374][369]LogModuleManager: Shutting down and abandoning module TaskGraph (101)
[2014.10.26-05.57.24:374][369]LogModuleManager: Shutting down and abandoning module GameProjectGeneration (100)
[2014.10.26-05.57.24:374][369]LogModuleManager: Shutting down and abandoning module Matinee (99)
[2014.10.26-05.57.24:374][369]LogModuleManager: Shutting down and abandoning module Kismet (98)
[2014.10.26-05.57.24:374][369]LogModuleManager: Shutting down and abandoning module SlateReflector (97)
[2014.10.26-05.57.24:374][369]LogModuleManager: Shutting down and abandoning module LevelEditor (96)
[2014.10.26-05.57.24:375][369]LogModuleManager: Shutting down and abandoning module MainFrame (95)
[2014.10.26-05.57.24:375][369]LogModuleManager: Shutting down and abandoning module SourceControl (94)
[2014.10.26-05.57.24:375][369]LogModuleManager: Shutting down and abandoning module ImageWrapper (93)
[2014.10.26-05.57.24:375][369]LogModuleManager: Shutting down and abandoning module OnlineBlueprintSupport (92)
[2014.10.26-05.57.24:376][369]LogModuleManager: Shutting down and abandoning module FunctionalTesting (91)
[2014.10.26-05.57.24:376][369]LogModuleManager: Shutting down and abandoning module CollisionAnalyzer (90)
[2014.10.26-05.57.24:376][369]LogModuleManager: Shutting down and abandoning module WorkspaceMenuStructure (89)
[2014.10.26-05.57.24:376][369]LogModuleManager: Shutting down and abandoning module MessageLog (88)
[2014.10.26-05.57.24:376][369]LogModuleManager: Shutting down and abandoning module Slate (87)
[2014.10.26-05.57.24:376][369]LogModuleManager: Shutting down and abandoning module EditorStyle (86)
[2014.10.26-05.57.24:379][369]LogModuleManager: Shutting down and abandoning module SessionServices (85)
[2014.10.26-05.57.24:379][369]LogModuleManager: Shutting down and abandoning module Messaging (84)
[2014.10.26-05.57.24:379][369]LogModuleManager: Shutting down and abandoning module SourceCodeAccess (83)
[2014.10.26-05.57.24:379][369]LogModuleManager: Shutting down and abandoning module HeadMountedDisplay (82)
[2014.10.26-05.57.24:379][369]LogModuleManager: Shutting down and abandoning module XAudio2 (81)
[2014.10.26-05.57.24:379][369]LogModuleManager: Shutting down and abandoning module Networking (79)
[2014.10.26-05.57.24:379][369]LogModuleManager: Shutting down and abandoning module Core (78)
[2014.10.26-05.57.24:379][369]LogModuleManager: Shutting down and abandoning module KismetCompiler (77)
[2014.10.26-05.57.24:379][369]LogModuleManager: Shutting down and abandoning module PhysXFormats (76)
[2014.10.26-05.57.24:379][369]LogModuleManager: Shutting down and abandoning module SimplygonMeshReduction (75)
[2014.10.26-05.57.24:379][369]LogModuleManager: Shutting down and abandoning module MeshUtilities (74)
[2014.10.26-05.57.24:379][369]LogModuleManager: Shutting down and abandoning module DerivedDataCache (73)
[2014.10.26-05.57.24:423][369]LogDerivedDataCache: Shutdown
[2014.10.26-05.57.24:423][369]LogModuleManager: Shutting down and abandoning module ShaderFormatOpenGL (72)
[2014.10.26-05.57.24:423][369]LogModuleManager: Shutting down and abandoning module ShaderFormatD3D (71)
[2014.10.26-05.57.24:423][369]LogModuleManager: Shutting down and abandoning module TextureFormatUncompressed (70)
[2014.10.26-05.57.24:423][369]LogModuleManager: Shutting down and abandoning module TextureFormatPVR (69)
[2014.10.26-05.57.24:423][369]LogModuleManager: Shutting down and abandoning module TextureFormatDXT (68)
[2014.10.26-05.57.24:423][369]LogModuleManager: Shutting down and abandoning module TextureFormatAndroid (67)
[2014.10.26-05.57.24:423][369]LogModuleManager: Shutting down and abandoning module AudioFormatOpus (66)
[2014.10.26-05.57.24:423][369]LogModuleManager: Shutting down and abandoning module AudioFormatOgg (65)
[2014.10.26-05.57.24:423][369]LogModuleManager: Shutting down and abandoning module AudioFormatADPCM (64)
[2014.10.26-05.57.24:423][369]LogModuleManager: Shutting down and abandoning module Android_PVRTCTargetPlatform (63)
[2014.10.26-05.57.24:423][369]LogModuleManager: Shutting down and abandoning module Android_ETC2TargetPlatform (62)
[2014.10.26-05.57.24:423][369]LogModuleManager: Shutting down and abandoning module Android_ETC1TargetPlatform (61)
[2014.10.26-05.57.24:423][369]LogModuleManager: Shutting down and abandoning module Android_DXTTargetPlatform (60)
[2014.10.26-05.57.24:423][369]LogModuleManager: Shutting down and abandoning module Android_ATCTargetPlatform (59)
[2014.10.26-05.57.24:423][369]LogModuleManager: Shutting down and abandoning module AndroidTargetPlatform (58)
[2014.10.26-05.57.24:423][369]LogModuleManager: Shutting down and abandoning module WindowsTargetPlatform (57)
[2014.10.26-05.57.24:423][369]LogModuleManager: Shutting down and abandoning module WindowsServerTargetPlatform (56)
[2014.10.26-05.57.24:423][369]LogModuleManager: Shutting down and abandoning module WindowsNoEditorTargetPlatform (55)
[2014.10.26-05.57.24:423][369]LogModuleManager: Shutting down and abandoning module WindowsClientTargetPlatform (54)
[2014.10.26-05.57.24:423][369]LogModuleManager: Shutting down and abandoning module TargetPlatform (53)
[2014.10.26-05.57.24:423][369]LogModuleManager: Shutting down and abandoning module InputCore (52)
[2014.10.26-05.57.24:423][369]LogModuleManager: Shutting down and abandoning module Settings (51)
[2014.10.26-05.57.24:423][369]LogModuleManager: Shutting down and abandoning module TextureCompressor (48)
[2014.10.26-05.57.24:424][369]LogModuleManager: Shutting down and abandoning module ShaderCore (47)
[2014.10.26-05.57.24:424][369]LogModuleManager: Shutting down and abandoning module OpenGLDrv (46)
[2014.10.26-05.57.24:424][369]LogModuleManager: Shutting down and abandoning module D3D11RHI (45)
[2014.10.26-05.57.24:424][369]LogModuleManager: Shutting down and abandoning module SlateRHIRenderer (44)
[2014.10.26-05.57.24:424][369]LogModuleManager: Shutting down and abandoning module Renderer (43)
[2014.10.26-05.57.24:424][369]LogModuleManager: Shutting down and abandoning module Engine (42)
[2014.10.26-05.57.24:424][369]LogModuleManager: Shutting down and abandoning module SlateRemote (41)
[2014.10.26-05.57.24:424][369]LogModuleManager: Shutting down and abandoning module ScriptPlugin (40)
[2014.10.26-05.57.24:424][369]LogModuleManager: Shutting down and abandoning module ScriptEditorPlugin (38)
[2014.10.26-05.57.24:424][369]LogModuleManager: Shutting down and abandoning module WindowsMoviePlayer (37)
[2014.10.26-05.57.24:426][369]LogModuleManager: Shutting down and abandoning module ExampleDeviceProfileSelector (32)
[2014.10.26-05.57.24:426][369]LogModuleManager: Shutting down and abandoning module CustomMeshComponent (31)
[2014.10.26-05.57.24:426][369]LogModuleManager: Shutting down and abandoning module CableComponent (30)
[2014.10.26-05.57.24:426][369]LogModuleManager: Shutting down and abandoning module OculusRift (26)
[2014.10.26-05.57.24:426][369]LogModuleManager: Shutting down and abandoning module UdpMessaging (25)
[2014.10.26-05.57.24:526][369]LogModuleManager: Shutting down and abandoning module MessagingDebugger (24)
[2014.10.26-05.57.24:526][369]LogModuleManager: Shutting down and abandoning module PluginsEditor (14)
[2014.10.26-05.57.24:526][369]LogModuleManager: Shutting down and abandoning module IntroTutorials (13)
[2014.10.26-05.57.24:526][369]LogModuleManager: Shutting down and abandoning module EpicSurvey (12)
[2014.10.26-05.57.24:526][369]LogModuleManager: Shutting down and abandoning module VisualStudioSourceCodeAccess (10)
[2014.10.26-05.57.24:526][369]LogModuleManager: Shutting down and abandoning module UObjectPlugin (9)
[2014.10.26-05.57.24:526][369]LogModuleManager: Shutting down and abandoning module SubversionSourceControl (8)
[2014.10.26-05.57.24:526][369]LogModuleManager: Shutting down and abandoning module PerforceSourceControl (7)
[2014.10.26-05.57.24:526][369]LogModuleManager: Shutting down and abandoning module BlankPlugin (6)
[2014.10.26-05.57.24:526][369]LogModuleManager: Shutting down and abandoning module CoreUObject (5)
[2014.10.26-05.57.24:526][369]LogModuleManager: Shutting down and abandoning module NetworkFile (4)
[2014.10.26-05.57.24:526][369]LogModuleManager: Shutting down and abandoning module StreamingFile (3)
[2014.10.26-05.57.24:526][369]LogModuleManager: Shutting down and abandoning module SandboxFile (2)
[2014.10.26-05.57.24:526][369]LogModuleManager: Shutting down and abandoning module PakFile (1)
[2014.10.26-05.57.24:526][369]LogExit: Exiting.
[2014.10.26-05.57.24:529][369]Log file closed, 10/26/14 01:57:24
