Log file open, 10/10/14 22:49:32
LogInit:Display: Running engine for game: MyProject2
LogInit: Version: 4.2.1-2101290+++depot+UE4-Releases+4.2
LogInit: Compiled (64-bit): Jun 10 2014 22:21:56
LogInit: Build Configuration: Development
LogInit: Branch Name: ++depot+UE4-Releases+4.2
LogInit: Command line: 
LogInit: Base directory: E:/Unreal Engine/4.2/Engine/Binaries/Win64/
LogInit: Rocket: 1
[2014.10.11-02.49.32:472][  0]LogTaskGraph: Started task graph with 3 named threads and 4 total threads.
[2014.10.11-02.49.32:498][  0]LogOnline:Warning: No default platform service specified for OnlineSubsystem
[2014.10.11-02.49.32:502][  0]LogInit: Presizing for 0 objects not considered by GC, pre-allocating 0 bytes.
[2014.10.11-02.49.32:506][  0]LogInit: Object subsystem initialized
[2014.10.11-02.49.32:507][  0]LogInit: Selected Device Profile: [Windows]
[2014.10.11-02.49.32:507][  0]LogInit: Applying CVar settings loaded from the selected device profile: [Windows]
[2014.10.11-02.49.32:509][  0]LogInit: Computer: DUB-PC
[2014.10.11-02.49.32:509][  0]LogInit: User: dub
[2014.10.11-02.49.32:510][  0]LogInit: CPU Page size=4096, Cores=4
[2014.10.11-02.49.32:510][  0]LogInit: High frequency timer resolution =3.417971 MHz
[2014.10.11-02.49.32:510][  0]LogMemory: Memory total: Physical=7.9GB (8GB approx) Virtual=131072.0GB
[2014.10.11-02.49.32:510][  0]LogMemory: Platform Memory Stats for Windows
[2014.10.11-02.49.32:510][  0]LogMemory: Process Physical Memory: 53.05 MB used, 53.05 MB peak
[2014.10.11-02.49.32:510][  0]LogMemory: Process Virtual Memory: 29.59 MB used, 29.59 MB peak
[2014.10.11-02.49.32:510][  0]LogMemory: Physical Memory: 2862.63 MB used, 8135.93 MB total
[2014.10.11-02.49.32:510][  0]LogMemory: Virtual Memory: 246.48 MB used, 134217728.00 MB total
[2014.10.11-02.49.32:549][  0]LogD3D11RHI: Found D3D11 adapter 0: NVIDIA GeForce GTX 670 (Feature Level 11_0)
[2014.10.11-02.49.32:549][  0]LogD3D11RHI: Adapter has 4011MB of dedicated video memory, 0MB of dedicated system memory, and 4067MB of shared system memory, 1 output[s]
[2014.10.11-02.49.32:550][  0]LogD3D11RHI: Found D3D11 adapter 1: Microsoft Basic Render Driver (Feature Level 11_0)
[2014.10.11-02.49.32:550][  0]LogD3D11RHI: Adapter has 0MB of dedicated video memory, 0MB of dedicated system memory, and 256MB of shared system memory, 0 output[s]
[2014.10.11-02.49.32:550][  0]LogD3D11RHI: Chosen D3D11 Adapter Id = 0
[2014.10.11-02.49.32:553][  0]LogRHI: Texture pool is 1361 MB (70% of 1945 MB)
[2014.10.11-02.49.32:560][  0]LogD3D11RHI: Async texture creation enabled
[2014.10.11-02.49.32:781][  0]LogContentStreaming: Texture pool size is 0.000000MB
[2014.10.11-02.49.33:356][  0]LogTargetPlatformManager:Display: Building Assets For Windows
[2014.10.11-02.49.33:444][  0]LogTargetPlatformManager:Display: Building Assets For Windows
[2014.10.11-02.49.33:464][  0]LogDerivedDataCache:Display: Max Cache Size: 512 MB
[2014.10.11-02.49.33:493][  0]LogDerivedDataCache: Loaded boot cache 0.03s 43MB C:/Users/dub/AppData/Local/UnrealEngine/4.2/DerivedDataCache/Boot.ddc.
[2014.10.11-02.49.33:493][  0]LogDerivedDataCache:Display: Loaded Boot cache: C:/Users/dub/AppData/Local/UnrealEngine/4.2/DerivedDataCache/Boot.ddc
[2014.10.11-02.49.33:493][  0]LogDerivedDataCache: FDerivedDataBackendGraph:  Pak pak cache file C:/Users/dub/Desktop/Space_Vines_Local/Space_Vines/Link-Object_prototype_withboxes/DerivedDataCache/DDC.ddp not found, will not use a pak cache.
[2014.10.11-02.49.33:493][  0]LogDerivedDataCache: Unable to find inner node Pak for hierarchical cache Hierarchy.
[2014.10.11-02.49.33:500][  0]LogDerivedDataCache:Display: Pak cache opened for reading ../../../Engine/DerivedDataCache/DDC.ddp.
[2014.10.11-02.49.33:511][  0]LogDerivedDataCache: Using Local data cache path C:/Users/dub/AppData/Local/UnrealEngine/4.2/DerivedDataCache: Writable
[2014.10.11-02.49.33:644][  0]LogMeshUtilities: No automatic mesh reduction module available
[2014.10.11-02.49.33:644][  0]LogMeshUtilities: No automatic mesh merging module available
[2014.10.11-02.49.33:864][  0]LogInit: WinSock: version 1.1 (2.2), MaxSocks=32767, MaxUdp=65467
[2014.10.11-02.49.34:158][  0]LogStreaming:Warning: Failed to read file '../../../Engine/Content/Editor/Slate/Icons/ActorIcons/GroupActor_16x.png' error.
[2014.10.11-02.49.34:158][  0]LogSlate: Could not find file for Slate resource: ../../../Engine/Content/Editor/Slate/Icons/ActorIcons/GroupActor_16x.png
[2014.10.11-02.49.34:160][  0]LogStreaming:Warning: Failed to read file '../../../Engine/Content/Editor/Slate/Icons/ActorIcons/DecalActor_16x.png' error.
[2014.10.11-02.49.34:160][  0]LogSlate: Could not find file for Slate resource: ../../../Engine/Content/Editor/Slate/Icons/ActorIcons/DecalActor_16x.png
[2014.10.11-02.49.34:360][  0]UdpMessaging: Initializing bridge on interface 0.0.0.0:0 to multicast group 230.0.0.1:6666.
[2014.10.11-02.49.34:459][  0]SourceControl: Info Source control is disabled
[2014.10.11-02.49.34:459][  0]SourceControl: Info Source control is disabled
[2014.10.11-02.49.34:461][  0]SourceControl: Info Source control is disabled
[2014.10.11-02.49.34:573][  0]BlueprintLog: New page: Editor Load
[2014.10.11-02.49.34:651][  0]LogObj: 19137 objects as part of root set at end of initial load.
[2014.10.11-02.49.34:651][  0]LogUObjectAllocator: 3804776 out of 0 bytes used by permanent object pool.
[2014.10.11-02.49.34:816][  0]LogEngine: Initializing Engine...
[2014.10.11-02.49.34:919][  0]LogInit: XAudio2 using 'Speakers (3- Plantronics GameCom 780)' : 6 channels at 44.1 kHz using 16 bits per sample (channel mask 0x60f)
[2014.10.11-02.49.34:925][  0]LogInit: FAudioDevice initialized.
[2014.10.11-02.49.34:941][  0]LogDerivedDataCache: Saved boot cache 0.02s 39MB C:/Users/dub/AppData/Local/UnrealEngine/4.2/DerivedDataCache/Boot.ddc.
[2014.10.11-02.49.34:945][  0]LogInit: Texture streaming: Enabled
[2014.10.11-02.49.34:978][  0]LogInit: Transaction tracking system initialized
[2014.10.11-02.49.35:118][  0]LogAssetRegistry: FAssetRegistry took 0.0112 seconds to start up
[2014.10.11-02.49.35:336][  0]LogModuleManager:Warning: ModuleManager: Unable to load module '' because the file was not found.
[2014.10.11-02.49.35:338][  0]LogModuleManager:Warning: ModuleManager: Unable to load module '' because the file was not found.
[2014.10.11-02.49.35:400][  0]LogConsoleResponse:Display: 
[2014.10.11-02.49.35:570][  0]SourceControl: Info Source control is disabled
[2014.10.11-02.49.35:571][  0]Cmd: MAP LOAD FILE="C:/Users/dub/Desktop/Space_Vines_Local/Space_Vines/Link-Object_prototype_withboxes/Content/Maps/GameLevels/Two.umap" TEMPLATE=0 SHOWPROGRESS=1 WORLDCOMPOSITION=0
[2014.10.11-02.49.35:571][  0]LightingResults: New page: Lighting Build
[2014.10.11-02.49.35:575][  0]MapCheck: New page: Map Check
[2014.10.11-02.49.35:575][  0]LightingResults: New page: Lighting Build
[2014.10.11-02.49.35:583][  0]LogParticles: Destroying 0 GPU particle simulations for FXSystem 0x00000097857FCAE0
[2014.10.11-02.49.36:010][  0]LogTexture:Display: Building textures: HQ_Lightmap0_2 (AutoDXT)
[2014.10.11-02.49.36:220][  0]LogTexture:Display: Building textures: HQ_Lightmap0_3 (AutoDXT)
[2014.10.11-02.49.36:444][  0]LogTexture:Display: Building textures: HQ_Lightmap0_4 (AutoDXT)
[2014.10.11-02.49.36:610][  0]LogTexture:Display: Building textures: HQ_Lightmap0_5 (AutoDXT)
[2014.10.11-02.49.36:759][  0]LogTexture:Display: Building textures: HQ_Lightmap0_6 (AutoDXT)
[2014.10.11-02.49.36:803][  0]LogTexture:Display: Building textures: HQ_Lightmap0_7 (AutoDXT)
[2014.10.11-02.49.36:812][  0]LogTexture:Display: Building textures: LQ_Lightmap_0_2 (DXT1)
[2014.10.11-02.49.36:904][  0]LogTexture:Display: Building textures: LQ_Lightmap_0_3 (DXT1)
[2014.10.11-02.49.37:010][  0]LogTexture:Display: Building textures: LQ_Lightmap_0_4 (DXT1)
[2014.10.11-02.49.37:093][  0]LogTexture:Display: Building textures: LQ_Lightmap_0_5 (DXT1)
[2014.10.11-02.49.37:165][  0]LogTexture:Display: Building textures: LQ_Lightmap_0_6 (DXT1)
[2014.10.11-02.49.37:187][  0]LogTexture:Display: Building textures: LQ_Lightmap_0_7 (DXT1)
[2014.10.11-02.49.37:197][  0]LogMaterial:Warning: Material /Game/lore.lore needed to have new flag set bUsedWithStaticLighting !
[2014.10.11-02.49.37:202][  0]LogMaterial: Missing cached shader map for material lore, compiling.
[2014.10.11-02.49.37:209][  0]LogMaterial: 0.000206 seconds spent updating 1 materials, 1 interfaces, 0 instances, 0 with static permutations.
[2014.10.11-02.49.37:223][  0]LogEditorServer: Finished looking for orphan Actors (0.000 secs)
[2014.10.11-02.49.37:224][  0]Cmd: MAP CHECKDEP
[2014.10.11-02.49.37:224][  0]MapCheck: New page: Two - Oct 10, 2014, 6:49:37 PM
[2014.10.11-02.49.37:246][  0]MapCheck: Info ========== Map Check: 0 Error(s), 0 Warning(s), [22.487ms] ==========
[2014.10.11-02.49.37:246][  0]LogFileHelpers: Loading map 'Two' took 1.676
[2014.10.11-02.49.37:353][  0]LogCollectionManager: Loaded 0 collections in 0.000676 seconds
[2014.10.11-02.49.37:513][  0]LogCrashTracker: Crashtracker disabled due to settings.
[2014.10.11-02.49.37:513][  0]Cmd: MODE PLACEMENT
[2014.10.11-02.49.37:548][  0]LogLoad: Full Startup: 5.50 seconds (BP compile: 0.03 seconds)
[2014.10.11-02.49.37:564][  0]LogContentBrowser:Verbose: The content browser source was changed by the sources view to '/Game/Materials/ColorCodes'
[2014.10.11-02.49.37:716][  1]LogEpicSurvey:Warning: EnumerateFiles request failed. Invalid response. code=403 error=<?xml version="1.0" encoding="UTF-8"?>
<Error><Code>AccessDenied</Code><Message>Access Denied</Message><RequestId>265B0FFAF194B294</RequestId><HostId>AZPJ0kF8Pfk1WC7hbWG2THN+O+TFCv3/TTqHaiHCsM08zz1TGjl6PiVxOqZ882s5</HostId></Error>
[2014.10.11-02.49.37:732][  1]LogRenderer:Warning: Reallocating scene render targets to support 872x760.
[2014.10.11-02.49.37:732][  1]LogAssetRegistry: Asset discovery search completed in 2.6257 seconds
[2014.10.11-02.49.37:832][  2]LogEpicStorage:Warning: EnumerateFiles request failed. Invalid response. code=403 error=<?xml version="1.0" encoding="UTF-8"?>
<Error><Code>AccessDenied</Code><Message>Access Denied</Message><RequestId>90FFCDD7E21C52FD</RequestId><HostId>tesimH/12jY2ASGuNeVaBdtLJdFAMCstwK4H0L9SYILRHuNUGIBcz0HhgNzyA3b1</HostId></Error>
[2014.10.11-02.49.37:848][  3]LogEpicSurvey:Warning: EnumerateFiles request failed. Invalid response. code=403 error=<?xml version="1.0" encoding="UTF-8"?>
<Error><Code>AccessDenied</Code><Message>Access Denied</Message><RequestId>4BACB6F6EDCAC8B4</RequestId><HostId>F1mID8SeXxjG9D824i+JmBLgAfNr5E18zEuqMHkscK4GjINpX7CW78eekKRstYj3lDaEzAT3HEQ=</HostId></Error>
[2014.10.11-02.49.38:006][ 14]LogEpicStorage:Warning: EnumerateFiles request failed. Invalid response. code=403 error=<?xml version="1.0" encoding="UTF-8"?>
<Error><Code>AccessDenied</Code><Message>Access Denied</Message><RequestId>AC25781970B5071C</RequestId><HostId>nrJjOhrYo0TV+euYgFKnBnuGnw5MAIwU6W5NvtmdZvqAF3jkPEYNNFdna+1gdomH</HostId></Error>
[2014.10.11-02.49.38:082][ 20]LogEpicStorage:Warning: ReadFile request failed. File request already pending for filename=http://cdn.unrealengine.com/newsfeed/blueprint_icon_b.png
[2014.10.11-02.49.38:083][ 20]LogEpicStorage:Warning: ReadFile request failed. File request already pending for filename=http://cdn.unrealengine.com/newsfeed/blueprint_icon_b.png
[2014.10.11-02.49.41:537][318]LogRenderer:Warning: Reallocating scene render targets to support 1136x912.
[2014.10.11-02.50.08:133][901]Cmd: MAP LOAD FILE="C:/Users/dub/Desktop/Space_Vines_Local/Space_Vines/Link-Object_prototype_withboxes/Content/Maps/GameLevels/Three.umap" TEMPLATE=0 SHOWPROGRESS=1 WORLDCOMPOSITION=0
[2014.10.11-02.50.08:133][901]LightingResults: New page: Lighting Build
[2014.10.11-02.50.08:134][901]Cmd: MODE PLACEMENT
[2014.10.11-02.50.08:147][901]LoadErrors: New page: Loading map: Three.umap
[2014.10.11-02.50.08:148][901]MapCheck: New page: Map Check
[2014.10.11-02.50.08:148][901]LightingResults: New page: Lighting Build
[2014.10.11-02.50.08:164][901]LogParticles: Destroying 0 GPU particle simulations for FXSystem 0x00000097FEE0BB00
[2014.10.11-02.50.08:351][901]LogTexture:Display: Building textures: HQ_Lightmap0_1 (AutoDXT)
[2014.10.11-02.50.08:360][901]LogTexture:Display: Building textures: HQ_Lightmap0_21 (AutoDXT)
[2014.10.11-02.50.08:372][901]LogTexture:Display: Building textures: LQ_Lightmap_0_1 (DXT1)
[2014.10.11-02.50.08:376][901]LogTexture:Display: Building textures: LQ_Lightmap_0_21 (DXT1)
[2014.10.11-02.50.08:411][901]LogMaterial:Warning: Material /Game/Materials/Objects/lambert1.lambert1 needed to have new flag set bUsedWithStaticLighting !
[2014.10.11-02.50.08:425][901]LogMaterial: Missing cached shader map for material lambert1, compiling.
[2014.10.11-02.50.08:426][901]LogMaterial: 0.000068 seconds spent updating 1 materials, 1 interfaces, 0 instances, 0 with static permutations.
[2014.10.11-02.50.08:426][901]LogMaterial:Warning: Material /Game/Materials/Objects/blinn1.blinn1 needed to have new flag set bUsedWithStaticLighting !
[2014.10.11-02.50.08:427][901]LogMaterial: Missing cached shader map for material blinn1, compiling.
[2014.10.11-02.50.08:428][901]LogMaterial: 0.000113 seconds spent updating 1 materials, 1 interfaces, 0 instances, 0 with static permutations.
[2014.10.11-02.50.08:428][901]LogMaterial:Warning: Material /Game/Materials/Objects/blinn2.blinn2 needed to have new flag set bUsedWithStaticLighting !
[2014.10.11-02.50.08:429][901]LogMaterial: Missing cached shader map for material blinn2, compiling.
[2014.10.11-02.50.08:430][901]LogMaterial: 0.000114 seconds spent updating 1 materials, 1 interfaces, 0 instances, 0 with static permutations.
[2014.10.11-02.50.08:438][901]LogEditorServer: Finished looking for orphan Actors (0.000 secs)
[2014.10.11-02.50.08:463][901]Cmd: MAP CHECKDEP
[2014.10.11-02.50.08:463][901]MapCheck: New page: Three - Oct 10, 2014, 6:50:08 PM
[2014.10.11-02.50.08:491][901]MapCheck: Info ========== Map Check: 0 Error(s), 0 Warning(s), [28.54ms] ==========
[2014.10.11-02.50.08:491][901]LogFileHelpers: Loading map 'Three' took 0.358
[2014.10.11-02.50.08:515][902]Cmd: UpdateLandscapeEditorData -warnings
[2014.10.11-02.50.08:515][902]Cmd: UpdateLandscapeEditorData
[2014.10.11-02.50.12:860][372]MapCheck: New page: Map Check
[2014.10.11-02.50.12:883][372]Cmd: MAP REBUILD ALLVISIBLE
[2014.10.11-02.50.12:883][372]LogEditorServer: Rebuildmap Clear paths rebuilt
[2014.10.11-02.50.15:217][372]LogInstancedFoliage: Map Rebuilt - Update all BSP painted foliage!
[2014.10.11-02.50.15:782][372]LogEditorServer: Cleared 18 NULL BSP materials after rebuild.
[2014.10.11-02.50.15:782][372]LightingResults: New page: Lighting Build - Oct 10, 2014, 6:50:15 PM
[2014.10.11-02.50.19:121][372]LightingResults:Warning: Performance Warning No importance volume found and the scene is so large that the automatically synthesized volume will not yield good results.  Please add a tightly bounding lightmass importance volume to optimize your scene's quality and lighting build times.
[2014.10.11-02.50.19:135][372]LogStaticLightingSystem: Running Lightmass w/ ImmediateImport mode ENABLED
[2014.10.11-02.50.19:135][372]LogStaticLightingSystem: Running Lightmass w/ ImmediateProcess mode ENABLED
[2014.10.11-02.50.19:135][372]LogStaticLightingSystem: Running Lightmass w/ Sorting mode ENABLED
[2014.10.11-02.50.19:135][372]LogStaticLightingSystem: Running Lightmass w/ Mapping paddings ENABLED
[2014.10.11-02.50.19:135][372]LogStaticLightingSystem: Running Lightmass w/ Mapping debug paddings DISABLED
[2014.10.11-02.50.19:313][372]LogEditorBuildUtils: Build time 0:00:06
[2014.10.11-02.50.19:349][373]Cmd: UpdateLandscapeEditorData
[2014.10.11-02.50.40:759][734]LightingResults:Error: Error <None> Object has overlapping UVs.
[2014.10.11-02.50.40:759][734]LightingResults: Info <None> Lightmap UV are overlapping by 22.2 Please adjust content - Enable Error Coloring to visualize.
[2014.10.11-02.50.41:210][784]Job is a success!
[2014.10.11-02.50.42:355][785]LogTexture:Display: Building textures: HQ_Lightmap1_1 (AutoDXT)
[2014.10.11-02.50.42:503][785]LogTexture:Display: Building textures: LQ_Lightmap_0_68 (DXT1)
[2014.10.11-02.50.42:506][785]LogTexture:Display: Building textures: HQ_Lightmap0_68 (AutoDXT)
[2014.10.11-02.50.42:511][785]LogTexture:Display: Building textures: LQ_Lightmap_0_67 (DXT1)
[2014.10.11-02.50.42:521][785]LogTexture:Display: Building textures: HQ_Lightmap0_67 (AutoDXT)
[2014.10.11-02.50.42:531][785]LogTexture:Display: Building textures: LQ_Lightmap_0_66 (DXT1)
[2014.10.11-02.50.42:535][785]LogTexture:Display: Building textures: HQ_Lightmap0_66 (AutoDXT)
[2014.10.11-02.50.42:543][785]LogTexture:Display: Building textures: LQ_Lightmap_0_65 (DXT1)
[2014.10.11-02.50.42:553][785]LogTexture:Display: Building textures: HQ_Lightmap0_65 (AutoDXT)
[2014.10.11-02.50.42:563][785]LogTexture:Display: Building textures: LQ_Lightmap_0_64 (DXT1)
[2014.10.11-02.50.42:572][785]LogTexture:Display: Building textures: HQ_Lightmap0_64 (AutoDXT)
[2014.10.11-02.50.42:583][785]LogTexture:Display: Building textures: LQ_Lightmap_0_63 (DXT1)
[2014.10.11-02.50.42:592][785]LogTexture:Display: Building textures: HQ_Lightmap0_63 (AutoDXT)
[2014.10.11-02.50.42:603][785]LogTexture:Display: Building textures: LQ_Lightmap_0_62 (DXT1)
[2014.10.11-02.50.42:608][785]LogTexture:Display: Building textures: HQ_Lightmap0_62 (AutoDXT)
[2014.10.11-02.50.42:615][785]LogTexture:Display: Building textures: LQ_Lightmap_0_61 (DXT1)
[2014.10.11-02.50.42:617][785]LogTexture:Display: Building textures: HQ_Lightmap0_61 (AutoDXT)
[2014.10.11-02.50.42:619][785]LogTexture:Display: Building textures: LQ_Lightmap_0_60 (DXT1)
[2014.10.11-02.50.42:629][785]LogTexture:Display: Building textures: HQ_Lightmap0_60 (AutoDXT)
[2014.10.11-02.50.42:642][785]LogTexture:Display: Building textures: LQ_Lightmap_0_59 (DXT1)
[2014.10.11-02.50.42:644][785]LogTexture:Display: Building textures: HQ_Lightmap0_59 (AutoDXT)
[2014.10.11-02.50.42:646][785]LogTexture:Display: Building textures: LQ_Lightmap_0_58 (DXT1)
[2014.10.11-02.50.42:651][785]LogTexture:Display: Building textures: HQ_Lightmap0_58 (AutoDXT)
[2014.10.11-02.50.42:659][785]LogTexture:Display: Building textures: LQ_Lightmap_0_57 (DXT1)
[2014.10.11-02.50.42:667][785]LogTexture:Display: Building textures: HQ_Lightmap0_57 (AutoDXT)
[2014.10.11-02.50.42:677][785]LogTexture:Display: Building textures: LQ_Lightmap_0_56 (DXT1)
[2014.10.11-02.50.42:680][785]LogTexture:Display: Building textures: HQ_Lightmap0_56 (AutoDXT)
[2014.10.11-02.50.42:683][785]LogTexture:Display: Building textures: LQ_Lightmap_0_55 (DXT1)
[2014.10.11-02.50.42:687][785]LogTexture:Display: Building textures: HQ_Lightmap0_55 (AutoDXT)
[2014.10.11-02.50.42:692][785]LogTexture:Display: Building textures: LQ_Lightmap_0_54 (DXT1)
[2014.10.11-02.50.42:697][785]LogTexture:Display: Building textures: HQ_Lightmap0_54 (AutoDXT)
[2014.10.11-02.50.42:706][785]LogTexture:Display: Building textures: LQ_Lightmap_0_53 (DXT1)
[2014.10.11-02.50.42:710][785]LogTexture:Display: Building textures: HQ_Lightmap0_53 (AutoDXT)
[2014.10.11-02.50.42:712][785]LogTexture:Display: Building textures: LQ_Lightmap_0_52 (DXT1)
[2014.10.11-02.50.42:716][785]LogTexture:Display: Building textures: HQ_Lightmap0_52 (AutoDXT)
[2014.10.11-02.50.42:723][785]LogTexture:Display: Building textures: LQ_Lightmap_0_51 (DXT1)
[2014.10.11-02.50.42:727][785]LogTexture:Display: Building textures: HQ_Lightmap0_51 (AutoDXT)
[2014.10.11-02.50.42:735][785]LogTexture:Display: Building textures: LQ_Lightmap_0_50 (DXT1)
[2014.10.11-02.50.42:737][785]LogTexture:Display: Building textures: HQ_Lightmap0_50 (AutoDXT)
[2014.10.11-02.50.42:739][785]LogTexture:Display: Building textures: LQ_Lightmap_0_49 (DXT1)
[2014.10.11-02.50.42:745][785]LogTexture:Display: Building textures: HQ_Lightmap0_49 (AutoDXT)
[2014.10.11-02.50.42:753][785]LogTexture:Display: Building textures: LQ_Lightmap_0_48 (DXT1)
[2014.10.11-02.50.42:757][785]LogTexture:Display: Building textures: HQ_Lightmap0_48 (AutoDXT)
[2014.10.11-02.50.42:763][785]LogTexture:Display: Building textures: LQ_Lightmap_0_47 (DXT1)
[2014.10.11-02.50.42:769][785]LogTexture:Display: Building textures: HQ_Lightmap0_47 (AutoDXT)
[2014.10.11-02.50.42:778][785]LogTexture:Display: Building textures: LQ_Lightmap_0_46 (DXT1)
[2014.10.11-02.50.42:781][785]LogTexture:Display: Building textures: HQ_Lightmap0_46 (AutoDXT)
[2014.10.11-02.50.42:788][785]LogTexture:Display: Building textures: LQ_Lightmap_0_45 (DXT1)
[2014.10.11-02.50.42:791][785]LogTexture:Display: Building textures: HQ_Lightmap0_45 (AutoDXT)
[2014.10.11-02.50.42:794][785]LogTexture:Display: Building textures: LQ_Lightmap_0_44 (DXT1)
[2014.10.11-02.50.42:803][785]LogTexture:Display: Building textures: HQ_Lightmap0_44 (AutoDXT)
[2014.10.11-02.50.42:815][785]LogTexture:Display: Building textures: LQ_Lightmap_0_43 (DXT1)
[2014.10.11-02.50.42:821][785]LogTexture:Display: Building textures: HQ_Lightmap0_43 (AutoDXT)
[2014.10.11-02.50.42:829][785]LogTexture:Display: Building textures: LQ_Lightmap_0_42 (DXT1)
[2014.10.11-02.50.42:836][785]LogTexture:Display: Building textures: HQ_Lightmap0_42 (AutoDXT)
[2014.10.11-02.50.42:846][785]LogTexture:Display: Building textures: LQ_Lightmap_0_41 (DXT1)
[2014.10.11-02.50.42:850][785]LogTexture:Display: Building textures: HQ_Lightmap0_41 (AutoDXT)
[2014.10.11-02.50.42:852][785]LogTexture:Display: Building textures: LQ_Lightmap_0_40 (DXT1)
[2014.10.11-02.50.42:854][785]LogTexture:Display: Building textures: HQ_Lightmap0_40 (AutoDXT)
[2014.10.11-02.50.42:856][785]LogTexture:Display: Building textures: LQ_Lightmap_0_39 (DXT1)
[2014.10.11-02.50.42:863][785]LogTexture:Display: Building textures: HQ_Lightmap0_39 (AutoDXT)
[2014.10.11-02.50.42:872][785]LogTexture:Display: Building textures: LQ_Lightmap_0_38 (DXT1)
[2014.10.11-02.50.42:880][785]LogTexture:Display: Building textures: HQ_Lightmap0_38 (AutoDXT)
[2014.10.11-02.50.42:892][785]LogTexture:Display: Building textures: LQ_Lightmap_0_37 (DXT1)
[2014.10.11-02.50.42:902][785]LogTexture:Display: Building textures: HQ_Lightmap0_37 (AutoDXT)
[2014.10.11-02.50.42:913][785]LogTexture:Display: Building textures: LQ_Lightmap_0_36 (DXT1)
[2014.10.11-02.50.42:917][785]LogTexture:Display: Building textures: HQ_Lightmap0_36 (AutoDXT)
[2014.10.11-02.50.42:924][785]LogTexture:Display: Building textures: LQ_Lightmap_0_35 (DXT1)
[2014.10.11-02.50.42:926][785]LogTexture:Display: Building textures: HQ_Lightmap0_35 (AutoDXT)
[2014.10.11-02.50.42:929][785]LogTexture:Display: Building textures: LQ_Lightmap_0_34 (DXT1)
[2014.10.11-02.50.42:933][785]LogTexture:Display: Building textures: HQ_Lightmap0_34 (AutoDXT)
[2014.10.11-02.50.42:940][785]LogTexture:Display: Building textures: LQ_Lightmap_0_33 (DXT1)
[2014.10.11-02.50.42:943][785]LogTexture:Display: Building textures: HQ_Lightmap0_33 (AutoDXT)
[2014.10.11-02.50.42:945][785]LogTexture:Display: Building textures: LQ_Lightmap_0_32 (DXT1)
[2014.10.11-02.50.42:955][785]LogTexture:Display: Building textures: HQ_Lightmap0_32 (AutoDXT)
[2014.10.11-02.50.42:968][785]LogTexture:Display: Building textures: LQ_Lightmap_0_31 (DXT1)
[2014.10.11-02.50.42:971][785]LogTexture:Display: Building textures: HQ_Lightmap0_31 (AutoDXT)
[2014.10.11-02.50.42:975][785]LogTexture:Display: Building textures: LQ_Lightmap_0_30 (DXT1)
[2014.10.11-02.50.42:984][785]LogTexture:Display: Building textures: HQ_Lightmap0_30 (AutoDXT)
[2014.10.11-02.50.42:993][785]LogTexture:Display: Building textures: LQ_Lightmap_0_29 (DXT1)
[2014.10.11-02.50.43:003][785]LogTexture:Display: Building textures: HQ_Lightmap0_29 (AutoDXT)
[2014.10.11-02.50.43:014][785]LogTexture:Display: Building textures: LQ_Lightmap_0_28 (DXT1)
[2014.10.11-02.50.43:018][785]LogTexture:Display: Building textures: HQ_Lightmap0_28 (AutoDXT)
[2014.10.11-02.50.43:026][785]LogTexture:Display: Building textures: LQ_Lightmap_0_27 (DXT1)
[2014.10.11-02.50.43:031][785]LogTexture:Display: Building textures: HQ_Lightmap0_27 (AutoDXT)
[2014.10.11-02.50.43:037][785]LogTexture:Display: Building textures: LQ_Lightmap_0_26 (DXT1)
[2014.10.11-02.50.43:043][785]LogTexture:Display: Building textures: HQ_Lightmap0_26 (AutoDXT)
[2014.10.11-02.50.43:056][785]LogTexture:Display: Building textures: LQ_Lightmap_0_25 (DXT1)
[2014.10.11-02.50.43:061][785]LogTexture:Display: Building textures: HQ_Lightmap0_25 (AutoDXT)
[2014.10.11-02.50.43:069][785]LogTexture:Display: Building textures: LQ_Lightmap_0_24 (DXT1)
[2014.10.11-02.50.43:073][785]LogTexture:Display: Building textures: HQ_Lightmap0_24 (AutoDXT)
[2014.10.11-02.50.43:081][785]LogTexture:Display: Building textures: LQ_Lightmap_0_23 (DXT1)
[2014.10.11-02.50.43:089][785]LogTexture:Display: Building textures: HQ_Lightmap0_23 (AutoDXT)
[2014.10.11-02.50.43:102][785]LogTexture:Display: Building textures: LQ_Lightmap_0_22 (DXT1)
[2014.10.11-02.50.43:113][785]LogTexture:Display: Building textures: HQ_Lightmap0_22 (AutoDXT)
[2014.10.11-02.50.43:126][785]LogTexture:Display: Building textures: LQ_Lightmap_1_21 (DXT1)
[2014.10.11-02.50.43:138][785]LogTexture:Display: Building textures: HQ_Lightmap1_21 (AutoDXT)
[2014.10.11-02.50.43:151][785]LogTexture:Display: Building textures: LQ_Lightmap_0_20 (DXT1)
[2014.10.11-02.50.43:155][785]LogTexture:Display: Building textures: HQ_Lightmap0_20 (AutoDXT)
[2014.10.11-02.50.43:159][785]LogTexture:Display: Building textures: LQ_Lightmap_0_19 (DXT1)
[2014.10.11-02.50.43:172][785]LogTexture:Display: Building textures: HQ_Lightmap0_19 (AutoDXT)
[2014.10.11-02.50.43:186][785]LogTexture:Display: Building textures: LQ_Lightmap_0_18 (DXT1)
[2014.10.11-02.50.43:188][785]LogTexture:Display: Building textures: HQ_Lightmap0_18 (AutoDXT)
[2014.10.11-02.50.43:190][785]LogTexture:Display: Building textures: LQ_Lightmap_0_17 (DXT1)
[2014.10.11-02.50.43:209][785]LogTexture:Display: Building textures: HQ_Lightmap0_17 (AutoDXT)
[2014.10.11-02.50.43:234][785]LogTexture:Display: Building textures: LQ_Lightmap_0_16 (DXT1)
[2014.10.11-02.50.43:244][785]LogTexture:Display: Building textures: HQ_Lightmap0_16 (AutoDXT)
[2014.10.11-02.50.43:254][785]LogTexture:Display: Building textures: LQ_Lightmap_0_15 (DXT1)
[2014.10.11-02.50.43:266][785]LogTexture:Display: Building textures: HQ_Lightmap0_15 (AutoDXT)
[2014.10.11-02.50.43:276][785]LogTexture:Display: Building textures: LQ_Lightmap_0_14 (DXT1)
[2014.10.11-02.50.43:280][785]LogTexture:Display: Building textures: HQ_Lightmap0_14 (AutoDXT)
[2014.10.11-02.50.43:290][785]LogTexture:Display: Building textures: LQ_Lightmap_0_13 (DXT1)
[2014.10.11-02.50.43:293][785]LogTexture:Display: Building textures: HQ_Lightmap0_13 (AutoDXT)
[2014.10.11-02.50.43:298][785]LogTexture:Display: Building textures: LQ_Lightmap_0_12 (DXT1)
[2014.10.11-02.50.43:302][785]LogTexture:Display: Building textures: HQ_Lightmap0_12 (AutoDXT)
[2014.10.11-02.50.43:308][785]LogTexture:Display: Building textures: LQ_Lightmap_0_11 (DXT1)
[2014.10.11-02.50.43:320][785]LogTexture:Display: Building textures: HQ_Lightmap0_11 (AutoDXT)
[2014.10.11-02.50.43:331][785]LogTexture:Display: Building textures: LQ_Lightmap_0_10 (DXT1)
[2014.10.11-02.50.43:336][785]LogTexture:Display: Building textures: HQ_Lightmap0_10 (AutoDXT)
[2014.10.11-02.50.43:345][785]LogTexture:Display: Building textures: LQ_Lightmap_0_9 (DXT1)
[2014.10.11-02.50.43:349][785]LogTexture:Display: Building textures: HQ_Lightmap0_9 (AutoDXT)
[2014.10.11-02.50.43:352][785]LogTexture:Display: Building textures: LQ_Lightmap_0_8 (DXT1)
[2014.10.11-02.50.43:357][785]LogTexture:Display: Building textures: HQ_Lightmap0_8 (AutoDXT)
[2014.10.11-02.50.43:360][785]LogTexture:Display: Building textures: LQ_Lightmap_0_7 (DXT1)
[2014.10.11-02.50.43:366][785]LogTexture:Display: Building textures: HQ_Lightmap0_7 (AutoDXT)
[2014.10.11-02.50.43:375][785]LogTexture:Display: Building textures: LQ_Lightmap_0_6 (DXT1)
[2014.10.11-02.50.43:381][785]LogTexture:Display: Building textures: HQ_Lightmap0_6 (AutoDXT)
[2014.10.11-02.50.43:397][785]LogTexture:Display: Building textures: LQ_Lightmap_0_5 (DXT1)
[2014.10.11-02.50.43:469][785]LogTexture:Display: Building textures: HQ_Lightmap0_5 (AutoDXT)
[2014.10.11-02.50.43:646][785]LogTexture:Display: Building textures: LQ_Lightmap_0_4 (DXT1)
[2014.10.11-02.50.43:777][785]LogTexture:Display: Building textures: HQ_Lightmap0_4 (AutoDXT)
[2014.10.11-02.50.44:174][785]LogTexture:Display: Building textures: LQ_Lightmap_0_3 (DXT1)
[2014.10.11-02.50.44:323][785]LogTexture:Display: Building textures: HQ_Lightmap0_3 (AutoDXT)
[2014.10.11-02.50.44:726][785]LogTexture:Display: Building textures: LQ_Lightmap_0_2 (DXT1)
[2014.10.11-02.50.44:797][785]LogTexture:Display: Building textures: HQ_Lightmap0_2 (AutoDXT)
[2014.10.11-02.50.44:921][785]LogTexture:Display: Building textures: LQ_Lightmap_1_1 (DXT1)
[2014.10.11-02.50.45:323][785]LogTexture:Display: Building textures: ShadowMapTexture2D_0 (BGRA8)
[2014.10.11-02.50.45:748][785]LogTexture:Display: Building textures: ShadowMapTexture2D_1 (BGRA8)
[2014.10.11-02.50.45:925][785]LogTexture:Display: Building textures: ShadowMapTexture2D_2 (BGRA8)
[2014.10.11-02.50.45:950][785]LogTexture:Display: Building textures: ShadowMapTexture2D_3 (BGRA8)
[2014.10.11-02.50.45:953][785]LogTexture:Display: Building textures: ShadowMapTexture2D_4 (BGRA8)
[2014.10.11-02.50.45:956][785]LogTexture:Display: Building textures: ShadowMapTexture2D_5 (BGRA8)
[2014.10.11-02.50.45:958][785]LogTexture:Display: Building textures: ShadowMapTexture2D_6 (BGRA8)
[2014.10.11-02.50.45:961][785]LogTexture:Display: Building textures: ShadowMapTexture2D_7 (BGRA8)
[2014.10.11-02.50.45:963][785]LogTexture:Display: Building textures: ShadowMapTexture2D_8 (BGRA8)
[2014.10.11-02.50.45:966][785]LogTexture:Display: Building textures: ShadowMapTexture2D_9 (BGRA8)
[2014.10.11-02.50.45:969][785]LogTexture:Display: Building textures: ShadowMapTexture2D_10 (BGRA8)
[2014.10.11-02.50.45:971][785]LogTexture:Display: Building textures: ShadowMapTexture2D_11 (BGRA8)
[2014.10.11-02.50.45:975][785]LogTexture:Display: Building textures: ShadowMapTexture2D_12 (BGRA8)
[2014.10.11-02.50.45:977][785]LogTexture:Display: Building textures: ShadowMapTexture2D_13 (BGRA8)
[2014.10.11-02.50.45:984][785]LogTexture:Display: Building textures: ShadowMapTexture2D_14 (BGRA8)
[2014.10.11-02.50.45:987][785]LogTexture:Display: Building textures: ShadowMapTexture2D_15 (BGRA8)
[2014.10.11-02.50.45:989][785]LogTexture:Display: Building textures: ShadowMapTexture2D_16 (BGRA8)
[2014.10.11-02.50.45:992][785]LogTexture:Display: Building textures: ShadowMapTexture2D_17 (BGRA8)
[2014.10.11-02.50.45:994][785]LogTexture:Display: Building textures: ShadowMapTexture2D_18 (BGRA8)
[2014.10.11-02.50.45:997][785]LogTexture:Display: Building textures: ShadowMapTexture2D_19 (BGRA8)
[2014.10.11-02.50.46:000][785]LogTexture:Display: Building textures: ShadowMapTexture2D_20 (BGRA8)
[2014.10.11-02.50.46:002][785]LogTexture:Display: Building textures: ShadowMapTexture2D_21 (BGRA8)
[2014.10.11-02.50.46:005][785]LogTexture:Display: Building textures: ShadowMapTexture2D_22 (BGRA8)
[2014.10.11-02.50.46:007][785]LogTexture:Display: Building textures: ShadowMapTexture2D_23 (BGRA8)
[2014.10.11-02.50.46:010][785]LogTexture:Display: Building textures: ShadowMapTexture2D_24 (BGRA8)
[2014.10.11-02.50.46:012][785]LogTexture:Display: Building textures: ShadowMapTexture2D_25 (BGRA8)
[2014.10.11-02.50.46:015][785]LogTexture:Display: Building textures: ShadowMapTexture2D_26 (BGRA8)
[2014.10.11-02.50.46:018][785]LogTexture:Display: Building textures: ShadowMapTexture2D_27 (BGRA8)
[2014.10.11-02.50.46:020][785]LogTexture:Display: Building textures: ShadowMapTexture2D_28 (BGRA8)
[2014.10.11-02.50.46:023][785]LogTexture:Display: Building textures: ShadowMapTexture2D_29 (BGRA8)
[2014.10.11-02.50.46:025][785]LogTexture:Display: Building textures: ShadowMapTexture2D_30 (BGRA8)
[2014.10.11-02.50.46:028][785]LogTexture:Display: Building textures: ShadowMapTexture2D_31 (BGRA8)
[2014.10.11-02.50.46:030][785]LogTexture:Display: Building textures: ShadowMapTexture2D_32 (BGRA8)
[2014.10.11-02.50.46:033][785]LogTexture:Display: Building textures: ShadowMapTexture2D_33 (BGRA8)
[2014.10.11-02.50.46:035][785]LogTexture:Display: Building textures: ShadowMapTexture2D_34 (BGRA8)
[2014.10.11-02.50.46:038][785]LogTexture:Display: Building textures: ShadowMapTexture2D_35 (BGRA8)
[2014.10.11-02.50.46:040][785]LogTexture:Display: Building textures: ShadowMapTexture2D_36 (BGRA8)
[2014.10.11-02.50.46:043][785]LogTexture:Display: Building textures: ShadowMapTexture2D_37 (BGRA8)
[2014.10.11-02.50.46:045][785]LogTexture:Display: Building textures: ShadowMapTexture2D_38 (BGRA8)
[2014.10.11-02.50.46:049][785]LogTexture:Display: Building textures: ShadowMapTexture2D_39 (BGRA8)
[2014.10.11-02.50.46:052][785]LogTexture:Display: Building textures: ShadowMapTexture2D_40 (BGRA8)
[2014.10.11-02.50.46:054][785]LogTexture:Display: Building textures: ShadowMapTexture2D_41 (BGRA8)
[2014.10.11-02.50.46:057][785]LogTexture:Display: Building textures: ShadowMapTexture2D_42 (BGRA8)
[2014.10.11-02.50.46:060][785]LogTexture:Display: Building textures: ShadowMapTexture2D_43 (BGRA8)
[2014.10.11-02.50.46:062][785]LogTexture:Display: Building textures: ShadowMapTexture2D_44 (BGRA8)
[2014.10.11-02.50.46:065][785]LogTexture:Display: Building textures: ShadowMapTexture2D_45 (BGRA8)
[2014.10.11-02.50.46:068][785]LogTexture:Display: Building textures: ShadowMapTexture2D_46 (BGRA8)
[2014.10.11-02.50.46:070][785]LogTexture:Display: Building textures: ShadowMapTexture2D_47 (BGRA8)
[2014.10.11-02.50.46:073][785]LogTexture:Display: Building textures: ShadowMapTexture2D_48 (BGRA8)
[2014.10.11-02.50.46:076][785]LogTexture:Display: Building textures: ShadowMapTexture2D_49 (BGRA8)
[2014.10.11-02.50.46:078][785]LogTexture:Display: Building textures: ShadowMapTexture2D_50 (BGRA8)
[2014.10.11-02.50.46:081][785]LogTexture:Display: Building textures: ShadowMapTexture2D_51 (BGRA8)
[2014.10.11-02.50.46:083][785]LogTexture:Display: Building textures: ShadowMapTexture2D_52 (BGRA8)
[2014.10.11-02.50.46:086][785]LogTexture:Display: Building textures: ShadowMapTexture2D_53 (BGRA8)
[2014.10.11-02.50.46:088][785]LogTexture:Display: Building textures: ShadowMapTexture2D_54 (BGRA8)
[2014.10.11-02.50.46:090][785]LogTexture:Display: Building textures: ShadowMapTexture2D_55 (BGRA8)
[2014.10.11-02.50.46:093][785]LogTexture:Display: Building textures: ShadowMapTexture2D_56 (BGRA8)
[2014.10.11-02.50.46:096][785]LogTexture:Display: Building textures: ShadowMapTexture2D_57 (BGRA8)
[2014.10.11-02.50.46:098][785]LogTexture:Display: Building textures: ShadowMapTexture2D_58 (BGRA8)
[2014.10.11-02.50.46:101][785]LogTexture:Display: Building textures: ShadowMapTexture2D_59 (BGRA8)
[2014.10.11-02.50.46:104][785]LogTexture:Display: Building textures: ShadowMapTexture2D_60 (BGRA8)
[2014.10.11-02.50.46:106][785]LogTexture:Display: Building textures: ShadowMapTexture2D_61 (BGRA8)
[2014.10.11-02.50.46:109][785]LogTexture:Display: Building textures: ShadowMapTexture2D_62 (BGRA8)
[2014.10.11-02.50.46:112][785]LogTexture:Display: Building textures: ShadowMapTexture2D_63 (BGRA8)
[2014.10.11-02.50.46:114][785]LogTexture:Display: Building textures: ShadowMapTexture2D_64 (BGRA8)
[2014.10.11-02.50.46:116][785]LogTexture:Display: Building textures: ShadowMapTexture2D_65 (BGRA8)
[2014.10.11-02.50.46:149][785]Lightmass on DUB-PC: 26.3 sec total, 724 ms importing, 39 ms setup, 2.51 sec photons, 23.0 sec processing, 0 ms extra exporting [2445/2445 mappings]. Threads: 3:27 min total, 2:19 min processing.
[2014.10.11-02.50.46:263][785]LogStaticLightingSystem:Warning: Illumination: 30.4 sec (4.10 sec encoding lightmaps)
[2014.10.11-02.50.46:263][785]LogStaticLightingSystem: Lightmap texture memory:  8.1 MB (1.4 MB streaming, 6.7 MB non-streaming), 136 textures
[2014.10.11-02.50.46:263][785]LogStaticLightingSystem: Shadowmap texture memory: 0.0 MB (0.0 MB streaming, 0.0 MB non-streaming), 66 textures
[2014.10.11-02.50.47:146][786]Cmd: UpdateLandscapeEditorData
[2014.10.11-02.50.47:147][786]Cmd: MAP CHECK NOTIFYRESULTS
[2014.10.11-02.50.47:147][786]MapCheck: New page: Three - Oct 10, 2014, 6:50:47 PM
[2014.10.11-02.50.47:192][786]MapCheck: Info ========== Map Check: 0 Error(s), 0 Warning(s), [45.42ms] ==========
[2014.10.11-02.50.51:603][307]BlueprintLog: New page: Pre-PIE auto-recompile
[2014.10.11-02.50.51:604][307]LogPlayLevel: [PIE] Compiling Three before PIE...
[2014.10.11-02.50.51:648][307]LogPlayLevel: PIE:  Blueprint regeneration took 43 ms (1 blueprints)
[2014.10.11-02.50.51:648][307]PIE: New page: PIE session: Three (Oct 10, 2014, 6:50:51 PM)
[2014.10.11-02.50.51:699][307]LogBlueprint:Warning: FMemberReference::ResolveMember (K2_SetActorLocation) bSelfContext == true, but no scope supplied!
[2014.10.11-02.50.51:699][307]LogBlueprint:Warning: FMemberReference::ResolveMember (K2_GetActorLocation) bSelfContext == true, but no scope supplied!
[2014.10.11-02.50.51:699][307]LogBlueprint:Warning: FMemberReference::ResolveMember (SetActorRotation) bSelfContext == true, but no scope supplied!
[2014.10.11-02.50.51:699][307]LogBlueprint:Warning: FMemberReference::ResolveMember (K2_GetActorRotation) bSelfContext == true, but no scope supplied!
[2014.10.11-02.50.51:699][307]LogBlueprint:Warning: FMemberReference::ResolveMember (K2_GetActorLocation) bSelfContext == true, but no scope supplied!
[2014.10.11-02.50.51:699][307]LogBlueprint:Warning: FMemberReference::ResolveMember (K2_SetActorLocation) bSelfContext == true, but no scope supplied!
[2014.10.11-02.50.51:699][307]LogBlueprint:Warning: FMemberReference::ResolveMember (K2_SetActorLocation) bSelfContext == true, but no scope supplied!
[2014.10.11-02.50.51:699][307]LogBlueprint:Warning: FMemberReference::ResolveMember (K2_GetActorLocation) bSelfContext == true, but no scope supplied!
[2014.10.11-02.50.51:699][307]LogBlueprint:Warning: FMemberReference::ResolveMember (K2_SetActorLocation) bSelfContext == true, but no scope supplied!
[2014.10.11-02.50.51:699][307]LogBlueprint:Warning: FMemberReference::ResolveMember (K2_GetActorLocation) bSelfContext == true, but no scope supplied!
[2014.10.11-02.50.51:699][307]LogBlueprint:Warning: FMemberReference::ResolveMember (SetActorRotation) bSelfContext == true, but no scope supplied!
[2014.10.11-02.50.51:699][307]LogBlueprint:Warning: FMemberReference::ResolveMember (K2_GetActorRotation) bSelfContext == true, but no scope supplied!
[2014.10.11-02.50.51:699][307]LogBlueprint:Warning: FMemberReference::ResolveMember (K2_GetActorLocation) bSelfContext == true, but no scope supplied!
[2014.10.11-02.50.51:699][307]LogBlueprint:Warning: FMemberReference::ResolveMember (K2_SetActorLocation) bSelfContext == true, but no scope supplied!
[2014.10.11-02.50.51:699][307]LogBlueprint:Warning: FMemberReference::ResolveMember (K2_SetActorLocation) bSelfContext == true, but no scope supplied!
[2014.10.11-02.50.51:699][307]LogBlueprint:Warning: FMemberReference::ResolveMember (K2_GetActorLocation) bSelfContext == true, but no scope supplied!
[2014.10.11-02.50.51:720][307]LogPlayLevel: PIE: StaticDuplicateObject took: (0.072806s)
[2014.10.11-02.50.51:721][307]LogPlayLevel: PIE: World Init took: (0.000920s)
[2014.10.11-02.50.51:722][307]LogPlayLevel: PIE: Created PIE world by copying editor world from /Game/Maps/GameLevels/Three.Three to /Game/Maps/GameLevels/UEDPIE_0_Three.Three (0.073980s)
[2014.10.11-02.50.51:722][307]LogLinker:Warning: Can't find file '/Game/Blueprints/MyCharacter'
[2014.10.11-02.50.51:722][307]LogLinker:Warning: Can't find file for asset '/Game/Blueprints/MyCharacter' while loading C:/Users/dub/Desktop/Space_Vines_Local/Space_Vines/Link-Object_prototype_withboxes/Content/Blueprints/MyGame.uasset.
[2014.10.11-02.50.51:722][307]LoadErrors:Error: Error /Game/Blueprints/MyGame : Can't find file for asset. /Game/Blueprints/MyCharacter
[2014.10.11-02.50.51:723][307]LogLinker:Warning: Can't find file '/Game/Blueprints/MyCharacter'
[2014.10.11-02.50.51:723][307]LogLinker:Warning: Can't find file for asset '/Game/Blueprints/MyCharacter' while loading C:/Users/dub/Desktop/Space_Vines_Local/Space_Vines/Link-Object_prototype_withboxes/Content/Blueprints/MyGame.uasset.
[2014.10.11-02.50.51:723][307]LogLinker:Warning: Can't find file '/Game/Blueprints/MyCharacter'
[2014.10.11-02.50.51:723][307]LoadErrors: Info Failed to load /Game/Blueprints/MyCharacter.MyCharacter_C Referenced by MyGame_C Property /Script/Engine.GameMode:DefaultPawnClass
[2014.10.11-02.50.51:723][307]LogLinker:Warning: Can't find file for asset '/Game/Blueprints/MyCharacter' while loading NULL.
[2014.10.11-02.50.51:724][307]LogWorld: Game class is 'MyGame_C'
[2014.10.11-02.50.51:791][307]LogWorld: Bringing World /Game/Maps/GameLevels/UEDPIE_0_Three.Three up for play (max tick rate 0) at 2014.10.10-22.50.51
[2014.10.11-02.50.51:797][307]LogWorld: Bringing up level for play took: 0.013532
[2014.10.11-02.50.51:797][307]LogPlayerController: Spawned spectator SpectatorPawn_0 [server:1]
[2014.10.11-02.50.51:797][307]LogGameMode: RestartPlayer 256
[2014.10.11-02.50.51:799][307]PIE: Info Play in editor start time for /Game/Maps/GameLevels/UEDPIE_0_Three -0.584
[2014.10.11-02.51.01:065][400]LogParticles: Destroying 0 GPU particle simulations for FXSystem 0x000000978A057100
[2014.10.11-02.51.09:636][400]LogEditorViewport: Clicking on Actor (LMB): PlayerStart (Player Start)
[2014.10.11-02.51.17:463][331]BlueprintLog: New page: Pre-PIE auto-recompile
[2014.10.11-02.51.17:463][331]LogPlayLevel: [PIE] Compiling Three before PIE...
[2014.10.11-02.51.17:500][331]LogPlayLevel: PIE:  Blueprint regeneration took 36 ms (1 blueprints)
[2014.10.11-02.51.17:500][331]PIE: New page: SIE session: Three (Oct 10, 2014, 6:51:17 PM)
[2014.10.11-02.51.17:553][331]LogBlueprint:Warning: FMemberReference::ResolveMember (K2_SetActorLocation) bSelfContext == true, but no scope supplied!
[2014.10.11-02.51.17:553][331]LogBlueprint:Warning: FMemberReference::ResolveMember (K2_GetActorLocation) bSelfContext == true, but no scope supplied!
[2014.10.11-02.51.17:553][331]LogBlueprint:Warning: FMemberReference::ResolveMember (SetActorRotation) bSelfContext == true, but no scope supplied!
[2014.10.11-02.51.17:553][331]LogBlueprint:Warning: FMemberReference::ResolveMember (K2_GetActorRotation) bSelfContext == true, but no scope supplied!
[2014.10.11-02.51.17:553][331]LogBlueprint:Warning: FMemberReference::ResolveMember (K2_GetActorLocation) bSelfContext == true, but no scope supplied!
[2014.10.11-02.51.17:553][331]LogBlueprint:Warning: FMemberReference::ResolveMember (K2_SetActorLocation) bSelfContext == true, but no scope supplied!
[2014.10.11-02.51.17:553][331]LogBlueprint:Warning: FMemberReference::ResolveMember (K2_SetActorLocation) bSelfContext == true, but no scope supplied!
[2014.10.11-02.51.17:553][331]LogBlueprint:Warning: FMemberReference::ResolveMember (K2_GetActorLocation) bSelfContext == true, but no scope supplied!
[2014.10.11-02.51.17:553][331]LogBlueprint:Warning: FMemberReference::ResolveMember (K2_SetActorLocation) bSelfContext == true, but no scope supplied!
[2014.10.11-02.51.17:553][331]LogBlueprint:Warning: FMemberReference::ResolveMember (K2_GetActorLocation) bSelfContext == true, but no scope supplied!
[2014.10.11-02.51.17:553][331]LogBlueprint:Warning: FMemberReference::ResolveMember (SetActorRotation) bSelfContext == true, but no scope supplied!
[2014.10.11-02.51.17:553][331]LogBlueprint:Warning: FMemberReference::ResolveMember (K2_GetActorRotation) bSelfContext == true, but no scope supplied!
[2014.10.11-02.51.17:553][331]LogBlueprint:Warning: FMemberReference::ResolveMember (K2_GetActorLocation) bSelfContext == true, but no scope supplied!
[2014.10.11-02.51.17:553][331]LogBlueprint:Warning: FMemberReference::ResolveMember (K2_SetActorLocation) bSelfContext == true, but no scope supplied!
[2014.10.11-02.51.17:553][331]LogBlueprint:Warning: FMemberReference::ResolveMember (K2_SetActorLocation) bSelfContext == true, but no scope supplied!
[2014.10.11-02.51.17:553][331]LogBlueprint:Warning: FMemberReference::ResolveMember (K2_GetActorLocation) bSelfContext == true, but no scope supplied!
[2014.10.11-02.51.17:574][331]LogPlayLevel: PIE: StaticDuplicateObject took: (0.073987s)
[2014.10.11-02.51.17:575][331]LogPlayLevel: PIE: World Init took: (0.000765s)
[2014.10.11-02.51.17:575][331]LogPlayLevel: PIE: Created PIE world by copying editor world from /Game/Maps/GameLevels/Three.Three to /Game/Maps/GameLevels/UEDPIE_0_Three.Three (0.074952s)
[2014.10.11-02.51.17:575][331]LogWorld: Game class is 'MyGame_C'
[2014.10.11-02.51.17:576][331]LogSelection:Warning: PIE object was selected: "PlayerStart /Game/Maps/GameLevels/UEDPIE_0_Three.Three:PersistentLevel.PlayerStart"
[2014.10.11-02.51.17:616][331]LogWorld: Bringing World /Game/Maps/GameLevels/UEDPIE_0_Three.Three up for play (max tick rate 0) at 2014.10.10-22.51.17
[2014.10.11-02.51.17:627][331]LogWorld: Bringing up level for play took: 0.018410
[2014.10.11-02.51.17:628][331]LogPlayerController: Spawned spectator SpectatorPawn_1 [server:1]
[2014.10.11-02.51.17:629][331]PIE: Info Play in editor start time for /Game/Maps/GameLevels/UEDPIE_0_Three -0.754
[2014.10.11-02.51.17:642][331]LogSelection:Warning: PIE object was selected: "PlayerStart /Game/Maps/GameLevels/UEDPIE_0_Three.Three:PersistentLevel.PlayerStart"
[2014.10.11-02.51.22:200][830]LogSelection:Warning: PIE object was selected: "PlayerCameraManager /Game/Maps/GameLevels/UEDPIE_0_Three.Three:PersistentLevel.PlayerCameraManager_1"
[2014.10.11-02.51.23:912][ 34]LogSelection:Warning: PIE object was selected: "PlayerController /Game/Maps/GameLevels/UEDPIE_0_Three.Three:PersistentLevel.PlayerController_1"
[2014.10.11-02.51.24:804][140]LogSelection:Warning: PIE object was selected: "Brush /Game/Maps/GameLevels/UEDPIE_0_Three.Three:PersistentLevel.Roof"
[2014.10.11-02.51.26:017][285]LogSelection:Warning: PIE object was selected: "PlayerState /Game/Maps/GameLevels/UEDPIE_0_Three.Three:PersistentLevel.PlayerState_1"
[2014.10.11-02.51.26:677][364]LogSelection:Warning: PIE object was selected: "PlayerController /Game/Maps/GameLevels/UEDPIE_0_Three.Three:PersistentLevel.PlayerController_1"
[2014.10.11-02.51.27:249][432]LogSelection:Warning: PIE object was selected: "PlayerCameraManager /Game/Maps/GameLevels/UEDPIE_0_Three.Three:PersistentLevel.PlayerCameraManager_1"
[2014.10.11-02.51.27:816][499]LogSelection:Warning: PIE object was selected: "PlayerStart /Game/Maps/GameLevels/UEDPIE_0_Three.Three:PersistentLevel.PlayerStart"
[2014.10.11-02.51.28:463][576]LogSelection:Warning: PIE object was selected: "ParticleEventManager /Game/Maps/GameLevels/UEDPIE_0_Three.Three:PersistentLevel.ParticleEventManager_4"
[2014.10.11-02.51.37:954][385]LogSelection:Warning: PIE object was selected: "PlayerState /Game/Maps/GameLevels/UEDPIE_0_Three.Three:PersistentLevel.PlayerState_1"
[2014.10.11-02.51.38:488][449]LogSelection:Warning: PIE object was selected: "PlayerController /Game/Maps/GameLevels/UEDPIE_0_Three.Three:PersistentLevel.PlayerController_1"
[2014.10.11-02.51.38:961][505]LogSelection:Warning: PIE object was selected: "PlayerCameraManager /Game/Maps/GameLevels/UEDPIE_0_Three.Three:PersistentLevel.PlayerCameraManager_1"
[2014.10.11-02.51.39:793][604]LogSelection:Warning: PIE object was selected: "PlayerStart /Game/Maps/GameLevels/UEDPIE_0_Three.Three:PersistentLevel.PlayerStart"
[2014.10.11-02.51.40:274][661]LogSelection:Warning: PIE object was selected: "ParticleEventManager /Game/Maps/GameLevels/UEDPIE_0_Three.Three:PersistentLevel.ParticleEventManager_4"
[2014.10.11-02.52.35:114][237]LogGameMode: RestartPlayer 257
[2014.10.11-02.53.12:019][134]LogGameMode: RestartPlayer 257
[2014.10.11-02.53.19:622][808]LogGameMode: RestartPlayer 257
[2014.10.11-02.53.27:729][737]LogParticles: Destroying 0 GPU particle simulations for FXSystem 0x00000097B60F71A0
[2014.10.11-02.53.31:932][237]BlueprintLog: New page: Pre-PIE auto-recompile
[2014.10.11-02.53.31:932][237]LogPlayLevel: [PIE] Compiling Three before PIE...
[2014.10.11-02.53.31:970][237]LogPlayLevel: PIE:  Blueprint regeneration took 37 ms (1 blueprints)
[2014.10.11-02.53.31:970][237]PIE: New page: SIE session: Three (Oct 10, 2014, 6:53:31 PM)
[2014.10.11-02.53.32:022][237]LogBlueprint:Warning: FMemberReference::ResolveMember (K2_SetActorLocation) bSelfContext == true, but no scope supplied!
[2014.10.11-02.53.32:022][237]LogBlueprint:Warning: FMemberReference::ResolveMember (K2_GetActorLocation) bSelfContext == true, but no scope supplied!
[2014.10.11-02.53.32:022][237]LogBlueprint:Warning: FMemberReference::ResolveMember (SetActorRotation) bSelfContext == true, but no scope supplied!
[2014.10.11-02.53.32:022][237]LogBlueprint:Warning: FMemberReference::ResolveMember (K2_GetActorRotation) bSelfContext == true, but no scope supplied!
[2014.10.11-02.53.32:022][237]LogBlueprint:Warning: FMemberReference::ResolveMember (K2_GetActorLocation) bSelfContext == true, but no scope supplied!
[2014.10.11-02.53.32:022][237]LogBlueprint:Warning: FMemberReference::ResolveMember (K2_SetActorLocation) bSelfContext == true, but no scope supplied!
[2014.10.11-02.53.32:022][237]LogBlueprint:Warning: FMemberReference::ResolveMember (K2_SetActorLocation) bSelfContext == true, but no scope supplied!
[2014.10.11-02.53.32:022][237]LogBlueprint:Warning: FMemberReference::ResolveMember (K2_GetActorLocation) bSelfContext == true, but no scope supplied!
[2014.10.11-02.53.32:022][237]LogBlueprint:Warning: FMemberReference::ResolveMember (K2_SetActorLocation) bSelfContext == true, but no scope supplied!
[2014.10.11-02.53.32:022][237]LogBlueprint:Warning: FMemberReference::ResolveMember (K2_GetActorLocation) bSelfContext == true, but no scope supplied!
[2014.10.11-02.53.32:022][237]LogBlueprint:Warning: FMemberReference::ResolveMember (SetActorRotation) bSelfContext == true, but no scope supplied!
[2014.10.11-02.53.32:022][237]LogBlueprint:Warning: FMemberReference::ResolveMember (K2_GetActorRotation) bSelfContext == true, but no scope supplied!
[2014.10.11-02.53.32:022][237]LogBlueprint:Warning: FMemberReference::ResolveMember (K2_GetActorLocation) bSelfContext == true, but no scope supplied!
[2014.10.11-02.53.32:022][237]LogBlueprint:Warning: FMemberReference::ResolveMember (K2_SetActorLocation) bSelfContext == true, but no scope supplied!
[2014.10.11-02.53.32:022][237]LogBlueprint:Warning: FMemberReference::ResolveMember (K2_SetActorLocation) bSelfContext == true, but no scope supplied!
[2014.10.11-02.53.32:022][237]LogBlueprint:Warning: FMemberReference::ResolveMember (K2_GetActorLocation) bSelfContext == true, but no scope supplied!
[2014.10.11-02.53.32:043][237]LogPlayLevel: PIE: StaticDuplicateObject took: (0.073148s)
[2014.10.11-02.53.32:044][237]LogPlayLevel: PIE: World Init took: (0.000628s)
[2014.10.11-02.53.32:044][237]LogPlayLevel: PIE: Created PIE world by copying editor world from /Game/Maps/GameLevels/Three.Three to /Game/Maps/GameLevels/UEDPIE_0_Three.Three (0.073987s)
[2014.10.11-02.53.32:044][237]LogWorld: Game class is 'MyGame_C'
[2014.10.11-02.53.32:079][237]LogWorld: Bringing World /Game/Maps/GameLevels/UEDPIE_0_Three.Three up for play (max tick rate 0) at 2014.10.10-22.53.32
[2014.10.11-02.53.32:084][237]LogWorld: Bringing up level for play took: 0.012728
[2014.10.11-02.53.32:085][237]LogPlayerController: Spawned spectator SpectatorPawn_2 [server:1]
[2014.10.11-02.53.32:086][237]PIE: Info Play in editor start time for /Game/Maps/GameLevels/UEDPIE_0_Three -0.297
[2014.10.11-02.53.38:330][940]LogContentBrowser:Verbose: The content browser source was changed by the sources view to '/Game/Blueprints'
[2014.10.11-02.53.47:255][997]LogContentBrowser:Verbose: The content browser source was changed by the sources view to '/Game/Character'
[2014.10.11-02.54.33:141][902]LogContentBrowser:Verbose: The content browser source was changed by the sources view to '/Game/Blueprints'
[2014.10.11-02.54.36:011][243]LogActorComponent: UnregisterComponent: (/Engine/Transient.CharacterMovementComponent_0) Not registered. Aborting.
[2014.10.11-02.54.36:030][243]LogParticles: Destroying 0 GPU particle simulations for FXSystem 0x000000978A7A9800
[2014.10.11-02.55.48:379][506]ImportText (LocalizedDisplayNames): Missing closing parenthesis: (Language="en",Text="Blueprint Side Scroller"
[2014.10.11-02.55.48:379][506]ImportText (LocalizedDisplayNames): Missing closing parenthesis: (Language="ko",Text=" ld"
[2014.10.11-02.55.48:383][506]LogUProjectInfo: Found 0 directories to search
[2014.10.11-02.55.48:383][506]LogUProjectInfo: FillProjectInfo took 0.0000 seconds
[2014.10.11-02.56.06:170][  5]Cmd: CLOSE_SLATE_MAINFRAME
[2014.10.11-02.56.10:824][  5]LogParticles: Destroying 0 GPU particle simulations for FXSystem 0x00000097B60A7CE0
[2014.10.11-02.56.10:936][  6]Cmd: QUIT_EDITOR
[2014.10.11-02.56.10:970][  6]LogWindowsTextInputMethodSystem:Error: Terminating failed while unadvising the language notification sink from the TSF source.
[2014.10.11-02.56.10:971][  6]LogExit: Preparing to exit.
[2014.10.11-02.56.11:697][  6]LogActorComponent: UnregisterComponent: (None.None) Not registered. Aborting.
[2014.10.11-02.56.11:697][  6]LogActorComponent: UnregisterComponent: (None.None) Not registered. Aborting.
[2014.10.11-02.56.11:697][  6]LogActorComponent: UnregisterComponent: (None.None) Not registered. Aborting.
[2014.10.11-02.56.11:697][  6]LogActorComponent: UnregisterComponent: (None.None) Not registered. Aborting.
[2014.10.11-02.56.11:697][  6]LogActorComponent: UnregisterComponent: (None.None) Not registered. Aborting.
[2014.10.11-02.56.11:697][  6]LogActorComponent: UnregisterComponent: (None.None) Not registered. Aborting.
[2014.10.11-02.56.11:697][  6]LogActorComponent: UnregisterComponent: (None.None) Not registered. Aborting.
[2014.10.11-02.56.11:697][  6]LogActorComponent: UnregisterComponent: (None.None) Not registered. Aborting.
[2014.10.11-02.56.11:697][  6]LogActorComponent: UnregisterComponent: (None.None) Not registered. Aborting.
[2014.10.11-02.56.11:697][  6]LogActorComponent: UnregisterComponent: (None.None) Not registered. Aborting.
[2014.10.11-02.56.11:697][  6]LogActorComponent: UnregisterComponent: (None.None) Not registered. Aborting.
[2014.10.11-02.56.11:697][  6]LogActorComponent: UnregisterComponent: (None.None) Not registered. Aborting.
[2014.10.11-02.56.11:706][  6]LogExit: Editor shut down
[2014.10.11-02.56.11:706][  6]LogExit: Transaction tracking system shut down
[2014.10.11-02.56.11:707][  6]LogParticles: Destroying 0 GPU particle simulations for FXSystem 0x000000978D2EB100
[2014.10.11-02.56.11:707][  6]LogParticles: Destroying 0 GPU particle simulations for FXSystem 0x000000978D2EB1A0
[2014.10.11-02.56.11:708][  6]LogParticles: Destroying 0 GPU particle simulations for FXSystem 0x000000978D91B380
[2014.10.11-02.56.11:709][  6]LogParticles: Destroying 0 GPU particle simulations for FXSystem 0x000000978600B420
[2014.10.11-02.56.11:709][  6]LogParticles: Destroying 0 GPU particle simulations for FXSystem 0x000000978A054220
[2014.10.11-02.56.11:709][  6]LogParticles: Destroying 0 GPU particle simulations for FXSystem 0x00000097B30118A0
[2014.10.11-02.56.11:736][  6]LogExit: Object subsystem successfully closed.
[2014.10.11-02.56.11:752][  6]LogModuleManager: Shutting down and abandoning module DesktopPlatform (164)
[2014.10.11-02.56.11:752][  6]LogModuleManager: Shutting down and abandoning module AndroidDeviceDetection (163)
[2014.10.11-02.56.11:752][  6]LogModuleManager: Shutting down and abandoning module CrashTracker (162)
[2014.10.11-02.56.11:752][  6]LogModuleManager: Shutting down and abandoning module HTTP (161)
[2014.10.11-02.56.11:752][  6]LogModuleManager: Shutting down and abandoning module NewsFeed (160)
[2014.10.11-02.56.11:752][  6]LogModuleManager: Shutting down and abandoning module SceneOutliner (159)
[2014.10.11-02.56.11:752][  6]LogModuleManager: Shutting down and abandoning module EditorWidgets (158)
[2014.10.11-02.56.11:752][  6]LogModuleManager: Shutting down and abandoning module CollectionManager (157)
[2014.10.11-02.56.11:752][  6]LogModuleManager: Shutting down and abandoning module StatsViewer (156)
[2014.10.11-02.56.11:752][  6]LogModuleManager: Shutting down and abandoning module FoliageEdit (155)
[2014.10.11-02.56.11:752][  6]LogModuleManager: Shutting down and abandoning module LandscapeEditor (154)
[2014.10.11-02.56.11:755][  6]LogModuleManager: Shutting down and abandoning module MeshPaint (153)
[2014.10.11-02.56.11:755][  6]LogModuleManager: Shutting down and abandoning module ActorPickerMode (152)
[2014.10.11-02.56.11:755][  6]LogModuleManager: Shutting down and abandoning module GeometryMode (151)
[2014.10.11-02.56.11:755][  6]LogModuleManager: Shutting down and abandoning module TextureAlignMode (150)
[2014.10.11-02.56.11:755][  6]LogModuleManager: Shutting down and abandoning module BspMode (149)
[2014.10.11-02.56.11:755][  6]LogModuleManager: Shutting down and abandoning module PlacementMode (148)
[2014.10.11-02.56.11:755][  6]LogModuleManager: Shutting down and abandoning module AutomationWorker (147)
[2014.10.11-02.56.11:755][  6]LogModuleManager: Shutting down and abandoning module ViewportSnapping (146)
[2014.10.11-02.56.11:755][  6]LogModuleManager: Shutting down and abandoning module DeviceProfileEditor (145)
[2014.10.11-02.56.11:755][  6]LogModuleManager: Shutting down and abandoning module UndoHistory (144)
[2014.10.11-02.56.11:755][  6]LogModuleManager: Shutting down and abandoning module GameplayTagsEditor (143)
[2014.10.11-02.56.11:755][  6]LogModuleManager: Shutting down and abandoning module UserFeedback (142)
[2014.10.11-02.56.11:755][  6]LogModuleManager: Shutting down and abandoning module XmlParser (141)
[2014.10.11-02.56.11:755][  6]LogModuleManager: Shutting down and abandoning module Blutility (140)
[2014.10.11-02.56.11:755][  6]LogModuleManager: Shutting down and abandoning module AndroidPlatformEditor (137)
[2014.10.11-02.56.11:755][  6]LogModuleManager: Shutting down and abandoning module AndroidRuntimeSettings (136)
[2014.10.11-02.56.11:755][  6]LogModuleManager: Shutting down and abandoning module ProjectSettingsViewer (135)
[2014.10.11-02.56.11:755][  6]LogModuleManager: Shutting down and abandoning module InputBindingEditor (134)
[2014.10.11-02.56.11:755][  6]LogModuleManager: Shutting down and abandoning module EditorSettingsViewer (133)
[2014.10.11-02.56.11:755][  6]LogModuleManager: Shutting down and abandoning module SettingsEditor (132)
[2014.10.11-02.56.11:755][  6]LogModuleManager: Shutting down and abandoning module SessionLauncher (131)
[2014.10.11-02.56.11:755][  6]LogModuleManager: Shutting down and abandoning module SessionFrontend (130)
[2014.10.11-02.56.11:755][  6]LogModuleManager: Shutting down and abandoning module ProfilerClient (129)
[2014.10.11-02.56.11:755][  6]LogModuleManager: Shutting down and abandoning module TargetDeviceServices (128)
[2014.10.11-02.56.11:755][  6]LogModuleManager: Shutting down and abandoning module DeviceManager (127)
[2014.10.11-02.56.11:755][  6]LogModuleManager: Shutting down and abandoning module AutomationController (126)
[2014.10.11-02.56.11:755][  6]LogModuleManager: Shutting down and abandoning module AutomationWindow (125)
[2014.10.11-02.56.11:755][  6]LogModuleManager: Shutting down and abandoning module Layers (124)
[2014.10.11-02.56.11:755][  6]LogModuleManager: Shutting down and abandoning module ComponentVisualizers (123)
[2014.10.11-02.56.11:755][  6]LogModuleManager: Shutting down and abandoning module DetailCustomizations (122)
[2014.10.11-02.56.11:755][  6]LogModuleManager: Shutting down and abandoning module PackagesDialog (121)
[2014.10.11-02.56.11:755][  6]LogModuleManager: Shutting down and abandoning module PropertyEditor (120)
[2014.10.11-02.56.11:755][  6]LogModuleManager: Shutting down and abandoning module DirectoryWatcher (119)
[2014.10.11-02.56.11:756][  6]LogModuleManager: Shutting down and abandoning module AssetRegistry (118)
[2014.10.11-02.56.11:847][  6]LogModuleManager: Shutting down and abandoning module Persona (117)
[2014.10.11-02.56.11:847][  6]LogModuleManager: Shutting down and abandoning module GraphEditor (116)
[2014.10.11-02.56.11:847][  6]LogModuleManager: Shutting down and abandoning module ContentBrowser (115)
[2014.10.11-02.56.11:847][  6]LogModuleManager: Shutting down and abandoning module ClassViewer (114)
[2014.10.11-02.56.11:847][  6]LogModuleManager: Shutting down and abandoning module Toolbox (113)
[2014.10.11-02.56.11:847][  6]LogModuleManager: Shutting down and abandoning module ModuleUI (112)
[2014.10.11-02.56.11:847][  6]LogModuleManager: Shutting down and abandoning module Sequencer (111)
[2014.10.11-02.56.11:847][  6]LogModuleManager: Shutting down and abandoning module AssetTools (110)
[2014.10.11-02.56.11:847][  6]LogModuleManager: Shutting down and abandoning module MovieSceneTools (109)
[2014.10.11-02.56.11:847][  6]LogModuleManager: Shutting down and abandoning module OutputLog (108)
[2014.10.11-02.56.11:848][  6]LogModuleManager: Shutting down and abandoning module GammaUI (107)
[2014.10.11-02.56.11:848][  6]LogModuleManager: Shutting down and abandoning module Documentation (106)
[2014.10.11-02.56.11:848][  6]LogModuleManager: Shutting down and abandoning module StreamingPauseRendering (105)
[2014.10.11-02.56.11:848][  6]LogModuleManager: Shutting down and abandoning module AnalyticsET (104)
[2014.10.11-02.56.11:848][  6]LogModuleManager: Shutting down and abandoning module Analytics (103)
[2014.10.11-02.56.11:848][  6]LogModuleManager: Shutting down and abandoning module ProfilerService (102)
[2014.10.11-02.56.11:904][  6]LogModuleManager: Shutting down and abandoning module TaskGraph (101)
[2014.10.11-02.56.11:904][  6]LogModuleManager: Shutting down and abandoning module GameProjectGeneration (100)
[2014.10.11-02.56.11:904][  6]LogModuleManager: Shutting down and abandoning module Matinee (99)
[2014.10.11-02.56.11:904][  6]LogModuleManager: Shutting down and abandoning module Kismet (98)
[2014.10.11-02.56.11:904][  6]LogModuleManager: Shutting down and abandoning module SlateReflector (97)
[2014.10.11-02.56.11:904][  6]LogModuleManager: Shutting down and abandoning module LevelEditor (96)
[2014.10.11-02.56.11:905][  6]LogModuleManager: Shutting down and abandoning module MainFrame (95)
[2014.10.11-02.56.11:905][  6]LogModuleManager: Shutting down and abandoning module SourceControl (94)
[2014.10.11-02.56.11:905][  6]LogModuleManager: Shutting down and abandoning module ImageWrapper (93)
[2014.10.11-02.56.11:905][  6]LogModuleManager: Shutting down and abandoning module OnlineBlueprintSupport (92)
[2014.10.11-02.56.11:905][  6]LogModuleManager: Shutting down and abandoning module FunctionalTesting (91)
[2014.10.11-02.56.11:905][  6]LogModuleManager: Shutting down and abandoning module CollisionAnalyzer (90)
[2014.10.11-02.56.11:905][  6]LogModuleManager: Shutting down and abandoning module WorkspaceMenuStructure (89)
[2014.10.11-02.56.11:905][  6]LogModuleManager: Shutting down and abandoning module MessageLog (88)
[2014.10.11-02.56.11:905][  6]LogModuleManager: Shutting down and abandoning module Slate (87)
[2014.10.11-02.56.11:905][  6]LogModuleManager: Shutting down and abandoning module EditorStyle (86)
[2014.10.11-02.56.11:906][  6]LogModuleManager: Shutting down and abandoning module SessionServices (85)
[2014.10.11-02.56.11:906][  6]LogModuleManager: Shutting down and abandoning module Messaging (84)
[2014.10.11-02.56.11:906][  6]LogModuleManager: Shutting down and abandoning module SourceCodeAccess (83)
[2014.10.11-02.56.11:906][  6]LogModuleManager: Shutting down and abandoning module HeadMountedDisplay (82)
[2014.10.11-02.56.11:906][  6]LogModuleManager: Shutting down and abandoning module XAudio2 (81)
[2014.10.11-02.56.11:906][  6]LogModuleManager: Shutting down and abandoning module Networking (79)
[2014.10.11-02.56.11:906][  6]LogModuleManager: Shutting down and abandoning module Core (78)
[2014.10.11-02.56.11:906][  6]LogModuleManager: Shutting down and abandoning module KismetCompiler (77)
[2014.10.11-02.56.11:906][  6]LogModuleManager: Shutting down and abandoning module PhysXFormats (76)
[2014.10.11-02.56.11:906][  6]LogModuleManager: Shutting down and abandoning module SimplygonMeshReduction (75)
[2014.10.11-02.56.11:906][  6]LogModuleManager: Shutting down and abandoning module MeshUtilities (74)
[2014.10.11-02.56.11:906][  6]LogModuleManager: Shutting down and abandoning module DerivedDataCache (73)
[2014.10.11-02.56.11:947][  6]LogDerivedDataCache: Shutdown
[2014.10.11-02.56.11:947][  6]LogModuleManager: Shutting down and abandoning module ShaderFormatOpenGL (72)
[2014.10.11-02.56.11:947][  6]LogModuleManager: Shutting down and abandoning module ShaderFormatD3D (71)
[2014.10.11-02.56.11:947][  6]LogModuleManager: Shutting down and abandoning module TextureFormatUncompressed (70)
[2014.10.11-02.56.11:947][  6]LogModuleManager: Shutting down and abandoning module TextureFormatPVR (69)
[2014.10.11-02.56.11:947][  6]LogModuleManager: Shutting down and abandoning module TextureFormatDXT (68)
[2014.10.11-02.56.11:947][  6]LogModuleManager: Shutting down and abandoning module TextureFormatAndroid (67)
[2014.10.11-02.56.11:947][  6]LogModuleManager: Shutting down and abandoning module AudioFormatOpus (66)
[2014.10.11-02.56.11:947][  6]LogModuleManager: Shutting down and abandoning module AudioFormatOgg (65)
[2014.10.11-02.56.11:947][  6]LogModuleManager: Shutting down and abandoning module AudioFormatADPCM (64)
[2014.10.11-02.56.11:947][  6]LogModuleManager: Shutting down and abandoning module Android_PVRTCTargetPlatform (63)
[2014.10.11-02.56.11:947][  6]LogModuleManager: Shutting down and abandoning module Android_ETC2TargetPlatform (62)
[2014.10.11-02.56.11:947][  6]LogModuleManager: Shutting down and abandoning module Android_ETC1TargetPlatform (61)
[2014.10.11-02.56.11:947][  6]LogModuleManager: Shutting down and abandoning module Android_DXTTargetPlatform (60)
[2014.10.11-02.56.11:947][  6]LogModuleManager: Shutting down and abandoning module Android_ATCTargetPlatform (59)
[2014.10.11-02.56.11:947][  6]LogModuleManager: Shutting down and abandoning module AndroidTargetPlatform (58)
[2014.10.11-02.56.11:947][  6]LogModuleManager: Shutting down and abandoning module WindowsTargetPlatform (57)
[2014.10.11-02.56.11:947][  6]LogModuleManager: Shutting down and abandoning module WindowsServerTargetPlatform (56)
[2014.10.11-02.56.11:947][  6]LogModuleManager: Shutting down and abandoning module WindowsNoEditorTargetPlatform (55)
[2014.10.11-02.56.11:947][  6]LogModuleManager: Shutting down and abandoning module WindowsClientTargetPlatform (54)
[2014.10.11-02.56.11:947][  6]LogModuleManager: Shutting down and abandoning module TargetPlatform (53)
[2014.10.11-02.56.11:947][  6]LogModuleManager: Shutting down and abandoning module InputCore (52)
[2014.10.11-02.56.11:947][  6]LogModuleManager: Shutting down and abandoning module Settings (51)
[2014.10.11-02.56.11:947][  6]LogModuleManager: Shutting down and abandoning module TextureCompressor (48)
[2014.10.11-02.56.11:947][  6]LogModuleManager: Shutting down and abandoning module ShaderCore (47)
[2014.10.11-02.56.11:947][  6]LogModuleManager: Shutting down and abandoning module OpenGLDrv (46)
[2014.10.11-02.56.11:947][  6]LogModuleManager: Shutting down and abandoning module D3D11RHI (45)
[2014.10.11-02.56.11:947][  6]LogModuleManager: Shutting down and abandoning module SlateRHIRenderer (44)
[2014.10.11-02.56.11:947][  6]LogModuleManager: Shutting down and abandoning module Renderer (43)
[2014.10.11-02.56.11:947][  6]LogModuleManager: Shutting down and abandoning module Engine (42)
[2014.10.11-02.56.11:947][  6]LogModuleManager: Shutting down and abandoning module SlateRemote (41)
[2014.10.11-02.56.11:947][  6]LogModuleManager: Shutting down and abandoning module ScriptPlugin (40)
[2014.10.11-02.56.11:947][  6]LogModuleManager: Shutting down and abandoning module ScriptEditorPlugin (38)
[2014.10.11-02.56.11:947][  6]LogModuleManager: Shutting down and abandoning module WindowsMoviePlayer (37)
[2014.10.11-02.56.11:948][  6]LogModuleManager: Shutting down and abandoning module ExampleDeviceProfileSelector (32)
[2014.10.11-02.56.11:948][  6]LogModuleManager: Shutting down and abandoning module CustomMeshComponent (31)
[2014.10.11-02.56.11:948][  6]LogModuleManager: Shutting down and abandoning module CableComponent (30)
[2014.10.11-02.56.11:948][  6]LogModuleManager: Shutting down and abandoning module OculusRift (26)
[2014.10.11-02.56.11:948][  6]LogModuleManager: Shutting down and abandoning module UdpMessaging (25)
[2014.10.11-02.56.12:049][  6]LogModuleManager: Shutting down and abandoning module MessagingDebugger (24)
[2014.10.11-02.56.12:049][  6]LogModuleManager: Shutting down and abandoning module PluginsEditor (14)
[2014.10.11-02.56.12:049][  6]LogModuleManager: Shutting down and abandoning module IntroTutorials (13)
[2014.10.11-02.56.12:049][  6]LogModuleManager: Shutting down and abandoning module EpicSurvey (12)
[2014.10.11-02.56.12:049][  6]LogModuleManager: Shutting down and abandoning module VisualStudioSourceCodeAccess (10)
[2014.10.11-02.56.12:049][  6]LogModuleManager: Shutting down and abandoning module UObjectPlugin (9)
[2014.10.11-02.56.12:049][  6]LogModuleManager: Shutting down and abandoning module SubversionSourceControl (8)
[2014.10.11-02.56.12:049][  6]LogModuleManager: Shutting down and abandoning module PerforceSourceControl (7)
[2014.10.11-02.56.12:049][  6]LogModuleManager: Shutting down and abandoning module BlankPlugin (6)
[2014.10.11-02.56.12:049][  6]LogModuleManager: Shutting down and abandoning module CoreUObject (5)
[2014.10.11-02.56.12:049][  6]LogModuleManager: Shutting down and abandoning module NetworkFile (4)
[2014.10.11-02.56.12:049][  6]LogModuleManager: Shutting down and abandoning module StreamingFile (3)
[2014.10.11-02.56.12:049][  6]LogModuleManager: Shutting down and abandoning module SandboxFile (2)
[2014.10.11-02.56.12:049][  6]LogModuleManager: Shutting down and abandoning module PakFile (1)
[2014.10.11-02.56.12:049][  6]LogExit: Exiting.
[2014.10.11-02.56.12:053][  6]Log file closed, 10/10/14 22:56:12
