Log file open, 10/10/14 00:27:04
LogInit:Display: Running engine for game: MyProject2
LogInit: Version: 4.2.1-2101290+++depot+UE4-Releases+4.2
LogInit: Compiled (64-bit): Jun 10 2014 22:21:56
LogInit: Build Configuration: Development
LogInit: Branch Name: ++depot+UE4-Releases+4.2
LogInit: Command line:  
LogInit: Base directory: C:/Program Files/Unreal Engine/4.2/Engine/Binaries/Win64/
LogInit: Rocket: 1
[2014.10.10-04.27.04:789][  0]LogTaskGraph: Started task graph with 3 named threads and 4 total threads.
[2014.10.10-04.27.04:821][  0]LogOnline:Warning: No default platform service specified for OnlineSubsystem
[2014.10.10-04.27.04:835][  0]LogInit: Presizing for 0 objects not considered by GC, pre-allocating 0 bytes.
[2014.10.10-04.27.04:843][  0]LogInit: Object subsystem initialized
[2014.10.10-04.27.04:845][  0]LogInit: Selected Device Profile: [Windows]
[2014.10.10-04.27.04:845][  0]LogInit: Applying CVar settings loaded from the selected device profile: [Windows]
[2014.10.10-04.27.04:852][  0]LogInit: Computer: VERONICA
[2014.10.10-04.27.04:852][  0]LogInit: User: Zeetermin
[2014.10.10-04.27.04:853][  0]LogInit: CPU Page size=4096, Cores=4
[2014.10.10-04.27.04:853][  0]LogInit: High frequency timer resolution =2.597724 MHz
[2014.10.10-04.27.04:853][  0]LogMemory: Memory total: Physical=6.0GB (6GB approx) Virtual=8192.0GB
[2014.10.10-04.27.04:854][  0]LogMemory: Platform Memory Stats for Windows
[2014.10.10-04.27.04:854][  0]LogMemory: Process Physical Memory: 55.33 MB used, 55.33 MB peak
[2014.10.10-04.27.04:854][  0]LogMemory: Process Virtual Memory: 31.77 MB used, 31.96 MB peak
[2014.10.10-04.27.04:854][  0]LogMemory: Physical Memory: 4444.73 MB used, 6135.18 MB total
[2014.10.10-04.27.04:854][  0]LogMemory: Virtual Memory: 236.93 MB used, 8388608.00 MB total
[2014.10.10-04.27.04:879][  0]LogD3D11RHI: Found D3D11 adapter 0: AMD Radeon R7 200 Series (Feature Level 11_0)
[2014.10.10-04.27.04:879][  0]LogD3D11RHI: Adapter has 2033MB of dedicated video memory, 0MB of dedicated system memory, and 2811MB of shared system memory, 2 output[s]
[2014.10.10-04.27.04:879][  0]LogD3D11RHI: Chosen D3D11 Adapter Id = 0
[2014.10.10-04.27.04:889][  0]LogRHI: Texture pool is 1361 MB (70% of 1945 MB)
[2014.10.10-04.27.04:895][  0]LogD3D11RHI: Async texture creation disabled: no driver support
[2014.10.10-04.27.05:001][  0]LogContentStreaming: Texture pool size is 0.000000MB
[2014.10.10-04.27.06:225][  0]LogTargetPlatformManager:Display: Building Assets For Windows
[2014.10.10-04.27.06:412][  0]LogTargetPlatformManager:Display: Building Assets For Windows
[2014.10.10-04.27.06:474][  0]LogDerivedDataCache:Display: Max Cache Size: 512 MB
[2014.10.10-04.27.06:522][  0]LogDerivedDataCache: Loaded boot cache 0.05s 39MB C:/Users/Zeetermin/AppData/Local/UnrealEngine/4.2/DerivedDataCache/Boot.ddc.
[2014.10.10-04.27.06:522][  0]LogDerivedDataCache:Display: Loaded Boot cache: C:/Users/Zeetermin/AppData/Local/UnrealEngine/4.2/DerivedDataCache/Boot.ddc
[2014.10.10-04.27.06:522][  0]LogDerivedDataCache: FDerivedDataBackendGraph:  Pak pak cache file ../../../../../../Users/Zeetermin/Documents/2014 Fall/SpaceVines/Space_Vines/Link-Object_prototype_withboxes/DerivedDataCache/DDC.ddp not found, will not use a pak cache.
[2014.10.10-04.27.06:522][  0]LogDerivedDataCache: Unable to find inner node Pak for hierarchical cache Hierarchy.
[2014.10.10-04.27.06:535][  0]LogDerivedDataCache:Display: Pak cache opened for reading ../../../Engine/DerivedDataCache/DDC.ddp.
[2014.10.10-04.27.06:546][  0]LogDerivedDataCache: Using Local data cache path C:/Users/Zeetermin/AppData/Local/UnrealEngine/4.2/DerivedDataCache: Writable
[2014.10.10-04.27.06:805][  0]LogMeshUtilities: No automatic mesh reduction module available
[2014.10.10-04.27.06:805][  0]LogMeshUtilities: No automatic mesh merging module available
[2014.10.10-04.27.07:212][  0]LogInit: WinSock: version 1.1 (2.2), MaxSocks=32767, MaxUdp=65467
[2014.10.10-04.27.07:794][  0]LogStreaming:Warning: Failed to read file '../../../Engine/Content/Editor/Slate/Icons/ActorIcons/GroupActor_16x.png' error.
[2014.10.10-04.27.07:794][  0]LogSlate: Could not find file for Slate resource: ../../../Engine/Content/Editor/Slate/Icons/ActorIcons/GroupActor_16x.png
[2014.10.10-04.27.07:800][  0]LogStreaming:Warning: Failed to read file '../../../Engine/Content/Editor/Slate/Icons/ActorIcons/DecalActor_16x.png' error.
[2014.10.10-04.27.07:800][  0]LogSlate: Could not find file for Slate resource: ../../../Engine/Content/Editor/Slate/Icons/ActorIcons/DecalActor_16x.png
[2014.10.10-04.27.08:161][  0]UdpMessaging: Initializing bridge on interface 0.0.0.0:0 to multicast group 230.0.0.1:6666.
[2014.10.10-04.27.08:263][  0]SourceControl: Info Source control is disabled
[2014.10.10-04.27.08:263][  0]SourceControl: Info Source control is disabled
[2014.10.10-04.27.08:275][  0]SourceControl: Info Source control is disabled
[2014.10.10-04.27.08:402][  0]BlueprintLog: New page: Editor Load
[2014.10.10-04.27.08:459][  0]LogObj: 19137 objects as part of root set at end of initial load.
[2014.10.10-04.27.08:459][  0]LogUObjectAllocator: 3804776 out of 0 bytes used by permanent object pool.
[2014.10.10-04.27.08:760][  0]LogEngine: Initializing Engine...
[2014.10.10-04.27.08:904][  0]LogInit: XAudio2 using 'Speakers (High Definition Audio Device)' : 2 channels at 44.1 kHz using 16 bits per sample (channel mask 0x3)
[2014.10.10-04.27.08:938][  0]LogInit: FAudioDevice initialized.
[2014.10.10-04.27.08:964][  0]LogDerivedDataCache: Saved boot cache 0.02s 39MB C:/Users/Zeetermin/AppData/Local/UnrealEngine/4.2/DerivedDataCache/Boot.ddc.
[2014.10.10-04.27.08:970][  0]LogInit: Texture streaming: Enabled
[2014.10.10-04.27.09:042][  0]LogInit: Transaction tracking system initialized
[2014.10.10-04.27.09:226][  0]LogAssetRegistry: FAssetRegistry took 0.0096 seconds to start up
[2014.10.10-04.27.09:517][  0]LogModuleManager:Warning: ModuleManager: Unable to load module '' because the file was not found.
[2014.10.10-04.27.09:528][  0]LogModuleManager:Warning: ModuleManager: Unable to load module '' because the file was not found.
[2014.10.10-04.27.09:613][  0]LogConsoleResponse:Display: 
[2014.10.10-04.27.09:964][  0]SourceControl: Info Source control is disabled
[2014.10.10-04.27.09:964][  0]LightingResults: New page: Lighting Build
[2014.10.10-04.27.09:978][  0]MapCheck: New page: Map Check
[2014.10.10-04.27.09:978][  0]LightingResults: New page: Lighting Build
[2014.10.10-04.27.10:209][  0]LogParticles: Destroying 0 GPU particle simulations for FXSystem 0x0000000011DFD580
[2014.10.10-04.27.10:460][  0]LogMaterial:Warning: Material /Game/lore.lore needed to have new flag set bUsedWithStaticLighting !
[2014.10.10-04.27.10:507][  0]LogMaterial: Missing cached shader map for material lore, compiling.
[2014.10.10-04.27.10:523][  0]LogMaterial: 0.000092 seconds spent updating 1 materials, 1 interfaces, 0 instances, 0 with static permutations.
[2014.10.10-04.27.10:570][  0]LogEditorServer: Finished looking for orphan Actors (0.000 secs)
[2014.10.10-04.27.10:571][  0]Cmd: MAP CHECKDEP
[2014.10.10-04.27.10:571][  0]MapCheck: New page: Two - Oct 9, 2014, 8:27:10 PM
[2014.10.10-04.27.10:678][  0]MapCheck: Info ========== Map Check: 0 Error(s), 0 Warning(s), [107.158ms] ==========
[2014.10.10-04.27.10:678][  0]LogFileHelpers: Loading map 'Two' took 0.715
[2014.10.10-04.27.10:833][  0]LogCollectionManager: Loaded 0 collections in 0.001529 seconds
[2014.10.10-04.27.11:205][  0]LogCrashTracker: Crashtracker disabled due to settings.
[2014.10.10-04.27.11:206][  0]Cmd: MODE PLACEMENT
[2014.10.10-04.27.11:254][  0]LogLoad: Full Startup: 7.60 seconds (BP compile: 0.07 seconds)
[2014.10.10-04.27.11:274][  0]LogContentBrowser:Verbose: The content browser source was changed by the sources view to '/Game/Materials/ColorCodes'
[2014.10.10-04.27.11:457][  1]LogEpicStorage:Warning: EnumerateFiles request failed. Invalid response. code=403 error=<?xml version="1.0" encoding="UTF-8"?>
<Error><Code>AccessDenied</Code><Message>Access Denied</Message><RequestId>C9272E9003C33A45</RequestId><HostId>1miDGmM7zbd8kiBj49QCjO6NcQY2aYzWlVkwIrdr9Qfrn84Rucj/mn1IfntztLSL</HostId></Error>
[2014.10.10-04.27.11:503][  2]LogRenderer:Warning: Reallocating scene render targets to support 864x744.
[2014.10.10-04.27.11:869][  2]LogEpicSurvey:Warning: EnumerateFiles request failed. Invalid response. code=403 error=<?xml version="1.0" encoding="UTF-8"?>
<Error><Code>AccessDenied</Code><Message>Access Denied</Message><RequestId>463D4FC4CCA0C03B</RequestId><HostId>YPOeXMUScJnxOUinPHvG0mkl7Gy5MDvz+hFrAh1Dt4S6Q7coqvFcA1kU2lSyfa2Q</HostId></Error>
[2014.10.10-04.27.11:905][  3]LogEpicStorage:Warning: EnumerateFiles request failed. Invalid response. code=403 error=<?xml version="1.0" encoding="UTF-8"?>
<Error><Code>AccessDenied</Code><Message>Access Denied</Message><RequestId>8B34532B851CC34A</RequestId><HostId>FpTMmL59SIvf90j02FGLhq1ijknhIPVPsk3aS/L7y6R8lx1R5/NVENWBJSQ9z0Ei</HostId></Error>
[2014.10.10-04.27.11:922][  3]LogAssetRegistry: Asset discovery search completed in 2.7066 seconds
[2014.10.10-04.27.11:949][  4]LogEpicSurvey:Warning: EnumerateFiles request failed. Invalid response. code=403 error=<?xml version="1.0" encoding="UTF-8"?>
<Error><Code>AccessDenied</Code><Message>Access Denied</Message><RequestId>A7F9CAAF66F0C42D</RequestId><HostId>bwHUg3hVrbtTnkn/FeAXS4TsY5OR9AMS6yfY/LiYr5mJlNng2S0XIoTTvvClaiLn</HostId></Error>
[2014.10.10-04.27.12:023][  7]LogEpicStorage:Warning: ReadFile request failed. File request already pending for filename=http://cdn.unrealengine.com/newsfeed/blueprint_icon_b.png
[2014.10.10-04.27.12:025][  7]LogEpicStorage:Warning: ReadFile request failed. File request already pending for filename=http://cdn.unrealengine.com/newsfeed/blueprint_icon_b.png
[2014.10.10-04.27.39:307][957]LightingResults: New page: Lighting Build
[2014.10.10-04.27.39:307][957]Cmd: MODE PLACEMENT
[2014.10.10-04.27.39:323][957]LoadErrors: New page: Loading map: Three.umap
[2014.10.10-04.27.39:325][957]MapCheck: New page: Map Check
[2014.10.10-04.27.39:325][957]LightingResults: New page: Lighting Build
[2014.10.10-04.27.39:354][957]LogParticles: Destroying 0 GPU particle simulations for FXSystem 0x000000000BC5BB00
[2014.10.10-04.27.39:825][957]LogMaterial:Warning: Material /Game/Materials/Objects/lambert1.lambert1 needed to have new flag set bUsedWithStaticLighting !
[2014.10.10-04.27.39:840][957]LogMaterial: Missing cached shader map for material lambert1, compiling.
[2014.10.10-04.27.39:843][957]LogMaterial: 0.000099 seconds spent updating 1 materials, 1 interfaces, 0 instances, 0 with static permutations.
[2014.10.10-04.27.39:843][957]LogMaterial:Warning: Material /Game/Materials/Objects/blinn1.blinn1 needed to have new flag set bUsedWithStaticLighting !
[2014.10.10-04.27.39:845][957]LogMaterial: Missing cached shader map for material blinn1, compiling.
[2014.10.10-04.27.39:848][957]LogMaterial: 0.000128 seconds spent updating 1 materials, 1 interfaces, 0 instances, 0 with static permutations.
[2014.10.10-04.27.39:848][957]LogMaterial:Warning: Material /Game/Materials/Objects/blinn2.blinn2 needed to have new flag set bUsedWithStaticLighting !
[2014.10.10-04.27.39:850][957]LogMaterial: Missing cached shader map for material blinn2, compiling.
[2014.10.10-04.27.39:853][957]LogMaterial: 0.000134 seconds spent updating 1 materials, 1 interfaces, 0 instances, 0 with static permutations.
[2014.10.10-04.27.39:869][957]LogEditorServer: Finished looking for orphan Actors (0.000 secs)
[2014.10.10-04.27.39:890][957]Cmd: MAP CHECKDEP
[2014.10.10-04.27.39:890][957]MapCheck: New page: Three - Oct 9, 2014, 8:27:39 PM
[2014.10.10-04.27.40:002][957]MapCheck: Info ========== Map Check: 0 Error(s), 0 Warning(s), [111.57ms] ==========
[2014.10.10-04.27.40:002][957]LogFileHelpers: Loading map 'Three' took 0.696
[2014.10.10-04.27.40:212][958]Cmd: UpdateLandscapeEditorData -warnings
[2014.10.10-04.27.40:212][958]Cmd: UpdateLandscapeEditorData
[2014.10.10-04.29.19:950][383]Cmd: QUIT_EDITOR
[2014.10.10-04.29.20:016][383]LogWindowsTextInputMethodSystem:Error: Terminating failed while unadvising the language notification sink from the TSF source.
[2014.10.10-04.29.20:017][383]LogExit: Preparing to exit.
[2014.10.10-04.29.20:296][383]LogActorComponent: UnregisterComponent: (None.None) Not registered. Aborting.
[2014.10.10-04.29.20:296][383]LogActorComponent: UnregisterComponent: (None.None) Not registered. Aborting.
[2014.10.10-04.29.20:296][383]LogActorComponent: UnregisterComponent: (None.None) Not registered. Aborting.
[2014.10.10-04.29.20:296][383]LogActorComponent: UnregisterComponent: (None.None) Not registered. Aborting.
[2014.10.10-04.29.20:296][383]LogActorComponent: UnregisterComponent: (None.None) Not registered. Aborting.
[2014.10.10-04.29.20:296][383]LogActorComponent: UnregisterComponent: (None.None) Not registered. Aborting.
[2014.10.10-04.29.20:296][383]LogActorComponent: UnregisterComponent: (None.None) Not registered. Aborting.
[2014.10.10-04.29.20:296][383]LogActorComponent: UnregisterComponent: (None.None) Not registered. Aborting.
[2014.10.10-04.29.20:296][383]LogActorComponent: UnregisterComponent: (None.None) Not registered. Aborting.
[2014.10.10-04.29.20:296][383]LogActorComponent: UnregisterComponent: (None.None) Not registered. Aborting.
[2014.10.10-04.29.20:296][383]LogActorComponent: UnregisterComponent: (None.None) Not registered. Aborting.
[2014.10.10-04.29.20:296][383]LogActorComponent: UnregisterComponent: (None.None) Not registered. Aborting.
[2014.10.10-04.29.20:309][383]LogExit: Editor shut down
[2014.10.10-04.29.20:309][383]LogExit: Transaction tracking system shut down
[2014.10.10-04.29.20:310][383]LogParticles: Destroying 0 GPU particle simulations for FXSystem 0x00000000217A54E0
[2014.10.10-04.29.20:310][383]LogParticles: Destroying 0 GPU particle simulations for FXSystem 0x00000000217A5580
[2014.10.10-04.29.20:312][383]LogParticles: Destroying 0 GPU particle simulations for FXSystem 0x000000000C389760
[2014.10.10-04.29.20:334][383]LogExit: Object subsystem successfully closed.
[2014.10.10-04.29.20:391][383]LogModuleManager: Shutting down and abandoning module AndroidDeviceDetection (164)
[2014.10.10-04.29.20:391][383]LogModuleManager: Shutting down and abandoning module CrashTracker (163)
[2014.10.10-04.29.20:391][383]LogModuleManager: Shutting down and abandoning module HTTP (162)
[2014.10.10-04.29.20:392][383]LogModuleManager: Shutting down and abandoning module NewsFeed (161)
[2014.10.10-04.29.20:392][383]LogModuleManager: Shutting down and abandoning module SceneOutliner (160)
[2014.10.10-04.29.20:392][383]LogModuleManager: Shutting down and abandoning module EditorWidgets (159)
[2014.10.10-04.29.20:392][383]LogModuleManager: Shutting down and abandoning module CollectionManager (158)
[2014.10.10-04.29.20:392][383]LogModuleManager: Shutting down and abandoning module StatsViewer (157)
[2014.10.10-04.29.20:392][383]LogModuleManager: Shutting down and abandoning module FoliageEdit (156)
[2014.10.10-04.29.20:392][383]LogModuleManager: Shutting down and abandoning module LandscapeEditor (155)
[2014.10.10-04.29.20:396][383]LogModuleManager: Shutting down and abandoning module MeshPaint (154)
[2014.10.10-04.29.20:396][383]LogModuleManager: Shutting down and abandoning module ActorPickerMode (153)
[2014.10.10-04.29.20:396][383]LogModuleManager: Shutting down and abandoning module GeometryMode (152)
[2014.10.10-04.29.20:396][383]LogModuleManager: Shutting down and abandoning module TextureAlignMode (151)
[2014.10.10-04.29.20:396][383]LogModuleManager: Shutting down and abandoning module BspMode (150)
[2014.10.10-04.29.20:396][383]LogModuleManager: Shutting down and abandoning module PlacementMode (149)
[2014.10.10-04.29.20:396][383]LogModuleManager: Shutting down and abandoning module AutomationWorker (148)
[2014.10.10-04.29.20:396][383]LogModuleManager: Shutting down and abandoning module ViewportSnapping (147)
[2014.10.10-04.29.20:396][383]LogModuleManager: Shutting down and abandoning module DeviceProfileEditor (146)
[2014.10.10-04.29.20:396][383]LogModuleManager: Shutting down and abandoning module UndoHistory (145)
[2014.10.10-04.29.20:396][383]LogModuleManager: Shutting down and abandoning module GameplayTagsEditor (144)
[2014.10.10-04.29.20:396][383]LogModuleManager: Shutting down and abandoning module UserFeedback (143)
[2014.10.10-04.29.20:397][383]LogModuleManager: Shutting down and abandoning module XmlParser (142)
[2014.10.10-04.29.20:397][383]LogModuleManager: Shutting down and abandoning module Blutility (141)
[2014.10.10-04.29.20:397][383]LogModuleManager: Shutting down and abandoning module AndroidPlatformEditor (138)
[2014.10.10-04.29.20:397][383]LogModuleManager: Shutting down and abandoning module AndroidRuntimeSettings (137)
[2014.10.10-04.29.20:397][383]LogModuleManager: Shutting down and abandoning module ProjectSettingsViewer (136)
[2014.10.10-04.29.20:397][383]LogModuleManager: Shutting down and abandoning module InputBindingEditor (135)
[2014.10.10-04.29.20:397][383]LogModuleManager: Shutting down and abandoning module EditorSettingsViewer (134)
[2014.10.10-04.29.20:397][383]LogModuleManager: Shutting down and abandoning module SettingsEditor (133)
[2014.10.10-04.29.20:397][383]LogModuleManager: Shutting down and abandoning module SessionLauncher (132)
[2014.10.10-04.29.20:397][383]LogModuleManager: Shutting down and abandoning module SessionFrontend (131)
[2014.10.10-04.29.20:397][383]LogModuleManager: Shutting down and abandoning module ProfilerClient (130)
[2014.10.10-04.29.20:397][383]LogModuleManager: Shutting down and abandoning module TargetDeviceServices (129)
[2014.10.10-04.29.20:397][383]LogModuleManager: Shutting down and abandoning module DeviceManager (128)
[2014.10.10-04.29.20:397][383]LogModuleManager: Shutting down and abandoning module AutomationController (127)
[2014.10.10-04.29.20:397][383]LogModuleManager: Shutting down and abandoning module AutomationWindow (126)
[2014.10.10-04.29.20:397][383]LogModuleManager: Shutting down and abandoning module Layers (125)
[2014.10.10-04.29.20:397][383]LogModuleManager: Shutting down and abandoning module ComponentVisualizers (124)
[2014.10.10-04.29.20:397][383]LogModuleManager: Shutting down and abandoning module DetailCustomizations (123)
[2014.10.10-04.29.20:397][383]LogModuleManager: Shutting down and abandoning module PackagesDialog (122)
[2014.10.10-04.29.20:397][383]LogModuleManager: Shutting down and abandoning module PropertyEditor (121)
[2014.10.10-04.29.20:397][383]LogModuleManager: Shutting down and abandoning module DirectoryWatcher (120)
[2014.10.10-04.29.20:397][383]LogModuleManager: Shutting down and abandoning module AssetRegistry (119)
[2014.10.10-04.29.20:501][383]LogModuleManager: Shutting down and abandoning module Persona (118)
[2014.10.10-04.29.20:501][383]LogModuleManager: Shutting down and abandoning module GraphEditor (117)
[2014.10.10-04.29.20:501][383]LogModuleManager: Shutting down and abandoning module ContentBrowser (116)
[2014.10.10-04.29.20:501][383]LogModuleManager: Shutting down and abandoning module ClassViewer (115)
[2014.10.10-04.29.20:501][383]LogModuleManager: Shutting down and abandoning module Toolbox (114)
[2014.10.10-04.29.20:501][383]LogModuleManager: Shutting down and abandoning module ModuleUI (113)
[2014.10.10-04.29.20:501][383]LogModuleManager: Shutting down and abandoning module Sequencer (112)
[2014.10.10-04.29.20:501][383]LogModuleManager: Shutting down and abandoning module AssetTools (111)
[2014.10.10-04.29.20:501][383]LogModuleManager: Shutting down and abandoning module MovieSceneTools (110)
[2014.10.10-04.29.20:501][383]LogModuleManager: Shutting down and abandoning module OutputLog (109)
[2014.10.10-04.29.20:501][383]LogModuleManager: Shutting down and abandoning module GammaUI (108)
[2014.10.10-04.29.20:501][383]LogModuleManager: Shutting down and abandoning module Documentation (107)
[2014.10.10-04.29.20:501][383]LogModuleManager: Shutting down and abandoning module DesktopPlatform (106)
[2014.10.10-04.29.20:501][383]LogModuleManager: Shutting down and abandoning module StreamingPauseRendering (105)
[2014.10.10-04.29.20:501][383]LogModuleManager: Shutting down and abandoning module AnalyticsET (104)
[2014.10.10-04.29.20:501][383]LogModuleManager: Shutting down and abandoning module Analytics (103)
[2014.10.10-04.29.20:501][383]LogModuleManager: Shutting down and abandoning module ProfilerService (102)
[2014.10.10-04.29.20:515][383]LogModuleManager: Shutting down and abandoning module TaskGraph (101)
[2014.10.10-04.29.20:515][383]LogModuleManager: Shutting down and abandoning module GameProjectGeneration (100)
[2014.10.10-04.29.20:515][383]LogModuleManager: Shutting down and abandoning module Matinee (99)
[2014.10.10-04.29.20:515][383]LogModuleManager: Shutting down and abandoning module Kismet (98)
[2014.10.10-04.29.20:515][383]LogModuleManager: Shutting down and abandoning module SlateReflector (97)
[2014.10.10-04.29.20:515][383]LogModuleManager: Shutting down and abandoning module LevelEditor (96)
[2014.10.10-04.29.20:516][383]LogModuleManager: Shutting down and abandoning module MainFrame (95)
[2014.10.10-04.29.20:516][383]LogModuleManager: Shutting down and abandoning module SourceControl (94)
[2014.10.10-04.29.20:516][383]LogModuleManager: Shutting down and abandoning module ImageWrapper (93)
[2014.10.10-04.29.20:516][383]LogModuleManager: Shutting down and abandoning module OnlineBlueprintSupport (92)
[2014.10.10-04.29.20:516][383]LogModuleManager: Shutting down and abandoning module FunctionalTesting (91)
[2014.10.10-04.29.20:516][383]LogModuleManager: Shutting down and abandoning module CollisionAnalyzer (90)
[2014.10.10-04.29.20:516][383]LogModuleManager: Shutting down and abandoning module WorkspaceMenuStructure (89)
[2014.10.10-04.29.20:516][383]LogModuleManager: Shutting down and abandoning module MessageLog (88)
[2014.10.10-04.29.20:516][383]LogModuleManager: Shutting down and abandoning module Slate (87)
[2014.10.10-04.29.20:516][383]LogModuleManager: Shutting down and abandoning module EditorStyle (86)
[2014.10.10-04.29.20:519][383]LogModuleManager: Shutting down and abandoning module SessionServices (85)
[2014.10.10-04.29.20:519][383]LogModuleManager: Shutting down and abandoning module Messaging (84)
[2014.10.10-04.29.20:519][383]LogModuleManager: Shutting down and abandoning module SourceCodeAccess (83)
[2014.10.10-04.29.20:519][383]LogModuleManager: Shutting down and abandoning module HeadMountedDisplay (82)
[2014.10.10-04.29.20:519][383]LogModuleManager: Shutting down and abandoning module XAudio2 (81)
[2014.10.10-04.29.20:519][383]LogModuleManager: Shutting down and abandoning module Networking (79)
[2014.10.10-04.29.20:519][383]LogModuleManager: Shutting down and abandoning module Core (78)
[2014.10.10-04.29.20:519][383]LogModuleManager: Shutting down and abandoning module KismetCompiler (77)
[2014.10.10-04.29.20:519][383]LogModuleManager: Shutting down and abandoning module PhysXFormats (76)
[2014.10.10-04.29.20:519][383]LogModuleManager: Shutting down and abandoning module SimplygonMeshReduction (75)
[2014.10.10-04.29.20:519][383]LogModuleManager: Shutting down and abandoning module MeshUtilities (74)
[2014.10.10-04.29.20:519][383]LogModuleManager: Shutting down and abandoning module DerivedDataCache (73)
[2014.10.10-04.29.20:608][383]LogDerivedDataCache: Shutdown
[2014.10.10-04.29.20:608][383]LogModuleManager: Shutting down and abandoning module ShaderFormatOpenGL (72)
[2014.10.10-04.29.20:608][383]LogModuleManager: Shutting down and abandoning module ShaderFormatD3D (71)
[2014.10.10-04.29.20:608][383]LogModuleManager: Shutting down and abandoning module TextureFormatUncompressed (70)
[2014.10.10-04.29.20:608][383]LogModuleManager: Shutting down and abandoning module TextureFormatPVR (69)
[2014.10.10-04.29.20:608][383]LogModuleManager: Shutting down and abandoning module TextureFormatDXT (68)
[2014.10.10-04.29.20:608][383]LogModuleManager: Shutting down and abandoning module TextureFormatAndroid (67)
[2014.10.10-04.29.20:608][383]LogModuleManager: Shutting down and abandoning module AudioFormatOpus (66)
[2014.10.10-04.29.20:608][383]LogModuleManager: Shutting down and abandoning module AudioFormatOgg (65)
[2014.10.10-04.29.20:608][383]LogModuleManager: Shutting down and abandoning module AudioFormatADPCM (64)
[2014.10.10-04.29.20:608][383]LogModuleManager: Shutting down and abandoning module Android_PVRTCTargetPlatform (63)
[2014.10.10-04.29.20:608][383]LogModuleManager: Shutting down and abandoning module Android_ETC2TargetPlatform (62)
[2014.10.10-04.29.20:608][383]LogModuleManager: Shutting down and abandoning module Android_ETC1TargetPlatform (61)
[2014.10.10-04.29.20:608][383]LogModuleManager: Shutting down and abandoning module Android_DXTTargetPlatform (60)
[2014.10.10-04.29.20:608][383]LogModuleManager: Shutting down and abandoning module Android_ATCTargetPlatform (59)
[2014.10.10-04.29.20:608][383]LogModuleManager: Shutting down and abandoning module AndroidTargetPlatform (58)
[2014.10.10-04.29.20:608][383]LogModuleManager: Shutting down and abandoning module WindowsTargetPlatform (57)
[2014.10.10-04.29.20:608][383]LogModuleManager: Shutting down and abandoning module WindowsServerTargetPlatform (56)
[2014.10.10-04.29.20:608][383]LogModuleManager: Shutting down and abandoning module WindowsNoEditorTargetPlatform (55)
[2014.10.10-04.29.20:608][383]LogModuleManager: Shutting down and abandoning module WindowsClientTargetPlatform (54)
[2014.10.10-04.29.20:608][383]LogModuleManager: Shutting down and abandoning module TargetPlatform (53)
[2014.10.10-04.29.20:608][383]LogModuleManager: Shutting down and abandoning module InputCore (52)
[2014.10.10-04.29.20:608][383]LogModuleManager: Shutting down and abandoning module Settings (51)
[2014.10.10-04.29.20:608][383]LogModuleManager: Shutting down and abandoning module TextureCompressor (48)
[2014.10.10-04.29.20:608][383]LogModuleManager: Shutting down and abandoning module ShaderCore (47)
[2014.10.10-04.29.20:608][383]LogModuleManager: Shutting down and abandoning module OpenGLDrv (46)
[2014.10.10-04.29.20:608][383]LogModuleManager: Shutting down and abandoning module D3D11RHI (45)
[2014.10.10-04.29.20:608][383]LogModuleManager: Shutting down and abandoning module SlateRHIRenderer (44)
[2014.10.10-04.29.20:608][383]LogModuleManager: Shutting down and abandoning module Renderer (43)
[2014.10.10-04.29.20:608][383]LogModuleManager: Shutting down and abandoning module Engine (42)
[2014.10.10-04.29.20:608][383]LogModuleManager: Shutting down and abandoning module SlateRemote (41)
[2014.10.10-04.29.20:608][383]LogModuleManager: Shutting down and abandoning module ScriptPlugin (40)
[2014.10.10-04.29.20:608][383]LogModuleManager: Shutting down and abandoning module ScriptEditorPlugin (38)
[2014.10.10-04.29.20:608][383]LogModuleManager: Shutting down and abandoning module WindowsMoviePlayer (37)
[2014.10.10-04.29.20:610][383]LogModuleManager: Shutting down and abandoning module ExampleDeviceProfileSelector (32)
[2014.10.10-04.29.20:610][383]LogModuleManager: Shutting down and abandoning module CustomMeshComponent (31)
[2014.10.10-04.29.20:610][383]LogModuleManager: Shutting down and abandoning module CableComponent (30)
[2014.10.10-04.29.20:610][383]LogModuleManager: Shutting down and abandoning module OculusRift (26)
[2014.10.10-04.29.20:610][383]LogModuleManager: Shutting down and abandoning module UdpMessaging (25)
[2014.10.10-04.29.20:710][383]LogModuleManager: Shutting down and abandoning module MessagingDebugger (24)
[2014.10.10-04.29.20:710][383]LogModuleManager: Shutting down and abandoning module PluginsEditor (14)
[2014.10.10-04.29.20:710][383]LogModuleManager: Shutting down and abandoning module IntroTutorials (13)
[2014.10.10-04.29.20:710][383]LogModuleManager: Shutting down and abandoning module EpicSurvey (12)
[2014.10.10-04.29.20:710][383]LogModuleManager: Shutting down and abandoning module VisualStudioSourceCodeAccess (10)
[2014.10.10-04.29.20:710][383]LogModuleManager: Shutting down and abandoning module UObjectPlugin (9)
[2014.10.10-04.29.20:710][383]LogModuleManager: Shutting down and abandoning module SubversionSourceControl (8)
[2014.10.10-04.29.20:710][383]LogModuleManager: Shutting down and abandoning module PerforceSourceControl (7)
[2014.10.10-04.29.20:710][383]LogModuleManager: Shutting down and abandoning module BlankPlugin (6)
[2014.10.10-04.29.20:710][383]LogModuleManager: Shutting down and abandoning module CoreUObject (5)
[2014.10.10-04.29.20:710][383]LogModuleManager: Shutting down and abandoning module NetworkFile (4)
[2014.10.10-04.29.20:710][383]LogModuleManager: Shutting down and abandoning module StreamingFile (3)
[2014.10.10-04.29.20:710][383]LogModuleManager: Shutting down and abandoning module SandboxFile (2)
[2014.10.10-04.29.20:710][383]LogModuleManager: Shutting down and abandoning module PakFile (1)
[2014.10.10-04.29.20:710][383]LogExit: Exiting.
[2014.10.10-04.29.20:713][383]Log file closed, 10/10/14 00:29:20
