Log file open, 10/11/14 23:23:39
LogInit:Display: Running engine for game: MyProject2
LogInit: Version: 4.4.3-2296771+++depot+UE4-Releases+4.4
LogInit: API Version: 2255576
LogInit: Compiled (64-bit): Sep 13 2014 22:30:58
LogInit: Build Configuration: Development
LogInit: Branch Name: ++depot+UE4-Releases+4.4
LogInit: Command line: 
LogInit: Base directory: C:/Program Files/Unreal Engine/4.4/Engine/Binaries/Win64/
LogInit: Rocket: 1
[2014.10.12-03.23.39:852][  0]LogTaskGraph: Started task graph with 3 named threads and 4 total threads.
[2014.10.12-03.23.39:886][  0]LogOnline:Warning: No default platform service specified for OnlineSubsystem
[2014.10.12-03.23.39:901][  0]LogInit: Presizing for 0 objects not considered by GC, pre-allocating 0 bytes.
[2014.10.12-03.23.39:910][  0]LogInit: Object subsystem initialized
[2014.10.12-03.23.39:913][  0]LogInit: Selected Device Profile: [Windows]
[2014.10.12-03.23.39:913][  0]LogInit: Applying CVar settings loaded from the selected device profile: [Windows]
[2014.10.12-03.23.39:920][  0]LogInit: Computer: NICKWILLIAMS-PC
[2014.10.12-03.23.39:920][  0]LogInit: User: NickWilliams
[2014.10.12-03.23.39:930][  0]LogInit: CPU Page size=4096, Cores=2
[2014.10.12-03.23.39:930][  0]LogInit: High frequency timer resolution =2.929765 MHz
[2014.10.12-03.23.39:930][  0]LogMemory: Memory total: Physical=8.0GB (8GB approx) Virtual=8192.0GB
[2014.10.12-03.23.39:931][  0]LogMemory: Platform Memory Stats for Windows
[2014.10.12-03.23.39:931][  0]LogMemory: Process Physical Memory: 60.70 MB used, 60.70 MB peak
[2014.10.12-03.23.39:931][  0]LogMemory: Process Virtual Memory: 36.72 MB used, 36.72 MB peak
[2014.10.12-03.23.39:931][  0]LogMemory: Physical Memory: 4414.71 MB used, 8191.18 MB total
[2014.10.12-03.23.39:931][  0]LogMemory: Virtual Memory: 258.62 MB used, 8388608.00 MB total
[2014.10.12-03.23.39:996][  0]LogD3D11RHI: Found D3D11 adapter 0: NVIDIA GeForce GTX 560 Ti   (Feature Level 11_0)
[2014.10.12-03.23.39:996][  0]LogD3D11RHI: Adapter has 978MB of dedicated video memory, 0MB of dedicated system memory, and 3071MB of shared system memory, 1 output[s]
[2014.10.12-03.23.39:996][  0]LogD3D11RHI: Chosen D3D11 Adapter Id = 0
[2014.10.12-03.23.40:054][  0]LogRHI: Texture pool is 684 MB (70% of 978 MB)
[2014.10.12-03.23.40:066][  0]LogD3D11RHI: Async texture creation enabled
[2014.10.12-03.23.40:249][  0]LogContentStreaming: Texture pool size is 0.000000MB
[2014.10.12-03.23.43:043][  0]LogTargetPlatformManager:Display: Building Assets For Windows
[2014.10.12-03.23.43:869][  0]LogTargetPlatformManager:Display: Building Assets For Windows
[2014.10.12-03.23.43:938][  0]LogDerivedDataCache:Display: Max Cache Size: 512 MB
[2014.10.12-03.23.44:110][  0]LogDerivedDataCache: Loaded boot cache 0.17s 39MB C:/Users/Nick Williams/AppData/Local/UnrealEngine/4.4/DerivedDataCache/Boot.ddc.
[2014.10.12-03.23.44:110][  0]LogDerivedDataCache:Display: Loaded Boot cache: C:/Users/Nick Williams/AppData/Local/UnrealEngine/4.4/DerivedDataCache/Boot.ddc
[2014.10.12-03.23.44:110][  0]LogDerivedDataCache: FDerivedDataBackendGraph:  Pak pak cache file ../../../../../../Users/Nick Williams/Desktop/Space_Vines/Link-Object_prototype_withboxes/DerivedDataCache/DDC.ddp not found, will not use a pak cache.
[2014.10.12-03.23.44:110][  0]LogDerivedDataCache: Unable to find inner node Pak for hierarchical cache Hierarchy.
[2014.10.12-03.23.44:131][  0]LogDerivedDataCache:Display: Pak cache opened for reading ../../../Engine/DerivedDataCache/DDC.ddp.
[2014.10.12-03.23.44:143][  0]LogDerivedDataCache: Using Local data cache path C:/Users/Nick Williams/AppData/Local/UnrealEngine/4.4/DerivedDataCache: Writable
[2014.10.12-03.23.44:458][  0]LogMeshUtilities: No automatic mesh reduction module available
[2014.10.12-03.23.44:458][  0]LogMeshUtilities: No automatic mesh merging module available
[2014.10.12-03.23.45:067][  0]LogInit: WinSock: version 1.1 (2.2), MaxSocks=32767, MaxUdp=65467
[2014.10.12-03.23.58:089][  0]LogStats:Warning: MetaData mismatch. Did you assign a stat to two groups? New //STATGROUP_Threads//FMonitoredProcess///Thread_9f50_0///////STATCAT_Advanced//// old //STATGROUP_Threads//FMonitoredProcess///Thread_a3b4_0///////STATCAT_Advanced////
[2014.10.12-03.23.58:089][  0]UdpMessaging: Initializing bridge on interface 0.0.0.0:0 to multicast group 230.0.0.1:6666.
[2014.10.12-03.23.58:263][  0]SourceControl: Info Source control is disabled
[2014.10.12-03.23.58:263][  0]SourceControl: Info Source control is disabled
[2014.10.12-03.23.58:274][  0]SourceControl: Info Source control is disabled
[2014.10.12-03.23.58:598][  0]BlueprintLog: New page: Editor Load
[2014.10.12-03.23.58:779][  0]LogObj: 21438 objects as part of root set at end of initial load.
[2014.10.12-03.23.58:779][  0]LogUObjectAllocator: 4218656 out of 0 bytes used by permanent object pool.
[2014.10.12-03.23.59:066][  0]LogEngine: Initializing Engine...
[2014.10.12-03.23.59:410][  0]LogInit: XAudio2 using 'Speakers (2- High Definition Audio Device)' : 2 channels at 44.1 kHz using 16 bits per sample (channel mask 0x3)
[2014.10.12-03.23.59:466][  0]LogInit: FAudioDevice initialized.
[2014.10.12-03.23.59:496][  0]LogAIModule: Creating AISystem for world NewWorld
[2014.10.12-03.23.59:561][  0]LogDerivedDataCache: Saved boot cache 0.06s 39MB C:/Users/Nick Williams/AppData/Local/UnrealEngine/4.4/DerivedDataCache/Boot.ddc.
[2014.10.12-03.23.59:650][  0]LogInit: Texture streaming: Enabled
[2014.10.12-03.23.59:764][  0]LogInit: Transaction tracking system initialized
[2014.10.12-03.24.00:050][  0]LogAssetRegistry: FAssetRegistry took 0.0299 seconds to start up
[2014.10.12-03.24.01:344][  0]LogTargetPlatformManager:Display: Building Assets For Windows
[2014.10.12-03.24.02:059][  0]LogTargetPlatformManager:Display: Building Assets For Windows
[2014.10.12-03.24.02:397][  0]LogConsoleResponse:Display: 
[2014.10.12-03.24.02:834][  0]LogStats:Warning: MetaData mismatch. Did you assign a stat to two groups? New //STATGROUP_Threads//FMonitoredProcess///Thread_a040_0///////STATCAT_Advanced//// old //STATGROUP_Threads//FMonitoredProcess///Thread_a3b4_0///////STATCAT_Advanced////
[2014.10.12-03.24.02:834][  0]LogStats:Warning: MetaData mismatch. Did you assign a stat to two groups? New //STATGROUP_Threads//FMonitoredProcess///Thread_9ebc_0///////STATCAT_Advanced//// old //STATGROUP_Threads//FMonitoredProcess///Thread_a3b4_0///////STATCAT_Advanced////
[2014.10.12-03.24.02:834][  0]SourceControl: Info Source control is disabled
[2014.10.12-03.24.02:834][  0]Cmd: MAP LOAD FILE="../../../../../../Users/Nick Williams/Desktop/Space_Vines/Link-Object_prototype_withboxes/Content/Maps/GameLevels/Two.umap" TEMPLATE=0 SHOWPROGRESS=1
[2014.10.12-03.24.02:835][  0]LightingResults: New page: Lighting Build
[2014.10.12-03.24.02:849][  0]MapCheck: New page: Map Check
[2014.10.12-03.24.02:849][  0]LightingResults: New page: Lighting Build
[2014.10.12-03.24.02:870][  0]LogParticles: Destroying 0 GPU particle simulations for FXSystem 0x000000001550D300
[2014.10.12-03.24.04:616][  0]LogMaterial:Warning: Material /Game/lore.lore needed to have new flag set bUsedWithStaticLighting !
[2014.10.12-03.24.04:632][  0]LogMaterial: Missing cached shader map for material lore, compiling.
[2014.10.12-03.24.04:688][  0]LogMaterial: 0.000120 seconds spent updating 1 materials, 1 interfaces, 0 instances, 0 with static permutations.
[2014.10.12-03.24.04:747][  0]LogEditorServer: Finished looking for orphan Actors (0.000 secs)
[2014.10.12-03.24.04:748][  0]LogAIModule: Creating AISystem for world Two
[2014.10.12-03.24.04:748][  0]Cmd: MAP CHECKDEP
[2014.10.12-03.24.04:749][  0]MapCheck: New page: Two - Oct 11, 2014, 7:24:04 PM
[2014.10.12-03.24.04:942][  0]MapCheck: Info ========== Map Check: 0 Error(s), 0 Warning(s), [193ms] ==========
[2014.10.12-03.24.04:942][  0]LogFileHelpers: Loading map 'Two' took 2.108
[2014.10.12-03.24.05:434][  0]LogCollectionManager: Loaded 0 collections in 0.078563 seconds
[2014.10.12-03.24.05:986][  0]LogCrashTracker: Crashtracker disabled due to settings.
[2014.10.12-03.24.06:281][  0]LogLoad: Full Startup: 28.72 seconds (BP compile: 0.12 seconds)
[2014.10.12-03.24.06:443][  0]LogContentBrowser:Verbose: The content browser source was changed by the sources view to '/Game/Blueprints'
[2014.10.12-03.24.06:742][  0]LogRenderer:Warning: Reallocating scene render targets to support 976x912.
[2014.10.12-03.24.07:695][  3]LogAssetRegistry: Asset discovery search completed in 7.6753 seconds
[2014.10.12-03.24.32:203][ 99]Cmd: MAP LOAD FILE="../../../../../../Users/Nick Williams/Desktop/Space_Vines/Link-Object_prototype_withboxes/Content/Maps/GameLevels/Three.umap" TEMPLATE=0 SHOWPROGRESS=1
[2014.10.12-03.24.32:204][ 99]LightingResults: New page: Lighting Build
[2014.10.12-03.24.32:239][ 99]LoadErrors: New page: Loading map: Three.umap
[2014.10.12-03.24.32:245][ 99]MapCheck: New page: Map Check
[2014.10.12-03.24.32:245][ 99]LightingResults: New page: Lighting Build
[2014.10.12-03.24.32:316][ 99]LogParticles: Destroying 0 GPU particle simulations for FXSystem 0x0000000016E16340
[2014.10.12-03.24.33:102][ 99]LogMaterial:Warning: Material /Game/Materials/Objects/lambert1.lambert1 needed to have new flag set bUsedWithStaticLighting !
[2014.10.12-03.24.33:169][ 99]LogMaterial: Missing cached shader map for material lambert1, compiling.
[2014.10.12-03.24.33:177][ 99]LogMaterial: 0.000905 seconds spent updating 1 materials, 1 interfaces, 0 instances, 0 with static permutations.
[2014.10.12-03.24.33:177][ 99]LogMaterial:Warning: Material /Game/Materials/Objects/blinn1.blinn1 needed to have new flag set bUsedWithStaticLighting !
[2014.10.12-03.24.33:179][ 99]LogMaterial: Missing cached shader map for material blinn1, compiling.
[2014.10.12-03.24.33:187][ 99]LogMaterial: 0.001510 seconds spent updating 1 materials, 1 interfaces, 0 instances, 0 with static permutations.
[2014.10.12-03.24.33:187][ 99]LogMaterial:Warning: Material /Game/Materials/Objects/blinn2.blinn2 needed to have new flag set bUsedWithStaticLighting !
[2014.10.12-03.24.33:190][ 99]LogMaterial: Missing cached shader map for material blinn2, compiling.
[2014.10.12-03.24.33:197][ 99]LogMaterial: 0.000742 seconds spent updating 1 materials, 1 interfaces, 0 instances, 0 with static permutations.
[2014.10.12-03.24.33:250][ 99]LogEditorServer: Finished looking for orphan Actors (0.000 secs)
[2014.10.12-03.24.33:255][ 99]LogAIModule: Creating AISystem for world Three
[2014.10.12-03.24.33:272][ 99]Cmd: MAP CHECKDEP
[2014.10.12-03.24.33:272][ 99]MapCheck: New page: Three - Oct 11, 2014, 7:24:33 PM
[2014.10.12-03.24.33:750][ 99]MapCheck: Info ========== Map Check: 0 Error(s), 0 Warning(s), [477.43ms] ==========
[2014.10.12-03.24.33:750][ 99]LogFileHelpers: Loading map 'Three' took 1.547
[2014.10.12-03.24.34:987][100]Cmd: UpdateLandscapeEditorData -warnings
[2014.10.12-03.24.34:988][100]Cmd: UpdateLandscapeEditorData
[2014.10.12-03.25.31:458][971]Cmd: MAP LOAD FILE="../../../../../../Users/Nick Williams/Desktop/Space_Vines/Link-Object_prototype_withboxes/Content/Maps/GameLevels/workingboxesFour.umap" TEMPLATE=0 SHOWPROGRESS=1
[2014.10.12-03.25.31:459][971]LightingResults: New page: Lighting Build
[2014.10.12-03.25.31:491][971]LoadErrors: New page: Loading map: workingboxesFour.umap
[2014.10.12-03.25.31:499][971]MapCheck: New page: Map Check
[2014.10.12-03.25.31:499][971]LightingResults: New page: Lighting Build
[2014.10.12-03.25.31:582][971]LogParticles: Destroying 0 GPU particle simulations for FXSystem 0x000000001B3D04A0
[2014.10.12-03.25.31:704][971]LogLinker:Warning: Asset '../../../../../../Users/Nick Williams/Desktop/Space_Vines/Link-Object_prototype_withboxes/Content/Props/SM_MatPreviewMesh_02.uasset' has been saved with empty engine version. The asset will be loaded but may be incompatible.
[2014.10.12-03.25.32:583][971]LogAudioDerivedData:Display: Building compressed audio format OGG wave SpaceVines_proto_full...
[2014.10.12-03.25.34:932][971]LogStaticMesh: Building static mesh Box1...
[2014.10.12-03.25.34:945][971]LogStaticMesh: Built static mesh [15.049330ms] /Game/Unsorted/Box1.Box1
[2014.10.12-03.25.34:948][971]LogStaticMesh: Building static mesh Box2...
[2014.10.12-03.25.34:949][971]LogStaticMesh: Built static mesh [1.519917ms] /Game/Unsorted/Box2.Box2
[2014.10.12-03.25.34:952][971]LogStaticMesh: Building static mesh Box3...
[2014.10.12-03.25.34:952][971]LogStaticMesh: Built static mesh [1.485785ms] /Game/Unsorted/Box3.Box3
[2014.10.12-03.25.34:957][971]LogStaticMesh: Building static mesh Box4...
[2014.10.12-03.25.34:957][971]LogStaticMesh: Built static mesh [2.041119ms] /Game/Unsorted/Box4.Box4
[2014.10.12-03.25.34:961][971]LogStaticMesh: Building static mesh Box5...
[2014.10.12-03.25.34:961][971]LogStaticMesh: Built static mesh [1.746215ms] /Game/Unsorted/Box5.Box5
[2014.10.12-03.25.34:967][971]LogStaticMesh: Building static mesh Box6...
[2014.10.12-03.25.34:968][971]LogStaticMesh: Built static mesh [2.466751ms] /Game/Unsorted/Box6.Box6
[2014.10.12-03.25.34:971][971]LogStaticMesh: Building static mesh MoveBox1...
[2014.10.12-03.25.34:971][971]LogStaticMesh: Built static mesh [1.526402ms] /Game/Unsorted/MoveBox1.MoveBox1
[2014.10.12-03.25.35:281][971]LogEditorServer: Finished looking for orphan Actors (0.000 secs)
[2014.10.12-03.25.35:282][971]LogAIModule: Creating AISystem for world workingboxesFour
[2014.10.12-03.25.35:314][971]Cmd: MAP CHECKDEP
[2014.10.12-03.25.35:314][971]MapCheck: New page: workingboxesFour - Oct 11, 2014, 7:25:35 PM
[2014.10.12-03.25.35:479][971]MapCheck: Info ========== Map Check: 0 Error(s), 0 Warning(s), [165.53ms] ==========
[2014.10.12-03.25.35:480][971]LogFileHelpers: Loading map 'workingboxesFour' took 4.022
[2014.10.12-03.25.35:507][972]Cmd: UpdateLandscapeEditorData
[2014.10.12-03.27.09:716][558]BlueprintLog:Warning: Warning Blueprint MyCharacter has been migrated and requires re-saving to avoid import errors
[2014.10.12-03.28.37:271][355]LogSlate:Warning: GetFontFace failed to load or process 'Roboto-Regular'
[2014.10.12-03.28.37:280][355]LogSlate:Warning: GetFontFace failed to load or process 'Roboto-Regular'
[2014.10.12-03.28.37:343][355]LogSlate:Warning: GetFontFace failed to load or process 'Roboto-Regular'
[2014.10.12-03.28.37:343][355]LogSlate:Warning: GetFontFace failed to load or process 'Roboto-Regular'
[2014.10.12-03.28.37:343][355]LogSlate:Warning: GetFontFace failed to load or process 'Roboto-Regular'
[2014.10.12-03.28.37:343][355]LogSlate:Warning: GetFontFace failed to load or process 'Roboto-Regular'
[2014.10.12-03.28.37:343][355]LogSlate:Warning: GetFontFace failed to load or process 'Roboto-Regular'
[2014.10.12-03.28.37:343][355]LogSlate:Warning: GetFontFace failed to load or process 'Roboto-Regular'
[2014.10.12-03.28.37:344][355]LogSlate:Warning: GetFontFace failed to load or process 'Roboto-Regular'
[2014.10.12-03.28.37:344][355]LogSlate:Warning: GetFontFace failed to load or process 'Roboto-Regular'
[2014.10.12-03.28.37:344][355]LogSlate:Warning: GetFontFace failed to load or process 'Roboto-Regular'
[2014.10.12-03.28.37:344][355]LogSlate:Warning: GetFontFace failed to load or process 'Roboto-Regular'
[2014.10.12-03.28.37:344][355]LogSlate:Warning: GetFontFace failed to load or process 'Roboto-Regular'
[2014.10.12-03.28.37:344][355]LogSlate:Warning: GetFontFace failed to load or process 'Roboto-Regular'
[2014.10.12-03.28.37:344][355]LogSlate:Warning: GetFontFace failed to load or process 'Roboto-Regular'
[2014.10.12-03.28.37:344][355]LogSlate:Warning: GetFontFace failed to load or process 'Roboto-Regular'
[2014.10.12-03.31.57:064][377]LogSlate:Warning: GetFontFace failed to load or process 'Roboto-Regular'
[2014.10.12-03.31.57:064][377]LogSlate:Warning: GetFontFace failed to load or process 'Roboto-Regular'
[2014.10.12-03.31.57:064][377]LogSlate:Warning: GetFontFace failed to load or process 'Roboto-Regular'
[2014.10.12-03.31.57:064][377]LogSlate:Warning: GetFontFace failed to load or process 'Roboto-Regular'
[2014.10.12-03.31.57:065][377]LogSlate:Warning: GetFontFace failed to load or process 'Roboto-Regular'
[2014.10.12-03.31.57:065][377]LogSlate:Warning: GetFontFace failed to load or process 'Roboto-Regular'
[2014.10.12-03.31.57:065][377]LogSlate:Warning: GetFontFace failed to load or process 'Roboto-Regular'
[2014.10.12-03.31.57:065][377]LogSlate:Warning: GetFontFace failed to load or process 'Roboto-Regular'
[2014.10.12-03.31.57:066][377]LogSlate:Warning: GetFontFace failed to load or process 'Roboto-Regular'
[2014.10.12-03.31.57:066][377]LogSlate:Warning: GetFontFace failed to load or process 'Roboto-Regular'
[2014.10.12-03.32.08:767][647]LogRenderer:Warning: Reallocating scene render targets to support 1616x912.
[2014.10.12-03.32.37:161][305]LogContentBrowser:Verbose: The content browser source was changed by the sources view to 'None'
[2014.10.12-03.32.37:162][305]LogContentBrowser:Verbose: The content browser source was changed by the sources view to '/Game/Blueprints'
[2014.10.12-03.32.49:957][570]LogContentBrowser:Verbose: The content browser source was changed by the sources view to '/Game/Audio/Custom'
[2014.10.12-03.32.52:100][602]LogAudioDerivedData:Display: Building compressed audio format OGG wave SpaceVines_proto_1_bass...
[2014.10.12-03.34.28:034][708]LogContentBrowser:Verbose: The content browser source was changed by the sources view to '/Game/Audio'
[2014.10.12-03.35.00:628][751]LogContentBrowser:Verbose: The content browser source was changed by the sources view to '/Game'
[2014.10.12-03.35.04:050][828]LogContentBrowser:Verbose: The content browser source was changed by the sources view to '/Game/Blueprints'
[2014.10.12-03.35.19:534][148]LogSlate:Warning: GetFontFace failed to load or process 'Roboto-Regular'
[2014.10.12-03.35.19:534][148]LogSlate:Warning: GetFontFace failed to load or process 'Roboto-Regular'
[2014.10.12-03.35.19:535][148]LogSlate:Warning: GetFontFace failed to load or process 'Roboto-Regular'
[2014.10.12-03.35.19:535][148]LogSlate:Warning: GetFontFace failed to load or process 'Roboto-Regular'
[2014.10.12-03.35.26:492][316]LogSlate:Warning: GetFontFace failed to load or process 'Roboto-Regular'
[2014.10.12-03.35.26:492][316]LogSlate:Warning: GetFontFace failed to load or process 'Roboto-Regular'
[2014.10.12-03.35.42:659][685]LogContentBrowser:Verbose: The content browser source was changed by the sources view to '/Game'
[2014.10.12-03.35.45:272][738]LogActorComponent: UnregisterComponent: (/Engine/Transient.CharacterMovementComponent_0) Not registered. Aborting.
[2014.10.12-03.35.45:352][738]LogParticles: Destroying 0 GPU particle simulations for FXSystem 0x0000000029FBF100
[2014.10.12-03.35.45:408][738]LogFileHelpers: Editor autosave (incl. sublevels) for '/Game/Maps/GameLevels/workingboxesFour' took 0.137
[2014.10.12-03.35.45:430][738]OBJ SavePackage: Generating thumbnails for [1] asset(s) in package [/Game/Blueprints/MyCharacter] ([1] browsable assets)...
[2014.10.12-03.35.45:482][738]OBJ SavePackage:     Rendered thumbnail for [Blueprint /Game/Blueprints/MyCharacter.MyCharacter]
[2014.10.12-03.35.45:482][738]OBJ SavePackage: Finished generating thumbnails for package [/Game/Blueprints/MyCharacter]
[2014.10.12-03.35.45:909][738]LogSavePackage: Save=352.370911ms
[2014.10.12-03.35.45:909][738]LogSavePackage: Moving '../../../../../../Users/Nick Williams/Desktop/Space_Vines/Link-Object_prototype_withboxes/Saved/MyCharacter_Auto158CD7A694CEE6F64F0D7DABB5BE94234.tmp' to '../../../../../../Users/Nick Williams/Desktop/Space_Vines/Link-Object_prototype_withboxes/Saved/Autosaves/Game/Blueprints/MyCharacter_Auto1.uasset'
[2014.10.12-03.35.45:927][738]LogFileHelpers: Auto-saving content packages took 0.519
[2014.10.12-03.35.56:909][  8]LogContentBrowser:Verbose: The content browser source was changed by the sources view to '/Game/Audio'
[2014.10.12-03.36.13:775][675]LogContentBrowser:Verbose: The content browser source was changed by the sources view to '/Game'
[2014.10.12-03.36.16:195][744]LogContentBrowser:Verbose: The content browser source was changed by the sources view to '/Game/Blueprints'
[2014.10.12-03.36.26:232][971]LogContentBrowser:Verbose: The content browser source was changed by the sources view to '/Game/Audio'
[2014.10.12-03.36.57:347][777]BlueprintLog: New page: Compile MyCharacter
[2014.10.12-03.36.57:488][777]LogActorComponent: UnregisterComponent: (/Engine/Transient.CharacterMovementComponent_1) Not registered. Aborting.
[2014.10.12-03.36.57:524][777]LogParticles: Destroying 0 GPU particle simulations for FXSystem 0x0000000023F27060
[2014.10.12-03.36.57:645][777]BlueprintEditorCompileResults: Info [0799.86] Compile of MyCharacter successful! [in 47 ms]
[2014.10.12-03.37.03:794][907]BlueprintLog: New page: Pre-PIE auto-recompile
[2014.10.12-03.37.03:794][907]LogPlayLevel: [PIE] Compiling workingboxesFour before PIE...
[2014.10.12-03.37.04:265][907]LogPlayLevel: PIE:  Blueprint regeneration took 470 ms (1 blueprints)
[2014.10.12-03.37.04:267][907]PIE: New page: PIE session: workingboxesFour (Oct 11, 2014, 7:37:04 PM)
[2014.10.12-03.37.04:440][907]LogPlayLevel: PIE: StaticDuplicateObject took: (0.172188s)
[2014.10.12-03.37.04:444][907]LogPlayLevel: PIE: World Init took: (0.004480s)
[2014.10.12-03.37.04:445][907]LogPlayLevel: PIE: Created PIE world by copying editor world from /Game/Maps/GameLevels/workingboxesFour.workingboxesFour to /Game/Maps/GameLevels/UEDPIE_0_workingboxesFour.workingboxesFour (0.177059s)
[2014.10.12-03.37.04:501][907]LogWorld: Game class is 'MyGame_C'
[2014.10.12-03.37.04:504][907]LogAIModule: Creating AISystem for world workingboxesFour
[2014.10.12-03.37.04:512][907]LogWorld: Bringing World /Game/Maps/GameLevels/UEDPIE_0_workingboxesFour.workingboxesFour up for play (max tick rate 0) at 2014.10.11-23.37.04
[2014.10.12-03.37.04:517][907]LogWorld: Bringing up level for play took: 0.013388
[2014.10.12-03.37.04:540][907]PIE: Info Play in editor start time for /Game/Maps/GameLevels/UEDPIE_0_workingboxesFour -0.025
[2014.10.12-03.37.12:417][121]LogParticles: Destroying 0 GPU particle simulations for FXSystem 0x000000002D167740
[2014.10.12-03.37.16:561][240]BlueprintLog: New page: Pre-PIE auto-recompile
[2014.10.12-03.37.16:561][240]LogPlayLevel: [PIE] Compiling workingboxesFour before PIE...
[2014.10.12-03.37.16:969][240]LogPlayLevel: PIE:  Blueprint regeneration took 408 ms (1 blueprints)
[2014.10.12-03.37.16:970][240]PIE: New page: PIE session: workingboxesFour (Oct 11, 2014, 7:37:16 PM)
[2014.10.12-03.37.17:155][240]LogPlayLevel: PIE: StaticDuplicateObject took: (0.185383s)
[2014.10.12-03.37.17:158][240]LogPlayLevel: PIE: World Init took: (0.002529s)
[2014.10.12-03.37.17:158][240]LogPlayLevel: PIE: Created PIE world by copying editor world from /Game/Maps/GameLevels/workingboxesFour.workingboxesFour to /Game/Maps/GameLevels/UEDPIE_0_workingboxesFour.workingboxesFour (0.188285s)
[2014.10.12-03.37.17:204][240]LogWorld: Game class is 'MyGame_C'
[2014.10.12-03.37.17:207][240]LogAIModule: Creating AISystem for world workingboxesFour
[2014.10.12-03.37.17:223][240]LogWorld: Bringing World /Game/Maps/GameLevels/UEDPIE_0_workingboxesFour.workingboxesFour up for play (max tick rate 0) at 2014.10.11-23.37.17
[2014.10.12-03.37.17:229][240]LogWorld: Bringing up level for play took: 0.021358
[2014.10.12-03.37.17:232][240]PIE: Info Play in editor start time for /Game/Maps/GameLevels/UEDPIE_0_workingboxesFour 0.667
[2014.10.12-03.37.19:619][301]LogParticles: Destroying 0 GPU particle simulations for FXSystem 0x0000000021DC7EC0
[2014.10.12-03.43.32:110][699]Cmd: TRANSACTION UNDO
[2014.10.12-03.43.32:110][699]LogEditorTransaction: Undo Create Actors
[2014.10.12-03.46.00:438][ 87]LogSavePackage: Save=1188.432129ms
[2014.10.12-03.46.00:438][ 87]LogSavePackage: Moving '../../../../../../Users/Nick Williams/Desktop/Space_Vines/Link-Object_prototype_withboxes/Saved/workingboxesFour_Auto2DC3BAC994F7F3BE22EC994AAF78A881E.tmp' to '../../../../../../Users/Nick Williams/Desktop/Space_Vines/Link-Object_prototype_withboxes/Saved/Autosaves/Game/Maps/GameLevels/workingboxesFour_Auto2.umap'
[2014.10.12-03.46.00:497][ 87]LogFileHelpers: Editor autosave (incl. sublevels) for '/Game/Maps/GameLevels/workingboxesFour' took 1.696
[2014.10.12-03.46.00:497][ 87]LogFileHelpers: Editor autosave (incl. sublevels) for all levels took 1.696
[2014.10.12-03.46.00:526][ 87]OBJ SavePackage: Generating thumbnails for [1] asset(s) in package [/Game/Blueprints/MyCharacter] ([1] browsable assets)...
[2014.10.12-03.46.00:570][ 87]OBJ SavePackage:     Rendered thumbnail for [Blueprint /Game/Blueprints/MyCharacter.MyCharacter]
[2014.10.12-03.46.00:570][ 87]OBJ SavePackage: Finished generating thumbnails for package [/Game/Blueprints/MyCharacter]
[2014.10.12-03.46.01:386][ 87]LogSavePackage: Save=718.136108ms
[2014.10.12-03.46.01:387][ 87]LogSavePackage: Moving '../../../../../../Users/Nick Williams/Desktop/Space_Vines/Link-Object_prototype_withboxes/Saved/MyCharacter_Auto2A8AA67CF4C5895DCBC78749C168B6F45.tmp' to '../../../../../../Users/Nick Williams/Desktop/Space_Vines/Link-Object_prototype_withboxes/Saved/Autosaves/Game/Blueprints/MyCharacter_Auto2.uasset'
[2014.10.12-03.46.01:433][ 87]LogFileHelpers: Auto-saving content packages took 0.936
[2014.10.12-04.07.56:489][868]LogActorComponent: UnregisterComponent: (/Engine/Transient.CharacterMovementComponent_2) Not registered. Aborting.
[2014.10.12-04.07.56:554][868]LogParticles: Destroying 0 GPU particle simulations for FXSystem 0x0000000010D7B060
[2014.10.12-04.07.56:554][868]LogFileHelpers: Editor autosave (incl. sublevels) for '/Game/Maps/GameLevels/workingboxesFour' took 0.065
[2014.10.12-04.07.56:572][868]OBJ SavePackage: Generating thumbnails for [0] asset(s) in package [/Game/Blueprints/MyCharacter] ([1] browsable assets)...
[2014.10.12-04.07.56:581][868]OBJ SavePackage: Finished generating thumbnails for package [/Game/Blueprints/MyCharacter]
[2014.10.12-04.07.56:771][868]LogSavePackage: Save=109.536087ms
[2014.10.12-04.07.56:771][868]LogSavePackage: Moving '../../../../../../Users/Nick Williams/Desktop/Space_Vines/Link-Object_prototype_withboxes/Saved/MyCharacter_Auto3FD61F0E84D05F187CBD6BC8280C1CBE3.tmp' to '../../../../../../Users/Nick Williams/Desktop/Space_Vines/Link-Object_prototype_withboxes/Saved/Autosaves/Game/Blueprints/MyCharacter_Auto3.uasset'
[2014.10.12-04.07.56:798][868]LogFileHelpers: Auto-saving content packages took 0.244
[2014.10.12-04.08.30:787][536]LogEditorViewport: Clicking on Actor (LMB): StaticMeshActor (Model_SkySphere_2)
[2014.10.12-04.08.39:150][629]Cmd: QUIT_EDITOR
[2014.10.12-04.08.39:372][629]LogWindowsTextInputMethodSystem:Error: Terminating failed while unadvising the language notification sink from the TSF source.
[2014.10.12-04.08.39:373][629]LogExit: Preparing to exit.
[2014.10.12-04.08.40:378][629]LogExit: Editor shut down
[2014.10.12-04.08.40:381][629]LogExit: Transaction tracking system shut down
[2014.10.12-04.08.40:396][629]LogParticles: Destroying 0 GPU particle simulations for FXSystem 0x000000001CAA2840
[2014.10.12-04.08.40:405][629]LogParticles: Destroying 0 GPU particle simulations for FXSystem 0x000000002871E7A0
[2014.10.12-04.08.40:405][629]LogParticles: Destroying 0 GPU particle simulations for FXSystem 0x000000002871E700
[2014.10.12-04.08.40:406][629]LogParticles: Destroying 0 GPU particle simulations for FXSystem 0x0000000021E68680
[2014.10.12-04.08.40:407][629]LogParticles: Destroying 0 GPU particle simulations for FXSystem 0x0000000017FD87C0
[2014.10.12-04.08.40:536][629]LogExit: Object subsystem successfully closed.
[2014.10.12-04.08.40:623][629]LogModuleManager: Shutting down and abandoning module SoundCueEditor (163)
[2014.10.12-04.08.40:623][629]LogModuleManager: Shutting down and abandoning module Merge (162)
[2014.10.12-04.08.40:623][629]LogModuleManager: Shutting down and abandoning module AndroidDeviceDetection (161)
[2014.10.12-04.08.40:623][629]LogModuleManager: Shutting down and abandoning module HTTP (160)
[2014.10.12-04.08.40:624][629]LogModuleManager: Shutting down and abandoning module CrashTracker (159)
[2014.10.12-04.08.40:624][629]LogModuleManager: Shutting down and abandoning module SuperSearch (158)
[2014.10.12-04.08.40:624][629]LogModuleManager: Shutting down and abandoning module SceneOutliner (157)
[2014.10.12-04.08.40:624][629]LogModuleManager: Shutting down and abandoning module EditorWidgets (156)
[2014.10.12-04.08.40:624][629]LogModuleManager: Shutting down and abandoning module CollectionManager (155)
[2014.10.12-04.08.40:624][629]LogModuleManager: Shutting down and abandoning module StatsViewer (154)
[2014.10.12-04.08.40:624][629]LogModuleManager: Shutting down and abandoning module FoliageEdit (153)
[2014.10.12-04.08.40:624][629]LogModuleManager: Shutting down and abandoning module LandscapeEditor (152)
[2014.10.12-04.08.40:624][629]LogModuleManager: Shutting down and abandoning module MeshPaint (151)
[2014.10.12-04.08.40:624][629]LogModuleManager: Shutting down and abandoning module ActorPickerMode (150)
[2014.10.12-04.08.40:624][629]LogModuleManager: Shutting down and abandoning module GeometryMode (149)
[2014.10.12-04.08.40:624][629]LogModuleManager: Shutting down and abandoning module TextureAlignMode (148)
[2014.10.12-04.08.40:624][629]LogModuleManager: Shutting down and abandoning module BspMode (147)
[2014.10.12-04.08.40:624][629]LogModuleManager: Shutting down and abandoning module PlacementMode (146)
[2014.10.12-04.08.40:624][629]LogModuleManager: Shutting down and abandoning module DesktopPlatform (145)
[2014.10.12-04.08.40:624][629]LogModuleManager: Shutting down and abandoning module AutomationWorker (144)
[2014.10.12-04.08.40:624][629]LogModuleManager: Shutting down and abandoning module EditorLiveStreaming (143)
[2014.10.12-04.08.40:624][629]LogModuleManager: Shutting down and abandoning module BehaviorTreeEditor (142)
[2014.10.12-04.08.40:624][629]LogModuleManager: Shutting down and abandoning module DeviceProfileEditor (141)
[2014.10.12-04.08.40:624][629]LogModuleManager: Shutting down and abandoning module UndoHistory (140)
[2014.10.12-04.08.40:624][629]LogModuleManager: Shutting down and abandoning module GameplayTagsEditor (139)
[2014.10.12-04.08.40:624][629]LogModuleManager: Shutting down and abandoning module UserFeedback (138)
[2014.10.12-04.08.40:624][629]LogModuleManager: Shutting down and abandoning module XmlParser (137)
[2014.10.12-04.08.40:625][629]LogModuleManager: Shutting down and abandoning module Blutility (136)
[2014.10.12-04.08.40:625][629]LogModuleManager: Shutting down and abandoning module IOSPlatformEditor (135)
[2014.10.12-04.08.40:625][629]LogModuleManager: Shutting down and abandoning module IOSRuntimeSettings (134)
[2014.10.12-04.08.40:625][629]LogModuleManager: Shutting down and abandoning module AndroidPlatformEditor (133)
[2014.10.12-04.08.40:625][629]LogModuleManager: Shutting down and abandoning module AndroidRuntimeSettings (132)
[2014.10.12-04.08.40:625][629]LogModuleManager: Shutting down and abandoning module ProjectTargetPlatformEditor (131)
[2014.10.12-04.08.40:625][629]LogModuleManager: Shutting down and abandoning module ProjectSettingsViewer (130)
[2014.10.12-04.08.40:625][629]LogModuleManager: Shutting down and abandoning module InputBindingEditor (129)
[2014.10.12-04.08.40:625][629]LogModuleManager: Shutting down and abandoning module EditorSettingsViewer (128)
[2014.10.12-04.08.40:625][629]LogModuleManager: Shutting down and abandoning module SettingsEditor (127)
[2014.10.12-04.08.40:625][629]LogModuleManager: Shutting down and abandoning module SessionLauncher (126)
[2014.10.12-04.08.40:625][629]LogModuleManager: Shutting down and abandoning module SessionFrontend (125)
[2014.10.12-04.08.40:625][629]LogModuleManager: Shutting down and abandoning module ProfilerClient (124)
[2014.10.12-04.08.40:625][629]LogModuleManager: Shutting down and abandoning module TargetDeviceServices (123)
[2014.10.12-04.08.40:625][629]LogModuleManager: Shutting down and abandoning module DeviceManager (122)
[2014.10.12-04.08.40:625][629]LogModuleManager: Shutting down and abandoning module AutomationController (121)
[2014.10.12-04.08.40:625][629]LogModuleManager: Shutting down and abandoning module AutomationWindow (120)
[2014.10.12-04.08.40:625][629]LogModuleManager: Shutting down and abandoning module Layers (119)
[2014.10.12-04.08.40:625][629]LogModuleManager: Shutting down and abandoning module ComponentVisualizers (118)
[2014.10.12-04.08.40:625][629]LogModuleManager: Shutting down and abandoning module DetailCustomizations (117)
[2014.10.12-04.08.40:625][629]LogModuleManager: Shutting down and abandoning module PackagesDialog (116)
[2014.10.12-04.08.40:626][629]LogModuleManager: Shutting down and abandoning module DirectoryWatcher (115)
[2014.10.12-04.08.40:628][629]LogModuleManager: Shutting down and abandoning module AssetRegistry (114)
[2014.10.12-04.08.40:667][629]LogModuleManager: Shutting down and abandoning module Persona (113)
[2014.10.12-04.08.40:667][629]LogModuleManager: Shutting down and abandoning module GraphEditor (112)
[2014.10.12-04.08.40:668][629]LogModuleManager: Shutting down and abandoning module ClassViewer (111)
[2014.10.12-04.08.40:668][629]LogModuleManager: Shutting down and abandoning module Toolbox (110)
[2014.10.12-04.08.40:668][629]LogModuleManager: Shutting down and abandoning module ModuleUI (109)
[2014.10.12-04.08.40:668][629]LogModuleManager: Shutting down and abandoning module Sequencer (108)
[2014.10.12-04.08.40:668][629]LogModuleManager: Shutting down and abandoning module MovieSceneTools (107)
[2014.10.12-04.08.40:668][629]LogModuleManager: Shutting down and abandoning module OutputLog (106)
[2014.10.12-04.08.40:668][629]LogModuleManager: Shutting down and abandoning module GammaUI (105)
[2014.10.12-04.08.40:668][629]LogModuleManager: Shutting down and abandoning module Documentation (104)
[2014.10.12-04.08.40:668][629]LogModuleManager: Shutting down and abandoning module GameLiveStreaming (103)
[2014.10.12-04.08.40:668][629]LogModuleManager: Shutting down and abandoning module StreamingPauseRendering (102)
[2014.10.12-04.08.40:668][629]LogModuleManager: Shutting down and abandoning module AnalyticsET (101)
[2014.10.12-04.08.40:668][629]LogModuleManager: Shutting down and abandoning module Analytics (100)
[2014.10.12-04.08.40:668][629]LogModuleManager: Shutting down and abandoning module GameplayDebugger (99)
[2014.10.12-04.08.40:668][629]LogModuleManager: Shutting down and abandoning module AIModule (98)
[2014.10.12-04.08.40:668][629]LogModuleManager: Shutting down and abandoning module ProfilerService (97)
[2014.10.12-04.08.40:917][629]LogModuleManager: Shutting down and abandoning module TaskGraph (96)
[2014.10.12-04.08.40:917][629]LogModuleManager: Shutting down and abandoning module SlateRemote (95)
[2014.10.12-04.08.40:917][629]LogModuleManager: Shutting down and abandoning module ScriptEditorPlugin (94)
[2014.10.12-04.08.40:917][629]LogModuleManager: Shutting down and abandoning module CustomMeshComponent (93)
[2014.10.12-04.08.40:917][629]LogModuleManager: Shutting down and abandoning module CableComponent (92)
[2014.10.12-04.08.40:917][629]LogModuleManager: Shutting down and abandoning module MessagingDebugger (91)
[2014.10.12-04.08.40:917][629]LogModuleManager: Shutting down and abandoning module ViewportSnapping (90)
[2014.10.12-04.08.40:917][629]LogModuleManager: Shutting down and abandoning module SmartSnapping (89)
[2014.10.12-04.08.40:917][629]LogModuleManager: Shutting down and abandoning module PaperTiledImporter (88)
[2014.10.12-04.08.40:917][629]LogModuleManager: Shutting down and abandoning module PaperJsonImporter (87)
[2014.10.12-04.08.40:917][629]LogModuleManager: Shutting down and abandoning module GameProjectGeneration (86)
[2014.10.12-04.08.40:917][629]LogModuleManager: Shutting down and abandoning module Matinee (85)
[2014.10.12-04.08.40:917][629]LogModuleManager: Shutting down and abandoning module Kismet (84)
[2014.10.12-04.08.40:917][629]LogModuleManager: Shutting down and abandoning module SlateReflector (83)
[2014.10.12-04.08.40:917][629]LogModuleManager: Shutting down and abandoning module LevelEditor (82)
[2014.10.12-04.08.40:919][629]LogModuleManager: Shutting down and abandoning module IntroTutorials (81)
[2014.10.12-04.08.40:919][629]LogModuleManager: Shutting down and abandoning module ContentBrowser (80)
[2014.10.12-04.08.40:919][629]LogModuleManager: Shutting down and abandoning module PropertyEditor (79)
[2014.10.12-04.08.40:919][629]LogModuleManager: Shutting down and abandoning module AssetTools (78)
[2014.10.12-04.08.40:919][629]LogModuleManager: Shutting down and abandoning module Paper2DEditor (77)
[2014.10.12-04.08.40:919][629]LogModuleManager: Shutting down and abandoning module SpeedTreeImporter (76)
[2014.10.12-04.08.40:919][629]LogModuleManager: Shutting down and abandoning module PluginsEditor (75)
[2014.10.12-04.08.40:919][629]LogModuleManager: Shutting down and abandoning module MainFrame (74)
[2014.10.12-04.08.40:919][629]LogModuleManager: Shutting down and abandoning module EpicSurvey (73)
[2014.10.12-04.08.40:919][629]LogModuleManager: Shutting down and abandoning module VisualStudioSourceCodeAccess (72)
[2014.10.12-04.08.40:919][629]LogModuleManager: Shutting down and abandoning module UObjectPlugin (71)
[2014.10.12-04.08.40:919][629]LogModuleManager: Shutting down and abandoning module SubversionSourceControl (70)
[2014.10.12-04.08.40:919][629]LogModuleManager: Shutting down and abandoning module SourceControl (69)
[2014.10.12-04.08.40:919][629]LogModuleManager: Shutting down and abandoning module PerforceSourceControl (68)
[2014.10.12-04.08.40:919][629]LogModuleManager: Shutting down and abandoning module BlankPlugin (67)
[2014.10.12-04.08.40:919][629]LogModuleManager: Shutting down and abandoning module ScriptPlugin (66)
[2014.10.12-04.08.40:919][629]LogModuleManager: Shutting down and abandoning module UdpMessaging (65)
[2014.10.12-04.08.41:019][629]LogModuleManager: Shutting down and abandoning module Paper2D (64)
[2014.10.12-04.08.41:019][629]LogModuleManager: Shutting down and abandoning module WindowsMoviePlayer (63)
[2014.10.12-04.08.41:027][629]LogModuleManager: Shutting down and abandoning module ImageWrapper (62)
[2014.10.12-04.08.41:027][629]LogModuleManager: Shutting down and abandoning module OnlineBlueprintSupport (61)
[2014.10.12-04.08.41:027][629]LogModuleManager: Shutting down and abandoning module FunctionalTesting (60)
[2014.10.12-04.08.41:027][629]LogModuleManager: Shutting down and abandoning module CollisionAnalyzer (59)
[2014.10.12-04.08.41:027][629]LogModuleManager: Shutting down and abandoning module WorkspaceMenuStructure (58)
[2014.10.12-04.08.41:028][629]LogModuleManager: Shutting down and abandoning module MessageLog (57)
[2014.10.12-04.08.41:028][629]LogModuleManager: Shutting down and abandoning module UMGEditor (56)
[2014.10.12-04.08.41:028][629]LogModuleManager: Shutting down and abandoning module UMG (55)
[2014.10.12-04.08.41:028][629]LogModuleManager: Shutting down and abandoning module Slate (54)
[2014.10.12-04.08.41:028][629]LogModuleManager: Shutting down and abandoning module EditorStyle (53)
[2014.10.12-04.08.41:032][629]LogModuleManager: Shutting down and abandoning module SessionServices (52)
[2014.10.12-04.08.41:032][629]LogModuleManager: Shutting down and abandoning module SourceCodeAccess (51)
[2014.10.12-04.08.41:032][629]LogModuleManager: Shutting down and abandoning module HeadMountedDisplay (50)
[2014.10.12-04.08.41:032][629]LogModuleManager: Shutting down and abandoning module XAudio2 (49)
[2014.10.12-04.08.41:032][629]LogModuleManager: Shutting down and abandoning module Networking (47)
[2014.10.12-04.08.41:032][629]LogModuleManager: Shutting down and abandoning module Core (46)
[2014.10.12-04.08.41:032][629]LogModuleManager: Shutting down and abandoning module KismetCompiler (45)
[2014.10.12-04.08.41:032][629]LogModuleManager: Shutting down and abandoning module PhysXFormats (44)
[2014.10.12-04.08.41:032][629]LogModuleManager: Shutting down and abandoning module MeshUtilities (43)
[2014.10.12-04.08.41:032][629]LogModuleManager: Shutting down and abandoning module DerivedDataCache (42)
[2014.10.12-04.08.41:049][629]LogDerivedDataCache: Shutdown
[2014.10.12-04.08.41:049][629]LogModuleManager: Shutting down and abandoning module ShaderFormatOpenGL (41)
[2014.10.12-04.08.41:049][629]LogModuleManager: Shutting down and abandoning module ShaderFormatD3D (40)
[2014.10.12-04.08.41:049][629]LogModuleManager: Shutting down and abandoning module MetalShaderFormat (39)
[2014.10.12-04.08.41:049][629]LogModuleManager: Shutting down and abandoning module TextureFormatUncompressed (38)
[2014.10.12-04.08.41:049][629]LogModuleManager: Shutting down and abandoning module TextureFormatPVR (37)
[2014.10.12-04.08.41:049][629]LogModuleManager: Shutting down and abandoning module TextureFormatDXT (36)
[2014.10.12-04.08.41:049][629]LogModuleManager: Shutting down and abandoning module TextureFormatAndroid (35)
[2014.10.12-04.08.41:049][629]LogModuleManager: Shutting down and abandoning module AudioFormatOpus (34)
[2014.10.12-04.08.41:049][629]LogModuleManager: Shutting down and abandoning module AudioFormatOgg (33)
[2014.10.12-04.08.41:049][629]LogModuleManager: Shutting down and abandoning module AudioFormatADPCM (32)
[2014.10.12-04.08.41:049][629]LogModuleManager: Shutting down and abandoning module Messaging (31)
[2014.10.12-04.08.41:049][629]LogModuleManager: Shutting down and abandoning module IOSTargetPlatform (30)
[2014.10.12-04.08.41:049][629]LogModuleManager: Shutting down and abandoning module Android_PVRTCTargetPlatform (29)
[2014.10.12-04.08.41:049][629]LogModuleManager: Shutting down and abandoning module Android_ETC2TargetPlatform (28)
[2014.10.12-04.08.41:049][629]LogModuleManager: Shutting down and abandoning module Android_ETC1TargetPlatform (27)
[2014.10.12-04.08.41:049][629]LogModuleManager: Shutting down and abandoning module Android_DXTTargetPlatform (26)
[2014.10.12-04.08.41:049][629]LogModuleManager: Shutting down and abandoning module Android_ATCTargetPlatform (25)
[2014.10.12-04.08.41:049][629]LogModuleManager: Shutting down and abandoning module AndroidTargetPlatform (24)
[2014.10.12-04.08.41:049][629]LogModuleManager: Shutting down and abandoning module WindowsTargetPlatform (23)
[2014.10.12-04.08.41:049][629]LogModuleManager: Shutting down and abandoning module WindowsServerTargetPlatform (22)
[2014.10.12-04.08.41:049][629]LogModuleManager: Shutting down and abandoning module WindowsNoEditorTargetPlatform (21)
[2014.10.12-04.08.41:049][629]LogModuleManager: Shutting down and abandoning module WindowsClientTargetPlatform (20)
[2014.10.12-04.08.41:049][629]LogModuleManager: Shutting down and abandoning module TargetPlatform (19)
[2014.10.12-04.08.41:049][629]LogModuleManager: Shutting down and abandoning module InputCore (18)
[2014.10.12-04.08.41:049][629]LogModuleManager: Shutting down and abandoning module Settings (17)
[2014.10.12-04.08.41:049][629]LogModuleManager: Shutting down and abandoning module ExampleDeviceProfileSelector (14)
[2014.10.12-04.08.41:049][629]LogModuleManager: Shutting down and abandoning module OculusRift (13)
[2014.10.12-04.08.41:049][629]LogModuleManager: Shutting down and abandoning module TextureCompressor (12)
[2014.10.12-04.08.41:049][629]LogModuleManager: Shutting down and abandoning module ShaderCore (11)
[2014.10.12-04.08.41:049][629]LogModuleManager: Shutting down and abandoning module OpenGLDrv (10)
[2014.10.12-04.08.41:049][629]LogModuleManager: Shutting down and abandoning module D3D11RHI (9)
[2014.10.12-04.08.41:049][629]LogModuleManager: Shutting down and abandoning module SlateRHIRenderer (8)
[2014.10.12-04.08.41:049][629]LogModuleManager: Shutting down and abandoning module Renderer (7)
[2014.10.12-04.08.41:049][629]LogModuleManager: Shutting down and abandoning module Engine (6)
[2014.10.12-04.08.41:049][629]LogModuleManager: Shutting down and abandoning module CoreUObject (5)
[2014.10.12-04.08.41:049][629]LogModuleManager: Shutting down and abandoning module NetworkFile (4)
[2014.10.12-04.08.41:049][629]LogModuleManager: Shutting down and abandoning module StreamingFile (3)
[2014.10.12-04.08.41:049][629]LogModuleManager: Shutting down and abandoning module SandboxFile (2)
[2014.10.12-04.08.41:050][629]LogModuleManager: Shutting down and abandoning module PakFile (1)
[2014.10.12-04.08.41:050][629]LogExit: Exiting.
[2014.10.12-04.08.41:072][629]Log file closed, 10/12/14 00:08:41
