Log file open, 10/10/14 00:25:40
LogInit:Display: Running engine for game: MyProject2
LogInit: Version: 4.2.1-2101290+++depot+UE4-Releases+4.2
LogInit: Compiled (64-bit): Jun 10 2014 22:21:56
LogInit: Build Configuration: Development
LogInit: Branch Name: ++depot+UE4-Releases+4.2
LogInit: Command line:  
LogInit: Base directory: C:/Program Files/Unreal Engine/4.2/Engine/Binaries/Win64/
LogInit: Rocket: 1
[2014.10.10-04.25.40:151][  0]LogTaskGraph: Started task graph with 3 named threads and 4 total threads.
[2014.10.10-04.25.40:193][  0]LogOnline:Warning: No default platform service specified for OnlineSubsystem
[2014.10.10-04.25.40:242][  0]LogInit: Presizing for 0 objects not considered by GC, pre-allocating 0 bytes.
[2014.10.10-04.25.40:250][  0]LogInit: Object subsystem initialized
[2014.10.10-04.25.40:253][  0]LogInit: Selected Device Profile: [Windows]
[2014.10.10-04.25.40:253][  0]LogInit: Applying CVar settings loaded from the selected device profile: [Windows]
[2014.10.10-04.25.40:259][  0]LogInit: Computer: VERONICA
[2014.10.10-04.25.40:260][  0]LogInit: User: Zeetermin
[2014.10.10-04.25.40:260][  0]LogInit: CPU Page size=4096, Cores=4
[2014.10.10-04.25.40:261][  0]LogInit: High frequency timer resolution =2.597724 MHz
[2014.10.10-04.25.40:261][  0]LogMemory: Memory total: Physical=6.0GB (6GB approx) Virtual=8192.0GB
[2014.10.10-04.25.40:261][  0]LogMemory: Platform Memory Stats for Windows
[2014.10.10-04.25.40:261][  0]LogMemory: Process Physical Memory: 55.31 MB used, 55.31 MB peak
[2014.10.10-04.25.40:261][  0]LogMemory: Process Virtual Memory: 31.77 MB used, 31.97 MB peak
[2014.10.10-04.25.40:261][  0]LogMemory: Physical Memory: 4386.40 MB used, 6135.18 MB total
[2014.10.10-04.25.40:261][  0]LogMemory: Virtual Memory: 236.93 MB used, 8388608.00 MB total
[2014.10.10-04.25.40:348][  0]LogD3D11RHI: Found D3D11 adapter 0: AMD Radeon R7 200 Series (Feature Level 11_0)
[2014.10.10-04.25.40:348][  0]LogD3D11RHI: Adapter has 2033MB of dedicated video memory, 0MB of dedicated system memory, and 2811MB of shared system memory, 2 output[s]
[2014.10.10-04.25.40:348][  0]LogD3D11RHI: Chosen D3D11 Adapter Id = 0
[2014.10.10-04.25.40:358][  0]LogRHI: Texture pool is 1361 MB (70% of 1945 MB)
[2014.10.10-04.25.40:364][  0]LogD3D11RHI: Async texture creation disabled: no driver support
[2014.10.10-04.25.40:592][  0]LogContentStreaming: Texture pool size is 0.000000MB
[2014.10.10-04.25.41:907][  0]LogTargetPlatformManager:Display: Building Assets For Windows
[2014.10.10-04.25.42:198][  0]LogTargetPlatformManager:Display: Building Assets For Windows
[2014.10.10-04.25.42:270][  0]LogDerivedDataCache:Display: Max Cache Size: 512 MB
[2014.10.10-04.25.42:601][  0]LogDerivedDataCache: Loaded boot cache 0.33s 39MB C:/Users/Zeetermin/AppData/Local/UnrealEngine/4.2/DerivedDataCache/Boot.ddc.
[2014.10.10-04.25.42:601][  0]LogDerivedDataCache:Display: Loaded Boot cache: C:/Users/Zeetermin/AppData/Local/UnrealEngine/4.2/DerivedDataCache/Boot.ddc
[2014.10.10-04.25.42:601][  0]LogDerivedDataCache: FDerivedDataBackendGraph:  Pak pak cache file ../../../../../../Users/Zeetermin/Documents/2014 Fall/SpaceVines/Space_Vines/Link-Object_prototype_withboxes/DerivedDataCache/DDC.ddp not found, will not use a pak cache.
[2014.10.10-04.25.42:601][  0]LogDerivedDataCache: Unable to find inner node Pak for hierarchical cache Hierarchy.
[2014.10.10-04.25.42:623][  0]LogDerivedDataCache:Display: Pak cache opened for reading ../../../Engine/DerivedDataCache/DDC.ddp.
[2014.10.10-04.25.42:636][  0]LogDerivedDataCache: Using Local data cache path C:/Users/Zeetermin/AppData/Local/UnrealEngine/4.2/DerivedDataCache: Writable
[2014.10.10-04.25.42:929][  0]LogMeshUtilities: No automatic mesh reduction module available
[2014.10.10-04.25.42:929][  0]LogMeshUtilities: No automatic mesh merging module available
[2014.10.10-04.25.43:352][  0]LogInit: WinSock: version 1.1 (2.2), MaxSocks=32767, MaxUdp=65467
[2014.10.10-04.25.44:046][  0]LogStreaming:Warning: Failed to read file '../../../Engine/Content/Editor/Slate/Icons/ActorIcons/GroupActor_16x.png' error.
[2014.10.10-04.25.44:047][  0]LogSlate: Could not find file for Slate resource: ../../../Engine/Content/Editor/Slate/Icons/ActorIcons/GroupActor_16x.png
[2014.10.10-04.25.44:053][  0]LogStreaming:Warning: Failed to read file '../../../Engine/Content/Editor/Slate/Icons/ActorIcons/DecalActor_16x.png' error.
[2014.10.10-04.25.44:053][  0]LogSlate: Could not find file for Slate resource: ../../../Engine/Content/Editor/Slate/Icons/ActorIcons/DecalActor_16x.png
[2014.10.10-04.25.44:429][  0]UdpMessaging: Initializing bridge on interface 0.0.0.0:0 to multicast group 230.0.0.1:6666.
[2014.10.10-04.25.44:602][  0]SourceControl: Info Source control is disabled
[2014.10.10-04.25.44:602][  0]SourceControl: Info Source control is disabled
[2014.10.10-04.25.44:613][  0]SourceControl: Info Source control is disabled
[2014.10.10-04.25.44:843][  0]BlueprintLog: New page: Editor Load
[2014.10.10-04.25.45:003][  0]LogObj: 19137 objects as part of root set at end of initial load.
[2014.10.10-04.25.45:003][  0]LogUObjectAllocator: 3804776 out of 0 bytes used by permanent object pool.
[2014.10.10-04.25.45:315][  0]LogEngine: Initializing Engine...
[2014.10.10-04.25.45:450][  0]LogInit: XAudio2 using 'Speakers (High Definition Audio Device)' : 2 channels at 44.1 kHz using 16 bits per sample (channel mask 0x3)
[2014.10.10-04.25.45:485][  0]LogInit: FAudioDevice initialized.
[2014.10.10-04.25.45:524][  0]LogDerivedDataCache: Saved boot cache 0.04s 39MB C:/Users/Zeetermin/AppData/Local/UnrealEngine/4.2/DerivedDataCache/Boot.ddc.
[2014.10.10-04.25.45:530][  0]LogInit: Texture streaming: Enabled
[2014.10.10-04.25.45:661][  0]LogInit: Transaction tracking system initialized
[2014.10.10-04.25.45:991][  0]LogAssetRegistry: FAssetRegistry took 0.0096 seconds to start up
[2014.10.10-04.25.46:527][  0]LogModuleManager:Warning: ModuleManager: Unable to load module '' because the file was not found.
[2014.10.10-04.25.46:538][  0]LogModuleManager:Warning: ModuleManager: Unable to load module '' because the file was not found.
[2014.10.10-04.25.46:686][  0]LogConsoleResponse:Display: 
[2014.10.10-04.25.47:130][  0]SourceControl: Info Source control is disabled
[2014.10.10-04.25.47:130][  0]LightingResults: New page: Lighting Build
[2014.10.10-04.25.47:144][  0]MapCheck: New page: Map Check
[2014.10.10-04.25.47:144][  0]LightingResults: New page: Lighting Build
[2014.10.10-04.25.47:157][  0]LogParticles: Destroying 0 GPU particle simulations for FXSystem 0x0000000011595580
[2014.10.10-04.25.47:701][  0]LogMaterial:Warning: Material /Game/lore.lore needed to have new flag set bUsedWithStaticLighting !
[2014.10.10-04.25.47:757][  0]LogMaterial: Missing cached shader map for material lore, compiling.
[2014.10.10-04.25.47:776][  0]LogMaterial: 0.000291 seconds spent updating 1 materials, 1 interfaces, 0 instances, 0 with static permutations.
[2014.10.10-04.25.47:853][  0]LogEditorServer: Finished looking for orphan Actors (0.000 secs)
[2014.10.10-04.25.47:854][  0]Cmd: MAP CHECKDEP
[2014.10.10-04.25.47:855][  0]MapCheck: New page: Two - Oct 9, 2014, 8:25:47 PM
[2014.10.10-04.25.47:953][  0]MapCheck: Info ========== Map Check: 0 Error(s), 0 Warning(s), [98.065ms] ==========
[2014.10.10-04.25.47:953][  0]LogFileHelpers: Loading map 'Two' took 0.823
[2014.10.10-04.25.48:162][  0]LogCollectionManager: Loaded 0 collections in 0.001634 seconds
[2014.10.10-04.25.48:589][  0]LogCrashTracker: Crashtracker disabled due to settings.
[2014.10.10-04.25.48:590][  0]Cmd: MODE PLACEMENT
[2014.10.10-04.25.48:640][  0]LogLoad: Full Startup: 10.61 seconds (BP compile: 0.07 seconds)
[2014.10.10-04.25.48:660][  0]LogContentBrowser:Verbose: The content browser source was changed by the sources view to '/Game/Materials/ColorCodes'
[2014.10.10-04.25.48:818][  1]LogEpicStorage:Warning: EnumerateFiles request failed. Invalid response. code=403 error=<?xml version="1.0" encoding="UTF-8"?>
<Error><Code>AccessDenied</Code><Message>Access Denied</Message><RequestId>0F8B67D7E18D81C0</RequestId><HostId>YLWhZvUYbZw7pW/JFDL4cN55LPTOiIm3k/1QAXaT8gtsWeSIHUvfE+ooDEpp71kI</HostId></Error>
[2014.10.10-04.25.48:854][  2]LogRenderer:Warning: Reallocating scene render targets to support 856x736.
[2014.10.10-04.25.49:212][  2]LogEpicSurvey:Warning: EnumerateFiles request failed. Invalid response. code=403 error=<?xml version="1.0" encoding="UTF-8"?>
<Error><Code>AccessDenied</Code><Message>Access Denied</Message><RequestId>0A15CC9A63D2031D</RequestId><HostId>dOAenAei1z/YdX9N41yoVxwn6G7BV2B04VTV1Hs60scqpP1RrnvMK+pS+2Q4hT6/</HostId></Error>
[2014.10.10-04.25.49:251][  3]LogEpicStorage:Warning: EnumerateFiles request failed. Invalid response. code=403 error=<?xml version="1.0" encoding="UTF-8"?>
<Error><Code>AccessDenied</Code><Message>Access Denied</Message><RequestId>AB972CC41D6BFFC5</RequestId><HostId>dl8ZAcSCuB55QbhN9iaz6ZaIqpnpbu6CSMrhyYKse+1YeBWfUMLs9lzjTxC4Fap3</HostId></Error>
[2014.10.10-04.25.49:288][  4]LogAssetRegistry: Asset discovery search completed in 3.3072 seconds
[2014.10.10-04.25.49:321][  5]LogEpicSurvey:Warning: EnumerateFiles request failed. Invalid response. code=403 error=<?xml version="1.0" encoding="UTF-8"?>
<Error><Code>AccessDenied</Code><Message>Access Denied</Message><RequestId>BF8304A707CA5E31</RequestId><HostId>YN0oORsMmaNY7R0T2FLD6khSwGKBgHqs1HPx5mSv/5kA8LI4QNLpEgli19qh8Lyg</HostId></Error>
[2014.10.10-04.25.49:491][ 11]LogEpicStorage:Warning: ReadFile request failed. File request already pending for filename=http://cdn.unrealengine.com/newsfeed/blueprint_icon_b.png
[2014.10.10-04.25.49:493][ 11]LogEpicStorage:Warning: ReadFile request failed. File request already pending for filename=http://cdn.unrealengine.com/newsfeed/blueprint_icon_b.png
[2014.10.10-04.25.58:547][325]LightingResults: New page: Lighting Build
[2014.10.10-04.25.58:547][325]Cmd: MODE PLACEMENT
[2014.10.10-04.25.58:563][325]LoadErrors: New page: Loading map: Three.umap
[2014.10.10-04.25.58:566][325]MapCheck: New page: Map Check
[2014.10.10-04.25.58:566][325]LightingResults: New page: Lighting Build
[2014.10.10-04.25.58:594][325]LogParticles: Destroying 0 GPU particle simulations for FXSystem 0x000000000D4EBB00
[2014.10.10-04.25.59:090][325]LogMaterial:Warning: Material /Game/Materials/Objects/lambert1.lambert1 needed to have new flag set bUsedWithStaticLighting !
[2014.10.10-04.25.59:110][325]LogMaterial: Missing cached shader map for material lambert1, compiling.
[2014.10.10-04.25.59:113][325]LogMaterial: 0.000111 seconds spent updating 1 materials, 1 interfaces, 0 instances, 0 with static permutations.
[2014.10.10-04.25.59:113][325]LogMaterial:Warning: Material /Game/Materials/Objects/blinn1.blinn1 needed to have new flag set bUsedWithStaticLighting !
[2014.10.10-04.25.59:115][325]LogMaterial: Missing cached shader map for material blinn1, compiling.
[2014.10.10-04.25.59:120][325]LogMaterial: 0.000148 seconds spent updating 1 materials, 1 interfaces, 0 instances, 0 with static permutations.
[2014.10.10-04.25.59:120][325]LogMaterial:Warning: Material /Game/Materials/Objects/blinn2.blinn2 needed to have new flag set bUsedWithStaticLighting !
[2014.10.10-04.25.59:197][325]LogMaterial: Missing cached shader map for material blinn2, compiling.
[2014.10.10-04.25.59:201][325]LogMaterial: 0.000164 seconds spent updating 1 materials, 1 interfaces, 0 instances, 0 with static permutations.
[2014.10.10-04.25.59:229][325]LogEditorServer: Finished looking for orphan Actors (0.000 secs)
[2014.10.10-04.25.59:260][325]Cmd: MAP CHECKDEP
[2014.10.10-04.25.59:260][325]MapCheck: New page: Three - Oct 9, 2014, 8:25:59 PM
[2014.10.10-04.25.59:402][325]MapCheck: Info ========== Map Check: 0 Error(s), 0 Warning(s), [141.447ms] ==========
[2014.10.10-04.25.59:402][325]LogFileHelpers: Loading map 'Three' took 0.856
[2014.10.10-04.25.59:620][326]Cmd: UpdateLandscapeEditorData -warnings
[2014.10.10-04.25.59:621][326]Cmd: UpdateLandscapeEditorData
[2014.10.10-04.26.29:664][439]Cmd: QUIT_EDITOR
[2014.10.10-04.26.29:769][439]LogWindowsTextInputMethodSystem:Error: Terminating failed while unadvising the language notification sink from the TSF source.
[2014.10.10-04.26.29:772][439]LogExit: Preparing to exit.
[2014.10.10-04.26.30:589][439]LogActorComponent: UnregisterComponent: (None.None) Not registered. Aborting.
[2014.10.10-04.26.30:589][439]LogActorComponent: UnregisterComponent: (None.None) Not registered. Aborting.
[2014.10.10-04.26.30:589][439]LogActorComponent: UnregisterComponent: (None.None) Not registered. Aborting.
[2014.10.10-04.26.30:589][439]LogActorComponent: UnregisterComponent: (None.None) Not registered. Aborting.
[2014.10.10-04.26.30:589][439]LogActorComponent: UnregisterComponent: (None.None) Not registered. Aborting.
[2014.10.10-04.26.30:589][439]LogActorComponent: UnregisterComponent: (None.None) Not registered. Aborting.
[2014.10.10-04.26.30:589][439]LogActorComponent: UnregisterComponent: (None.None) Not registered. Aborting.
[2014.10.10-04.26.30:589][439]LogActorComponent: UnregisterComponent: (None.None) Not registered. Aborting.
[2014.10.10-04.26.30:589][439]LogActorComponent: UnregisterComponent: (None.None) Not registered. Aborting.
[2014.10.10-04.26.30:589][439]LogActorComponent: UnregisterComponent: (None.None) Not registered. Aborting.
[2014.10.10-04.26.30:589][439]LogActorComponent: UnregisterComponent: (None.None) Not registered. Aborting.
[2014.10.10-04.26.30:589][439]LogActorComponent: UnregisterComponent: (None.None) Not registered. Aborting.
[2014.10.10-04.26.30:601][439]LogExit: Editor shut down
[2014.10.10-04.26.30:601][439]LogExit: Transaction tracking system shut down
[2014.10.10-04.26.30:602][439]LogParticles: Destroying 0 GPU particle simulations for FXSystem 0x000000000C04D440
[2014.10.10-04.26.30:602][439]LogParticles: Destroying 0 GPU particle simulations for FXSystem 0x000000000C04D4E0
[2014.10.10-04.26.30:604][439]LogParticles: Destroying 0 GPU particle simulations for FXSystem 0x000000001E7B56C0
[2014.10.10-04.26.30:625][439]LogExit: Object subsystem successfully closed.
[2014.10.10-04.26.30:680][439]LogModuleManager: Shutting down and abandoning module AndroidDeviceDetection (164)
[2014.10.10-04.26.30:680][439]LogModuleManager: Shutting down and abandoning module CrashTracker (163)
[2014.10.10-04.26.30:680][439]LogModuleManager: Shutting down and abandoning module HTTP (162)
[2014.10.10-04.26.30:680][439]LogModuleManager: Shutting down and abandoning module NewsFeed (161)
[2014.10.10-04.26.30:680][439]LogModuleManager: Shutting down and abandoning module SceneOutliner (160)
[2014.10.10-04.26.30:680][439]LogModuleManager: Shutting down and abandoning module EditorWidgets (159)
[2014.10.10-04.26.30:680][439]LogModuleManager: Shutting down and abandoning module CollectionManager (158)
[2014.10.10-04.26.30:680][439]LogModuleManager: Shutting down and abandoning module StatsViewer (157)
[2014.10.10-04.26.30:680][439]LogModuleManager: Shutting down and abandoning module FoliageEdit (156)
[2014.10.10-04.26.30:680][439]LogModuleManager: Shutting down and abandoning module LandscapeEditor (155)
[2014.10.10-04.26.30:684][439]LogModuleManager: Shutting down and abandoning module MeshPaint (154)
[2014.10.10-04.26.30:684][439]LogModuleManager: Shutting down and abandoning module ActorPickerMode (153)
[2014.10.10-04.26.30:684][439]LogModuleManager: Shutting down and abandoning module GeometryMode (152)
[2014.10.10-04.26.30:684][439]LogModuleManager: Shutting down and abandoning module TextureAlignMode (151)
[2014.10.10-04.26.30:684][439]LogModuleManager: Shutting down and abandoning module BspMode (150)
[2014.10.10-04.26.30:684][439]LogModuleManager: Shutting down and abandoning module PlacementMode (149)
[2014.10.10-04.26.30:685][439]LogModuleManager: Shutting down and abandoning module AutomationWorker (148)
[2014.10.10-04.26.30:685][439]LogModuleManager: Shutting down and abandoning module ViewportSnapping (147)
[2014.10.10-04.26.30:685][439]LogModuleManager: Shutting down and abandoning module DeviceProfileEditor (146)
[2014.10.10-04.26.30:685][439]LogModuleManager: Shutting down and abandoning module UndoHistory (145)
[2014.10.10-04.26.30:685][439]LogModuleManager: Shutting down and abandoning module GameplayTagsEditor (144)
[2014.10.10-04.26.30:685][439]LogModuleManager: Shutting down and abandoning module UserFeedback (143)
[2014.10.10-04.26.30:685][439]LogModuleManager: Shutting down and abandoning module XmlParser (142)
[2014.10.10-04.26.30:685][439]LogModuleManager: Shutting down and abandoning module Blutility (141)
[2014.10.10-04.26.30:685][439]LogModuleManager: Shutting down and abandoning module AndroidPlatformEditor (138)
[2014.10.10-04.26.30:685][439]LogModuleManager: Shutting down and abandoning module AndroidRuntimeSettings (137)
[2014.10.10-04.26.30:685][439]LogModuleManager: Shutting down and abandoning module ProjectSettingsViewer (136)
[2014.10.10-04.26.30:685][439]LogModuleManager: Shutting down and abandoning module InputBindingEditor (135)
[2014.10.10-04.26.30:685][439]LogModuleManager: Shutting down and abandoning module EditorSettingsViewer (134)
[2014.10.10-04.26.30:685][439]LogModuleManager: Shutting down and abandoning module SettingsEditor (133)
[2014.10.10-04.26.30:685][439]LogModuleManager: Shutting down and abandoning module SessionLauncher (132)
[2014.10.10-04.26.30:685][439]LogModuleManager: Shutting down and abandoning module SessionFrontend (131)
[2014.10.10-04.26.30:685][439]LogModuleManager: Shutting down and abandoning module ProfilerClient (130)
[2014.10.10-04.26.30:685][439]LogModuleManager: Shutting down and abandoning module TargetDeviceServices (129)
[2014.10.10-04.26.30:685][439]LogModuleManager: Shutting down and abandoning module DeviceManager (128)
[2014.10.10-04.26.30:685][439]LogModuleManager: Shutting down and abandoning module AutomationController (127)
[2014.10.10-04.26.30:685][439]LogModuleManager: Shutting down and abandoning module AutomationWindow (126)
[2014.10.10-04.26.30:685][439]LogModuleManager: Shutting down and abandoning module Layers (125)
[2014.10.10-04.26.30:685][439]LogModuleManager: Shutting down and abandoning module ComponentVisualizers (124)
[2014.10.10-04.26.30:685][439]LogModuleManager: Shutting down and abandoning module DetailCustomizations (123)
[2014.10.10-04.26.30:685][439]LogModuleManager: Shutting down and abandoning module PackagesDialog (122)
[2014.10.10-04.26.30:685][439]LogModuleManager: Shutting down and abandoning module PropertyEditor (121)
[2014.10.10-04.26.30:685][439]LogModuleManager: Shutting down and abandoning module DirectoryWatcher (120)
[2014.10.10-04.26.30:686][439]LogModuleManager: Shutting down and abandoning module AssetRegistry (119)
[2014.10.10-04.26.30:758][439]LogModuleManager: Shutting down and abandoning module Persona (118)
[2014.10.10-04.26.30:758][439]LogModuleManager: Shutting down and abandoning module GraphEditor (117)
[2014.10.10-04.26.30:758][439]LogModuleManager: Shutting down and abandoning module ContentBrowser (116)
[2014.10.10-04.26.30:758][439]LogModuleManager: Shutting down and abandoning module ClassViewer (115)
[2014.10.10-04.26.30:758][439]LogModuleManager: Shutting down and abandoning module Toolbox (114)
[2014.10.10-04.26.30:758][439]LogModuleManager: Shutting down and abandoning module ModuleUI (113)
[2014.10.10-04.26.30:758][439]LogModuleManager: Shutting down and abandoning module Sequencer (112)
[2014.10.10-04.26.30:758][439]LogModuleManager: Shutting down and abandoning module AssetTools (111)
[2014.10.10-04.26.30:758][439]LogModuleManager: Shutting down and abandoning module MovieSceneTools (110)
[2014.10.10-04.26.30:758][439]LogModuleManager: Shutting down and abandoning module OutputLog (109)
[2014.10.10-04.26.30:758][439]LogModuleManager: Shutting down and abandoning module GammaUI (108)
[2014.10.10-04.26.30:758][439]LogModuleManager: Shutting down and abandoning module Documentation (107)
[2014.10.10-04.26.30:758][439]LogModuleManager: Shutting down and abandoning module DesktopPlatform (106)
[2014.10.10-04.26.30:758][439]LogModuleManager: Shutting down and abandoning module StreamingPauseRendering (105)
[2014.10.10-04.26.30:758][439]LogModuleManager: Shutting down and abandoning module AnalyticsET (104)
[2014.10.10-04.26.30:758][439]LogModuleManager: Shutting down and abandoning module Analytics (103)
[2014.10.10-04.26.30:758][439]LogModuleManager: Shutting down and abandoning module ProfilerService (102)
[2014.10.10-04.26.30:842][439]LogModuleManager: Shutting down and abandoning module TaskGraph (101)
[2014.10.10-04.26.30:842][439]LogModuleManager: Shutting down and abandoning module GameProjectGeneration (100)
[2014.10.10-04.26.30:842][439]LogModuleManager: Shutting down and abandoning module Matinee (99)
[2014.10.10-04.26.30:842][439]LogModuleManager: Shutting down and abandoning module Kismet (98)
[2014.10.10-04.26.30:842][439]LogModuleManager: Shutting down and abandoning module SlateReflector (97)
[2014.10.10-04.26.30:842][439]LogModuleManager: Shutting down and abandoning module LevelEditor (96)
[2014.10.10-04.26.30:843][439]LogModuleManager: Shutting down and abandoning module MainFrame (95)
[2014.10.10-04.26.30:843][439]LogModuleManager: Shutting down and abandoning module SourceControl (94)
[2014.10.10-04.26.30:843][439]LogModuleManager: Shutting down and abandoning module ImageWrapper (93)
[2014.10.10-04.26.30:843][439]LogModuleManager: Shutting down and abandoning module OnlineBlueprintSupport (92)
[2014.10.10-04.26.30:843][439]LogModuleManager: Shutting down and abandoning module FunctionalTesting (91)
[2014.10.10-04.26.30:843][439]LogModuleManager: Shutting down and abandoning module CollisionAnalyzer (90)
[2014.10.10-04.26.30:844][439]LogModuleManager: Shutting down and abandoning module WorkspaceMenuStructure (89)
[2014.10.10-04.26.30:844][439]LogModuleManager: Shutting down and abandoning module MessageLog (88)
[2014.10.10-04.26.30:844][439]LogModuleManager: Shutting down and abandoning module Slate (87)
[2014.10.10-04.26.30:844][439]LogModuleManager: Shutting down and abandoning module EditorStyle (86)
[2014.10.10-04.26.30:846][439]LogModuleManager: Shutting down and abandoning module SessionServices (85)
[2014.10.10-04.26.30:846][439]LogModuleManager: Shutting down and abandoning module Messaging (84)
[2014.10.10-04.26.30:846][439]LogModuleManager: Shutting down and abandoning module SourceCodeAccess (83)
[2014.10.10-04.26.30:846][439]LogModuleManager: Shutting down and abandoning module HeadMountedDisplay (82)
[2014.10.10-04.26.30:847][439]LogModuleManager: Shutting down and abandoning module XAudio2 (81)
[2014.10.10-04.26.30:847][439]LogModuleManager: Shutting down and abandoning module Networking (79)
[2014.10.10-04.26.30:847][439]LogModuleManager: Shutting down and abandoning module Core (78)
[2014.10.10-04.26.30:847][439]LogModuleManager: Shutting down and abandoning module KismetCompiler (77)
[2014.10.10-04.26.30:847][439]LogModuleManager: Shutting down and abandoning module PhysXFormats (76)
[2014.10.10-04.26.30:847][439]LogModuleManager: Shutting down and abandoning module SimplygonMeshReduction (75)
[2014.10.10-04.26.30:847][439]LogModuleManager: Shutting down and abandoning module MeshUtilities (74)
[2014.10.10-04.26.30:847][439]LogModuleManager: Shutting down and abandoning module DerivedDataCache (73)
[2014.10.10-04.26.31:165][439]LogDerivedDataCache: Shutdown
[2014.10.10-04.26.31:165][439]LogModuleManager: Shutting down and abandoning module ShaderFormatOpenGL (72)
[2014.10.10-04.26.31:165][439]LogModuleManager: Shutting down and abandoning module ShaderFormatD3D (71)
[2014.10.10-04.26.31:165][439]LogModuleManager: Shutting down and abandoning module TextureFormatUncompressed (70)
[2014.10.10-04.26.31:165][439]LogModuleManager: Shutting down and abandoning module TextureFormatPVR (69)
[2014.10.10-04.26.31:165][439]LogModuleManager: Shutting down and abandoning module TextureFormatDXT (68)
[2014.10.10-04.26.31:165][439]LogModuleManager: Shutting down and abandoning module TextureFormatAndroid (67)
[2014.10.10-04.26.31:165][439]LogModuleManager: Shutting down and abandoning module AudioFormatOpus (66)
[2014.10.10-04.26.31:165][439]LogModuleManager: Shutting down and abandoning module AudioFormatOgg (65)
[2014.10.10-04.26.31:165][439]LogModuleManager: Shutting down and abandoning module AudioFormatADPCM (64)
[2014.10.10-04.26.31:165][439]LogModuleManager: Shutting down and abandoning module Android_PVRTCTargetPlatform (63)
[2014.10.10-04.26.31:165][439]LogModuleManager: Shutting down and abandoning module Android_ETC2TargetPlatform (62)
[2014.10.10-04.26.31:165][439]LogModuleManager: Shutting down and abandoning module Android_ETC1TargetPlatform (61)
[2014.10.10-04.26.31:165][439]LogModuleManager: Shutting down and abandoning module Android_DXTTargetPlatform (60)
[2014.10.10-04.26.31:165][439]LogModuleManager: Shutting down and abandoning module Android_ATCTargetPlatform (59)
[2014.10.10-04.26.31:165][439]LogModuleManager: Shutting down and abandoning module AndroidTargetPlatform (58)
[2014.10.10-04.26.31:165][439]LogModuleManager: Shutting down and abandoning module WindowsTargetPlatform (57)
[2014.10.10-04.26.31:165][439]LogModuleManager: Shutting down and abandoning module WindowsServerTargetPlatform (56)
[2014.10.10-04.26.31:165][439]LogModuleManager: Shutting down and abandoning module WindowsNoEditorTargetPlatform (55)
[2014.10.10-04.26.31:165][439]LogModuleManager: Shutting down and abandoning module WindowsClientTargetPlatform (54)
[2014.10.10-04.26.31:165][439]LogModuleManager: Shutting down and abandoning module TargetPlatform (53)
[2014.10.10-04.26.31:165][439]LogModuleManager: Shutting down and abandoning module InputCore (52)
[2014.10.10-04.26.31:165][439]LogModuleManager: Shutting down and abandoning module Settings (51)
[2014.10.10-04.26.31:165][439]LogModuleManager: Shutting down and abandoning module TextureCompressor (48)
[2014.10.10-04.26.31:165][439]LogModuleManager: Shutting down and abandoning module ShaderCore (47)
[2014.10.10-04.26.31:166][439]LogModuleManager: Shutting down and abandoning module OpenGLDrv (46)
[2014.10.10-04.26.31:166][439]LogModuleManager: Shutting down and abandoning module D3D11RHI (45)
[2014.10.10-04.26.31:166][439]LogModuleManager: Shutting down and abandoning module SlateRHIRenderer (44)
[2014.10.10-04.26.31:166][439]LogModuleManager: Shutting down and abandoning module Renderer (43)
[2014.10.10-04.26.31:166][439]LogModuleManager: Shutting down and abandoning module Engine (42)
[2014.10.10-04.26.31:166][439]LogModuleManager: Shutting down and abandoning module SlateRemote (41)
[2014.10.10-04.26.31:166][439]LogModuleManager: Shutting down and abandoning module ScriptPlugin (40)
[2014.10.10-04.26.31:166][439]LogModuleManager: Shutting down and abandoning module ScriptEditorPlugin (38)
[2014.10.10-04.26.31:166][439]LogModuleManager: Shutting down and abandoning module WindowsMoviePlayer (37)
[2014.10.10-04.26.31:168][439]LogModuleManager: Shutting down and abandoning module ExampleDeviceProfileSelector (32)
[2014.10.10-04.26.31:168][439]LogModuleManager: Shutting down and abandoning module CustomMeshComponent (31)
[2014.10.10-04.26.31:168][439]LogModuleManager: Shutting down and abandoning module CableComponent (30)
[2014.10.10-04.26.31:168][439]LogModuleManager: Shutting down and abandoning module OculusRift (26)
[2014.10.10-04.26.31:168][439]LogModuleManager: Shutting down and abandoning module UdpMessaging (25)
[2014.10.10-04.26.31:268][439]LogModuleManager: Shutting down and abandoning module MessagingDebugger (24)
[2014.10.10-04.26.31:268][439]LogModuleManager: Shutting down and abandoning module PluginsEditor (14)
[2014.10.10-04.26.31:268][439]LogModuleManager: Shutting down and abandoning module IntroTutorials (13)
[2014.10.10-04.26.31:268][439]LogModuleManager: Shutting down and abandoning module EpicSurvey (12)
[2014.10.10-04.26.31:268][439]LogModuleManager: Shutting down and abandoning module VisualStudioSourceCodeAccess (10)
[2014.10.10-04.26.31:268][439]LogModuleManager: Shutting down and abandoning module UObjectPlugin (9)
[2014.10.10-04.26.31:268][439]LogModuleManager: Shutting down and abandoning module SubversionSourceControl (8)
[2014.10.10-04.26.31:268][439]LogModuleManager: Shutting down and abandoning module PerforceSourceControl (7)
[2014.10.10-04.26.31:268][439]LogModuleManager: Shutting down and abandoning module BlankPlugin (6)
[2014.10.10-04.26.31:268][439]LogModuleManager: Shutting down and abandoning module CoreUObject (5)
[2014.10.10-04.26.31:268][439]LogModuleManager: Shutting down and abandoning module NetworkFile (4)
[2014.10.10-04.26.31:268][439]LogModuleManager: Shutting down and abandoning module StreamingFile (3)
[2014.10.10-04.26.31:268][439]LogModuleManager: Shutting down and abandoning module SandboxFile (2)
[2014.10.10-04.26.31:268][439]LogModuleManager: Shutting down and abandoning module PakFile (1)
[2014.10.10-04.26.31:269][439]LogExit: Exiting.
[2014.10.10-04.26.31:273][439]Log file closed, 10/10/14 00:26:31
