Log file open, 09/22/14 18:20:53
LogInit:Display: Running engine without a game
LogInit:Display: Loading recent project file: ../../../../../../Users/ryanw/Documents/GitHub/Space_Vines/Link-Object_prototype/MyProject2.uproject
LogInit: Version: 4.2.0-2092659+++depot+UE4-Releases+4.2
LogInit: Compiled (64-bit): Jun  3 2014 00:56:21
LogInit: Build Configuration: Development
LogInit: Branch Name: ++depot+UE4-Releases+4.2
LogInit: Command line: 
LogInit: Base directory: C:/Program Files/Unreal Engine/4.2/Engine/Binaries/Win64/
LogInit: Rocket: 1
[2014.09.22-22.20.53:388][  0]LogTaskGraph: Started task graph with 3 named threads and 4 total threads.
[2014.09.22-22.20.53:418][  0]LogOnline:Warning: No default platform service specified for OnlineSubsystem
[2014.09.22-22.20.53:429][  0]LogInit: Presizing for 0 objects not considered by GC, pre-allocating 0 bytes.
[2014.09.22-22.20.53:439][  0]LogInit: Object subsystem initialized
[2014.09.22-22.20.53:442][  0]LogInit: Selected Device Profile: [Windows]
[2014.09.22-22.20.53:442][  0]LogInit: Applying CVar settings loaded from the selected device profile: [Windows]
[2014.09.22-22.20.53:536][  0]LogInit: Computer: RSIVALICE
[2014.09.22-22.20.53:536][  0]LogInit: User: ryanw
[2014.09.22-22.20.53:538][  0]LogInit: CPU Page size=4096, Cores=2
[2014.09.22-22.20.53:538][  0]LogInit: High frequency timer resolution =2.338448 MHz
[2014.09.22-22.20.53:538][  0]LogMemory: Memory total: Physical=3.8GB (4GB approx) Virtual=131072.0GB
[2014.09.22-22.20.53:538][  0]LogMemory: Platform Memory Stats for Windows
[2014.09.22-22.20.53:538][  0]LogMemory: Process Physical Memory: 52.46 MB used, 52.46 MB peak
[2014.09.22-22.20.53:538][  0]LogMemory: Process Virtual Memory: 29.52 MB used, 29.52 MB peak
[2014.09.22-22.20.53:538][  0]LogMemory: Physical Memory: 3607.72 MB used, 3941.41 MB total
[2014.09.22-22.20.53:538][  0]LogMemory: Virtual Memory: 254.58 MB used, 134217728.00 MB total
[2014.09.22-22.20.53:615][  0]LogD3D11RHI: Found D3D11 adapter 0: Intel(R) HD Graphics (Feature Level 10_0)
[2014.09.22-22.20.53:615][  0]LogD3D11RHI: Adapter has 32MB of dedicated video memory, 0MB of dedicated system memory, and 1632MB of shared system memory, 1 output[s]
[2014.09.22-22.20.53:617][  0]LogD3D11RHI: Found D3D11 adapter 1: Microsoft Basic Render Driver (Feature Level 11_0)
[2014.09.22-22.20.53:617][  0]LogD3D11RHI: Adapter has 0MB of dedicated video memory, 0MB of dedicated system memory, and 256MB of shared system memory, 0 output[s]
[2014.09.22-22.20.53:617][  0]LogD3D11RHI: Chosen D3D11 Adapter Id = 0
[2014.09.22-22.20.53:623][  0]LogRHI: Texture pool is 593 MB (70% of 848 MB)
[2014.09.22-22.20.53:625][  0]LogD3D11RHI: Async texture creation enabled
[2014.09.22-22.20.53:735][  0]LogContentStreaming: Texture pool size is 0.000000MB
[2014.09.22-22.20.55:005][  0]LogTargetPlatformManager:Display: Building Assets For Windows
[2014.09.22-22.20.55:134][  0]LogTargetPlatformManager:Display: Building Assets For Windows
[2014.09.22-22.20.55:181][  0]LogDerivedDataCache:Display: Max Cache Size: 512 MB
[2014.09.22-22.20.56:524][  0]LogDerivedDataCache: Loaded boot cache 1.34s 34MB C:/Users/ryanw/AppData/Local/UnrealEngine/4.2/DerivedDataCache/Boot.ddc.
[2014.09.22-22.20.56:524][  0]LogDerivedDataCache:Display: Loaded Boot cache: C:/Users/ryanw/AppData/Local/UnrealEngine/4.2/DerivedDataCache/Boot.ddc
[2014.09.22-22.20.56:525][  0]LogDerivedDataCache: FDerivedDataBackendGraph:  Pak pak cache file ../../../../../../Users/ryanw/Documents/GitHub/Space_Vines/Link-Object_prototype/DerivedDataCache/DDC.ddp not found, will not use a pak cache.
[2014.09.22-22.20.56:525][  0]LogDerivedDataCache: Unable to find inner node Pak for hierarchical cache Hierarchy.
[2014.09.22-22.20.56:564][  0]LogDerivedDataCache:Display: Pak cache opened for reading ../../../Engine/DerivedDataCache/DDC.ddp.
[2014.09.22-22.20.56:596][  0]LogDerivedDataCache: Using Local data cache path C:/Users/ryanw/AppData/Local/UnrealEngine/4.2/DerivedDataCache: Writable
[2014.09.22-22.21.04:192][  0]LogMeshUtilities: No automatic mesh reduction module available
[2014.09.22-22.21.04:192][  0]LogMeshUtilities: No automatic mesh merging module available
[2014.09.22-22.21.16:551][  0]LogInit: WinSock: version 1.1 (2.2), MaxSocks=32767, MaxUdp=65467
[2014.09.22-22.22.02:037][  0]LogStreaming:Warning: Failed to read file '../../../Engine/Content/Editor/Slate/Icons/ActorIcons/GroupActor_16x.png' error.
[2014.09.22-22.22.02:057][  0]LogSlate: Could not find file for Slate resource: ../../../Engine/Content/Editor/Slate/Icons/ActorIcons/GroupActor_16x.png
[2014.09.22-22.22.02:337][  0]LogStreaming:Warning: Failed to read file '../../../Engine/Content/Editor/Slate/Icons/ActorIcons/DecalActor_16x.png' error.
[2014.09.22-22.22.02:337][  0]LogSlate: Could not find file for Slate resource: ../../../Engine/Content/Editor/Slate/Icons/ActorIcons/DecalActor_16x.png
[2014.09.22-22.22.12:254][  0]UdpMessaging: Initializing bridge on interface 0.0.0.0:0 to multicast group 230.0.0.1:6666.
[2014.09.22-22.22.12:701][  0]SourceControl: Info Source control is disabled
[2014.09.22-22.22.12:702][  0]SourceControl: Info Source control is disabled
[2014.09.22-22.22.12:722][  0]SourceControl: Info Source control is disabled
[2014.09.22-22.22.13:491][  0]BlueprintLog: New page: Editor Load
[2014.09.22-22.22.14:132][  0]LogObj: 19136 objects as part of root set at end of initial load.
[2014.09.22-22.22.14:132][  0]LogUObjectAllocator: 3804656 out of 0 bytes used by permanent object pool.
[2014.09.22-22.22.14:791][  0]LogEngine: Initializing Engine...
[2014.09.22-22.22.15:027][  0]LogInit: XAudio2 using 'Speakers (Realtek High Definition Audio)' : 2 channels at 48 kHz using 32 bits per sample (channel mask 0x3)
[2014.09.22-22.22.15:056][  0]LogInit: FAudioDevice initialized.
[2014.09.22-22.22.15:126][  0]LogDerivedDataCache: Saved boot cache 0.04s 34MB C:/Users/ryanw/AppData/Local/UnrealEngine/4.2/DerivedDataCache/Boot.ddc.
[2014.09.22-22.22.15:136][  0]LogInit: Texture streaming: Enabled
[2014.09.22-22.22.15:307][  0]LogInit: Transaction tracking system initialized
[2014.09.22-22.22.15:810][  0]LogAssetRegistry: FAssetRegistry took 0.0108 seconds to start up
[2014.09.22-22.22.17:547][  0]LogModuleManager:Warning: ModuleManager: Unable to load module '' because the file was not found.
[2014.09.22-22.22.17:558][  0]LogModuleManager:Warning: ModuleManager: Unable to load module '' because the file was not found.
[2014.09.22-22.22.18:004][  0]LogConsoleResponse:Display: 
[2014.09.22-22.22.20:306][  0]SourceControl: Info Source control is disabled
[2014.09.22-22.22.20:306][  0]Cmd: MAP LOAD FILE="../../../../../../Users/ryanw/Documents/GitHub/Space_Vines/Link-Object_prototype/Content/Maps/GameLevels/Two.umap" TEMPLATE=0 SHOWPROGRESS=1 WORLDCOMPOSITION=0
[2014.09.22-22.22.20:320][  0]LightingResults: New page: Lighting Build
[2014.09.22-22.22.20:331][  0]MapCheck: New page: Map Check
[2014.09.22-22.22.20:331][  0]LightingResults: New page: Lighting Build
[2014.09.22-22.22.20:351][  0]LogParticles: Destroying 0 GPU particle simulations for FXSystem 0x00000026AEEEBE20
[2014.09.22-22.22.30:922][  0]LogMaterial:Warning: Material /Game/lore.lore needed to have new flag set bUsedWithStaticLighting !
[2014.09.22-22.22.31:228][  0]LogMaterial: Missing cached shader map for material lore, compiling.
[2014.09.22-22.22.31:364][  0]LogMaterial: 0.000367 seconds spent updating 1 materials, 1 interfaces, 0 instances, 0 with static permutations.
[2014.09.22-22.22.31:452][  0]LogEditorServer: Finished looking for orphan Actors (0.000 secs)
[2014.09.22-22.22.31:455][  0]Cmd: MAP CHECKDEP
[2014.09.22-22.22.31:455][  0]MapCheck: New page: Two - Sep 22, 2014, 2:22:31 PM
[2014.09.22-22.22.31:525][  0]MapCheck: Info ========== Map Check: 0 Error(s), 0 Warning(s), [69.571ms] ==========
[2014.09.22-22.22.31:525][  0]LogFileHelpers: Loading map 'Two' took 11.219
[2014.09.22-22.22.31:746][  0]LogCollectionManager: Loaded 0 collections in 0.001330 seconds
[2014.09.22-22.22.32:475][  0]LogCrashTracker: Crashtracker disabled due to settings.
[2014.09.22-22.22.32:476][  0]Cmd: MODE PLACEMENT
[2014.09.22-22.22.32:555][  0]LogLoad: Full Startup: 101.45 seconds (BP compile: 0.08 seconds)
[2014.09.22-22.22.33:299][  0]LogRenderer:Warning: Reallocating scene render targets to support 808x584.
[2014.09.22-22.22.34:363][  1]LogEpicStorage:Warning: EnumerateFiles request failed. Invalid response. code=403 error=<?xml version="1.0" encoding="UTF-8"?>
<Error><Code>AccessDenied</Code><Message>Access Denied</Message><RequestId>FFD5D99C4008BBB4</RequestId><HostId>RrmwX0/b/+fhbrlHirURoHpcFuFHVOZxVr8H9Fr+c29D9oHM7Q6O5vHEv4S70UwUgvn771gcRWg=</HostId></Error>
[2014.09.22-22.22.34:367][  1]LogContentBrowser:Verbose: The content browser source was changed by the sources view to '/Game/Materials'
[2014.09.22-22.22.34:442][  2]LogEpicSurvey:Warning: EnumerateFiles request failed. Invalid response. code=403 error=<?xml version="1.0" encoding="UTF-8"?>
<Error><Code>AccessDenied</Code><Message>Access Denied</Message><RequestId>CAD03487D8FE6D15</RequestId><HostId>VtDynfbfGqMoe5FRSCNAQKe8z9dIL9CzxqnF/6XPPRlAlL6UJzjYN9tHIOFfvCtMHLinOB+ru3g=</HostId></Error>
[2014.09.22-22.22.34:680][  3]LogEpicStorage:Warning: EnumerateFiles request failed. Invalid response. code=403 error=<?xml version="1.0" encoding="UTF-8"?>
<Error><Code>AccessDenied</Code><Message>Access Denied</Message><RequestId>EF651125E0B09EE8</RequestId><HostId>dftqF9ZEcllcKJ/eW8/RkKFJ9skXkiZ3bqbkQTy/+msbYaB363FQFlW7AoCob0ST</HostId></Error>
[2014.09.22-22.22.34:687][  3]LogAssetRegistry: Asset discovery search completed in 18.8881 seconds
[2014.09.22-22.22.34:745][  4]LogEpicSurvey:Warning: EnumerateFiles request failed. Invalid response. code=403 error=<?xml version="1.0" encoding="UTF-8"?>
<Error><Code>AccessDenied</Code><Message>Access Denied</Message><RequestId>2ABA8C6AB4854205</RequestId><HostId>AKIF2eC406BQJLHfTOePmPx1vgGpltNDnOheYQ3nVmHsinrLNw+wp8XUE6Iy8IdWbDpjXkuvWh0=</HostId></Error>
[2014.09.22-22.22.39:391][  9]LogEpicStorage:Warning: ReadFile request failed. File request already pending for filename=http://cdn.unrealengine.com/newsfeed/blueprint_icon_b.png
[2014.09.22-22.22.40:860][  9]LogEpicStorage:Warning: ReadFile request failed. File request already pending for filename=http://cdn.unrealengine.com/newsfeed/blueprint_icon_b.png
[2014.09.22-22.23.51:468][438]Cmd: QUIT_EDITOR
[2014.09.22-22.23.51:775][438]LogWindowsTextInputMethodSystem:Error: Terminating failed while unadvising the language notification sink from the TSF source.
[2014.09.22-22.23.51:816][438]LogExit: Preparing to exit.
[2014.09.22-22.23.53:989][438]LogExit: Editor shut down
[2014.09.22-22.23.53:990][438]LogExit: Transaction tracking system shut down
[2014.09.22-22.23.53:995][438]LogParticles: Destroying 0 GPU particle simulations for FXSystem 0x00000026A7302A20
[2014.09.22-22.23.53:998][438]LogParticles: Destroying 0 GPU particle simulations for FXSystem 0x00000026BF58B880
[2014.09.22-22.23.57:804][438]LogExit: Object subsystem successfully closed.
[2014.09.22-22.24.00:358][438]LogModuleManager: Shutting down and abandoning module AndroidDeviceDetection (163)
[2014.09.22-22.24.00:358][438]LogModuleManager: Shutting down and abandoning module CrashTracker (162)
[2014.09.22-22.24.00:358][438]LogModuleManager: Shutting down and abandoning module HTTP (161)
[2014.09.22-22.24.00:358][438]LogModuleManager: Shutting down and abandoning module NewsFeed (160)
[2014.09.22-22.24.00:439][438]LogModuleManager: Shutting down and abandoning module SceneOutliner (159)
[2014.09.22-22.24.00:439][438]LogModuleManager: Shutting down and abandoning module EditorWidgets (158)
[2014.09.22-22.24.00:439][438]LogModuleManager: Shutting down and abandoning module CollectionManager (157)
[2014.09.22-22.24.00:529][438]LogModuleManager: Shutting down and abandoning module StatsViewer (156)
[2014.09.22-22.24.00:574][438]LogModuleManager: Shutting down and abandoning module FoliageEdit (155)
[2014.09.22-22.24.00:863][438]LogModuleManager: Shutting down and abandoning module LandscapeEditor (154)
[2014.09.22-22.24.00:988][438]LogModuleManager: Shutting down and abandoning module MeshPaint (153)
[2014.09.22-22.24.01:085][438]LogModuleManager: Shutting down and abandoning module ActorPickerMode (152)
[2014.09.22-22.24.01:121][438]LogModuleManager: Shutting down and abandoning module GeometryMode (151)
[2014.09.22-22.24.01:200][438]LogModuleManager: Shutting down and abandoning module TextureAlignMode (150)
[2014.09.22-22.24.01:224][438]LogModuleManager: Shutting down and abandoning module BspMode (149)
[2014.09.22-22.24.01:305][438]LogModuleManager: Shutting down and abandoning module PlacementMode (148)
[2014.09.22-22.24.01:445][438]LogModuleManager: Shutting down and abandoning module AutomationWorker (147)
[2014.09.22-22.24.01:445][438]LogModuleManager: Shutting down and abandoning module ViewportSnapping (146)
[2014.09.22-22.24.01:445][438]LogModuleManager: Shutting down and abandoning module DeviceProfileEditor (145)
[2014.09.22-22.24.01:460][438]LogModuleManager: Shutting down and abandoning module UndoHistory (144)
[2014.09.22-22.24.01:460][438]LogModuleManager: Shutting down and abandoning module GameplayTagsEditor (143)
[2014.09.22-22.24.01:460][438]LogModuleManager: Shutting down and abandoning module UserFeedback (142)
[2014.09.22-22.24.01:460][438]LogModuleManager: Shutting down and abandoning module XmlParser (141)
[2014.09.22-22.24.01:524][438]LogModuleManager: Shutting down and abandoning module Blutility (140)
[2014.09.22-22.24.01:524][438]LogModuleManager: Shutting down and abandoning module AndroidPlatformEditor (137)
[2014.09.22-22.24.01:524][438]LogModuleManager: Shutting down and abandoning module AndroidRuntimeSettings (136)
[2014.09.22-22.24.01:524][438]LogModuleManager: Shutting down and abandoning module ProjectSettingsViewer (135)
[2014.09.22-22.24.01:524][438]LogModuleManager: Shutting down and abandoning module InputBindingEditor (134)
[2014.09.22-22.24.01:582][438]LogModuleManager: Shutting down and abandoning module EditorSettingsViewer (133)
[2014.09.22-22.24.01:582][438]LogModuleManager: Shutting down and abandoning module SettingsEditor (132)
[2014.09.22-22.24.01:631][438]LogModuleManager: Shutting down and abandoning module SessionLauncher (131)
[2014.09.22-22.24.01:671][438]LogModuleManager: Shutting down and abandoning module SessionFrontend (130)
[2014.09.22-22.24.01:688][438]LogModuleManager: Shutting down and abandoning module ProfilerClient (129)
[2014.09.22-22.24.01:720][438]LogModuleManager: Shutting down and abandoning module TargetDeviceServices (128)
[2014.09.22-22.24.01:720][438]LogModuleManager: Shutting down and abandoning module DeviceManager (127)
[2014.09.22-22.24.01:809][438]LogModuleManager: Shutting down and abandoning module AutomationController (126)
[2014.09.22-22.24.01:833][438]LogModuleManager: Shutting down and abandoning module AutomationWindow (125)
[2014.09.22-22.24.01:953][438]LogModuleManager: Shutting down and abandoning module Layers (124)
[2014.09.22-22.24.01:953][438]LogModuleManager: Shutting down and abandoning module ComponentVisualizers (123)
[2014.09.22-22.24.01:953][438]LogModuleManager: Shutting down and abandoning module DetailCustomizations (122)
[2014.09.22-22.24.02:152][438]LogModuleManager: Shutting down and abandoning module PackagesDialog (121)
[2014.09.22-22.24.02:200][438]LogModuleManager: Shutting down and abandoning module PropertyEditor (120)
[2014.09.22-22.24.02:200][438]LogModuleManager: Shutting down and abandoning module DirectoryWatcher (119)
[2014.09.22-22.24.02:200][438]LogModuleManager: Shutting down and abandoning module AssetRegistry (118)
[2014.09.22-22.24.02:333][438]LogModuleManager: Shutting down and abandoning module Persona (117)
[2014.09.22-22.24.02:583][438]LogModuleManager: Shutting down and abandoning module GraphEditor (116)
[2014.09.22-22.24.02:687][438]LogModuleManager: Shutting down and abandoning module ContentBrowser (115)
[2014.09.22-22.24.02:687][438]LogModuleManager: Shutting down and abandoning module ClassViewer (114)
[2014.09.22-22.24.02:764][438]LogModuleManager: Shutting down and abandoning module Toolbox (113)
[2014.09.22-22.24.02:764][438]LogModuleManager: Shutting down and abandoning module ModuleUI (112)
[2014.09.22-22.24.02:833][438]LogModuleManager: Shutting down and abandoning module Sequencer (111)
[2014.09.22-22.24.02:959][438]LogModuleManager: Shutting down and abandoning module AssetTools (110)
[2014.09.22-22.24.03:098][438]LogModuleManager: Shutting down and abandoning module MovieSceneTools (109)
[2014.09.22-22.24.03:102][438]LogModuleManager: Shutting down and abandoning module OutputLog (108)
[2014.09.22-22.24.03:102][438]LogModuleManager: Shutting down and abandoning module GammaUI (107)
[2014.09.22-22.24.03:112][438]LogModuleManager: Shutting down and abandoning module Documentation (106)
[2014.09.22-22.24.03:112][438]LogModuleManager: Shutting down and abandoning module StreamingPauseRendering (105)
[2014.09.22-22.24.03:126][438]LogModuleManager: Shutting down and abandoning module AnalyticsET (104)
[2014.09.22-22.24.03:126][438]LogModuleManager: Shutting down and abandoning module Analytics (103)
[2014.09.22-22.24.03:127][438]LogModuleManager: Shutting down and abandoning module ProfilerService (102)
[2014.09.22-22.24.03:449][438]LogModuleManager: Shutting down and abandoning module TaskGraph (101)
[2014.09.22-22.24.03:543][438]LogModuleManager: Shutting down and abandoning module GameProjectGeneration (100)
[2014.09.22-22.24.03:544][438]LogModuleManager: Shutting down and abandoning module Matinee (99)
[2014.09.22-22.24.03:708][438]LogModuleManager: Shutting down and abandoning module Kismet (98)
[2014.09.22-22.24.04:176][438]LogModuleManager: Shutting down and abandoning module SlateReflector (97)
[2014.09.22-22.24.04:176][438]LogModuleManager: Shutting down and abandoning module LevelEditor (96)
[2014.09.22-22.24.04:220][438]LogModuleManager: Shutting down and abandoning module MainFrame (95)
[2014.09.22-22.24.04:220][438]LogModuleManager: Shutting down and abandoning module SourceControl (94)
[2014.09.22-22.24.04:220][438]LogModuleManager: Shutting down and abandoning module ImageWrapper (93)
[2014.09.22-22.24.04:220][438]LogModuleManager: Shutting down and abandoning module OnlineBlueprintSupport (92)
[2014.09.22-22.24.04:220][438]LogModuleManager: Shutting down and abandoning module FunctionalTesting (91)
[2014.09.22-22.24.04:264][438]LogModuleManager: Shutting down and abandoning module CollisionAnalyzer (90)
[2014.09.22-22.24.04:311][438]LogModuleManager: Shutting down and abandoning module WorkspaceMenuStructure (89)
[2014.09.22-22.24.04:311][438]LogModuleManager: Shutting down and abandoning module MessageLog (88)
[2014.09.22-22.24.04:617][438]LogModuleManager: Shutting down and abandoning module Slate (87)
[2014.09.22-22.24.04:617][438]LogModuleManager: Shutting down and abandoning module EditorStyle (86)
[2014.09.22-22.24.04:629][438]LogModuleManager: Shutting down and abandoning module SessionServices (85)
[2014.09.22-22.24.04:629][438]LogModuleManager: Shutting down and abandoning module Messaging (84)
[2014.09.22-22.24.04:629][438]LogModuleManager: Shutting down and abandoning module SourceCodeAccess (83)
[2014.09.22-22.24.04:629][438]LogModuleManager: Shutting down and abandoning module HeadMountedDisplay (82)
[2014.09.22-22.24.04:629][438]LogModuleManager: Shutting down and abandoning module XAudio2 (81)
[2014.09.22-22.24.04:629][438]LogModuleManager: Shutting down and abandoning module Networking (79)
[2014.09.22-22.24.04:629][438]LogModuleManager: Shutting down and abandoning module Core (78)
[2014.09.22-22.24.04:629][438]LogModuleManager: Shutting down and abandoning module KismetCompiler (77)
[2014.09.22-22.24.04:713][438]LogModuleManager: Shutting down and abandoning module PhysXFormats (76)
[2014.09.22-22.24.04:713][438]LogModuleManager: Shutting down and abandoning module SimplygonMeshReduction (75)
[2014.09.22-22.24.04:845][438]LogModuleManager: Shutting down and abandoning module MeshUtilities (74)
[2014.09.22-22.24.05:000][438]LogModuleManager: Shutting down and abandoning module DerivedDataCache (73)
[2014.09.22-22.24.05:033][438]LogDerivedDataCache: Shutdown
[2014.09.22-22.24.05:109][438]LogModuleManager: Shutting down and abandoning module ShaderFormatOpenGL (72)
[2014.09.22-22.24.05:143][438]LogModuleManager: Shutting down and abandoning module ShaderFormatD3D (71)
[2014.09.22-22.24.05:251][438]LogModuleManager: Shutting down and abandoning module TextureFormatUncompressed (70)
[2014.09.22-22.24.05:251][438]LogModuleManager: Shutting down and abandoning module TextureFormatPVR (69)
[2014.09.22-22.24.05:260][438]LogModuleManager: Shutting down and abandoning module TextureFormatDXT (68)
[2014.09.22-22.24.05:270][438]LogModuleManager: Shutting down and abandoning module TextureFormatAndroid (67)
[2014.09.22-22.24.05:270][438]LogModuleManager: Shutting down and abandoning module AudioFormatOpus (66)
[2014.09.22-22.24.05:270][438]LogModuleManager: Shutting down and abandoning module AudioFormatOgg (65)
[2014.09.22-22.24.05:270][438]LogModuleManager: Shutting down and abandoning module AudioFormatADPCM (64)
[2014.09.22-22.24.05:270][438]LogModuleManager: Shutting down and abandoning module Android_PVRTCTargetPlatform (63)
[2014.09.22-22.24.05:270][438]LogModuleManager: Shutting down and abandoning module Android_ETC2TargetPlatform (62)
[2014.09.22-22.24.05:270][438]LogModuleManager: Shutting down and abandoning module Android_ETC1TargetPlatform (61)
[2014.09.22-22.24.05:270][438]LogModuleManager: Shutting down and abandoning module Android_DXTTargetPlatform (60)
[2014.09.22-22.24.05:270][438]LogModuleManager: Shutting down and abandoning module Android_ATCTargetPlatform (59)
[2014.09.22-22.24.05:270][438]LogModuleManager: Shutting down and abandoning module AndroidTargetPlatform (58)
[2014.09.22-22.24.05:270][438]LogModuleManager: Shutting down and abandoning module WindowsTargetPlatform (57)
[2014.09.22-22.24.05:270][438]LogModuleManager: Shutting down and abandoning module WindowsServerTargetPlatform (56)
[2014.09.22-22.24.05:270][438]LogModuleManager: Shutting down and abandoning module WindowsNoEditorTargetPlatform (55)
[2014.09.22-22.24.05:270][438]LogModuleManager: Shutting down and abandoning module WindowsClientTargetPlatform (54)
[2014.09.22-22.24.05:270][438]LogModuleManager: Shutting down and abandoning module TargetPlatform (53)
[2014.09.22-22.24.05:270][438]LogModuleManager: Shutting down and abandoning module InputCore (52)
[2014.09.22-22.24.05:347][438]LogModuleManager: Shutting down and abandoning module Settings (51)
[2014.09.22-22.24.05:347][438]LogModuleManager: Shutting down and abandoning module TextureCompressor (48)
[2014.09.22-22.24.05:376][438]LogModuleManager: Shutting down and abandoning module ShaderCore (47)
[2014.09.22-22.24.05:376][438]LogModuleManager: Shutting down and abandoning module OpenGLDrv (46)
[2014.09.22-22.24.05:376][438]LogModuleManager: Shutting down and abandoning module D3D11RHI (45)
[2014.09.22-22.24.05:376][438]LogModuleManager: Shutting down and abandoning module SlateRHIRenderer (44)
[2014.09.22-22.24.05:376][438]LogModuleManager: Shutting down and abandoning module Renderer (43)
[2014.09.22-22.24.05:376][438]LogModuleManager: Shutting down and abandoning module Engine (42)
[2014.09.22-22.24.05:376][438]LogModuleManager: Shutting down and abandoning module SlateRemote (41)
[2014.09.22-22.24.05:376][438]LogModuleManager: Shutting down and abandoning module ScriptPlugin (40)
[2014.09.22-22.24.05:403][438]LogModuleManager: Shutting down and abandoning module ScriptEditorPlugin (38)
[2014.09.22-22.24.05:403][438]LogModuleManager: Shutting down and abandoning module WindowsMoviePlayer (37)
[2014.09.22-22.24.05:525][438]LogModuleManager: Shutting down and abandoning module ExampleDeviceProfileSelector (32)
[2014.09.22-22.24.05:525][438]LogModuleManager: Shutting down and abandoning module CustomMeshComponent (31)
[2014.09.22-22.24.05:525][438]LogModuleManager: Shutting down and abandoning module CableComponent (30)
[2014.09.22-22.24.05:525][438]LogModuleManager: Shutting down and abandoning module OculusRift (26)
[2014.09.22-22.24.05:543][438]LogModuleManager: Shutting down and abandoning module UdpMessaging (25)
[2014.09.22-22.24.05:645][438]LogModuleManager: Shutting down and abandoning module MessagingDebugger (24)
[2014.09.22-22.24.05:966][438]LogModuleManager: Shutting down and abandoning module PluginsEditor (14)
[2014.09.22-22.24.05:981][438]LogModuleManager: Shutting down and abandoning module IntroTutorials (13)
[2014.09.22-22.24.06:019][438]LogModuleManager: Shutting down and abandoning module EpicSurvey (12)
[2014.09.22-22.24.06:067][438]LogModuleManager: Shutting down and abandoning module VisualStudioSourceCodeAccess (10)
[2014.09.22-22.24.06:067][438]LogModuleManager: Shutting down and abandoning module UObjectPlugin (9)
[2014.09.22-22.24.06:067][438]LogModuleManager: Shutting down and abandoning module SubversionSourceControl (8)
[2014.09.22-22.24.06:083][438]LogModuleManager: Shutting down and abandoning module PerforceSourceControl (7)
[2014.09.22-22.24.06:144][438]LogModuleManager: Shutting down and abandoning module BlankPlugin (6)
[2014.09.22-22.24.06:144][438]LogModuleManager: Shutting down and abandoning module CoreUObject (5)
[2014.09.22-22.24.06:144][438]LogModuleManager: Shutting down and abandoning module NetworkFile (4)
[2014.09.22-22.24.06:210][438]LogModuleManager: Shutting down and abandoning module StreamingFile (3)
[2014.09.22-22.24.06:234][438]LogModuleManager: Shutting down and abandoning module SandboxFile (2)
[2014.09.22-22.24.06:285][438]LogModuleManager: Shutting down and abandoning module PakFile (1)
[2014.09.22-22.24.06:382][438]LogExit: Exiting.
[2014.09.22-22.24.06:430][438]Log file closed, 09/22/14 18:24:06
