Log file open, 09/22/14 12:19:01
LogInit:Display: Running engine without a game
LogInit:Display: Loading recent project file: ../../../../../../Users/ryanw/Documents/GitHub/Space_Vines/MyProject/MyProject.uproject
LogInit: Version: 4.2.0-2092659+++depot+UE4-Releases+4.2
LogInit: Compiled (64-bit): Jun  3 2014 00:56:21
LogInit: Build Configuration: Development
LogInit: Branch Name: ++depot+UE4-Releases+4.2
LogInit: Command line: 
LogInit: Base directory: C:/Program Files/Unreal Engine/4.2/Engine/Binaries/Win64/
LogInit: Rocket: 1
[2014.09.22-16.19.01:753][  0]LogTaskGraph: Started task graph with 3 named threads and 4 total threads.
[2014.09.22-16.19.01:783][  0]LogOnline:Warning: No default platform service specified for OnlineSubsystem
[2014.09.22-16.19.01:792][  0]LogInit: Presizing for 0 objects not considered by GC, pre-allocating 0 bytes.
[2014.09.22-16.19.01:801][  0]LogInit: Object subsystem initialized
[2014.09.22-16.19.01:803][  0]LogInit: Selected Device Profile: [Windows]
[2014.09.22-16.19.01:803][  0]LogInit: Applying CVar settings loaded from the selected device profile: [Windows]
[2014.09.22-16.19.01:811][  0]LogInit: Computer: RSIVALICE
[2014.09.22-16.19.01:811][  0]LogInit: User: ryanw
[2014.09.22-16.19.01:812][  0]LogInit: CPU Page size=4096, Cores=2
[2014.09.22-16.19.01:812][  0]LogInit: High frequency timer resolution =2.338448 MHz
[2014.09.22-16.19.01:812][  0]LogMemory: Memory total: Physical=3.8GB (4GB approx) Virtual=131072.0GB
[2014.09.22-16.19.01:812][  0]LogMemory: Platform Memory Stats for Windows
[2014.09.22-16.19.01:812][  0]LogMemory: Process Physical Memory: 52.48 MB used, 52.48 MB peak
[2014.09.22-16.19.01:812][  0]LogMemory: Process Virtual Memory: 29.54 MB used, 29.54 MB peak
[2014.09.22-16.19.01:812][  0]LogMemory: Physical Memory: 3699.52 MB used, 3941.41 MB total
[2014.09.22-16.19.01:812][  0]LogMemory: Virtual Memory: 254.58 MB used, 134217728.00 MB total
[2014.09.22-16.19.01:943][  0]LogD3D11RHI: Found D3D11 adapter 0: Intel(R) HD Graphics (Feature Level 10_0)
[2014.09.22-16.19.01:943][  0]LogD3D11RHI: Adapter has 32MB of dedicated video memory, 0MB of dedicated system memory, and 1632MB of shared system memory, 1 output[s]
[2014.09.22-16.19.01:946][  0]LogD3D11RHI: Found D3D11 adapter 1: Microsoft Basic Render Driver (Feature Level 11_0)
[2014.09.22-16.19.01:946][  0]LogD3D11RHI: Adapter has 0MB of dedicated video memory, 0MB of dedicated system memory, and 256MB of shared system memory, 0 output[s]
[2014.09.22-16.19.01:946][  0]LogD3D11RHI: Chosen D3D11 Adapter Id = 0
[2014.09.22-16.19.01:960][  0]LogRHI: Texture pool is 593 MB (70% of 848 MB)
[2014.09.22-16.19.01:963][  0]LogD3D11RHI: Async texture creation enabled
[2014.09.22-16.19.02:091][  0]LogContentStreaming: Texture pool size is 0.000000MB
[2014.09.22-16.19.12:182][  0]LogTargetPlatformManager:Display: Building Assets For Windows
[2014.09.22-16.19.14:045][  0]LogTargetPlatformManager:Display: Building Assets For Windows
[2014.09.22-16.19.14:147][  0]LogDerivedDataCache:Display: Max Cache Size: 512 MB
[2014.09.22-16.19.15:902][  0]LogDerivedDataCache: Loaded boot cache 1.75s 34MB C:/Users/ryanw/AppData/Local/UnrealEngine/4.2/DerivedDataCache/Boot.ddc.
[2014.09.22-16.19.15:902][  0]LogDerivedDataCache:Display: Loaded Boot cache: C:/Users/ryanw/AppData/Local/UnrealEngine/4.2/DerivedDataCache/Boot.ddc
[2014.09.22-16.19.15:902][  0]LogDerivedDataCache: FDerivedDataBackendGraph:  Pak pak cache file ../../../../../../Users/ryanw/Documents/GitHub/Space_Vines/MyProject/DerivedDataCache/DDC.ddp not found, will not use a pak cache.
[2014.09.22-16.19.15:902][  0]LogDerivedDataCache: Unable to find inner node Pak for hierarchical cache Hierarchy.
[2014.09.22-16.19.16:274][  0]LogDerivedDataCache:Display: Pak cache opened for reading ../../../Engine/DerivedDataCache/DDC.ddp.
[2014.09.22-16.19.16:287][  0]LogDerivedDataCache: Using Local data cache path C:/Users/ryanw/AppData/Local/UnrealEngine/4.2/DerivedDataCache: Writable
[2014.09.22-16.19.25:774][  0]LogMeshUtilities: No automatic mesh reduction module available
[2014.09.22-16.19.25:775][  0]LogMeshUtilities: No automatic mesh merging module available
[2014.09.22-16.19.36:217][  0]LogInit: WinSock: version 1.1 (2.2), MaxSocks=32767, MaxUdp=65467
[2014.09.22-16.20.20:054][  0]LogStreaming:Warning: Failed to read file '../../../Engine/Content/Editor/Slate/Icons/ActorIcons/GroupActor_16x.png' error.
[2014.09.22-16.20.20:093][  0]LogSlate: Could not find file for Slate resource: ../../../Engine/Content/Editor/Slate/Icons/ActorIcons/GroupActor_16x.png
[2014.09.22-16.20.20:435][  0]LogStreaming:Warning: Failed to read file '../../../Engine/Content/Editor/Slate/Icons/ActorIcons/DecalActor_16x.png' error.
[2014.09.22-16.20.20:436][  0]LogSlate: Could not find file for Slate resource: ../../../Engine/Content/Editor/Slate/Icons/ActorIcons/DecalActor_16x.png
[2014.09.22-16.20.36:709][  0]UdpMessaging: Initializing bridge on interface 0.0.0.0:0 to multicast group 230.0.0.1:6666.
[2014.09.22-16.20.37:528][  0]SourceControl: Info Source control is disabled
[2014.09.22-16.20.37:528][  0]SourceControl: Info Source control is disabled
[2014.09.22-16.20.37:547][  0]SourceControl: Info Source control is disabled
[2014.09.22-16.20.40:929][  0]BlueprintLog: New page: Editor Load
[2014.09.22-16.20.42:519][  0]LogObj: 19136 objects as part of root set at end of initial load.
[2014.09.22-16.20.42:520][  0]LogUObjectAllocator: 3804656 out of 0 bytes used by permanent object pool.
[2014.09.22-16.20.44:391][  0]LogAutomationTest:Warning: Smoke tests took > 1s to run: 1.75s
[2014.09.22-16.20.44:437][  0]LogEngine: Initializing Engine...
[2014.09.22-16.20.46:494][  0]LogInit: XAudio2 using 'Speakers (Realtek High Definition Audio)' : 2 channels at 48 kHz using 32 bits per sample (channel mask 0x3)
[2014.09.22-16.20.46:770][  0]LogInit: FAudioDevice initialized.
[2014.09.22-16.20.47:147][  0]LogDerivedDataCache: Saved boot cache 0.05s 34MB C:/Users/ryanw/AppData/Local/UnrealEngine/4.2/DerivedDataCache/Boot.ddc.
[2014.09.22-16.20.47:159][  0]LogInit: Texture streaming: Enabled
[2014.09.22-16.20.50:077][  0]LogInit: Transaction tracking system initialized
[2014.09.22-16.20.51:369][  0]LogAssetRegistry: FAssetRegistry took 0.0113 seconds to start up
[2014.09.22-16.20.53:499][  0]LogModuleManager:Warning: ModuleManager: Unable to load module '' because the file was not found.
[2014.09.22-16.20.53:519][  0]LogModuleManager:Warning: ModuleManager: Unable to load module '' because the file was not found.
[2014.09.22-16.20.53:822][  0]LogConsoleResponse:Display: 
[2014.09.22-16.21.01:157][  0]SourceControl: Info Source control is disabled
[2014.09.22-16.21.01:157][  0]Cmd: MAP LOAD FILE="../../../../../../Users/ryanw/Documents/GitHub/Space_Vines/MyProject/Content/Maps/Example_Map.umap" TEMPLATE=0 SHOWPROGRESS=1 WORLDCOMPOSITION=0
[2014.09.22-16.21.01:200][  0]LogEditorServer:Warning: Can't find file '../../../../../../Users/ryanw/Documents/GitHub/Space_Vines/MyProject/Content/Maps/Example_Map.umap'
[2014.09.22-16.21.01:200][  0]Cmd: MAP CHECKDEP
[2014.09.22-16.21.01:200][  0]MapCheck: New page: Untitled_0 - Sep 22, 2014, 8:21:01 AM
[2014.09.22-16.21.01:256][  0]MapCheck: Info ========== Map Check: 0 Error(s), 0 Warning(s), [55.354ms] ==========
[2014.09.22-16.21.01:256][  0]LogFileHelpers: Loading map 'Example_Map' took 0.098
[2014.09.22-16.21.02:177][  0]LogCollectionManager: Loaded 0 collections in 0.001931 seconds
[2014.09.22-16.21.02:251][  0]LogContentBrowser:Verbose: The content browser source was changed by the sources view to '/Game'
[2014.09.22-16.21.03:364][  0]LogCrashTracker: Crashtracker disabled due to settings.
[2014.09.22-16.21.03:366][  0]Cmd: MODE PLACEMENT
[2014.09.22-16.21.04:570][  0]LogLoad: Full Startup: 124.11 seconds (BP compile: 0.12 seconds)
[2014.09.22-16.21.05:155][  0]LogRenderer:Warning: Reallocating scene render targets to support 808x584.
[2014.09.22-16.21.05:735][  1]LogEpicStorage:Warning: EnumerateFiles request failed. Invalid response. code=403 error=<?xml version="1.0" encoding="UTF-8"?>
<Error><Code>AccessDenied</Code><Message>Access Denied</Message><RequestId>7E993A441738FF33</RequestId><HostId>tHiqMyFhbyzn5kZm1g/O2lO93lOvBGNEgWYBmw5Q/PncsWug04olfHDekhhs2tes</HostId></Error>
[2014.09.22-16.21.05:802][  2]LogEpicSurvey:Warning: EnumerateFiles request failed. Invalid response. code=403 error=<?xml version="1.0" encoding="UTF-8"?>
<Error><Code>AccessDenied</Code><Message>Access Denied</Message><RequestId>4E6DE0FEBDAE1D1E</RequestId><HostId>ZH/fYbBC4eUvY2OWpqRgDQZexgVQhQbdMcaVm1YgoxlAYAZZ+WMAaKExVPV5TRNm</HostId></Error>
[2014.09.22-16.21.05:816][  2]LogAssetRegistry: Asset discovery search completed in 14.4586 seconds
[2014.09.22-16.21.05:835][  3]LogEpicStorage:Warning: EnumerateFiles request failed. Invalid response. code=403 error=<?xml version="1.0" encoding="UTF-8"?>
<Error><Code>AccessDenied</Code><Message>Access Denied</Message><RequestId>70C9CA1A602A0D87</RequestId><HostId>T/8NuOAbl8Q6HiU0jwRYszIBwps+GhBTiaZIEwATyhD/TRZhvPmH/3bQIKqx4/Eh</HostId></Error>
[2014.09.22-16.21.05:847][  4]LogEpicSurvey:Warning: EnumerateFiles request failed. Invalid response. code=403 error=<?xml version="1.0" encoding="UTF-8"?>
<Error><Code>AccessDenied</Code><Message>Access Denied</Message><RequestId>21FEFCEB5E0EF1F3</RequestId><HostId>iaRpF8/EQv3/Cv1tlReCW0O++qqWmiLJrCogqT0d4Tvd9prMqF2a/UNwX3+KIFPE</HostId></Error>
[2014.09.22-16.21.06:555][  8]LogEpicStorage:Warning: ReadFile request failed. File request already pending for filename=http://cdn.unrealengine.com/newsfeed/blueprint_icon_b.png
[2014.09.22-16.21.06:789][  8]LogEpicStorage:Warning: ReadFile request failed. File request already pending for filename=http://cdn.unrealengine.com/newsfeed/blueprint_icon_b.png
[2014.09.22-16.21.34:025][258]Cmd: MAP LOAD FILE="C:/Users/ryanw/Documents/GitHub/Space_Vines/MyProject/Content/Maps/sacrifice.umap" TEMPLATE=0 SHOWPROGRESS=1 WORLDCOMPOSITION=0
[2014.09.22-16.21.34:181][258]LightingResults: New page: Lighting Build
[2014.09.22-16.21.34:211][258]Cmd: MODE PLACEMENT
[2014.09.22-16.21.34:227][258]LoadErrors: New page: Loading map: sacrifice.umap
[2014.09.22-16.21.34:228][258]MapCheck: New page: Map Check
[2014.09.22-16.21.34:228][258]LightingResults: New page: Lighting Build
[2014.09.22-16.21.34:362][258]LogParticles: Destroying 0 GPU particle simulations for FXSystem 0x000000E70B434180
[2014.09.22-16.21.45:127][258]LogMaterial:Warning: Material /Game/lore.lore needed to have new flag set bUsedWithStaticLighting !
[2014.09.22-16.21.45:345][258]LogMaterial: Missing cached shader map for material lore, compiling.
[2014.09.22-16.21.45:419][258]LogMaterial: 0.000100 seconds spent updating 1 materials, 1 interfaces, 0 instances, 0 with static permutations.
[2014.09.22-16.21.45:582][258]LogEditorServer: Finished looking for orphan Actors (0.000 secs)
[2014.09.22-16.21.45:603][258]Cmd: MAP CHECKDEP
[2014.09.22-16.21.45:603][258]MapCheck: New page: sacrifice - Sep 22, 2014, 8:21:45 AM
[2014.09.22-16.21.45:662][258]MapCheck: Info ========== Map Check: 0 Error(s), 0 Warning(s), [57.575ms] ==========
[2014.09.22-16.21.45:662][258]LogFileHelpers: Loading map 'sacrifice' took 11.637
[2014.09.22-16.24.36:566][562]LogSavePackage: Save=7395.206055ms
[2014.09.22-16.24.36:568][562]LogSavePackage: Moving '../../../../../../Users/ryanw/Documents/GitHub/Space_Vines/MyProject/Saved/sacrificeA22036214A54F0A3DEFE729953ED0252.tmp' to '../../../../../../Users/ryanw/Documents/GitHub/Space_Vines/MyProject/Content/Maps/sacrifice.umap'
[2014.09.22-16.24.43:714][618]Cmd: QUIT_EDITOR
[2014.09.22-16.24.44:595][618]LogWindowsTextInputMethodSystem:Error: Terminating failed while unadvising the language notification sink from the TSF source.
[2014.09.22-16.24.44:824][618]LogExit: Preparing to exit.
[2014.09.22-16.24.47:663][618]LogExit: Editor shut down
[2014.09.22-16.24.47:691][618]LogExit: Transaction tracking system shut down
[2014.09.22-16.24.47:710][618]LogParticles: Destroying 0 GPU particle simulations for FXSystem 0x000000E71C3F1580
[2014.09.22-16.24.47:766][618]LogParticles: Destroying 0 GPU particle simulations for FXSystem 0x000000E71C0E6C00
[2014.09.22-16.24.47:766][618]LogParticles: Destroying 0 GPU particle simulations for FXSystem 0x000000E71C0E6DE0
[2014.09.22-16.24.50:946][618]LogExit: Object subsystem successfully closed.
[2014.09.22-16.25.03:320][618]LogModuleManager: Shutting down and abandoning module ExternalImagePicker (164)
[2014.09.22-16.25.03:321][618]LogModuleManager: Shutting down and abandoning module StatsViewer (163)
[2014.09.22-16.25.03:462][618]LogModuleManager: Shutting down and abandoning module AndroidDeviceDetection (162)
[2014.09.22-16.25.03:487][618]LogModuleManager: Shutting down and abandoning module CrashTracker (161)
[2014.09.22-16.25.03:487][618]LogModuleManager: Shutting down and abandoning module HTTP (160)
[2014.09.22-16.25.03:487][618]LogModuleManager: Shutting down and abandoning module NewsFeed (159)
[2014.09.22-16.25.03:513][618]LogModuleManager: Shutting down and abandoning module SceneOutliner (158)
[2014.09.22-16.25.03:513][618]LogModuleManager: Shutting down and abandoning module EditorWidgets (157)
[2014.09.22-16.25.03:513][618]LogModuleManager: Shutting down and abandoning module CollectionManager (156)
[2014.09.22-16.25.03:721][618]LogModuleManager: Shutting down and abandoning module FoliageEdit (155)
[2014.09.22-16.25.03:839][618]LogModuleManager: Shutting down and abandoning module LandscapeEditor (154)
[2014.09.22-16.25.04:134][618]LogModuleManager: Shutting down and abandoning module MeshPaint (153)
[2014.09.22-16.25.04:257][618]LogModuleManager: Shutting down and abandoning module ActorPickerMode (152)
[2014.09.22-16.25.04:278][618]LogModuleManager: Shutting down and abandoning module GeometryMode (151)
[2014.09.22-16.25.04:332][618]LogModuleManager: Shutting down and abandoning module TextureAlignMode (150)
[2014.09.22-16.25.04:357][618]LogModuleManager: Shutting down and abandoning module BspMode (149)
[2014.09.22-16.25.04:476][618]LogModuleManager: Shutting down and abandoning module PlacementMode (148)
[2014.09.22-16.25.04:477][618]LogModuleManager: Shutting down and abandoning module AutomationWorker (147)
[2014.09.22-16.25.04:477][618]LogModuleManager: Shutting down and abandoning module ViewportSnapping (146)
[2014.09.22-16.25.04:477][618]LogModuleManager: Shutting down and abandoning module DeviceProfileEditor (145)
[2014.09.22-16.25.04:592][618]LogModuleManager: Shutting down and abandoning module UndoHistory (144)
[2014.09.22-16.25.04:592][618]LogModuleManager: Shutting down and abandoning module GameplayTagsEditor (143)
[2014.09.22-16.25.04:592][618]LogModuleManager: Shutting down and abandoning module UserFeedback (142)
[2014.09.22-16.25.04:592][618]LogModuleManager: Shutting down and abandoning module XmlParser (141)
[2014.09.22-16.25.04:711][618]LogModuleManager: Shutting down and abandoning module Blutility (140)
[2014.09.22-16.25.04:711][618]LogModuleManager: Shutting down and abandoning module AndroidPlatformEditor (137)
[2014.09.22-16.25.04:712][618]LogModuleManager: Shutting down and abandoning module AndroidRuntimeSettings (136)
[2014.09.22-16.25.04:712][618]LogModuleManager: Shutting down and abandoning module ProjectSettingsViewer (135)
[2014.09.22-16.25.04:712][618]LogModuleManager: Shutting down and abandoning module InputBindingEditor (134)
[2014.09.22-16.25.04:947][618]LogModuleManager: Shutting down and abandoning module EditorSettingsViewer (133)
[2014.09.22-16.25.04:947][618]LogModuleManager: Shutting down and abandoning module SettingsEditor (132)
[2014.09.22-16.25.04:947][618]LogModuleManager: Shutting down and abandoning module SessionLauncher (131)
[2014.09.22-16.25.05:014][618]LogModuleManager: Shutting down and abandoning module SessionFrontend (130)
[2014.09.22-16.25.05:030][618]LogModuleManager: Shutting down and abandoning module ProfilerClient (129)
[2014.09.22-16.25.05:044][618]LogModuleManager: Shutting down and abandoning module TargetDeviceServices (128)
[2014.09.22-16.25.05:044][618]LogModuleManager: Shutting down and abandoning module DeviceManager (127)
[2014.09.22-16.25.05:143][618]LogModuleManager: Shutting down and abandoning module AutomationController (126)
[2014.09.22-16.25.05:281][618]LogModuleManager: Shutting down and abandoning module AutomationWindow (125)
[2014.09.22-16.25.05:316][618]LogModuleManager: Shutting down and abandoning module Layers (124)
[2014.09.22-16.25.05:363][618]LogModuleManager: Shutting down and abandoning module ComponentVisualizers (123)
[2014.09.22-16.25.05:363][618]LogModuleManager: Shutting down and abandoning module DetailCustomizations (122)
[2014.09.22-16.25.05:738][618]LogModuleManager: Shutting down and abandoning module PackagesDialog (121)
[2014.09.22-16.25.05:980][618]LogModuleManager: Shutting down and abandoning module PropertyEditor (120)
[2014.09.22-16.25.05:980][618]LogModuleManager: Shutting down and abandoning module DirectoryWatcher (119)
[2014.09.22-16.25.05:982][618]LogModuleManager: Shutting down and abandoning module AssetRegistry (118)
[2014.09.22-16.25.06:351][618]LogModuleManager: Shutting down and abandoning module Persona (117)
[2014.09.22-16.25.06:413][618]LogModuleManager: Shutting down and abandoning module GraphEditor (116)
[2014.09.22-16.25.06:507][618]LogModuleManager: Shutting down and abandoning module ContentBrowser (115)
[2014.09.22-16.25.06:507][618]LogModuleManager: Shutting down and abandoning module ClassViewer (114)
[2014.09.22-16.25.06:572][618]LogModuleManager: Shutting down and abandoning module Toolbox (113)
[2014.09.22-16.25.06:573][618]LogModuleManager: Shutting down and abandoning module ModuleUI (112)
[2014.09.22-16.25.06:630][618]LogModuleManager: Shutting down and abandoning module Sequencer (111)
[2014.09.22-16.25.06:887][618]LogModuleManager: Shutting down and abandoning module AssetTools (110)
[2014.09.22-16.25.06:961][618]LogModuleManager: Shutting down and abandoning module MovieSceneTools (109)
[2014.09.22-16.25.07:055][618]LogModuleManager: Shutting down and abandoning module OutputLog (108)
[2014.09.22-16.25.07:055][618]LogModuleManager: Shutting down and abandoning module GammaUI (107)
[2014.09.22-16.25.07:064][618]LogModuleManager: Shutting down and abandoning module Documentation (106)
[2014.09.22-16.25.07:064][618]LogModuleManager: Shutting down and abandoning module StreamingPauseRendering (105)
[2014.09.22-16.25.07:124][618]LogModuleManager: Shutting down and abandoning module AnalyticsET (104)
[2014.09.22-16.25.07:124][618]LogModuleManager: Shutting down and abandoning module Analytics (103)
[2014.09.22-16.25.07:124][618]LogModuleManager: Shutting down and abandoning module ProfilerService (102)
[2014.09.22-16.25.07:369][618]LogModuleManager: Shutting down and abandoning module TaskGraph (101)
[2014.09.22-16.25.07:450][618]LogModuleManager: Shutting down and abandoning module GameProjectGeneration (100)
[2014.09.22-16.25.07:450][618]LogModuleManager: Shutting down and abandoning module Matinee (99)
[2014.09.22-16.25.07:518][618]LogModuleManager: Shutting down and abandoning module Kismet (98)
[2014.09.22-16.25.07:773][618]LogModuleManager: Shutting down and abandoning module SlateReflector (97)
[2014.09.22-16.25.07:773][618]LogModuleManager: Shutting down and abandoning module LevelEditor (96)
[2014.09.22-16.25.07:841][618]LogModuleManager: Shutting down and abandoning module MainFrame (95)
[2014.09.22-16.25.07:918][618]LogModuleManager: Shutting down and abandoning module SourceControl (94)
[2014.09.22-16.25.07:926][618]LogModuleManager: Shutting down and abandoning module ImageWrapper (93)
[2014.09.22-16.25.07:926][618]LogModuleManager: Shutting down and abandoning module OnlineBlueprintSupport (92)
[2014.09.22-16.25.07:926][618]LogModuleManager: Shutting down and abandoning module FunctionalTesting (91)
[2014.09.22-16.25.07:938][618]LogModuleManager: Shutting down and abandoning module CollisionAnalyzer (90)
[2014.09.22-16.25.07:962][618]LogModuleManager: Shutting down and abandoning module WorkspaceMenuStructure (89)
[2014.09.22-16.25.07:962][618]LogModuleManager: Shutting down and abandoning module MessageLog (88)
[2014.09.22-16.25.07:963][618]LogModuleManager: Shutting down and abandoning module Slate (87)
[2014.09.22-16.25.07:963][618]LogModuleManager: Shutting down and abandoning module EditorStyle (86)
[2014.09.22-16.25.08:276][618]LogModuleManager: Shutting down and abandoning module SessionServices (85)
[2014.09.22-16.25.08:276][618]LogModuleManager: Shutting down and abandoning module Messaging (84)
[2014.09.22-16.25.08:276][618]LogModuleManager: Shutting down and abandoning module SourceCodeAccess (83)
[2014.09.22-16.25.08:276][618]LogModuleManager: Shutting down and abandoning module HeadMountedDisplay (82)
[2014.09.22-16.25.08:276][618]LogModuleManager: Shutting down and abandoning module XAudio2 (81)
[2014.09.22-16.25.08:276][618]LogModuleManager: Shutting down and abandoning module Networking (79)
[2014.09.22-16.25.08:276][618]LogModuleManager: Shutting down and abandoning module Core (78)
[2014.09.22-16.25.08:276][618]LogModuleManager: Shutting down and abandoning module KismetCompiler (77)
[2014.09.22-16.25.08:344][618]LogModuleManager: Shutting down and abandoning module PhysXFormats (76)
[2014.09.22-16.25.08:344][618]LogModuleManager: Shutting down and abandoning module SimplygonMeshReduction (75)
[2014.09.22-16.25.08:391][618]LogModuleManager: Shutting down and abandoning module MeshUtilities (74)
[2014.09.22-16.25.08:409][618]LogModuleManager: Shutting down and abandoning module DerivedDataCache (73)
[2014.09.22-16.25.08:488][618]LogDerivedDataCache: Shutdown
[2014.09.22-16.25.08:488][618]LogModuleManager: Shutting down and abandoning module ShaderFormatOpenGL (72)
[2014.09.22-16.25.08:540][618]LogModuleManager: Shutting down and abandoning module ShaderFormatD3D (71)
[2014.09.22-16.25.08:572][618]LogModuleManager: Shutting down and abandoning module TextureFormatUncompressed (70)
[2014.09.22-16.25.08:572][618]LogModuleManager: Shutting down and abandoning module TextureFormatPVR (69)
[2014.09.22-16.25.08:604][618]LogModuleManager: Shutting down and abandoning module TextureFormatDXT (68)
[2014.09.22-16.25.08:612][618]LogModuleManager: Shutting down and abandoning module TextureFormatAndroid (67)
[2014.09.22-16.25.08:612][618]LogModuleManager: Shutting down and abandoning module AudioFormatOpus (66)
[2014.09.22-16.25.08:612][618]LogModuleManager: Shutting down and abandoning module AudioFormatOgg (65)
[2014.09.22-16.25.08:612][618]LogModuleManager: Shutting down and abandoning module AudioFormatADPCM (64)
[2014.09.22-16.25.08:613][618]LogModuleManager: Shutting down and abandoning module Android_PVRTCTargetPlatform (63)
[2014.09.22-16.25.08:613][618]LogModuleManager: Shutting down and abandoning module Android_ETC2TargetPlatform (62)
[2014.09.22-16.25.08:613][618]LogModuleManager: Shutting down and abandoning module Android_ETC1TargetPlatform (61)
[2014.09.22-16.25.08:613][618]LogModuleManager: Shutting down and abandoning module Android_DXTTargetPlatform (60)
[2014.09.22-16.25.08:613][618]LogModuleManager: Shutting down and abandoning module Android_ATCTargetPlatform (59)
[2014.09.22-16.25.08:613][618]LogModuleManager: Shutting down and abandoning module AndroidTargetPlatform (58)
[2014.09.22-16.25.08:613][618]LogModuleManager: Shutting down and abandoning module WindowsTargetPlatform (57)
[2014.09.22-16.25.08:613][618]LogModuleManager: Shutting down and abandoning module WindowsServerTargetPlatform (56)
[2014.09.22-16.25.08:613][618]LogModuleManager: Shutting down and abandoning module WindowsNoEditorTargetPlatform (55)
[2014.09.22-16.25.08:613][618]LogModuleManager: Shutting down and abandoning module WindowsClientTargetPlatform (54)
[2014.09.22-16.25.08:613][618]LogModuleManager: Shutting down and abandoning module TargetPlatform (53)
[2014.09.22-16.25.08:613][618]LogModuleManager: Shutting down and abandoning module InputCore (52)
[2014.09.22-16.25.08:685][618]LogModuleManager: Shutting down and abandoning module Settings (51)
[2014.09.22-16.25.08:740][618]LogModuleManager: Shutting down and abandoning module TextureCompressor (48)
[2014.09.22-16.25.08:874][618]LogModuleManager: Shutting down and abandoning module ShaderCore (47)
[2014.09.22-16.25.08:962][618]LogModuleManager: Shutting down and abandoning module OpenGLDrv (46)
[2014.09.22-16.25.08:962][618]LogModuleManager: Shutting down and abandoning module D3D11RHI (45)
[2014.09.22-16.25.08:962][618]LogModuleManager: Shutting down and abandoning module SlateRHIRenderer (44)
[2014.09.22-16.25.08:962][618]LogModuleManager: Shutting down and abandoning module Renderer (43)
[2014.09.22-16.25.08:962][618]LogModuleManager: Shutting down and abandoning module Engine (42)
[2014.09.22-16.25.08:962][618]LogModuleManager: Shutting down and abandoning module SlateRemote (41)
[2014.09.22-16.25.08:963][618]LogModuleManager: Shutting down and abandoning module ScriptPlugin (40)
[2014.09.22-16.25.09:001][618]LogModuleManager: Shutting down and abandoning module ScriptEditorPlugin (38)
[2014.09.22-16.25.09:001][618]LogModuleManager: Shutting down and abandoning module WindowsMoviePlayer (37)
[2014.09.22-16.25.09:353][618]LogModuleManager: Shutting down and abandoning module ExampleDeviceProfileSelector (32)
[2014.09.22-16.25.09:723][618]LogModuleManager: Shutting down and abandoning module CustomMeshComponent (31)
[2014.09.22-16.25.09:723][618]LogModuleManager: Shutting down and abandoning module CableComponent (30)
[2014.09.22-16.25.09:723][618]LogModuleManager: Shutting down and abandoning module OculusRift (26)
[2014.09.22-16.25.09:751][618]LogModuleManager: Shutting down and abandoning module UdpMessaging (25)
[2014.09.22-16.25.09:852][618]LogModuleManager: Shutting down and abandoning module MessagingDebugger (24)
[2014.09.22-16.25.10:084][618]LogModuleManager: Shutting down and abandoning module PluginsEditor (14)
[2014.09.22-16.25.10:099][618]LogModuleManager: Shutting down and abandoning module IntroTutorials (13)
[2014.09.22-16.25.10:265][618]LogModuleManager: Shutting down and abandoning module EpicSurvey (12)
[2014.09.22-16.25.10:315][618]LogModuleManager: Shutting down and abandoning module VisualStudioSourceCodeAccess (10)
[2014.09.22-16.25.10:315][618]LogModuleManager: Shutting down and abandoning module UObjectPlugin (9)
[2014.09.22-16.25.10:315][618]LogModuleManager: Shutting down and abandoning module SubversionSourceControl (8)
[2014.09.22-16.25.10:324][618]LogModuleManager: Shutting down and abandoning module PerforceSourceControl (7)
[2014.09.22-16.25.10:358][618]LogModuleManager: Shutting down and abandoning module BlankPlugin (6)
[2014.09.22-16.25.10:358][618]LogModuleManager: Shutting down and abandoning module CoreUObject (5)
[2014.09.22-16.25.10:358][618]LogModuleManager: Shutting down and abandoning module NetworkFile (4)
[2014.09.22-16.25.10:639][618]LogModuleManager: Shutting down and abandoning module StreamingFile (3)
[2014.09.22-16.25.10:771][618]LogModuleManager: Shutting down and abandoning module SandboxFile (2)
[2014.09.22-16.25.10:780][618]LogModuleManager: Shutting down and abandoning module PakFile (1)
[2014.09.22-16.25.11:161][618]LogExit: Exiting.
[2014.09.22-16.25.16:243][618]Log file closed, 09/22/14 12:25:16
