Log file open, 09/21/14 20:24:59
LogInit:Display: Running engine without a game
LogInit:Display: Loading recent project file: ../../../../../../Users/ryanw/Documents/GitHub/Space_Vines/MyProject/MyProject.uproject
LogInit: Version: 4.2.0-2092659+++depot+UE4-Releases+4.2
LogInit: Compiled (64-bit): Jun  3 2014 00:56:21
LogInit: Build Configuration: Development
LogInit: Branch Name: ++depot+UE4-Releases+4.2
LogInit: Command line: 
LogInit: Base directory: C:/Program Files/Unreal Engine/4.2/Engine/Binaries/Win64/
LogInit: Rocket: 1
[2014.09.22-00.25.00:018][  0]LogTaskGraph: Started task graph with 3 named threads and 4 total threads.
[2014.09.22-00.25.00:085][  0]LogOnline:Warning: No default platform service specified for OnlineSubsystem
[2014.09.22-00.25.00:248][  0]LogInit: Presizing for 0 objects not considered by GC, pre-allocating 0 bytes.
[2014.09.22-00.25.00:547][  0]LogInit: Object subsystem initialized
[2014.09.22-00.25.00:600][  0]LogInit: Selected Device Profile: [Windows]
[2014.09.22-00.25.00:600][  0]LogInit: Applying CVar settings loaded from the selected device profile: [Windows]
[2014.09.22-00.25.00:761][  0]LogInit: Computer: RSIVALICE
[2014.09.22-00.25.00:761][  0]LogInit: User: ryanw
[2014.09.22-00.25.00:762][  0]LogInit: CPU Page size=4096, Cores=2
[2014.09.22-00.25.00:783][  0]LogInit: High frequency timer resolution =2.338448 MHz
[2014.09.22-00.25.00:783][  0]LogMemory: Memory total: Physical=3.8GB (4GB approx) Virtual=131072.0GB
[2014.09.22-00.25.00:793][  0]LogMemory: Platform Memory Stats for Windows
[2014.09.22-00.25.00:793][  0]LogMemory: Process Physical Memory: 52.50 MB used, 52.50 MB peak
[2014.09.22-00.25.00:793][  0]LogMemory: Process Virtual Memory: 29.50 MB used, 29.50 MB peak
[2014.09.22-00.25.00:793][  0]LogMemory: Physical Memory: 3186.22 MB used, 3941.41 MB total
[2014.09.22-00.25.00:793][  0]LogMemory: Virtual Memory: 254.58 MB used, 134217728.00 MB total
[2014.09.22-00.25.01:011][  0]LogD3D11RHI: Found D3D11 adapter 0: Intel(R) HD Graphics (Feature Level 10_0)
[2014.09.22-00.25.01:012][  0]LogD3D11RHI: Adapter has 32MB of dedicated video memory, 0MB of dedicated system memory, and 1632MB of shared system memory, 1 output[s]
[2014.09.22-00.25.01:047][  0]LogD3D11RHI: Found D3D11 adapter 1: Microsoft Basic Render Driver (Feature Level 11_0)
[2014.09.22-00.25.01:047][  0]LogD3D11RHI: Adapter has 0MB of dedicated video memory, 0MB of dedicated system memory, and 256MB of shared system memory, 0 output[s]
[2014.09.22-00.25.01:047][  0]LogD3D11RHI: Chosen D3D11 Adapter Id = 0
[2014.09.22-00.25.01:057][  0]LogRHI: Texture pool is 593 MB (70% of 848 MB)
[2014.09.22-00.25.01:061][  0]LogD3D11RHI: Async texture creation enabled
[2014.09.22-00.25.02:376][  0]LogContentStreaming: Texture pool size is 0.000000MB
[2014.09.22-00.25.07:033][  0]LogTargetPlatformManager:Display: Building Assets For Windows
[2014.09.22-00.25.07:614][  0]LogTargetPlatformManager:Display: Building Assets For Windows
[2014.09.22-00.25.07:731][  0]LogDerivedDataCache:Display: Max Cache Size: 512 MB
[2014.09.22-00.25.08:338][  0]LogDerivedDataCache: Loaded boot cache 0.60s 34MB C:/Users/ryanw/AppData/Local/UnrealEngine/4.2/DerivedDataCache/Boot.ddc.
[2014.09.22-00.25.08:338][  0]LogDerivedDataCache:Display: Loaded Boot cache: C:/Users/ryanw/AppData/Local/UnrealEngine/4.2/DerivedDataCache/Boot.ddc
[2014.09.22-00.25.08:338][  0]LogDerivedDataCache: FDerivedDataBackendGraph:  Pak pak cache file ../../../../../../Users/ryanw/Documents/GitHub/Space_Vines/MyProject/DerivedDataCache/DDC.ddp not found, will not use a pak cache.
[2014.09.22-00.25.08:338][  0]LogDerivedDataCache: Unable to find inner node Pak for hierarchical cache Hierarchy.
[2014.09.22-00.25.08:373][  0]LogDerivedDataCache:Display: Pak cache opened for reading ../../../Engine/DerivedDataCache/DDC.ddp.
[2014.09.22-00.25.08:386][  0]LogDerivedDataCache: Using Local data cache path C:/Users/ryanw/AppData/Local/UnrealEngine/4.2/DerivedDataCache: Writable
[2014.09.22-00.25.10:547][  0]LogMeshUtilities: No automatic mesh reduction module available
[2014.09.22-00.25.10:547][  0]LogMeshUtilities: No automatic mesh merging module available
[2014.09.22-00.25.11:458][  0]LogInit: WinSock: version 1.1 (2.2), MaxSocks=32767, MaxUdp=65467
[2014.09.22-00.25.41:913][  0]LogStreaming:Warning: Failed to read file '../../../Engine/Content/Editor/Slate/Icons/ActorIcons/GroupActor_16x.png' error.
[2014.09.22-00.25.41:913][  0]LogSlate: Could not find file for Slate resource: ../../../Engine/Content/Editor/Slate/Icons/ActorIcons/GroupActor_16x.png
[2014.09.22-00.25.42:195][  0]LogStreaming:Warning: Failed to read file '../../../Engine/Content/Editor/Slate/Icons/ActorIcons/DecalActor_16x.png' error.
[2014.09.22-00.25.42:195][  0]LogSlate: Could not find file for Slate resource: ../../../Engine/Content/Editor/Slate/Icons/ActorIcons/DecalActor_16x.png
[2014.09.22-00.25.54:631][  0]UdpMessaging: Initializing bridge on interface 0.0.0.0:0 to multicast group 230.0.0.1:6666.
[2014.09.22-00.25.54:951][  0]SourceControl: Info Source control is disabled
[2014.09.22-00.25.54:951][  0]SourceControl: Info Source control is disabled
[2014.09.22-00.25.54:959][  0]SourceControl: Info Source control is disabled
[2014.09.22-00.25.55:525][  0]BlueprintLog: New page: Editor Load
[2014.09.22-00.25.56:793][  0]LogObj: 19136 objects as part of root set at end of initial load.
[2014.09.22-00.25.56:793][  0]LogUObjectAllocator: 3804648 out of 0 bytes used by permanent object pool.
[2014.09.22-00.25.57:512][  0]LogEngine: Initializing Engine...
[2014.09.22-00.25.57:880][  0]LogInit: XAudio2 using 'Speakers (Realtek High Definition Audio)' : 2 channels at 48 kHz using 32 bits per sample (channel mask 0x3)
[2014.09.22-00.25.57:928][  0]LogInit: FAudioDevice initialized.
[2014.09.22-00.25.57:982][  0]LogDerivedDataCache: Saved boot cache 0.04s 34MB C:/Users/ryanw/AppData/Local/UnrealEngine/4.2/DerivedDataCache/Boot.ddc.
[2014.09.22-00.25.57:995][  0]LogInit: Texture streaming: Enabled
[2014.09.22-00.25.59:099][  0]LogInit: Transaction tracking system initialized
[2014.09.22-00.26.02:892][  0]LogAssetRegistry: FAssetRegistry took 0.0170 seconds to start up
[2014.09.22-00.26.04:950][  0]LogModuleManager:Warning: ModuleManager: Unable to load module '' because the file was not found.
[2014.09.22-00.26.04:956][  0]LogModuleManager:Warning: ModuleManager: Unable to load module '' because the file was not found.
[2014.09.22-00.26.06:428][  0]LogConsoleResponse:Display: 
[2014.09.22-00.26.12:057][  0]SourceControl: Info Source control is disabled
[2014.09.22-00.26.12:057][  0]Cmd: MAP LOAD FILE="../../../../../../Users/ryanw/Documents/GitHub/Space_Vines/MyProject/Content/Maps/Example_Map.umap" TEMPLATE=0 SHOWPROGRESS=1 WORLDCOMPOSITION=0
[2014.09.22-00.26.12:176][  0]LightingResults: New page: Lighting Build
[2014.09.22-00.26.12:203][  0]MapCheck: New page: Map Check
[2014.09.22-00.26.12:203][  0]LightingResults: New page: Lighting Build
[2014.09.22-00.26.12:450][  0]LogParticles: Destroying 0 GPU particle simulations for FXSystem 0x0000007B359704A0
[2014.09.22-00.26.16:977][  0]LogEditorServer: Finished looking for orphan Actors (0.000 secs)
[2014.09.22-00.26.16:978][  0]Cmd: MAP CHECKDEP
[2014.09.22-00.26.16:978][  0]MapCheck: New page: Example_Map - Sep 21, 2014, 4:26:16 PM
[2014.09.22-00.26.17:039][  0]MapCheck: Info ========== Map Check: 0 Error(s), 0 Warning(s), [60.958ms] ==========
[2014.09.22-00.26.17:039][  0]LogFileHelpers: Loading map 'Example_Map' took 4.982
[2014.09.22-00.26.18:051][  0]LogCollectionManager: Loaded 0 collections in 0.001704 seconds
[2014.09.22-00.26.18:705][  0]LogCrashTracker: Crashtracker disabled due to settings.
[2014.09.22-00.26.18:705][  0]Cmd: MODE PLACEMENT
[2014.09.22-00.26.19:061][  0]LogLoad: Full Startup: 85.43 seconds (BP compile: 1.13 seconds)
[2014.09.22-00.26.20:687][  0]LogRenderer:Warning: Reallocating scene render targets to support 808x584.
[2014.09.22-00.26.21:092][  1]LogEpicStorage:Warning: EnumerateFiles request failed. Invalid response. code=403 error=<?xml version="1.0" encoding="UTF-8"?>
<Error><Code>AccessDenied</Code><Message>Access Denied</Message><RequestId>AF28F34EFBA8AF60</RequestId><HostId>acIiyq15775ZIx2zdOGzMWOIewOojCF1nO7A7xeRyABnZC6yEU0+EXdUS5SzghkN</HostId></Error>
[2014.09.22-00.26.21:261][  2]LogEpicSurvey:Warning: EnumerateFiles request failed. Invalid response. code=403 error=<?xml version="1.0" encoding="UTF-8"?>
<Error><Code>AccessDenied</Code><Message>Access Denied</Message><RequestId>87348983E9DB9D44</RequestId><HostId>k5IWSkFASMcn21/fwIHKXHwW6YuusqBNHOrGX/SXLJp3QRX3PvP7VW3M6hnqhA6VlIUdXrJEInA=</HostId></Error>
[2014.09.22-00.26.21:272][  2]LogAssetRegistry: Asset discovery search completed in 18.3969 seconds
[2014.09.22-00.26.21:373][  3]LogEpicStorage:Warning: EnumerateFiles request failed. Invalid response. code=403 error=<?xml version="1.0" encoding="UTF-8"?>
<Error><Code>AccessDenied</Code><Message>Access Denied</Message><RequestId>2EFDDECD3B0920B1</RequestId><HostId>m60sPAYYMGzltH5Mfn81rH6epfbciRr5eLUNoXzjMikEGAdwgt8am0q9NnHkdEyL</HostId></Error>
[2014.09.22-00.26.21:499][  4]LogEpicSurvey:Warning: EnumerateFiles request failed. Invalid response. code=403 error=<?xml version="1.0" encoding="UTF-8"?>
<Error><Code>AccessDenied</Code><Message>Access Denied</Message><RequestId>C023CE3AD4046211</RequestId><HostId>6W6pMej54jx8DpmEJeRvjHiaLwjWJBM8WT/ia4c+Bv7mCNRuFt71fab5/Mmu3MS6</HostId></Error>
[2014.09.22-00.26.22:140][  7]LogEpicStorage:Warning: ReadFile request failed. File request already pending for filename=http://cdn.unrealengine.com/newsfeed/blueprint_icon_b.png
[2014.09.22-00.26.22:264][  7]LogEpicStorage:Warning: ReadFile request failed. File request already pending for filename=http://cdn.unrealengine.com/newsfeed/blueprint_icon_b.png
[2014.09.22-00.26.40:028][427]Cmd: MAP LOAD FILE="C:/Users/ryanw/Documents/GitHub/Space_Vines/MyProject/Content/Maps/sacrifice.umap" TEMPLATE=0 SHOWPROGRESS=1 WORLDCOMPOSITION=0
[2014.09.22-00.26.40:028][427]LightingResults: New page: Lighting Build
[2014.09.22-00.26.40:029][427]Cmd: MODE PLACEMENT
[2014.09.22-00.26.40:038][427]LoadErrors: New page: Loading map: sacrifice.umap
[2014.09.22-00.26.40:039][427]MapCheck: New page: Map Check
[2014.09.22-00.26.40:039][427]LightingResults: New page: Lighting Build
[2014.09.22-00.26.40:065][427]LogParticles: Destroying 0 GPU particle simulations for FXSystem 0x0000007B35F6E160
[2014.09.22-00.26.42:388][427]LogEditorServer: Finished looking for orphan Actors (0.000 secs)
[2014.09.22-00.26.42:404][427]Cmd: MAP CHECKDEP
[2014.09.22-00.26.42:404][427]MapCheck: New page: sacrifice - Sep 21, 2014, 4:26:42 PM
[2014.09.22-00.26.42:453][427]MapCheck: Info ========== Map Check: 0 Error(s), 0 Warning(s), [48.523ms] ==========
[2014.09.22-00.26.42:453][427]LogFileHelpers: Loading map 'sacrifice' took 2.425
[2014.09.22-00.26.58:137][765]LogInstancedFoliage: Map Rebuilt - Update all BSP painted foliage!
[2014.09.22-00.27.01:042][804]Cmd: TRANSACTION UNDO
[2014.09.22-00.27.01:042][804]LogEditorTransaction: Undo Set Number Property
[2014.09.22-00.27.03:061][804]LogInstancedFoliage: Map Rebuilt - Update all BSP painted foliage!
[2014.09.22-00.27.07:292][933]Cmd: TRANSACTION UNDO
[2014.09.22-00.27.07:292][933]LogEditorTransaction: Undo Brush Set
[2014.09.22-00.27.09:024][933]LogInstancedFoliage: Map Rebuilt - Update all BSP painted foliage!
[2014.09.22-00.27.12:477][ 58]Cmd: TRANSACTION UNDO
[2014.09.22-00.27.12:477][ 58]LogEditorTransaction: Undo Select Surfaces
[2014.09.22-00.27.15:688][ 58]LogWindows:Error: appError called: Assertion failed: (Index >= 0) & (Index < ArrayNum) [File:D:\BuildFarm\buildmachine_++depot+UE4-Releases+4.2\Engine\Source\Runtime\Core\Public\Containers\Array.h] [Line: 536]
Array index out of bounds: 240 from an array of size 233
Stack:
Address = 0xbc64d866 (filename not found) [in C:\Program Files\Unreal Engine\4.2\Engine\Binaries\Win64\UE4Editor-Core.dll]
Address = 0xbc4ed275 (filename not found) [in C:\Program Files\Unreal Engine\4.2\Engine\Binaries\Win64\UE4Editor-Core.dll]
Address = 0xb5da4a03 (filename not found) [in C:\Program Files\Unreal Engine\4.2\Engine\Binaries\Win64\UE4Editor-UnrealEd.dll]
Address = 0xb5da5072 (filename not found) [in C:\Program Files\Unreal Engine\4.2\Engine\Binaries\Win64\UE4Editor-UnrealEd.dll]
Address = 0xb5da5072 (filename not found) [in C:\Program Files\Unreal Engine\4.2\Engine\Binaries\Win64\UE4Editor-UnrealEd.dll]
Address = 0xb5da5072 (filename not found) [in C:\Program Files\Unreal Engine\4.2\Engine\Binaries\Win64\UE4Editor-UnrealEd.dll]
Address = 0xb5da4fef (filename not found) [in C:\Program Files\Unreal Engine\4.2\Engine\Binaries\Win64\UE4Editor-UnrealEd.dll]
Address = 0xb5da4fef (filename not found) [in C:\Program Files\Unreal Engine\4.2\Engine\Binaries\Win64\UE4Editor-UnrealEd.dll]
Address = 0xb5da4fef (filename not found) [in C:\Program Files\Unreal Engine\4.2\Engine\Binaries\Win64\UE4Editor-UnrealEd.dll]
Address = 0xb5da4fef (filename not found) [in C:\Program Files\Unreal Engine\4.2\Engine\Binaries\Win64\UE4Editor-UnrealEd.dll]
Address = 0xb5da4fef (filename not found) [in C:\Program Files\Unreal Engine\4.2\Engine\Binaries\Win64\UE4Editor-UnrealEd.dll]
Address = 0xb5da5072 (filename not found) [in C:\Program Files\Unreal Engine\4.2\Engine\Binaries\Win64\UE4Editor-UnrealEd.dll]
Address = 0xb5da5072 (filename not found) [in C:\Program Files\Unreal Engine\4.2\Engine\Binaries\Win64\UE4Editor-UnrealEd.dll]
Address = 0xb5da5072 (filename not found) [in C:\Program Files\Unreal Engine\4.2\Engine\Binaries\Win64\UE4Editor-UnrealEd.dll]
Address = 0xb5da5072 (filename not found) [in C:\Program Files\Unreal Engine\4.2\Engine\Binaries\Win64\UE4Editor-UnrealEd.dll]
Address = 0xb5da4fef (filename not found) [in C:\Program Files\Unreal Engine\4.2\Engine\Binaries\Win64\UE4Editor-UnrealEd.dll]
Address = 0xb5da4fef (filename not found) [in C:\Program Files\Unreal Engine\4.2\Engine\Binaries\Win64\UE4Editor-UnrealEd.dll]
Address = 0xb5da5072 (filename not found) [in C:\Program Files\Unreal Engine\4.2\Engine\Binaries\Win64\UE4Editor-UnrealEd.dll]
Address = 0xb5da4fef (filename not found) [in C:\Program Files\Unreal Engine\4.2\Engine\Binaries\Win64\UE4Editor-UnrealEd.dll]
Address = 0xb5da4fef (filename not found) [in C:\Program Files\Unreal Engine\4.2\Engine\Binaries\Win64\UE4Editor-UnrealEd.dll]
Address = 0xb5da5072 (filename not found) [in C:\Program Files\Unreal Engine\4.2\Engine\Binaries\Win64\UE4Editor-UnrealEd.dll]
Address = 0xb5da4fef (filename not found) [in C:\Program Files\Unreal Engine\4.2\Engine\Binaries\Win64\UE4Editor-UnrealEd.dll]
Address = 0xb5dea0fd (filename not found) [in C:\Program Files\Unreal Engine\4.2\Engine\Binaries\Win64\UE4Editor-UnrealEd.dll]
Address = 0xb5f07363 (filename not found) [in C:\Program Files\Unreal Engine\4.2\Engine\Binaries\Win64\UE4Editor-UnrealEd.dll]
Address = 0xb5f479e9 (filename not found) [in C:\Program Files\Unreal Engine\4.2\Engine\Binaries\Win64\UE4Editor-UnrealEd.dll]
Address = 0xb5f17a87 (filename not found) [in C:\Program Files\Unreal Engine\4.2\Engine\Binaries\Win64\UE4Editor-UnrealEd.dll]
Address = 0xb5f12a15 (filename not found) [in C:\Program Files\Unreal Engine\4.2\Engine\Binaries\Win64\UE4Editor-UnrealEd.dll]
Address = 0xb61dbd00 (filename not found) [in C:\Program Files\Unreal Engine\4.2\Engine\Binaries\Win64\UE4Editor-UnrealEd.dll]
Address = 0xb0f8435d (filename not found) [in C:\Program Files\Unreal Engine\4.2\Engine\Binaries\Win64\UE4Editor-MainFrame.dll]
Address = 0xb0f83bc2 (filename not found) [in C:\Program Files\Unreal Engine\4.2\Engine\Binaries\Win64\UE4Editor-MainFrame.dll]
Address = 0xb0f8453a 
[2014.09.22-00.27.15:689][ 58]LogWindows:Error: Windows GetLastError: The operation completed successfully. (0)
[2014.09.22-00.27.15:737][ 58]LogCrashTracker: 


[2014.09.22-00.27.24:114][ 58]LogCrashTracker: 


[2014.09.22-00.27.24:114][ 58]LogWindows: === Critical error: ===
Unhandled Exception: 0x00000001

[2014.09.22-00.27.24:115][ 58]LogWindows: Assertion failed: (Index >= 0) & (Index < ArrayNum) [File:D:\BuildFarm\buildmachine_++depot+UE4-Releases+4.2\Engine\Source\Runtime\Core\Public\Containers\Array.h] [Line: 536]
Array index out of bounds: 240 from an array of size 233
Stack:
Address = 0xbc64d866 (filename not found) [in C:\Program Files\Unreal Engine\4.2\Engine\Binaries\Win64\UE4Editor-Core.dll]
Address = 0xbc4ed275 (filename not found) [in C:\Program Files\Unreal Engine\4.2\Engine\Binaries\Win64\UE4Editor-Core.dll]
Address = 0xb5da4a03 (filename not found) [in C:\Program Files\Unreal Engine\4.2\Engine\Binaries\Win64\UE4Editor-UnrealEd.dll]
Address = 0xb5da5072 (filename not found) [in C:\Program Files\Unreal Engine\4.2\Engine\Binaries\Win64\UE4Editor-UnrealEd.dll]
Address = 0xb5da5072 (filename not found) [in C:\Program Files\Unreal Engine\4.2\Engine\Binaries\Win64\UE4Editor-UnrealEd.dll]
Address = 0xb5da5072 (filename not found) [in C:\Program Files\Unreal Engine\4.2\Engine\Binaries\Win64\UE4Editor-UnrealEd.dll]
Address = 0xb5da4fef (filename not found) [in C:\Program Files\Unreal Engine\4.2\Engine\Binaries\Win64\UE4Editor-UnrealEd.dll]
Address = 0xb5da4fef (filename not found) [in C:\Program Files\Unreal Engine\4.2\Engine\Binaries\Win64\UE4Editor-UnrealEd.dll]
Address = 0xb5da4fef (filename not found) [in C:\Program Files\Unreal Engine\4.2\Engine\Binaries\Win64\UE4Editor-UnrealEd.dll]
Address = 0xb5da4fef (filename not found) [in C:\Program Files\Unreal Engine\4.2\Engine\Binaries\Win64\UE4Editor-UnrealEd.dll]
Address = 0xb5da4fef (filename not found) [in C:\Program Files\Unreal Engine\4.2\Engine\Binaries\Win64\UE4Editor-UnrealEd.dll]
Address = 0xb5da5072 (filename not found) [in C:\Program Files\Unreal Engine\4.2\Engine\Binaries\Win64\UE4Editor-UnrealEd.dll]
Address = 0xb5da5072 (filename not found) [in C:\Program Files\Unreal Engine\4.2\Engine\Binaries\Win64\UE4Editor-UnrealEd.dll]
Address = 0xb5da5072 (filename not found) [in C:\Program Files\Unreal Engine\4.2\Engine\Binaries\Win64\UE4Editor-UnrealEd.dll]
Address = 0xb5da5072 (filename not found) [in C:\Program Files\Unreal Engine\4.2\Engine\Binaries\Win64\UE4Editor-UnrealEd.dll]
Address = 0xb5da4fef (filename not found) [in C:\Program Files\Unreal Engine\4.2\Engine\Binaries\Win64\UE4Editor-UnrealEd.dll]
Address = 0xb5da4fef (filename not found) [in C:\Program Files\Unreal Engine\4.2\Engine\Binaries\Win64\UE4Editor-UnrealEd.dll]
Address = 0xb5da5072 (filename not found) [in C:\Program Files\Unreal Engine\4.2\Engine\Binaries\Win64\UE4Editor-UnrealEd.dll]
Address = 0xb5da4fef (filename not found) [in C:\Program Files\Unreal Engine\4.2\Engine\Binaries\Win64\UE4Editor-UnrealEd.dll]
Address = 0xb5da4fef (filename not found) [in C:\Program Files\Unreal Engine\4.2\Engine\Binaries\Win64\UE4Editor-UnrealEd.dll]
Address = 0xb5da5072 (filename not found) [in C:\Program Files\Unreal Engine\4.2\Engine\Binaries\Win64\UE4Editor-UnrealEd.dll]
Address = 0xb5da4fef (filename not found) [in C:\Program Files\Unreal Engine\4.2\Engine\Binaries\Win64\UE4Editor-UnrealEd.dll]
Address = 0xb5dea0fd (filename not found) [in C:\Program Files\Unreal Engine\4.2\Engine\Binaries\Win64\UE4Editor-UnrealEd.dll]
Address = 0xb5f07363 (filename not found) [in C:\Program Files\Unreal Engine\4.2\Engine\Binaries\Win64\UE4Editor-UnrealEd.dll]
Address = 0xb5f479e9 (filename not found) [in C:\Program Files\Unreal Engine\4.2\Engine\Binaries\Win64\UE4Editor-UnrealEd.dll]
Address = 0xb5f17a87 (filename not found) [in C:\Program Files\Unreal Engine\4.2\Engine\Binaries\Win64\UE4Editor-UnrealEd.dll]
Address = 0xb5f12a15 (filename not found) [in C:\Program Files\Unreal Engine\4.2\Engine\Binaries\Win64\UE4Editor-UnrealEd.dll]
Address = 0xb61dbd00 (filename not found) [in C:\Program Files\Unreal Engine\4.2\Engine\Binaries\Win64\UE4Editor-UnrealEd.dll]
Address = 0xb0f8435d (filename not found) [in C:\Program Files\Unreal Engine\4.2\Engine\Binaries\Win64\UE4Editor-MainFrame.dll]
Address = 0xb0f83bc2 (filename not found) [in C:\Program Files\Unreal Engine\4.2\Engine\Binaries\Win64\UE4Editor-MainFrame.dll]
Address = 0xb0f8453a 

Address = 0xdd695bf8 (filename not found) [in C:\WINDOWS\system32\KERNELBASE.dll]
Address = 0xbc64c1dc (filename not found) [in C:\Program Files\Unreal Engine\4.2\Engine\Binaries\Win64\UE4Editor-Core.dll]
Address = 0xbc4fb94a (filename not found) [in C:\Program Files\Unreal Engine\4.2\Engine\Binaries\Win64\UE4Editor-Core.dll]
Address = 0xbc4ed320 (filename not found) [in C:\Program Files\Unreal Engine\4.2\Engine\Binaries\Win64\UE4Editor-Core.dll]
Address = 0xb5da4a03 (filename not found) [in C:\Program Files\Unreal Engine\4.2\Engine\Binaries\Win64\UE4Editor-UnrealEd.dll]
Address = 0xb5da5072 (filename not found) [in C:\Program Files\Unreal Engine\4.2\Engine\Binaries\Win64\UE4Editor-UnrealEd.dll]
Address = 0xb5da5072 (filename not found) [in C:\Program Files\Unreal Engine\4.2\Engine\Binaries\Win64\UE4Editor-UnrealEd.dll]
Address = 0xb5da5072 (filename not found) [in C:\Program Files\Unreal Engine\4.2\Engine\Binaries\Win64\UE4Editor-UnrealEd.dll]
Address = 0xb5da4fef (filename not found) [in C:\Program Files\Unreal Engine\4.2\Engine\Binaries\Win64\UE4Editor-UnrealEd.dll]
Address = 0xb5da4fef (filename not found) [in C:\Program Files\Unreal Engine\4.2\Engine\Binaries\Win64\UE4Editor-UnrealEd.dll]
Address = 0xb5da4fef (filename not found) [in C:\Program Files\Unreal Engine\4.2\Engine\Binaries\Win64\UE4Editor-UnrealEd.dll]
Address = 0xb5da4fef (filename not found) [in C:\Program Files\Unreal Engine\4.2\Engine\Binaries\Win64\UE4Editor-UnrealEd.dll]
Address = 0xb5da4fef (filename not found) [in C:\Program Files\Unreal Engine\4.2\Engine\Binaries\Win64\UE4Editor-UnrealEd.dll]
Address = 0xb5da5072 (filename not found) [in C:\Program Files\Unreal Engine\4.2\Engine\Binaries\Win64\UE4Editor-UnrealEd.dll]
Address = 0xb5da5072 (filename not found) [in C:\Program Files\Unreal Engine\4.2\Engine\Binaries\Win64\UE4Editor-UnrealEd.dll]
Address = 0xb5da5072 (filename not found) [in C:\Program Files\Unreal Engine\4.2\Engine\Binaries\Win64\UE4Editor-UnrealEd.dll]
Address = 0xb5da5072 (filename not found) [in C:\Program Files\Unreal Engine\4.2\Engine\Binaries\Win64\UE4Editor-UnrealEd.dll]
Address = 0xb5da4fef (filename not found) [in C:\Program Files\Unreal Engine\4.2\Engine\Binaries\Win64\UE4Editor-UnrealEd.dll]
Address = 0xb5da4fef (filename not found) [in C:\Program Files\Unreal Engine\4.2\Engine\Binaries\Win64\UE4Editor-UnrealEd.dll]
Address = 0xb5da5072 (filename not found) [in C:\Program Files\Unreal Engine\4.2\Engine\Binaries\Win64\UE4Editor-UnrealEd.dll]
Address = 0xb5da4fef (filename not found) [in C:\Program Files\Unreal Engine\4.2\Engine\Binaries\Win64\UE4Editor-UnrealEd.dll]
Address = 0xb5da4fef (filename not found) [in C:\Program Files\Unreal Engine\4.2\Engine\Binaries\Win64\UE4Editor-UnrealEd.dll]
Address = 0xb5da5072 (filename not found) [in C:\Program Files\Unreal Engine\4.2\Engine\Binaries\Win64\UE4Editor-UnrealEd.dll]
Address = 0xb5da4fef (filename not found) [in C:\Program Files\Unreal Engine\4.2\Engine\Binaries\Win64\UE4Editor-UnrealEd.dll]
Address = 0xb5dea0fd (filename not found) [in C:\Program Files\Unreal Engine\4.2\Engine\Binaries\Win64\UE4Editor-UnrealEd.dll]
Address = 0xb5f07363 (filename not found) [in C:\Program Files\Unreal Engine\4.2\Engine\Binaries\Win64\UE4Editor-UnrealEd.dll]
Address = 0xb5f479e9 (filename not found) [in C:\Program Files\Unreal Engine\4.2\Engine\Binaries\Win64\UE4Editor-UnrealEd.dll]
Address = 0xb5f17a87 (filename not found) [in C:\Program Files\Unreal Engine\4.2\Engine\Binaries\Win64\UE4Editor-UnrealEd.dll]
Address = 0xb5f12a15 (filename not found) [in C:\Program Files\Unreal Engine\4.2\Engine\Binaries\Win64\UE4Editor-UnrealEd.dll]
Address = 0xb61dbd00 (filename not found) [in C:\Program Files\Unreal Engine\4.2\Engine\Binaries\Win64\UE4Editor-UnrealEd.dll]
Address = 0xb0f8435d (filename not found) [in C:\Program Files\Unreal Engine\4.2\Engine\Binaries\Win64\UE4Editor-MainFrame.dll]
Address = 0xb0f83bc2 (filename not found) [in C:\Program Files\Unreal Engine\4.2\Engine\Binaries\Win64\UE4Editor-MainFrame.dll]
Address = 0xb0f8453a (filename not found) [in C:\Program Files\Unreal Engine\4.2\Engine\Binaries\Win64\UE4Editor-MainFrame.dll]
Address = 0xb6e30a36 (filename not found) [in C:\Program Files\Unreal Engine\4.2\Engine\Binaries\Win64\UE4Editor-Slate.dll]
Address = 0xb6ee0047 (filename not found) [in C:\Program Files\Unreal Engine\4.2\Engine\Binaries\Win64\UE4Editor-Slate.dll]
Address = 0xb6ee4d68 (filename not found) [in C:\Program Files\Unreal Engine\4.2\Engine\Binaries\Win64\UE4Editor-Slate.dll]
Address = 0xb6ec799c (filename not found) [in C:\Program Files\Unreal Engine\4.2\Engine\Binaries\Win64\UE4Editor-Slate.dll]
Address = 0xb702c82a (filename not found) [in C:\Program Files\Unreal Engine\4.2\Engine\Binaries\Win64\UE4Editor-Slate.dll]
Address = 0xb704cc65 (filename not found) [in C:\Program Files\Unreal Engine\4.2\Engine\Binaries\Win64\UE4Editor-Slate.dll]
Address = 0xb6e5b35c (filename not found) [in C:\Program Files\Unreal Engine\4.2\Engine\Binaries\Win64\UE4Editor-Slate.dll]
Address = 0xb6e50fdc (filename not found) [in C:\Program Files\Unreal Engine\4.2\Engine\Binaries\Win64\UE4Editor-Slate.dll]
Address = 0xbc5f0ddd (filename not found) [in C:\Program Files\Unreal Engine\4.2\Engine\Binaries\Win64\UE4Editor-Core.dll]
Address = 0xbc5e0b81 (filename not found) [in C:\Program Files\Unreal Engine\4.2\Engine\Binaries\Win64\UE4Editor-Core.dll]
Address = 0xbc5f1e9f (filename not found) [in C:\Program Files\Unreal Engine\4.2\Engine\Binaries\Win64\UE4Editor-Core.dll]
Address = 0xbc5ddf62 (filename not found) [in C:\Program Files\Unreal Engine\4.2\Engine\Binaries\Win64\UE4Editor-Core.dll]
Address = 0xdda32434 (filename not found) [in C:\WINDOWS\system32\USER32.dll]
Address = 0xdda32297 (filename not found) [in C:\WINDOWS\system32\USER32.dll]
Address = 0xbc5f2296 (filename not found) [in C:\Program Files\Unreal Engine\4.2\Engine\Binaries\Win64\UE4Editor-Core.dll]
FEngineLoop::Tick() 0xa971795f + 8 bytes [File=d:\buildfarm\buildmachine_++depot+ue4-releases+4.2\engine\source\runtime\launch\private\launchengineloop.cpp:2073] [in C:\Program Files\Unreal Engine\4.2\Engine\Binaries\Win64\UE4Editor.exe]
GuardedMain() 0xa970d1ec + 0 bytes [File=d:\buildfarm\buildmachine_++depot+ue4-releases+4.2\engine\source\runtime\launch\private\launch.cpp:132] [in C:\Program Files\Unreal Engine\4.2\Engine\Binaries\Win64\UE4Editor.exe]
GuardedMainWrapper() 0xa970d25a + 5 bytes [File=d:\buildfarm\buildmachine_++depot+ue4-releases+4.2\engine\source\runtime\launch\private\windows\launchwindows.cpp:125] [in C:\Program Files\Unreal Engine\4.2\Engine\Binaries\Win64\UE4Editor.exe]
WinMain() 0xa9719119 + 17 bytes [File=d:\buildfarm\buildmachine_++depot+ue4-releases+4.2\engine\source\runtime\launch\private\windows\launchwindows.cpp:207] [in C:\Program Files\Unreal Engine\4.2\Engine\Binaries\Win64\UE4Editor.exe]
__tmainCRTStartup() 0xa9719fa9 + 21 bytes [File=f:\dd\vctools\crt\crtw32\dllstuff\crtexe.c:618] [in C:\Program Files\Unreal Engine\4.2\Engine\Binaries\Win64\UE4Editor.exe]
Address = 0xde1716ad (filename not found) [in C:\WINDOWS\system32\KERNEL32.DLL]
Address = 0xe01c34a5 (filename not found) [in C:\WINDOWS\SYSTEM32\ntdll.dll]
Address = 0xe01c34a5 (filename not found) [in C:\WINDOWS\SYSTEM32\ntdll.dll]

[2014.09.22-00.27.24:117][ 58]LogExit: Executing StaticShutdownAfterError
[2014.09.22-00.27.24:891][ 58]LogWindows: FPlatformMisc::RequestExit(1)
[2014.09.22-00.27.24:907][ 58]Log file closed, 09/21/14 20:27:24
