Log file open, 09/20/14 23:26:57
LogInit:Display: Running engine without a game
LogInit:Display: Loading recent project file: ../../../../../../Users/ryanw/Documents/GitHub/Space_Vines/MyProject/MyProject.uproject
LogInit: Version: 4.2.0-2092659+++depot+UE4-Releases+4.2
LogInit: Compiled (64-bit): Jun  3 2014 00:56:21
LogInit: Build Configuration: Development
LogInit: Branch Name: ++depot+UE4-Releases+4.2
LogInit: Command line: 
LogInit: Base directory: C:/Program Files/Unreal Engine/4.2/Engine/Binaries/Win64/
LogInit: Rocket: 1
[2014.09.21-03.26.57:473][  0]LogTaskGraph: Started task graph with 3 named threads and 4 total threads.
[2014.09.21-03.26.57:563][  0]LogOnline:Warning: No default platform service specified for OnlineSubsystem
[2014.09.21-03.26.57:760][  0]LogInit: Presizing for 0 objects not considered by GC, pre-allocating 0 bytes.
[2014.09.21-03.26.58:027][  0]LogInit: Object subsystem initialized
[2014.09.21-03.26.58:095][  0]LogInit: Selected Device Profile: [Windows]
[2014.09.21-03.26.58:095][  0]LogInit: Applying CVar settings loaded from the selected device profile: [Windows]
[2014.09.21-03.26.58:306][  0]LogInit: Computer: RSIVALICE
[2014.09.21-03.26.58:307][  0]LogInit: User: ryanw
[2014.09.21-03.26.58:309][  0]LogInit: CPU Page size=4096, Cores=2
[2014.09.21-03.26.58:309][  0]LogInit: High frequency timer resolution =2.338448 MHz
[2014.09.21-03.26.58:309][  0]LogMemory: Memory total: Physical=3.8GB (4GB approx) Virtual=131072.0GB
[2014.09.21-03.26.58:310][  0]LogMemory: Platform Memory Stats for Windows
[2014.09.21-03.26.58:310][  0]LogMemory: Process Physical Memory: 52.41 MB used, 52.41 MB peak
[2014.09.21-03.26.58:310][  0]LogMemory: Process Virtual Memory: 29.51 MB used, 29.51 MB peak
[2014.09.21-03.26.58:310][  0]LogMemory: Physical Memory: 2663.25 MB used, 3941.41 MB total
[2014.09.21-03.26.58:310][  0]LogMemory: Virtual Memory: 250.71 MB used, 134217728.00 MB total
[2014.09.21-03.26.58:475][  0]LogD3D11RHI: Found D3D11 adapter 0: Intel(R) HD Graphics (Feature Level 10_0)
[2014.09.21-03.26.58:475][  0]LogD3D11RHI: Adapter has 32MB of dedicated video memory, 0MB of dedicated system memory, and 1632MB of shared system memory, 1 output[s]
[2014.09.21-03.26.58:501][  0]LogD3D11RHI: Found D3D11 adapter 1: Microsoft Basic Render Driver (Feature Level 11_0)
[2014.09.21-03.26.58:501][  0]LogD3D11RHI: Adapter has 0MB of dedicated video memory, 0MB of dedicated system memory, and 256MB of shared system memory, 0 output[s]
[2014.09.21-03.26.58:501][  0]LogD3D11RHI: Chosen D3D11 Adapter Id = 0
[2014.09.21-03.26.58:513][  0]LogRHI: Texture pool is 593 MB (70% of 848 MB)
[2014.09.21-03.26.58:519][  0]LogD3D11RHI: Async texture creation enabled
[2014.09.21-03.27.03:406][  0]LogContentStreaming: Texture pool size is 0.000000MB
[2014.09.21-03.27.08:963][  0]LogTargetPlatformManager:Display: Building Assets For Windows
[2014.09.21-03.27.09:817][  0]LogTargetPlatformManager:Display: Building Assets For Windows
[2014.09.21-03.27.09:934][  0]LogDerivedDataCache:Display: Max Cache Size: 512 MB
[2014.09.21-03.27.10:588][  0]LogDerivedDataCache: Loaded boot cache 0.64s 34MB C:/Users/ryanw/AppData/Local/UnrealEngine/4.2/DerivedDataCache/Boot.ddc.
[2014.09.21-03.27.10:588][  0]LogDerivedDataCache:Display: Loaded Boot cache: C:/Users/ryanw/AppData/Local/UnrealEngine/4.2/DerivedDataCache/Boot.ddc
[2014.09.21-03.27.10:588][  0]LogDerivedDataCache: FDerivedDataBackendGraph:  Pak pak cache file ../../../../../../Users/ryanw/Documents/GitHub/Space_Vines/MyProject/DerivedDataCache/DDC.ddp not found, will not use a pak cache.
[2014.09.21-03.27.10:588][  0]LogDerivedDataCache: Unable to find inner node Pak for hierarchical cache Hierarchy.
[2014.09.21-03.27.10:686][  0]LogDerivedDataCache:Display: Pak cache opened for reading ../../../Engine/DerivedDataCache/DDC.ddp.
[2014.09.21-03.27.10:698][  0]LogDerivedDataCache: Using Local data cache path C:/Users/ryanw/AppData/Local/UnrealEngine/4.2/DerivedDataCache: Writable
[2014.09.21-03.27.16:206][  0]LogMeshUtilities: No automatic mesh reduction module available
[2014.09.21-03.27.16:206][  0]LogMeshUtilities: No automatic mesh merging module available
[2014.09.21-03.27.21:726][  0]LogInit: WinSock: version 1.1 (2.2), MaxSocks=32767, MaxUdp=65467
[2014.09.21-03.27.49:634][  0]LogStreaming:Warning: Failed to read file '../../../Engine/Content/Editor/Slate/Icons/ActorIcons/GroupActor_16x.png' error.
[2014.09.21-03.27.49:634][  0]LogSlate: Could not find file for Slate resource: ../../../Engine/Content/Editor/Slate/Icons/ActorIcons/GroupActor_16x.png
[2014.09.21-03.27.49:949][  0]LogStreaming:Warning: Failed to read file '../../../Engine/Content/Editor/Slate/Icons/ActorIcons/DecalActor_16x.png' error.
[2014.09.21-03.27.49:949][  0]LogSlate: Could not find file for Slate resource: ../../../Engine/Content/Editor/Slate/Icons/ActorIcons/DecalActor_16x.png
[2014.09.21-03.28.02:265][  0]UdpMessaging: Initializing bridge on interface 0.0.0.0:0 to multicast group 230.0.0.1:6666.
[2014.09.21-03.28.02:892][  0]SourceControl: Info Source control is disabled
[2014.09.21-03.28.02:906][  0]SourceControl: Info Source control is disabled
[2014.09.21-03.28.02:918][  0]SourceControl: Info Source control is disabled
[2014.09.21-03.28.05:072][  0]BlueprintLog: New page: Editor Load
[2014.09.21-03.28.06:154][  0]LogObj: 19136 objects as part of root set at end of initial load.
[2014.09.21-03.28.06:176][  0]LogUObjectAllocator: 3804656 out of 0 bytes used by permanent object pool.
[2014.09.21-03.28.07:476][  0]LogAutomationTest:Warning: Smoke tests took > 1s to run: 1.05s
[2014.09.21-03.28.07:492][  0]LogEngine: Initializing Engine...
[2014.09.21-03.28.08:537][  0]LogInit: XAudio2 using 'Speakers (Realtek High Definition Audio)' : 2 channels at 48 kHz using 32 bits per sample (channel mask 0x3)
[2014.09.21-03.28.08:815][  0]LogInit: FAudioDevice initialized.
[2014.09.21-03.28.09:230][  0]LogDerivedDataCache: Saved boot cache 0.08s 34MB C:/Users/ryanw/AppData/Local/UnrealEngine/4.2/DerivedDataCache/Boot.ddc.
[2014.09.21-03.28.09:244][  0]LogInit: Texture streaming: Enabled
[2014.09.21-03.28.09:654][  0]LogInit: Transaction tracking system initialized
[2014.09.21-03.28.12:321][  0]LogAssetRegistry: FAssetRegistry took 0.0167 seconds to start up
[2014.09.21-03.28.15:334][  0]LogModuleManager:Warning: ModuleManager: Unable to load module '' because the file was not found.
[2014.09.21-03.28.15:342][  0]LogModuleManager:Warning: ModuleManager: Unable to load module '' because the file was not found.
[2014.09.21-03.28.16:225][  0]LogConsoleResponse:Display: 
[2014.09.21-03.28.23:410][  0]SourceControl: Info Source control is disabled
[2014.09.21-03.28.23:440][  0]Cmd: MAP LOAD FILE="../../../../../../Users/ryanw/Documents/GitHub/Space_Vines/MyProject/Content/Maps/Example_Map.umap" TEMPLATE=0 SHOWPROGRESS=1 WORLDCOMPOSITION=0
[2014.09.21-03.28.23:476][  0]LightingResults: New page: Lighting Build
[2014.09.21-03.28.23:567][  0]MapCheck: New page: Map Check
[2014.09.21-03.28.23:567][  0]LightingResults: New page: Lighting Build
[2014.09.21-03.28.23:635][  0]LogParticles: Destroying 0 GPU particle simulations for FXSystem 0x000000E21293FEC0
[2014.09.21-03.28.26:096][  0]LogEditorServer: Finished looking for orphan Actors (0.000 secs)
[2014.09.21-03.28.26:096][  0]Cmd: MAP CHECKDEP
[2014.09.21-03.28.26:096][  0]MapCheck: New page: Example_Map - Sep 20, 2014, 7:28:26 PM
[2014.09.21-03.28.26:198][  0]MapCheck: Info ========== Map Check: 0 Error(s), 0 Warning(s), [100.751ms] ==========
[2014.09.21-03.28.26:198][  0]LogFileHelpers: Loading map 'Example_Map' took 2.758
[2014.09.21-03.28.27:449][  0]LogCollectionManager: Loaded 0 collections in 0.004053 seconds
[2014.09.21-03.28.28:207][  0]LogCrashTracker: Crashtracker disabled due to settings.
[2014.09.21-03.28.28:376][  0]Cmd: MODE PLACEMENT
[2014.09.21-03.28.28:754][  0]LogLoad: Full Startup: 100.10 seconds (BP compile: 0.40 seconds)
[2014.09.21-03.28.29:935][  0]LogRenderer:Warning: Reallocating scene render targets to support 808x584.
[2014.09.21-03.28.30:579][  1]LogEpicStorage:Warning: EnumerateFiles request failed. Invalid response. code=403 error=<?xml version="1.0" encoding="UTF-8"?>
<Error><Code>AccessDenied</Code><Message>Access Denied</Message><RequestId>83E916CC1F348E05</RequestId><HostId>7N+Lye6p9IE/YvWN8cU4k/ZTBuyCDGsG0yZ0wDvzd58417VhiarNSfxIsQzSjJ2h7R8KFtjC7jA=</HostId></Error>
[2014.09.21-03.28.30:636][  2]LogEpicSurvey:Warning: EnumerateFiles request failed. Invalid response. code=403 error=<?xml version="1.0" encoding="UTF-8"?>
<Error><Code>AccessDenied</Code><Message>Access Denied</Message><RequestId>4EAC763CC7D41116</RequestId><HostId>F3qa5J3MCF3Mbq3hj94TSQ+YGaoNale8elAHd9FcKozEuMwOOpaoWk1rj4oPf5QC</HostId></Error>
[2014.09.21-03.28.30:648][  2]LogAssetRegistry: Asset discovery search completed in 18.3395 seconds
[2014.09.21-03.28.30:728][  3]LogEpicStorage:Warning: EnumerateFiles request failed. Invalid response. code=403 error=<?xml version="1.0" encoding="UTF-8"?>
<Error><Code>AccessDenied</Code><Message>Access Denied</Message><RequestId>12AAA18C5D658FDA</RequestId><HostId>BMk3zRJK6gHZIm6e644XnKZPI0bTJ8SIeKMBFs7VViFH/HJDaum3TLQHx+kpheot</HostId></Error>
[2014.09.21-03.28.30:740][  4]LogEpicSurvey:Warning: EnumerateFiles request failed. Invalid response. code=403 error=<?xml version="1.0" encoding="UTF-8"?>
<Error><Code>AccessDenied</Code><Message>Access Denied</Message><RequestId>CBA839340855AC3F</RequestId><HostId>RcqslPJpMslpXUQjHzXq7oF+6hPppZQwgP00pTHaf0ketXI21qJxgIZdV7XhBs+BZzHBwBX4xIQ=</HostId></Error>
[2014.09.21-03.28.31:059][  7]LogEpicStorage:Warning: ReadFile request failed. File request already pending for filename=http://cdn.unrealengine.com/newsfeed/blueprint_icon_b.png
[2014.09.21-03.28.31:120][  7]LogEpicStorage:Warning: ReadFile request failed. File request already pending for filename=http://cdn.unrealengine.com/newsfeed/blueprint_icon_b.png
[2014.09.21-03.29.07:493][868]Cmd: MAP LOAD FILE="C:/Users/ryanw/Documents/GitHub/Space_Vines/MyProject/Content/Maps/sacrifice.umap" TEMPLATE=0 SHOWPROGRESS=1 WORLDCOMPOSITION=0
[2014.09.21-03.29.07:493][868]LightingResults: New page: Lighting Build
[2014.09.21-03.29.07:494][868]Cmd: MODE PLACEMENT
[2014.09.21-03.29.07:504][868]LoadErrors: New page: Loading map: sacrifice.umap
[2014.09.21-03.29.07:609][868]MapCheck: New page: Map Check
[2014.09.21-03.29.07:609][868]LightingResults: New page: Lighting Build
[2014.09.21-03.29.07:685][868]LogParticles: Destroying 0 GPU particle simulations for FXSystem 0x000000E21248E160
[2014.09.21-03.29.09:119][868]LogEditorServer: Finished looking for orphan Actors (0.000 secs)
[2014.09.21-03.29.09:134][868]Cmd: MAP CHECKDEP
[2014.09.21-03.29.09:135][868]MapCheck: New page: sacrifice - Sep 20, 2014, 7:29:09 PM
[2014.09.21-03.29.09:183][868]MapCheck: Info ========== Map Check: 0 Error(s), 0 Warning(s), [48.618ms] ==========
[2014.09.21-03.29.09:183][868]LogFileHelpers: Loading map 'sacrifice' took 1.691
[2014.09.21-03.29.29:721][582]Cmd: BRUSH ADD SELECTNEWBRUSH
[2014.09.21-03.29.30:418][582]LogInstancedFoliage: Map Rebuilt - Update all BSP painted foliage!
[2014.09.21-03.29.37:120][661]LogInstancedFoliage: Map Rebuilt - Update all BSP painted foliage!
[2014.09.21-03.29.37:612][664]LogInstancedFoliage: Map Rebuilt - Update all BSP painted foliage!
[2014.09.21-03.29.40:341][698]LogInstancedFoliage: Map Rebuilt - Update all BSP painted foliage!
[2014.09.21-03.29.53:679][883]LogDerivedDataCache:Warning: C:/Users/ryanw/AppData/Local/UnrealEngine/4.2/DerivedDataCache access is very slow, consider disabling it.
[2014.09.21-03.30.21:739][263]LogInstancedFoliage: Map Rebuilt - Update all BSP painted foliage!
[2014.09.21-03.30.29:749][367]LogInstancedFoliage: Map Rebuilt - Update all BSP painted foliage!
[2014.09.21-03.30.34:597][430]LogInstancedFoliage: Map Rebuilt - Update all BSP painted foliage!
[2014.09.21-03.30.36:828][458]LogInstancedFoliage: Map Rebuilt - Update all BSP painted foliage!
[2014.09.21-03.30.49:293][626]LogInstancedFoliage: Map Rebuilt - Update all BSP painted foliage!
[2014.09.21-03.31.29:351][333]LogInstancedFoliage: Map Rebuilt - Update all BSP painted foliage!
[2014.09.21-03.31.40:302][477]LogInstancedFoliage: Map Rebuilt - Update all BSP painted foliage!
[2014.09.21-03.31.45:543][543]LogInstancedFoliage: Map Rebuilt - Update all BSP painted foliage!
[2014.09.21-03.32.04:855][805]LogInstancedFoliage: Map Rebuilt - Update all BSP painted foliage!
[2014.09.21-03.32.31:663][161]LogInstancedFoliage: Map Rebuilt - Update all BSP painted foliage!
[2014.09.21-03.32.35:026][198]LogInstancedFoliage: Map Rebuilt - Update all BSP painted foliage!
[2014.09.21-03.32.53:129][442]Cmd: DUPLICATE
[2014.09.21-03.32.53:129][442]Cmd: ACTOR DUPLICATE
[2014.09.21-03.32.53:328][442]LogInstancedFoliage: Map Rebuilt - Update all BSP painted foliage!
[2014.09.21-03.32.58:179][504]LogInstancedFoliage: Map Rebuilt - Update all BSP painted foliage!
[2014.09.21-03.33.03:399][569]LogInstancedFoliage: Map Rebuilt - Update all BSP painted foliage!
[2014.09.21-03.33.08:853][640]LogInstancedFoliage: Map Rebuilt - Update all BSP painted foliage!
[2014.09.21-03.33.11:682][677]Cmd: DUPLICATE
[2014.09.21-03.33.11:682][677]Cmd: ACTOR DUPLICATE
[2014.09.21-03.33.11:896][677]LogInstancedFoliage: Map Rebuilt - Update all BSP painted foliage!
[2014.09.21-03.33.15:586][723]LogInstancedFoliage: Map Rebuilt - Update all BSP painted foliage!
[2014.09.21-03.33.20:169][778]LogInstancedFoliage: Map Rebuilt - Update all BSP painted foliage!
[2014.09.21-03.33.23:243][818]Cmd: TRANSACTION UNDO
[2014.09.21-03.33.23:243][818]LogEditorTransaction: Undo Move Actors
[2014.09.21-03.33.58:719][818]LogInstancedFoliage: Map Rebuilt - Update all BSP painted foliage!
[2014.09.21-03.34.30:662][985]LogDerivedDataCache:Warning: C:/Users/ryanw/AppData/Local/UnrealEngine/4.2/DerivedDataCache access is very slow, consider disabling it.
[2014.09.21-03.35.13:592][527]LogInstancedFoliage: Map Rebuilt - Update all BSP painted foliage!
[2014.09.21-03.35.35:812][844]LogInstancedFoliage: Map Rebuilt - Update all BSP painted foliage!
[2014.09.21-03.35.38:907][886]Cmd: DELETE
[2014.09.21-03.35.38:930][886]Cmd: ACTOR DELETE
[2014.09.21-03.35.38:974][886]LogEditorActor: Deleted Actor: Brush
[2014.09.21-03.35.39:247][886]LogEditorActor: Deleted 1 Actors (0.305 secs)
[2014.09.21-03.35.39:379][886]LogInstancedFoliage: Map Rebuilt - Update all BSP painted foliage!
[2014.09.21-03.35.46:527][985]Cmd: DUPLICATE
[2014.09.21-03.35.46:527][985]Cmd: ACTOR DUPLICATE
[2014.09.21-03.35.46:734][985]LogInstancedFoliage: Map Rebuilt - Update all BSP painted foliage!
[2014.09.21-03.35.50:640][ 34]LogInstancedFoliage: Map Rebuilt - Update all BSP painted foliage!
[2014.09.21-03.36.03:510][204]LogInstancedFoliage: Map Rebuilt - Update all BSP painted foliage!
[2014.09.21-03.36.10:205][290]LogInstancedFoliage: Map Rebuilt - Update all BSP painted foliage!
[2014.09.21-03.36.17:117][380]LogDerivedDataCache:Warning: C:/Users/ryanw/AppData/Local/UnrealEngine/4.2/DerivedDataCache access is very slow, consider disabling it.
[2014.09.21-03.36.19:625][412]Cmd: DUPLICATE
[2014.09.21-03.36.19:625][412]Cmd: ACTOR DUPLICATE
[2014.09.21-03.36.19:844][412]LogInstancedFoliage: Map Rebuilt - Update all BSP painted foliage!
[2014.09.21-03.36.24:063][460]LogInstancedFoliage: Map Rebuilt - Update all BSP painted foliage!
[2014.09.21-03.36.27:402][499]Cmd: DUPLICATE
[2014.09.21-03.36.27:402][499]Cmd: ACTOR DUPLICATE
[2014.09.21-03.36.27:755][499]LogInstancedFoliage: Map Rebuilt - Update all BSP painted foliage!
[2014.09.21-03.36.32:265][550]LogInstancedFoliage: Map Rebuilt - Update all BSP painted foliage!
[2014.09.21-03.36.35:570][587]Cmd: DUPLICATE
[2014.09.21-03.36.35:570][587]Cmd: ACTOR DUPLICATE
[2014.09.21-03.36.35:820][587]LogInstancedFoliage: Map Rebuilt - Update all BSP painted foliage!
[2014.09.21-03.36.39:038][619]LogInstancedFoliage: Map Rebuilt - Update all BSP painted foliage!
[2014.09.21-03.36.59:840][879]LogInstancedFoliage: Map Rebuilt - Update all BSP painted foliage!
[2014.09.21-03.37.02:991][914]LogInstancedFoliage: Map Rebuilt - Update all BSP painted foliage!
[2014.09.21-03.37.09:454][987]LogInstancedFoliage: Map Rebuilt - Update all B