Log file open, 09/20/14 21:40:40
LogInit:Display: Running engine for game: MyProject
LogInit: Version: 4.2.0-2092659+++depot+UE4-Releases+4.2
LogInit: Compiled (64-bit): Jun  3 2014 00:56:21
LogInit: Build Configuration: Development
LogInit: Branch Name: ++depot+UE4-Releases+4.2
LogInit: Command line:  
LogInit: Base directory: C:/Program Files/Unreal Engine/4.2/Engine/Binaries/Win64/
LogInit: Rocket: 1
[2014.09.21-01.40.40:458][  0]LogTaskGraph: Started task graph with 3 named threads and 4 total threads.
[2014.09.21-01.40.40:595][  0]LogOnline:Warning: No default platform service specified for OnlineSubsystem
[2014.09.21-01.40.42:694][  0]LogInit: Presizing for 0 objects not considered by GC, pre-allocating 0 bytes.
[2014.09.21-01.40.49:413][  0]LogInit: Object subsystem initialized
[2014.09.21-01.40.50:896][  0]LogInit: Selected Device Profile: [Windows]
[2014.09.21-01.40.50:896][  0]LogInit: Applying CVar settings loaded from the selected device profile: [Windows]
[2014.09.21-01.40.54:798][  0]LogInit: Computer: RSIVALICE
[2014.09.21-01.40.54:798][  0]LogInit: User: ryanw
[2014.09.21-01.40.54:801][  0]LogInit: CPU Page size=4096, Cores=2
[2014.09.21-01.40.54:801][  0]LogInit: High frequency timer resolution =2.338448 MHz
[2014.09.21-01.40.54:801][  0]LogMemory: Memory total: Physical=3.8GB (4GB approx) Virtual=131072.0GB
[2014.09.21-01.40.54:801][  0]LogMemory: Platform Memory Stats for Windows
[2014.09.21-01.40.54:801][  0]LogMemory: Process Physical Memory: 52.38 MB used, 52.38 MB peak
[2014.09.21-01.40.54:801][  0]LogMemory: Process Virtual Memory: 29.50 MB used, 29.50 MB peak
[2014.09.21-01.40.54:802][  0]LogMemory: Physical Memory: 3180.58 MB used, 3941.41 MB total
[2014.09.21-01.40.54:802][  0]LogMemory: Virtual Memory: 250.71 MB used, 134217728.00 MB total
[2014.09.21-01.40.56:518][  0]LogD3D11RHI: Found D3D11 adapter 0: Intel(R) HD Graphics (Feature Level 10_0)
[2014.09.21-01.40.56:518][  0]LogD3D11RHI: Adapter has 32MB of dedicated video memory, 0MB of dedicated system memory, and 1632MB of shared system memory, 1 output[s]
[2014.09.21-01.40.56:520][  0]LogD3D11RHI: Found D3D11 adapter 1: Microsoft Basic Render Driver (Feature Level 11_0)
[2014.09.21-01.40.56:520][  0]LogD3D11RHI: Adapter has 0MB of dedicated video memory, 0MB of dedicated system memory, and 256MB of shared system memory, 0 output[s]
[2014.09.21-01.40.56:520][  0]LogD3D11RHI: Chosen D3D11 Adapter Id = 0
[2014.09.21-01.40.56:608][  0]LogRHI: Texture pool is 593 MB (70% of 848 MB)
[2014.09.21-01.40.56:614][  0]LogD3D11RHI: Async texture creation enabled
[2014.09.21-01.41.07:824][  0]LogContentStreaming: Texture pool size is 0.000000MB
[2014.09.21-01.41.33:846][  0]LogTargetPlatformManager:Display: Building Assets For Windows
[2014.09.21-01.41.41:579][  0]LogTargetPlatformManager:Display: Building Assets For Windows
[2014.09.21-01.41.41:630][  0]LogDerivedDataCache:Display: Max Cache Size: 512 MB
[2014.09.21-01.41.43:200][  0]LogDerivedDataCache: Loaded boot cache 1.57s 34MB C:/Users/ryanw/AppData/Local/UnrealEngine/4.2/DerivedDataCache/Boot.ddc.
[2014.09.21-01.41.43:200][  0]LogDerivedDataCache:Display: Loaded Boot cache: C:/Users/ryanw/AppData/Local/UnrealEngine/4.2/DerivedDataCache/Boot.ddc
[2014.09.21-01.41.43:200][  0]LogDerivedDataCache: FDerivedDataBackendGraph:  Pak pak cache file ../../../../../../Users/ryanw/Documents/GitHub/Space_Vines/MyProject/DerivedDataCache/DDC.ddp not found, will not use a pak cache.
[2014.09.21-01.41.43:200][  0]LogDerivedDataCache: Unable to find inner node Pak for hierarchical cache Hierarchy.
[2014.09.21-01.41.43:220][  0]LogDerivedDataCache:Display: Pak cache opened for reading ../../../Engine/DerivedDataCache/DDC.ddp.
[2014.09.21-01.41.43:233][  0]LogDerivedDataCache: Using Local data cache path C:/Users/ryanw/AppData/Local/UnrealEngine/4.2/DerivedDataCache: Writable
[2014.09.21-01.42.26:101][  0]LogMeshUtilities: No automatic mesh reduction module available
[2014.09.21-01.42.26:101][  0]LogMeshUtilities: No automatic mesh merging module available
[2014.09.21-01.42.33:213][  0]LogInit: WinSock: version 1.1 (2.2), MaxSocks=32767, MaxUdp=65467
[2014.09.21-01.43.15:697][  0]LogStreaming:Warning: Failed to read file '../../../Engine/Content/Editor/Slate/Icons/ActorIcons/GroupActor_16x.png' error.
[2014.09.21-01.43.15:726][  0]LogSlate: Could not find file for Slate resource: ../../../Engine/Content/Editor/Slate/Icons/ActorIcons/GroupActor_16x.png
[2014.09.21-01.43.16:002][  0]LogStreaming:Warning: Failed to read file '../../../Engine/Content/Editor/Slate/Icons/ActorIcons/DecalActor_16x.png' error.
[2014.09.21-01.43.16:002][  0]LogSlate: Could not find file for Slate resource: ../../../Engine/Content/Editor/Slate/Icons/ActorIcons/DecalActor_16x.png
[2014.09.21-01.43.34:525][  0]UdpMessaging: Initializing bridge on interface 0.0.0.0:0 to multicast group 230.0.0.1:6666.
[2014.09.21-01.43.35:328][  0]SourceControl: Info Source control is disabled
[2014.09.21-01.43.35:329][  0]SourceControl: Info Source control is disabled
[2014.09.21-01.43.35:385][  0]SourceControl: Info Source control is disabled
[2014.09.21-01.43.37:192][  0]BlueprintLog: New page: Editor Load
[2014.09.21-01.43.40:077][  0]LogObj: 19136 objects as part of root set at end of initial load.
[2014.09.21-01.43.40:107][  0]LogUObjectAllocator: 3804656 out of 0 bytes used by permanent object pool.
[2014.09.21-01.43.43:793][  0]LogAutomationTest:Warning: Smoke tests took > 1s to run: 3.13s
[2014.09.21-01.43.43:854][  0]LogEngine: Initializing Engine...
[2014.09.21-01.43.44:271][  0]LogInit: XAudio2 using 'Speakers (Realtek High Definition Audio)' : 2 channels at 48 kHz using 32 bits per sample (channel mask 0x3)
[2014.09.21-01.43.44:301][  0]LogInit: FAudioDevice initialized.
[2014.09.21-01.43.44:878][  0]LogDerivedDataCache: Saved boot cache 0.27s 34MB C:/Users/ryanw/AppData/Local/UnrealEngine/4.2/DerivedDataCache/Boot.ddc.
[2014.09.21-01.43.44:889][  0]LogInit: Texture streaming: Enabled
[2014.09.21-01.43.48:122][  0]LogInit: Transaction tracking system initialized
[2014.09.21-01.43.49:845][  0]LogAssetRegistry: FAssetRegistry took 0.0114 seconds to start up
[2014.09.21-01.43.52:182][  0]LogModuleManager:Warning: ModuleManager: Unable to load module '' because the file was not found.
[2014.09.21-01.43.52:189][  0]LogModuleManager:Warning: ModuleManager: Unable to load module '' because the file was not found.
[2014.09.21-01.43.52:672][  0]LogConsoleResponse:Display: 
[2014.09.21-01.43.55:751][  0]SourceControl: Info Source control is disabled
[2014.09.21-01.43.55:752][  0]Cmd: MAP LOAD FILE="../../../../../../Users/ryanw/Documents/GitHub/Space_Vines/MyProject/Content/Maps/Example_Map.umap" TEMPLATE=0 SHOWPROGRESS=1 WORLDCOMPOSITION=0
[2014.09.21-01.43.55:752][  0]LightingResults: New page: Lighting Build
[2014.09.21-01.43.55:761][  0]MapCheck: New page: Map Check
[2014.09.21-01.43.55:761][  0]LightingResults: New page: Lighting Build
[2014.09.21-01.43.55:780][  0]LogParticles: Destroying 0 GPU particle simulations for FXSystem 0x00000031FD9139C0
[2014.09.21-01.43.56:089][  0]LogEditorServer: Finished looking for orphan Actors (0.000 secs)
[2014.09.21-01.43.56:089][  0]Cmd: MAP CHECKDEP
[2014.09.21-01.43.56:089][  0]MapCheck: New page: Example_Map - Sep 20, 2014, 5:43:56 PM
[2014.09.21-01.43.56:185][  0]MapCheck: Info ========== Map Check: 0 Error(s), 0 Warning(s), [95.194ms] ==========
[2014.09.21-01.43.56:185][  0]LogFileHelpers: Loading map 'Example_Map' took 0.434
[2014.09.21-01.43.56:569][  0]LogCollectionManager: Loaded 0 collections in 0.001224 seconds
[2014.09.21-01.43.56:583][  0]LogContentBrowser:Verbose: The content browser source was changed by the sources view to '/Game'
[2014.09.21-01.43.56:710][  0]LogCrashTracker: Crashtracker disabled due to settings.
[2014.09.21-01.43.56:710][  0]Cmd: MODE PLACEMENT
[2014.09.21-01.43.56:754][  0]LogLoad: Full Startup: 239.05 seconds (BP compile: 0.10 seconds)
[2014.09.21-01.43.57:174][  0]LogRenderer:Warning: Reallocating scene render targets to support 808x584.
[2014.09.21-01.43.58:894][  1]LogEpicStorage:Warning: EnumerateFiles request failed. Invalid response. code=403 error=<?xml version="1.0" encoding="UTF-8"?>
<Error><Code>AccessDenied</Code><Message>Access Denied</Message><RequestId>FDD6DE2E243F7AF0</RequestId><HostId>IQbVuxd8GVFrhcLSW4uedPnEBxdhWtbqHcXA5swuvqON6Rm4n+5cbIhD7KSfQ/Uw3V/1CqCcs3o=</HostId></Error>
[2014.09.21-01.43.58:951][  2]LogEpicSurvey:Warning: EnumerateFiles request failed. Invalid response. code=403 error=<?xml version="1.0" encoding="UTF-8"?>
<Error><Code>AccessDenied</Code><Message>Access Denied</Message><RequestId>AD9868E569DE4CC6</RequestId><HostId>5Ywq3CqjGj0MK0+XlJX/d3EMk4buCR3NgrsMAvsEgZpjxL11JZNBxTXWhu9hrHU7yp65doUCicI=</HostId></Error>
[2014.09.21-01.43.58:961][  2]LogAssetRegistry: Asset discovery search completed in 9.1277 seconds
[2014.09.21-01.43.59:044][  3]LogEpicStorage:Warning: EnumerateFiles request failed. Invalid response. code=403 error=<?xml version="1.0" encoding="UTF-8"?>
<Error><Code>AccessDenied</Code><Message>Access Denied</Message><RequestId>2147880EB81A07EB</RequestId><HostId>szfqOQR8tUa8p9RHLtWmddrM1wrkdbZtrqkdKkGZ6OtQ5/DZ9dvdIX6sDyO1duU6</HostId></Error>
[2014.09.21-01.43.59:278][  4]LogEpicSurvey:Warning: EnumerateFiles request failed. Invalid response. code=403 error=<?xml version="1.0" encoding="UTF-8"?>
<Error><Code>AccessDenied</Code><Message>Access Denied</Message><RequestId>DD0A89DA642EFA22</RequestId><HostId>k0xveI/O30FkR7f31hqk99tY1k+ooYU8Oy179NphMNhW32v6zutD1QJGA2ptFjvIv2gkYDcGdRA=</HostId></Error>
[2014.09.21-01.44.00:223][  7]LogEpicStorage:Warning: ReadFile request failed. File request already pending for filename=http://cdn.unrealengine.com/newsfeed/blueprint_icon_b.png
[2014.09.21-01.44.00:224][  7]LogEpicStorage:Warning: ReadFile request failed. File request already pending for filename=http://cdn.unrealengine.com/newsfeed/blueprint_icon_b.png
[2014.09.21-01.47.38:287][827]Cmd: QUIT_EDITOR
[2014.09.21-01.47.38:441][827]LogWindowsTextInputMethodSystem:Error: Terminating failed while unadvising the language notification sink from the TSF source.
[2014.09.21-01.47.38:442][827]LogExit: Preparing to exit.
[2014.09.21-01.47.38:918][827]LogExit: Editor shut down
[2014.09.21-01.47.38:919][827]LogExit: Transaction tracking system shut down
[2014.09.21-01.47.38:920][827]LogParticles: Destroying 0 GPU particle simulations for FXSystem 0x00000031FB8DD260
[2014.09.21-01.47.38:940][827]LogExit: Object subsystem successfully closed.
[2014.09.21-01.47.38:978][827]LogModuleManager: Shutting down and abandoning module AndroidDeviceDetection (163)
[2014.09.21-01.47.38:978][827]LogModuleManager: Shutting down and abandoning module CrashTracker (162)
[2014.09.21-01.47.38:978][827]LogModuleManager: Shutting down and abandoning module HTTP (161)
[2014.09.21-01.47.38:978][827]LogModuleManager: Shutting down and abandoning module NewsFeed (160)
[2014.09.21-01.47.38:978][827]LogModuleManager: Shutting down and abandoning module SceneOutliner (159)
[2014.09.21-01.47.38:978][827]LogModuleManager: Shutting down and abandoning module EditorWidgets (158)
[2014.09.21-01.47.38:978][827]LogModuleManager: Shutting down and abandoning module CollectionManager (157)
[2014.09.21-01.47.38:978][827]LogModuleManager: Shutting down and abandoning module StatsViewer (156)
[2014.09.21-01.47.38:978][827]LogModuleManager: Shutting down and abandoning module FoliageEdit (155)
[2014.09.21-01.47.38:978][827]LogModuleManager: Shutting down and abandoning module LandscapeEditor (154)
[2014.09.21-01.47.38:982][827]LogModuleManager: Shutting down and abandoning module MeshPaint (153)
[2014.09.21-01.47.38:982][827]LogModuleManager: Shutting down and abandoning module ActorPickerMode (152)
[2014.09.21-01.47.38:982][827]LogModuleManager: Shutting down and abandoning module GeometryMode (151)
[2014.09.21-01.47.38:982][827]LogModuleManager: Shutting down and abandoning module TextureAlignMode (150)
[2014.09.21-01.47.38:982][827]LogModuleManager: Shutting down and abandoning module BspMode (149)
[2014.09.21-01.47.38:982][827]LogModuleManager: Shutting down and abandoning module PlacementMode (148)
[2014.09.21-01.47.38:982][827]LogModuleManager: Shutting down and abandoning module AutomationWorker (147)
[2014.09.21-01.47.38:982][827]LogModuleManager: Shutting down and abandoning module ViewportSnapping (146)
[2014.09.21-01.47.38:982][827]LogModuleManager: Shutting down and abandoning module DeviceProfileEditor (145)
[2014.09.21-01.47.38:982][827]LogModuleManager: Shutting down and abandoning module UndoHistory (144)
[2014.09.21-01.47.38:982][827]LogModuleManager: Shutting down and abandoning module GameplayTagsEditor (143)
[2014.09.21-01.47.38:982][827]LogModuleManager: Shutting down and abandoning module UserFeedback (142)
[2014.09.21-01.47.38:982][827]LogModuleManager: Shutting down and abandoning module XmlParser (141)
[2014.09.21-01.47.38:982][827]LogModuleManager: Shutting down and abandoning module Blutility (140)
[2014.09.21-01.47.38:982][827]LogModuleManager: Shutting down and abandoning module AndroidPlatformEditor (137)
[2014.09.21-01.47.38:982][827]LogModuleManager: Shutting down and abandoning module AndroidRuntimeSettings (136)
[2014.09.21-01.47.38:982][827]LogModuleManager: Shutting down and abandoning module ProjectSettingsViewer (135)
[2014.09.21-01.47.38:982][827]LogModuleManager: Shutting down and abandoning module InputBindingEditor (134)
[2014.09.21-01.47.38:982][827]LogModuleManager: Shutting down and abandoning module EditorSettingsViewer (133)
[2014.09.21-01.47.38:982][827]LogModuleManager: Shutting down and abandoning module SettingsEditor (132)
[2014.09.21-01.47.38:982][827]LogModuleManager: Shutting down and abandoning module SessionLauncher (131)
[2014.09.21-01.47.38:982][827]LogModuleManager: Shutting down and abandoning module SessionFrontend (130)
[2014.09.21-01.47.38:982][827]LogModuleManager: Shutting down and abandoning module ProfilerClient (129)
[2014.09.21-01.47.38:982][827]LogModuleManager: Shutting down and abandoning module TargetDeviceServices (128)
[2014.09.21-01.47.38:983][827]LogModuleManager: Shutting down and abandoning module DeviceManager (127)
[2014.09.21-01.47.38:983][827]LogModuleManager: Shutting down and abandoning module AutomationController (126)
[2014.09.21-01.47.38:983][827]LogModuleManager: Shutting down and abandoning module AutomationWindow (125)
[2014.09.21-01.47.38:983][827]LogModuleManager: Shutting down and abandoning module Layers (124)
[2014.09.21-01.47.38:983][827]LogModuleManager: Shutting down and abandoning module ComponentVisualizers (123)
[2014.09.21-01.47.38:983][827]LogModuleManager: Shutting down and abandoning module DetailCustomizations (122)
[2014.09.21-01.47.38:983][827]LogModuleManager: Shutting down and abandoning module PackagesDialog (121)
[2014.09.21-01.47.38:983][827]LogModuleManager: Shutting down and abandoning module PropertyEditor (120)
[2014.09.21-01.47.38:983][827]LogModuleManager: Shutting down and abandoning module DirectoryWatcher (119)
[2014.09.21-01.47.38:983][827]LogModuleManager: Shutting down and abandoning module AssetRegistry (118)
[2014.09.21-01.47.39:150][827]LogModuleManager: Shutting down and abandoning module Persona (117)
[2014.09.21-01.47.39:150][827]LogModuleManager: Shutting down and abandoning module GraphEditor (116)
[2014.09.21-01.47.39:150][827]LogModuleManager: Shutting down and abandoning module ContentBrowser (115)
[2014.09.21-01.47.39:150][827]LogModuleManager: Shutting down and abandoning module ClassViewer (114)
[2014.09.21-01.47.39:150][827]LogModuleManager: Shutting down and abandoning module Toolbox (113)
[2014.09.21-01.47.39:150][827]LogModuleManager: Shutting down and abandoning module ModuleUI (112)
[2014.09.21-01.47.39:150][827]LogModuleManager: Shutting down and abandoning module Sequencer (111)
[2014.09.21-01.47.39:150][827]LogModuleManager: Shutting down and abandoning module AssetTools (110)
[2014.09.21-01.47.39:151][827]LogModuleManager: Shutting down and abandoning module MovieSceneTools (109)
[2014.09.21-01.47.39:151][827]LogModuleManager: Shutting down and abandoning module OutputLog (108)
[2014.09.21-01.47.39:151][827]LogModuleManager: Shutting down and abandoning module GammaUI (107)
[2014.09.21-01.47.39:151][827]LogModuleManager: Shutting down and abandoning module Documentation (106)
[2014.09.21-01.47.39:151][827]LogModuleManager: Shutting down and abandoning module StreamingPauseRendering (105)
[2014.09.21-01.47.39:151][827]LogModuleManager: Shutting down and abandoning module AnalyticsET (104)
[2014.09.21-01.47.39:151][827]LogModuleManager: Shutting down and abandoning module Analytics (103)
[2014.09.21-01.47.39:151][827]LogModuleManager: Shutting down and abandoning module ProfilerService (102)
[2014.09.21-01.47.39:324][827]LogModuleManager: Shutting down and abandoning module TaskGraph (101)
[2014.09.21-01.47.39:324][827]LogModuleManager: Shutting down and abandoning module GameProjectGeneration (100)
[2014.09.21-01.47.39:324][827]LogModuleManager: Shutting down and abandoning module Matinee (99)
[2014.09.21-01.47.39:324][827]LogModuleManager: Shutting down and abandoning module Kismet (98)
[2014.09.21-01.47.39:324][827]LogModuleManager: Shutting down and abandoning module SlateReflector (97)
[2014.09.21-01.47.39:324][827]LogModuleManager: Shutting down and abandoning module LevelEditor (96)
[2014.09.21-01.47.39:326][827]LogModuleManager: Shutting down and abandoning module MainFrame (95)
[2014.09.21-01.47.39:326][827]LogModuleManager: Shutting down and abandoning module SourceControl (94)
[2014.09.21-01.47.39:326][827]LogModuleManager: Shutting down and abandoning module ImageWrapper (93)
[2014.09.21-01.47.39:326][827]LogModuleManager: Shutting down and abandoning module OnlineBlueprintSupport (92)
[2014.09.21-01.47.39:326][827]LogModuleManager: Shutting down and abandoning module FunctionalTesting (91)
[2014.09.21-01.47.39:326][827]LogModuleManager: Shutting down and abandoning module CollisionAnalyzer (90)
[2014.09.21-01.47.39:326][827]LogModuleManager: Shutting down and abandoning module WorkspaceMenuStructure (89)
[2014.09.21-01.47.39:326][827]LogModuleManager: Shutting down and abandoning module MessageLog (88)
[2014.09.21-01.47.39:326][827]LogModuleManager: Shutting down and abandoning module Slate (87)
[2014.09.21-01.47.39:326][827]LogModuleManager: Shutting down and abandoning module EditorStyle (86)
[2014.09.21-01.47.39:329][827]LogModuleManager: Shutting down and abandoning module SessionServices (85)
[2014.09.21-01.47.39:329][827]LogModuleManager: Shutting down and abandoning module Messaging (84)
[2014.09.21-01.47.39:329][827]LogModuleManager: Shutting down and abandoning module SourceCodeAccess (83)
[2014.09.21-01.47.39:329][827]LogModuleManager: Shutting down and abandoning module HeadMountedDisplay (82)
[2014.09.21-01.47.39:329][827]LogModuleManager: Shutting down and abandoning module XAudio2 (81)
[2014.09.21-01.47.39:329][827]LogModuleManager: Shutting down and abandoning module Networking (79)
[2014.09.21-01.47.39:329][827]LogModuleManager: Shutting down and abandoning module Core (78)
[2014.09.21-01.47.39:329][827]LogModuleManager: Shutting down and abandoning module KismetCompiler (77)
[2014.09.21-01.47.39:329][827]LogModuleManager: Shutting down and abandoning module PhysXFormats (76)
[2014.09.21-01.47.39:329][827]LogModuleManager: Shutting down and abandoning module SimplygonMeshReduction (75)
[2014.09.21-01.47.39:329][827]LogModuleManager: Shutting down and abandoning module MeshUtilities (74)
[2014.09.21-01.47.39:330][827]LogModuleManager: Shutting down and abandoning module DerivedDataCache (73)
[2014.09.21-01.47.42:985][827]LogDerivedDataCache: Shutdown
[2014.09.21-01.47.42:985][827]LogModuleManager: Shutting down and abandoning module ShaderFormatOpenGL (72)
[2014.09.21-01.47.42:985][827]LogModuleManager: Shutting down and abandoning module ShaderFormatD3D (71)
[2014.09.21-01.47.42:985][827]LogModuleManager: Shutting down and abandoning module TextureFormatUncompressed (70)
[2014.09.21-01.47.42:985][827]LogModuleManager: Shutting down and abandoning module TextureFormatPVR (69)
[2014.09.21-01.47.42:985][827]LogModuleManager: Shutting down and abandoning module TextureFormatDXT (68)
[2014.09.21-01.47.42:985][827]LogModuleManager: Shutting down and abandoning module TextureFormatAndroid (67)
[2014.09.21-01.47.42:985][827]LogModuleManager: Shutting down and abandoning module AudioFormatOpus (66)
[2014.09.21-01.47.42:985][827]LogModuleManager: Shutting down and abandoning module AudioFormatOgg (65)
[2014.09.21-01.47.42:985][827]LogModuleManager: Shutting down and abandoning module AudioFormatADPCM (64)
[2014.09.21-01.47.42:985][827]LogModuleManager: Shutting down and abandoning module Android_PVRTCTargetPlatform (63)
[2014.09.21-01.47.42:985][827]LogModuleManager: Shutting down and abandoning module Android_ETC2TargetPlatform (62)
[2014.09.21-01.47.42:986][827]LogModuleManager: Shutting down and abandoning module Android_ETC1TargetPlatform (61)
[2014.09.21-01.47.42:986][827]LogModuleManager: Shutting down and abandoning module Android_DXTTargetPlatform (60)
[2014.09.21-01.47.42:986][827]LogModuleManager: Shutting down and abandoning module Android_ATCTargetPlatform (59)
[2014.09.21-01.47.42:986][827]LogModuleManager: Shutting down and abandoning module AndroidTargetPlatform (58)
[2014.09.21-01.47.42:986][827]LogModuleManager: Shutting down and abandoning module WindowsTargetPlatform (57)
[2014.09.21-01.47.42:986][827]LogModuleManager: Shutting down and abandoning module WindowsServerTargetPlatform (56)
[2014.09.21-01.47.42:986][827]LogModuleManager: Shutting down and abandoning module WindowsNoEditorTargetPlatform (55)
[2014.09.21-01.47.42:986][827]LogModuleManager: Shutting down and abandoning module WindowsClientTargetPlatform (54)
[2014.09.21-01.47.42:986][827]LogModuleManager: Shutting down and abandoning module TargetPlatform (53)
[2014.09.21-01.47.42:986][827]LogModuleManager: Shutting down and abandoning module InputCore (52)
[2014.09.21-01.47.42:986][827]LogModuleManager: Shutting down and abandoning module Settings (51)
[2014.09.21-01.47.42:986][827]LogModuleManager: Shutting down and abandoning module TextureCompressor (48)
[2014.09.21-01.47.42:987][827]LogModuleManager: Shutting down and abandoning module ShaderCore (47)
[2014.09.21-01.47.42:987][827]LogModuleManager: Shutting down and abandoning module OpenGLDrv (46)
[2014.09.21-01.47.42:987][827]LogModuleManager: Shutting down and abandoning module D3D11RHI (45)
[2014.09.21-01.47.42:987][827]LogModuleManager: Shutting down and abandoning module SlateRHIRenderer (44)
[2014.09.21-01.47.42:987][827]LogModuleManager: Shutting down and abandoning module Renderer (43)
[2014.09.21-01.47.42:987][827]LogModuleManager: Shutting down and abandoning module Engine (42)
[2014.09.21-01.47.42:987][827]LogModuleManager: Shutting down and abandoning module SlateRemote (41)
[2014.09.21-01.47.42:987][827]LogModuleManager: Shutting down and abandoning module ScriptPlugin (40)
[2014.09.21-01.47.42:987][827]LogModuleManager: Shutting down and abandoning module ScriptEditorPlugin (38)
[2014.09.21-01.47.42:987][827]LogModuleManager: Shutting down and abandoning module WindowsMoviePlayer (37)
[2014.09.21-01.47.42:993][827]LogModuleManager: Shutting down and abandoning module ExampleDeviceProfileSelector (32)
[2014.09.21-01.47.42:993][827]LogModuleManager: Shutting down and abandoning module CustomMeshComponent (31)
[2014.09.21-01.47.42:993][827]LogModuleManager: Shutting down and abandoning module CableComponent (30)
[2014.09.21-01.47.42:993][827]LogModuleManager: Shutting down and abandoning module OculusRift (26)
[2014.09.21-01.47.42:993][827]LogModuleManager: Shutting down and abandoning module UdpMessaging (25)
[2014.09.21-01.47.43:094][827]LogModuleManager: Shutting down and abandoning module MessagingDebugger (24)
[2014.09.21-01.47.43:094][827]LogModuleManager: Shutting down and abandoning module PluginsEditor (14)
[2014.09.21-01.47.43:094][827]LogModuleManager: Shutting down and abandoning module IntroTutorials (13)
[2014.09.21-01.47.43:094][827]LogModuleManager: Shutting down and abandoning module EpicSurvey (12)
[2014.09.21-01.47.43:094][827]LogModuleManager: Shutting down and abandoning module VisualStudioSourceCodeAccess (10)
[2014.09.21-01.47.43:094][827]LogModuleManager: Shutting down and abandoning module UObjectPlugin (9)
[2014.09.21-01.47.43:094][827]LogModuleManager: Shutting down and abandoning module SubversionSourceControl (8)
[2014.09.21-01.47.43:094][827]LogModuleManager: Shutting down and abandoning module PerforceSourceControl (7)
[2014.09.21-01.47.43:094][827]LogModuleManager: Shutting down and abandoning module BlankPlugin (6)
[2014.09.21-01.47.43:094][827]LogModuleManager: Shutting down and abandoning module CoreUObject (5)
[2014.09.21-01.47.43:094][827]LogModuleManager: Shutting down and abandoning module NetworkFile (4)
[2014.09.21-01.47.43:094][827]LogModuleManager: Shutting down and abandoning module StreamingFile (3)
[2014.09.21-01.47.43:094][827]LogModuleManager: Shutting down and abandoning module SandboxFile (2)
[2014.09.21-01.47.43:094][827]LogModuleManager: Shutting down and abandoning module PakFile (1)
[2014.09.21-01.47.43:095][827]LogExit: Exiting.
[2014.09.21-01.47.43:112][827]Log file closed, 09/20/14 21:47:43
