Log file open, 09/22/14 12:14:23
LogInit:Display: Running engine without a game
LogInit:Display: Loading recent project file: ../../../../../../Users/ryanw/Documents/GitHub/Space_Vines/MyProject/MyProject.uproject
LogInit: Version: 4.2.0-2092659+++depot+UE4-Releases+4.2
LogInit: Compiled (64-bit): Jun  3 2014 00:56:21
LogInit: Build Configuration: Development
LogInit: Branch Name: ++depot+UE4-Releases+4.2
LogInit: Command line: 
LogInit: Base directory: C:/Program Files/Unreal Engine/4.2/Engine/Binaries/Win64/
LogInit: Rocket: 1
[2014.09.22-16.14.23:126][  0]LogTaskGraph: Started task graph with 3 named threads and 4 total threads.
[2014.09.22-16.14.23:172][  0]LogOnline:Warning: No default platform service specified for OnlineSubsystem
[2014.09.22-16.14.23:185][  0]LogInit: Presizing for 0 objects not considered by GC, pre-allocating 0 bytes.
[2014.09.22-16.14.23:197][  0]LogInit: Object subsystem initialized
[2014.09.22-16.14.23:201][  0]LogInit: Selected Device Profile: [Windows]
[2014.09.22-16.14.23:201][  0]LogInit: Applying CVar settings loaded from the selected device profile: [Windows]
[2014.09.22-16.14.23:209][  0]LogInit: Computer: RSIVALICE
[2014.09.22-16.14.23:209][  0]LogInit: User: ryanw
[2014.09.22-16.14.23:210][  0]LogInit: CPU Page size=4096, Cores=2
[2014.09.22-16.14.23:210][  0]LogInit: High frequency timer resolution =2.338448 MHz
[2014.09.22-16.14.23:210][  0]LogMemory: Memory total: Physical=3.8GB (4GB approx) Virtual=131072.0GB
[2014.09.22-16.14.23:211][  0]LogMemory: Platform Memory Stats for Windows
[2014.09.22-16.14.23:211][  0]LogMemory: Process Physical Memory: 52.51 MB used, 52.51 MB peak
[2014.09.22-16.14.23:211][  0]LogMemory: Process Virtual Memory: 29.53 MB used, 29.53 MB peak
[2014.09.22-16.14.23:211][  0]LogMemory: Physical Memory: 3418.18 MB used, 3941.41 MB total
[2014.09.22-16.14.23:211][  0]LogMemory: Virtual Memory: 254.58 MB used, 134217728.00 MB total
[2014.09.22-16.14.23:231][  0]LogD3D11RHI: Found D3D11 adapter 0: Intel(R) HD Graphics (Feature Level 10_0)
[2014.09.22-16.14.23:231][  0]LogD3D11RHI: Adapter has 32MB of dedicated video memory, 0MB of dedicated system memory, and 1632MB of shared system memory, 1 output[s]
[2014.09.22-16.14.23:233][  0]LogD3D11RHI: Found D3D11 adapter 1: Microsoft Basic Render Driver (Feature Level 11_0)
[2014.09.22-16.14.23:233][  0]LogD3D11RHI: Adapter has 0MB of dedicated video memory, 0MB of dedicated system memory, and 256MB of shared system memory, 0 output[s]
[2014.09.22-16.14.23:233][  0]LogD3D11RHI: Chosen D3D11 Adapter Id = 0
[2014.09.22-16.14.23:240][  0]LogRHI: Texture pool is 593 MB (70% of 848 MB)
[2014.09.22-16.14.23:243][  0]LogD3D11RHI: Async texture creation enabled
[2014.09.22-16.14.23:463][  0]LogContentStreaming: Texture pool size is 0.000000MB
[2014.09.22-16.14.24:669][  0]LogTargetPlatformManager:Display: Building Assets For Windows
[2014.09.22-16.14.24:784][  0]LogTargetPlatformManager:Display: Building Assets For Windows
[2014.09.22-16.14.24:826][  0]LogDerivedDataCache:Display: Max Cache Size: 512 MB
[2014.09.22-16.14.25:506][  0]LogDerivedDataCache: Loaded boot cache 0.57s 34MB C:/Users/ryanw/AppData/Local/UnrealEngine/4.2/DerivedDataCache/Boot.ddc.
[2014.09.22-16.14.25:506][  0]LogDerivedDataCache:Display: Loaded Boot cache: C:/Users/ryanw/AppData/Local/UnrealEngine/4.2/DerivedDataCache/Boot.ddc
[2014.09.22-16.14.25:506][  0]LogDerivedDataCache: FDerivedDataBackendGraph:  Pak pak cache file ../../../../../../Users/ryanw/Documents/GitHub/Space_Vines/MyProject/DerivedDataCache/DDC.ddp not found, will not use a pak cache.
[2014.09.22-16.14.25:506][  0]LogDerivedDataCache: Unable to find inner node Pak for hierarchical cache Hierarchy.
[2014.09.22-16.14.25:522][  0]LogDerivedDataCache:Display: Pak cache opened for reading ../../../Engine/DerivedDataCache/DDC.ddp.
[2014.09.22-16.14.25:535][  0]LogDerivedDataCache: Using Local data cache path C:/Users/ryanw/AppData/Local/UnrealEngine/4.2/DerivedDataCache: Writable
[2014.09.22-16.14.25:755][  0]LogMeshUtilities: No automatic mesh reduction module available
[2014.09.22-16.14.25:755][  0]LogMeshUtilities: No automatic mesh merging module available
[2014.09.22-16.14.26:223][  0]LogInit: WinSock: version 1.1 (2.2), MaxSocks=32767, MaxUdp=65467
[2014.09.22-16.14.53:172][  0]LogStreaming:Warning: Failed to read file '../../../Engine/Content/Editor/Slate/Icons/ActorIcons/GroupActor_16x.png' error.
[2014.09.22-16.14.53:201][  0]LogSlate: Could not find file for Slate resource: ../../../Engine/Content/Editor/Slate/Icons/ActorIcons/GroupActor_16x.png
[2014.09.22-16.14.53:476][  0]LogStreaming:Warning: Failed to read file '../../../Engine/Content/Editor/Slate/Icons/ActorIcons/DecalActor_16x.png' error.
[2014.09.22-16.14.53:476][  0]LogSlate: Could not find file for Slate resource: ../../../Engine/Content/Editor/Slate/Icons/ActorIcons/DecalActor_16x.png
[2014.09.22-16.15.03:505][  0]UdpMessaging: Initializing bridge on interface 0.0.0.0:0 to multicast group 230.0.0.1:6666.
[2014.09.22-16.15.04:210][  0]SourceControl: Info Source control is disabled
[2014.09.22-16.15.04:237][  0]SourceControl: Info Source control is disabled
[2014.09.22-16.15.04:259][  0]SourceControl: Info Source control is disabled
[2014.09.22-16.15.06:458][  0]BlueprintLog: New page: Editor Load
[2014.09.22-16.15.07:783][  0]LogObj: 19136 objects as part of root set at end of initial load.
[2014.09.22-16.15.07:784][  0]LogUObjectAllocator: 3804648 out of 0 bytes used by permanent object pool.
[2014.09.22-16.15.09:083][  0]LogAutomationTest:Warning: Smoke tests took > 1s to run: 1.05s
[2014.09.22-16.15.09:144][  0]LogEngine: Initializing Engine...
[2014.09.22-16.15.10:242][  0]LogInit: XAudio2 using 'Speakers (Realtek High Definition Audio)' : 2 channels at 48 kHz using 32 bits per sample (channel mask 0x3)
[2014.09.22-16.15.10:840][  0]LogInit: FAudioDevice initialized.
[2014.09.22-16.15.11:764][  0]LogDerivedDataCache: Saved boot cache 0.04s 34MB C:/Users/ryanw/AppData/Local/UnrealEngine/4.2/DerivedDataCache/Boot.ddc.
[2014.09.22-16.15.12:063][  0]LogInit: Texture streaming: Enabled
[2014.09.22-16.15.12:517][  0]LogInit: Transaction tracking system initialized
[2014.09.22-16.15.13:627][  0]LogAssetRegistry: FAssetRegistry took 0.0144 seconds to start up
[2014.09.22-16.15.17:318][  0]LogModuleManager:Warning: ModuleManager: Unable to load module '' because the file was not found.
[2014.09.22-16.15.17:329][  0]LogModuleManager:Warning: ModuleManager: Unable to load module '' because the file was not found.
[2014.09.22-16.15.18:271][  0]LogConsoleResponse:Display: 
[2014.09.22-16.15.25:560][  0]SourceControl: Info Source control is disabled
[2014.09.22-16.15.25:664][  0]Cmd: MAP LOAD FILE="../../../../../../Users/ryanw/Documents/GitHub/Space_Vines/MyProject/Content/Maps/Example_Map.umap" TEMPLATE=0 SHOWPROGRESS=1 WORLDCOMPOSITION=0
[2014.09.22-16.15.25:686][  0]LightingResults: New page: Lighting Build
[2014.09.22-16.15.25:862][  0]MapCheck: New page: Map Check
[2014.09.22-16.15.25:862][  0]LightingResults: New page: Lighting Build
[2014.09.22-16.15.26:589][  0]LogParticles: Destroying 0 GPU particle simulations for FXSystem 0x000000C519E34180
[2014.09.22-16.15.33:055][  0]LogEditorServer: Finished looking for orphan Actors (0.001 secs)
[2014.09.22-16.15.33:187][  0]Cmd: MAP CHECKDEP
[2014.09.22-16.15.33:188][  0]MapCheck: New page: Example_Map - Sep 22, 2014, 8:15:33 AM
[2014.09.22-16.15.33:305][  0]MapCheck: Info ========== Map Check: 0 Error(s), 0 Warning(s), [116.376ms] ==========
[2014.09.22-16.15.33:305][  0]LogFileHelpers: Loading map 'Example_Map' took 7.681
[2014.09.22-16.15.35:671][  0]LogCollectionManager: Loaded 0 collections in 0.002163 seconds
[2014.09.22-16.15.36:069][  0]LogContentBrowser:Verbose: The content browser source was changed by the sources view to '/Game'
[2014.09.22-16.15.37:327][  0]LogCrashTracker: Crashtracker disabled due to settings.
[2014.09.22-16.15.37:428][  0]Cmd: MODE PLACEMENT
[2014.09.22-16.15.38:177][  0]LogLoad: Full Startup: 76.21 seconds (BP compile: 0.56 seconds)
[2014.09.22-16.15.41:277][  0]LogRenderer:Warning: Reallocating scene render targets to support 808x584.
[2014.09.22-16.15.44:151][  1]LogEpicStorage:Warning: EnumerateFiles request failed. Invalid response. code=403 error=<?xml version="1.0" encoding="UTF-8"?>
<Error><Code>AccessDenied</Code><Message>Access Denied</Message><RequestId>4108F6C2A9106256</RequestId><HostId>fqGduXj8Oceqo3FN8bghkeQUWYIXX0tCt/SdFe+0bb6tpywnZyBYo/qTTuK9+5cR8aCrkwyDgws=</HostId></Error>
[2014.09.22-16.15.47:524][  2]LogEpicSurvey:Warning: EnumerateFiles request failed. Invalid response. code=403 error=<?xml version="1.0" encoding="UTF-8"?>
<Error><Code>AccessDenied</Code><Message>Access Denied</Message><RequestId>1851D3E7EC68F121</RequestId><HostId>1wiFY16B0rQT+O52tXIcbv1E3OGOH2UIAU4rVM6325ewDzInuZmpmGtMErpISR5s</HostId></Error>
[2014.09.22-16.15.47:653][  3]LogEpicStorage:Warning: EnumerateFiles request failed. Invalid response. code=403 error=<?xml version="1.0" encoding="UTF-8"?>
<Error><Code>AccessDenied</Code><Message>Access Denied</Message><RequestId>AB8FE48EED645569</RequestId><HostId>qCI46mj8mEB5OsW78SpTFGK1Cf1V5wycdi+xz8SUhh8lPgGkw+2crTUUTRixETZa</HostId></Error>
[2014.09.22-16.15.47:673][  3]LogAssetRegistry: Asset discovery search completed in 34.0598 seconds
[2014.09.22-16.15.47:830][  4]LogEpicSurvey:Warning: EnumerateFiles request failed. Invalid response. code=403 error=<?xml version="1.0" encoding="UTF-8"?>
<Error><Code>AccessDenied</Code><Message>Access Denied</Message><RequestId>31DB35B9BDBA0D75</RequestId><HostId>yXIfMVctAlQCxskXW0Ub7qj022BGkanCzM2zcXp0Yw6rfcLqLL++4eJeo5s1ds1/</HostId></Error>
[2014.09.22-16.15.48:963][  7]LogEpicStorage:Warning: ReadFile request failed. File request already pending for filename=http://cdn.unrealengine.com/newsfeed/blueprint_icon_b.png
[2014.09.22-16.15.49:559][  7]LogEpicStorage:Warning: ReadFile request failed. File request already pending for filename=http://cdn.unrealengine.com/newsfeed/blueprint_icon_b.png
[2014.09.22-16.16.04:725][561]Cmd: MAP LOAD FILE="C:/Users/ryanw/Documents/GitHub/Space_Vines/MyProject/Content/Maps/sacrifice.umap" TEMPLATE=0 SHOWPROGRESS=1 WORLDCOMPOSITION=0
[2014.09.22-16.16.04:838][561]LightingResults: New page: Lighting Build
[2014.09.22-16.16.04:908][561]Cmd: MODE PLACEMENT
[2014.09.22-16.16.05:045][561]LoadErrors: New page: Loading map: sacrifice.umap
[2014.09.22-16.16.05:201][561]MapCheck: New page: Map Check
[2014.09.22-16.16.05:201][561]LightingResults: New page: Lighting Build
[2014.09.22-16.16.05:437][561]LogParticles: Destroying 0 GPU particle simulations for FXSystem 0x000000C5169DE160
[2014.09.22-16.16.33:247][561]LogMaterial:Warning: Material /Game/lore.lore needed to have new flag set bUsedWithStaticLighting !
[2014.09.22-16.16.33:410][561]LogMaterial: Missing cached shader map for material lore, compiling.
[2014.09.22-16.16.33:510][561]LogMaterial: 0.000417 seconds spent updating 1 materials, 1 interfaces, 0 instances, 0 with static permutations.
[2014.09.22-16.16.33:650][561]LogEditorServer: Finished looking for orphan Actors (0.000 secs)
[2014.09.22-16.16.33:678][561]Cmd: MAP CHECKDEP
[2014.09.22-16.16.33:678][561]MapCheck: New page: sacrifice - Sep 22, 2014, 8:16:33 AM
[2014.09.22-16.16.33:740][561]MapCheck: Info ========== Map Check: 0 Error(s), 0 Warning(s), [60.788ms] ==========
[2014.09.22-16.16.33:740][561]LogFileHelpers: Loading map 'sacrifice' took 29.014
[2014.09.22-16.18.36:146][497]Cmd: MAP LOAD FILE="../../../../../../Users/ryanw/Documents/GitHub/Space_Vines/MyProject/Content/Maps/sacrifice.umap" TEMPLATE=0 SHOWPROGRESS=1 WORLDCOMPOSITION=0
[2014.09.22-16.18.36:146][497]LightingResults: New page: Lighting Build
[2014.09.22-16.18.36:246][497]Cmd: MODE PLACEMENT
[2014.09.22-16.18.36:332][497]LoadErrors: New page: Loading map: sacrifice.umap
[2014.09.22-16.18.36:339][497]MapCheck: New page: Map Check
[2014.09.22-16.18.36:339][497]LightingResults: New page: Lighting Build
[2014.09.22-16.18.36:386][497]LogParticles: Destroying 0 GPU particle simulations for FXSystem 0x000000C5170EBF60
[2014.09.22-16.18.45:681][497]LogEditorServer: Finished looking for orphan Actors (0.000 secs)
[2014.09.22-16.18.45:855][497]Cmd: MAP CHECKDEP
[2014.09.22-16.18.45:855][497]MapCheck: New page: sacrifice - Sep 22, 2014, 8:18:45 AM
[2014.09.22-16.18.45:929][497]MapCheck: Info ========== Map Check: 0 Error(s), 0 Warning(s), [73.976ms] ==========
[2014.09.22-16.18.45:929][497]LogFileHelpers: Loading map 'sacrifice' took 9.784
[2014.09.22-16.18.50:192][532]Cmd: QUIT_EDITOR
[2014.09.22-16.18.50:931][532]LogWindowsTextInputMethodSystem:Error: Terminating failed while unadvising the language notification sink from the TSF source.
[2014.09.22-16.18.51:051][532]LogExit: Preparing to exit.
[2014.09.22-16.18.52:411][532]LogActorComponent: UnregisterComponent: (None.None) Not registered. Aborting.
[2014.09.22-16.18.52:411][532]LogActorComponent: UnregisterComponent: (None.None) Not registered. Aborting.
[2014.09.22-16.18.52:411][532]LogActorComponent: UnregisterComponent: (None.None) Not registered. Aborting.
[2014.09.22-16.18.52:411][532]LogActorComponent: UnregisterComponent: (None.None) Not registered. Aborting.
[2014.09.22-16.18.52:411][532]LogActorComponent: UnregisterComponent: (None.None) Not registered. Aborting.
[2014.09.22-16.18.52:411][532]LogActorComponent: UnregisterComponent: (None.None) Not registered. Aborting.
[2014.09.22-16.18.52:411][532]LogActorComponent: UnregisterComponent: (None.None) Not registered. Aborting.
[2014.09.22-16.18.52:411][532]LogActorComponent: UnregisterComponent: (None.None) Not registered. Aborting.
[2014.09.22-16.18.52:411][532]LogActorComponent: UnregisterComponent: (None.None) Not registered. Aborting.
[2014.09.22-16.18.52:411][532]LogActorComponent: UnregisterComponent: (None.None) Not registered. Aborting.
[2014.09.22-16.18.52:411][532]LogActorComponent: UnregisterComponent: (None.None) Not registered. Aborting.
[2014.09.22-16.18.52:411][532]LogActorComponent: UnregisterComponent: (None.None) Not registered. Aborting.
[2014.09.22-16.18.52:645][532]LogExit: Editor shut down
[2014.09.22-16.18.52:648][532]LogExit: Transaction tracking system shut down
[2014.09.22-16.18.52:668][532]LogParticles: Destroying 0 GPU particle simulations for FXSystem 0x000000C51714B2E0
[2014.09.22-16.18.52:669][532]LogParticles: Destroying 0 GPU particle simulations for FXSystem 0x000000C51714B060
[2014.09.22-16.18.52:673][532]LogParticles: Destroying 0 GPU particle simulations for FXSystem 0x000000C5169DE660
[2014.09.22-16.18.55:492][532]LogExit: Object subsystem successfully closed.
[2014.09.22-16.19.01:556][532]LogModuleManager: Shutting down and abandoning module DesktopPlatform (164)
[2014.09.22-16.19.01:779][532]LogModuleManager: Shutting down and abandoning module AndroidDeviceDetection (163)
[2014.09.22-16.19.01:819][532]LogModuleManager: Shutting down and abandoning module CrashTracker (162)
[2014.09.22-16.19.01:819][532]LogModuleManager: Shutting down and abandoning module HTTP (161)
[2014.09.22-16.19.01:819][532]LogModuleManager: Shutting down and abandoning module NewsFeed (160)
[2014.09.22-16.19.01:835][532]LogModuleManager: Shutting down and abandoning module SceneOutliner (159)
[2014.09.22-16.19.01:835][532]LogModuleManager: Shutting down and abandoning module EditorWidgets (158)
[2014.09.22-16.19.01:835][532]LogModuleManager: Shutting down and abandoning module CollectionManager (157)
[2014.09.22-16.19.01:870][532]LogModuleManager: Shutting down and abandoning module StatsViewer (156)
[2014.09.22-16.19.01:894][532]LogModuleManager: Shutting down and abandoning module FoliageEdit (155)
[2014.09.22-16.19.02:159][532]LogModuleManager: Shutting down and abandoning module LandscapeEditor (154)
[2014.09.22-16.19.02:291][532]LogModuleManager: Shutting down and abandoning module MeshPaint (153)
[2014.09.22-16.19.02:420][532]LogModuleManager: Shutting down and abandoning module ActorPickerMode (152)
[2014.09.22-16.19.02:500][532]LogModuleManager: Shutting down and abandoning module GeometryMode (151)
[2014.09.22-16.19.02:686][532]LogModuleManager: Shutting down and abandoning module TextureAlignMode (150)
[2014.09.22-16.19.02:700][532]LogModuleManager: Shutting down and abandoning module BspMode (149)
[2014.09.22-16.19.02:736][532]LogModuleManager: Shutting down and abandoning module PlacementMode (148)
[2014.09.22-16.19.02:737][532]LogModuleManager: Shutting down and abandoning module AutomationWorker (147)
[2014.09.22-16.19.02:737][532]LogModuleManager: Shutting down and abandoning module ViewportSnapping (146)
[2014.09.22-16.19.02:737][532]LogModuleManager: Shutting down and abandoning module DeviceProfileEditor (145)
[2014.09.22-16.19.02:737][532]LogModuleManager: Shutting down and abandoning module UndoHistory (144)
[2014.09.22-16.19.02:737][532]LogModuleManager: Shutting down and abandoning module GameplayTagsEditor (143)
[2014.09.22-16.19.02:737][532]LogModuleManager: Shutting down and abandoning module UserFeedback (142)
[2014.09.22-16.19.02:737][532]LogModuleManager: Shutting down and abandoning module XmlParser (141)
[2014.09.22-16.19.02:756][532]LogModuleManager: Shutting down and abandoning module Blutility (140)
[2014.09.22-16.19.02:756][532]LogModuleManager: Shutting down and abandoning module AndroidPlatformEditor (137)
[2014.09.22-16.19.02:756][532]LogModuleManager: Shutting down and abandoning module AndroidRuntimeSettings (136)
[2014.09.22-16.19.02:756][532]LogModuleManager: Shutting down and abandoning module ProjectSettingsViewer (135)
[2014.09.22-16.19.02:756][532]LogModuleManager: Shutting down and abandoning module InputBindingEditor (134)
[2014.09.22-16.19.02:869][532]LogModuleManager: Shutting down and abandoning module EditorSettingsViewer (133)
[2014.09.22-16.19.02:869][532]LogModuleManager: Shutting down and abandoning module SettingsEditor (132)
[2014.09.22-16.19.02:951][532]LogModuleManager: Shutting down and abandoning module SessionLauncher (131)
[2014.09.22-16.19.03:002][532]LogModuleManager: Shutting down and abandoning module SessionFrontend (130)
[2014.09.22-16.19.03:041][532]LogModuleManager: Shutting down and abandoning module ProfilerClient (129)
[2014.09.22-16.19.03:155][532]LogModuleManager: Shutting down and abandoning module TargetDeviceServices (128)
[2014.09.22-16.19.03:155][532]LogModuleManager: Shutting down and abandoning module DeviceManager (127)
[2014.09.22-16.19.03:240][532]LogModuleManager: Shutting down and abandoning module AutomationController (126)
[2014.09.22-16.19.03:250][532]LogModuleManager: Shutting down and abandoning module AutomationWindow (125)
[2014.09.22-16.19.03:417][532]LogModuleManager: Shutting down and abandoning module Layers (124)
[2014.09.22-16.19.03:500][532]LogModuleManager: Shutting down and abandoning module ComponentVisualizers (123)
[2014.09.22-16.19.03:521][532]LogModuleManager: Shutting down and abandoning module DetailCustomizations (122)
[2014.09.22-16.19.03:679][532]LogModuleManager: Shutting down and abandoning module PackagesDialog (121)
[2014.09.22-16.19.03:748][532]LogModuleManager: Shutting down and abandoning module PropertyEditor (120)
[2014.09.22-16.19.03:748][532]LogModuleManager: Shutting down and abandoning module DirectoryWatcher (119)
[2014.09.22-16.19.03:748][532]LogModuleManager: Shutting down and abandoning module AssetRegistry (118)
[2014.09.22-16.19.03:994][532]LogModuleManager: Shutting down and abandoning module Persona (117)
[2014.09.22-16.19.04:036][532]LogModuleManager: Shutting down and abandoning module GraphEditor (116)
[2014.09.22-16.19.04:817][532]LogModuleManager: Shutting down and abandoning module ContentBrowser (115)
[2014.09.22-16.19.04:817][532]LogModuleManager: Shutting down and abandoning module ClassViewer (114)
[2014.09.22-16.19.04:883][532]LogModuleManager: Shutting down and abandoning module Toolbox (113)
[2014.09.22-16.19.04:883][532]LogModuleManager: Shutting down and abandoning module ModuleUI (112)
[2014.09.22-16.19.04:895][532]LogModuleManager: Shutting down and abandoning module Sequencer (111)
[2014.09.22-16.19.04:987][532]LogModuleManager: Shutting down and abandoning module AssetTools (110)
[2014.09.22-16.19.05:050][532]LogModuleManager: Shutting down and abandoning module MovieSceneTools (109)
[2014.09.22-16.19.05:054][532]LogModuleManager: Shutting down and abandoning module OutputLog (108)
[2014.09.22-16.19.05:054][532]LogModuleManager: Shutting down and abandoning module GammaUI (107)
[2014.09.22-16.19.05:075][532]LogModuleManager: Shutting down and abandoning module Documentation (106)
[2014.09.22-16.19.05:075][532]LogModuleManager: Shutting down and abandoning module StreamingPauseRendering (105)
[2014.09.22-16.19.05:101][532]LogModuleManager: Shutting down and abandoning module AnalyticsET (104)
[2014.09.22-16.19.05:101][532]LogModuleManager: Shutting down and abandoning module Analytics (103)
[2014.09.22-16.19.05:101][532]LogModuleManager: Shutting down and abandoning module ProfilerService (102)
[2014.09.22-16.19.05:302][532]LogModuleManager: Shutting down and abandoning module TaskGraph (101)
[2014.09.22-16.19.05:515][532]LogModuleManager: Shutting down and abandoning module GameProjectGeneration (100)
[2014.09.22-16.19.05:515][532]LogModuleManager: Shutting down and abandoning module Matinee (99)
[2014.09.22-16.19.05:539][532]LogModuleManager: Shutting down and abandoning module Kismet (98)
[2014.09.22-16.19.05:718][532]LogModuleManager: Shutting down and abandoning module SlateReflector (97)
[2014.09.22-16.19.05:718][532]LogModuleManager: Shutting down and abandoning module LevelEditor (96)
[2014.09.22-16.19.05:919][532]LogModuleManager: Shutting down and abandoning module MainFrame (95)
[2014.09.22-16.19.05:929][532]LogModuleManager: Shutting down and abandoning module SourceControl (94)
[2014.09.22-16.19.05:929][532]LogModuleManager: Shutting down and abandoning module ImageWrapper (93)
[2014.09.22-16.19.05:929][532]LogModuleManager: Shutting down and abandoning module OnlineBlueprintSupport (92)
[2014.09.22-16.19.05:929][532]LogModuleManager: Shutting down and abandoning module FunctionalTesting (91)
[2014.09.22-16.19.05:960][532]LogModuleManager: Shutting down and abandoning module CollisionAnalyzer (90)
[2014.09.22-16.19.06:056][532]LogModuleManager: Shutting down and abandoning module WorkspaceMenuStructure (89)
[2014.09.22-16.19.06:056][532]LogModuleManager: Shutting down and abandoning module MessageLog (88)
[2014.09.22-16.19.06:056][532]LogModuleManager: Shutting down and abandoning module Slate (87)
[2014.09.22-16.19.06:056][532]LogModuleManager: Shutting down and abandoning module EditorStyle (86)
[2014.09.22-16.19.06:079][532]LogModuleManager: Shutting down and abandoning module SessionServices (85)
[2014.09.22-16.19.06:079][532]LogModuleManager: Shutting down and abandoning module Messaging (84)
[2014.09.22-16.19.06:079][532]LogModuleManager: Shutting down and abandoning module SourceCodeAccess (83)
[2014.09.22-16.19.06:079][532]LogModuleManager: Shutting down and abandoning module HeadMountedDisplay (82)
[2014.09.22-16.19.06:079][532]LogModuleManager: Shutting down and abandoning module XAudio2 (81)
[2014.09.22-16.19.06:079][532]LogModuleManager: Shutting down and abandoning module Networking (79)
[2014.09.22-16.19.06:079][532]LogModuleManager: Shutting down and abandoning module Core (78)
[2014.09.22-16.19.06:079][532]LogModuleManager: Shutting down and abandoning module KismetCompiler (77)
[2014.09.22-16.19.06:317][532]LogModuleManager: Shutting down and abandoning module PhysXFormats (76)
[2014.09.22-16.19.06:317][532]LogModuleManager: Shutting down and abandoning module SimplygonMeshReduction (75)
[2014.09.22-16.19.06:401][532]LogModuleManager: Shutting down and abandoning module MeshUtilities (74)
[2014.09.22-16.19.06:675][532]LogModuleManager: Shutting down and abandoning module DerivedDataCache (73)
[2014.09.22-16.19.21:522][532]LogDerivedDataCache: Shutdown
[2014.09.22-16.19.21:522][532]LogModuleManager: Shutting down and abandoning module ShaderFormatOpenGL (72)
[2014.09.22-16.19.21:778][532]LogModuleManager: Shutting down and abandoning module ShaderFormatD3D (71)
[2014.09.22-16.19.21:884][532]LogModuleManager: Shutting down and abandoning module TextureFormatUncompressed (70)
[2014.09.22-16.19.21:884][532]LogModuleManager: Shutting down and abandoning module TextureFormatPVR (69)
[2014.09.22-16.19.21:893][532]LogModuleManager: Shutting down and abandoning module TextureFormatDXT (68)
[2014.09.22-16.19.21:901][532]LogModuleManager: Shutting down and abandoning module TextureFormatAndroid (67)
[2014.09.22-16.19.21:901][532]LogModuleManager: Shutting down and abandoning module AudioFormatOpus (66)
[2014.09.22-16.19.21:903][532]LogModuleManager: Shutting down and abandoning module AudioFormatOgg (65)
[2014.09.22-16.19.22:035][532]LogModuleManager: Shutting down and abandoning module AudioFormatADPCM (64)
[2014.09.22-16.19.22:048][532]LogModuleManager: Shutting down and abandoning module Android_PVRTCTargetPlatform (63)
[2014.09.22-16.19.22:048][532]LogModuleManager: Shutting down and abandoning module Android_ETC2TargetPlatform (62)
[2014.09.22-16.19.22:049][532]LogModuleManager: Shutting down and abandoning module Android_ETC1TargetPlatform (61)
[2014.09.22-16.19.22:049][532]LogModuleManager: Shutting down and abandoning module Android_DXTTargetPlatform (60)
[2014.09.22-16.19.22:050][532]LogModuleManager: Shutting down and abandoning module Android_ATCTargetPlatform (59)
[2014.09.22-16.19.22:205][532]LogModuleManager: Shutting down and abandoning module AndroidTargetPlatform (58)
[2014.09.22-16.19.22:205][532]LogModuleManager: Shutting down and abandoning module WindowsTargetPlatform (57)
[2014.09.22-16.19.22:277][532]LogModuleManager: Shutting down and abandoning module WindowsServerTargetPlatform (56)
[2014.09.22-16.19.22:278][532]LogModuleManager: Shutting down and abandoning module WindowsNoEditorTargetPlatform (55)
[2014.09.22-16.19.22:380][532]LogModuleManager: Shutting down and abandoning module WindowsClientTargetPlatform (54)
[2014.09.22-16.19.22:380][532]LogModuleManager: Shutting down and abandoning module TargetPlatform (53)
[2014.09.22-16.19.22:396][532]LogModuleManager: Shutting down and abandoning module InputCore (52)
[2014.09.22-16.19.22:485][532]LogModuleManager: Shutting down and abandoning module Settings (51)
[2014.09.22-16.19.22:721][532]LogModuleManager: Shutting down and abandoning module TextureCompressor (48)
[2014.09.22-16.19.22:917][532]LogModuleManager: Shutting down and abandoning module ShaderCore (47)
[2014.09.22-16.19.22:926][532]LogModuleManager: Shutting down and abandoning module OpenGLDrv (46)
[2014.09.22-16.19.22:926][532]LogModuleManager: Shutting down and abandoning module D3D11RHI (45)
[2014.09.22-16.19.22:926][532]LogModuleManager: Shutting down and abandoning module SlateRHIRenderer (44)
[2014.09.22-16.19.22:926][532]LogModuleManager: Shutting down and abandoning module Renderer (43)
[2014.09.22-16.19.23:023][532]LogModuleManager: Shutting down and abandoning module Engine (42)
[2014.09.22-16.19.23:023][532]LogModuleManager: Shutting down and abandoning module SlateRemote (41)
[2014.09.22-16.19.23:023][532]LogModuleManager: Shutting down and abandoning module ScriptPlugin (40)
[2014.09.22-16.19.23:056][532]LogModuleManager: Shutting down and abandoning module ScriptEditorPlugin (38)
[2014.09.22-16.19.23:056][532]LogModuleManager: Shutting down and abandoning module WindowsMoviePlayer (37)
[2014.09.22-16.19.23:496][532]LogModuleManager: Shutting down and abandoning module ExampleDeviceProfileSelector (32)
[2014.09.22-16.19.23:570][532]LogModuleManager: Shutting down and abandoning module CustomMeshComponent (31)
[2014.09.22-16.19.23:570][532]LogModuleManager: Shutting down and abandoning module CableComponent (30)
[2014.09.22-16.19.23:570][532]LogModuleManager: Shutting down and abandoning module OculusRift (26)
[2014.09.22-16.19.23:606][532]LogModuleManager: Shutting down and abandoning module UdpMessaging (25)
[2014.09.22-16.19.23:707][532]LogModuleManager: Shutting down and abandoning module MessagingDebugger (24)
[2014.09.22-16.19.23:852][532]LogModuleManager: Shutting down and abandoning module PluginsEditor (14)
[2014.09.22-16.19.23:899][532]LogModuleManager: Shutting down and abandoning module IntroTutorials (13)
[2014.09.22-16.19.24:013][532]LogModuleManager: Shutting down and abandoning module EpicSurvey (12)
[2014.09.22-16.19.24:049][532]LogModuleManager: Shutting down and abandoning module VisualStudioSourceCodeAccess (10)
[2014.09.22-16.19.24:049][532]LogModuleManager: Shutting down and abandoning module UObjectPlugin (9)
[2014.09.22-16.19.24:049][532]LogModuleManager: Shutting down and abandoning module SubversionSourceControl (8)
[2014.09.22-16.19.24:057][532]LogModuleManager: Shutting down and abandoning module PerforceSourceControl (7)
[2014.09.22-16.19.24:135][532]LogModuleManager: Shutting down and abandoning module BlankPlugin (6)
[2014.09.22-16.19.24:135][532]LogModuleManager: Shutting down and abandoning module CoreUObject (5)
[2014.09.22-16.19.24:135][532]LogModuleManager: Shutting down and abandoning module NetworkFile (4)
[2014.09.22-16.19.24:226][532]LogModuleManager: Shutting down and abandoning module StreamingFile (3)
[2014.09.22-16.19.24:345][532]LogModuleManager: Shutting down and abandoning module SandboxFile (2)
[2014.09.22-16.19.24:444][532]LogModuleManager: Shutting down and abandoning module PakFile (1)
[2014.09.22-16.19.24:758][532]LogExit: Exiting.
[2014.09.22-16.19.27:136][532]Log file closed, 09/22/14 12:19:27
